[0.019s] Invoking command in '/home/jmj/dream_ws/build/autoware_map_msgs': CMAKE_PREFIX_PATH=${CMAKE_PREFIX_PATH}:/home/jmj/dream_ws/install/dream:/opt/ros/humble /usr/bin/cmake --build /home/jmj/dream_ws/build/autoware_map_msgs -- -j20 -l20
[0.079s] [  0%] Built target autoware_map_msgs__cpp
[0.083s] [ 12%] Built target autoware_map_msgs__rosidl_generator_c
[0.096s] [ 12%] Built target ament_cmake_python_copy_autoware_map_msgs
[0.144s] [ 24%] Built target autoware_map_msgs__rosidl_typesupport_cpp
[0.146s] [ 36%] Built target autoware_map_msgs__rosidl_typesupport_c
[0.146s] [ 48%] Built target autoware_map_msgs__rosidl_typesupport_fastrtps_cpp
[0.146s] [ 60%] Built target autoware_map_msgs__rosidl_typesupport_introspection_c
[0.148s] [ 72%] Built target autoware_map_msgs__rosidl_typesupport_introspection_cpp
[0.151s] [ 84%] Built target autoware_map_msgs__rosidl_typesupport_fastrtps_c
[0.181s] [ 84%] Built target autoware_map_msgs
[0.203s] [ 85%] Built target autoware_map_msgs__py
[0.238s] [ 96%] Built target autoware_map_msgs__rosidl_generator_py
[0.261s] [ 98%] Built target autoware_map_msgs__rosidl_typesupport_introspection_c__pyext
[0.261s] [ 99%] Built target autoware_map_msgs__rosidl_typesupport_c__pyext
[0.261s] [100%] Built target autoware_map_msgs__rosidl_typesupport_fastrtps_c__pyext
[0.347s] running egg_info
[0.348s] writing autoware_map_msgs.egg-info/PKG-INFO
[0.348s] writing dependency_links to autoware_map_msgs.egg-info/dependency_links.txt
[0.348s] writing top-level names to autoware_map_msgs.egg-info/top_level.txt
[0.352s] reading manifest file 'autoware_map_msgs.egg-info/SOURCES.txt'
[0.358s] writing manifest file 'autoware_map_msgs.egg-info/SOURCES.txt'
[0.375s] [100%] Built target ament_cmake_python_build_autoware_map_msgs_egg
[0.386s] Invoked command in '/home/jmj/dream_ws/build/autoware_map_msgs' returned '0': CMAKE_PREFIX_PATH=${CMAKE_PREFIX_PATH}:/home/jmj/dream_ws/install/dream:/opt/ros/humble /usr/bin/cmake --build /home/jmj/dream_ws/build/autoware_map_msgs -- -j20 -l20
[0.389s] Invoking command in '/home/jmj/dream_ws/build/autoware_map_msgs': CMAKE_PREFIX_PATH=${CMAKE_PREFIX_PATH}:/home/jmj/dream_ws/install/dream:/opt/ros/humble /usr/bin/cmake --install /home/jmj/dream_ws/build/autoware_map_msgs
[0.400s] -- Install configuration: ""
[0.400s] -- Up-to-date: /home/jmj/dream_ws/install/autoware_map_msgs/share/ament_index/resource_index/rosidl_interfaces/autoware_map_msgs
[0.400s] -- Up-to-date: /home/jmj/dream_ws/install/autoware_map_msgs/include/autoware_map_msgs/autoware_map_msgs
[0.400s] -- Up-to-date: /home/jmj/dream_ws/install/autoware_map_msgs/include/autoware_map_msgs/autoware_map_msgs/srv
[0.400s] -- Up-to-date: /home/jmj/dream_ws/install/autoware_map_msgs/include/autoware_map_msgs/autoware_map_msgs/srv/get_selected_point_cloud_map.h
[0.400s] -- Up-to-date: /home/jmj/dream_ws/install/autoware_map_msgs/include/autoware_map_msgs/autoware_map_msgs/srv/get_selected_lanelet2_map.h
[0.400s] -- Up-to-date: /home/jmj/dream_ws/install/autoware_map_msgs/include/autoware_map_msgs/autoware_map_msgs/srv/detail
[0.400s] -- Up-to-date: /home/jmj/dream_ws/install/autoware_map_msgs/include/autoware_map_msgs/autoware_map_msgs/srv/detail/get_selected_point_cloud_map__functions.h
[0.400s] -- Up-to-date: /home/jmj/dream_ws/install/autoware_map_msgs/include/autoware_map_msgs/autoware_map_msgs/srv/detail/get_selected_point_cloud_map__struct.h
[0.400s] -- Up-to-date: /home/jmj/dream_ws/install/autoware_map_msgs/include/autoware_map_msgs/autoware_map_msgs/srv/detail/get_partial_point_cloud_map__functions.c
[0.400s] -- Up-to-date: /home/jmj/dream_ws/install/autoware_map_msgs/include/autoware_map_msgs/autoware_map_msgs/srv/detail/get_selected_point_cloud_map__functions.c
[0.400s] -- Up-to-date: /home/jmj/dream_ws/install/autoware_map_msgs/include/autoware_map_msgs/autoware_map_msgs/srv/detail/get_differential_point_cloud_map__functions.h
[0.400s] -- Up-to-date: /home/jmj/dream_ws/install/autoware_map_msgs/include/autoware_map_msgs/autoware_map_msgs/srv/detail/get_selected_lanelet2_map__functions.h
[0.400s] -- Up-to-date: /home/jmj/dream_ws/install/autoware_map_msgs/include/autoware_map_msgs/autoware_map_msgs/srv/detail/get_differential_point_cloud_map__struct.h
[0.400s] -- Up-to-date: /home/jmj/dream_ws/install/autoware_map_msgs/include/autoware_map_msgs/autoware_map_msgs/srv/detail/get_selected_lanelet2_map__type_support.h
[0.400s] -- Up-to-date: /home/jmj/dream_ws/install/autoware_map_msgs/include/autoware_map_msgs/autoware_map_msgs/srv/detail/get_differential_point_cloud_map__functions.c
[0.401s] -- Up-to-date: /home/jmj/dream_ws/install/autoware_map_msgs/include/autoware_map_msgs/autoware_map_msgs/srv/detail/get_partial_point_cloud_map__functions.h
[0.401s] -- Up-to-date: /home/jmj/dream_ws/install/autoware_map_msgs/include/autoware_map_msgs/autoware_map_msgs/srv/detail/get_selected_lanelet2_map__struct.h
[0.401s] -- Up-to-date: /home/jmj/dream_ws/install/autoware_map_msgs/include/autoware_map_msgs/autoware_map_msgs/srv/detail/get_selected_lanelet2_map__functions.c
[0.401s] -- Up-to-date: /home/jmj/dream_ws/install/autoware_map_msgs/include/autoware_map_msgs/autoware_map_msgs/srv/detail/get_differential_point_cloud_map__type_support.h
[0.401s] -- Up-to-date: /home/jmj/dream_ws/install/autoware_map_msgs/include/autoware_map_msgs/autoware_map_msgs/srv/detail/get_partial_point_cloud_map__struct.h
[0.401s] -- Up-to-date: /home/jmj/dream_ws/install/autoware_map_msgs/include/autoware_map_msgs/autoware_map_msgs/srv/detail/get_partial_point_cloud_map__type_support.h
[0.401s] -- Up-to-date: /home/jmj/dream_ws/install/autoware_map_msgs/include/autoware_map_msgs/autoware_map_msgs/srv/detail/get_selected_point_cloud_map__type_support.h
[0.401s] -- Up-to-date: /home/jmj/dream_ws/install/autoware_map_msgs/include/autoware_map_msgs/autoware_map_msgs/srv/get_differential_point_cloud_map.h
[0.401s] -- Up-to-date: /home/jmj/dream_ws/install/autoware_map_msgs/include/autoware_map_msgs/autoware_map_msgs/srv/get_partial_point_cloud_map.h
[0.401s] -- Up-to-date: /home/jmj/dream_ws/install/autoware_map_msgs/include/autoware_map_msgs/autoware_map_msgs/msg
[0.401s] -- Up-to-date: /home/jmj/dream_ws/install/autoware_map_msgs/include/autoware_map_msgs/autoware_map_msgs/msg/area_info.h
[0.401s] -- Up-to-date: /home/jmj/dream_ws/install/autoware_map_msgs/include/autoware_map_msgs/autoware_map_msgs/msg/rosidl_generator_c__visibility_control.h
[0.401s] -- Up-to-date: /home/jmj/dream_ws/install/autoware_map_msgs/include/autoware_map_msgs/autoware_map_msgs/msg/point_cloud_map_cell_with_id.h
[0.401s] -- Up-to-date: /home/jmj/dream_ws/install/autoware_map_msgs/include/autoware_map_msgs/autoware_map_msgs/msg/detail
[0.401s] -- Up-to-date: /home/jmj/dream_ws/install/autoware_map_msgs/include/autoware_map_msgs/autoware_map_msgs/msg/detail/lanelet_map_meta_data__functions.c
[0.401s] -- Up-to-date: /home/jmj/dream_ws/install/autoware_map_msgs/include/autoware_map_msgs/autoware_map_msgs/msg/detail/map_projector_info__functions.h
[0.401s] -- Up-to-date: /home/jmj/dream_ws/install/autoware_map_msgs/include/autoware_map_msgs/autoware_map_msgs/msg/detail/point_cloud_map_meta_data__functions.h
[0.401s] -- Up-to-date: /home/jmj/dream_ws/install/autoware_map_msgs/include/autoware_map_msgs/autoware_map_msgs/msg/detail/area_info__struct.h
[0.401s] -- Up-to-date: /home/jmj/dream_ws/install/autoware_map_msgs/include/autoware_map_msgs/autoware_map_msgs/msg/detail/lanelet_map_cell_meta_data__functions.c
[0.401s] -- Up-to-date: /home/jmj/dream_ws/install/autoware_map_msgs/include/autoware_map_msgs/autoware_map_msgs/msg/detail/lanelet_map_meta_data__struct.h
[0.401s] -- Up-to-date: /home/jmj/dream_ws/install/autoware_map_msgs/include/autoware_map_msgs/autoware_map_msgs/msg/detail/point_cloud_map_meta_data__type_support.h
[0.401s] -- Up-to-date: /home/jmj/dream_ws/install/autoware_map_msgs/include/autoware_map_msgs/autoware_map_msgs/msg/detail/map_projector_info__type_support.h
[0.401s] -- Up-to-date: /home/jmj/dream_ws/install/autoware_map_msgs/include/autoware_map_msgs/autoware_map_msgs/msg/detail/point_cloud_map_cell_with_id__functions.c
[0.401s] -- Up-to-date: /home/jmj/dream_ws/install/autoware_map_msgs/include/autoware_map_msgs/autoware_map_msgs/msg/detail/point_cloud_map_meta_data__functions.c
[0.401s] -- Up-to-date: /home/jmj/dream_ws/install/autoware_map_msgs/include/autoware_map_msgs/autoware_map_msgs/msg/detail/point_cloud_map_cell_meta_data_with_id__functions.h
[0.401s] -- Up-to-date: /home/jmj/dream_ws/install/autoware_map_msgs/include/autoware_map_msgs/autoware_map_msgs/msg/detail/point_cloud_map_cell_meta_data__struct.h
[0.401s] -- Up-to-date: /home/jmj/dream_ws/install/autoware_map_msgs/include/autoware_map_msgs/autoware_map_msgs/msg/detail/lanelet_map_meta_data__functions.h
[0.401s] -- Up-to-date: /home/jmj/dream_ws/install/autoware_map_msgs/include/autoware_map_msgs/autoware_map_msgs/msg/detail/point_cloud_map_cell_meta_data__functions.h
[0.401s] -- Up-to-date: /home/jmj/dream_ws/install/autoware_map_msgs/include/autoware_map_msgs/autoware_map_msgs/msg/detail/lanelet_map_bin__functions.h
[0.402s] -- Up-to-date: /home/jmj/dream_ws/install/autoware_map_msgs/include/autoware_map_msgs/autoware_map_msgs/msg/detail/point_cloud_map_cell_meta_data__type_support.h
[0.402s] -- Up-to-date: /home/jmj/dream_ws/install/autoware_map_msgs/include/autoware_map_msgs/autoware_map_msgs/msg/detail/point_cloud_map_cell_meta_data_with_id__functions.c
[0.402s] -- Up-to-date: /home/jmj/dream_ws/install/autoware_map_msgs/include/autoware_map_msgs/autoware_map_msgs/msg/detail/point_cloud_map_cell_meta_data_with_id__type_support.h
[0.402s] -- Up-to-date: /home/jmj/dream_ws/install/autoware_map_msgs/include/autoware_map_msgs/autoware_map_msgs/msg/detail/lanelet_map_cell_meta_data__functions.h
[0.402s] -- Up-to-date: /home/jmj/dream_ws/install/autoware_map_msgs/include/autoware_map_msgs/autoware_map_msgs/msg/detail/lanelet_map_bin__type_support.h
[0.402s] -- Up-to-date: /home/jmj/dream_ws/install/autoware_map_msgs/include/autoware_map_msgs/autoware_map_msgs/msg/detail/point_cloud_map_meta_data__struct.h
[0.402s] -- Up-to-date: /home/jmj/dream_ws/install/autoware_map_msgs/include/autoware_map_msgs/autoware_map_msgs/msg/detail/point_cloud_map_cell_with_id__functions.h
[0.402s] -- Up-to-date: /home/jmj/dream_ws/install/autoware_map_msgs/include/autoware_map_msgs/autoware_map_msgs/msg/detail/area_info__functions.c
[0.402s] -- Up-to-date: /home/jmj/dream_ws/install/autoware_map_msgs/include/autoware_map_msgs/autoware_map_msgs/msg/detail/point_cloud_map_cell_meta_data_with_id__struct.h
[0.402s] -- Up-to-date: /home/jmj/dream_ws/install/autoware_map_msgs/include/autoware_map_msgs/autoware_map_msgs/msg/detail/lanelet_map_bin__functions.c
[0.402s] -- Up-to-date: /home/jmj/dream_ws/install/autoware_map_msgs/include/autoware_map_msgs/autoware_map_msgs/msg/detail/lanelet_map_cell_meta_data__type_support.h
[0.402s] -- Up-to-date: /home/jmj/dream_ws/install/autoware_map_msgs/include/autoware_map_msgs/autoware_map_msgs/msg/detail/point_cloud_map_cell_with_id__type_support.h
[0.402s] -- Up-to-date: /home/jmj/dream_ws/install/autoware_map_msgs/include/autoware_map_msgs/autoware_map_msgs/msg/detail/map_projector_info__struct.h
[0.402s] -- Up-to-date: /home/jmj/dream_ws/install/autoware_map_msgs/include/autoware_map_msgs/autoware_map_msgs/msg/detail/lanelet_map_meta_data__type_support.h
[0.402s] -- Up-to-date: /home/jmj/dream_ws/install/autoware_map_msgs/include/autoware_map_msgs/autoware_map_msgs/msg/detail/map_projector_info__functions.c
[0.403s] -- Up-to-date: /home/jmj/dream_ws/install/autoware_map_msgs/include/autoware_map_msgs/autoware_map_msgs/msg/detail/area_info__functions.h
[0.403s] -- Up-to-date: /home/jmj/dream_ws/install/autoware_map_msgs/include/autoware_map_msgs/autoware_map_msgs/msg/detail/point_cloud_map_cell_meta_data__functions.c
[0.403s] -- Up-to-date: /home/jmj/dream_ws/install/autoware_map_msgs/include/autoware_map_msgs/autoware_map_msgs/msg/detail/lanelet_map_bin__struct.h
[0.403s] -- Up-to-date: /home/jmj/dream_ws/install/autoware_map_msgs/include/autoware_map_msgs/autoware_map_msgs/msg/detail/lanelet_map_cell_meta_data__struct.h
[0.403s] -- Up-to-date: /home/jmj/dream_ws/install/autoware_map_msgs/include/autoware_map_msgs/autoware_map_msgs/msg/detail/area_info__type_support.h
[0.403s] -- Up-to-date: /home/jmj/dream_ws/install/autoware_map_msgs/include/autoware_map_msgs/autoware_map_msgs/msg/detail/point_cloud_map_cell_with_id__struct.h
[0.403s] -- Up-to-date: /home/jmj/dream_ws/install/autoware_map_msgs/include/autoware_map_msgs/autoware_map_msgs/msg/lanelet_map_cell_meta_data.h
[0.403s] -- Up-to-date: /home/jmj/dream_ws/install/autoware_map_msgs/include/autoware_map_msgs/autoware_map_msgs/msg/lanelet_map_bin.h
[0.403s] -- Up-to-date: /home/jmj/dream_ws/install/autoware_map_msgs/include/autoware_map_msgs/autoware_map_msgs/msg/point_cloud_map_cell_meta_data.h
[0.403s] -- Up-to-date: /home/jmj/dream_ws/install/autoware_map_msgs/include/autoware_map_msgs/autoware_map_msgs/msg/point_cloud_map_cell_meta_data_with_id.h
[0.403s] -- Up-to-date: /home/jmj/dream_ws/install/autoware_map_msgs/include/autoware_map_msgs/autoware_map_msgs/msg/lanelet_map_meta_data.h
[0.403s] -- Up-to-date: /home/jmj/dream_ws/install/autoware_map_msgs/include/autoware_map_msgs/autoware_map_msgs/msg/map_projector_info.h
[0.403s] -- Up-to-date: /home/jmj/dream_ws/install/autoware_map_msgs/include/autoware_map_msgs/autoware_map_msgs/msg/point_cloud_map_meta_data.h
[0.404s] -- Up-to-date: /home/jmj/dream_ws/install/autoware_map_msgs/share/autoware_map_msgs/environment/library_path.sh
[0.404s] -- Up-to-date: /home/jmj/dream_ws/install/autoware_map_msgs/share/autoware_map_msgs/environment/library_path.dsv
[0.404s] -- Up-to-date: /home/jmj/dream_ws/install/autoware_map_msgs/lib/libautoware_map_msgs__rosidl_generator_c.so
[0.404s] -- Up-to-date: /home/jmj/dream_ws/install/autoware_map_msgs/include/autoware_map_msgs/autoware_map_msgs
[0.404s] -- Up-to-date: /home/jmj/dream_ws/install/autoware_map_msgs/include/autoware_map_msgs/autoware_map_msgs/srv
[0.404s] -- Up-to-date: /home/jmj/dream_ws/install/autoware_map_msgs/include/autoware_map_msgs/autoware_map_msgs/srv/detail
[0.404s] -- Up-to-date: /home/jmj/dream_ws/install/autoware_map_msgs/include/autoware_map_msgs/autoware_map_msgs/srv/detail/get_partial_point_cloud_map__rosidl_typesupport_fastrtps_c.h
[0.404s] -- Up-to-date: /home/jmj/dream_ws/install/autoware_map_msgs/include/autoware_map_msgs/autoware_map_msgs/srv/detail/get_selected_point_cloud_map__rosidl_typesupport_fastrtps_c.h
[0.404s] -- Up-to-date: /home/jmj/dream_ws/install/autoware_map_msgs/include/autoware_map_msgs/autoware_map_msgs/srv/detail/get_selected_lanelet2_map__rosidl_typesupport_fastrtps_c.h
[0.404s] -- Up-to-date: /home/jmj/dream_ws/install/autoware_map_msgs/include/autoware_map_msgs/autoware_map_msgs/srv/detail/get_differential_point_cloud_map__rosidl_typesupport_fastrtps_c.h
[0.404s] -- Up-to-date: /home/jmj/dream_ws/install/autoware_map_msgs/include/autoware_map_msgs/autoware_map_msgs/msg
[0.404s] -- Up-to-date: /home/jmj/dream_ws/install/autoware_map_msgs/include/autoware_map_msgs/autoware_map_msgs/msg/detail
[0.404s] -- Up-to-date: /home/jmj/dream_ws/install/autoware_map_msgs/include/autoware_map_msgs/autoware_map_msgs/msg/detail/map_projector_info__rosidl_typesupport_fastrtps_c.h
[0.405s] -- Up-to-date: /home/jmj/dream_ws/install/autoware_map_msgs/include/autoware_map_msgs/autoware_map_msgs/msg/detail/lanelet_map_bin__rosidl_typesupport_fastrtps_c.h
[0.405s] -- Up-to-date: /home/jmj/dream_ws/install/autoware_map_msgs/include/autoware_map_msgs/autoware_map_msgs/msg/detail/lanelet_map_meta_data__rosidl_typesupport_fastrtps_c.h
[0.405s] -- Up-to-date: /home/jmj/dream_ws/install/autoware_map_msgs/include/autoware_map_msgs/autoware_map_msgs/msg/detail/point_cloud_map_cell_meta_data_with_id__rosidl_typesupport_fastrtps_c.h
[0.405s] -- Up-to-date: /home/jmj/dream_ws/install/autoware_map_msgs/include/autoware_map_msgs/autoware_map_msgs/msg/detail/point_cloud_map_meta_data__rosidl_typesupport_fastrtps_c.h
[0.405s] -- Up-to-date: /home/jmj/dream_ws/install/autoware_map_msgs/include/autoware_map_msgs/autoware_map_msgs/msg/detail/lanelet_map_cell_meta_data__rosidl_typesupport_fastrtps_c.h
[0.405s] -- Up-to-date: /home/jmj/dream_ws/install/autoware_map_msgs/include/autoware_map_msgs/autoware_map_msgs/msg/detail/area_info__rosidl_typesupport_fastrtps_c.h
[0.406s] -- Up-to-date: /home/jmj/dream_ws/install/autoware_map_msgs/include/autoware_map_msgs/autoware_map_msgs/msg/detail/point_cloud_map_cell_meta_data__rosidl_typesupport_fastrtps_c.h
[0.406s] -- Up-to-date: /home/jmj/dream_ws/install/autoware_map_msgs/include/autoware_map_msgs/autoware_map_msgs/msg/detail/point_cloud_map_cell_with_id__rosidl_typesupport_fastrtps_c.h
[0.406s] -- Up-to-date: /home/jmj/dream_ws/install/autoware_map_msgs/include/autoware_map_msgs/autoware_map_msgs/msg/rosidl_typesupport_fastrtps_c__visibility_control.h
[0.406s] -- Up-to-date: /home/jmj/dream_ws/install/autoware_map_msgs/lib/libautoware_map_msgs__rosidl_typesupport_fastrtps_c.so
[0.406s] -- Up-to-date: /home/jmj/dream_ws/install/autoware_map_msgs/include/autoware_map_msgs/autoware_map_msgs
[0.406s] -- Up-to-date: /home/jmj/dream_ws/install/autoware_map_msgs/include/autoware_map_msgs/autoware_map_msgs/srv
[0.406s] -- Up-to-date: /home/jmj/dream_ws/install/autoware_map_msgs/include/autoware_map_msgs/autoware_map_msgs/srv/detail
[0.406s] -- Up-to-date: /home/jmj/dream_ws/install/autoware_map_msgs/include/autoware_map_msgs/autoware_map_msgs/srv/detail/get_differential_point_cloud_map__type_support.hpp
[0.406s] -- Up-to-date: /home/jmj/dream_ws/install/autoware_map_msgs/include/autoware_map_msgs/autoware_map_msgs/srv/detail/get_selected_lanelet2_map__type_support.hpp
[0.406s] -- Up-to-date: /home/jmj/dream_ws/install/autoware_map_msgs/include/autoware_map_msgs/autoware_map_msgs/srv/detail/get_partial_point_cloud_map__type_support.hpp
[0.406s] -- Up-to-date: /home/jmj/dream_ws/install/autoware_map_msgs/include/autoware_map_msgs/autoware_map_msgs/srv/detail/get_selected_lanelet2_map__builder.hpp
[0.406s] -- Up-to-date: /home/jmj/dream_ws/install/autoware_map_msgs/include/autoware_map_msgs/autoware_map_msgs/srv/detail/get_selected_lanelet2_map__struct.hpp
[0.406s] -- Up-to-date: /home/jmj/dream_ws/install/autoware_map_msgs/include/autoware_map_msgs/autoware_map_msgs/srv/detail/get_partial_point_cloud_map__struct.hpp
[0.406s] -- Up-to-date: /home/jmj/dream_ws/install/autoware_map_msgs/include/autoware_map_msgs/autoware_map_msgs/srv/detail/get_selected_point_cloud_map__type_support.hpp
[0.406s] -- Up-to-date: /home/jmj/dream_ws/install/autoware_map_msgs/include/autoware_map_msgs/autoware_map_msgs/srv/detail/get_selected_point_cloud_map__builder.hpp
[0.406s] -- Up-to-date: /home/jmj/dream_ws/install/autoware_map_msgs/include/autoware_map_msgs/autoware_map_msgs/srv/detail/get_differential_point_cloud_map__struct.hpp
[0.406s] -- Up-to-date: /home/jmj/dream_ws/install/autoware_map_msgs/include/autoware_map_msgs/autoware_map_msgs/srv/detail/get_selected_point_cloud_map__struct.hpp
[0.406s] -- Up-to-date: /home/jmj/dream_ws/install/autoware_map_msgs/include/autoware_map_msgs/autoware_map_msgs/srv/detail/get_differential_point_cloud_map__traits.hpp
[0.406s] -- Up-to-date: /home/jmj/dream_ws/install/autoware_map_msgs/include/autoware_map_msgs/autoware_map_msgs/srv/detail/get_selected_lanelet2_map__traits.hpp
[0.406s] -- Up-to-date: /home/jmj/dream_ws/install/autoware_map_msgs/include/autoware_map_msgs/autoware_map_msgs/srv/detail/get_partial_point_cloud_map__builder.hpp
[0.406s] -- Up-to-date: /home/jmj/dream_ws/install/autoware_map_msgs/include/autoware_map_msgs/autoware_map_msgs/srv/detail/get_partial_point_cloud_map__traits.hpp
[0.406s] -- Up-to-date: /home/jmj/dream_ws/install/autoware_map_msgs/include/autoware_map_msgs/autoware_map_msgs/srv/detail/get_selected_point_cloud_map__traits.hpp
[0.406s] -- Up-to-date: /home/jmj/dream_ws/install/autoware_map_msgs/include/autoware_map_msgs/autoware_map_msgs/srv/detail/get_differential_point_cloud_map__builder.hpp
[0.406s] -- Up-to-date: /home/jmj/dream_ws/install/autoware_map_msgs/include/autoware_map_msgs/autoware_map_msgs/srv/get_selected_lanelet2_map.hpp
[0.406s] -- Up-to-date: /home/jmj/dream_ws/install/autoware_map_msgs/include/autoware_map_msgs/autoware_map_msgs/srv/get_selected_point_cloud_map.hpp
[0.406s] -- Up-to-date: /home/jmj/dream_ws/install/autoware_map_msgs/include/autoware_map_msgs/autoware_map_msgs/srv/get_differential_point_cloud_map.hpp
[0.407s] -- Up-to-date: /home/jmj/dream_ws/install/autoware_map_msgs/include/autoware_map_msgs/autoware_map_msgs/srv/get_partial_point_cloud_map.hpp
[0.407s] -- Up-to-date: /home/jmj/dream_ws/install/autoware_map_msgs/include/autoware_map_msgs/autoware_map_msgs/msg
[0.407s] -- Up-to-date: /home/jmj/dream_ws/install/autoware_map_msgs/include/autoware_map_msgs/autoware_map_msgs/msg/point_cloud_map_meta_data.hpp
[0.407s] -- Up-to-date: /home/jmj/dream_ws/install/autoware_map_msgs/include/autoware_map_msgs/autoware_map_msgs/msg/point_cloud_map_cell_with_id.hpp
[0.407s] -- Up-to-date: /home/jmj/dream_ws/install/autoware_map_msgs/include/autoware_map_msgs/autoware_map_msgs/msg/point_cloud_map_cell_meta_data_with_id.hpp
[0.407s] -- Up-to-date: /home/jmj/dream_ws/install/autoware_map_msgs/include/autoware_map_msgs/autoware_map_msgs/msg/lanelet_map_meta_data.hpp
[0.407s] -- Up-to-date: /home/jmj/dream_ws/install/autoware_map_msgs/include/autoware_map_msgs/autoware_map_msgs/msg/detail
[0.407s] -- Up-to-date: /home/jmj/dream_ws/install/autoware_map_msgs/include/autoware_map_msgs/autoware_map_msgs/msg/detail/lanelet_map_bin__builder.hpp
[0.407s] -- Up-to-date: /home/jmj/dream_ws/install/autoware_map_msgs/include/autoware_map_msgs/autoware_map_msgs/msg/detail/area_info__struct.hpp
[0.407s] -- Up-to-date: /home/jmj/dream_ws/install/autoware_map_msgs/include/autoware_map_msgs/autoware_map_msgs/msg/detail/lanelet_map_meta_data__traits.hpp
[0.407s] -- Up-to-date: /home/jmj/dream_ws/install/autoware_map_msgs/include/autoware_map_msgs/autoware_map_msgs/msg/detail/lanelet_map_meta_data__builder.hpp
[0.407s] -- Up-to-date: /home/jmj/dream_ws/install/autoware_map_msgs/include/autoware_map_msgs/autoware_map_msgs/msg/detail/map_projector_info__builder.hpp
[0.407s] -- Up-to-date: /home/jmj/dream_ws/install/autoware_map_msgs/include/autoware_map_msgs/autoware_map_msgs/msg/detail/point_cloud_map_cell_meta_data_with_id__traits.hpp
[0.407s] -- Up-to-date: /home/jmj/dream_ws/install/autoware_map_msgs/include/autoware_map_msgs/autoware_map_msgs/msg/detail/point_cloud_map_cell_with_id__traits.hpp
[0.407s] -- Up-to-date: /home/jmj/dream_ws/install/autoware_map_msgs/include/autoware_map_msgs/autoware_map_msgs/msg/detail/point_cloud_map_meta_data__struct.hpp
[0.407s] -- Up-to-date: /home/jmj/dream_ws/install/autoware_map_msgs/include/autoware_map_msgs/autoware_map_msgs/msg/detail/lanelet_map_meta_data__type_support.hpp
[0.407s] -- Up-to-date: /home/jmj/dream_ws/install/autoware_map_msgs/include/autoware_map_msgs/autoware_map_msgs/msg/detail/point_cloud_map_cell_with_id__struct.hpp
[0.407s] -- Up-to-date: /home/jmj/dream_ws/install/autoware_map_msgs/include/autoware_map_msgs/autoware_map_msgs/msg/detail/point_cloud_map_cell_meta_data__builder.hpp
[0.407s] -- Up-to-date: /home/jmj/dream_ws/install/autoware_map_msgs/include/autoware_map_msgs/autoware_map_msgs/msg/detail/lanelet_map_cell_meta_data__traits.hpp
[0.407s] -- Up-to-date: /home/jmj/dream_ws/install/autoware_map_msgs/include/autoware_map_msgs/autoware_map_msgs/msg/detail/lanelet_map_cell_meta_data__struct.hpp
[0.407s] -- Up-to-date: /home/jmj/dream_ws/install/autoware_map_msgs/include/autoware_map_msgs/autoware_map_msgs/msg/detail/lanelet_map_bin__type_support.hpp
[0.407s] -- Up-to-date: /home/jmj/dream_ws/install/autoware_map_msgs/include/autoware_map_msgs/autoware_map_msgs/msg/detail/map_projector_info__struct.hpp
[0.407s] -- Up-to-date: /home/jmj/dream_ws/install/autoware_map_msgs/include/autoware_map_msgs/autoware_map_msgs/msg/detail/point_cloud_map_meta_data__traits.hpp
[0.407s] -- Up-to-date: /home/jmj/dream_ws/install/autoware_map_msgs/include/autoware_map_msgs/autoware_map_msgs/msg/detail/point_cloud_map_cell_meta_data__traits.hpp
[0.407s] -- Up-to-date: /home/jmj/dream_ws/install/autoware_map_msgs/include/autoware_map_msgs/autoware_map_msgs/msg/detail/map_projector_info__type_support.hpp
[0.407s] -- Up-to-date: /home/jmj/dream_ws/install/autoware_map_msgs/include/autoware_map_msgs/autoware_map_msgs/msg/detail/area_info__builder.hpp
[0.407s] -- Up-to-date: /home/jmj/dream_ws/install/autoware_map_msgs/include/autoware_map_msgs/autoware_map_msgs/msg/detail/lanelet_map_cell_meta_data__type_support.hpp
[0.407s] -- Up-to-date: /home/jmj/dream_ws/install/autoware_map_msgs/include/autoware_map_msgs/autoware_map_msgs/msg/detail/lanelet_map_bin__struct.hpp
[0.408s] -- Up-to-date: /home/jmj/dream_ws/install/autoware_map_msgs/include/autoware_map_msgs/autoware_map_msgs/msg/detail/point_cloud_map_cell_meta_data_with_id__struct.hpp
[0.408s] -- Up-to-date: /home/jmj/dream_ws/install/autoware_map_msgs/include/autoware_map_msgs/autoware_map_msgs/msg/detail/point_cloud_map_meta_data__type_support.hpp
[0.408s] -- Up-to-date: /home/jmj/dream_ws/install/autoware_map_msgs/include/autoware_map_msgs/autoware_map_msgs/msg/detail/lanelet_map_bin__traits.hpp
[0.408s] -- Up-to-date: /home/jmj/dream_ws/install/autoware_map_msgs/include/autoware_map_msgs/autoware_map_msgs/msg/detail/area_info__type_support.hpp
[0.408s] -- Up-to-date: /home/jmj/dream_ws/install/autoware_map_msgs/include/autoware_map_msgs/autoware_map_msgs/msg/detail/point_cloud_map_cell_with_id__type_support.hpp
[0.408s] -- Up-to-date: /home/jmj/dream_ws/install/autoware_map_msgs/include/autoware_map_msgs/autoware_map_msgs/msg/detail/point_cloud_map_cell_meta_data__struct.hpp
[0.408s] -- Up-to-date: /home/jmj/dream_ws/install/autoware_map_msgs/include/autoware_map_msgs/autoware_map_msgs/msg/detail/lanelet_map_cell_meta_data__builder.hpp
[0.408s] -- Up-to-date: /home/jmj/dream_ws/install/autoware_map_msgs/include/autoware_map_msgs/autoware_map_msgs/msg/detail/lanelet_map_meta_data__struct.hpp
[0.408s] -- Up-to-date: /home/jmj/dream_ws/install/autoware_map_msgs/include/autoware_map_msgs/autoware_map_msgs/msg/detail/area_info__traits.hpp
[0.408s] -- Up-to-date: /home/jmj/dream_ws/install/autoware_map_msgs/include/autoware_map_msgs/autoware_map_msgs/msg/detail/point_cloud_map_cell_meta_data_with_id__type_support.hpp
[0.408s] -- Up-to-date: /home/jmj/dream_ws/install/autoware_map_msgs/include/autoware_map_msgs/autoware_map_msgs/msg/detail/point_cloud_map_cell_meta_data__type_support.hpp
[0.408s] -- Up-to-date: /home/jmj/dream_ws/install/autoware_map_msgs/include/autoware_map_msgs/autoware_map_msgs/msg/detail/point_cloud_map_cell_with_id__builder.hpp
[0.408s] -- Up-to-date: /home/jmj/dream_ws/install/autoware_map_msgs/include/autoware_map_msgs/autoware_map_msgs/msg/detail/point_cloud_map_meta_data__builder.hpp
[0.408s] -- Up-to-date: /home/jmj/dream_ws/install/autoware_map_msgs/include/autoware_map_msgs/autoware_map_msgs/msg/detail/point_cloud_map_cell_meta_data_with_id__builder.hpp
[0.408s] -- Up-to-date: /home/jmj/dream_ws/install/autoware_map_msgs/include/autoware_map_msgs/autoware_map_msgs/msg/detail/map_projector_info__traits.hpp
[0.408s] -- Up-to-date: /home/jmj/dream_ws/install/autoware_map_msgs/include/autoware_map_msgs/autoware_map_msgs/msg/point_cloud_map_cell_meta_data.hpp
[0.408s] -- Up-to-date: /home/jmj/dream_ws/install/autoware_map_msgs/include/autoware_map_msgs/autoware_map_msgs/msg/map_projector_info.hpp
[0.408s] -- Up-to-date: /home/jmj/dream_ws/install/autoware_map_msgs/include/autoware_map_msgs/autoware_map_msgs/msg/lanelet_map_cell_meta_data.hpp
[0.408s] -- Up-to-date: /home/jmj/dream_ws/install/autoware_map_msgs/include/autoware_map_msgs/autoware_map_msgs/msg/area_info.hpp
[0.408s] -- Up-to-date: /home/jmj/dream_ws/install/autoware_map_msgs/include/autoware_map_msgs/autoware_map_msgs/msg/rosidl_generator_cpp__visibility_control.hpp
[0.408s] -- Up-to-date: /home/jmj/dream_ws/install/autoware_map_msgs/include/autoware_map_msgs/autoware_map_msgs/msg/lanelet_map_bin.hpp
[0.408s] -- Up-to-date: /home/jmj/dream_ws/install/autoware_map_msgs/include/autoware_map_msgs/autoware_map_msgs
[0.408s] -- Up-to-date: /home/jmj/dream_ws/install/autoware_map_msgs/include/autoware_map_msgs/autoware_map_msgs/srv
[0.408s] -- Up-to-date: /home/jmj/dream_ws/install/autoware_map_msgs/include/autoware_map_msgs/autoware_map_msgs/srv/detail
[0.408s] -- Up-to-date: /home/jmj/dream_ws/install/autoware_map_msgs/include/autoware_map_msgs/autoware_map_msgs/srv/detail/dds_fastrtps
[0.408s] -- Up-to-date: /home/jmj/dream_ws/install/autoware_map_msgs/include/autoware_map_msgs/autoware_map_msgs/srv/detail/get_selected_point_cloud_map__rosidl_typesupport_fastrtps_cpp.hpp
[0.408s] -- Up-to-date: /home/jmj/dream_ws/install/autoware_map_msgs/include/autoware_map_msgs/autoware_map_msgs/srv/detail/get_differential_point_cloud_map__rosidl_typesupport_fastrtps_cpp.hpp
[0.408s] -- Up-to-date: /home/jmj/dream_ws/install/autoware_map_msgs/include/autoware_map_msgs/autoware_map_msgs/srv/detail/get_partial_point_cloud_map__rosidl_typesupport_fastrtps_cpp.hpp
[0.408s] -- Up-to-date: /home/jmj/dream_ws/install/autoware_map_msgs/include/autoware_map_msgs/autoware_map_msgs/srv/detail/get_selected_lanelet2_map__rosidl_typesupport_fastrtps_cpp.hpp
[0.408s] -- Up-to-date: /home/jmj/dream_ws/install/autoware_map_msgs/include/autoware_map_msgs/autoware_map_msgs/msg
[0.408s] -- Up-to-date: /home/jmj/dream_ws/install/autoware_map_msgs/include/autoware_map_msgs/autoware_map_msgs/msg/detail
[0.409s] -- Up-to-date: /home/jmj/dream_ws/install/autoware_map_msgs/include/autoware_map_msgs/autoware_map_msgs/msg/detail/dds_fastrtps
[0.409s] -- Up-to-date: /home/jmj/dream_ws/install/autoware_map_msgs/include/autoware_map_msgs/autoware_map_msgs/msg/detail/point_cloud_map_meta_data__rosidl_typesupport_fastrtps_cpp.hpp
[0.409s] -- Up-to-date: /home/jmj/dream_ws/install/autoware_map_msgs/include/autoware_map_msgs/autoware_map_msgs/msg/detail/point_cloud_map_cell_with_id__rosidl_typesupport_fastrtps_cpp.hpp
[0.409s] -- Up-to-date: /home/jmj/dream_ws/install/autoware_map_msgs/include/autoware_map_msgs/autoware_map_msgs/msg/detail/point_cloud_map_cell_meta_data_with_id__rosidl_typesupport_fastrtps_cpp.hpp
[0.409s] -- Up-to-date: /home/jmj/dream_ws/install/autoware_map_msgs/include/autoware_map_msgs/autoware_map_msgs/msg/detail/map_projector_info__rosidl_typesupport_fastrtps_cpp.hpp
[0.409s] -- Up-to-date: /home/jmj/dream_ws/install/autoware_map_msgs/include/autoware_map_msgs/autoware_map_msgs/msg/detail/lanelet_map_cell_meta_data__rosidl_typesupport_fastrtps_cpp.hpp
[0.409s] -- Up-to-date: /home/jmj/dream_ws/install/autoware_map_msgs/include/autoware_map_msgs/autoware_map_msgs/msg/detail/point_cloud_map_cell_meta_data__rosidl_typesupport_fastrtps_cpp.hpp
[0.409s] -- Up-to-date: /home/jmj/dream_ws/install/autoware_map_msgs/include/autoware_map_msgs/autoware_map_msgs/msg/detail/lanelet_map_meta_data__rosidl_typesupport_fastrtps_cpp.hpp
[0.409s] -- Up-to-date: /home/jmj/dream_ws/install/autoware_map_msgs/include/autoware_map_msgs/autoware_map_msgs/msg/detail/area_info__rosidl_typesupport_fastrtps_cpp.hpp
[0.409s] -- Up-to-date: /home/jmj/dream_ws/install/autoware_map_msgs/include/autoware_map_msgs/autoware_map_msgs/msg/detail/lanelet_map_bin__rosidl_typesupport_fastrtps_cpp.hpp
[0.409s] -- Up-to-date: /home/jmj/dream_ws/install/autoware_map_msgs/include/autoware_map_msgs/autoware_map_msgs/msg/rosidl_typesupport_fastrtps_cpp__visibility_control.h
[0.409s] -- Up-to-date: /home/jmj/dream_ws/install/autoware_map_msgs/lib/libautoware_map_msgs__rosidl_typesupport_fastrtps_cpp.so
[0.409s] -- Up-to-date: /home/jmj/dream_ws/install/autoware_map_msgs/include/autoware_map_msgs/autoware_map_msgs
[0.409s] -- Up-to-date: /home/jmj/dream_ws/install/autoware_map_msgs/include/autoware_map_msgs/autoware_map_msgs/srv
[0.409s] -- Up-to-date: /home/jmj/dream_ws/install/autoware_map_msgs/include/autoware_map_msgs/autoware_map_msgs/srv/detail
[0.409s] -- Up-to-date: /home/jmj/dream_ws/install/autoware_map_msgs/include/autoware_map_msgs/autoware_map_msgs/srv/detail/get_differential_point_cloud_map__rosidl_typesupport_introspection_c.h
[0.409s] -- Up-to-date: /home/jmj/dream_ws/install/autoware_map_msgs/include/autoware_map_msgs/autoware_map_msgs/srv/detail/get_partial_point_cloud_map__rosidl_typesupport_introspection_c.h
[0.409s] -- Up-to-date: /home/jmj/dream_ws/install/autoware_map_msgs/include/autoware_map_msgs/autoware_map_msgs/srv/detail/get_selected_point_cloud_map__type_support.c
[0.409s] -- Up-to-date: /home/jmj/dream_ws/install/autoware_map_msgs/include/autoware_map_msgs/autoware_map_msgs/srv/detail/get_differential_point_cloud_map__type_support.c
[0.409s] -- Up-to-date: /home/jmj/dream_ws/install/autoware_map_msgs/include/autoware_map_msgs/autoware_map_msgs/srv/detail/get_selected_lanelet2_map__rosidl_typesupport_introspection_c.h
[0.409s] -- Up-to-date: /home/jmj/dream_ws/install/autoware_map_msgs/include/autoware_map_msgs/autoware_map_msgs/srv/detail/get_selected_lanelet2_map__type_support.c
[0.409s] -- Up-to-date: /home/jmj/dream_ws/install/autoware_map_msgs/include/autoware_map_msgs/autoware_map_msgs/srv/detail/get_partial_point_cloud_map__type_support.c
[0.410s] -- Up-to-date: /home/jmj/dream_ws/install/autoware_map_msgs/include/autoware_map_msgs/autoware_map_msgs/srv/detail/get_selected_point_cloud_map__rosidl_typesupport_introspection_c.h
[0.410s] -- Up-to-date: /home/jmj/dream_ws/install/autoware_map_msgs/include/autoware_map_msgs/autoware_map_msgs/msg
[0.410s] -- Up-to-date: /home/jmj/dream_ws/install/autoware_map_msgs/include/autoware_map_msgs/autoware_map_msgs/msg/detail
[0.410s] -- Up-to-date: /home/jmj/dream_ws/install/autoware_map_msgs/include/autoware_map_msgs/autoware_map_msgs/msg/detail/point_cloud_map_cell_with_id__type_support.c
[0.410s] -- Up-to-date: /home/jmj/dream_ws/install/autoware_map_msgs/include/autoware_map_msgs/autoware_map_msgs/msg/detail/point_cloud_map_meta_data__type_support.c
[0.410s] -- Up-to-date: /home/jmj/dream_ws/install/autoware_map_msgs/include/autoware_map_msgs/autoware_map_msgs/msg/detail/lanelet_map_meta_data__type_support.c
[0.410s] -- Up-to-date: /home/jmj/dream_ws/install/autoware_map_msgs/include/autoware_map_msgs/autoware_map_msgs/msg/detail/point_cloud_map_cell_with_id__rosidl_typesupport_introspection_c.h
[0.410s] -- Up-to-date: /home/jmj/dream_ws/install/autoware_map_msgs/include/autoware_map_msgs/autoware_map_msgs/msg/detail/lanelet_map_bin__rosidl_typesupport_introspection_c.h
[0.410s] -- Up-to-date: /home/jmj/dream_ws/install/autoware_map_msgs/include/autoware_map_msgs/autoware_map_msgs/msg/detail/point_cloud_map_cell_meta_data__type_support.c
[0.410s] -- Up-to-date: /home/jmj/dream_ws/install/autoware_map_msgs/include/autoware_map_msgs/autoware_map_msgs/msg/detail/lanelet_map_bin__type_support.c
[0.410s] -- Up-to-date: /home/jmj/dream_ws/install/autoware_map_msgs/include/autoware_map_msgs/autoware_map_msgs/msg/detail/area_info__type_support.c
[0.410s] -- Up-to-date: /home/jmj/dream_ws/install/autoware_map_msgs/include/autoware_map_msgs/autoware_map_msgs/msg/detail/point_cloud_map_cell_meta_data__rosidl_typesupport_introspection_c.h
[0.410s] -- Up-to-date: /home/jmj/dream_ws/install/autoware_map_msgs/include/autoware_map_msgs/autoware_map_msgs/msg/detail/point_cloud_map_cell_meta_data_with_id__rosidl_typesupport_introspection_c.h
[0.410s] -- Up-to-date: /home/jmj/dream_ws/install/autoware_map_msgs/include/autoware_map_msgs/autoware_map_msgs/msg/detail/point_cloud_map_cell_meta_data_with_id__type_support.c
[0.410s] -- Up-to-date: /home/jmj/dream_ws/install/autoware_map_msgs/include/autoware_map_msgs/autoware_map_msgs/msg/detail/map_projector_info__rosidl_typesupport_introspection_c.h
[0.410s] -- Up-to-date: /home/jmj/dream_ws/install/autoware_map_msgs/include/autoware_map_msgs/autoware_map_msgs/msg/detail/lanelet_map_cell_meta_data__rosidl_typesupport_introspection_c.h
[0.410s] -- Up-to-date: /home/jmj/dream_ws/install/autoware_map_msgs/include/autoware_map_msgs/autoware_map_msgs/msg/detail/point_cloud_map_meta_data__rosidl_typesupport_introspection_c.h
[0.410s] -- Up-to-date: /home/jmj/dream_ws/install/autoware_map_msgs/include/autoware_map_msgs/autoware_map_msgs/msg/detail/area_info__rosidl_typesupport_introspection_c.h
[0.410s] -- Up-to-date: /home/jmj/dream_ws/install/autoware_map_msgs/include/autoware_map_msgs/autoware_map_msgs/msg/detail/map_projector_info__type_support.c
[0.410s] -- Up-to-date: /home/jmj/dream_ws/install/autoware_map_msgs/include/autoware_map_msgs/autoware_map_msgs/msg/detail/lanelet_map_meta_data__rosidl_typesupport_introspection_c.h
[0.411s] -- Up-to-date: /home/jmj/dream_ws/install/autoware_map_msgs/include/autoware_map_msgs/autoware_map_msgs/msg/detail/lanelet_map_cell_meta_data__type_support.c
[0.411s] -- Up-to-date: /home/jmj/dream_ws/install/autoware_map_msgs/include/autoware_map_msgs/autoware_map_msgs/msg/rosidl_typesupport_introspection_c__visibility_control.h
[0.411s] -- Up-to-date: /home/jmj/dream_ws/install/autoware_map_msgs/lib/libautoware_map_msgs__rosidl_typesupport_introspection_c.so
[0.411s] -- Up-to-date: /home/jmj/dream_ws/install/autoware_map_msgs/lib/libautoware_map_msgs__rosidl_typesupport_c.so
[0.411s] -- Up-to-date: /home/jmj/dream_ws/install/autoware_map_msgs/include/autoware_map_msgs/autoware_map_msgs
[0.411s] -- Up-to-date: /home/jmj/dream_ws/install/autoware_map_msgs/include/autoware_map_msgs/autoware_map_msgs/srv
[0.411s] -- Up-to-date: /home/jmj/dream_ws/install/autoware_map_msgs/include/autoware_map_msgs/autoware_map_msgs/srv/detail
[0.411s] -- Up-to-date: /home/jmj/dream_ws/install/autoware_map_msgs/include/autoware_map_msgs/autoware_map_msgs/srv/detail/get_differential_point_cloud_map__rosidl_typesupport_introspection_cpp.hpp
[0.411s] -- Up-to-date: /home/jmj/dream_ws/install/autoware_map_msgs/include/autoware_map_msgs/autoware_map_msgs/srv/detail/get_partial_point_cloud_map__rosidl_typesupport_introspection_cpp.hpp
[0.411s] -- Up-to-date: /home/jmj/dream_ws/install/autoware_map_msgs/include/autoware_map_msgs/autoware_map_msgs/srv/detail/get_differential_point_cloud_map__type_support.cpp
[0.411s] -- Up-to-date: /home/jmj/dream_ws/install/autoware_map_msgs/include/autoware_map_msgs/autoware_map_msgs/srv/detail/get_partial_point_cloud_map__type_support.cpp
[0.411s] -- Up-to-date: /home/jmj/dream_ws/install/autoware_map_msgs/include/autoware_map_msgs/autoware_map_msgs/srv/detail/get_selected_point_cloud_map__rosidl_typesupport_introspection_cpp.hpp
[0.411s] -- Up-to-date: /home/jmj/dream_ws/install/autoware_map_msgs/include/autoware_map_msgs/autoware_map_msgs/srv/detail/get_selected_lanelet2_map__rosidl_typesupport_introspection_cpp.hpp
[0.412s] -- Up-to-date: /home/jmj/dream_ws/install/autoware_map_msgs/include/autoware_map_msgs/autoware_map_msgs/srv/detail/get_selected_lanelet2_map__type_support.cpp
[0.412s] -- Up-to-date: /home/jmj/dream_ws/install/autoware_map_msgs/include/autoware_map_msgs/autoware_map_msgs/srv/detail/get_selected_point_cloud_map__type_support.cpp
[0.412s] -- Up-to-date: /home/jmj/dream_ws/install/autoware_map_msgs/include/autoware_map_msgs/autoware_map_msgs/msg
[0.413s] -- Up-to-date: /home/jmj/dream_ws/install/autoware_map_msgs/include/autoware_map_msgs/autoware_map_msgs/msg/detail
[0.413s] -- Up-to-date: /home/jmj/dream_ws/install/autoware_map_msgs/include/autoware_map_msgs/autoware_map_msgs/msg/detail/lanelet_map_meta_data__type_support.cpp
[0.413s] -- Up-to-date: /home/jmj/dream_ws/install/autoware_map_msgs/include/autoware_map_msgs/autoware_map_msgs/msg/detail/point_cloud_map_meta_data__type_support.cpp
[0.413s] -- Up-to-date: /home/jmj/dream_ws/install/autoware_map_msgs/include/autoware_map_msgs/autoware_map_msgs/msg/detail/map_projector_info__rosidl_typesupport_introspection_cpp.hpp
[0.413s] -- Up-to-date: /home/jmj/dream_ws/install/autoware_map_msgs/include/autoware_map_msgs/autoware_map_msgs/msg/detail/lanelet_map_bin__type_support.cpp
[0.413s] -- Up-to-date: /home/jmj/dream_ws/install/autoware_map_msgs/include/autoware_map_msgs/autoware_map_msgs/msg/detail/lanelet_map_cell_meta_data__rosidl_typesupport_introspection_cpp.hpp
[0.413s] -- Up-to-date: /home/jmj/dream_ws/install/autoware_map_msgs/include/autoware_map_msgs/autoware_map_msgs/msg/detail/point_cloud_map_meta_data__rosidl_typesupport_introspection_cpp.hpp
[0.413s] -- Up-to-date: /home/jmj/dream_ws/install/autoware_map_msgs/include/autoware_map_msgs/autoware_map_msgs/msg/detail/point_cloud_map_cell_with_id__rosidl_typesupport_introspection_cpp.hpp
[0.413s] -- Up-to-date: /home/jmj/dream_ws/install/autoware_map_msgs/include/autoware_map_msgs/autoware_map_msgs/msg/detail/point_cloud_map_cell_meta_data_with_id__rosidl_typesupport_introspection_cpp.hpp
[0.413s] -- Up-to-date: /home/jmj/dream_ws/install/autoware_map_msgs/include/autoware_map_msgs/autoware_map_msgs/msg/detail/point_cloud_map_cell_meta_data__type_support.cpp
[0.413s] -- Up-to-date: /home/jmj/dream_ws/install/autoware_map_msgs/include/autoware_map_msgs/autoware_map_msgs/msg/detail/point_cloud_map_cell_meta_data__rosidl_typesupport_introspection_cpp.hpp
[0.413s] -- Up-to-date: /home/jmj/dream_ws/install/autoware_map_msgs/include/autoware_map_msgs/autoware_map_msgs/msg/detail/point_cloud_map_cell_with_id__type_support.cpp
[0.413s] -- Up-to-date: /home/jmj/dream_ws/install/autoware_map_msgs/include/autoware_map_msgs/autoware_map_msgs/msg/detail/lanelet_map_bin__rosidl_typesupport_introspection_cpp.hpp
[0.413s] -- Up-to-date: /home/jmj/dream_ws/install/autoware_map_msgs/include/autoware_map_msgs/autoware_map_msgs/msg/detail/lanelet_map_cell_meta_data__type_support.cpp
[0.413s] -- Up-to-date: /home/jmj/dream_ws/install/autoware_map_msgs/include/autoware_map_msgs/autoware_map_msgs/msg/detail/map_projector_info__type_support.cpp
[0.413s] -- Up-to-date: /home/jmj/dream_ws/install/autoware_map_msgs/include/autoware_map_msgs/autoware_map_msgs/msg/detail/area_info__type_support.cpp
[0.413s] -- Up-to-date: /home/jmj/dream_ws/install/autoware_map_msgs/include/autoware_map_msgs/autoware_map_msgs/msg/detail/lanelet_map_meta_data__rosidl_typesupport_introspection_cpp.hpp
[0.413s] -- Up-to-date: /home/jmj/dream_ws/install/autoware_map_msgs/include/autoware_map_msgs/autoware_map_msgs/msg/detail/point_cloud_map_cell_meta_data_with_id__type_support.cpp
[0.413s] -- Up-to-date: /home/jmj/dream_ws/install/autoware_map_msgs/include/autoware_map_msgs/autoware_map_msgs/msg/detail/area_info__rosidl_typesupport_introspection_cpp.hpp
[0.413s] -- Up-to-date: /home/jmj/dream_ws/install/autoware_map_msgs/lib/libautoware_map_msgs__rosidl_typesupport_introspection_cpp.so
[0.413s] -- Up-to-date: /home/jmj/dream_ws/install/autoware_map_msgs/lib/libautoware_map_msgs__rosidl_typesupport_cpp.so
[0.413s] -- Up-to-date: /home/jmj/dream_ws/install/autoware_map_msgs/share/autoware_map_msgs/environment/pythonpath.sh
[0.413s] -- Up-to-date: /home/jmj/dream_ws/install/autoware_map_msgs/share/autoware_map_msgs/environment/pythonpath.dsv
[0.413s] -- Up-to-date: /home/jmj/dream_ws/install/autoware_map_msgs/local/lib/python3.10/dist-packages/autoware_map_msgs-1.8.0-py3.10.egg-info
[0.413s] -- Installing: /home/jmj/dream_ws/install/autoware_map_msgs/local/lib/python3.10/dist-packages/autoware_map_msgs-1.8.0-py3.10.egg-info/dependency_links.txt
[0.413s] -- Installing: /home/jmj/dream_ws/install/autoware_map_msgs/local/lib/python3.10/dist-packages/autoware_map_msgs-1.8.0-py3.10.egg-info/top_level.txt
[0.413s] -- Installing: /home/jmj/dream_ws/install/autoware_map_msgs/local/lib/python3.10/dist-packages/autoware_map_msgs-1.8.0-py3.10.egg-info/PKG-INFO
[0.413s] -- Installing: /home/jmj/dream_ws/install/autoware_map_msgs/local/lib/python3.10/dist-packages/autoware_map_msgs-1.8.0-py3.10.egg-info/SOURCES.txt
[0.413s] -- Up-to-date: /home/jmj/dream_ws/install/autoware_map_msgs/local/lib/python3.10/dist-packages/autoware_map_msgs
[0.413s] -- Up-to-date: /home/jmj/dream_ws/install/autoware_map_msgs/local/lib/python3.10/dist-packages/autoware_map_msgs/_autoware_map_msgs_s.ep.rosidl_typesupport_introspection_c.c
[0.413s] -- Up-to-date: /home/jmj/dream_ws/install/autoware_map_msgs/local/lib/python3.10/dist-packages/autoware_map_msgs/libautoware_map_msgs__rosidl_generator_py.so
[0.413s] -- Up-to-date: /home/jmj/dream_ws/install/autoware_map_msgs/local/lib/python3.10/dist-packages/autoware_map_msgs/__init__.py
[0.413s] -- Up-to-date: /home/jmj/dream_ws/install/autoware_map_msgs/local/lib/python3.10/dist-packages/autoware_map_msgs/autoware_map_msgs_s__rosidl_typesupport_fastrtps_c.cpython-310-x86_64-linux-gnu.so
[0.413s] -- Up-to-date: /home/jmj/dream_ws/install/autoware_map_msgs/local/lib/python3.10/dist-packages/autoware_map_msgs/autoware_map_msgs_s__rosidl_typesupport_introspection_c.cpython-310-x86_64-linux-gnu.so
[0.414s] -- Up-to-date: /home/jmj/dream_ws/install/autoware_map_msgs/local/lib/python3.10/dist-packages/autoware_map_msgs/srv
[0.414s] -- Up-to-date: /home/jmj/dream_ws/install/autoware_map_msgs/local/lib/python3.10/dist-packages/autoware_map_msgs/srv/_get_selected_point_cloud_map_s.c
[0.414s] -- Up-to-date: /home/jmj/dream_ws/install/autoware_map_msgs/local/lib/python3.10/dist-packages/autoware_map_msgs/srv/__init__.py
[0.414s] -- Up-to-date: /home/jmj/dream_ws/install/autoware_map_msgs/local/lib/python3.10/dist-packages/autoware_map_msgs/srv/_get_selected_lanelet2_map.py
[0.414s] -- Up-to-date: /home/jmj/dream_ws/install/autoware_map_msgs/local/lib/python3.10/dist-packages/autoware_map_msgs/srv/_get_selected_point_cloud_map.py
[0.414s] -- Up-to-date: /home/jmj/dream_ws/install/autoware_map_msgs/local/lib/python3.10/dist-packages/autoware_map_msgs/srv/_get_partial_point_cloud_map.py
[0.414s] -- Up-to-date: /home/jmj/dream_ws/install/autoware_map_msgs/local/lib/python3.10/dist-packages/autoware_map_msgs/srv/_get_differential_point_cloud_map_s.c
[0.414s] -- Up-to-date: /home/jmj/dream_ws/install/autoware_map_msgs/local/lib/python3.10/dist-packages/autoware_map_msgs/srv/_get_partial_point_cloud_map_s.c
[0.414s] -- Up-to-date: /home/jmj/dream_ws/install/autoware_map_msgs/local/lib/python3.10/dist-packages/autoware_map_msgs/srv/_get_differential_point_cloud_map.py
[0.414s] -- Up-to-date: /home/jmj/dream_ws/install/autoware_map_msgs/local/lib/python3.10/dist-packages/autoware_map_msgs/srv/_get_selected_lanelet2_map_s.c
[0.414s] -- Up-to-date: /home/jmj/dream_ws/install/autoware_map_msgs/local/lib/python3.10/dist-packages/autoware_map_msgs/autoware_map_msgs_s__rosidl_typesupport_c.cpython-310-x86_64-linux-gnu.so
[0.414s] -- Up-to-date: /home/jmj/dream_ws/install/autoware_map_msgs/local/lib/python3.10/dist-packages/autoware_map_msgs/_autoware_map_msgs_s.ep.rosidl_typesupport_fastrtps_c.c
[0.414s] -- Up-to-date: /home/jmj/dream_ws/install/autoware_map_msgs/local/lib/python3.10/dist-packages/autoware_map_msgs/_autoware_map_msgs_s.ep.rosidl_typesupport_c.c
[0.414s] -- Up-to-date: /home/jmj/dream_ws/install/autoware_map_msgs/local/lib/python3.10/dist-packages/autoware_map_msgs/msg
[0.414s] -- Up-to-date: /home/jmj/dream_ws/install/autoware_map_msgs/local/lib/python3.10/dist-packages/autoware_map_msgs/msg/_lanelet_map_meta_data.py
[0.414s] -- Up-to-date: /home/jmj/dream_ws/install/autoware_map_msgs/local/lib/python3.10/dist-packages/autoware_map_msgs/msg/_point_cloud_map_cell_with_id_s.c
[0.414s] -- Up-to-date: /home/jmj/dream_ws/install/autoware_map_msgs/local/lib/python3.10/dist-packages/autoware_map_msgs/msg/_point_cloud_map_cell_meta_data.py
[0.414s] -- Up-to-date: /home/jmj/dream_ws/install/autoware_map_msgs/local/lib/python3.10/dist-packages/autoware_map_msgs/msg/__init__.py
[0.414s] -- Up-to-date: /home/jmj/dream_ws/install/autoware_map_msgs/local/lib/python3.10/dist-packages/autoware_map_msgs/msg/_point_cloud_map_meta_data_s.c
[0.414s] -- Up-to-date: /home/jmj/dream_ws/install/autoware_map_msgs/local/lib/python3.10/dist-packages/autoware_map_msgs/msg/_point_cloud_map_cell_meta_data_with_id.py
[0.414s] -- Up-to-date: /home/jmj/dream_ws/install/autoware_map_msgs/local/lib/python3.10/dist-packages/autoware_map_msgs/msg/_lanelet_map_bin_s.c
[0.414s] -- Up-to-date: /home/jmj/dream_ws/install/autoware_map_msgs/local/lib/python3.10/dist-packages/autoware_map_msgs/msg/_lanelet_map_cell_meta_data_s.c
[0.415s] -- Up-to-date: /home/jmj/dream_ws/install/autoware_map_msgs/local/lib/python3.10/dist-packages/autoware_map_msgs/msg/_map_projector_info.py
[0.415s] -- Up-to-date: /home/jmj/dream_ws/install/autoware_map_msgs/local/lib/python3.10/dist-packages/autoware_map_msgs/msg/_point_cloud_map_meta_data.py
[0.415s] -- Up-to-date: /home/jmj/dream_ws/install/autoware_map_msgs/local/lib/python3.10/dist-packages/autoware_map_msgs/msg/_area_info.py
[0.415s] -- Up-to-date: /home/jmj/dream_ws/install/autoware_map_msgs/local/lib/python3.10/dist-packages/autoware_map_msgs/msg/_lanelet_map_bin.py
[0.415s] -- Up-to-date: /home/jmj/dream_ws/install/autoware_map_msgs/local/lib/python3.10/dist-packages/autoware_map_msgs/msg/_point_cloud_map_cell_meta_data_with_id_s.c
[0.415s] -- Up-to-date: /home/jmj/dream_ws/install/autoware_map_msgs/local/lib/python3.10/dist-packages/autoware_map_msgs/msg/_point_cloud_map_cell_meta_data_s.c
[0.415s] -- Up-to-date: /home/jmj/dream_ws/install/autoware_map_msgs/local/lib/python3.10/dist-packages/autoware_map_msgs/msg/_point_cloud_map_cell_with_id.py
[0.415s] -- Up-to-date: /home/jmj/dream_ws/install/autoware_map_msgs/local/lib/python3.10/dist-packages/autoware_map_msgs/msg/_map_projector_info_s.c
[0.415s] -- Up-to-date: /home/jmj/dream_ws/install/autoware_map_msgs/local/lib/python3.10/dist-packages/autoware_map_msgs/msg/_lanelet_map_cell_meta_data.py
[0.415s] -- Up-to-date: /home/jmj/dream_ws/install/autoware_map_msgs/local/lib/python3.10/dist-packages/autoware_map_msgs/msg/_lanelet_map_meta_data_s.c
[0.415s] -- Up-to-date: /home/jmj/dream_ws/install/autoware_map_msgs/local/lib/python3.10/dist-packages/autoware_map_msgs/msg/_area_info_s.c
[0.423s] Listing '/home/jmj/dream_ws/install/autoware_map_msgs/local/lib/python3.10/dist-packages/autoware_map_msgs'...
[0.423s] Listing '/home/jmj/dream_ws/install/autoware_map_msgs/local/lib/python3.10/dist-packages/autoware_map_msgs/msg'...
[0.424s] Listing '/home/jmj/dream_ws/install/autoware_map_msgs/local/lib/python3.10/dist-packages/autoware_map_msgs/srv'...
[0.424s] -- Up-to-date: /home/jmj/dream_ws/install/autoware_map_msgs/local/lib/python3.10/dist-packages/autoware_map_msgs/autoware_map_msgs_s__rosidl_typesupport_fastrtps_c.cpython-310-x86_64-linux-gnu.so
[0.424s] -- Up-to-date: /home/jmj/dream_ws/install/autoware_map_msgs/local/lib/python3.10/dist-packages/autoware_map_msgs/autoware_map_msgs_s__rosidl_typesupport_introspection_c.cpython-310-x86_64-linux-gnu.so
[0.424s] -- Up-to-date: /home/jmj/dream_ws/install/autoware_map_msgs/local/lib/python3.10/dist-packages/autoware_map_msgs/autoware_map_msgs_s__rosidl_typesupport_c.cpython-310-x86_64-linux-gnu.so
[0.424s] -- Up-to-date: /home/jmj/dream_ws/install/autoware_map_msgs/lib/libautoware_map_msgs__rosidl_generator_py.so
[0.424s] -- Up-to-date: /home/jmj/dream_ws/install/autoware_map_msgs/share/autoware_map_msgs/msg/AreaInfo.idl
[0.424s] -- Up-to-date: /home/jmj/dream_ws/install/autoware_map_msgs/share/autoware_map_msgs/msg/LaneletMapBin.idl
[0.424s] -- Up-to-date: /home/jmj/dream_ws/install/autoware_map_msgs/share/autoware_map_msgs/msg/LaneletMapMetaData.idl
[0.424s] -- Up-to-date: /home/jmj/dream_ws/install/autoware_map_msgs/share/autoware_map_msgs/msg/LaneletMapCellMetaData.idl
[0.424s] -- Up-to-date: /home/jmj/dream_ws/install/autoware_map_msgs/share/autoware_map_msgs/msg/MapProjectorInfo.idl
[0.424s] -- Up-to-date: /home/jmj/dream_ws/install/autoware_map_msgs/share/autoware_map_msgs/msg/PointCloudMapCellWithID.idl
[0.424s] -- Up-to-date: /home/jmj/dream_ws/install/autoware_map_msgs/share/autoware_map_msgs/msg/PointCloudMapCellMetaData.idl
[0.424s] -- Up-to-date: /home/jmj/dream_ws/install/autoware_map_msgs/share/autoware_map_msgs/msg/PointCloudMapCellMetaDataWithID.idl
[0.424s] -- Up-to-date: /home/jmj/dream_ws/install/autoware_map_msgs/share/autoware_map_msgs/msg/PointCloudMapMetaData.idl
[0.424s] -- Up-to-date: /home/jmj/dream_ws/install/autoware_map_msgs/share/autoware_map_msgs/srv/GetPartialPointCloudMap.idl
[0.424s] -- Up-to-date: /home/jmj/dream_ws/install/autoware_map_msgs/share/autoware_map_msgs/srv/GetDifferentialPointCloudMap.idl
[0.424s] -- Up-to-date: /home/jmj/dream_ws/install/autoware_map_msgs/share/autoware_map_msgs/srv/GetSelectedPointCloudMap.idl
[0.424s] -- Up-to-date: /home/jmj/dream_ws/install/autoware_map_msgs/share/autoware_map_msgs/srv/GetSelectedLanelet2Map.idl
[0.424s] -- Up-to-date: /home/jmj/dream_ws/install/autoware_map_msgs/share/autoware_map_msgs/msg/AreaInfo.msg
[0.424s] -- Up-to-date: /home/jmj/dream_ws/install/autoware_map_msgs/share/autoware_map_msgs/msg/LaneletMapBin.msg
[0.424s] -- Up-to-date: /home/jmj/dream_ws/install/autoware_map_msgs/share/autoware_map_msgs/msg/LaneletMapMetaData.msg
[0.425s] -- Up-to-date: /home/jmj/dream_ws/install/autoware_map_msgs/share/autoware_map_msgs/msg/LaneletMapCellMetaData.msg
[0.425s] -- Up-to-date: /home/jmj/dream_ws/install/autoware_map_msgs/share/autoware_map_msgs/msg/MapProjectorInfo.msg
[0.425s] -- Up-to-date: /home/jmj/dream_ws/install/autoware_map_msgs/share/autoware_map_msgs/msg/PointCloudMapCellWithID.msg
[0.425s] -- Up-to-date: /home/jmj/dream_ws/install/autoware_map_msgs/share/autoware_map_msgs/msg/PointCloudMapCellMetaData.msg
[0.425s] -- Up-to-date: /home/jmj/dream_ws/install/autoware_map_msgs/share/autoware_map_msgs/msg/PointCloudMapCellMetaDataWithID.msg
[0.425s] -- Up-to-date: /home/jmj/dream_ws/install/autoware_map_msgs/share/autoware_map_msgs/msg/PointCloudMapMetaData.msg
[0.425s] -- Up-to-date: /home/jmj/dream_ws/install/autoware_map_msgs/share/autoware_map_msgs/srv/GetPartialPointCloudMap.srv
[0.425s] -- Up-to-date: /home/jmj/dream_ws/install/autoware_map_msgs/share/autoware_map_msgs/srv/GetPartialPointCloudMap_Request.msg
[0.425s] -- Up-to-date: /home/jmj/dream_ws/install/autoware_map_msgs/share/autoware_map_msgs/srv/GetPartialPointCloudMap_Response.msg
[0.425s] -- Up-to-date: /home/jmj/dream_ws/install/autoware_map_msgs/share/autoware_map_msgs/srv/GetDifferentialPointCloudMap.srv
[0.425s] -- Up-to-date: /home/jmj/dream_ws/install/autoware_map_msgs/share/autoware_map_msgs/srv/GetDifferentialPointCloudMap_Request.msg
[0.425s] -- Up-to-date: /home/jmj/dream_ws/install/autoware_map_msgs/share/autoware_map_msgs/srv/GetDifferentialPointCloudMap_Response.msg
[0.425s] -- Up-to-date: /home/jmj/dream_ws/install/autoware_map_msgs/share/autoware_map_msgs/srv/GetSelectedPointCloudMap.srv
[0.425s] -- Up-to-date: /home/jmj/dream_ws/install/autoware_map_msgs/share/autoware_map_msgs/srv/GetSelectedPointCloudMap_Request.msg
[0.425s] -- Up-to-date: /home/jmj/dream_ws/install/autoware_map_msgs/share/autoware_map_msgs/srv/GetSelectedPointCloudMap_Response.msg
[0.425s] -- Up-to-date: /home/jmj/dream_ws/install/autoware_map_msgs/share/autoware_map_msgs/srv/GetSelectedLanelet2Map.srv
[0.425s] -- Up-to-date: /home/jmj/dream_ws/install/autoware_map_msgs/share/autoware_map_msgs/srv/GetSelectedLanelet2Map_Request.msg
[0.425s] -- Up-to-date: /home/jmj/dream_ws/install/autoware_map_msgs/share/autoware_map_msgs/srv/GetSelectedLanelet2Map_Response.msg
[0.425s] -- Up-to-date: /home/jmj/dream_ws/install/autoware_map_msgs/share/ament_index/resource_index/package_run_dependencies/autoware_map_msgs
[0.425s] -- Up-to-date: /home/jmj/dream_ws/install/autoware_map_msgs/share/ament_index/resource_index/parent_prefix_path/autoware_map_msgs
[0.425s] -- Up-to-date: /home/jmj/dream_ws/install/autoware_map_msgs/share/autoware_map_msgs/environment/ament_prefix_path.sh
[0.425s] -- Up-to-date: /home/jmj/dream_ws/install/autoware_map_msgs/share/autoware_map_msgs/environment/ament_prefix_path.dsv
[0.425s] -- Up-to-date: /home/jmj/dream_ws/install/autoware_map_msgs/share/autoware_map_msgs/environment/path.sh
[0.425s] -- Up-to-date: /home/jmj/dream_ws/install/autoware_map_msgs/share/autoware_map_msgs/environment/path.dsv
[0.425s] -- Up-to-date: /home/jmj/dream_ws/install/autoware_map_msgs/share/autoware_map_msgs/local_setup.bash
[0.425s] -- Up-to-date: /home/jmj/dream_ws/install/autoware_map_msgs/share/autoware_map_msgs/local_setup.sh
[0.425s] -- Up-to-date: /home/jmj/dream_ws/install/autoware_map_msgs/share/autoware_map_msgs/local_setup.zsh
[0.425s] -- Up-to-date: /home/jmj/dream_ws/install/autoware_map_msgs/share/autoware_map_msgs/local_setup.dsv
[0.425s] -- Installing: /home/jmj/dream_ws/install/autoware_map_msgs/share/autoware_map_msgs/package.dsv
[0.425s] -- Up-to-date: /home/jmj/dream_ws/install/autoware_map_msgs/share/ament_index/resource_index/packages/autoware_map_msgs
[0.425s] -- Up-to-date: /home/jmj/dream_ws/install/autoware_map_msgs/share/autoware_map_msgs/cmake/export_autoware_map_msgs__rosidl_generator_cExport.cmake
[0.425s] -- Up-to-date: /home/jmj/dream_ws/install/autoware_map_msgs/share/autoware_map_msgs/cmake/export_autoware_map_msgs__rosidl_generator_cExport-noconfig.cmake
[0.425s] -- Up-to-date: /home/jmj/dream_ws/install/autoware_map_msgs/share/autoware_map_msgs/cmake/export_autoware_map_msgs__rosidl_typesupport_fastrtps_cExport.cmake
[0.425s] -- Up-to-date: /home/jmj/dream_ws/install/autoware_map_msgs/share/autoware_map_msgs/cmake/export_autoware_map_msgs__rosidl_typesupport_fastrtps_cExport-noconfig.cmake
[0.425s] -- Up-to-date: /home/jmj/dream_ws/install/autoware_map_msgs/share/autoware_map_msgs/cmake/export_autoware_map_msgs__rosidl_generator_cppExport.cmake
[0.425s] -- Up-to-date: /home/jmj/dream_ws/install/autoware_map_msgs/share/autoware_map_msgs/cmake/export_autoware_map_msgs__rosidl_typesupport_fastrtps_cppExport.cmake
[0.425s] -- Up-to-date: /home/jmj/dream_ws/install/autoware_map_msgs/share/autoware_map_msgs/cmake/export_autoware_map_msgs__rosidl_typesupport_fastrtps_cppExport-noconfig.cmake
[0.425s] -- Up-to-date: /home/jmj/dream_ws/install/autoware_map_msgs/share/autoware_map_msgs/cmake/autoware_map_msgs__rosidl_typesupport_introspection_cExport.cmake
[0.425s] -- Up-to-date: /home/jmj/dream_ws/install/autoware_map_msgs/share/autoware_map_msgs/cmake/autoware_map_msgs__rosidl_typesupport_introspection_cExport-noconfig.cmake
[0.426s] -- Up-to-date: /home/jmj/dream_ws/install/autoware_map_msgs/share/autoware_map_msgs/cmake/autoware_map_msgs__rosidl_typesupport_cExport.cmake
[0.426s] -- Up-to-date: /home/jmj/dream_ws/install/autoware_map_msgs/share/autoware_map_msgs/cmake/autoware_map_msgs__rosidl_typesupport_cExport-noconfig.cmake
[0.426s] -- Up-to-date: /home/jmj/dream_ws/install/autoware_map_msgs/share/autoware_map_msgs/cmake/autoware_map_msgs__rosidl_typesupport_introspection_cppExport.cmake
[0.426s] -- Up-to-date: /home/jmj/dream_ws/install/autoware_map_msgs/share/autoware_map_msgs/cmake/autoware_map_msgs__rosidl_typesupport_introspection_cppExport-noconfig.cmake
[0.426s] -- Up-to-date: /home/jmj/dream_ws/install/autoware_map_msgs/share/autoware_map_msgs/cmake/autoware_map_msgs__rosidl_typesupport_cppExport.cmake
[0.426s] -- Up-to-date: /home/jmj/dream_ws/install/autoware_map_msgs/share/autoware_map_msgs/cmake/autoware_map_msgs__rosidl_typesupport_cppExport-noconfig.cmake
[0.426s] -- Up-to-date: /home/jmj/dream_ws/install/autoware_map_msgs/share/autoware_map_msgs/cmake/export_autoware_map_msgs__rosidl_generator_pyExport.cmake
[0.426s] -- Up-to-date: /home/jmj/dream_ws/install/autoware_map_msgs/share/autoware_map_msgs/cmake/export_autoware_map_msgs__rosidl_generator_pyExport-noconfig.cmake
[0.426s] -- Up-to-date: /home/jmj/dream_ws/install/autoware_map_msgs/share/autoware_map_msgs/cmake/rosidl_cmake-extras.cmake
[0.426s] -- Up-to-date: /home/jmj/dream_ws/install/autoware_map_msgs/share/autoware_map_msgs/cmake/ament_cmake_export_dependencies-extras.cmake
[0.426s] -- Up-to-date: /home/jmj/dream_ws/install/autoware_map_msgs/share/autoware_map_msgs/cmake/ament_cmake_export_include_directories-extras.cmake
[0.426s] -- Up-to-date: /home/jmj/dream_ws/install/autoware_map_msgs/share/autoware_map_msgs/cmake/ament_cmake_export_libraries-extras.cmake
[0.426s] -- Up-to-date: /home/jmj/dream_ws/install/autoware_map_msgs/share/autoware_map_msgs/cmake/ament_cmake_export_targets-extras.cmake
[0.426s] -- Up-to-date: /home/jmj/dream_ws/install/autoware_map_msgs/share/autoware_map_msgs/cmake/rosidl_cmake_export_typesupport_targets-extras.cmake
[0.426s] -- Up-to-date: /home/jmj/dream_ws/install/autoware_map_msgs/share/autoware_map_msgs/cmake/rosidl_cmake_export_typesupport_libraries-extras.cmake
[0.426s] -- Up-to-date: /home/jmj/dream_ws/install/autoware_map_msgs/share/autoware_map_msgs/cmake/autoware_map_msgsConfig.cmake
[0.426s] -- Up-to-date: /home/jmj/dream_ws/install/autoware_map_msgs/share/autoware_map_msgs/cmake/autoware_map_msgsConfig-version.cmake
[0.426s] -- Up-to-date: /home/jmj/dream_ws/install/autoware_map_msgs/share/autoware_map_msgs/package.xml
[0.468s] Invoked command in '/home/jmj/dream_ws/build/autoware_map_msgs' returned '0': CMAKE_PREFIX_PATH=${CMAKE_PREFIX_PATH}:/home/jmj/dream_ws/install/dream:/opt/ros/humble /usr/bin/cmake --install /home/jmj/dream_ws/build/autoware_map_msgs
