-- The C compiler identification is GNU 11.4.0
-- The CXX compiler identification is GNU 11.4.0
-- Detecting C compiler ABI info
-- Detecting C compiler ABI info - done
-- Check for working C compiler: /usr/lib/ccache/gcc - skipped
-- Detecting C compile features
-- Detecting C compile features - done
-- Detecting CXX compiler ABI info
-- Detecting CXX compiler ABI info - done
-- Check for working CXX compiler: /usr/lib/ccache/g++ - skipped
-- Detecting CXX compile features
-- Detecting CXX compile features - done
-- Found ament_cmake_auto: 1.3.11 (/opt/ros/humble/share/ament_cmake_auto/cmake)
-- Found Python3: /usr/bin/python3 (found version "3.10.12") found components: Interpreter 
-- Using all available rosidl_typesupport_c: rosidl_typesupport_fastrtps_c;rosidl_typesupport_introspection_c
-- Found rosidl_adapter: 3.1.6 (/opt/ros/humble/share/rosidl_adapter/cmake)
-- Using all available rosidl_typesupport_cpp: rosidl_typesupport_fastrtps_cpp;rosidl_typesupport_introspection_cpp
-- Found ament_cmake_cppcheck: 0.12.12 (/opt/ros/humble/share/ament_cmake_cppcheck/cmake)
-- Found ament_cmake_cpplint: 0.12.12 (/opt/ros/humble/share/ament_cmake_cpplint/cmake)
-- Found ament_cmake_uncrustify: 0.12.12 (/opt/ros/humble/share/ament_cmake_uncrustify/cmake)
-- Found ament_cmake_ros: 0.10.0 (/opt/ros/humble/share/ament_cmake_ros/cmake)
-- Using all available rosidl_typesupport_c: rosidl_typesupport_fastrtps_c;rosidl_typesupport_introspection_c
-- Using all available rosidl_typesupport_cpp: rosidl_typesupport_fastrtps_cpp;rosidl_typesupport_introspection_cpp
-- Found PythonInterp: /usr/bin/python3 (found suitable version "3.10.12", minimum required is "3.6") 
-- Found python_cmake_module: 0.10.0 (/opt/ros/humble/share/python_cmake_module/cmake)
-- Found PythonLibs: /usr/lib/x86_64-linux-gnu/libpython3.10.so (found suitable version "3.10.12", minimum required is "3.5") 
-- Using PYTHON_EXECUTABLE: /usr/bin/python3
-- Using PYTHON_INCLUDE_DIRS: /usr/include/python3.10
-- Using PYTHON_LIBRARIES: /usr/lib/x86_64-linux-gnu/libpython3.10.so
-- Found PythonExtra: .so  
-- Found ament_cmake_flake8: 0.12.12 (/opt/ros/humble/share/ament_cmake_flake8/cmake)
-- Found ament_cmake_pep257: 0.12.12 (/opt/ros/humble/share/ament_cmake_pep257/cmake)
-- Found ament_lint_auto: 0.12.12 (/opt/ros/humble/share/ament_lint_auto/cmake)
-- Added test 'copyright' to check source files copyright and LICENSE
-- Added test 'lint_cmake' to check CMake code style
-- Added test 'xmllint' to check XML markup files
-- Configuring done
-- Generating done
-- Build files have been written to: /home/jmj/dream_ws/build/autoware_system_msgs
[  2%] [34m[1mGenerating C code for ROS interfaces[0m
[  4%] [34m[1mGenerating C++ code for ROS interfaces[0m
[  4%] Built target ament_cmake_python_copy_autoware_system_msgs
running egg_info
creating autoware_system_msgs.egg-info
writing autoware_system_msgs.egg-info/PKG-INFO
writing dependency_links to autoware_system_msgs.egg-info/dependency_links.txt
writing top-level names to autoware_system_msgs.egg-info/top_level.txt
writing manifest file 'autoware_system_msgs.egg-info/SOURCES.txt'
reading manifest file 'autoware_system_msgs.egg-info/SOURCES.txt'
writing manifest file 'autoware_system_msgs.egg-info/SOURCES.txt'
[  6%] [32mBuilding C object CMakeFiles/autoware_system_msgs__rosidl_generator_c.dir/rosidl_generator_c/autoware_system_msgs/msg/detail/hazard_status_stamped__functions.c.o[0m
[  6%] Built target ament_cmake_python_build_autoware_system_msgs_egg
[  8%] [32mBuilding C object CMakeFiles/autoware_system_msgs__rosidl_generator_c.dir/rosidl_generator_c/autoware_system_msgs/msg/detail/hazard_status__functions.c.o[0m
[ 10%] [32mBuilding C object CMakeFiles/autoware_system_msgs__rosidl_generator_c.dir/rosidl_generator_c/autoware_system_msgs/msg/detail/autoware_state__functions.c.o[0m
[ 10%] Built target autoware_system_msgs__cpp
[ 12%] [32m[1mLinking C shared library libautoware_system_msgs__rosidl_generator_c.so[0m
[ 14%] [34m[1mGenerating C++ type support dispatch for ROS interfaces[0m
[ 17%] [34m[1mGenerating C++ type support for eProsima Fast-RTPS[0m
[ 19%] [34m[1mGenerating C++ introspection for ROS interfaces[0m
[ 19%] Built target autoware_system_msgs__rosidl_generator_c
[ 21%] [34m[1mGenerating C type support for eProsima Fast-RTPS[0m
[ 23%] [34m[1mGenerating C introspection for ROS interfaces[0m
[ 25%] [34m[1mGenerating C type support dispatch for ROS interfaces[0m
[ 27%] [32mBuilding CXX object CMakeFiles/autoware_system_msgs__rosidl_typesupport_c.dir/rosidl_typesupport_c/autoware_system_msgs/msg/autoware_state__type_support.cpp.o[0m
[ 29%] [32mBuilding CXX object CMakeFiles/autoware_system_msgs__rosidl_typesupport_c.dir/rosidl_typesupport_c/autoware_system_msgs/msg/hazard_status__type_support.cpp.o[0m
[ 31%] [32mBuilding CXX object CMakeFiles/autoware_system_msgs__rosidl_typesupport_c.dir/rosidl_typesupport_c/autoware_system_msgs/msg/hazard_status_stamped__type_support.cpp.o[0m
[ 36%] [32mBuilding CXX object CMakeFiles/autoware_system_msgs__rosidl_typesupport_cpp.dir/rosidl_typesupport_cpp/autoware_system_msgs/msg/hazard_status__type_support.cpp.o[0m
[ 36%] [32mBuilding CXX object CMakeFiles/autoware_system_msgs__rosidl_typesupport_cpp.dir/rosidl_typesupport_cpp/autoware_system_msgs/msg/autoware_state__type_support.cpp.o[0m
[ 38%] [32mBuilding CXX object CMakeFiles/autoware_system_msgs__rosidl_typesupport_cpp.dir/rosidl_typesupport_cpp/autoware_system_msgs/msg/hazard_status_stamped__type_support.cpp.o[0m
[ 40%] [32mBuilding CXX object CMakeFiles/autoware_system_msgs__rosidl_typesupport_fastrtps_cpp.dir/rosidl_typesupport_fastrtps_cpp/autoware_system_msgs/msg/detail/dds_fastrtps/autoware_state__type_support.cpp.o[0m
[ 42%] [32mBuilding CXX object CMakeFiles/autoware_system_msgs__rosidl_typesupport_fastrtps_cpp.dir/rosidl_typesupport_fastrtps_cpp/autoware_system_msgs/msg/detail/dds_fastrtps/hazard_status_stamped__type_support.cpp.o[0m
[ 44%] [32m[1mLinking CXX shared library libautoware_system_msgs__rosidl_typesupport_c.so[0m
[ 46%] [32mBuilding CXX object CMakeFiles/autoware_system_msgs__rosidl_typesupport_fastrtps_cpp.dir/rosidl_typesupport_fastrtps_cpp/autoware_system_msgs/msg/detail/dds_fastrtps/hazard_status__type_support.cpp.o[0m
[ 46%] Built target autoware_system_msgs__rosidl_typesupport_c
[ 51%] [32mBuilding C object CMakeFiles/autoware_system_msgs__rosidl_typesupport_introspection_c.dir/rosidl_typesupport_introspection_c/autoware_system_msgs/msg/detail/hazard_status__type_support.c.o[0m
[ 51%] [32mBuilding C object CMakeFiles/autoware_system_msgs__rosidl_typesupport_introspection_c.dir/rosidl_typesupport_introspection_c/autoware_system_msgs/msg/detail/autoware_state__type_support.c.o[0m
[ 53%] [32mBuilding C object CMakeFiles/autoware_system_msgs__rosidl_typesupport_introspection_c.dir/rosidl_typesupport_introspection_c/autoware_system_msgs/msg/detail/hazard_status_stamped__type_support.c.o[0m
[ 57%] [32mBuilding CXX object CMakeFiles/autoware_system_msgs__rosidl_typesupport_introspection_cpp.dir/rosidl_typesupport_introspection_cpp/autoware_system_msgs/msg/detail/hazard_status__type_support.cpp.o[0m
[ 57%] [32mBuilding CXX object CMakeFiles/autoware_system_msgs__rosidl_typesupport_introspection_cpp.dir/rosidl_typesupport_introspection_cpp/autoware_system_msgs/msg/detail/autoware_state__type_support.cpp.o[0m
[ 59%] [32mBuilding CXX object CMakeFiles/autoware_system_msgs__rosidl_typesupport_introspection_cpp.dir/rosidl_typesupport_introspection_cpp/autoware_system_msgs/msg/detail/hazard_status_stamped__type_support.cpp.o[0m
[ 61%] [32mBuilding CXX object CMakeFiles/autoware_system_msgs__rosidl_typesupport_fastrtps_c.dir/rosidl_typesupport_fastrtps_c/autoware_system_msgs/msg/detail/hazard_status__type_support_c.cpp.o[0m
[ 63%] [32mBuilding CXX object CMakeFiles/autoware_system_msgs__rosidl_typesupport_fastrtps_c.dir/rosidl_typesupport_fastrtps_c/autoware_system_msgs/msg/detail/autoware_state__type_support_c.cpp.o[0m
[ 65%] [32mBuilding CXX object CMakeFiles/autoware_system_msgs__rosidl_typesupport_fastrtps_c.dir/rosidl_typesupport_fastrtps_c/autoware_system_msgs/msg/detail/hazard_status_stamped__type_support_c.cpp.o[0m
[ 68%] [32m[1mLinking C shared library libautoware_system_msgs__rosidl_typesupport_introspection_c.so[0m
[ 68%] Built target autoware_system_msgs__rosidl_typesupport_introspection_c
[ 70%] [32m[1mLinking CXX shared library libautoware_system_msgs__rosidl_typesupport_cpp.so[0m
[ 70%] Built target autoware_system_msgs__rosidl_typesupport_cpp
[ 72%] [32m[1mLinking CXX shared library libautoware_system_msgs__rosidl_typesupport_fastrtps_cpp.so[0m
[ 74%] [32m[1mLinking CXX shared library libautoware_system_msgs__rosidl_typesupport_fastrtps_c.so[0m
[ 76%] [32m[1mLinking CXX shared library libautoware_system_msgs__rosidl_typesupport_introspection_cpp.so[0m
[ 76%] Built target autoware_system_msgs__rosidl_typesupport_fastrtps_cpp
[ 76%] Built target autoware_system_msgs__rosidl_typesupport_introspection_cpp
[ 76%] Built target autoware_system_msgs__rosidl_typesupport_fastrtps_c
[ 76%] Built target autoware_system_msgs
[ 78%] [34m[1mGenerating Python code for ROS interfaces[0m
[ 78%] Built target autoware_system_msgs__py
[ 85%] [32mBuilding C object CMakeFiles/autoware_system_msgs__rosidl_generator_py.dir/rosidl_generator_py/autoware_system_msgs/msg/_hazard_status_s.c.o[0m
[ 85%] [32mBuilding C object CMakeFiles/autoware_system_msgs__rosidl_generator_py.dir/rosidl_generator_py/autoware_system_msgs/msg/_hazard_status_stamped_s.c.o[0m
[ 85%] [32mBuilding C object CMakeFiles/autoware_system_msgs__rosidl_generator_py.dir/rosidl_generator_py/autoware_system_msgs/msg/_autoware_state_s.c.o[0m
[ 87%] [32m[1mLinking C shared library rosidl_generator_py/autoware_system_msgs/libautoware_system_msgs__rosidl_generator_py.so[0m
[ 87%] Built target autoware_system_msgs__rosidl_generator_py
[ 89%] [32mBuilding C object CMakeFiles/autoware_system_msgs__rosidl_typesupport_fastrtps_c__pyext.dir/rosidl_generator_py/autoware_system_msgs/_autoware_system_msgs_s.ep.rosidl_typesupport_fastrtps_c.c.o[0m
[ 91%] [32mBuilding C object CMakeFiles/autoware_system_msgs__rosidl_typesupport_introspection_c__pyext.dir/rosidl_generator_py/autoware_system_msgs/_autoware_system_msgs_s.ep.rosidl_typesupport_introspection_c.c.o[0m
[ 93%] [32mBuilding C object CMakeFiles/autoware_system_msgs__rosidl_typesupport_c__pyext.dir/rosidl_generator_py/autoware_system_msgs/_autoware_system_msgs_s.ep.rosidl_typesupport_c.c.o[0m
[ 95%] [32m[1mLinking C shared library rosidl_generator_py/autoware_system_msgs/autoware_system_msgs_s__rosidl_typesupport_fastrtps_c.cpython-310-x86_64-linux-gnu.so[0m
[ 97%] [32m[1mLinking C shared library rosidl_generator_py/autoware_system_msgs/autoware_system_msgs_s__rosidl_typesupport_introspection_c.cpython-310-x86_64-linux-gnu.so[0m
[100%] [32m[1mLinking C shared library rosidl_generator_py/autoware_system_msgs/autoware_system_msgs_s__rosidl_typesupport_c.cpython-310-x86_64-linux-gnu.so[0m
[100%] Built target autoware_system_msgs__rosidl_typesupport_fastrtps_c__pyext
[100%] Built target autoware_system_msgs__rosidl_typesupport_introspection_c__pyext
[100%] Built target autoware_system_msgs__rosidl_typesupport_c__pyext
-- Install configuration: ""
-- Installing: /home/jmj/dream_ws/install/autoware_system_msgs/share/ament_index/resource_index/rosidl_interfaces/autoware_system_msgs
-- Installing: /home/jmj/dream_ws/install/autoware_system_msgs/include/autoware_system_msgs/autoware_system_msgs
-- Installing: /home/jmj/dream_ws/install/autoware_system_msgs/include/autoware_system_msgs/autoware_system_msgs/msg
-- Installing: /home/jmj/dream_ws/install/autoware_system_msgs/include/autoware_system_msgs/autoware_system_msgs/msg/hazard_status_stamped.h
-- Installing: /home/jmj/dream_ws/install/autoware_system_msgs/include/autoware_system_msgs/autoware_system_msgs/msg/rosidl_generator_c__visibility_control.h
-- Installing: /home/jmj/dream_ws/install/autoware_system_msgs/include/autoware_system_msgs/autoware_system_msgs/msg/detail
-- Installing: /home/jmj/dream_ws/install/autoware_system_msgs/include/autoware_system_msgs/autoware_system_msgs/msg/detail/hazard_status_stamped__type_support.h
-- Installing: /home/jmj/dream_ws/install/autoware_system_msgs/include/autoware_system_msgs/autoware_system_msgs/msg/detail/autoware_state__struct.h
-- Installing: /home/jmj/dream_ws/install/autoware_system_msgs/include/autoware_system_msgs/autoware_system_msgs/msg/detail/autoware_state__type_support.h
-- Installing: /home/jmj/dream_ws/install/autoware_system_msgs/include/autoware_system_msgs/autoware_system_msgs/msg/detail/autoware_state__functions.h
-- Installing: /home/jmj/dream_ws/install/autoware_system_msgs/include/autoware_system_msgs/autoware_system_msgs/msg/detail/autoware_state__functions.c
-- Installing: /home/jmj/dream_ws/install/autoware_system_msgs/include/autoware_system_msgs/autoware_system_msgs/msg/detail/hazard_status__struct.h
-- Installing: /home/jmj/dream_ws/install/autoware_system_msgs/include/autoware_system_msgs/autoware_system_msgs/msg/detail/hazard_status_stamped__struct.h
-- Installing: /home/jmj/dream_ws/install/autoware_system_msgs/include/autoware_system_msgs/autoware_system_msgs/msg/detail/hazard_status__functions.c
-- Installing: /home/jmj/dream_ws/install/autoware_system_msgs/include/autoware_system_msgs/autoware_system_msgs/msg/detail/hazard_status_stamped__functions.c
-- Installing: /home/jmj/dream_ws/install/autoware_system_msgs/include/autoware_system_msgs/autoware_system_msgs/msg/detail/hazard_status__type_support.h
-- Installing: /home/jmj/dream_ws/install/autoware_system_msgs/include/autoware_system_msgs/autoware_system_msgs/msg/detail/hazard_status_stamped__functions.h
-- Installing: /home/jmj/dream_ws/install/autoware_system_msgs/include/autoware_system_msgs/autoware_system_msgs/msg/detail/hazard_status__functions.h
-- Installing: /home/jmj/dream_ws/install/autoware_system_msgs/include/autoware_system_msgs/autoware_system_msgs/msg/autoware_state.h
-- Installing: /home/jmj/dream_ws/install/autoware_system_msgs/include/autoware_system_msgs/autoware_system_msgs/msg/hazard_status.h
-- Installing: /home/jmj/dream_ws/install/autoware_system_msgs/share/autoware_system_msgs/environment/library_path.sh
-- Installing: /home/jmj/dream_ws/install/autoware_system_msgs/share/autoware_system_msgs/environment/library_path.dsv
-- Installing: /home/jmj/dream_ws/install/autoware_system_msgs/lib/libautoware_system_msgs__rosidl_generator_c.so
-- Set runtime path of "/home/jmj/dream_ws/install/autoware_system_msgs/lib/libautoware_system_msgs__rosidl_generator_c.so" to ""
-- Up-to-date: /home/jmj/dream_ws/install/autoware_system_msgs/include/autoware_system_msgs/autoware_system_msgs
-- Up-to-date: /home/jmj/dream_ws/install/autoware_system_msgs/include/autoware_system_msgs/autoware_system_msgs/msg
-- Up-to-date: /home/jmj/dream_ws/install/autoware_system_msgs/include/autoware_system_msgs/autoware_system_msgs/msg/detail
-- Installing: /home/jmj/dream_ws/install/autoware_system_msgs/include/autoware_system_msgs/autoware_system_msgs/msg/detail/autoware_state__rosidl_typesupport_fastrtps_c.h
-- Installing: /home/jmj/dream_ws/install/autoware_system_msgs/include/autoware_system_msgs/autoware_system_msgs/msg/detail/hazard_status__rosidl_typesupport_fastrtps_c.h
-- Installing: /home/jmj/dream_ws/install/autoware_system_msgs/include/autoware_system_msgs/autoware_system_msgs/msg/detail/hazard_status_stamped__rosidl_typesupport_fastrtps_c.h
-- Installing: /home/jmj/dream_ws/install/autoware_system_msgs/include/autoware_system_msgs/autoware_system_msgs/msg/rosidl_typesupport_fastrtps_c__visibility_control.h
-- Installing: /home/jmj/dream_ws/install/autoware_system_msgs/lib/libautoware_system_msgs__rosidl_typesupport_fastrtps_c.so
-- Set runtime path of "/home/jmj/dream_ws/install/autoware_system_msgs/lib/libautoware_system_msgs__rosidl_typesupport_fastrtps_c.so" to ""
-- Up-to-date: /home/jmj/dream_ws/install/autoware_system_msgs/include/autoware_system_msgs/autoware_system_msgs
-- Up-to-date: /home/jmj/dream_ws/install/autoware_system_msgs/include/autoware_system_msgs/autoware_system_msgs/msg
-- Up-to-date: /home/jmj/dream_ws/install/autoware_system_msgs/include/autoware_system_msgs/autoware_system_msgs/msg/detail
-- Installing: /home/jmj/dream_ws/install/autoware_system_msgs/include/autoware_system_msgs/autoware_system_msgs/msg/detail/autoware_state__rosidl_typesupport_introspection_c.h
-- Installing: /home/jmj/dream_ws/install/autoware_system_msgs/include/autoware_system_msgs/autoware_system_msgs/msg/detail/autoware_state__type_support.c
-- Installing: /home/jmj/dream_ws/install/autoware_system_msgs/include/autoware_system_msgs/autoware_system_msgs/msg/detail/hazard_status_stamped__type_support.c
-- Installing: /home/jmj/dream_ws/install/autoware_system_msgs/include/autoware_system_msgs/autoware_system_msgs/msg/detail/hazard_status__type_support.c
-- Installing: /home/jmj/dream_ws/install/autoware_system_msgs/include/autoware_system_msgs/autoware_system_msgs/msg/detail/hazard_status__rosidl_typesupport_introspection_c.h
-- Installing: /home/jmj/dream_ws/install/autoware_system_msgs/include/autoware_system_msgs/autoware_system_msgs/msg/detail/hazard_status_stamped__rosidl_typesupport_introspection_c.h
-- Installing: /home/jmj/dream_ws/install/autoware_system_msgs/include/autoware_system_msgs/autoware_system_msgs/msg/rosidl_typesupport_introspection_c__visibility_control.h
-- Installing: /home/jmj/dream_ws/install/autoware_system_msgs/lib/libautoware_system_msgs__rosidl_typesupport_introspection_c.so
-- Set runtime path of "/home/jmj/dream_ws/install/autoware_system_msgs/lib/libautoware_system_msgs__rosidl_typesupport_introspection_c.so" to ""
-- Installing: /home/jmj/dream_ws/install/autoware_system_msgs/lib/libautoware_system_msgs__rosidl_typesupport_c.so
-- Set runtime path of "/home/jmj/dream_ws/install/autoware_system_msgs/lib/libautoware_system_msgs__rosidl_typesupport_c.so" to ""
-- Up-to-date: /home/jmj/dream_ws/install/autoware_system_msgs/include/autoware_system_msgs/autoware_system_msgs
-- Up-to-date: /home/jmj/dream_ws/install/autoware_system_msgs/include/autoware_system_msgs/autoware_system_msgs/msg
-- Up-to-date: /home/jmj/dream_ws/install/autoware_system_msgs/include/autoware_system_msgs/autoware_system_msgs/msg/detail
-- Installing: /home/jmj/dream_ws/install/autoware_system_msgs/include/autoware_system_msgs/autoware_system_msgs/msg/detail/autoware_state__traits.hpp
-- Installing: /home/jmj/dream_ws/install/autoware_system_msgs/include/autoware_system_msgs/autoware_system_msgs/msg/detail/hazard_status__traits.hpp
-- Installing: /home/jmj/dream_ws/install/autoware_system_msgs/include/autoware_system_msgs/autoware_system_msgs/msg/detail/autoware_state__struct.hpp
-- Installing: /home/jmj/dream_ws/install/autoware_system_msgs/include/autoware_system_msgs/autoware_system_msgs/msg/detail/hazard_status_stamped__struct.hpp
-- Installing: /home/jmj/dream_ws/install/autoware_system_msgs/include/autoware_system_msgs/autoware_system_msgs/msg/detail/hazard_status__type_support.hpp
-- Installing: /home/jmj/dream_ws/install/autoware_system_msgs/include/autoware_system_msgs/autoware_system_msgs/msg/detail/hazard_status_stamped__builder.hpp
-- Installing: /home/jmj/dream_ws/install/autoware_system_msgs/include/autoware_system_msgs/autoware_system_msgs/msg/detail/hazard_status__struct.hpp
-- Installing: /home/jmj/dream_ws/install/autoware_system_msgs/include/autoware_system_msgs/autoware_system_msgs/msg/detail/hazard_status_stamped__traits.hpp
-- Installing: /home/jmj/dream_ws/install/autoware_system_msgs/include/autoware_system_msgs/autoware_system_msgs/msg/detail/hazard_status__builder.hpp
-- Installing: /home/jmj/dream_ws/install/autoware_system_msgs/include/autoware_system_msgs/autoware_system_msgs/msg/detail/autoware_state__builder.hpp
-- Installing: /home/jmj/dream_ws/install/autoware_system_msgs/include/autoware_system_msgs/autoware_system_msgs/msg/detail/autoware_state__type_support.hpp
-- Installing: /home/jmj/dream_ws/install/autoware_system_msgs/include/autoware_system_msgs/autoware_system_msgs/msg/detail/hazard_status_stamped__type_support.hpp
-- Installing: /home/jmj/dream_ws/install/autoware_system_msgs/include/autoware_system_msgs/autoware_system_msgs/msg/hazard_status_stamped.hpp
-- Installing: /home/jmj/dream_ws/install/autoware_system_msgs/include/autoware_system_msgs/autoware_system_msgs/msg/hazard_status.hpp
-- Installing: /home/jmj/dream_ws/install/autoware_system_msgs/include/autoware_system_msgs/autoware_system_msgs/msg/rosidl_generator_cpp__visibility_control.hpp
-- Installing: /home/jmj/dream_ws/install/autoware_system_msgs/include/autoware_system_msgs/autoware_system_msgs/msg/autoware_state.hpp
-- Up-to-date: /home/jmj/dream_ws/install/autoware_system_msgs/include/autoware_system_msgs/autoware_system_msgs
-- Up-to-date: /home/jmj/dream_ws/install/autoware_system_msgs/include/autoware_system_msgs/autoware_system_msgs/msg
-- Up-to-date: /home/jmj/dream_ws/install/autoware_system_msgs/include/autoware_system_msgs/autoware_system_msgs/msg/detail
-- Installing: /home/jmj/dream_ws/install/autoware_system_msgs/include/autoware_system_msgs/autoware_system_msgs/msg/detail/dds_fastrtps
-- Installing: /home/jmj/dream_ws/install/autoware_system_msgs/include/autoware_system_msgs/autoware_system_msgs/msg/detail/hazard_status_stamped__rosidl_typesupport_fastrtps_cpp.hpp
-- Installing: /home/jmj/dream_ws/install/autoware_system_msgs/include/autoware_system_msgs/autoware_system_msgs/msg/detail/hazard_status__rosidl_typesupport_fastrtps_cpp.hpp
-- Installing: /home/jmj/dream_ws/install/autoware_system_msgs/include/autoware_system_msgs/autoware_system_msgs/msg/detail/autoware_state__rosidl_typesupport_fastrtps_cpp.hpp
-- Installing: /home/jmj/dream_ws/install/autoware_system_msgs/include/autoware_system_msgs/autoware_system_msgs/msg/rosidl_typesupport_fastrtps_cpp__visibility_control.h
-- Installing: /home/jmj/dream_ws/install/autoware_system_msgs/lib/libautoware_system_msgs__rosidl_typesupport_fastrtps_cpp.so
-- Set runtime path of "/home/jmj/dream_ws/install/autoware_system_msgs/lib/libautoware_system_msgs__rosidl_typesupport_fastrtps_cpp.so" to ""
-- Up-to-date: /home/jmj/dream_ws/install/autoware_system_msgs/include/autoware_system_msgs/autoware_system_msgs
-- Up-to-date: /home/jmj/dream_ws/install/autoware_system_msgs/include/autoware_system_msgs/autoware_system_msgs/msg
-- Up-to-date: /home/jmj/dream_ws/install/autoware_system_msgs/include/autoware_system_msgs/autoware_system_msgs/msg/detail
-- Installing: /home/jmj/dream_ws/install/autoware_system_msgs/include/autoware_system_msgs/autoware_system_msgs/msg/detail/hazard_status__type_support.cpp
-- Installing: /home/jmj/dream_ws/install/autoware_system_msgs/include/autoware_system_msgs/autoware_system_msgs/msg/detail/hazard_status__rosidl_typesupport_introspection_cpp.hpp
-- Installing: /home/jmj/dream_ws/install/autoware_system_msgs/include/autoware_system_msgs/autoware_system_msgs/msg/detail/hazard_status_stamped__type_support.cpp
-- Installing: /home/jmj/dream_ws/install/autoware_system_msgs/include/autoware_system_msgs/autoware_system_msgs/msg/detail/hazard_status_stamped__rosidl_typesupport_introspection_cpp.hpp
-- Installing: /home/jmj/dream_ws/install/autoware_system_msgs/include/autoware_system_msgs/autoware_system_msgs/msg/detail/autoware_state__type_support.cpp
-- Installing: /home/jmj/dream_ws/install/autoware_system_msgs/include/autoware_system_msgs/autoware_system_msgs/msg/detail/autoware_state__rosidl_typesupport_introspection_cpp.hpp
-- Installing: /home/jmj/dream_ws/install/autoware_system_msgs/lib/libautoware_system_msgs__rosidl_typesupport_introspection_cpp.so
-- Set runtime path of "/home/jmj/dream_ws/install/autoware_system_msgs/lib/libautoware_system_msgs__rosidl_typesupport_introspection_cpp.so" to ""
-- Installing: /home/jmj/dream_ws/install/autoware_system_msgs/lib/libautoware_system_msgs__rosidl_typesupport_cpp.so
-- Set runtime path of "/home/jmj/dream_ws/install/autoware_system_msgs/lib/libautoware_system_msgs__rosidl_typesupport_cpp.so" to ""
-- Installing: /home/jmj/dream_ws/install/autoware_system_msgs/share/autoware_system_msgs/environment/pythonpath.sh
-- Installing: /home/jmj/dream_ws/install/autoware_system_msgs/share/autoware_system_msgs/environment/pythonpath.dsv
-- Installing: /home/jmj/dream_ws/install/autoware_system_msgs/local/lib/python3.10/dist-packages/autoware_system_msgs-1.8.0-py3.10.egg-info
-- Installing: /home/jmj/dream_ws/install/autoware_system_msgs/local/lib/python3.10/dist-packages/autoware_system_msgs-1.8.0-py3.10.egg-info/dependency_links.txt
-- Installing: /home/jmj/dream_ws/install/autoware_system_msgs/local/lib/python3.10/dist-packages/autoware_system_msgs-1.8.0-py3.10.egg-info/top_level.txt
-- Installing: /home/jmj/dream_ws/install/autoware_system_msgs/local/lib/python3.10/dist-packages/autoware_system_msgs-1.8.0-py3.10.egg-info/PKG-INFO
-- Installing: /home/jmj/dream_ws/install/autoware_system_msgs/local/lib/python3.10/dist-packages/autoware_system_msgs-1.8.0-py3.10.egg-info/SOURCES.txt
-- Installing: /home/jmj/dream_ws/install/autoware_system_msgs/local/lib/python3.10/dist-packages/autoware_system_msgs
-- Installing: /home/jmj/dream_ws/install/autoware_system_msgs/local/lib/python3.10/dist-packages/autoware_system_msgs/libautoware_system_msgs__rosidl_generator_py.so
-- Installing: /home/jmj/dream_ws/install/autoware_system_msgs/local/lib/python3.10/dist-packages/autoware_system_msgs/_autoware_system_msgs_s.ep.rosidl_typesupport_c.c
-- Installing: /home/jmj/dream_ws/install/autoware_system_msgs/local/lib/python3.10/dist-packages/autoware_system_msgs/__init__.py
-- Installing: /home/jmj/dream_ws/install/autoware_system_msgs/local/lib/python3.10/dist-packages/autoware_system_msgs/autoware_system_msgs_s__rosidl_typesupport_c.cpython-310-x86_64-linux-gnu.so
-- Installing: /home/jmj/dream_ws/install/autoware_system_msgs/local/lib/python3.10/dist-packages/autoware_system_msgs/autoware_system_msgs_s__rosidl_typesupport_fastrtps_c.cpython-310-x86_64-linux-gnu.so
-- Installing: /home/jmj/dream_ws/install/autoware_system_msgs/local/lib/python3.10/dist-packages/autoware_system_msgs/_autoware_system_msgs_s.ep.rosidl_typesupport_fastrtps_c.c
-- Installing: /home/jmj/dream_ws/install/autoware_system_msgs/local/lib/python3.10/dist-packages/autoware_system_msgs/_autoware_system_msgs_s.ep.rosidl_typesupport_introspection_c.c
-- Installing: /home/jmj/dream_ws/install/autoware_system_msgs/local/lib/python3.10/dist-packages/autoware_system_msgs/autoware_system_msgs_s__rosidl_typesupport_introspection_c.cpython-310-x86_64-linux-gnu.so
-- Installing: /home/jmj/dream_ws/install/autoware_system_msgs/local/lib/python3.10/dist-packages/autoware_system_msgs/msg
-- Installing: /home/jmj/dream_ws/install/autoware_system_msgs/local/lib/python3.10/dist-packages/autoware_system_msgs/msg/_autoware_state_s.c
-- Installing: /home/jmj/dream_ws/install/autoware_system_msgs/local/lib/python3.10/dist-packages/autoware_system_msgs/msg/__init__.py
-- Installing: /home/jmj/dream_ws/install/autoware_system_msgs/local/lib/python3.10/dist-packages/autoware_system_msgs/msg/_hazard_status_s.c
-- Installing: /home/jmj/dream_ws/install/autoware_system_msgs/local/lib/python3.10/dist-packages/autoware_system_msgs/msg/_hazard_status_stamped.py
-- Installing: /home/jmj/dream_ws/install/autoware_system_msgs/local/lib/python3.10/dist-packages/autoware_system_msgs/msg/_hazard_status.py
-- Installing: /home/jmj/dream_ws/install/autoware_system_msgs/local/lib/python3.10/dist-packages/autoware_system_msgs/msg/_autoware_state.py
-- Installing: /home/jmj/dream_ws/install/autoware_system_msgs/local/lib/python3.10/dist-packages/autoware_system_msgs/msg/_hazard_status_stamped_s.c
Listing '/home/jmj/dream_ws/install/autoware_system_msgs/local/lib/python3.10/dist-packages/autoware_system_msgs'...
Compiling '/home/jmj/dream_ws/install/autoware_system_msgs/local/lib/python3.10/dist-packages/autoware_system_msgs/__init__.py'...
Listing '/home/jmj/dream_ws/install/autoware_system_msgs/local/lib/python3.10/dist-packages/autoware_system_msgs/msg'...
Compiling '/home/jmj/dream_ws/install/autoware_system_msgs/local/lib/python3.10/dist-packages/autoware_system_msgs/msg/__init__.py'...
Compiling '/home/jmj/dream_ws/install/autoware_system_msgs/local/lib/python3.10/dist-packages/autoware_system_msgs/msg/_autoware_state.py'...
Compiling '/home/jmj/dream_ws/install/autoware_system_msgs/local/lib/python3.10/dist-packages/autoware_system_msgs/msg/_hazard_status.py'...
Compiling '/home/jmj/dream_ws/install/autoware_system_msgs/local/lib/python3.10/dist-packages/autoware_system_msgs/msg/_hazard_status_stamped.py'...
-- Installing: /home/jmj/dream_ws/install/autoware_system_msgs/local/lib/python3.10/dist-packages/autoware_system_msgs/autoware_system_msgs_s__rosidl_typesupport_fastrtps_c.cpython-310-x86_64-linux-gnu.so
-- Set runtime path of "/home/jmj/dream_ws/install/autoware_system_msgs/local/lib/python3.10/dist-packages/autoware_system_msgs/autoware_system_msgs_s__rosidl_typesupport_fastrtps_c.cpython-310-x86_64-linux-gnu.so" to ""
-- Installing: /home/jmj/dream_ws/install/autoware_system_msgs/local/lib/python3.10/dist-packages/autoware_system_msgs/autoware_system_msgs_s__rosidl_typesupport_introspection_c.cpython-310-x86_64-linux-gnu.so
-- Set runtime path of "/home/jmj/dream_ws/install/autoware_system_msgs/local/lib/python3.10/dist-packages/autoware_system_msgs/autoware_system_msgs_s__rosidl_typesupport_introspection_c.cpython-310-x86_64-linux-gnu.so" to ""
-- Installing: /home/jmj/dream_ws/install/autoware_system_msgs/local/lib/python3.10/dist-packages/autoware_system_msgs/autoware_system_msgs_s__rosidl_typesupport_c.cpython-310-x86_64-linux-gnu.so
-- Set runtime path of "/home/jmj/dream_ws/install/autoware_system_msgs/local/lib/python3.10/dist-packages/autoware_system_msgs/autoware_system_msgs_s__rosidl_typesupport_c.cpython-310-x86_64-linux-gnu.so" to ""
-- Installing: /home/jmj/dream_ws/install/autoware_system_msgs/lib/libautoware_system_msgs__rosidl_generator_py.so
-- Set runtime path of "/home/jmj/dream_ws/install/autoware_system_msgs/lib/libautoware_system_msgs__rosidl_generator_py.so" to ""
-- Installing: /home/jmj/dream_ws/install/autoware_system_msgs/share/autoware_system_msgs/msg/AutowareState.idl
-- Installing: /home/jmj/dream_ws/install/autoware_system_msgs/share/autoware_system_msgs/msg/HazardStatus.idl
-- Installing: /home/jmj/dream_ws/install/autoware_system_msgs/share/autoware_system_msgs/msg/HazardStatusStamped.idl
-- Installing: /home/jmj/dream_ws/install/autoware_system_msgs/share/autoware_system_msgs/msg/AutowareState.msg
-- Installing: /home/jmj/dream_ws/install/autoware_system_msgs/share/autoware_system_msgs/msg/HazardStatus.msg
-- Installing: /home/jmj/dream_ws/install/autoware_system_msgs/share/autoware_system_msgs/msg/HazardStatusStamped.msg
-- Installing: /home/jmj/dream_ws/install/autoware_system_msgs/share/ament_index/resource_index/package_run_dependencies/autoware_system_msgs
-- Installing: /home/jmj/dream_ws/install/autoware_system_msgs/share/ament_index/resource_index/parent_prefix_path/autoware_system_msgs
-- Installing: /home/jmj/dream_ws/install/autoware_system_msgs/share/autoware_system_msgs/environment/ament_prefix_path.sh
-- Installing: /home/jmj/dream_ws/install/autoware_system_msgs/share/autoware_system_msgs/environment/ament_prefix_path.dsv
-- Installing: /home/jmj/dream_ws/install/autoware_system_msgs/share/autoware_system_msgs/environment/path.sh
-- Installing: /home/jmj/dream_ws/install/autoware_system_msgs/share/autoware_system_msgs/environment/path.dsv
-- Installing: /home/jmj/dream_ws/install/autoware_system_msgs/share/autoware_system_msgs/local_setup.bash
-- Installing: /home/jmj/dream_ws/install/autoware_system_msgs/share/autoware_system_msgs/local_setup.sh
-- Installing: /home/jmj/dream_ws/install/autoware_system_msgs/share/autoware_system_msgs/local_setup.zsh
-- Installing: /home/jmj/dream_ws/install/autoware_system_msgs/share/autoware_system_msgs/local_setup.dsv
-- Installing: /home/jmj/dream_ws/install/autoware_system_msgs/share/autoware_system_msgs/package.dsv
-- Installing: /home/jmj/dream_ws/install/autoware_system_msgs/share/ament_index/resource_index/packages/autoware_system_msgs
-- Installing: /home/jmj/dream_ws/install/autoware_system_msgs/share/autoware_system_msgs/cmake/export_autoware_system_msgs__rosidl_generator_cExport.cmake
-- Installing: /home/jmj/dream_ws/install/autoware_system_msgs/share/autoware_system_msgs/cmake/export_autoware_system_msgs__rosidl_generator_cExport-noconfig.cmake
-- Installing: /home/jmj/dream_ws/install/autoware_system_msgs/share/autoware_system_msgs/cmake/export_autoware_system_msgs__rosidl_typesupport_fastrtps_cExport.cmake
-- Installing: /home/jmj/dream_ws/install/autoware_system_msgs/share/autoware_system_msgs/cmake/export_autoware_system_msgs__rosidl_typesupport_fastrtps_cExport-noconfig.cmake
-- Installing: /home/jmj/dream_ws/install/autoware_system_msgs/share/autoware_system_msgs/cmake/autoware_system_msgs__rosidl_typesupport_introspection_cExport.cmake
-- Installing: /home/jmj/dream_ws/install/autoware_system_msgs/share/autoware_system_msgs/cmake/autoware_system_msgs__rosidl_typesupport_introspection_cExport-noconfig.cmake
-- Installing: /home/jmj/dream_ws/install/autoware_system_msgs/share/autoware_system_msgs/cmake/autoware_system_msgs__rosidl_typesupport_cExport.cmake
-- Installing: /home/jmj/dream_ws/install/autoware_system_msgs/share/autoware_system_msgs/cmake/autoware_system_msgs__rosidl_typesupport_cExport-noconfig.cmake
-- Installing: /home/jmj/dream_ws/install/autoware_system_msgs/share/autoware_system_msgs/cmake/export_autoware_system_msgs__rosidl_generator_cppExport.cmake
-- Installing: /home/jmj/dream_ws/install/autoware_system_msgs/share/autoware_system_msgs/cmake/export_autoware_system_msgs__rosidl_typesupport_fastrtps_cppExport.cmake
-- Installing: /home/jmj/dream_ws/install/autoware_system_msgs/share/autoware_system_msgs/cmake/export_autoware_system_msgs__rosidl_typesupport_fastrtps_cppExport-noconfig.cmake
-- Installing: /home/jmj/dream_ws/install/autoware_system_msgs/share/autoware_system_msgs/cmake/autoware_system_msgs__rosidl_typesupport_introspection_cppExport.cmake
-- Installing: /home/jmj/dream_ws/install/autoware_system_msgs/share/autoware_system_msgs/cmake/autoware_system_msgs__rosidl_typesupport_introspection_cppExport-noconfig.cmake
-- Installing: /home/jmj/dream_ws/install/autoware_system_msgs/share/autoware_system_msgs/cmake/autoware_system_msgs__rosidl_typesupport_cppExport.cmake
-- Installing: /home/jmj/dream_ws/install/autoware_system_msgs/share/autoware_system_msgs/cmake/autoware_system_msgs__rosidl_typesupport_cppExport-noconfig.cmake
-- Installing: /home/jmj/dream_ws/install/autoware_system_msgs/share/autoware_system_msgs/cmake/export_autoware_system_msgs__rosidl_generator_pyExport.cmake
-- Installing: /home/jmj/dream_ws/install/autoware_system_msgs/share/autoware_system_msgs/cmake/export_autoware_system_msgs__rosidl_generator_pyExport-noconfig.cmake
-- Installing: /home/jmj/dream_ws/install/autoware_system_msgs/share/autoware_system_msgs/cmake/rosidl_cmake-extras.cmake
-- Installing: /home/jmj/dream_ws/install/autoware_system_msgs/share/autoware_system_msgs/cmake/ament_cmake_export_dependencies-extras.cmake
-- Installing: /home/jmj/dream_ws/install/autoware_system_msgs/share/autoware_system_msgs/cmake/ament_cmake_export_include_directories-extras.cmake
-- Installing: /home/jmj/dream_ws/install/autoware_system_msgs/share/autoware_system_msgs/cmake/ament_cmake_export_libraries-extras.cmake
-- Installing: /home/jmj/dream_ws/install/autoware_system_msgs/share/autoware_system_msgs/cmake/ament_cmake_export_targets-extras.cmake
-- Installing: /home/jmj/dream_ws/install/autoware_system_msgs/share/autoware_system_msgs/cmake/rosidl_cmake_export_typesupport_targets-extras.cmake
-- Installing: /home/jmj/dream_ws/install/autoware_system_msgs/share/autoware_system_msgs/cmake/rosidl_cmake_export_typesupport_libraries-extras.cmake
-- Installing: /home/jmj/dream_ws/install/autoware_system_msgs/share/autoware_system_msgs/cmake/autoware_system_msgsConfig.cmake
-- Installing: /home/jmj/dream_ws/install/autoware_system_msgs/share/autoware_system_msgs/cmake/autoware_system_msgsConfig-version.cmake
-- Installing: /home/jmj/dream_ws/install/autoware_system_msgs/share/autoware_system_msgs/package.xml
