[0.017s] Invoking command in '/home/jmj/dream_ws/build/autoware_system_msgs': CMAKE_PREFIX_PATH=${CMAKE_PREFIX_PATH}:/home/jmj/dream_ws/install/dream:/opt/ros/humble /usr/bin/cmake /home/jmj/dream_ws/autoware_msgs/autoware_system_msgs -DCMAKE_INSTALL_PREFIX=/home/jmj/dream_ws/install/autoware_system_msgs
[0.057s] -- The C compiler identification is GNU 11.4.0
[0.091s] -- The CXX compiler identification is GNU 11.4.0
[0.097s] -- Detecting C compiler ABI info
[0.133s] -- Detecting C compiler ABI info - done
[0.138s] -- Check for working C compiler: /usr/lib/ccache/gcc - skipped
[0.138s] -- Detecting C compile features
[0.139s] -- Detecting C compile features - done
[0.142s] -- Detecting CXX compiler ABI info
[0.181s] -- Detecting CXX compiler ABI info - done
[0.186s] -- Check for working CXX compiler: /usr/lib/ccache/g++ - skipped
[0.186s] -- Detecting CXX compile features
[0.186s] -- Detecting CXX compile features - done
[0.187s] -- Found ament_cmake_auto: 1.3.11 (/opt/ros/humble/share/ament_cmake_auto/cmake)
[0.283s] -- Found Python3: /usr/bin/python3 (found version "3.10.12") found components: Interpreter 
[0.379s] -- Using all available rosidl_typesupport_c: rosidl_typesupport_fastrtps_c;rosidl_typesupport_introspection_c
[0.385s] -- Found rosidl_adapter: 3.1.6 (/opt/ros/humble/share/rosidl_adapter/cmake)
[0.408s] -- Using all available rosidl_typesupport_cpp: rosidl_typesupport_fastrtps_cpp;rosidl_typesupport_introspection_cpp
[0.651s] -- Found ament_cmake_cppcheck: 0.12.12 (/opt/ros/humble/share/ament_cmake_cppcheck/cmake)
[0.653s] -- Found ament_cmake_cpplint: 0.12.12 (/opt/ros/humble/share/ament_cmake_cpplint/cmake)
[0.655s] -- Found ament_cmake_uncrustify: 0.12.12 (/opt/ros/humble/share/ament_cmake_uncrustify/cmake)
[0.656s] -- Found ament_cmake_ros: 0.10.0 (/opt/ros/humble/share/ament_cmake_ros/cmake)
[0.831s] -- Using all available rosidl_typesupport_c: rosidl_typesupport_fastrtps_c;rosidl_typesupport_introspection_c
[1.051s] -- Using all available rosidl_typesupport_cpp: rosidl_typesupport_fastrtps_cpp;rosidl_typesupport_introspection_cpp
[1.066s] -- Found PythonInterp: /usr/bin/python3 (found suitable version "3.10.12", minimum required is "3.6") 
[1.067s] -- Found python_cmake_module: 0.10.0 (/opt/ros/humble/share/python_cmake_module/cmake)
[1.085s] -- Found PythonLibs: /usr/lib/x86_64-linux-gnu/libpython3.10.so (found suitable version "3.10.12", minimum required is "3.5") 
[1.085s] -- Using PYTHON_EXECUTABLE: /usr/bin/python3
[1.085s] -- Using PYTHON_INCLUDE_DIRS: /usr/include/python3.10
[1.085s] -- Using PYTHON_LIBRARIES: /usr/lib/x86_64-linux-gnu/libpython3.10.so
[1.103s] -- Found PythonExtra: .so  
[1.172s] -- Found ament_cmake_flake8: 0.12.12 (/opt/ros/humble/share/ament_cmake_flake8/cmake)
[1.172s] -- Found ament_cmake_pep257: 0.12.12 (/opt/ros/humble/share/ament_cmake_pep257/cmake)
[1.174s] -- Found ament_lint_auto: 0.12.12 (/opt/ros/humble/share/ament_lint_auto/cmake)
[1.182s] -- Added test 'copyright' to check source files copyright and LICENSE
[1.183s] -- Added test 'lint_cmake' to check CMake code style
[1.184s] -- Added test 'xmllint' to check XML markup files
[1.186s] -- Configuring done
[1.226s] -- Generating done
[1.239s] -- Build files have been written to: /home/jmj/dream_ws/build/autoware_system_msgs
[1.258s] Invoked command in '/home/jmj/dream_ws/build/autoware_system_msgs' returned '0': CMAKE_PREFIX_PATH=${CMAKE_PREFIX_PATH}:/home/jmj/dream_ws/install/dream:/opt/ros/humble /usr/bin/cmake /home/jmj/dream_ws/autoware_msgs/autoware_system_msgs -DCMAKE_INSTALL_PREFIX=/home/jmj/dream_ws/install/autoware_system_msgs
[1.258s] Invoking command in '/home/jmj/dream_ws/build/autoware_system_msgs': CMAKE_PREFIX_PATH=${CMAKE_PREFIX_PATH}:/home/jmj/dream_ws/install/dream:/opt/ros/humble /usr/bin/cmake --build /home/jmj/dream_ws/build/autoware_system_msgs -- -j20 -l20
[1.329s] [  2%] [34m[1mGenerating C code for ROS interfaces[0m
[1.352s] [  4%] [34m[1mGenerating C++ code for ROS interfaces[0m
[1.364s] [  4%] Built target ament_cmake_python_copy_autoware_system_msgs
[1.749s] running egg_info
[1.751s] creating autoware_system_msgs.egg-info
[1.752s] writing autoware_system_msgs.egg-info/PKG-INFO
[1.752s] writing dependency_links to autoware_system_msgs.egg-info/dependency_links.txt
[1.752s] writing top-level names to autoware_system_msgs.egg-info/top_level.txt
[1.754s] writing manifest file 'autoware_system_msgs.egg-info/SOURCES.txt'
[1.756s] reading manifest file 'autoware_system_msgs.egg-info/SOURCES.txt'
[1.756s] writing manifest file 'autoware_system_msgs.egg-info/SOURCES.txt'
[1.819s] [  6%] [32mBuilding C object CMakeFiles/autoware_system_msgs__rosidl_generator_c.dir/rosidl_generator_c/autoware_system_msgs/msg/detail/hazard_status_stamped__functions.c.o[0m
[1.825s] [  6%] Built target ament_cmake_python_build_autoware_system_msgs_egg
[1.829s] [  8%] [32mBuilding C object CMakeFiles/autoware_system_msgs__rosidl_generator_c.dir/rosidl_generator_c/autoware_system_msgs/msg/detail/hazard_status__functions.c.o[0m
[1.833s] [ 10%] [32mBuilding C object CMakeFiles/autoware_system_msgs__rosidl_generator_c.dir/rosidl_generator_c/autoware_system_msgs/msg/detail/autoware_state__functions.c.o[0m
[1.955s] [ 10%] Built target autoware_system_msgs__cpp
[1.964s] [ 12%] [32m[1mLinking C shared library libautoware_system_msgs__rosidl_generator_c.so[0m
[1.971s] [ 14%] [34m[1mGenerating C++ type support dispatch for ROS interfaces[0m
[1.979s] [ 17%] [34m[1mGenerating C++ type support for eProsima Fast-RTPS[0m
[1.981s] [ 19%] [34m[1mGenerating C++ introspection for ROS interfaces[0m
[2.036s] [ 19%] Built target autoware_system_msgs__rosidl_generator_c
[2.062s] [ 21%] [34m[1mGenerating C type support for eProsima Fast-RTPS[0m
[2.064s] [ 23%] [34m[1mGenerating C introspection for ROS interfaces[0m
[2.068s] [ 25%] [34m[1mGenerating C type support dispatch for ROS interfaces[0m
[2.615s] [ 27%] [32mBuilding CXX object CMakeFiles/autoware_system_msgs__rosidl_typesupport_c.dir/rosidl_typesupport_c/autoware_system_msgs/msg/autoware_state__type_support.cpp.o[0m
[2.616s] [ 29%] [32mBuilding CXX object CMakeFiles/autoware_system_msgs__rosidl_typesupport_c.dir/rosidl_typesupport_c/autoware_system_msgs/msg/hazard_status__type_support.cpp.o[0m
[2.623s] [ 31%] [32mBuilding CXX object CMakeFiles/autoware_system_msgs__rosidl_typesupport_c.dir/rosidl_typesupport_c/autoware_system_msgs/msg/hazard_status_stamped__type_support.cpp.o[0m
[2.629s] [ 36%] [32mBuilding CXX object CMakeFiles/autoware_system_msgs__rosidl_typesupport_cpp.dir/rosidl_typesupport_cpp/autoware_system_msgs/msg/hazard_status__type_support.cpp.o[0m
[2.630s] [ 36%] [32mBuilding CXX object CMakeFiles/autoware_system_msgs__rosidl_typesupport_cpp.dir/rosidl_typesupport_cpp/autoware_system_msgs/msg/autoware_state__type_support.cpp.o[0m
[2.641s] [ 38%] [32mBuilding CXX object CMakeFiles/autoware_system_msgs__rosidl_typesupport_cpp.dir/rosidl_typesupport_cpp/autoware_system_msgs/msg/hazard_status_stamped__type_support.cpp.o[0m
[2.749s] [ 40%] [32mBuilding CXX object CMakeFiles/autoware_system_msgs__rosidl_typesupport_fastrtps_cpp.dir/rosidl_typesupport_fastrtps_cpp/autoware_system_msgs/msg/detail/dds_fastrtps/autoware_state__type_support.cpp.o[0m
[2.749s] [ 42%] [32mBuilding CXX object CMakeFiles/autoware_system_msgs__rosidl_typesupport_fastrtps_cpp.dir/rosidl_typesupport_fastrtps_cpp/autoware_system_msgs/msg/detail/dds_fastrtps/hazard_status_stamped__type_support.cpp.o[0m
[2.758s] [ 44%] [32m[1mLinking CXX shared library libautoware_system_msgs__rosidl_typesupport_c.so[0m
[2.790s] [ 46%] [32mBuilding CXX object CMakeFiles/autoware_system_msgs__rosidl_typesupport_fastrtps_cpp.dir/rosidl_typesupport_fastrtps_cpp/autoware_system_msgs/msg/detail/dds_fastrtps/hazard_status__type_support.cpp.o[0m
[2.868s] [ 46%] Built target autoware_system_msgs__rosidl_typesupport_c
[2.992s] [ 51%] [32mBuilding C object CMakeFiles/autoware_system_msgs__rosidl_typesupport_introspection_c.dir/rosidl_typesupport_introspection_c/autoware_system_msgs/msg/detail/hazard_status__type_support.c.o[0m
[2.992s] [ 51%] [32mBuilding C object CMakeFiles/autoware_system_msgs__rosidl_typesupport_introspection_c.dir/rosidl_typesupport_introspection_c/autoware_system_msgs/msg/detail/autoware_state__type_support.c.o[0m
[3.002s] [ 53%] [32mBuilding C object CMakeFiles/autoware_system_msgs__rosidl_typesupport_introspection_c.dir/rosidl_typesupport_introspection_c/autoware_system_msgs/msg/detail/hazard_status_stamped__type_support.c.o[0m
[3.007s] [ 57%] [32mBuilding CXX object CMakeFiles/autoware_system_msgs__rosidl_typesupport_introspection_cpp.dir/rosidl_typesupport_introspection_cpp/autoware_system_msgs/msg/detail/hazard_status__type_support.cpp.o[0m
[3.008s] [ 57%] [32mBuilding CXX object CMakeFiles/autoware_system_msgs__rosidl_typesupport_introspection_cpp.dir/rosidl_typesupport_introspection_cpp/autoware_system_msgs/msg/detail/autoware_state__type_support.cpp.o[0m
[3.023s] [ 59%] [32mBuilding CXX object CMakeFiles/autoware_system_msgs__rosidl_typesupport_introspection_cpp.dir/rosidl_typesupport_introspection_cpp/autoware_system_msgs/msg/detail/hazard_status_stamped__type_support.cpp.o[0m
[3.033s] [ 61%] [32mBuilding CXX object CMakeFiles/autoware_system_msgs__rosidl_typesupport_fastrtps_c.dir/rosidl_typesupport_fastrtps_c/autoware_system_msgs/msg/detail/hazard_status__type_support_c.cpp.o[0m
[3.042s] [ 63%] [32mBuilding CXX object CMakeFiles/autoware_system_msgs__rosidl_typesupport_fastrtps_c.dir/rosidl_typesupport_fastrtps_c/autoware_system_msgs/msg/detail/autoware_state__type_support_c.cpp.o[0m
[3.046s] [ 65%] [32mBuilding CXX object CMakeFiles/autoware_system_msgs__rosidl_typesupport_fastrtps_c.dir/rosidl_typesupport_fastrtps_c/autoware_system_msgs/msg/detail/hazard_status_stamped__type_support_c.cpp.o[0m
[3.192s] [ 68%] [32m[1mLinking C shared library libautoware_system_msgs__rosidl_typesupport_introspection_c.so[0m
[3.290s] [ 68%] Built target autoware_system_msgs__rosidl_typesupport_introspection_c
[3.799s] [ 70%] [32m[1mLinking CXX shared library libautoware_system_msgs__rosidl_typesupport_cpp.so[0m
[3.939s] [ 70%] Built target autoware_system_msgs__rosidl_typesupport_cpp
[4.519s] [ 72%] [32m[1mLinking CXX shared library libautoware_system_msgs__rosidl_typesupport_fastrtps_cpp.so[0m
[4.773s] [ 74%] [32m[1mLinking CXX shared library libautoware_system_msgs__rosidl_typesupport_fastrtps_c.so[0m
[4.863s] [ 76%] [32m[1mLinking CXX shared library libautoware_system_msgs__rosidl_typesupport_introspection_cpp.so[0m
[4.940s] [ 76%] Built target autoware_system_msgs__rosidl_typesupport_fastrtps_cpp
[5.145s] [ 76%] Built target autoware_system_msgs__rosidl_typesupport_introspection_cpp
[5.283s] [ 76%] Built target autoware_system_msgs__rosidl_typesupport_fastrtps_c
[5.356s] [ 76%] Built target autoware_system_msgs
[5.399s] [ 78%] [34m[1mGenerating Python code for ROS interfaces[0m
[6.694s] [ 78%] Built target autoware_system_msgs__py
[6.712s] [ 85%] [32mBuilding C object CMakeFiles/autoware_system_msgs__rosidl_generator_py.dir/rosidl_generator_py/autoware_system_msgs/msg/_hazard_status_s.c.o[0m
[6.712s] [ 85%] [32mBuilding C object CMakeFiles/autoware_system_msgs__rosidl_generator_py.dir/rosidl_generator_py/autoware_system_msgs/msg/_hazard_status_stamped_s.c.o[0m
[6.712s] [ 85%] [32mBuilding C object CMakeFiles/autoware_system_msgs__rosidl_generator_py.dir/rosidl_generator_py/autoware_system_msgs/msg/_autoware_state_s.c.o[0m
[6.891s] [ 87%] [32m[1mLinking C shared library rosidl_generator_py/autoware_system_msgs/libautoware_system_msgs__rosidl_generator_py.so[0m
[6.938s] [ 87%] Built target autoware_system_msgs__rosidl_generator_py
[6.977s] [ 89%] [32mBuilding C object CMakeFiles/autoware_system_msgs__rosidl_typesupport_fastrtps_c__pyext.dir/rosidl_generator_py/autoware_system_msgs/_autoware_system_msgs_s.ep.rosidl_typesupport_fastrtps_c.c.o[0m
[6.981s] [ 91%] [32mBuilding C object CMakeFiles/autoware_system_msgs__rosidl_typesupport_introspection_c__pyext.dir/rosidl_generator_py/autoware_system_msgs/_autoware_system_msgs_s.ep.rosidl_typesupport_introspection_c.c.o[0m
[6.994s] [ 93%] [32mBuilding C object CMakeFiles/autoware_system_msgs__rosidl_typesupport_c__pyext.dir/rosidl_generator_py/autoware_system_msgs/_autoware_system_msgs_s.ep.rosidl_typesupport_c.c.o[0m
[7.309s] [ 95%] [32m[1mLinking C shared library rosidl_generator_py/autoware_system_msgs/autoware_system_msgs_s__rosidl_typesupport_fastrtps_c.cpython-310-x86_64-linux-gnu.so[0m
[7.341s] [ 97%] [32m[1mLinking C shared library rosidl_generator_py/autoware_system_msgs/autoware_system_msgs_s__rosidl_typesupport_introspection_c.cpython-310-x86_64-linux-gnu.so[0m
[7.360s] [100%] [32m[1mLinking C shared library rosidl_generator_py/autoware_system_msgs/autoware_system_msgs_s__rosidl_typesupport_c.cpython-310-x86_64-linux-gnu.so[0m
[7.415s] [100%] Built target autoware_system_msgs__rosidl_typesupport_fastrtps_c__pyext
[7.460s] [100%] Built target autoware_system_msgs__rosidl_typesupport_introspection_c__pyext
[7.471s] [100%] Built target autoware_system_msgs__rosidl_typesupport_c__pyext
[7.495s] Invoked command in '/home/jmj/dream_ws/build/autoware_system_msgs' returned '0': CMAKE_PREFIX_PATH=${CMAKE_PREFIX_PATH}:/home/jmj/dream_ws/install/dream:/opt/ros/humble /usr/bin/cmake --build /home/jmj/dream_ws/build/autoware_system_msgs -- -j20 -l20
[7.496s] Invoking command in '/home/jmj/dream_ws/build/autoware_system_msgs': CMAKE_PREFIX_PATH=${CMAKE_PREFIX_PATH}:/home/jmj/dream_ws/install/dream:/opt/ros/humble /usr/bin/cmake --install /home/jmj/dream_ws/build/autoware_system_msgs
[7.513s] -- Install configuration: ""
[7.513s] -- Installing: /home/jmj/dream_ws/install/autoware_system_msgs/share/ament_index/resource_index/rosidl_interfaces/autoware_system_msgs
[7.513s] -- Installing: /home/jmj/dream_ws/install/autoware_system_msgs/include/autoware_system_msgs/autoware_system_msgs
[7.513s] -- Installing: /home/jmj/dream_ws/install/autoware_system_msgs/include/autoware_system_msgs/autoware_system_msgs/msg
[7.516s] -- Installing: /home/jmj/dream_ws/install/autoware_system_msgs/include/autoware_system_msgs/autoware_system_msgs/msg/hazard_status_stamped.h
[7.516s] -- Installing: /home/jmj/dream_ws/install/autoware_system_msgs/include/autoware_system_msgs/autoware_system_msgs/msg/rosidl_generator_c__visibility_control.h
[7.516s] -- Installing: /home/jmj/dream_ws/install/autoware_system_msgs/include/autoware_system_msgs/autoware_system_msgs/msg/detail
[7.516s] -- Installing: /home/jmj/dream_ws/install/autoware_system_msgs/include/autoware_system_msgs/autoware_system_msgs/msg/detail/hazard_status_stamped__type_support.h
[7.516s] -- Installing: /home/jmj/dream_ws/install/autoware_system_msgs/include/autoware_system_msgs/autoware_system_msgs/msg/detail/autoware_state__struct.h
[7.516s] -- Installing: /home/jmj/dream_ws/install/autoware_system_msgs/include/autoware_system_msgs/autoware_system_msgs/msg/detail/autoware_state__type_support.h
[7.516s] -- Installing: /home/jmj/dream_ws/install/autoware_system_msgs/include/autoware_system_msgs/autoware_system_msgs/msg/detail/autoware_state__functions.h
[7.517s] -- Installing: /home/jmj/dream_ws/install/autoware_system_msgs/include/autoware_system_msgs/autoware_system_msgs/msg/detail/autoware_state__functions.c
[7.517s] -- Installing: /home/jmj/dream_ws/install/autoware_system_msgs/include/autoware_system_msgs/autoware_system_msgs/msg/detail/hazard_status__struct.h
[7.517s] -- Installing: /home/jmj/dream_ws/install/autoware_system_msgs/include/autoware_system_msgs/autoware_system_msgs/msg/detail/hazard_status_stamped__struct.h
[7.517s] -- Installing: /home/jmj/dream_ws/install/autoware_system_msgs/include/autoware_system_msgs/autoware_system_msgs/msg/detail/hazard_status__functions.c
[7.519s] -- Installing: /home/jmj/dream_ws/install/autoware_system_msgs/include/autoware_system_msgs/autoware_system_msgs/msg/detail/hazard_status_stamped__functions.c
[7.519s] -- Installing: /home/jmj/dream_ws/install/autoware_system_msgs/include/autoware_system_msgs/autoware_system_msgs/msg/detail/hazard_status__type_support.h
[7.519s] -- Installing: /home/jmj/dream_ws/install/autoware_system_msgs/include/autoware_system_msgs/autoware_system_msgs/msg/detail/hazard_status_stamped__functions.h
[7.519s] -- Installing: /home/jmj/dream_ws/install/autoware_system_msgs/include/autoware_system_msgs/autoware_system_msgs/msg/detail/hazard_status__functions.h
[7.519s] -- Installing: /home/jmj/dream_ws/install/autoware_system_msgs/include/autoware_system_msgs/autoware_system_msgs/msg/autoware_state.h
[7.519s] -- Installing: /home/jmj/dream_ws/install/autoware_system_msgs/include/autoware_system_msgs/autoware_system_msgs/msg/hazard_status.h
[7.519s] -- Installing: /home/jmj/dream_ws/install/autoware_system_msgs/share/autoware_system_msgs/environment/library_path.sh
[7.520s] -- Installing: /home/jmj/dream_ws/install/autoware_system_msgs/share/autoware_system_msgs/environment/library_path.dsv
[7.520s] -- Installing: /home/jmj/dream_ws/install/autoware_system_msgs/lib/libautoware_system_msgs__rosidl_generator_c.so
[7.520s] -- Set runtime path of "/home/jmj/dream_ws/install/autoware_system_msgs/lib/libautoware_system_msgs__rosidl_generator_c.so" to ""
[7.520s] -- Up-to-date: /home/jmj/dream_ws/install/autoware_system_msgs/include/autoware_system_msgs/autoware_system_msgs
[7.520s] -- Up-to-date: /home/jmj/dream_ws/install/autoware_system_msgs/include/autoware_system_msgs/autoware_system_msgs/msg
[7.520s] -- Up-to-date: /home/jmj/dream_ws/install/autoware_system_msgs/include/autoware_system_msgs/autoware_system_msgs/msg/detail
[7.520s] -- Installing: /home/jmj/dream_ws/install/autoware_system_msgs/include/autoware_system_msgs/autoware_system_msgs/msg/detail/autoware_state__rosidl_typesupport_fastrtps_c.h
[7.520s] -- Installing: /home/jmj/dream_ws/install/autoware_system_msgs/include/autoware_system_msgs/autoware_system_msgs/msg/detail/hazard_status__rosidl_typesupport_fastrtps_c.h
[7.520s] -- Installing: /home/jmj/dream_ws/install/autoware_system_msgs/include/autoware_system_msgs/autoware_system_msgs/msg/detail/hazard_status_stamped__rosidl_typesupport_fastrtps_c.h
[7.520s] -- Installing: /home/jmj/dream_ws/install/autoware_system_msgs/include/autoware_system_msgs/autoware_system_msgs/msg/rosidl_typesupport_fastrtps_c__visibility_control.h
[7.524s] -- Installing: /home/jmj/dream_ws/install/autoware_system_msgs/lib/libautoware_system_msgs__rosidl_typesupport_fastrtps_c.so
[7.524s] -- Set runtime path of "/home/jmj/dream_ws/install/autoware_system_msgs/lib/libautoware_system_msgs__rosidl_typesupport_fastrtps_c.so" to ""
[7.524s] -- Up-to-date: /home/jmj/dream_ws/install/autoware_system_msgs/include/autoware_system_msgs/autoware_system_msgs
[7.524s] -- Up-to-date: /home/jmj/dream_ws/install/autoware_system_msgs/include/autoware_system_msgs/autoware_system_msgs/msg
[7.524s] -- Up-to-date: /home/jmj/dream_ws/install/autoware_system_msgs/include/autoware_system_msgs/autoware_system_msgs/msg/detail
[7.524s] -- Installing: /home/jmj/dream_ws/install/autoware_system_msgs/include/autoware_system_msgs/autoware_system_msgs/msg/detail/autoware_state__rosidl_typesupport_introspection_c.h
[7.524s] -- Installing: /home/jmj/dream_ws/install/autoware_system_msgs/include/autoware_system_msgs/autoware_system_msgs/msg/detail/autoware_state__type_support.c
[7.524s] -- Installing: /home/jmj/dream_ws/install/autoware_system_msgs/include/autoware_system_msgs/autoware_system_msgs/msg/detail/hazard_status_stamped__type_support.c
[7.524s] -- Installing: /home/jmj/dream_ws/install/autoware_system_msgs/include/autoware_system_msgs/autoware_system_msgs/msg/detail/hazard_status__type_support.c
[7.525s] -- Installing: /home/jmj/dream_ws/install/autoware_system_msgs/include/autoware_system_msgs/autoware_system_msgs/msg/detail/hazard_status__rosidl_typesupport_introspection_c.h
[7.525s] -- Installing: /home/jmj/dream_ws/install/autoware_system_msgs/include/autoware_system_msgs/autoware_system_msgs/msg/detail/hazard_status_stamped__rosidl_typesupport_introspection_c.h
[7.525s] -- Installing: /home/jmj/dream_ws/install/autoware_system_msgs/include/autoware_system_msgs/autoware_system_msgs/msg/rosidl_typesupport_introspection_c__visibility_control.h
[7.525s] -- Installing: /home/jmj/dream_ws/install/autoware_system_msgs/lib/libautoware_system_msgs__rosidl_typesupport_introspection_c.so
[7.529s] -- Set runtime path of "/home/jmj/dream_ws/install/autoware_system_msgs/lib/libautoware_system_msgs__rosidl_typesupport_introspection_c.so" to ""
[7.529s] -- Installing: /home/jmj/dream_ws/install/autoware_system_msgs/lib/libautoware_system_msgs__rosidl_typesupport_c.so
[7.529s] -- Set runtime path of "/home/jmj/dream_ws/install/autoware_system_msgs/lib/libautoware_system_msgs__rosidl_typesupport_c.so" to ""
[7.529s] -- Up-to-date: /home/jmj/dream_ws/install/autoware_system_msgs/include/autoware_system_msgs/autoware_system_msgs
[7.529s] -- Up-to-date: /home/jmj/dream_ws/install/autoware_system_msgs/include/autoware_system_msgs/autoware_system_msgs/msg
[7.529s] -- Up-to-date: /home/jmj/dream_ws/install/autoware_system_msgs/include/autoware_system_msgs/autoware_system_msgs/msg/detail
[7.529s] -- Installing: /home/jmj/dream_ws/install/autoware_system_msgs/include/autoware_system_msgs/autoware_system_msgs/msg/detail/autoware_state__traits.hpp
[7.529s] -- Installing: /home/jmj/dream_ws/install/autoware_system_msgs/include/autoware_system_msgs/autoware_system_msgs/msg/detail/hazard_status__traits.hpp
[7.529s] -- Installing: /home/jmj/dream_ws/install/autoware_system_msgs/include/autoware_system_msgs/autoware_system_msgs/msg/detail/autoware_state__struct.hpp
[7.529s] -- Installing: /home/jmj/dream_ws/install/autoware_system_msgs/include/autoware_system_msgs/autoware_system_msgs/msg/detail/hazard_status_stamped__struct.hpp
[7.529s] -- Installing: /home/jmj/dream_ws/install/autoware_system_msgs/include/autoware_system_msgs/autoware_system_msgs/msg/detail/hazard_status__type_support.hpp
[7.530s] -- Installing: /home/jmj/dream_ws/install/autoware_system_msgs/include/autoware_system_msgs/autoware_system_msgs/msg/detail/hazard_status_stamped__builder.hpp
[7.530s] -- Installing: /home/jmj/dream_ws/install/autoware_system_msgs/include/autoware_system_msgs/autoware_system_msgs/msg/detail/hazard_status__struct.hpp
[7.530s] -- Installing: /home/jmj/dream_ws/install/autoware_system_msgs/include/autoware_system_msgs/autoware_system_msgs/msg/detail/hazard_status_stamped__traits.hpp
[7.530s] -- Installing: /home/jmj/dream_ws/install/autoware_system_msgs/include/autoware_system_msgs/autoware_system_msgs/msg/detail/hazard_status__builder.hpp
[7.530s] -- Installing: /home/jmj/dream_ws/install/autoware_system_msgs/include/autoware_system_msgs/autoware_system_msgs/msg/detail/autoware_state__builder.hpp
[7.530s] -- Installing: /home/jmj/dream_ws/install/autoware_system_msgs/include/autoware_system_msgs/autoware_system_msgs/msg/detail/autoware_state__type_support.hpp
[7.530s] -- Installing: /home/jmj/dream_ws/install/autoware_system_msgs/include/autoware_system_msgs/autoware_system_msgs/msg/detail/hazard_status_stamped__type_support.hpp
[7.530s] -- Installing: /home/jmj/dream_ws/install/autoware_system_msgs/include/autoware_system_msgs/autoware_system_msgs/msg/hazard_status_stamped.hpp
[7.530s] -- Installing: /home/jmj/dream_ws/install/autoware_system_msgs/include/autoware_system_msgs/autoware_system_msgs/msg/hazard_status.hpp
[7.530s] -- Installing: /home/jmj/dream_ws/install/autoware_system_msgs/include/autoware_system_msgs/autoware_system_msgs/msg/rosidl_generator_cpp__visibility_control.hpp
[7.530s] -- Installing: /home/jmj/dream_ws/install/autoware_system_msgs/include/autoware_system_msgs/autoware_system_msgs/msg/autoware_state.hpp
[7.530s] -- Up-to-date: /home/jmj/dream_ws/install/autoware_system_msgs/include/autoware_system_msgs/autoware_system_msgs
[7.530s] -- Up-to-date: /home/jmj/dream_ws/install/autoware_system_msgs/include/autoware_system_msgs/autoware_system_msgs/msg
[7.530s] -- Up-to-date: /home/jmj/dream_ws/install/autoware_system_msgs/include/autoware_system_msgs/autoware_system_msgs/msg/detail
[7.534s] -- Installing: /home/jmj/dream_ws/install/autoware_system_msgs/include/autoware_system_msgs/autoware_system_msgs/msg/detail/dds_fastrtps
[7.534s] -- Installing: /home/jmj/dream_ws/install/autoware_system_msgs/include/autoware_system_msgs/autoware_system_msgs/msg/detail/hazard_status_stamped__rosidl_typesupport_fastrtps_cpp.hpp
[7.534s] -- Installing: /home/jmj/dream_ws/install/autoware_system_msgs/include/autoware_system_msgs/autoware_system_msgs/msg/detail/hazard_status__rosidl_typesupport_fastrtps_cpp.hpp
[7.534s] -- Installing: /home/jmj/dream_ws/install/autoware_system_msgs/include/autoware_system_msgs/autoware_system_msgs/msg/detail/autoware_state__rosidl_typesupport_fastrtps_cpp.hpp
[7.534s] -- Installing: /home/jmj/dream_ws/install/autoware_system_msgs/include/autoware_system_msgs/autoware_system_msgs/msg/rosidl_typesupport_fastrtps_cpp__visibility_control.h
[7.534s] -- Installing: /home/jmj/dream_ws/install/autoware_system_msgs/lib/libautoware_system_msgs__rosidl_typesupport_fastrtps_cpp.so
[7.534s] -- Set runtime path of "/home/jmj/dream_ws/install/autoware_system_msgs/lib/libautoware_system_msgs__rosidl_typesupport_fastrtps_cpp.so" to ""
[7.534s] -- Up-to-date: /home/jmj/dream_ws/install/autoware_system_msgs/include/autoware_system_msgs/autoware_system_msgs
[7.534s] -- Up-to-date: /home/jmj/dream_ws/install/autoware_system_msgs/include/autoware_system_msgs/autoware_system_msgs/msg
[7.534s] -- Up-to-date: /home/jmj/dream_ws/install/autoware_system_msgs/include/autoware_system_msgs/autoware_system_msgs/msg/detail
[7.534s] -- Installing: /home/jmj/dream_ws/install/autoware_system_msgs/include/autoware_system_msgs/autoware_system_msgs/msg/detail/hazard_status__type_support.cpp
[7.534s] -- Installing: /home/jmj/dream_ws/install/autoware_system_msgs/include/autoware_system_msgs/autoware_system_msgs/msg/detail/hazard_status__rosidl_typesupport_introspection_cpp.hpp
[7.534s] -- Installing: /home/jmj/dream_ws/install/autoware_system_msgs/include/autoware_system_msgs/autoware_system_msgs/msg/detail/hazard_status_stamped__type_support.cpp
[7.535s] -- Installing: /home/jmj/dream_ws/install/autoware_system_msgs/include/autoware_system_msgs/autoware_system_msgs/msg/detail/hazard_status_stamped__rosidl_typesupport_introspection_cpp.hpp
[7.535s] -- Installing: /home/jmj/dream_ws/install/autoware_system_msgs/include/autoware_system_msgs/autoware_system_msgs/msg/detail/autoware_state__type_support.cpp
[7.535s] -- Installing: /home/jmj/dream_ws/install/autoware_system_msgs/include/autoware_system_msgs/autoware_system_msgs/msg/detail/autoware_state__rosidl_typesupport_introspection_cpp.hpp
[7.535s] -- Installing: /home/jmj/dream_ws/install/autoware_system_msgs/lib/libautoware_system_msgs__rosidl_typesupport_introspection_cpp.so
[7.536s] -- Set runtime path of "/home/jmj/dream_ws/install/autoware_system_msgs/lib/libautoware_system_msgs__rosidl_typesupport_introspection_cpp.so" to ""
[7.536s] -- Installing: /home/jmj/dream_ws/install/autoware_system_msgs/lib/libautoware_system_msgs__rosidl_typesupport_cpp.so
[7.536s] -- Set runtime path of "/home/jmj/dream_ws/install/autoware_system_msgs/lib/libautoware_system_msgs__rosidl_typesupport_cpp.so" to ""
[7.536s] -- Installing: /home/jmj/dream_ws/install/autoware_system_msgs/share/autoware_system_msgs/environment/pythonpath.sh
[7.536s] -- Installing: /home/jmj/dream_ws/install/autoware_system_msgs/share/autoware_system_msgs/environment/pythonpath.dsv
[7.536s] -- Installing: /home/jmj/dream_ws/install/autoware_system_msgs/local/lib/python3.10/dist-packages/autoware_system_msgs-1.8.0-py3.10.egg-info
[7.537s] -- Installing: /home/jmj/dream_ws/install/autoware_system_msgs/local/lib/python3.10/dist-packages/autoware_system_msgs-1.8.0-py3.10.egg-info/dependency_links.txt
[7.537s] -- Installing: /home/jmj/dream_ws/install/autoware_system_msgs/local/lib/python3.10/dist-packages/autoware_system_msgs-1.8.0-py3.10.egg-info/top_level.txt
[7.537s] -- Installing: /home/jmj/dream_ws/install/autoware_system_msgs/local/lib/python3.10/dist-packages/autoware_system_msgs-1.8.0-py3.10.egg-info/PKG-INFO
[7.537s] -- Installing: /home/jmj/dream_ws/install/autoware_system_msgs/local/lib/python3.10/dist-packages/autoware_system_msgs-1.8.0-py3.10.egg-info/SOURCES.txt
[7.537s] -- Installing: /home/jmj/dream_ws/install/autoware_system_msgs/local/lib/python3.10/dist-packages/autoware_system_msgs
[7.537s] -- Installing: /home/jmj/dream_ws/install/autoware_system_msgs/local/lib/python3.10/dist-packages/autoware_system_msgs/libautoware_system_msgs__rosidl_generator_py.so
[7.537s] -- Installing: /home/jmj/dream_ws/install/autoware_system_msgs/local/lib/python3.10/dist-packages/autoware_system_msgs/_autoware_system_msgs_s.ep.rosidl_typesupport_c.c
[7.537s] -- Installing: /home/jmj/dream_ws/install/autoware_system_msgs/local/lib/python3.10/dist-packages/autoware_system_msgs/__init__.py
[7.538s] -- Installing: /home/jmj/dream_ws/install/autoware_system_msgs/local/lib/python3.10/dist-packages/autoware_system_msgs/autoware_system_msgs_s__rosidl_typesupport_c.cpython-310-x86_64-linux-gnu.so
[7.538s] -- Installing: /home/jmj/dream_ws/install/autoware_system_msgs/local/lib/python3.10/dist-packages/autoware_system_msgs/autoware_system_msgs_s__rosidl_typesupport_fastrtps_c.cpython-310-x86_64-linux-gnu.so
[7.542s] -- Installing: /home/jmj/dream_ws/install/autoware_system_msgs/local/lib/python3.10/dist-packages/autoware_system_msgs/_autoware_system_msgs_s.ep.rosidl_typesupport_fastrtps_c.c
[7.542s] -- Installing: /home/jmj/dream_ws/install/autoware_system_msgs/local/lib/python3.10/dist-packages/autoware_system_msgs/_autoware_system_msgs_s.ep.rosidl_typesupport_introspection_c.c
[7.542s] -- Installing: /home/jmj/dream_ws/install/autoware_system_msgs/local/lib/python3.10/dist-packages/autoware_system_msgs/autoware_system_msgs_s__rosidl_typesupport_introspection_c.cpython-310-x86_64-linux-gnu.so
[7.542s] -- Installing: /home/jmj/dream_ws/install/autoware_system_msgs/local/lib/python3.10/dist-packages/autoware_system_msgs/msg
[7.542s] -- Installing: /home/jmj/dream_ws/install/autoware_system_msgs/local/lib/python3.10/dist-packages/autoware_system_msgs/msg/_autoware_state_s.c
[7.542s] -- Installing: /home/jmj/dream_ws/install/autoware_system_msgs/local/lib/python3.10/dist-packages/autoware_system_msgs/msg/__init__.py
[7.542s] -- Installing: /home/jmj/dream_ws/install/autoware_system_msgs/local/lib/python3.10/dist-packages/autoware_system_msgs/msg/_hazard_status_s.c
[7.542s] -- Installing: /home/jmj/dream_ws/install/autoware_system_msgs/local/lib/python3.10/dist-packages/autoware_system_msgs/msg/_hazard_status_stamped.py
[7.542s] -- Installing: /home/jmj/dream_ws/install/autoware_system_msgs/local/lib/python3.10/dist-packages/autoware_system_msgs/msg/_hazard_status.py
[7.542s] -- Installing: /home/jmj/dream_ws/install/autoware_system_msgs/local/lib/python3.10/dist-packages/autoware_system_msgs/msg/_autoware_state.py
[7.542s] -- Installing: /home/jmj/dream_ws/install/autoware_system_msgs/local/lib/python3.10/dist-packages/autoware_system_msgs/msg/_hazard_status_stamped_s.c
[7.645s] Listing '/home/jmj/dream_ws/install/autoware_system_msgs/local/lib/python3.10/dist-packages/autoware_system_msgs'...
[7.645s] Compiling '/home/jmj/dream_ws/install/autoware_system_msgs/local/lib/python3.10/dist-packages/autoware_system_msgs/__init__.py'...
[7.645s] Listing '/home/jmj/dream_ws/install/autoware_system_msgs/local/lib/python3.10/dist-packages/autoware_system_msgs/msg'...
[7.645s] Compiling '/home/jmj/dream_ws/install/autoware_system_msgs/local/lib/python3.10/dist-packages/autoware_system_msgs/msg/__init__.py'...
[7.645s] Compiling '/home/jmj/dream_ws/install/autoware_system_msgs/local/lib/python3.10/dist-packages/autoware_system_msgs/msg/_autoware_state.py'...
[7.645s] Compiling '/home/jmj/dream_ws/install/autoware_system_msgs/local/lib/python3.10/dist-packages/autoware_system_msgs/msg/_hazard_status.py'...
[7.645s] Compiling '/home/jmj/dream_ws/install/autoware_system_msgs/local/lib/python3.10/dist-packages/autoware_system_msgs/msg/_hazard_status_stamped.py'...
[7.661s] -- Installing: /home/jmj/dream_ws/install/autoware_system_msgs/local/lib/python3.10/dist-packages/autoware_system_msgs/autoware_system_msgs_s__rosidl_typesupport_fastrtps_c.cpython-310-x86_64-linux-gnu.so
[7.661s] -- Set runtime path of "/home/jmj/dream_ws/install/autoware_system_msgs/local/lib/python3.10/dist-packages/autoware_system_msgs/autoware_system_msgs_s__rosidl_typesupport_fastrtps_c.cpython-310-x86_64-linux-gnu.so" to ""
[7.661s] -- Installing: /home/jmj/dream_ws/install/autoware_system_msgs/local/lib/python3.10/dist-packages/autoware_system_msgs/autoware_system_msgs_s__rosidl_typesupport_introspection_c.cpython-310-x86_64-linux-gnu.so
[7.661s] -- Set runtime path of "/home/jmj/dream_ws/install/autoware_system_msgs/local/lib/python3.10/dist-packages/autoware_system_msgs/autoware_system_msgs_s__rosidl_typesupport_introspection_c.cpython-310-x86_64-linux-gnu.so" to ""
[7.662s] -- Installing: /home/jmj/dream_ws/install/autoware_system_msgs/local/lib/python3.10/dist-packages/autoware_system_msgs/autoware_system_msgs_s__rosidl_typesupport_c.cpython-310-x86_64-linux-gnu.so
[7.662s] -- Set runtime path of "/home/jmj/dream_ws/install/autoware_system_msgs/local/lib/python3.10/dist-packages/autoware_system_msgs/autoware_system_msgs_s__rosidl_typesupport_c.cpython-310-x86_64-linux-gnu.so" to ""
[7.662s] -- Installing: /home/jmj/dream_ws/install/autoware_system_msgs/lib/libautoware_system_msgs__rosidl_generator_py.so
[7.662s] -- Set runtime path of "/home/jmj/dream_ws/install/autoware_system_msgs/lib/libautoware_system_msgs__rosidl_generator_py.so" to ""
[7.662s] -- Installing: /home/jmj/dream_ws/install/autoware_system_msgs/share/autoware_system_msgs/msg/AutowareState.idl
[7.662s] -- Installing: /home/jmj/dream_ws/install/autoware_system_msgs/share/autoware_system_msgs/msg/HazardStatus.idl
[7.662s] -- Installing: /home/jmj/dream_ws/install/autoware_system_msgs/share/autoware_system_msgs/msg/HazardStatusStamped.idl
[7.662s] -- Installing: /home/jmj/dream_ws/install/autoware_system_msgs/share/autoware_system_msgs/msg/AutowareState.msg
[7.662s] -- Installing: /home/jmj/dream_ws/install/autoware_system_msgs/share/autoware_system_msgs/msg/HazardStatus.msg
[7.663s] -- Installing: /home/jmj/dream_ws/install/autoware_system_msgs/share/autoware_system_msgs/msg/HazardStatusStamped.msg
[7.663s] -- Installing: /home/jmj/dream_ws/install/autoware_system_msgs/share/ament_index/resource_index/package_run_dependencies/autoware_system_msgs
[7.666s] -- Installing: /home/jmj/dream_ws/install/autoware_system_msgs/share/ament_index/resource_index/parent_prefix_path/autoware_system_msgs
[7.666s] -- Installing: /home/jmj/dream_ws/install/autoware_system_msgs/share/autoware_system_msgs/environment/ament_prefix_path.sh
[7.666s] -- Installing: /home/jmj/dream_ws/install/autoware_system_msgs/share/autoware_system_msgs/environment/ament_prefix_path.dsv
[7.666s] -- Installing: /home/jmj/dream_ws/install/autoware_system_msgs/share/autoware_system_msgs/environment/path.sh
[7.666s] -- Installing: /home/jmj/dream_ws/install/autoware_system_msgs/share/autoware_system_msgs/environment/path.dsv
[7.672s] -- Installing: /home/jmj/dream_ws/install/autoware_system_msgs/share/autoware_system_msgs/local_setup.bash
[7.672s] -- Installing: /home/jmj/dream_ws/install/autoware_system_msgs/share/autoware_system_msgs/local_setup.sh
[7.672s] -- Installing: /home/jmj/dream_ws/install/autoware_system_msgs/share/autoware_system_msgs/local_setup.zsh
[7.672s] -- Installing: /home/jmj/dream_ws/install/autoware_system_msgs/share/autoware_system_msgs/local_setup.dsv
[7.672s] -- Installing: /home/jmj/dream_ws/install/autoware_system_msgs/share/autoware_system_msgs/package.dsv
[7.672s] -- Installing: /home/jmj/dream_ws/install/autoware_system_msgs/share/ament_index/resource_index/packages/autoware_system_msgs
[7.672s] -- Installing: /home/jmj/dream_ws/install/autoware_system_msgs/share/autoware_system_msgs/cmake/export_autoware_system_msgs__rosidl_generator_cExport.cmake
[7.673s] -- Installing: /home/jmj/dream_ws/install/autoware_system_msgs/share/autoware_system_msgs/cmake/export_autoware_system_msgs__rosidl_generator_cExport-noconfig.cmake
[7.673s] -- Installing: /home/jmj/dream_ws/install/autoware_system_msgs/share/autoware_system_msgs/cmake/export_autoware_system_msgs__rosidl_typesupport_fastrtps_cExport.cmake
[7.677s] -- Installing: /home/jmj/dream_ws/install/autoware_system_msgs/share/autoware_system_msgs/cmake/export_autoware_system_msgs__rosidl_typesupport_fastrtps_cExport-noconfig.cmake
[7.677s] -- Installing: /home/jmj/dream_ws/install/autoware_system_msgs/share/autoware_system_msgs/cmake/autoware_system_msgs__rosidl_typesupport_introspection_cExport.cmake
[7.677s] -- Installing: /home/jmj/dream_ws/install/autoware_system_msgs/share/autoware_system_msgs/cmake/autoware_system_msgs__rosidl_typesupport_introspection_cExport-noconfig.cmake
[7.677s] -- Installing: /home/jmj/dream_ws/install/autoware_system_msgs/share/autoware_system_msgs/cmake/autoware_system_msgs__rosidl_typesupport_cExport.cmake
[7.677s] -- Installing: /home/jmj/dream_ws/install/autoware_system_msgs/share/autoware_system_msgs/cmake/autoware_system_msgs__rosidl_typesupport_cExport-noconfig.cmake
[7.677s] -- Installing: /home/jmj/dream_ws/install/autoware_system_msgs/share/autoware_system_msgs/cmake/export_autoware_system_msgs__rosidl_generator_cppExport.cmake
[7.677s] -- Installing: /home/jmj/dream_ws/install/autoware_system_msgs/share/autoware_system_msgs/cmake/export_autoware_system_msgs__rosidl_typesupport_fastrtps_cppExport.cmake
[7.677s] -- Installing: /home/jmj/dream_ws/install/autoware_system_msgs/share/autoware_system_msgs/cmake/export_autoware_system_msgs__rosidl_typesupport_fastrtps_cppExport-noconfig.cmake
[7.684s] -- Installing: /home/jmj/dream_ws/install/autoware_system_msgs/share/autoware_system_msgs/cmake/autoware_system_msgs__rosidl_typesupport_introspection_cppExport.cmake
[7.684s] -- Installing: /home/jmj/dream_ws/install/autoware_system_msgs/share/autoware_system_msgs/cmake/autoware_system_msgs__rosidl_typesupport_introspection_cppExport-noconfig.cmake
[7.684s] -- Installing: /home/jmj/dream_ws/install/autoware_system_msgs/share/autoware_system_msgs/cmake/autoware_system_msgs__rosidl_typesupport_cppExport.cmake
[7.684s] -- Installing: /home/jmj/dream_ws/install/autoware_system_msgs/share/autoware_system_msgs/cmake/autoware_system_msgs__rosidl_typesupport_cppExport-noconfig.cmake
[7.684s] -- Installing: /home/jmj/dream_ws/install/autoware_system_msgs/share/autoware_system_msgs/cmake/export_autoware_system_msgs__rosidl_generator_pyExport.cmake
[7.684s] -- Installing: /home/jmj/dream_ws/install/autoware_system_msgs/share/autoware_system_msgs/cmake/export_autoware_system_msgs__rosidl_generator_pyExport-noconfig.cmake
[7.684s] -- Installing: /home/jmj/dream_ws/install/autoware_system_msgs/share/autoware_system_msgs/cmake/rosidl_cmake-extras.cmake
[7.685s] -- Installing: /home/jmj/dream_ws/install/autoware_system_msgs/share/autoware_system_msgs/cmake/ament_cmake_export_dependencies-extras.cmake
[7.685s] -- Installing: /home/jmj/dream_ws/install/autoware_system_msgs/share/autoware_system_msgs/cmake/ament_cmake_export_include_directories-extras.cmake
[7.685s] -- Installing: /home/jmj/dream_ws/install/autoware_system_msgs/share/autoware_system_msgs/cmake/ament_cmake_export_libraries-extras.cmake
[7.685s] -- Installing: /home/jmj/dream_ws/install/autoware_system_msgs/share/autoware_system_msgs/cmake/ament_cmake_export_targets-extras.cmake
[7.685s] -- Installing: /home/jmj/dream_ws/install/autoware_system_msgs/share/autoware_system_msgs/cmake/rosidl_cmake_export_typesupport_targets-extras.cmake
[7.685s] -- Installing: /home/jmj/dream_ws/install/autoware_system_msgs/share/autoware_system_msgs/cmake/rosidl_cmake_export_typesupport_libraries-extras.cmake
[7.685s] -- Installing: /home/jmj/dream_ws/install/autoware_system_msgs/share/autoware_system_msgs/cmake/autoware_system_msgsConfig.cmake
[7.685s] -- Installing: /home/jmj/dream_ws/install/autoware_system_msgs/share/autoware_system_msgs/cmake/autoware_system_msgsConfig-version.cmake
[7.685s] -- Installing: /home/jmj/dream_ws/install/autoware_system_msgs/share/autoware_system_msgs/package.xml
[7.686s] Invoked command in '/home/jmj/dream_ws/build/autoware_system_msgs' returned '0': CMAKE_PREFIX_PATH=${CMAKE_PREFIX_PATH}:/home/jmj/dream_ws/install/dream:/opt/ros/humble /usr/bin/cmake --install /home/jmj/dream_ws/build/autoware_system_msgs
