-- The C compiler identification is GNU 11.4.0
-- The CXX compiler identification is GNU 11.4.0
-- Detecting C compiler ABI info
-- Detecting C compiler ABI info - done
-- Check for working C compiler: /usr/lib/ccache/gcc - skipped
-- Detecting C compile features
-- Detecting C compile features - done
-- Detecting CXX compiler ABI info
-- Detecting CXX compiler ABI info - done
-- Check for working CXX compiler: /usr/lib/ccache/g++ - skipped
-- Detecting CXX compile features
-- Detecting CXX compile features - done
-- Found ament_cmake: 1.3.11 (/opt/ros/humble/share/ament_cmake/cmake)
-- Found Python3: /usr/bin/python3 (found version "3.10.12") found components: Interpreter 
-- Configuring done
-- Generating done
-- Build files have been written to: /home/jmj/dream_ws/build/autoware_msgs
-- Install configuration: ""
-- Installing: /home/jmj/dream_ws/install/autoware_msgs/share/ament_index/resource_index/package_run_dependencies/autoware_msgs
-- Installing: /home/jmj/dream_ws/install/autoware_msgs/share/ament_index/resource_index/parent_prefix_path/autoware_msgs
-- Installing: /home/jmj/dream_ws/install/autoware_msgs/share/autoware_msgs/environment/ament_prefix_path.sh
-- Installing: /home/jmj/dream_ws/install/autoware_msgs/share/autoware_msgs/environment/ament_prefix_path.dsv
-- Installing: /home/jmj/dream_ws/install/autoware_msgs/share/autoware_msgs/environment/path.sh
-- Installing: /home/jmj/dream_ws/install/autoware_msgs/share/autoware_msgs/environment/path.dsv
-- Installing: /home/jmj/dream_ws/install/autoware_msgs/share/autoware_msgs/local_setup.bash
-- Installing: /home/jmj/dream_ws/install/autoware_msgs/share/autoware_msgs/local_setup.sh
-- Installing: /home/jmj/dream_ws/install/autoware_msgs/share/autoware_msgs/local_setup.zsh
-- Installing: /home/jmj/dream_ws/install/autoware_msgs/share/autoware_msgs/local_setup.dsv
-- Installing: /home/jmj/dream_ws/install/autoware_msgs/share/autoware_msgs/package.dsv
-- Installing: /home/jmj/dream_ws/install/autoware_msgs/share/ament_index/resource_index/packages/autoware_msgs
-- Installing: /home/jmj/dream_ws/install/autoware_msgs/share/autoware_msgs/cmake/autoware_msgsConfig.cmake
-- Installing: /home/jmj/dream_ws/install/autoware_msgs/share/autoware_msgs/cmake/autoware_msgsConfig-version.cmake
-- Installing: /home/jmj/dream_ws/install/autoware_msgs/share/autoware_msgs/package.xml
