running egg_info
writing ../build/dream/dream.egg-info/PKG-INFO
writing dependency_links to ../build/dream/dream.egg-info/dependency_links.txt
writing entry points to ../build/dream/dream.egg-info/entry_points.txt
writing requirements to ../build/dream/dream.egg-info/requires.txt
writing top-level names to ../build/dream/dream.egg-info/top_level.txt
reading manifest file '../build/dream/dream.egg-info/SOURCES.txt'
writing manifest file '../build/dream/dream.egg-info/SOURCES.txt'
running build
running build_py
copying dream/mapper.py -> /home/jmj/dream_ws/build/dream/build/lib/dream
running install
running install_lib
copying /home/jmj/dream_ws/build/dream/build/lib/dream/mapper.py -> /home/jmj/dream_ws/install/dream/lib/python3.10/site-packages/dream
byte-compiling /home/jmj/dream_ws/install/dream/lib/python3.10/site-packages/dream/mapper.py to mapper.cpython-310.pyc
running install_data
running install_egg_info
removing '/home/jmj/dream_ws/install/dream/lib/python3.10/site-packages/dream-0.0.0-py3.10.egg-info' (and everything under it)
Copying ../build/dream/dream.egg-info to /home/jmj/dream_ws/install/dream/lib/python3.10/site-packages/dream-0.0.0-py3.10.egg-info
running install_scripts
Installing bridge_node script to /home/jmj/dream_ws/install/dream/lib/dream
Installing mapper script to /home/jmj/dream_ws/install/dream/lib/dream
writing list of installed files to '/home/jmj/dream_ws/build/dream/install.log'
