[0.016s] Invoking command in '/home/jmj/dream_ws/build/autoware_localization_msgs': CMAKE_PREFIX_PATH=${CMAKE_PREFIX_PATH}:/home/jmj/dream_ws/install/dream:/opt/ros/humble /usr/bin/cmake /home/jmj/dream_ws/autoware_msgs/autoware_localization_msgs -DCMAKE_INSTALL_PREFIX=/home/jmj/dream_ws/install/autoware_localization_msgs
[0.061s] -- The C compiler identification is GNU 11.4.0
[0.099s] -- The CXX compiler identification is GNU 11.4.0
[0.106s] -- Detecting C compiler ABI info
[0.146s] -- Detecting C compiler ABI info - done
[0.153s] -- Check for working C compiler: /usr/lib/ccache/gcc - skipped
[0.153s] -- Detecting C compile features
[0.153s] -- Detecting C compile features - done
[0.156s] -- Detecting CXX compiler ABI info
[0.199s] -- Detecting CXX compiler ABI info - done
[0.203s] -- Check for working CXX compiler: /usr/lib/ccache/g++ - skipped
[0.203s] -- Detecting CXX compile features
[0.204s] -- Detecting CXX compile features - done
[0.205s] -- Found ament_cmake_auto: 1.3.11 (/opt/ros/humble/share/ament_cmake_auto/cmake)
[0.301s] -- Found Python3: /usr/bin/python3 (found version "3.10.12") found components: Interpreter 
[0.410s] -- Found rosidl_generator_c: 3.1.6 (/opt/ros/humble/share/rosidl_generator_c/cmake)
[0.412s] -- Found rosidl_adapter: 3.1.6 (/opt/ros/humble/share/rosidl_adapter/cmake)
[0.417s] -- Found rosidl_generator_cpp: 3.1.6 (/opt/ros/humble/share/rosidl_generator_cpp/cmake)
[0.423s] -- Using all available rosidl_typesupport_c: rosidl_typesupport_fastrtps_c;rosidl_typesupport_introspection_c
[0.432s] -- Using all available rosidl_typesupport_cpp: rosidl_typesupport_fastrtps_cpp;rosidl_typesupport_introspection_cpp
[0.609s] -- Found ament_cmake_cppcheck: 0.12.12 (/opt/ros/humble/share/ament_cmake_cppcheck/cmake)
[0.611s] -- Found ament_cmake_cpplint: 0.12.12 (/opt/ros/humble/share/ament_cmake_cpplint/cmake)
[0.613s] -- Found ament_cmake_uncrustify: 0.12.12 (/opt/ros/humble/share/ament_cmake_uncrustify/cmake)
[0.615s] -- Found ament_cmake_ros: 0.10.0 (/opt/ros/humble/share/ament_cmake_ros/cmake)
[0.881s] -- Using all available rosidl_typesupport_c: rosidl_typesupport_fastrtps_c;rosidl_typesupport_introspection_c
[0.978s] -- Using all available rosidl_typesupport_cpp: rosidl_typesupport_fastrtps_cpp;rosidl_typesupport_introspection_cpp
[0.993s] -- Found PythonInterp: /usr/bin/python3 (found suitable version "3.10.12", minimum required is "3.6") 
[0.994s] -- Found python_cmake_module: 0.10.0 (/opt/ros/humble/share/python_cmake_module/cmake)
[1.011s] -- Found PythonLibs: /usr/lib/x86_64-linux-gnu/libpython3.10.so (found suitable version "3.10.12", minimum required is "3.5") 
[1.011s] -- Using PYTHON_EXECUTABLE: /usr/bin/python3
[1.011s] -- Using PYTHON_INCLUDE_DIRS: /usr/include/python3.10
[1.011s] -- Using PYTHON_LIBRARIES: /usr/lib/x86_64-linux-gnu/libpython3.10.so
[1.024s] -- Found PythonExtra: .so  
[1.062s] -- Found ament_cmake_flake8: 0.12.12 (/opt/ros/humble/share/ament_cmake_flake8/cmake)
[1.064s] -- Found ament_cmake_pep257: 0.12.12 (/opt/ros/humble/share/ament_cmake_pep257/cmake)
[1.066s] -- Found ament_lint_auto: 0.12.12 (/opt/ros/humble/share/ament_lint_auto/cmake)
[1.079s] -- Added test 'copyright' to check source files copyright and LICENSE
[1.080s] -- Added test 'lint_cmake' to check CMake code style
[1.081s] -- Added test 'xmllint' to check XML markup files
[1.083s] -- Configuring done
[1.116s] -- Generating done
[1.128s] -- Build files have been written to: /home/jmj/dream_ws/build/autoware_localization_msgs
[1.138s] Invoked command in '/home/jmj/dream_ws/build/autoware_localization_msgs' returned '0': CMAKE_PREFIX_PATH=${CMAKE_PREFIX_PATH}:/home/jmj/dream_ws/install/dream:/opt/ros/humble /usr/bin/cmake /home/jmj/dream_ws/autoware_msgs/autoware_localization_msgs -DCMAKE_INSTALL_PREFIX=/home/jmj/dream_ws/install/autoware_localization_msgs
[1.140s] Invoking command in '/home/jmj/dream_ws/build/autoware_localization_msgs': CMAKE_PREFIX_PATH=${CMAKE_PREFIX_PATH}:/home/jmj/dream_ws/install/dream:/opt/ros/humble /usr/bin/cmake --build /home/jmj/dream_ws/build/autoware_localization_msgs -- -j20 -l20
[1.173s] [  3%] [34m[1mGenerating C code for ROS interfaces[0m
[1.179s] [  6%] [34m[1mGenerating C++ code for ROS interfaces[0m
[1.189s] [  6%] Built target ament_cmake_python_copy_autoware_localization_msgs
[1.526s] [  9%] [32mBuilding C object CMakeFiles/autoware_localization_msgs__rosidl_generator_c.dir/rosidl_generator_c/autoware_localization_msgs/msg/detail/kinematic_state__functions.c.o[0m
[1.529s] running egg_info
[1.529s] creating autoware_localization_msgs.egg-info
[1.530s] writing autoware_localization_msgs.egg-info/PKG-INFO
[1.530s] writing dependency_links to autoware_localization_msgs.egg-info/dependency_links.txt
[1.530s] writing top-level names to autoware_localization_msgs.egg-info/top_level.txt
[1.531s] writing manifest file 'autoware_localization_msgs.egg-info/SOURCES.txt'
[1.541s] reading manifest file 'autoware_localization_msgs.egg-info/SOURCES.txt'
[1.542s] writing manifest file 'autoware_localization_msgs.egg-info/SOURCES.txt'
[1.545s] [  9%] Built target autoware_localization_msgs__cpp
[1.564s] [ 12%] [34m[1mGenerating C++ type support dispatch for ROS interfaces[0m
[1.565s] [ 16%] [34m[1mGenerating C++ type support for eProsima Fast-RTPS[0m
[1.569s] [ 19%] [34m[1mGenerating C++ introspection for ROS interfaces[0m
[1.608s] [ 19%] Built target ament_cmake_python_build_autoware_localization_msgs_egg
[1.616s] [ 22%] [32m[1mLinking C shared library libautoware_localization_msgs__rosidl_generator_c.so[0m
[1.695s] [ 22%] Built target autoware_localization_msgs__rosidl_generator_c
[1.716s] [ 25%] [34m[1mGenerating C type support for eProsima Fast-RTPS[0m
[1.719s] [ 29%] [34m[1mGenerating C introspection for ROS interfaces[0m
[1.733s] [ 32%] [34m[1mGenerating C type support dispatch for ROS interfaces[0m
[1.979s] [ 35%] [32mBuilding CXX object CMakeFiles/autoware_localization_msgs__rosidl_typesupport_fastrtps_cpp.dir/rosidl_typesupport_fastrtps_cpp/autoware_localization_msgs/msg/detail/dds_fastrtps/kinematic_state__type_support.cpp.o[0m
[2.082s] [ 38%] [32mBuilding CXX object CMakeFiles/autoware_localization_msgs__rosidl_typesupport_cpp.dir/rosidl_typesupport_cpp/autoware_localization_msgs/msg/kinematic_state__type_support.cpp.o[0m
[2.094s] [ 41%] [32mBuilding CXX object CMakeFiles/autoware_localization_msgs__rosidl_typesupport_introspection_cpp.dir/rosidl_typesupport_introspection_cpp/autoware_localization_msgs/msg/detail/kinematic_state__type_support.cpp.o[0m
[2.127s] [ 45%] [32mBuilding CXX object CMakeFiles/autoware_localization_msgs__rosidl_typesupport_c.dir/rosidl_typesupport_c/autoware_localization_msgs/msg/kinematic_state__type_support.cpp.o[0m
[2.249s] [ 48%] [32m[1mLinking CXX shared library libautoware_localization_msgs__rosidl_typesupport_c.so[0m
[2.310s] [ 51%] [32mBuilding C object CMakeFiles/autoware_localization_msgs__rosidl_typesupport_introspection_c.dir/rosidl_typesupport_introspection_c/autoware_localization_msgs/msg/detail/kinematic_state__type_support.c.o[0m
[2.337s] [ 54%] [32mBuilding CXX object CMakeFiles/autoware_localization_msgs__rosidl_typesupport_fastrtps_c.dir/rosidl_typesupport_fastrtps_c/autoware_localization_msgs/msg/detail/kinematic_state__type_support_c.cpp.o[0m
[2.341s] [ 54%] Built target autoware_localization_msgs__rosidl_typesupport_c
[2.435s] [ 58%] [32m[1mLinking C shared library libautoware_localization_msgs__rosidl_typesupport_introspection_c.so[0m
[2.509s] [ 58%] Built target autoware_localization_msgs__rosidl_typesupport_introspection_c
[2.797s] [ 61%] [32m[1mLinking CXX shared library libautoware_localization_msgs__rosidl_typesupport_cpp.so[0m
[2.821s] [ 64%] [32m[1mLinking CXX shared library libautoware_localization_msgs__rosidl_typesupport_fastrtps_cpp.so[0m
[2.893s] [ 64%] Built target autoware_localization_msgs__rosidl_typesupport_cpp
[2.902s] [ 67%] [32m[1mLinking CXX shared library libautoware_localization_msgs__rosidl_typesupport_introspection_cpp.so[0m
[3.133s] [ 67%] Built target autoware_localization_msgs__rosidl_typesupport_fastrtps_cpp
[3.136s] [ 67%] Built target autoware_localization_msgs__rosidl_typesupport_introspection_cpp
[3.317s] [ 70%] [32m[1mLinking CXX shared library libautoware_localization_msgs__rosidl_typesupport_fastrtps_c.so[0m
[3.621s] [ 70%] Built target autoware_localization_msgs__rosidl_typesupport_fastrtps_c
[3.705s] [ 70%] Built target autoware_localization_msgs
[3.787s] [ 74%] [34m[1mGenerating Python code for ROS interfaces[0m
[5.416s] [ 74%] Built target autoware_localization_msgs__py
[5.482s] [ 77%] [32mBuilding C object CMakeFiles/autoware_localization_msgs__rosidl_generator_py.dir/rosidl_generator_py/autoware_localization_msgs/msg/_kinematic_state_s.c.o[0m
[5.930s] [ 80%] [32m[1mLinking C shared library rosidl_generator_py/autoware_localization_msgs/libautoware_localization_msgs__rosidl_generator_py.so[0m
[6.022s] [ 80%] Built target autoware_localization_msgs__rosidl_generator_py
[6.065s] [ 83%] [32mBuilding C object CMakeFiles/autoware_localization_msgs__rosidl_typesupport_fastrtps_c__pyext.dir/rosidl_generator_py/autoware_localization_msgs/_autoware_localization_msgs_s.ep.rosidl_typesupport_fastrtps_c.c.o[0m
[6.087s] [ 90%] [32mBuilding C object CMakeFiles/autoware_localization_msgs__rosidl_typesupport_introspection_c__pyext.dir/rosidl_generator_py/autoware_localization_msgs/_autoware_localization_msgs_s.ep.rosidl_typesupport_introspection_c.c.o[0m
[6.087s] [ 90%] [32mBuilding C object CMakeFiles/autoware_localization_msgs__rosidl_typesupport_c__pyext.dir/rosidl_generator_py/autoware_localization_msgs/_autoware_localization_msgs_s.ep.rosidl_typesupport_c.c.o[0m
[6.484s] [ 93%] [32m[1mLinking C shared library rosidl_generator_py/autoware_localization_msgs/autoware_localization_msgs_s__rosidl_typesupport_c.cpython-310-x86_64-linux-gnu.so[0m
[6.492s] [ 96%] [32m[1mLinking C shared library rosidl_generator_py/autoware_localization_msgs/autoware_localization_msgs_s__rosidl_typesupport_fastrtps_c.cpython-310-x86_64-linux-gnu.so[0m
[6.556s] [100%] [32m[1mLinking C shared library rosidl_generator_py/autoware_localization_msgs/autoware_localization_msgs_s__rosidl_typesupport_introspection_c.cpython-310-x86_64-linux-gnu.so[0m
[6.575s] [100%] Built target autoware_localization_msgs__rosidl_typesupport_c__pyext
[6.612s] [100%] Built target autoware_localization_msgs__rosidl_typesupport_fastrtps_c__pyext
[6.634s] [100%] Built target autoware_localization_msgs__rosidl_typesupport_introspection_c__pyext
[6.649s] Invoked command in '/home/jmj/dream_ws/build/autoware_localization_msgs' returned '0': CMAKE_PREFIX_PATH=${CMAKE_PREFIX_PATH}:/home/jmj/dream_ws/install/dream:/opt/ros/humble /usr/bin/cmake --build /home/jmj/dream_ws/build/autoware_localization_msgs -- -j20 -l20
[6.650s] Invoking command in '/home/jmj/dream_ws/build/autoware_localization_msgs': CMAKE_PREFIX_PATH=${CMAKE_PREFIX_PATH}:/home/jmj/dream_ws/install/dream:/opt/ros/humble /usr/bin/cmake --install /home/jmj/dream_ws/build/autoware_localization_msgs
[6.658s] -- Install configuration: ""
[6.658s] -- Installing: /home/jmj/dream_ws/install/autoware_localization_msgs/share/ament_index/resource_index/rosidl_interfaces/autoware_localization_msgs
[6.660s] -- Installing: /home/jmj/dream_ws/install/autoware_localization_msgs/include/autoware_localization_msgs/autoware_localization_msgs
[6.660s] -- Installing: /home/jmj/dream_ws/install/autoware_localization_msgs/include/autoware_localization_msgs/autoware_localization_msgs/msg
[6.660s] -- Installing: /home/jmj/dream_ws/install/autoware_localization_msgs/include/autoware_localization_msgs/autoware_localization_msgs/msg/rosidl_generator_c__visibility_control.h
[6.660s] -- Installing: /home/jmj/dream_ws/install/autoware_localization_msgs/include/autoware_localization_msgs/autoware_localization_msgs/msg/detail
[6.660s] -- Installing: /home/jmj/dream_ws/install/autoware_localization_msgs/include/autoware_localization_msgs/autoware_localization_msgs/msg/detail/kinematic_state__functions.c
[6.660s] -- Installing: /home/jmj/dream_ws/install/autoware_localization_msgs/include/autoware_localization_msgs/autoware_localization_msgs/msg/detail/kinematic_state__functions.h
[6.660s] -- Installing: /home/jmj/dream_ws/install/autoware_localization_msgs/include/autoware_localization_msgs/autoware_localization_msgs/msg/detail/kinematic_state__struct.h
[6.660s] -- Installing: /home/jmj/dream_ws/install/autoware_localization_msgs/include/autoware_localization_msgs/autoware_localization_msgs/msg/detail/kinematic_state__type_support.h
[6.660s] -- Installing: /home/jmj/dream_ws/install/autoware_localization_msgs/include/autoware_localization_msgs/autoware_localization_msgs/msg/kinematic_state.h
[6.661s] -- Installing: /home/jmj/dream_ws/install/autoware_localization_msgs/share/autoware_localization_msgs/environment/library_path.sh
[6.661s] -- Installing: /home/jmj/dream_ws/install/autoware_localization_msgs/share/autoware_localization_msgs/environment/library_path.dsv
[6.661s] -- Installing: /home/jmj/dream_ws/install/autoware_localization_msgs/lib/libautoware_localization_msgs__rosidl_generator_c.so
[6.661s] -- Set runtime path of "/home/jmj/dream_ws/install/autoware_localization_msgs/lib/libautoware_localization_msgs__rosidl_generator_c.so" to ""
[6.661s] -- Up-to-date: /home/jmj/dream_ws/install/autoware_localization_msgs/include/autoware_localization_msgs/autoware_localization_msgs
[6.661s] -- Up-to-date: /home/jmj/dream_ws/install/autoware_localization_msgs/include/autoware_localization_msgs/autoware_localization_msgs/msg
[6.661s] -- Up-to-date: /home/jmj/dream_ws/install/autoware_localization_msgs/include/autoware_localization_msgs/autoware_localization_msgs/msg/detail
[6.661s] -- Installing: /home/jmj/dream_ws/install/autoware_localization_msgs/include/autoware_localization_msgs/autoware_localization_msgs/msg/detail/kinematic_state__rosidl_typesupport_fastrtps_c.h
[6.661s] -- Installing: /home/jmj/dream_ws/install/autoware_localization_msgs/include/autoware_localization_msgs/autoware_localization_msgs/msg/rosidl_typesupport_fastrtps_c__visibility_control.h
[6.661s] -- Installing: /home/jmj/dream_ws/install/autoware_localization_msgs/lib/libautoware_localization_msgs__rosidl_typesupport_fastrtps_c.so
[6.662s] -- Set runtime path of "/home/jmj/dream_ws/install/autoware_localization_msgs/lib/libautoware_localization_msgs__rosidl_typesupport_fastrtps_c.so" to ""
[6.662s] -- Up-to-date: /home/jmj/dream_ws/install/autoware_localization_msgs/include/autoware_localization_msgs/autoware_localization_msgs
[6.662s] -- Up-to-date: /home/jmj/dream_ws/install/autoware_localization_msgs/include/autoware_localization_msgs/autoware_localization_msgs/msg
[6.662s] -- Up-to-date: /home/jmj/dream_ws/install/autoware_localization_msgs/include/autoware_localization_msgs/autoware_localization_msgs/msg/detail
[6.662s] -- Installing: /home/jmj/dream_ws/install/autoware_localization_msgs/include/autoware_localization_msgs/autoware_localization_msgs/msg/detail/kinematic_state__struct.hpp
[6.662s] -- Installing: /home/jmj/dream_ws/install/autoware_localization_msgs/include/autoware_localization_msgs/autoware_localization_msgs/msg/detail/kinematic_state__traits.hpp
[6.662s] -- Installing: /home/jmj/dream_ws/install/autoware_localization_msgs/include/autoware_localization_msgs/autoware_localization_msgs/msg/detail/kinematic_state__type_support.hpp
[6.662s] -- Installing: /home/jmj/dream_ws/install/autoware_localization_msgs/include/autoware_localization_msgs/autoware_localization_msgs/msg/detail/kinematic_state__builder.hpp
[6.662s] -- Installing: /home/jmj/dream_ws/install/autoware_localization_msgs/include/autoware_localization_msgs/autoware_localization_msgs/msg/kinematic_state.hpp
[6.662s] -- Installing: /home/jmj/dream_ws/install/autoware_localization_msgs/include/autoware_localization_msgs/autoware_localization_msgs/msg/rosidl_generator_cpp__visibility_control.hpp
[6.662s] -- Up-to-date: /home/jmj/dream_ws/install/autoware_localization_msgs/include/autoware_localization_msgs/autoware_localization_msgs
[6.662s] -- Up-to-date: /home/jmj/dream_ws/install/autoware_localization_msgs/include/autoware_localization_msgs/autoware_localization_msgs/msg
[6.663s] -- Up-to-date: /home/jmj/dream_ws/install/autoware_localization_msgs/include/autoware_localization_msgs/autoware_localization_msgs/msg/detail
[6.663s] -- Installing: /home/jmj/dream_ws/install/autoware_localization_msgs/include/autoware_localization_msgs/autoware_localization_msgs/msg/detail/dds_fastrtps
[6.663s] -- Installing: /home/jmj/dream_ws/install/autoware_localization_msgs/include/autoware_localization_msgs/autoware_localization_msgs/msg/detail/kinematic_state__rosidl_typesupport_fastrtps_cpp.hpp
[6.663s] -- Installing: /home/jmj/dream_ws/install/autoware_localization_msgs/include/autoware_localization_msgs/autoware_localization_msgs/msg/rosidl_typesupport_fastrtps_cpp__visibility_control.h
[6.663s] -- Installing: /home/jmj/dream_ws/install/autoware_localization_msgs/lib/libautoware_localization_msgs__rosidl_typesupport_fastrtps_cpp.so
[6.663s] -- Set runtime path of "/home/jmj/dream_ws/install/autoware_localization_msgs/lib/libautoware_localization_msgs__rosidl_typesupport_fastrtps_cpp.so" to ""
[6.663s] -- Up-to-date: /home/jmj/dream_ws/install/autoware_localization_msgs/include/autoware_localization_msgs/autoware_localization_msgs
[6.663s] -- Up-to-date: /home/jmj/dream_ws/install/autoware_localization_msgs/include/autoware_localization_msgs/autoware_localization_msgs/msg
[6.663s] -- Up-to-date: /home/jmj/dream_ws/install/autoware_localization_msgs/include/autoware_localization_msgs/autoware_localization_msgs/msg/detail
[6.663s] -- Installing: /home/jmj/dream_ws/install/autoware_localization_msgs/include/autoware_localization_msgs/autoware_localization_msgs/msg/detail/kinematic_state__type_support.c
[6.663s] -- Installing: /home/jmj/dream_ws/install/autoware_localization_msgs/include/autoware_localization_msgs/autoware_localization_msgs/msg/detail/kinematic_state__rosidl_typesupport_introspection_c.h
[6.663s] -- Installing: /home/jmj/dream_ws/install/autoware_localization_msgs/include/autoware_localization_msgs/autoware_localization_msgs/msg/rosidl_typesupport_introspection_c__visibility_control.h
[6.663s] -- Installing: /home/jmj/dream_ws/install/autoware_localization_msgs/lib/libautoware_localization_msgs__rosidl_typesupport_introspection_c.so
[6.664s] -- Set runtime path of "/home/jmj/dream_ws/install/autoware_localization_msgs/lib/libautoware_localization_msgs__rosidl_typesupport_introspection_c.so" to ""
[6.664s] -- Installing: /home/jmj/dream_ws/install/autoware_localization_msgs/lib/libautoware_localization_msgs__rosidl_typesupport_c.so
[6.664s] -- Set runtime path of "/home/jmj/dream_ws/install/autoware_localization_msgs/lib/libautoware_localization_msgs__rosidl_typesupport_c.so" to ""
[6.664s] -- Up-to-date: /home/jmj/dream_ws/install/autoware_localization_msgs/include/autoware_localization_msgs/autoware_localization_msgs
[6.664s] -- Up-to-date: /home/jmj/dream_ws/install/autoware_localization_msgs/include/autoware_localization_msgs/autoware_localization_msgs/msg
[6.664s] -- Up-to-date: /home/jmj/dream_ws/install/autoware_localization_msgs/include/autoware_localization_msgs/autoware_localization_msgs/msg/detail
[6.664s] -- Installing: /home/jmj/dream_ws/install/autoware_localization_msgs/include/autoware_localization_msgs/autoware_localization_msgs/msg/detail/kinematic_state__type_support.cpp
[6.664s] -- Installing: /home/jmj/dream_ws/install/autoware_localization_msgs/include/autoware_localization_msgs/autoware_localization_msgs/msg/detail/kinematic_state__rosidl_typesupport_introspection_cpp.hpp
[6.664s] -- Installing: /home/jmj/dream_ws/install/autoware_localization_msgs/lib/libautoware_localization_msgs__rosidl_typesupport_introspection_cpp.so
[6.666s] -- Set runtime path of "/home/jmj/dream_ws/install/autoware_localization_msgs/lib/libautoware_localization_msgs__rosidl_typesupport_introspection_cpp.so" to ""
[6.666s] -- Installing: /home/jmj/dream_ws/install/autoware_localization_msgs/lib/libautoware_localization_msgs__rosidl_typesupport_cpp.so
[6.666s] -- Set runtime path of "/home/jmj/dream_ws/install/autoware_localization_msgs/lib/libautoware_localization_msgs__rosidl_typesupport_cpp.so" to ""
[6.666s] -- Installing: /home/jmj/dream_ws/install/autoware_localization_msgs/share/autoware_localization_msgs/environment/pythonpath.sh
[6.666s] -- Installing: /home/jmj/dream_ws/install/autoware_localization_msgs/share/autoware_localization_msgs/environment/pythonpath.dsv
[6.666s] -- Installing: /home/jmj/dream_ws/install/autoware_localization_msgs/local/lib/python3.10/dist-packages/autoware_localization_msgs-1.8.0-py3.10.egg-info
[6.666s] -- Installing: /home/jmj/dream_ws/install/autoware_localization_msgs/local/lib/python3.10/dist-packages/autoware_localization_msgs-1.8.0-py3.10.egg-info/dependency_links.txt
[6.666s] -- Installing: /home/jmj/dream_ws/install/autoware_localization_msgs/local/lib/python3.10/dist-packages/autoware_localization_msgs-1.8.0-py3.10.egg-info/top_level.txt
[6.666s] -- Installing: /home/jmj/dream_ws/install/autoware_localization_msgs/local/lib/python3.10/dist-packages/autoware_localization_msgs-1.8.0-py3.10.egg-info/PKG-INFO
[6.666s] -- Installing: /home/jmj/dream_ws/install/autoware_localization_msgs/local/lib/python3.10/dist-packages/autoware_localization_msgs-1.8.0-py3.10.egg-info/SOURCES.txt
[6.667s] -- Installing: /home/jmj/dream_ws/install/autoware_localization_msgs/local/lib/python3.10/dist-packages/autoware_localization_msgs
[6.667s] -- Installing: /home/jmj/dream_ws/install/autoware_localization_msgs/local/lib/python3.10/dist-packages/autoware_localization_msgs/autoware_localization_msgs_s__rosidl_typesupport_introspection_c.cpython-310-x86_64-linux-gnu.so
[6.667s] -- Installing: /home/jmj/dream_ws/install/autoware_localization_msgs/local/lib/python3.10/dist-packages/autoware_localization_msgs/_autoware_localization_msgs_s.ep.rosidl_typesupport_fastrtps_c.c
[6.667s] -- Installing: /home/jmj/dream_ws/install/autoware_localization_msgs/local/lib/python3.10/dist-packages/autoware_localization_msgs/__init__.py
[6.667s] -- Installing: /home/jmj/dream_ws/install/autoware_localization_msgs/local/lib/python3.10/dist-packages/autoware_localization_msgs/libautoware_localization_msgs__rosidl_generator_py.so
[6.667s] -- Installing: /home/jmj/dream_ws/install/autoware_localization_msgs/local/lib/python3.10/dist-packages/autoware_localization_msgs/_autoware_localization_msgs_s.ep.rosidl_typesupport_introspection_c.c
[6.667s] -- Installing: /home/jmj/dream_ws/install/autoware_localization_msgs/local/lib/python3.10/dist-packages/autoware_localization_msgs/_autoware_localization_msgs_s.ep.rosidl_typesupport_c.c
[6.667s] -- Installing: /home/jmj/dream_ws/install/autoware_localization_msgs/local/lib/python3.10/dist-packages/autoware_localization_msgs/autoware_localization_msgs_s__rosidl_typesupport_fastrtps_c.cpython-310-x86_64-linux-gnu.so
[6.667s] -- Installing: /home/jmj/dream_ws/install/autoware_localization_msgs/local/lib/python3.10/dist-packages/autoware_localization_msgs/autoware_localization_msgs_s__rosidl_typesupport_c.cpython-310-x86_64-linux-gnu.so
[6.667s] -- Installing: /home/jmj/dream_ws/install/autoware_localization_msgs/local/lib/python3.10/dist-packages/autoware_localization_msgs/msg
[6.667s] -- Installing: /home/jmj/dream_ws/install/autoware_localization_msgs/local/lib/python3.10/dist-packages/autoware_localization_msgs/msg/_kinematic_state_s.c
[6.667s] -- Installing: /home/jmj/dream_ws/install/autoware_localization_msgs/local/lib/python3.10/dist-packages/autoware_localization_msgs/msg/__init__.py
[6.667s] -- Installing: /home/jmj/dream_ws/install/autoware_localization_msgs/local/lib/python3.10/dist-packages/autoware_localization_msgs/msg/_kinematic_state.py
[6.705s] Listing '/home/jmj/dream_ws/install/autoware_localization_msgs/local/lib/python3.10/dist-packages/autoware_localization_msgs'...
[6.705s] Compiling '/home/jmj/dream_ws/install/autoware_localization_msgs/local/lib/python3.10/dist-packages/autoware_localization_msgs/__init__.py'...
[6.705s] Listing '/home/jmj/dream_ws/install/autoware_localization_msgs/local/lib/python3.10/dist-packages/autoware_localization_msgs/msg'...
[6.705s] Compiling '/home/jmj/dream_ws/install/autoware_localization_msgs/local/lib/python3.10/dist-packages/autoware_localization_msgs/msg/__init__.py'...
[6.705s] Compiling '/home/jmj/dream_ws/install/autoware_localization_msgs/local/lib/python3.10/dist-packages/autoware_localization_msgs/msg/_kinematic_state.py'...
[6.710s] -- Installing: /home/jmj/dream_ws/install/autoware_localization_msgs/local/lib/python3.10/dist-packages/autoware_localization_msgs/autoware_localization_msgs_s__rosidl_typesupport_fastrtps_c.cpython-310-x86_64-linux-gnu.so
[6.710s] -- Set runtime path of "/home/jmj/dream_ws/install/autoware_localization_msgs/local/lib/python3.10/dist-packages/autoware_localization_msgs/autoware_localization_msgs_s__rosidl_typesupport_fastrtps_c.cpython-310-x86_64-linux-gnu.so" to ""
[6.710s] -- Installing: /home/jmj/dream_ws/install/autoware_localization_msgs/local/lib/python3.10/dist-packages/autoware_localization_msgs/autoware_localization_msgs_s__rosidl_typesupport_introspection_c.cpython-310-x86_64-linux-gnu.so
[6.710s] -- Set runtime path of "/home/jmj/dream_ws/install/autoware_localization_msgs/local/lib/python3.10/dist-packages/autoware_localization_msgs/autoware_localization_msgs_s__rosidl_typesupport_introspection_c.cpython-310-x86_64-linux-gnu.so" to ""
[6.710s] -- Installing: /home/jmj/dream_ws/install/autoware_localization_msgs/local/lib/python3.10/dist-packages/autoware_localization_msgs/autoware_localization_msgs_s__rosidl_typesupport_c.cpython-310-x86_64-linux-gnu.so
[6.711s] -- Set runtime path of "/home/jmj/dream_ws/install/autoware_localization_msgs/local/lib/python3.10/dist-packages/autoware_localization_msgs/autoware_localization_msgs_s__rosidl_typesupport_c.cpython-310-x86_64-linux-gnu.so" to ""
[6.711s] -- Installing: /home/jmj/dream_ws/install/autoware_localization_msgs/lib/libautoware_localization_msgs__rosidl_generator_py.so
[6.711s] -- Set runtime path of "/home/jmj/dream_ws/install/autoware_localization_msgs/lib/libautoware_localization_msgs__rosidl_generator_py.so" to ""
[6.711s] -- Installing: /home/jmj/dream_ws/install/autoware_localization_msgs/share/autoware_localization_msgs/msg/KinematicState.idl
[6.711s] -- Installing: /home/jmj/dream_ws/install/autoware_localization_msgs/share/autoware_localization_msgs/msg/KinematicState.msg
[6.711s] -- Installing: /home/jmj/dream_ws/install/autoware_localization_msgs/share/ament_index/resource_index/package_run_dependencies/autoware_localization_msgs
[6.711s] -- Installing: /home/jmj/dream_ws/install/autoware_localization_msgs/share/ament_index/resource_index/parent_prefix_path/autoware_localization_msgs
[6.711s] -- Installing: /home/jmj/dream_ws/install/autoware_localization_msgs/share/autoware_localization_msgs/environment/ament_prefix_path.sh
[6.711s] -- Installing: /home/jmj/dream_ws/install/autoware_localization_msgs/share/autoware_localization_msgs/environment/ament_prefix_path.dsv
[6.712s] -- Installing: /home/jmj/dream_ws/install/autoware_localization_msgs/share/autoware_localization_msgs/environment/path.sh
[6.712s] -- Installing: /home/jmj/dream_ws/install/autoware_localization_msgs/share/autoware_localization_msgs/environment/path.dsv
[6.712s] -- Installing: /home/jmj/dream_ws/install/autoware_localization_msgs/share/autoware_localization_msgs/local_setup.bash
[6.712s] -- Installing: /home/jmj/dream_ws/install/autoware_localization_msgs/share/autoware_localization_msgs/local_setup.sh
[6.712s] -- Installing: /home/jmj/dream_ws/install/autoware_localization_msgs/share/autoware_localization_msgs/local_setup.zsh
[6.712s] -- Installing: /home/jmj/dream_ws/install/autoware_localization_msgs/share/autoware_localization_msgs/local_setup.dsv
[6.712s] -- Installing: /home/jmj/dream_ws/install/autoware_localization_msgs/share/autoware_localization_msgs/package.dsv
[6.713s] -- Installing: /home/jmj/dream_ws/install/autoware_localization_msgs/share/ament_index/resource_index/packages/autoware_localization_msgs
[6.713s] -- Installing: /home/jmj/dream_ws/install/autoware_localization_msgs/share/autoware_localization_msgs/cmake/export_autoware_localization_msgs__rosidl_generator_cExport.cmake
[6.713s] -- Installing: /home/jmj/dream_ws/install/autoware_localization_msgs/share/autoware_localization_msgs/cmake/export_autoware_localization_msgs__rosidl_generator_cExport-noconfig.cmake
[6.713s] -- Installing: /home/jmj/dream_ws/install/autoware_localization_msgs/share/autoware_localization_msgs/cmake/export_autoware_localization_msgs__rosidl_typesupport_fastrtps_cExport.cmake
[6.713s] -- Installing: /home/jmj/dream_ws/install/autoware_localization_msgs/share/autoware_localization_msgs/cmake/export_autoware_localization_msgs__rosidl_typesupport_fastrtps_cExport-noconfig.cmake
[6.713s] -- Installing: /home/jmj/dream_ws/install/autoware_localization_msgs/share/autoware_localization_msgs/cmake/export_autoware_localization_msgs__rosidl_generator_cppExport.cmake
[6.713s] -- Installing: /home/jmj/dream_ws/install/autoware_localization_msgs/share/autoware_localization_msgs/cmake/export_autoware_localization_msgs__rosidl_typesupport_fastrtps_cppExport.cmake
[6.714s] -- Installing: /home/jmj/dream_ws/install/autoware_localization_msgs/share/autoware_localization_msgs/cmake/export_autoware_localization_msgs__rosidl_typesupport_fastrtps_cppExport-noconfig.cmake
[6.714s] -- Installing: /home/jmj/dream_ws/install/autoware_localization_msgs/share/autoware_localization_msgs/cmake/autoware_localization_msgs__rosidl_typesupport_introspection_cExport.cmake
[6.714s] -- Installing: /home/jmj/dream_ws/install/autoware_localization_msgs/share/autoware_localization_msgs/cmake/autoware_localization_msgs__rosidl_typesupport_introspection_cExport-noconfig.cmake
[6.714s] -- Installing: /home/jmj/dream_ws/install/autoware_localization_msgs/share/autoware_localization_msgs/cmake/autoware_localization_msgs__rosidl_typesupport_cExport.cmake
[6.714s] -- Installing: /home/jmj/dream_ws/install/autoware_localization_msgs/share/autoware_localization_msgs/cmake/autoware_localization_msgs__rosidl_typesupport_cExport-noconfig.cmake
[6.714s] -- Installing: /home/jmj/dream_ws/install/autoware_localization_msgs/share/autoware_localization_msgs/cmake/autoware_localization_msgs__rosidl_typesupport_introspection_cppExport.cmake
[6.714s] -- Installing: /home/jmj/dream_ws/install/autoware_localization_msgs/share/autoware_localization_msgs/cmake/autoware_localization_msgs__rosidl_typesupport_introspection_cppExport-noconfig.cmake
[6.714s] -- Installing: /home/jmj/dream_ws/install/autoware_localization_msgs/share/autoware_localization_msgs/cmake/autoware_localization_msgs__rosidl_typesupport_cppExport.cmake
[6.714s] -- Installing: /home/jmj/dream_ws/install/autoware_localization_msgs/share/autoware_localization_msgs/cmake/autoware_localization_msgs__rosidl_typesupport_cppExport-noconfig.cmake
[6.714s] -- Installing: /home/jmj/dream_ws/install/autoware_localization_msgs/share/autoware_localization_msgs/cmake/export_autoware_localization_msgs__rosidl_generator_pyExport.cmake
[6.715s] -- Installing: /home/jmj/dream_ws/install/autoware_localization_msgs/share/autoware_localization_msgs/cmake/export_autoware_localization_msgs__rosidl_generator_pyExport-noconfig.cmake
[6.715s] -- Installing: /home/jmj/dream_ws/install/autoware_localization_msgs/share/autoware_localization_msgs/cmake/rosidl_cmake-extras.cmake
[6.715s] -- Installing: /home/jmj/dream_ws/install/autoware_localization_msgs/share/autoware_localization_msgs/cmake/ament_cmake_export_dependencies-extras.cmake
[6.715s] -- Installing: /home/jmj/dream_ws/install/autoware_localization_msgs/share/autoware_localization_msgs/cmake/ament_cmake_export_include_directories-extras.cmake
[6.715s] -- Installing: /home/jmj/dream_ws/install/autoware_localization_msgs/share/autoware_localization_msgs/cmake/ament_cmake_export_libraries-extras.cmake
[6.715s] -- Installing: /home/jmj/dream_ws/install/autoware_localization_msgs/share/autoware_localization_msgs/cmake/ament_cmake_export_targets-extras.cmake
[6.715s] -- Installing: /home/jmj/dream_ws/install/autoware_localization_msgs/share/autoware_localization_msgs/cmake/rosidl_cmake_export_typesupport_targets-extras.cmake
[6.715s] -- Installing: /home/jmj/dream_ws/install/autoware_localization_msgs/share/autoware_localization_msgs/cmake/rosidl_cmake_export_typesupport_libraries-extras.cmake
[6.715s] -- Installing: /home/jmj/dream_ws/install/autoware_localization_msgs/share/autoware_localization_msgs/cmake/autoware_localization_msgsConfig.cmake
[6.715s] -- Installing: /home/jmj/dream_ws/install/autoware_localization_msgs/share/autoware_localization_msgs/cmake/autoware_localization_msgsConfig-version.cmake
[6.715s] -- Installing: /home/jmj/dream_ws/install/autoware_localization_msgs/share/autoware_localization_msgs/package.xml
[6.718s] Invoked command in '/home/jmj/dream_ws/build/autoware_localization_msgs' returned '0': CMAKE_PREFIX_PATH=${CMAKE_PREFIX_PATH}:/home/jmj/dream_ws/install/dream:/opt/ros/humble /usr/bin/cmake --install /home/jmj/dream_ws/build/autoware_localization_msgs
