[ 10%] Built target autoware_v2x_msgs__rosidl_generator_c
[ 12%] Built target autoware_v2x_msgs__cpp
[ 12%] Built target ament_cmake_python_copy_autoware_v2x_msgs
[ 23%] Built target autoware_v2x_msgs__rosidl_typesupport_fastrtps_c
[ 34%] Built target autoware_v2x_msgs__rosidl_typesupport_introspection_c
[ 45%] Built target autoware_v2x_msgs__rosidl_typesupport_cpp
[ 56%] Built target autoware_v2x_msgs__rosidl_typesupport_introspection_cpp
[ 67%] Built target autoware_v2x_msgs__rosidl_typesupport_fastrtps_cpp
[ 78%] Built target autoware_v2x_msgs__rosidl_typesupport_c
[ 78%] Built target autoware_v2x_msgs
[ 80%] Built target autoware_v2x_msgs__py
[ 89%] Built target autoware_v2x_msgs__rosidl_generator_py
[ 92%] Built target autoware_v2x_msgs__rosidl_typesupport_c__pyext
[100%] Built target autoware_v2x_msgs__rosidl_typesupport_introspection_c__pyext
[100%] Built target autoware_v2x_msgs__rosidl_typesupport_fastrtps_c__pyext
running egg_info
writing autoware_v2x_msgs.egg-info/PKG-INFO
writing dependency_links to autoware_v2x_msgs.egg-info/dependency_links.txt
writing top-level names to autoware_v2x_msgs.egg-info/top_level.txt
reading manifest file 'autoware_v2x_msgs.egg-info/SOURCES.txt'
writing manifest file 'autoware_v2x_msgs.egg-info/SOURCES.txt'
[100%] Built target ament_cmake_python_build_autoware_v2x_msgs_egg
-- Install configuration: ""
-- Up-to-date: /home/jmj/dream_ws/install/autoware_v2x_msgs/share/ament_index/resource_index/rosidl_interfaces/autoware_v2x_msgs
-- Up-to-date: /home/jmj/dream_ws/install/autoware_v2x_msgs/include/autoware_v2x_msgs/autoware_v2x_msgs
-- Up-to-date: /home/jmj/dream_ws/install/autoware_v2x_msgs/include/autoware_v2x_msgs/autoware_v2x_msgs/msg
-- Up-to-date: /home/jmj/dream_ws/install/autoware_v2x_msgs/include/autoware_v2x_msgs/autoware_v2x_msgs/msg/rosidl_generator_c__visibility_control.h
-- Up-to-date: /home/jmj/dream_ws/install/autoware_v2x_msgs/include/autoware_v2x_msgs/autoware_v2x_msgs/msg/detail
-- Up-to-date: /home/jmj/dream_ws/install/autoware_v2x_msgs/include/autoware_v2x_msgs/autoware_v2x_msgs/msg/detail/virtual_gate_area_command__functions.c
-- Up-to-date: /home/jmj/dream_ws/install/autoware_v2x_msgs/include/autoware_v2x_msgs/autoware_v2x_msgs/msg/detail/virtual_gate_command__functions.h
-- Up-to-date: /home/jmj/dream_ws/install/autoware_v2x_msgs/include/autoware_v2x_msgs/autoware_v2x_msgs/msg/detail/virtual_gate_area_status__struct.h
-- Up-to-date: /home/jmj/dream_ws/install/autoware_v2x_msgs/include/autoware_v2x_msgs/autoware_v2x_msgs/msg/detail/virtual_gate_command__type_support.h
-- Up-to-date: /home/jmj/dream_ws/install/autoware_v2x_msgs/include/autoware_v2x_msgs/autoware_v2x_msgs/msg/detail/virtual_gate_area_status__type_support.h
-- Up-to-date: /home/jmj/dream_ws/install/autoware_v2x_msgs/include/autoware_v2x_msgs/autoware_v2x_msgs/msg/detail/virtual_gate_status__functions.c
-- Up-to-date: /home/jmj/dream_ws/install/autoware_v2x_msgs/include/autoware_v2x_msgs/autoware_v2x_msgs/msg/detail/virtual_gate_area_command__functions.h
-- Up-to-date: /home/jmj/dream_ws/install/autoware_v2x_msgs/include/autoware_v2x_msgs/autoware_v2x_msgs/msg/detail/virtual_gate_area_status__functions.h
-- Up-to-date: /home/jmj/dream_ws/install/autoware_v2x_msgs/include/autoware_v2x_msgs/autoware_v2x_msgs/msg/detail/virtual_gate_command__struct.h
-- Up-to-date: /home/jmj/dream_ws/install/autoware_v2x_msgs/include/autoware_v2x_msgs/autoware_v2x_msgs/msg/detail/virtual_gate_area_command__struct.h
-- Up-to-date: /home/jmj/dream_ws/install/autoware_v2x_msgs/include/autoware_v2x_msgs/autoware_v2x_msgs/msg/detail/virtual_gate_area_status__functions.c
-- Up-to-date: /home/jmj/dream_ws/install/autoware_v2x_msgs/include/autoware_v2x_msgs/autoware_v2x_msgs/msg/detail/virtual_gate_status__functions.h
-- Up-to-date: /home/jmj/dream_ws/install/autoware_v2x_msgs/include/autoware_v2x_msgs/autoware_v2x_msgs/msg/detail/virtual_gate_status__struct.h
-- Up-to-date: /home/jmj/dream_ws/install/autoware_v2x_msgs/include/autoware_v2x_msgs/autoware_v2x_msgs/msg/detail/virtual_gate_area_command__type_support.h
-- Up-to-date: /home/jmj/dream_ws/install/autoware_v2x_msgs/include/autoware_v2x_msgs/autoware_v2x_msgs/msg/detail/virtual_gate_command__functions.c
-- Up-to-date: /home/jmj/dream_ws/install/autoware_v2x_msgs/include/autoware_v2x_msgs/autoware_v2x_msgs/msg/detail/virtual_gate_status__type_support.h
-- Up-to-date: /home/jmj/dream_ws/install/autoware_v2x_msgs/include/autoware_v2x_msgs/autoware_v2x_msgs/msg/virtual_gate_command.h
-- Up-to-date: /home/jmj/dream_ws/install/autoware_v2x_msgs/include/autoware_v2x_msgs/autoware_v2x_msgs/msg/virtual_gate_status.h
-- Up-to-date: /home/jmj/dream_ws/install/autoware_v2x_msgs/include/autoware_v2x_msgs/autoware_v2x_msgs/msg/virtual_gate_area_command.h
-- Up-to-date: /home/jmj/dream_ws/install/autoware_v2x_msgs/include/autoware_v2x_msgs/autoware_v2x_msgs/msg/virtual_gate_area_status.h
-- Up-to-date: /home/jmj/dream_ws/install/autoware_v2x_msgs/share/autoware_v2x_msgs/environment/library_path.sh
-- Up-to-date: /home/jmj/dream_ws/install/autoware_v2x_msgs/share/autoware_v2x_msgs/environment/library_path.dsv
-- Up-to-date: /home/jmj/dream_ws/install/autoware_v2x_msgs/lib/libautoware_v2x_msgs__rosidl_generator_c.so
-- Up-to-date: /home/jmj/dream_ws/install/autoware_v2x_msgs/include/autoware_v2x_msgs/autoware_v2x_msgs
-- Up-to-date: /home/jmj/dream_ws/install/autoware_v2x_msgs/include/autoware_v2x_msgs/autoware_v2x_msgs/msg
-- Up-to-date: /home/jmj/dream_ws/install/autoware_v2x_msgs/include/autoware_v2x_msgs/autoware_v2x_msgs/msg/detail
-- Up-to-date: /home/jmj/dream_ws/install/autoware_v2x_msgs/include/autoware_v2x_msgs/autoware_v2x_msgs/msg/detail/virtual_gate_status__rosidl_typesupport_fastrtps_c.h
-- Up-to-date: /home/jmj/dream_ws/install/autoware_v2x_msgs/include/autoware_v2x_msgs/autoware_v2x_msgs/msg/detail/virtual_gate_area_status__rosidl_typesupport_fastrtps_c.h
-- Up-to-date: /home/jmj/dream_ws/install/autoware_v2x_msgs/include/autoware_v2x_msgs/autoware_v2x_msgs/msg/detail/virtual_gate_command__rosidl_typesupport_fastrtps_c.h
-- Up-to-date: /home/jmj/dream_ws/install/autoware_v2x_msgs/include/autoware_v2x_msgs/autoware_v2x_msgs/msg/detail/virtual_gate_area_command__rosidl_typesupport_fastrtps_c.h
-- Up-to-date: /home/jmj/dream_ws/install/autoware_v2x_msgs/include/autoware_v2x_msgs/autoware_v2x_msgs/msg/rosidl_typesupport_fastrtps_c__visibility_control.h
-- Up-to-date: /home/jmj/dream_ws/install/autoware_v2x_msgs/lib/libautoware_v2x_msgs__rosidl_typesupport_fastrtps_c.so
-- Up-to-date: /home/jmj/dream_ws/install/autoware_v2x_msgs/include/autoware_v2x_msgs/autoware_v2x_msgs
-- Up-to-date: /home/jmj/dream_ws/install/autoware_v2x_msgs/include/autoware_v2x_msgs/autoware_v2x_msgs/msg
-- Up-to-date: /home/jmj/dream_ws/install/autoware_v2x_msgs/include/autoware_v2x_msgs/autoware_v2x_msgs/msg/detail
-- Up-to-date: /home/jmj/dream_ws/install/autoware_v2x_msgs/include/autoware_v2x_msgs/autoware_v2x_msgs/msg/detail/virtual_gate_area_status__rosidl_typesupport_introspection_c.h
-- Up-to-date: /home/jmj/dream_ws/install/autoware_v2x_msgs/include/autoware_v2x_msgs/autoware_v2x_msgs/msg/detail/virtual_gate_status__rosidl_typesupport_introspection_c.h
-- Up-to-date: /home/jmj/dream_ws/install/autoware_v2x_msgs/include/autoware_v2x_msgs/autoware_v2x_msgs/msg/detail/virtual_gate_area_command__type_support.c
-- Up-to-date: /home/jmj/dream_ws/install/autoware_v2x_msgs/include/autoware_v2x_msgs/autoware_v2x_msgs/msg/detail/virtual_gate_command__rosidl_typesupport_introspection_c.h
-- Up-to-date: /home/jmj/dream_ws/install/autoware_v2x_msgs/include/autoware_v2x_msgs/autoware_v2x_msgs/msg/detail/virtual_gate_area_status__type_support.c
-- Up-to-date: /home/jmj/dream_ws/install/autoware_v2x_msgs/include/autoware_v2x_msgs/autoware_v2x_msgs/msg/detail/virtual_gate_status__type_support.c
-- Up-to-date: /home/jmj/dream_ws/install/autoware_v2x_msgs/include/autoware_v2x_msgs/autoware_v2x_msgs/msg/detail/virtual_gate_command__type_support.c
-- Up-to-date: /home/jmj/dream_ws/install/autoware_v2x_msgs/include/autoware_v2x_msgs/autoware_v2x_msgs/msg/detail/virtual_gate_area_command__rosidl_typesupport_introspection_c.h
-- Up-to-date: /home/jmj/dream_ws/install/autoware_v2x_msgs/include/autoware_v2x_msgs/autoware_v2x_msgs/msg/rosidl_typesupport_introspection_c__visibility_control.h
-- Up-to-date: /home/jmj/dream_ws/install/autoware_v2x_msgs/lib/libautoware_v2x_msgs__rosidl_typesupport_introspection_c.so
-- Up-to-date: /home/jmj/dream_ws/install/autoware_v2x_msgs/lib/libautoware_v2x_msgs__rosidl_typesupport_c.so
-- Up-to-date: /home/jmj/dream_ws/install/autoware_v2x_msgs/include/autoware_v2x_msgs/autoware_v2x_msgs
-- Up-to-date: /home/jmj/dream_ws/install/autoware_v2x_msgs/include/autoware_v2x_msgs/autoware_v2x_msgs/msg
-- Up-to-date: /home/jmj/dream_ws/install/autoware_v2x_msgs/include/autoware_v2x_msgs/autoware_v2x_msgs/msg/virtual_gate_area_status.hpp
-- Up-to-date: /home/jmj/dream_ws/install/autoware_v2x_msgs/include/autoware_v2x_msgs/autoware_v2x_msgs/msg/virtual_gate_command.hpp
-- Up-to-date: /home/jmj/dream_ws/install/autoware_v2x_msgs/include/autoware_v2x_msgs/autoware_v2x_msgs/msg/detail
-- Up-to-date: /home/jmj/dream_ws/install/autoware_v2x_msgs/include/autoware_v2x_msgs/autoware_v2x_msgs/msg/detail/virtual_gate_area_command__type_support.hpp
-- Up-to-date: /home/jmj/dream_ws/install/autoware_v2x_msgs/include/autoware_v2x_msgs/autoware_v2x_msgs/msg/detail/virtual_gate_command__type_support.hpp
-- Up-to-date: /home/jmj/dream_ws/install/autoware_v2x_msgs/include/autoware_v2x_msgs/autoware_v2x_msgs/msg/detail/virtual_gate_area_status__type_support.hpp
-- Up-to-date: /home/jmj/dream_ws/install/autoware_v2x_msgs/include/autoware_v2x_msgs/autoware_v2x_msgs/msg/detail/virtual_gate_command__traits.hpp
-- Up-to-date: /home/jmj/dream_ws/install/autoware_v2x_msgs/include/autoware_v2x_msgs/autoware_v2x_msgs/msg/detail/virtual_gate_area_status__traits.hpp
-- Up-to-date: /home/jmj/dream_ws/install/autoware_v2x_msgs/include/autoware_v2x_msgs/autoware_v2x_msgs/msg/detail/virtual_gate_area_status__builder.hpp
-- Up-to-date: /home/jmj/dream_ws/install/autoware_v2x_msgs/include/autoware_v2x_msgs/autoware_v2x_msgs/msg/detail/virtual_gate_status__traits.hpp
-- Up-to-date: /home/jmj/dream_ws/install/autoware_v2x_msgs/include/autoware_v2x_msgs/autoware_v2x_msgs/msg/detail/virtual_gate_area_command__struct.hpp
-- Up-to-date: /home/jmj/dream_ws/install/autoware_v2x_msgs/include/autoware_v2x_msgs/autoware_v2x_msgs/msg/detail/virtual_gate_status__builder.hpp
-- Up-to-date: /home/jmj/dream_ws/install/autoware_v2x_msgs/include/autoware_v2x_msgs/autoware_v2x_msgs/msg/detail/virtual_gate_area_command__builder.hpp
-- Up-to-date: /home/jmj/dream_ws/install/autoware_v2x_msgs/include/autoware_v2x_msgs/autoware_v2x_msgs/msg/detail/virtual_gate_command__struct.hpp
-- Up-to-date: /home/jmj/dream_ws/install/autoware_v2x_msgs/include/autoware_v2x_msgs/autoware_v2x_msgs/msg/detail/virtual_gate_area_status__struct.hpp
-- Up-to-date: /home/jmj/dream_ws/install/autoware_v2x_msgs/include/autoware_v2x_msgs/autoware_v2x_msgs/msg/detail/virtual_gate_status__type_support.hpp
-- Up-to-date: /home/jmj/dream_ws/install/autoware_v2x_msgs/include/autoware_v2x_msgs/autoware_v2x_msgs/msg/detail/virtual_gate_command__builder.hpp
-- Up-to-date: /home/jmj/dream_ws/install/autoware_v2x_msgs/include/autoware_v2x_msgs/autoware_v2x_msgs/msg/detail/virtual_gate_status__struct.hpp
-- Up-to-date: /home/jmj/dream_ws/install/autoware_v2x_msgs/include/autoware_v2x_msgs/autoware_v2x_msgs/msg/detail/virtual_gate_area_command__traits.hpp
-- Up-to-date: /home/jmj/dream_ws/install/autoware_v2x_msgs/include/autoware_v2x_msgs/autoware_v2x_msgs/msg/virtual_gate_status.hpp
-- Up-to-date: /home/jmj/dream_ws/install/autoware_v2x_msgs/include/autoware_v2x_msgs/autoware_v2x_msgs/msg/virtual_gate_area_command.hpp
-- Up-to-date: /home/jmj/dream_ws/install/autoware_v2x_msgs/include/autoware_v2x_msgs/autoware_v2x_msgs/msg/rosidl_generator_cpp__visibility_control.hpp
-- Up-to-date: /home/jmj/dream_ws/install/autoware_v2x_msgs/include/autoware_v2x_msgs/autoware_v2x_msgs
-- Up-to-date: /home/jmj/dream_ws/install/autoware_v2x_msgs/include/autoware_v2x_msgs/autoware_v2x_msgs/msg
-- Up-to-date: /home/jmj/dream_ws/install/autoware_v2x_msgs/include/autoware_v2x_msgs/autoware_v2x_msgs/msg/detail
-- Up-to-date: /home/jmj/dream_ws/install/autoware_v2x_msgs/include/autoware_v2x_msgs/autoware_v2x_msgs/msg/detail/virtual_gate_command__rosidl_typesupport_fastrtps_cpp.hpp
-- Up-to-date: /home/jmj/dream_ws/install/autoware_v2x_msgs/include/autoware_v2x_msgs/autoware_v2x_msgs/msg/detail/dds_fastrtps
-- Up-to-date: /home/jmj/dream_ws/install/autoware_v2x_msgs/include/autoware_v2x_msgs/autoware_v2x_msgs/msg/detail/virtual_gate_area_command__rosidl_typesupport_fastrtps_cpp.hpp
-- Up-to-date: /home/jmj/dream_ws/install/autoware_v2x_msgs/include/autoware_v2x_msgs/autoware_v2x_msgs/msg/detail/virtual_gate_status__rosidl_typesupport_fastrtps_cpp.hpp
-- Up-to-date: /home/jmj/dream_ws/install/autoware_v2x_msgs/include/autoware_v2x_msgs/autoware_v2x_msgs/msg/detail/virtual_gate_area_status__rosidl_typesupport_fastrtps_cpp.hpp
-- Up-to-date: /home/jmj/dream_ws/install/autoware_v2x_msgs/include/autoware_v2x_msgs/autoware_v2x_msgs/msg/rosidl_typesupport_fastrtps_cpp__visibility_control.h
-- Up-to-date: /home/jmj/dream_ws/install/autoware_v2x_msgs/lib/libautoware_v2x_msgs__rosidl_typesupport_fastrtps_cpp.so
-- Up-to-date: /home/jmj/dream_ws/install/autoware_v2x_msgs/include/autoware_v2x_msgs/autoware_v2x_msgs
-- Up-to-date: /home/jmj/dream_ws/install/autoware_v2x_msgs/include/autoware_v2x_msgs/autoware_v2x_msgs/msg
-- Up-to-date: /home/jmj/dream_ws/install/autoware_v2x_msgs/include/autoware_v2x_msgs/autoware_v2x_msgs/msg/detail
-- Up-to-date: /home/jmj/dream_ws/install/autoware_v2x_msgs/include/autoware_v2x_msgs/autoware_v2x_msgs/msg/detail/virtual_gate_area_status__rosidl_typesupport_introspection_cpp.hpp
-- Up-to-date: /home/jmj/dream_ws/install/autoware_v2x_msgs/include/autoware_v2x_msgs/autoware_v2x_msgs/msg/detail/virtual_gate_command__type_support.cpp
-- Up-to-date: /home/jmj/dream_ws/install/autoware_v2x_msgs/include/autoware_v2x_msgs/autoware_v2x_msgs/msg/detail/virtual_gate_status__type_support.cpp
-- Up-to-date: /home/jmj/dream_ws/install/autoware_v2x_msgs/include/autoware_v2x_msgs/autoware_v2x_msgs/msg/detail/virtual_gate_area_status__type_support.cpp
-- Up-to-date: /home/jmj/dream_ws/install/autoware_v2x_msgs/include/autoware_v2x_msgs/autoware_v2x_msgs/msg/detail/virtual_gate_area_command__rosidl_typesupport_introspection_cpp.hpp
-- Up-to-date: /home/jmj/dream_ws/install/autoware_v2x_msgs/include/autoware_v2x_msgs/autoware_v2x_msgs/msg/detail/virtual_gate_command__rosidl_typesupport_introspection_cpp.hpp
-- Up-to-date: /home/jmj/dream_ws/install/autoware_v2x_msgs/include/autoware_v2x_msgs/autoware_v2x_msgs/msg/detail/virtual_gate_status__rosidl_typesupport_introspection_cpp.hpp
-- Up-to-date: /home/jmj/dream_ws/install/autoware_v2x_msgs/include/autoware_v2x_msgs/autoware_v2x_msgs/msg/detail/virtual_gate_area_command__type_support.cpp
-- Up-to-date: /home/jmj/dream_ws/install/autoware_v2x_msgs/lib/libautoware_v2x_msgs__rosidl_typesupport_introspection_cpp.so
-- Up-to-date: /home/jmj/dream_ws/install/autoware_v2x_msgs/lib/libautoware_v2x_msgs__rosidl_typesupport_cpp.so
-- Up-to-date: /home/jmj/dream_ws/install/autoware_v2x_msgs/share/autoware_v2x_msgs/environment/pythonpath.sh
-- Up-to-date: /home/jmj/dream_ws/install/autoware_v2x_msgs/share/autoware_v2x_msgs/environment/pythonpath.dsv
-- Up-to-date: /home/jmj/dream_ws/install/autoware_v2x_msgs/local/lib/python3.10/dist-packages/autoware_v2x_msgs-1.8.0-py3.10.egg-info
-- Installing: /home/jmj/dream_ws/install/autoware_v2x_msgs/local/lib/python3.10/dist-packages/autoware_v2x_msgs-1.8.0-py3.10.egg-info/dependency_links.txt
-- Installing: /home/jmj/dream_ws/install/autoware_v2x_msgs/local/lib/python3.10/dist-packages/autoware_v2x_msgs-1.8.0-py3.10.egg-info/top_level.txt
-- Installing: /home/jmj/dream_ws/install/autoware_v2x_msgs/local/lib/python3.10/dist-packages/autoware_v2x_msgs-1.8.0-py3.10.egg-info/PKG-INFO
-- Installing: /home/jmj/dream_ws/install/autoware_v2x_msgs/local/lib/python3.10/dist-packages/autoware_v2x_msgs-1.8.0-py3.10.egg-info/SOURCES.txt
-- Up-to-date: /home/jmj/dream_ws/install/autoware_v2x_msgs/local/lib/python3.10/dist-packages/autoware_v2x_msgs
-- Up-to-date: /home/jmj/dream_ws/install/autoware_v2x_msgs/local/lib/python3.10/dist-packages/autoware_v2x_msgs/autoware_v2x_msgs_s__rosidl_typesupport_c.cpython-310-x86_64-linux-gnu.so
-- Up-to-date: /home/jmj/dream_ws/install/autoware_v2x_msgs/local/lib/python3.10/dist-packages/autoware_v2x_msgs/_autoware_v2x_msgs_s.ep.rosidl_typesupport_introspection_c.c
-- Up-to-date: /home/jmj/dream_ws/install/autoware_v2x_msgs/local/lib/python3.10/dist-packages/autoware_v2x_msgs/__init__.py
-- Up-to-date: /home/jmj/dream_ws/install/autoware_v2x_msgs/local/lib/python3.10/dist-packages/autoware_v2x_msgs/_autoware_v2x_msgs_s.ep.rosidl_typesupport_c.c
-- Up-to-date: /home/jmj/dream_ws/install/autoware_v2x_msgs/local/lib/python3.10/dist-packages/autoware_v2x_msgs/_autoware_v2x_msgs_s.ep.rosidl_typesupport_fastrtps_c.c
-- Up-to-date: /home/jmj/dream_ws/install/autoware_v2x_msgs/local/lib/python3.10/dist-packages/autoware_v2x_msgs/autoware_v2x_msgs_s__rosidl_typesupport_introspection_c.cpython-310-x86_64-linux-gnu.so
-- Up-to-date: /home/jmj/dream_ws/install/autoware_v2x_msgs/local/lib/python3.10/dist-packages/autoware_v2x_msgs/autoware_v2x_msgs_s__rosidl_typesupport_fastrtps_c.cpython-310-x86_64-linux-gnu.so
-- Up-to-date: /home/jmj/dream_ws/install/autoware_v2x_msgs/local/lib/python3.10/dist-packages/autoware_v2x_msgs/libautoware_v2x_msgs__rosidl_generator_py.so
-- Up-to-date: /home/jmj/dream_ws/install/autoware_v2x_msgs/local/lib/python3.10/dist-packages/autoware_v2x_msgs/msg
-- Up-to-date: /home/jmj/dream_ws/install/autoware_v2x_msgs/local/lib/python3.10/dist-packages/autoware_v2x_msgs/msg/_virtual_gate_area_command.py
-- Up-to-date: /home/jmj/dream_ws/install/autoware_v2x_msgs/local/lib/python3.10/dist-packages/autoware_v2x_msgs/msg/_virtual_gate_status.py
-- Up-to-date: /home/jmj/dream_ws/install/autoware_v2x_msgs/local/lib/python3.10/dist-packages/autoware_v2x_msgs/msg/_virtual_gate_area_status.py
-- Up-to-date: /home/jmj/dream_ws/install/autoware_v2x_msgs/local/lib/python3.10/dist-packages/autoware_v2x_msgs/msg/__init__.py
-- Up-to-date: /home/jmj/dream_ws/install/autoware_v2x_msgs/local/lib/python3.10/dist-packages/autoware_v2x_msgs/msg/_virtual_gate_status_s.c
-- Up-to-date: /home/jmj/dream_ws/install/autoware_v2x_msgs/local/lib/python3.10/dist-packages/autoware_v2x_msgs/msg/_virtual_gate_command.py
-- Up-to-date: /home/jmj/dream_ws/install/autoware_v2x_msgs/local/lib/python3.10/dist-packages/autoware_v2x_msgs/msg/_virtual_gate_area_status_s.c
-- Up-to-date: /home/jmj/dream_ws/install/autoware_v2x_msgs/local/lib/python3.10/dist-packages/autoware_v2x_msgs/msg/_virtual_gate_command_s.c
-- Up-to-date: /home/jmj/dream_ws/install/autoware_v2x_msgs/local/lib/python3.10/dist-packages/autoware_v2x_msgs/msg/_virtual_gate_area_command_s.c
Listing '/home/jmj/dream_ws/install/autoware_v2x_msgs/local/lib/python3.10/dist-packages/autoware_v2x_msgs'...
Listing '/home/jmj/dream_ws/install/autoware_v2x_msgs/local/lib/python3.10/dist-packages/autoware_v2x_msgs/msg'...
-- Up-to-date: /home/jmj/dream_ws/install/autoware_v2x_msgs/local/lib/python3.10/dist-packages/autoware_v2x_msgs/autoware_v2x_msgs_s__rosidl_typesupport_fastrtps_c.cpython-310-x86_64-linux-gnu.so
-- Up-to-date: /home/jmj/dream_ws/install/autoware_v2x_msgs/local/lib/python3.10/dist-packages/autoware_v2x_msgs/autoware_v2x_msgs_s__rosidl_typesupport_introspection_c.cpython-310-x86_64-linux-gnu.so
-- Up-to-date: /home/jmj/dream_ws/install/autoware_v2x_msgs/local/lib/python3.10/dist-packages/autoware_v2x_msgs/autoware_v2x_msgs_s__rosidl_typesupport_c.cpython-310-x86_64-linux-gnu.so
-- Up-to-date: /home/jmj/dream_ws/install/autoware_v2x_msgs/lib/libautoware_v2x_msgs__rosidl_generator_py.so
-- Up-to-date: /home/jmj/dream_ws/install/autoware_v2x_msgs/share/autoware_v2x_msgs/msg/VirtualGateAreaCommand.idl
-- Up-to-date: /home/jmj/dream_ws/install/autoware_v2x_msgs/share/autoware_v2x_msgs/msg/VirtualGateAreaStatus.idl
-- Up-to-date: /home/jmj/dream_ws/install/autoware_v2x_msgs/share/autoware_v2x_msgs/msg/VirtualGateCommand.idl
-- Up-to-date: /home/jmj/dream_ws/install/autoware_v2x_msgs/share/autoware_v2x_msgs/msg/VirtualGateStatus.idl
-- Up-to-date: /home/jmj/dream_ws/install/autoware_v2x_msgs/share/autoware_v2x_msgs/msg/VirtualGateAreaCommand.msg
-- Up-to-date: /home/jmj/dream_ws/install/autoware_v2x_msgs/share/autoware_v2x_msgs/msg/VirtualGateAreaStatus.msg
-- Up-to-date: /home/jmj/dream_ws/install/autoware_v2x_msgs/share/autoware_v2x_msgs/msg/VirtualGateCommand.msg
-- Up-to-date: /home/jmj/dream_ws/install/autoware_v2x_msgs/share/autoware_v2x_msgs/msg/VirtualGateStatus.msg
-- Up-to-date: /home/jmj/dream_ws/install/autoware_v2x_msgs/share/ament_index/resource_index/package_run_dependencies/autoware_v2x_msgs
-- Up-to-date: /home/jmj/dream_ws/install/autoware_v2x_msgs/share/ament_index/resource_index/parent_prefix_path/autoware_v2x_msgs
-- Up-to-date: /home/jmj/dream_ws/install/autoware_v2x_msgs/share/autoware_v2x_msgs/environment/ament_prefix_path.sh
-- Up-to-date: /home/jmj/dream_ws/install/autoware_v2x_msgs/share/autoware_v2x_msgs/environment/ament_prefix_path.dsv
-- Up-to-date: /home/jmj/dream_ws/install/autoware_v2x_msgs/share/autoware_v2x_msgs/environment/path.sh
-- Up-to-date: /home/jmj/dream_ws/install/autoware_v2x_msgs/share/autoware_v2x_msgs/environment/path.dsv
-- Up-to-date: /home/jmj/dream_ws/install/autoware_v2x_msgs/share/autoware_v2x_msgs/local_setup.bash
-- Up-to-date: /home/jmj/dream_ws/install/autoware_v2x_msgs/share/autoware_v2x_msgs/local_setup.sh
-- Up-to-date: /home/jmj/dream_ws/install/autoware_v2x_msgs/share/autoware_v2x_msgs/local_setup.zsh
-- Up-to-date: /home/jmj/dream_ws/install/autoware_v2x_msgs/share/autoware_v2x_msgs/local_setup.dsv
-- Installing: /home/jmj/dream_ws/install/autoware_v2x_msgs/share/autoware_v2x_msgs/package.dsv
-- Up-to-date: /home/jmj/dream_ws/install/autoware_v2x_msgs/share/ament_index/resource_index/packages/autoware_v2x_msgs
-- Up-to-date: /home/jmj/dream_ws/install/autoware_v2x_msgs/share/autoware_v2x_msgs/cmake/export_autoware_v2x_msgs__rosidl_generator_cExport.cmake
-- Up-to-date: /home/jmj/dream_ws/install/autoware_v2x_msgs/share/autoware_v2x_msgs/cmake/export_autoware_v2x_msgs__rosidl_generator_cExport-noconfig.cmake
-- Up-to-date: /home/jmj/dream_ws/install/autoware_v2x_msgs/share/autoware_v2x_msgs/cmake/export_autoware_v2x_msgs__rosidl_typesupport_fastrtps_cExport.cmake
-- Up-to-date: /home/jmj/dream_ws/install/autoware_v2x_msgs/share/autoware_v2x_msgs/cmake/export_autoware_v2x_msgs__rosidl_typesupport_fastrtps_cExport-noconfig.cmake
-- Up-to-date: /home/jmj/dream_ws/install/autoware_v2x_msgs/share/autoware_v2x_msgs/cmake/autoware_v2x_msgs__rosidl_typesupport_introspection_cExport.cmake
-- Up-to-date: /home/jmj/dream_ws/install/autoware_v2x_msgs/share/autoware_v2x_msgs/cmake/autoware_v2x_msgs__rosidl_typesupport_introspection_cExport-noconfig.cmake
-- Up-to-date: /home/jmj/dream_ws/install/autoware_v2x_msgs/share/autoware_v2x_msgs/cmake/autoware_v2x_msgs__rosidl_typesupport_cExport.cmake
-- Up-to-date: /home/jmj/dream_ws/install/autoware_v2x_msgs/share/autoware_v2x_msgs/cmake/autoware_v2x_msgs__rosidl_typesupport_cExport-noconfig.cmake
-- Up-to-date: /home/jmj/dream_ws/install/autoware_v2x_msgs/share/autoware_v2x_msgs/cmake/export_autoware_v2x_msgs__rosidl_generator_cppExport.cmake
-- Up-to-date: /home/jmj/dream_ws/install/autoware_v2x_msgs/share/autoware_v2x_msgs/cmake/export_autoware_v2x_msgs__rosidl_typesupport_fastrtps_cppExport.cmake
-- Up-to-date: /home/jmj/dream_ws/install/autoware_v2x_msgs/share/autoware_v2x_msgs/cmake/export_autoware_v2x_msgs__rosidl_typesupport_fastrtps_cppExport-noconfig.cmake
-- Up-to-date: /home/jmj/dream_ws/install/autoware_v2x_msgs/share/autoware_v2x_msgs/cmake/autoware_v2x_msgs__rosidl_typesupport_introspection_cppExport.cmake
-- Up-to-date: /home/jmj/dream_ws/install/autoware_v2x_msgs/share/autoware_v2x_msgs/cmake/autoware_v2x_msgs__rosidl_typesupport_introspection_cppExport-noconfig.cmake
-- Up-to-date: /home/jmj/dream_ws/install/autoware_v2x_msgs/share/autoware_v2x_msgs/cmake/autoware_v2x_msgs__rosidl_typesupport_cppExport.cmake
-- Up-to-date: /home/jmj/dream_ws/install/autoware_v2x_msgs/share/autoware_v2x_msgs/cmake/autoware_v2x_msgs__rosidl_typesupport_cppExport-noconfig.cmake
-- Up-to-date: /home/jmj/dream_ws/install/autoware_v2x_msgs/share/autoware_v2x_msgs/cmake/export_autoware_v2x_msgs__rosidl_generator_pyExport.cmake
-- Up-to-date: /home/jmj/dream_ws/install/autoware_v2x_msgs/share/autoware_v2x_msgs/cmake/export_autoware_v2x_msgs__rosidl_generator_pyExport-noconfig.cmake
-- Up-to-date: /home/jmj/dream_ws/install/autoware_v2x_msgs/share/autoware_v2x_msgs/cmake/rosidl_cmake-extras.cmake
-- Up-to-date: /home/jmj/dream_ws/install/autoware_v2x_msgs/share/autoware_v2x_msgs/cmake/ament_cmake_export_dependencies-extras.cmake
-- Up-to-date: /home/jmj/dream_ws/install/autoware_v2x_msgs/share/autoware_v2x_msgs/cmake/ament_cmake_export_include_directories-extras.cmake
-- Up-to-date: /home/jmj/dream_ws/install/autoware_v2x_msgs/share/autoware_v2x_msgs/cmake/ament_cmake_export_libraries-extras.cmake
-- Up-to-date: /home/jmj/dream_ws/install/autoware_v2x_msgs/share/autoware_v2x_msgs/cmake/ament_cmake_export_targets-extras.cmake
-- Up-to-date: /home/jmj/dream_ws/install/autoware_v2x_msgs/share/autoware_v2x_msgs/cmake/rosidl_cmake_export_typesupport_targets-extras.cmake
-- Up-to-date: /home/jmj/dream_ws/install/autoware_v2x_msgs/share/autoware_v2x_msgs/cmake/rosidl_cmake_export_typesupport_libraries-extras.cmake
-- Up-to-date: /home/jmj/dream_ws/install/autoware_v2x_msgs/share/autoware_v2x_msgs/cmake/autoware_v2x_msgsConfig.cmake
-- Up-to-date: /home/jmj/dream_ws/install/autoware_v2x_msgs/share/autoware_v2x_msgs/cmake/autoware_v2x_msgsConfig-version.cmake
-- Up-to-date: /home/jmj/dream_ws/install/autoware_v2x_msgs/share/autoware_v2x_msgs/package.xml
