[0.022s] Invoking command in '/home/jmj/dream_ws/build/autoware_msgs': CMAKE_PREFIX_PATH=/home/jmj/dream_ws/install/autoware_vehicle_msgs:/home/jmj/dream_ws/install/autoware_v2x_msgs:/home/jmj/dream_ws/install/autoware_system_msgs:/home/jmj/dream_ws/install/autoware_sensing_msgs:/home/jmj/dream_ws/install/autoware_planning_msgs:/home/jmj/dream_ws/install/autoware_perception_msgs:/home/jmj/dream_ws/install/autoware_map_msgs:/home/jmj/dream_ws/install/autoware_localization_msgs:/home/jmj/dream_ws/install/autoware_control_msgs:/home/jmj/dream_ws/install/autoware_common_msgs:/home/jmj/dream_ws/install/autoware_msgs:/home/jmj/dream_ws/install/dream:/opt/ros/humble /usr/bin/cmake --build /home/jmj/dream_ws/build/autoware_msgs -- -j20 -l20
[0.047s] Invoked command in '/home/jmj/dream_ws/build/autoware_msgs' returned '0': CMAKE_PREFIX_PATH=/home/jmj/dream_ws/install/autoware_vehicle_msgs:/home/jmj/dream_ws/install/autoware_v2x_msgs:/home/jmj/dream_ws/install/autoware_system_msgs:/home/jmj/dream_ws/install/autoware_sensing_msgs:/home/jmj/dream_ws/install/autoware_planning_msgs:/home/jmj/dream_ws/install/autoware_perception_msgs:/home/jmj/dream_ws/install/autoware_map_msgs:/home/jmj/dream_ws/install/autoware_localization_msgs:/home/jmj/dream_ws/install/autoware_control_msgs:/home/jmj/dream_ws/install/autoware_common_msgs:/home/jmj/dream_ws/install/autoware_msgs:/home/jmj/dream_ws/install/dream:/opt/ros/humble /usr/bin/cmake --build /home/jmj/dream_ws/build/autoware_msgs -- -j20 -l20
[0.048s] Invoking command in '/home/jmj/dream_ws/build/autoware_msgs': CMAKE_PREFIX_PATH=/home/jmj/dream_ws/install/autoware_vehicle_msgs:/home/jmj/dream_ws/install/autoware_v2x_msgs:/home/jmj/dream_ws/install/autoware_system_msgs:/home/jmj/dream_ws/install/autoware_sensing_msgs:/home/jmj/dream_ws/install/autoware_planning_msgs:/home/jmj/dream_ws/install/autoware_perception_msgs:/home/jmj/dream_ws/install/autoware_map_msgs:/home/jmj/dream_ws/install/autoware_localization_msgs:/home/jmj/dream_ws/install/autoware_control_msgs:/home/jmj/dream_ws/install/autoware_common_msgs:/home/jmj/dream_ws/install/autoware_msgs:/home/jmj/dream_ws/install/dream:/opt/ros/humble /usr/bin/cmake --install /home/jmj/dream_ws/build/autoware_msgs
[0.052s] -- Install configuration: ""
[0.052s] -- Up-to-date: /home/jmj/dream_ws/install/autoware_msgs/share/ament_index/resource_index/package_run_dependencies/autoware_msgs
[0.052s] -- Up-to-date: /home/jmj/dream_ws/install/autoware_msgs/share/ament_index/resource_index/parent_prefix_path/autoware_msgs
[0.052s] -- Up-to-date: /home/jmj/dream_ws/install/autoware_msgs/share/autoware_msgs/environment/ament_prefix_path.sh
[0.052s] -- Up-to-date: /home/jmj/dream_ws/install/autoware_msgs/share/autoware_msgs/environment/ament_prefix_path.dsv
[0.052s] -- Up-to-date: /home/jmj/dream_ws/install/autoware_msgs/share/autoware_msgs/environment/path.sh
[0.053s] -- Up-to-date: /home/jmj/dream_ws/install/autoware_msgs/share/autoware_msgs/environment/path.dsv
[0.053s] -- Up-to-date: /home/jmj/dream_ws/install/autoware_msgs/share/autoware_msgs/local_setup.bash
[0.053s] -- Up-to-date: /home/jmj/dream_ws/install/autoware_msgs/share/autoware_msgs/local_setup.sh
[0.053s] -- Up-to-date: /home/jmj/dream_ws/install/autoware_msgs/share/autoware_msgs/local_setup.zsh
[0.053s] -- Up-to-date: /home/jmj/dream_ws/install/autoware_msgs/share/autoware_msgs/local_setup.dsv
[0.053s] -- Installing: /home/jmj/dream_ws/install/autoware_msgs/share/autoware_msgs/package.dsv
[0.053s] -- Up-to-date: /home/jmj/dream_ws/install/autoware_msgs/share/ament_index/resource_index/packages/autoware_msgs
[0.053s] -- Up-to-date: /home/jmj/dream_ws/install/autoware_msgs/share/autoware_msgs/cmake/autoware_msgsConfig.cmake
[0.053s] -- Up-to-date: /home/jmj/dream_ws/install/autoware_msgs/share/autoware_msgs/cmake/autoware_msgsConfig-version.cmake
[0.053s] -- Up-to-date: /home/jmj/dream_ws/install/autoware_msgs/share/autoware_msgs/package.xml
[0.053s] Invoked command in '/home/jmj/dream_ws/build/autoware_msgs' returned '0': CMAKE_PREFIX_PATH=/home/jmj/dream_ws/install/autoware_vehicle_msgs:/home/jmj/dream_ws/install/autoware_v2x_msgs:/home/jmj/dream_ws/install/autoware_system_msgs:/home/jmj/dream_ws/install/autoware_sensing_msgs:/home/jmj/dream_ws/install/autoware_planning_msgs:/home/jmj/dream_ws/install/autoware_perception_msgs:/home/jmj/dream_ws/install/autoware_map_msgs:/home/jmj/dream_ws/install/autoware_localization_msgs:/home/jmj/dream_ws/install/autoware_control_msgs:/home/jmj/dream_ws/install/autoware_common_msgs:/home/jmj/dream_ws/install/autoware_msgs:/home/jmj/dream_ws/install/dream:/opt/ros/humble /usr/bin/cmake --install /home/jmj/dream_ws/build/autoware_msgs
