-- The C compiler identification is GNU 11.4.0
-- The CXX compiler identification is GNU 11.4.0
-- Detecting C compiler ABI info
-- Detecting C compiler ABI info - done
-- Check for working C compiler: /usr/lib/ccache/gcc - skipped
-- Detecting C compile features
-- Detecting C compile features - done
-- Detecting CXX compiler ABI info
-- Detecting CXX compiler ABI info - done
-- Check for working CXX compiler: /usr/lib/ccache/g++ - skipped
-- Detecting CXX compile features
-- Detecting CXX compile features - done
-- Found ament_cmake_auto: 1.3.11 (/opt/ros/humble/share/ament_cmake_auto/cmake)
-- Found Python3: /usr/bin/python3 (found version "3.10.12") found components: Interpreter 
-- Found rosidl_generator_c: 3.1.6 (/opt/ros/humble/share/rosidl_generator_c/cmake)
-- Found rosidl_adapter: 3.1.6 (/opt/ros/humble/share/rosidl_adapter/cmake)
-- Found rosidl_generator_cpp: 3.1.6 (/opt/ros/humble/share/rosidl_generator_cpp/cmake)
-- Using all available rosidl_typesupport_c: rosidl_typesupport_fastrtps_c;rosidl_typesupport_introspection_c
-- Using all available rosidl_typesupport_cpp: rosidl_typesupport_fastrtps_cpp;rosidl_typesupport_introspection_cpp
-- Found ament_cmake_cppcheck: 0.12.12 (/opt/ros/humble/share/ament_cmake_cppcheck/cmake)
-- Found ament_cmake_cpplint: 0.12.12 (/opt/ros/humble/share/ament_cmake_cpplint/cmake)
-- Found ament_cmake_uncrustify: 0.12.12 (/opt/ros/humble/share/ament_cmake_uncrustify/cmake)
-- Found ament_cmake_ros: 0.10.0 (/opt/ros/humble/share/ament_cmake_ros/cmake)
-- Using all available rosidl_typesupport_c: rosidl_typesupport_fastrtps_c;rosidl_typesupport_introspection_c
-- Using all available rosidl_typesupport_cpp: rosidl_typesupport_fastrtps_cpp;rosidl_typesupport_introspection_cpp
-- Found PythonInterp: /usr/bin/python3 (found suitable version "3.10.12", minimum required is "3.6") 
-- Found python_cmake_module: 0.10.0 (/opt/ros/humble/share/python_cmake_module/cmake)
-- Found PythonLibs: /usr/lib/x86_64-linux-gnu/libpython3.10.so (found suitable version "3.10.12", minimum required is "3.5") 
-- Using PYTHON_EXECUTABLE: /usr/bin/python3
-- Using PYTHON_INCLUDE_DIRS: /usr/include/python3.10
-- Using PYTHON_LIBRARIES: /usr/lib/x86_64-linux-gnu/libpython3.10.so
-- Found PythonExtra: .so  
-- Found ament_cmake_flake8: 0.12.12 (/opt/ros/humble/share/ament_cmake_flake8/cmake)
-- Found ament_cmake_pep257: 0.12.12 (/opt/ros/humble/share/ament_cmake_pep257/cmake)
-- Found ament_lint_auto: 0.12.12 (/opt/ros/humble/share/ament_lint_auto/cmake)
-- Added test 'copyright' to check source files copyright and LICENSE
-- Added test 'lint_cmake' to check CMake code style
-- Added test 'xmllint' to check XML markup files
-- Configuring done
-- Generating done
-- Build files have been written to: /home/jmj/dream_ws/build/autoware_sensing_msgs
[  1%] [34m[1mGenerating C code for ROS interfaces[0m
[  2%] [34m[1mGenerating C++ code for ROS interfaces[0m
[  2%] Built target ament_cmake_python_copy_autoware_sensing_msgs
running egg_info
creating autoware_sensing_msgs.egg-info
writing autoware_sensing_msgs.egg-info/PKG-INFO
writing dependency_links to autoware_sensing_msgs.egg-info/dependency_links.txt
writing top-level names to autoware_sensing_msgs.egg-info/top_level.txt
writing manifest file 'autoware_sensing_msgs.egg-info/SOURCES.txt'
reading manifest file 'autoware_sensing_msgs.egg-info/SOURCES.txt'
writing manifest file 'autoware_sensing_msgs.egg-info/SOURCES.txt'
[  2%] Built target ament_cmake_python_build_autoware_sensing_msgs_egg
[  2%] Built target autoware_sensing_msgs__cpp
[  3%] [34m[1mGenerating C++ type support for eProsima Fast-RTPS[0m
[  5%] [34m[1mGenerating C++ type support dispatch for ROS interfaces[0m
[  6%] [34m[1mGenerating C++ introspection for ROS interfaces[0m
[  7%] [32mBuilding C object CMakeFiles/autoware_sensing_msgs__rosidl_generator_c.dir/rosidl_generator_c/autoware_sensing_msgs/msg/detail/gnss_ins_orientation__functions.c.o[0m
[ 10%] [32mBuilding C object CMakeFiles/autoware_sensing_msgs__rosidl_generator_c.dir/rosidl_generator_c/autoware_sensing_msgs/msg/detail/gnss_ins_orientation_stamped__functions.c.o[0m
[ 10%] [32mBuilding C object CMakeFiles/autoware_sensing_msgs__rosidl_generator_c.dir/rosidl_generator_c/autoware_sensing_msgs/msg/detail/radar_classification__functions.c.o[0m
[ 12%] [32mBuilding C object CMakeFiles/autoware_sensing_msgs__rosidl_generator_c.dir/rosidl_generator_c/autoware_sensing_msgs/msg/detail/radar_objects__functions.c.o[0m
[ 12%] [32mBuilding C object CMakeFiles/autoware_sensing_msgs__rosidl_generator_c.dir/rosidl_generator_c/autoware_sensing_msgs/msg/detail/radar_info__functions.c.o[0m
[ 15%] [32mBuilding C object CMakeFiles/autoware_sensing_msgs__rosidl_generator_c.dir/rosidl_generator_c/autoware_sensing_msgs/msg/detail/radar_field_info__functions.c.o[0m
[ 15%] [32mBuilding C object CMakeFiles/autoware_sensing_msgs__rosidl_generator_c.dir/rosidl_generator_c/autoware_sensing_msgs/msg/detail/radar_object__functions.c.o[0m
[ 16%] [32m[1mLinking C shared library libautoware_sensing_msgs__rosidl_generator_c.so[0m
[ 16%] Built target autoware_sensing_msgs__rosidl_generator_c
[ 17%] [34m[1mGenerating C type support for eProsima Fast-RTPS[0m
[ 18%] [34m[1mGenerating C type support dispatch for ROS interfaces[0m
[ 20%] [34m[1mGenerating C introspection for ROS interfaces[0m
[ 21%] [32mBuilding CXX object CMakeFiles/autoware_sensing_msgs__rosidl_typesupport_cpp.dir/rosidl_typesupport_cpp/autoware_sensing_msgs/msg/gnss_ins_orientation__type_support.cpp.o[0m
[ 22%] [32mBuilding CXX object CMakeFiles/autoware_sensing_msgs__rosidl_typesupport_cpp.dir/rosidl_typesupport_cpp/autoware_sensing_msgs/msg/gnss_ins_orientation_stamped__type_support.cpp.o[0m
[ 25%] [32mBuilding CXX object CMakeFiles/autoware_sensing_msgs__rosidl_typesupport_cpp.dir/rosidl_typesupport_cpp/autoware_sensing_msgs/msg/radar_info__type_support.cpp.o[0m
[ 25%] [32mBuilding CXX object CMakeFiles/autoware_sensing_msgs__rosidl_typesupport_cpp.dir/rosidl_typesupport_cpp/autoware_sensing_msgs/msg/radar_classification__type_support.cpp.o[0m
[ 26%] [32mBuilding CXX object CMakeFiles/autoware_sensing_msgs__rosidl_typesupport_cpp.dir/rosidl_typesupport_cpp/autoware_sensing_msgs/msg/radar_field_info__type_support.cpp.o[0m
[ 27%] [32mBuilding CXX object CMakeFiles/autoware_sensing_msgs__rosidl_typesupport_cpp.dir/rosidl_typesupport_cpp/autoware_sensing_msgs/msg/radar_object__type_support.cpp.o[0m
[ 29%] [32mBuilding CXX object CMakeFiles/autoware_sensing_msgs__rosidl_typesupport_cpp.dir/rosidl_typesupport_cpp/autoware_sensing_msgs/msg/radar_objects__type_support.cpp.o[0m
[ 30%] [32mBuilding CXX object CMakeFiles/autoware_sensing_msgs__rosidl_typesupport_fastrtps_cpp.dir/rosidl_typesupport_fastrtps_cpp/autoware_sensing_msgs/msg/detail/dds_fastrtps/gnss_ins_orientation__type_support.cpp.o[0m
[ 31%] [32mBuilding CXX object CMakeFiles/autoware_sensing_msgs__rosidl_typesupport_fastrtps_cpp.dir/rosidl_typesupport_fastrtps_cpp/autoware_sensing_msgs/msg/detail/dds_fastrtps/radar_classification__type_support.cpp.o[0m
[ 32%] [32mBuilding CXX object CMakeFiles/autoware_sensing_msgs__rosidl_typesupport_fastrtps_cpp.dir/rosidl_typesupport_fastrtps_cpp/autoware_sensing_msgs/msg/detail/dds_fastrtps/gnss_ins_orientation_stamped__type_support.cpp.o[0m
[ 34%] [32mBuilding CXX object CMakeFiles/autoware_sensing_msgs__rosidl_typesupport_fastrtps_cpp.dir/rosidl_typesupport_fastrtps_cpp/autoware_sensing_msgs/msg/detail/dds_fastrtps/radar_field_info__type_support.cpp.o[0m
[ 36%] [32mBuilding CXX object CMakeFiles/autoware_sensing_msgs__rosidl_typesupport_fastrtps_cpp.dir/rosidl_typesupport_fastrtps_cpp/autoware_sensing_msgs/msg/detail/dds_fastrtps/radar_object__type_support.cpp.o[0m
[ 35%] [32mBuilding CXX object CMakeFiles/autoware_sensing_msgs__rosidl_typesupport_fastrtps_cpp.dir/rosidl_typesupport_fastrtps_cpp/autoware_sensing_msgs/msg/detail/dds_fastrtps/radar_info__type_support.cpp.o[0m
[ 37%] [32mBuilding CXX object CMakeFiles/autoware_sensing_msgs__rosidl_typesupport_fastrtps_cpp.dir/rosidl_typesupport_fastrtps_cpp/autoware_sensing_msgs/msg/detail/dds_fastrtps/radar_objects__type_support.cpp.o[0m
[ 39%] [32mBuilding CXX object CMakeFiles/autoware_sensing_msgs__rosidl_typesupport_c.dir/rosidl_typesupport_c/autoware_sensing_msgs/msg/gnss_ins_orientation__type_support.cpp.o[0m
[ 40%] [32mBuilding CXX object CMakeFiles/autoware_sensing_msgs__rosidl_typesupport_c.dir/rosidl_typesupport_c/autoware_sensing_msgs/msg/gnss_ins_orientation_stamped__type_support.cpp.o[0m
[ 41%] [32mBuilding CXX object CMakeFiles/autoware_sensing_msgs__rosidl_typesupport_c.dir/rosidl_typesupport_c/autoware_sensing_msgs/msg/radar_classification__type_support.cpp.o[0m
[ 43%] [32mBuilding CXX object CMakeFiles/autoware_sensing_msgs__rosidl_typesupport_c.dir/rosidl_typesupport_c/autoware_sensing_msgs/msg/radar_field_info__type_support.cpp.o[0m
[ 44%] [32mBuilding CXX object CMakeFiles/autoware_sensing_msgs__rosidl_typesupport_introspection_cpp.dir/rosidl_typesupport_introspection_cpp/autoware_sensing_msgs/msg/detail/gnss_ins_orientation__type_support.cpp.o[0m
[ 45%] [32mBuilding CXX object CMakeFiles/autoware_sensing_msgs__rosidl_typesupport_c.dir/rosidl_typesupport_c/autoware_sensing_msgs/msg/radar_info__type_support.cpp.o[0m
[ 46%] [32mBuilding CXX object CMakeFiles/autoware_sensing_msgs__rosidl_typesupport_introspection_cpp.dir/rosidl_typesupport_introspection_cpp/autoware_sensing_msgs/msg/detail/gnss_ins_orientation_stamped__type_support.cpp.o[0m
[ 48%] [32mBuilding CXX object CMakeFiles/autoware_sensing_msgs__rosidl_typesupport_c.dir/rosidl_typesupport_c/autoware_sensing_msgs/msg/radar_object__type_support.cpp.o[0m
[ 49%] [32mBuilding CXX object CMakeFiles/autoware_sensing_msgs__rosidl_typesupport_c.dir/rosidl_typesupport_c/autoware_sensing_msgs/msg/radar_objects__type_support.cpp.o[0m
[ 50%] [32mBuilding CXX object CMakeFiles/autoware_sensing_msgs__rosidl_typesupport_introspection_cpp.dir/rosidl_typesupport_introspection_cpp/autoware_sensing_msgs/msg/detail/radar_classification__type_support.cpp.o[0m
[ 53%] [32mBuilding CXX object CMakeFiles/autoware_sensing_msgs__rosidl_typesupport_introspection_cpp.dir/rosidl_typesupport_introspection_cpp/autoware_sensing_msgs/msg/detail/radar_info__type_support.cpp.o[0m
[ 53%] [32mBuilding CXX object CMakeFiles/autoware_sensing_msgs__rosidl_typesupport_introspection_cpp.dir/rosidl_typesupport_introspection_cpp/autoware_sensing_msgs/msg/detail/radar_field_info__type_support.cpp.o[0m
[ 54%] [32mBuilding CXX object CMakeFiles/autoware_sensing_msgs__rosidl_typesupport_introspection_cpp.dir/rosidl_typesupport_introspection_cpp/autoware_sensing_msgs/msg/detail/radar_object__type_support.cpp.o[0m
[ 55%] [32m[1mLinking CXX shared library libautoware_sensing_msgs__rosidl_typesupport_c.so[0m
[ 56%] [32mBuilding CXX object CMakeFiles/autoware_sensing_msgs__rosidl_typesupport_introspection_cpp.dir/rosidl_typesupport_introspection_cpp/autoware_sensing_msgs/msg/detail/radar_objects__type_support.cpp.o[0m
[ 56%] Built target autoware_sensing_msgs__rosidl_typesupport_c
[ 58%] [32mBuilding CXX object CMakeFiles/autoware_sensing_msgs__rosidl_typesupport_fastrtps_c.dir/rosidl_typesupport_fastrtps_c/autoware_sensing_msgs/msg/detail/gnss_ins_orientation_stamped__type_support_c.cpp.o[0m
[ 59%] [32mBuilding CXX object CMakeFiles/autoware_sensing_msgs__rosidl_typesupport_fastrtps_c.dir/rosidl_typesupport_fastrtps_c/autoware_sensing_msgs/msg/detail/gnss_ins_orientation__type_support_c.cpp.o[0m
[ 60%] [32mBuilding CXX object CMakeFiles/autoware_sensing_msgs__rosidl_typesupport_fastrtps_c.dir/rosidl_typesupport_fastrtps_c/autoware_sensing_msgs/msg/detail/radar_classification__type_support_c.cpp.o[0m
[ 62%] [32mBuilding CXX object CMakeFiles/autoware_sensing_msgs__rosidl_typesupport_fastrtps_c.dir/rosidl_typesupport_fastrtps_c/autoware_sensing_msgs/msg/detail/radar_field_info__type_support_c.cpp.o[0m
[ 63%] [32m[1mLinking CXX shared library libautoware_sensing_msgs__rosidl_typesupport_cpp.so[0m
[ 63%] Built target autoware_sensing_msgs__rosidl_typesupport_cpp
[ 64%] [32mBuilding CXX object CMakeFiles/autoware_sensing_msgs__rosidl_typesupport_fastrtps_c.dir/rosidl_typesupport_fastrtps_c/autoware_sensing_msgs/msg/detail/radar_info__type_support_c.cpp.o[0m
[ 65%] [32mBuilding CXX object CMakeFiles/autoware_sensing_msgs__rosidl_typesupport_fastrtps_c.dir/rosidl_typesupport_fastrtps_c/autoware_sensing_msgs/msg/detail/radar_object__type_support_c.cpp.o[0m
[ 67%] [32mBuilding CXX object CMakeFiles/autoware_sensing_msgs__rosidl_typesupport_fastrtps_c.dir/rosidl_typesupport_fastrtps_c/autoware_sensing_msgs/msg/detail/radar_objects__type_support_c.cpp.o[0m
[ 68%] [32mBuilding C object CMakeFiles/autoware_sensing_msgs__rosidl_typesupport_introspection_c.dir/rosidl_typesupport_introspection_c/autoware_sensing_msgs/msg/detail/gnss_ins_orientation__type_support.c.o[0m
[ 69%] [32mBuilding C object CMakeFiles/autoware_sensing_msgs__rosidl_typesupport_introspection_c.dir/rosidl_typesupport_introspection_c/autoware_sensing_msgs/msg/detail/gnss_ins_orientation_stamped__type_support.c.o[0m
[ 70%] [32mBuilding C object CMakeFiles/autoware_sensing_msgs__rosidl_typesupport_introspection_c.dir/rosidl_typesupport_introspection_c/autoware_sensing_msgs/msg/detail/radar_classification__type_support.c.o[0m
[ 72%] [32mBuilding C object CMakeFiles/autoware_sensing_msgs__rosidl_typesupport_introspection_c.dir/rosidl_typesupport_introspection_c/autoware_sensing_msgs/msg/detail/radar_field_info__type_support.c.o[0m
[ 73%] [32mBuilding C object CMakeFiles/autoware_sensing_msgs__rosidl_typesupport_introspection_c.dir/rosidl_typesupport_introspection_c/autoware_sensing_msgs/msg/detail/radar_info__type_support.c.o[0m
[ 74%] [32mBuilding C object CMakeFiles/autoware_sensing_msgs__rosidl_typesupport_introspection_c.dir/rosidl_typesupport_introspection_c/autoware_sensing_msgs/msg/detail/radar_object__type_support.c.o[0m
[ 75%] [32mBuilding C object CMakeFiles/autoware_sensing_msgs__rosidl_typesupport_introspection_c.dir/rosidl_typesupport_introspection_c/autoware_sensing_msgs/msg/detail/radar_objects__type_support.c.o[0m
[ 77%] [32m[1mLinking C shared library libautoware_sensing_msgs__rosidl_typesupport_introspection_c.so[0m
[ 78%] [32m[1mLinking CXX shared library libautoware_sensing_msgs__rosidl_typesupport_fastrtps_cpp.so[0m
[ 78%] Built target autoware_sensing_msgs__rosidl_typesupport_introspection_c
[ 78%] Built target autoware_sensing_msgs__rosidl_typesupport_fastrtps_cpp
[ 79%] [32m[1mLinking CXX shared library libautoware_sensing_msgs__rosidl_typesupport_fastrtps_c.so[0m
[ 81%] [32m[1mLinking CXX shared library libautoware_sensing_msgs__rosidl_typesupport_introspection_cpp.so[0m
[ 81%] Built target autoware_sensing_msgs__rosidl_typesupport_fastrtps_c
[ 81%] Built target autoware_sensing_msgs__rosidl_typesupport_introspection_cpp
[ 81%] Built target autoware_sensing_msgs
[ 82%] [34m[1mGenerating Python code for ROS interfaces[0m
[ 82%] Built target autoware_sensing_msgs__py
[ 83%] [32mBuilding C object CMakeFiles/autoware_sensing_msgs__rosidl_generator_py.dir/rosidl_generator_py/autoware_sensing_msgs/msg/_gnss_ins_orientation_stamped_s.c.o[0m
[ 84%] [32mBuilding C object CMakeFiles/autoware_sensing_msgs__rosidl_generator_py.dir/rosidl_generator_py/autoware_sensing_msgs/msg/_gnss_ins_orientation_s.c.o[0m
[ 86%] [32mBuilding C object CMakeFiles/autoware_sensing_msgs__rosidl_generator_py.dir/rosidl_generator_py/autoware_sensing_msgs/msg/_radar_classification_s.c.o[0m
[ 87%] [32mBuilding C object CMakeFiles/autoware_sensing_msgs__rosidl_generator_py.dir/rosidl_generator_py/autoware_sensing_msgs/msg/_radar_field_info_s.c.o[0m
[ 88%] [32mBuilding C object CMakeFiles/autoware_sensing_msgs__rosidl_generator_py.dir/rosidl_generator_py/autoware_sensing_msgs/msg/_radar_info_s.c.o[0m
[ 89%] [32mBuilding C object CMakeFiles/autoware_sensing_msgs__rosidl_generator_py.dir/rosidl_generator_py/autoware_sensing_msgs/msg/_radar_object_s.c.o[0m
[ 91%] [32mBuilding C object CMakeFiles/autoware_sensing_msgs__rosidl_generator_py.dir/rosidl_generator_py/autoware_sensing_msgs/msg/_radar_objects_s.c.o[0m
[ 92%] [32m[1mLinking C shared library rosidl_generator_py/autoware_sensing_msgs/libautoware_sensing_msgs__rosidl_generator_py.so[0m
[ 92%] Built target autoware_sensing_msgs__rosidl_generator_py
[ 93%] [32mBuilding C object CMakeFiles/autoware_sensing_msgs__rosidl_typesupport_fastrtps_c__pyext.dir/rosidl_generator_py/autoware_sensing_msgs/_autoware_sensing_msgs_s.ep.rosidl_typesupport_fastrtps_c.c.o[0m
[ 96%] [32mBuilding C object CMakeFiles/autoware_sensing_msgs__rosidl_typesupport_introspection_c__pyext.dir/rosidl_generator_py/autoware_sensing_msgs/_autoware_sensing_msgs_s.ep.rosidl_typesupport_introspection_c.c.o[0m
[ 96%] [32mBuilding C object CMakeFiles/autoware_sensing_msgs__rosidl_typesupport_c__pyext.dir/rosidl_generator_py/autoware_sensing_msgs/_autoware_sensing_msgs_s.ep.rosidl_typesupport_c.c.o[0m
[ 97%] [32m[1mLinking C shared library rosidl_generator_py/autoware_sensing_msgs/autoware_sensing_msgs_s__rosidl_typesupport_fastrtps_c.cpython-310-x86_64-linux-gnu.so[0m
[ 98%] [32m[1mLinking C shared library rosidl_generator_py/autoware_sensing_msgs/autoware_sensing_msgs_s__rosidl_typesupport_c.cpython-310-x86_64-linux-gnu.so[0m
[100%] [32m[1mLinking C shared library rosidl_generator_py/autoware_sensing_msgs/autoware_sensing_msgs_s__rosidl_typesupport_introspection_c.cpython-310-x86_64-linux-gnu.so[0m
[100%] Built target autoware_sensing_msgs__rosidl_typesupport_c__pyext
[100%] Built target autoware_sensing_msgs__rosidl_typesupport_fastrtps_c__pyext
[100%] Built target autoware_sensing_msgs__rosidl_typesupport_introspection_c__pyext
-- Install configuration: ""
-- Installing: /home/jmj/dream_ws/install/autoware_sensing_msgs/share/ament_index/resource_index/rosidl_interfaces/autoware_sensing_msgs
-- Installing: /home/jmj/dream_ws/install/autoware_sensing_msgs/include/autoware_sensing_msgs/autoware_sensing_msgs
-- Installing: /home/jmj/dream_ws/install/autoware_sensing_msgs/include/autoware_sensing_msgs/autoware_sensing_msgs/msg
-- Installing: /home/jmj/dream_ws/install/autoware_sensing_msgs/include/autoware_sensing_msgs/autoware_sensing_msgs/msg/rosidl_generator_c__visibility_control.h
-- Installing: /home/jmj/dream_ws/install/autoware_sensing_msgs/include/autoware_sensing_msgs/autoware_sensing_msgs/msg/detail
-- Installing: /home/jmj/dream_ws/install/autoware_sensing_msgs/include/autoware_sensing_msgs/autoware_sensing_msgs/msg/detail/radar_object__type_support.h
-- Installing: /home/jmj/dream_ws/install/autoware_sensing_msgs/include/autoware_sensing_msgs/autoware_sensing_msgs/msg/detail/gnss_ins_orientation_stamped__functions.h
-- Installing: /home/jmj/dream_ws/install/autoware_sensing_msgs/include/autoware_sensing_msgs/autoware_sensing_msgs/msg/detail/radar_classification__functions.c
-- Installing: /home/jmj/dream_ws/install/autoware_sensing_msgs/include/autoware_sensing_msgs/autoware_sensing_msgs/msg/detail/gnss_ins_orientation__type_support.h
-- Installing: /home/jmj/dream_ws/install/autoware_sensing_msgs/include/autoware_sensing_msgs/autoware_sensing_msgs/msg/detail/radar_info__functions.h
-- Installing: /home/jmj/dream_ws/install/autoware_sensing_msgs/include/autoware_sensing_msgs/autoware_sensing_msgs/msg/detail/gnss_ins_orientation_stamped__type_support.h
-- Installing: /home/jmj/dream_ws/install/autoware_sensing_msgs/include/autoware_sensing_msgs/autoware_sensing_msgs/msg/detail/radar_field_info__functions.c
-- Installing: /home/jmj/dream_ws/install/autoware_sensing_msgs/include/autoware_sensing_msgs/autoware_sensing_msgs/msg/detail/radar_classification__functions.h
-- Installing: /home/jmj/dream_ws/install/autoware_sensing_msgs/include/autoware_sensing_msgs/autoware_sensing_msgs/msg/detail/radar_field_info__struct.h
-- Installing: /home/jmj/dream_ws/install/autoware_sensing_msgs/include/autoware_sensing_msgs/autoware_sensing_msgs/msg/detail/gnss_ins_orientation__functions.h
-- Installing: /home/jmj/dream_ws/install/autoware_sensing_msgs/include/autoware_sensing_msgs/autoware_sensing_msgs/msg/detail/gnss_ins_orientation_stamped__struct.h
-- Installing: /home/jmj/dream_ws/install/autoware_sensing_msgs/include/autoware_sensing_msgs/autoware_sensing_msgs/msg/detail/radar_object__struct.h
-- Installing: /home/jmj/dream_ws/install/autoware_sensing_msgs/include/autoware_sensing_msgs/autoware_sensing_msgs/msg/detail/radar_object__functions.h
-- Installing: /home/jmj/dream_ws/install/autoware_sensing_msgs/include/autoware_sensing_msgs/autoware_sensing_msgs/msg/detail/radar_objects__functions.h
-- Installing: /home/jmj/dream_ws/install/autoware_sensing_msgs/include/autoware_sensing_msgs/autoware_sensing_msgs/msg/detail/radar_classification__struct.h
-- Installing: /home/jmj/dream_ws/install/autoware_sensing_msgs/include/autoware_sensing_msgs/autoware_sensing_msgs/msg/detail/gnss_ins_orientation__functions.c
-- Installing: /home/jmj/dream_ws/install/autoware_sensing_msgs/include/autoware_sensing_msgs/autoware_sensing_msgs/msg/detail/radar_info__type_support.h
-- Installing: /home/jmj/dream_ws/install/autoware_sensing_msgs/include/autoware_sensing_msgs/autoware_sensing_msgs/msg/detail/radar_object__functions.c
-- Installing: /home/jmj/dream_ws/install/autoware_sensing_msgs/include/autoware_sensing_msgs/autoware_sensing_msgs/msg/detail/radar_info__functions.c
-- Installing: /home/jmj/dream_ws/install/autoware_sensing_msgs/include/autoware_sensing_msgs/autoware_sensing_msgs/msg/detail/radar_classification__type_support.h
-- Installing: /home/jmj/dream_ws/install/autoware_sensing_msgs/include/autoware_sensing_msgs/autoware_sensing_msgs/msg/detail/radar_info__struct.h
-- Installing: /home/jmj/dream_ws/install/autoware_sensing_msgs/include/autoware_sensing_msgs/autoware_sensing_msgs/msg/detail/radar_objects__type_support.h
-- Installing: /home/jmj/dream_ws/install/autoware_sensing_msgs/include/autoware_sensing_msgs/autoware_sensing_msgs/msg/detail/radar_objects__functions.c
-- Installing: /home/jmj/dream_ws/install/autoware_sensing_msgs/include/autoware_sensing_msgs/autoware_sensing_msgs/msg/detail/radar_objects__struct.h
-- Installing: /home/jmj/dream_ws/install/autoware_sensing_msgs/include/autoware_sensing_msgs/autoware_sensing_msgs/msg/detail/radar_field_info__type_support.h
-- Installing: /home/jmj/dream_ws/install/autoware_sensing_msgs/include/autoware_sensing_msgs/autoware_sensing_msgs/msg/detail/gnss_ins_orientation__struct.h
-- Installing: /home/jmj/dream_ws/install/autoware_sensing_msgs/include/autoware_sensing_msgs/autoware_sensing_msgs/msg/detail/gnss_ins_orientation_stamped__functions.c
-- Installing: /home/jmj/dream_ws/install/autoware_sensing_msgs/include/autoware_sensing_msgs/autoware_sensing_msgs/msg/detail/radar_field_info__functions.h
-- Installing: /home/jmj/dream_ws/install/autoware_sensing_msgs/include/autoware_sensing_msgs/autoware_sensing_msgs/msg/radar_field_info.h
-- Installing: /home/jmj/dream_ws/install/autoware_sensing_msgs/include/autoware_sensing_msgs/autoware_sensing_msgs/msg/gnss_ins_orientation.h
-- Installing: /home/jmj/dream_ws/install/autoware_sensing_msgs/include/autoware_sensing_msgs/autoware_sensing_msgs/msg/gnss_ins_orientation_stamped.h
-- Installing: /home/jmj/dream_ws/install/autoware_sensing_msgs/include/autoware_sensing_msgs/autoware_sensing_msgs/msg/radar_objects.h
-- Installing: /home/jmj/dream_ws/install/autoware_sensing_msgs/include/autoware_sensing_msgs/autoware_sensing_msgs/msg/radar_info.h
-- Installing: /home/jmj/dream_ws/install/autoware_sensing_msgs/include/autoware_sensing_msgs/autoware_sensing_msgs/msg/radar_classification.h
-- Installing: /home/jmj/dream_ws/install/autoware_sensing_msgs/include/autoware_sensing_msgs/autoware_sensing_msgs/msg/radar_object.h
-- Installing: /home/jmj/dream_ws/install/autoware_sensing_msgs/share/autoware_sensing_msgs/environment/library_path.sh
-- Installing: /home/jmj/dream_ws/install/autoware_sensing_msgs/share/autoware_sensing_msgs/environment/library_path.dsv
-- Installing: /home/jmj/dream_ws/install/autoware_sensing_msgs/lib/libautoware_sensing_msgs__rosidl_generator_c.so
-- Set runtime path of "/home/jmj/dream_ws/install/autoware_sensing_msgs/lib/libautoware_sensing_msgs__rosidl_generator_c.so" to ""
-- Up-to-date: /home/jmj/dream_ws/install/autoware_sensing_msgs/include/autoware_sensing_msgs/autoware_sensing_msgs
-- Up-to-date: /home/jmj/dream_ws/install/autoware_sensing_msgs/include/autoware_sensing_msgs/autoware_sensing_msgs/msg
-- Up-to-date: /home/jmj/dream_ws/install/autoware_sensing_msgs/include/autoware_sensing_msgs/autoware_sensing_msgs/msg/detail
-- Installing: /home/jmj/dream_ws/install/autoware_sensing_msgs/include/autoware_sensing_msgs/autoware_sensing_msgs/msg/detail/radar_field_info__rosidl_typesupport_fastrtps_c.h
-- Installing: /home/jmj/dream_ws/install/autoware_sensing_msgs/include/autoware_sensing_msgs/autoware_sensing_msgs/msg/detail/radar_objects__rosidl_typesupport_fastrtps_c.h
-- Installing: /home/jmj/dream_ws/install/autoware_sensing_msgs/include/autoware_sensing_msgs/autoware_sensing_msgs/msg/detail/radar_object__rosidl_typesupport_fastrtps_c.h
-- Installing: /home/jmj/dream_ws/install/autoware_sensing_msgs/include/autoware_sensing_msgs/autoware_sensing_msgs/msg/detail/gnss_ins_orientation__rosidl_typesupport_fastrtps_c.h
-- Installing: /home/jmj/dream_ws/install/autoware_sensing_msgs/include/autoware_sensing_msgs/autoware_sensing_msgs/msg/detail/radar_classification__rosidl_typesupport_fastrtps_c.h
-- Installing: /home/jmj/dream_ws/install/autoware_sensing_msgs/include/autoware_sensing_msgs/autoware_sensing_msgs/msg/detail/radar_info__rosidl_typesupport_fastrtps_c.h
-- Installing: /home/jmj/dream_ws/install/autoware_sensing_msgs/include/autoware_sensing_msgs/autoware_sensing_msgs/msg/detail/gnss_ins_orientation_stamped__rosidl_typesupport_fastrtps_c.h
-- Installing: /home/jmj/dream_ws/install/autoware_sensing_msgs/include/autoware_sensing_msgs/autoware_sensing_msgs/msg/rosidl_typesupport_fastrtps_c__visibility_control.h
-- Installing: /home/jmj/dream_ws/install/autoware_sensing_msgs/lib/libautoware_sensing_msgs__rosidl_typesupport_fastrtps_c.so
-- Set runtime path of "/home/jmj/dream_ws/install/autoware_sensing_msgs/lib/libautoware_sensing_msgs__rosidl_typesupport_fastrtps_c.so" to ""
-- Up-to-date: /home/jmj/dream_ws/install/autoware_sensing_msgs/include/autoware_sensing_msgs/autoware_sensing_msgs
-- Up-to-date: /home/jmj/dream_ws/install/autoware_sensing_msgs/include/autoware_sensing_msgs/autoware_sensing_msgs/msg
-- Installing: /home/jmj/dream_ws/install/autoware_sensing_msgs/include/autoware_sensing_msgs/autoware_sensing_msgs/msg/radar_objects.hpp
-- Installing: /home/jmj/dream_ws/install/autoware_sensing_msgs/include/autoware_sensing_msgs/autoware_sensing_msgs/msg/gnss_ins_orientation_stamped.hpp
-- Up-to-date: /home/jmj/dream_ws/install/autoware_sensing_msgs/include/autoware_sensing_msgs/autoware_sensing_msgs/msg/detail
-- Installing: /home/jmj/dream_ws/install/autoware_sensing_msgs/include/autoware_sensing_msgs/autoware_sensing_msgs/msg/detail/radar_object__traits.hpp
-- Installing: /home/jmj/dream_ws/install/autoware_sensing_msgs/include/autoware_sensing_msgs/autoware_sensing_msgs/msg/detail/radar_object__builder.hpp
-- Installing: /home/jmj/dream_ws/install/autoware_sensing_msgs/include/autoware_sensing_msgs/autoware_sensing_msgs/msg/detail/radar_info__type_support.hpp
-- Installing: /home/jmj/dream_ws/install/autoware_sensing_msgs/include/autoware_sensing_msgs/autoware_sensing_msgs/msg/detail/radar_object__type_support.hpp
-- Installing: /home/jmj/dream_ws/install/autoware_sensing_msgs/include/autoware_sensing_msgs/autoware_sensing_msgs/msg/detail/radar_classification__struct.hpp
-- Installing: /home/jmj/dream_ws/install/autoware_sensing_msgs/include/autoware_sensing_msgs/autoware_sensing_msgs/msg/detail/gnss_ins_orientation_stamped__type_support.hpp
-- Installing: /home/jmj/dream_ws/install/autoware_sensing_msgs/include/autoware_sensing_msgs/autoware_sensing_msgs/msg/detail/radar_classification__type_support.hpp
-- Installing: /home/jmj/dream_ws/install/autoware_sensing_msgs/include/autoware_sensing_msgs/autoware_sensing_msgs/msg/detail/radar_field_info__type_support.hpp
-- Installing: /home/jmj/dream_ws/install/autoware_sensing_msgs/include/autoware_sensing_msgs/autoware_sensing_msgs/msg/detail/radar_info__struct.hpp
-- Installing: /home/jmj/dream_ws/install/autoware_sensing_msgs/include/autoware_sensing_msgs/autoware_sensing_msgs/msg/detail/radar_classification__traits.hpp
-- Installing: /home/jmj/dream_ws/install/autoware_sensing_msgs/include/autoware_sensing_msgs/autoware_sensing_msgs/msg/detail/radar_objects__builder.hpp
-- Installing: /home/jmj/dream_ws/install/autoware_sensing_msgs/include/autoware_sensing_msgs/autoware_sensing_msgs/msg/detail/radar_field_info__traits.hpp
-- Installing: /home/jmj/dream_ws/install/autoware_sensing_msgs/include/autoware_sensing_msgs/autoware_sensing_msgs/msg/detail/gnss_ins_orientation__traits.hpp
-- Installing: /home/jmj/dream_ws/install/autoware_sensing_msgs/include/autoware_sensing_msgs/autoware_sensing_msgs/msg/detail/gnss_ins_orientation_stamped__struct.hpp
-- Installing: /home/jmj/dream_ws/install/autoware_sensing_msgs/include/autoware_sensing_msgs/autoware_sensing_msgs/msg/detail/gnss_ins_orientation__type_support.hpp
-- Installing: /home/jmj/dream_ws/install/autoware_sensing_msgs/include/autoware_sensing_msgs/autoware_sensing_msgs/msg/detail/radar_object__struct.hpp
-- Installing: /home/jmj/dream_ws/install/autoware_sensing_msgs/include/autoware_sensing_msgs/autoware_sensing_msgs/msg/detail/radar_classification__builder.hpp
-- Installing: /home/jmj/dream_ws/install/autoware_sensing_msgs/include/autoware_sensing_msgs/autoware_sensing_msgs/msg/detail/radar_field_info__struct.hpp
-- Installing: /home/jmj/dream_ws/install/autoware_sensing_msgs/include/autoware_sensing_msgs/autoware_sensing_msgs/msg/detail/gnss_ins_orientation_stamped__builder.hpp
-- Installing: /home/jmj/dream_ws/install/autoware_sensing_msgs/include/autoware_sensing_msgs/autoware_sensing_msgs/msg/detail/radar_info__builder.hpp
-- Installing: /home/jmj/dream_ws/install/autoware_sensing_msgs/include/autoware_sensing_msgs/autoware_sensing_msgs/msg/detail/radar_field_info__builder.hpp
-- Installing: /home/jmj/dream_ws/install/autoware_sensing_msgs/include/autoware_sensing_msgs/autoware_sensing_msgs/msg/detail/radar_objects__struct.hpp
-- Installing: /home/jmj/dream_ws/install/autoware_sensing_msgs/include/autoware_sensing_msgs/autoware_sensing_msgs/msg/detail/radar_objects__type_support.hpp
-- Installing: /home/jmj/dream_ws/install/autoware_sensing_msgs/include/autoware_sensing_msgs/autoware_sensing_msgs/msg/detail/radar_objects__traits.hpp
-- Installing: /home/jmj/dream_ws/install/autoware_sensing_msgs/include/autoware_sensing_msgs/autoware_sensing_msgs/msg/detail/gnss_ins_orientation__struct.hpp
-- Installing: /home/jmj/dream_ws/install/autoware_sensing_msgs/include/autoware_sensing_msgs/autoware_sensing_msgs/msg/detail/radar_info__traits.hpp
-- Installing: /home/jmj/dream_ws/install/autoware_sensing_msgs/include/autoware_sensing_msgs/autoware_sensing_msgs/msg/detail/gnss_ins_orientation_stamped__traits.hpp
-- Installing: /home/jmj/dream_ws/install/autoware_sensing_msgs/include/autoware_sensing_msgs/autoware_sensing_msgs/msg/detail/gnss_ins_orientation__builder.hpp
-- Installing: /home/jmj/dream_ws/install/autoware_sensing_msgs/include/autoware_sensing_msgs/autoware_sensing_msgs/msg/gnss_ins_orientation.hpp
-- Installing: /home/jmj/dream_ws/install/autoware_sensing_msgs/include/autoware_sensing_msgs/autoware_sensing_msgs/msg/radar_field_info.hpp
-- Installing: /home/jmj/dream_ws/install/autoware_sensing_msgs/include/autoware_sensing_msgs/autoware_sensing_msgs/msg/rosidl_generator_cpp__visibility_control.hpp
-- Installing: /home/jmj/dream_ws/install/autoware_sensing_msgs/include/autoware_sensing_msgs/autoware_sensing_msgs/msg/radar_info.hpp
-- Installing: /home/jmj/dream_ws/install/autoware_sensing_msgs/include/autoware_sensing_msgs/autoware_sensing_msgs/msg/radar_object.hpp
-- Installing: /home/jmj/dream_ws/install/autoware_sensing_msgs/include/autoware_sensing_msgs/autoware_sensing_msgs/msg/radar_classification.hpp
-- Up-to-date: /home/jmj/dream_ws/install/autoware_sensing_msgs/include/autoware_sensing_msgs/autoware_sensing_msgs
-- Up-to-date: /home/jmj/dream_ws/install/autoware_sensing_msgs/include/autoware_sensing_msgs/autoware_sensing_msgs/msg
-- Up-to-date: /home/jmj/dream_ws/install/autoware_sensing_msgs/include/autoware_sensing_msgs/autoware_sensing_msgs/msg/detail
-- Installing: /home/jmj/dream_ws/install/autoware_sensing_msgs/include/autoware_sensing_msgs/autoware_sensing_msgs/msg/detail/dds_fastrtps
-- Installing: /home/jmj/dream_ws/install/autoware_sensing_msgs/include/autoware_sensing_msgs/autoware_sensing_msgs/msg/detail/radar_field_info__rosidl_typesupport_fastrtps_cpp.hpp
-- Installing: /home/jmj/dream_ws/install/autoware_sensing_msgs/include/autoware_sensing_msgs/autoware_sensing_msgs/msg/detail/gnss_ins_orientation_stamped__rosidl_typesupport_fastrtps_cpp.hpp
-- Installing: /home/jmj/dream_ws/install/autoware_sensing_msgs/include/autoware_sensing_msgs/autoware_sensing_msgs/msg/detail/radar_info__rosidl_typesupport_fastrtps_cpp.hpp
-- Installing: /home/jmj/dream_ws/install/autoware_sensing_msgs/include/autoware_sensing_msgs/autoware_sensing_msgs/msg/detail/gnss_ins_orientation__rosidl_typesupport_fastrtps_cpp.hpp
-- Installing: /home/jmj/dream_ws/install/autoware_sensing_msgs/include/autoware_sensing_msgs/autoware_sensing_msgs/msg/detail/radar_object__rosidl_typesupport_fastrtps_cpp.hpp
-- Installing: /home/jmj/dream_ws/install/autoware_sensing_msgs/include/autoware_sensing_msgs/autoware_sensing_msgs/msg/detail/radar_classification__rosidl_typesupport_fastrtps_cpp.hpp
-- Installing: /home/jmj/dream_ws/install/autoware_sensing_msgs/include/autoware_sensing_msgs/autoware_sensing_msgs/msg/detail/radar_objects__rosidl_typesupport_fastrtps_cpp.hpp
-- Installing: /home/jmj/dream_ws/install/autoware_sensing_msgs/include/autoware_sensing_msgs/autoware_sensing_msgs/msg/rosidl_typesupport_fastrtps_cpp__visibility_control.h
-- Installing: /home/jmj/dream_ws/install/autoware_sensing_msgs/lib/libautoware_sensing_msgs__rosidl_typesupport_fastrtps_cpp.so
-- Set runtime path of "/home/jmj/dream_ws/install/autoware_sensing_msgs/lib/libautoware_sensing_msgs__rosidl_typesupport_fastrtps_cpp.so" to ""
-- Up-to-date: /home/jmj/dream_ws/install/autoware_sensing_msgs/include/autoware_sensing_msgs/autoware_sensing_msgs
-- Up-to-date: /home/jmj/dream_ws/install/autoware_sensing_msgs/include/autoware_sensing_msgs/autoware_sensing_msgs/msg
-- Up-to-date: /home/jmj/dream_ws/install/autoware_sensing_msgs/include/autoware_sensing_msgs/autoware_sensing_msgs/msg/detail
-- Installing: /home/jmj/dream_ws/install/autoware_sensing_msgs/include/autoware_sensing_msgs/autoware_sensing_msgs/msg/detail/radar_field_info__type_support.c
-- Installing: /home/jmj/dream_ws/install/autoware_sensing_msgs/include/autoware_sensing_msgs/autoware_sensing_msgs/msg/detail/radar_info__rosidl_typesupport_introspection_c.h
-- Installing: /home/jmj/dream_ws/install/autoware_sensing_msgs/include/autoware_sensing_msgs/autoware_sensing_msgs/msg/detail/radar_classification__type_support.c
-- Installing: /home/jmj/dream_ws/install/autoware_sensing_msgs/include/autoware_sensing_msgs/autoware_sensing_msgs/msg/detail/gnss_ins_orientation_stamped__rosidl_typesupport_introspection_c.h
-- Installing: /home/jmj/dream_ws/install/autoware_sensing_msgs/include/autoware_sensing_msgs/autoware_sensing_msgs/msg/detail/radar_field_info__rosidl_typesupport_introspection_c.h
-- Installing: /home/jmj/dream_ws/install/autoware_sensing_msgs/include/autoware_sensing_msgs/autoware_sensing_msgs/msg/detail/radar_info__type_support.c
-- Installing: /home/jmj/dream_ws/install/autoware_sensing_msgs/include/autoware_sensing_msgs/autoware_sensing_msgs/msg/detail/gnss_ins_orientation__rosidl_typesupport_introspection_c.h
-- Installing: /home/jmj/dream_ws/install/autoware_sensing_msgs/include/autoware_sensing_msgs/autoware_sensing_msgs/msg/detail/gnss_ins_orientation_stamped__type_support.c
-- Installing: /home/jmj/dream_ws/install/autoware_sensing_msgs/include/autoware_sensing_msgs/autoware_sensing_msgs/msg/detail/radar_object__rosidl_typesupport_introspection_c.h
-- Installing: /home/jmj/dream_ws/install/autoware_sensing_msgs/include/autoware_sensing_msgs/autoware_sensing_msgs/msg/detail/gnss_ins_orientation__type_support.c
-- Installing: /home/jmj/dream_ws/install/autoware_sensing_msgs/include/autoware_sensing_msgs/autoware_sensing_msgs/msg/detail/radar_classification__rosidl_typesupport_introspection_c.h
-- Installing: /home/jmj/dream_ws/install/autoware_sensing_msgs/include/autoware_sensing_msgs/autoware_sensing_msgs/msg/detail/radar_objects__type_support.c
-- Installing: /home/jmj/dream_ws/install/autoware_sensing_msgs/include/autoware_sensing_msgs/autoware_sensing_msgs/msg/detail/radar_objects__rosidl_typesupport_introspection_c.h
-- Installing: /home/jmj/dream_ws/install/autoware_sensing_msgs/include/autoware_sensing_msgs/autoware_sensing_msgs/msg/detail/radar_object__type_support.c
-- Installing: /home/jmj/dream_ws/install/autoware_sensing_msgs/include/autoware_sensing_msgs/autoware_sensing_msgs/msg/rosidl_typesupport_introspection_c__visibility_control.h
-- Installing: /home/jmj/dream_ws/install/autoware_sensing_msgs/lib/libautoware_sensing_msgs__rosidl_typesupport_introspection_c.so
-- Set runtime path of "/home/jmj/dream_ws/install/autoware_sensing_msgs/lib/libautoware_sensing_msgs__rosidl_typesupport_introspection_c.so" to ""
-- Installing: /home/jmj/dream_ws/install/autoware_sensing_msgs/lib/libautoware_sensing_msgs__rosidl_typesupport_c.so
-- Set runtime path of "/home/jmj/dream_ws/install/autoware_sensing_msgs/lib/libautoware_sensing_msgs__rosidl_typesupport_c.so" to ""
-- Up-to-date: /home/jmj/dream_ws/install/autoware_sensing_msgs/include/autoware_sensing_msgs/autoware_sensing_msgs
-- Up-to-date: /home/jmj/dream_ws/install/autoware_sensing_msgs/include/autoware_sensing_msgs/autoware_sensing_msgs/msg
-- Up-to-date: /home/jmj/dream_ws/install/autoware_sensing_msgs/include/autoware_sensing_msgs/autoware_sensing_msgs/msg/detail
-- Installing: /home/jmj/dream_ws/install/autoware_sensing_msgs/include/autoware_sensing_msgs/autoware_sensing_msgs/msg/detail/radar_classification__type_support.cpp
-- Installing: /home/jmj/dream_ws/install/autoware_sensing_msgs/include/autoware_sensing_msgs/autoware_sensing_msgs/msg/detail/radar_info__rosidl_typesupport_introspection_cpp.hpp
-- Installing: /home/jmj/dream_ws/install/autoware_sensing_msgs/include/autoware_sensing_msgs/autoware_sensing_msgs/msg/detail/radar_info__type_support.cpp
-- Installing: /home/jmj/dream_ws/install/autoware_sensing_msgs/include/autoware_sensing_msgs/autoware_sensing_msgs/msg/detail/radar_object__type_support.cpp
-- Installing: /home/jmj/dream_ws/install/autoware_sensing_msgs/include/autoware_sensing_msgs/autoware_sensing_msgs/msg/detail/radar_object__rosidl_typesupport_introspection_cpp.hpp
-- Installing: /home/jmj/dream_ws/install/autoware_sensing_msgs/include/autoware_sensing_msgs/autoware_sensing_msgs/msg/detail/gnss_ins_orientation__type_support.cpp
-- Installing: /home/jmj/dream_ws/install/autoware_sensing_msgs/include/autoware_sensing_msgs/autoware_sensing_msgs/msg/detail/gnss_ins_orientation_stamped__rosidl_typesupport_introspection_cpp.hpp
-- Installing: /home/jmj/dream_ws/install/autoware_sensing_msgs/include/autoware_sensing_msgs/autoware_sensing_msgs/msg/detail/gnss_ins_orientation_stamped__type_support.cpp
-- Installing: /home/jmj/dream_ws/install/autoware_sensing_msgs/include/autoware_sensing_msgs/autoware_sensing_msgs/msg/detail/radar_field_info__type_support.cpp
-- Installing: /home/jmj/dream_ws/install/autoware_sensing_msgs/include/autoware_sensing_msgs/autoware_sensing_msgs/msg/detail/radar_classification__rosidl_typesupport_introspection_cpp.hpp
-- Installing: /home/jmj/dream_ws/install/autoware_sensing_msgs/include/autoware_sensing_msgs/autoware_sensing_msgs/msg/detail/radar_objects__type_support.cpp
-- Installing: /home/jmj/dream_ws/install/autoware_sensing_msgs/include/autoware_sensing_msgs/autoware_sensing_msgs/msg/detail/gnss_ins_orientation__rosidl_typesupport_introspection_cpp.hpp
-- Installing: /home/jmj/dream_ws/install/autoware_sensing_msgs/include/autoware_sensing_msgs/autoware_sensing_msgs/msg/detail/radar_field_info__rosidl_typesupport_introspection_cpp.hpp
-- Installing: /home/jmj/dream_ws/install/autoware_sensing_msgs/include/autoware_sensing_msgs/autoware_sensing_msgs/msg/detail/radar_objects__rosidl_typesupport_introspection_cpp.hpp
-- Installing: /home/jmj/dream_ws/install/autoware_sensing_msgs/lib/libautoware_sensing_msgs__rosidl_typesupport_introspection_cpp.so
-- Set runtime path of "/home/jmj/dream_ws/install/autoware_sensing_msgs/lib/libautoware_sensing_msgs__rosidl_typesupport_introspection_cpp.so" to ""
-- Installing: /home/jmj/dream_ws/install/autoware_sensing_msgs/lib/libautoware_sensing_msgs__rosidl_typesupport_cpp.so
-- Set runtime path of "/home/jmj/dream_ws/install/autoware_sensing_msgs/lib/libautoware_sensing_msgs__rosidl_typesupport_cpp.so" to ""
-- Installing: /home/jmj/dream_ws/install/autoware_sensing_msgs/share/autoware_sensing_msgs/environment/pythonpath.sh
-- Installing: /home/jmj/dream_ws/install/autoware_sensing_msgs/share/autoware_sensing_msgs/environment/pythonpath.dsv
-- Installing: /home/jmj/dream_ws/install/autoware_sensing_msgs/local/lib/python3.10/dist-packages/autoware_sensing_msgs-1.8.0-py3.10.egg-info
-- Installing: /home/jmj/dream_ws/install/autoware_sensing_msgs/local/lib/python3.10/dist-packages/autoware_sensing_msgs-1.8.0-py3.10.egg-info/dependency_links.txt
-- Installing: /home/jmj/dream_ws/install/autoware_sensing_msgs/local/lib/python3.10/dist-packages/autoware_sensing_msgs-1.8.0-py3.10.egg-info/top_level.txt
-- Installing: /home/jmj/dream_ws/install/autoware_sensing_msgs/local/lib/python3.10/dist-packages/autoware_sensing_msgs-1.8.0-py3.10.egg-info/PKG-INFO
-- Installing: /home/jmj/dream_ws/install/autoware_sensing_msgs/local/lib/python3.10/dist-packages/autoware_sensing_msgs-1.8.0-py3.10.egg-info/SOURCES.txt
-- Installing: /home/jmj/dream_ws/install/autoware_sensing_msgs/local/lib/python3.10/dist-packages/autoware_sensing_msgs
-- Installing: /home/jmj/dream_ws/install/autoware_sensing_msgs/local/lib/python3.10/dist-packages/autoware_sensing_msgs/__init__.py
-- Installing: /home/jmj/dream_ws/install/autoware_sensing_msgs/local/lib/python3.10/dist-packages/autoware_sensing_msgs/autoware_sensing_msgs_s__rosidl_typesupport_introspection_c.cpython-310-x86_64-linux-gnu.so
-- Installing: /home/jmj/dream_ws/install/autoware_sensing_msgs/local/lib/python3.10/dist-packages/autoware_sensing_msgs/_autoware_sensing_msgs_s.ep.rosidl_typesupport_fastrtps_c.c
-- Installing: /home/jmj/dream_ws/install/autoware_sensing_msgs/local/lib/python3.10/dist-packages/autoware_sensing_msgs/_autoware_sensing_msgs_s.ep.rosidl_typesupport_introspection_c.c
-- Installing: /home/jmj/dream_ws/install/autoware_sensing_msgs/local/lib/python3.10/dist-packages/autoware_sensing_msgs/autoware_sensing_msgs_s__rosidl_typesupport_fastrtps_c.cpython-310-x86_64-linux-gnu.so
-- Installing: /home/jmj/dream_ws/install/autoware_sensing_msgs/local/lib/python3.10/dist-packages/autoware_sensing_msgs/autoware_sensing_msgs_s__rosidl_typesupport_c.cpython-310-x86_64-linux-gnu.so
-- Installing: /home/jmj/dream_ws/install/autoware_sensing_msgs/local/lib/python3.10/dist-packages/autoware_sensing_msgs/libautoware_sensing_msgs__rosidl_generator_py.so
-- Installing: /home/jmj/dream_ws/install/autoware_sensing_msgs/local/lib/python3.10/dist-packages/autoware_sensing_msgs/_autoware_sensing_msgs_s.ep.rosidl_typesupport_c.c
-- Installing: /home/jmj/dream_ws/install/autoware_sensing_msgs/local/lib/python3.10/dist-packages/autoware_sensing_msgs/msg
-- Installing: /home/jmj/dream_ws/install/autoware_sensing_msgs/local/lib/python3.10/dist-packages/autoware_sensing_msgs/msg/_radar_info.py
-- Installing: /home/jmj/dream_ws/install/autoware_sensing_msgs/local/lib/python3.10/dist-packages/autoware_sensing_msgs/msg/_gnss_ins_orientation_stamped_s.c
-- Installing: /home/jmj/dream_ws/install/autoware_sensing_msgs/local/lib/python3.10/dist-packages/autoware_sensing_msgs/msg/__init__.py
-- Installing: /home/jmj/dream_ws/install/autoware_sensing_msgs/local/lib/python3.10/dist-packages/autoware_sensing_msgs/msg/_gnss_ins_orientation_s.c
-- Installing: /home/jmj/dream_ws/install/autoware_sensing_msgs/local/lib/python3.10/dist-packages/autoware_sensing_msgs/msg/_radar_object_s.c
-- Installing: /home/jmj/dream_ws/install/autoware_sensing_msgs/local/lib/python3.10/dist-packages/autoware_sensing_msgs/msg/_gnss_ins_orientation_stamped.py
-- Installing: /home/jmj/dream_ws/install/autoware_sensing_msgs/local/lib/python3.10/dist-packages/autoware_sensing_msgs/msg/_radar_object.py
-- Installing: /home/jmj/dream_ws/install/autoware_sensing_msgs/local/lib/python3.10/dist-packages/autoware_sensing_msgs/msg/_radar_objects.py
-- Installing: /home/jmj/dream_ws/install/autoware_sensing_msgs/local/lib/python3.10/dist-packages/autoware_sensing_msgs/msg/_radar_objects_s.c
-- Installing: /home/jmj/dream_ws/install/autoware_sensing_msgs/local/lib/python3.10/dist-packages/autoware_sensing_msgs/msg/_radar_classification_s.c
-- Installing: /home/jmj/dream_ws/install/autoware_sensing_msgs/local/lib/python3.10/dist-packages/autoware_sensing_msgs/msg/_radar_field_info_s.c
-- Installing: /home/jmj/dream_ws/install/autoware_sensing_msgs/local/lib/python3.10/dist-packages/autoware_sensing_msgs/msg/_radar_field_info.py
-- Installing: /home/jmj/dream_ws/install/autoware_sensing_msgs/local/lib/python3.10/dist-packages/autoware_sensing_msgs/msg/_gnss_ins_orientation.py
-- Installing: /home/jmj/dream_ws/install/autoware_sensing_msgs/local/lib/python3.10/dist-packages/autoware_sensing_msgs/msg/_radar_info_s.c
-- Installing: /home/jmj/dream_ws/install/autoware_sensing_msgs/local/lib/python3.10/dist-packages/autoware_sensing_msgs/msg/_radar_classification.py
Listing '/home/jmj/dream_ws/install/autoware_sensing_msgs/local/lib/python3.10/dist-packages/autoware_sensing_msgs'...
Compiling '/home/jmj/dream_ws/install/autoware_sensing_msgs/local/lib/python3.10/dist-packages/autoware_sensing_msgs/__init__.py'...
Listing '/home/jmj/dream_ws/install/autoware_sensing_msgs/local/lib/python3.10/dist-packages/autoware_sensing_msgs/msg'...
Compiling '/home/jmj/dream_ws/install/autoware_sensing_msgs/local/lib/python3.10/dist-packages/autoware_sensing_msgs/msg/__init__.py'...
Compiling '/home/jmj/dream_ws/install/autoware_sensing_msgs/local/lib/python3.10/dist-packages/autoware_sensing_msgs/msg/_gnss_ins_orientation.py'...
Compiling '/home/jmj/dream_ws/install/autoware_sensing_msgs/local/lib/python3.10/dist-packages/autoware_sensing_msgs/msg/_gnss_ins_orientation_stamped.py'...
Compiling '/home/jmj/dream_ws/install/autoware_sensing_msgs/local/lib/python3.10/dist-packages/autoware_sensing_msgs/msg/_radar_classification.py'...
Compiling '/home/jmj/dream_ws/install/autoware_sensing_msgs/local/lib/python3.10/dist-packages/autoware_sensing_msgs/msg/_radar_field_info.py'...
Compiling '/home/jmj/dream_ws/install/autoware_sensing_msgs/local/lib/python3.10/dist-packages/autoware_sensing_msgs/msg/_radar_info.py'...
Compiling '/home/jmj/dream_ws/install/autoware_sensing_msgs/local/lib/python3.10/dist-packages/autoware_sensing_msgs/msg/_radar_object.py'...
Compiling '/home/jmj/dream_ws/install/autoware_sensing_msgs/local/lib/python3.10/dist-packages/autoware_sensing_msgs/msg/_radar_objects.py'...
-- Installing: /home/jmj/dream_ws/install/autoware_sensing_msgs/local/lib/python3.10/dist-packages/autoware_sensing_msgs/autoware_sensing_msgs_s__rosidl_typesupport_fastrtps_c.cpython-310-x86_64-linux-gnu.so
-- Set runtime path of "/home/jmj/dream_ws/install/autoware_sensing_msgs/local/lib/python3.10/dist-packages/autoware_sensing_msgs/autoware_sensing_msgs_s__rosidl_typesupport_fastrtps_c.cpython-310-x86_64-linux-gnu.so" to ""
-- Installing: /home/jmj/dream_ws/install/autoware_sensing_msgs/local/lib/python3.10/dist-packages/autoware_sensing_msgs/autoware_sensing_msgs_s__rosidl_typesupport_introspection_c.cpython-310-x86_64-linux-gnu.so
-- Set runtime path of "/home/jmj/dream_ws/install/autoware_sensing_msgs/local/lib/python3.10/dist-packages/autoware_sensing_msgs/autoware_sensing_msgs_s__rosidl_typesupport_introspection_c.cpython-310-x86_64-linux-gnu.so" to ""
-- Installing: /home/jmj/dream_ws/install/autoware_sensing_msgs/local/lib/python3.10/dist-packages/autoware_sensing_msgs/autoware_sensing_msgs_s__rosidl_typesupport_c.cpython-310-x86_64-linux-gnu.so
-- Set runtime path of "/home/jmj/dream_ws/install/autoware_sensing_msgs/local/lib/python3.10/dist-packages/autoware_sensing_msgs/autoware_sensing_msgs_s__rosidl_typesupport_c.cpython-310-x86_64-linux-gnu.so" to ""
-- Installing: /home/jmj/dream_ws/install/autoware_sensing_msgs/lib/libautoware_sensing_msgs__rosidl_generator_py.so
-- Set runtime path of "/home/jmj/dream_ws/install/autoware_sensing_msgs/lib/libautoware_sensing_msgs__rosidl_generator_py.so" to ""
-- Installing: /home/jmj/dream_ws/install/autoware_sensing_msgs/share/autoware_sensing_msgs/msg/GnssInsOrientation.idl
-- Installing: /home/jmj/dream_ws/install/autoware_sensing_msgs/share/autoware_sensing_msgs/msg/GnssInsOrientationStamped.idl
-- Installing: /home/jmj/dream_ws/install/autoware_sensing_msgs/share/autoware_sensing_msgs/msg/RadarClassification.idl
-- Installing: /home/jmj/dream_ws/install/autoware_sensing_msgs/share/autoware_sensing_msgs/msg/RadarFieldInfo.idl
-- Installing: /home/jmj/dream_ws/install/autoware_sensing_msgs/share/autoware_sensing_msgs/msg/RadarInfo.idl
-- Installing: /home/jmj/dream_ws/install/autoware_sensing_msgs/share/autoware_sensing_msgs/msg/RadarObject.idl
-- Installing: /home/jmj/dream_ws/install/autoware_sensing_msgs/share/autoware_sensing_msgs/msg/RadarObjects.idl
-- Installing: /home/jmj/dream_ws/install/autoware_sensing_msgs/share/autoware_sensing_msgs/msg/GnssInsOrientation.msg
-- Installing: /home/jmj/dream_ws/install/autoware_sensing_msgs/share/autoware_sensing_msgs/msg/GnssInsOrientationStamped.msg
-- Installing: /home/jmj/dream_ws/install/autoware_sensing_msgs/share/autoware_sensing_msgs/msg/RadarClassification.msg
-- Installing: /home/jmj/dream_ws/install/autoware_sensing_msgs/share/autoware_sensing_msgs/msg/RadarFieldInfo.msg
-- Installing: /home/jmj/dream_ws/install/autoware_sensing_msgs/share/autoware_sensing_msgs/msg/RadarInfo.msg
-- Installing: /home/jmj/dream_ws/install/autoware_sensing_msgs/share/autoware_sensing_msgs/msg/RadarObject.msg
-- Installing: /home/jmj/dream_ws/install/autoware_sensing_msgs/share/autoware_sensing_msgs/msg/RadarObjects.msg
-- Installing: /home/jmj/dream_ws/install/autoware_sensing_msgs/share/ament_index/resource_index/package_run_dependencies/autoware_sensing_msgs
-- Installing: /home/jmj/dream_ws/install/autoware_sensing_msgs/share/ament_index/resource_index/parent_prefix_path/autoware_sensing_msgs
-- Installing: /home/jmj/dream_ws/install/autoware_sensing_msgs/share/autoware_sensing_msgs/environment/ament_prefix_path.sh
-- Installing: /home/jmj/dream_ws/install/autoware_sensing_msgs/share/autoware_sensing_msgs/environment/ament_prefix_path.dsv
-- Installing: /home/jmj/dream_ws/install/autoware_sensing_msgs/share/autoware_sensing_msgs/environment/path.sh
-- Installing: /home/jmj/dream_ws/install/autoware_sensing_msgs/share/autoware_sensing_msgs/environment/path.dsv
-- Installing: /home/jmj/dream_ws/install/autoware_sensing_msgs/share/autoware_sensing_msgs/local_setup.bash
-- Installing: /home/jmj/dream_ws/install/autoware_sensing_msgs/share/autoware_sensing_msgs/local_setup.sh
-- Installing: /home/jmj/dream_ws/install/autoware_sensing_msgs/share/autoware_sensing_msgs/local_setup.zsh
-- Installing: /home/jmj/dream_ws/install/autoware_sensing_msgs/share/autoware_sensing_msgs/local_setup.dsv
-- Installing: /home/jmj/dream_ws/install/autoware_sensing_msgs/share/autoware_sensing_msgs/package.dsv
-- Installing: /home/jmj/dream_ws/install/autoware_sensing_msgs/share/ament_index/resource_index/packages/autoware_sensing_msgs
-- Installing: /home/jmj/dream_ws/install/autoware_sensing_msgs/share/autoware_sensing_msgs/cmake/export_autoware_sensing_msgs__rosidl_generator_cExport.cmake
-- Installing: /home/jmj/dream_ws/install/autoware_sensing_msgs/share/autoware_sensing_msgs/cmake/export_autoware_sensing_msgs__rosidl_generator_cExport-noconfig.cmake
-- Installing: /home/jmj/dream_ws/install/autoware_sensing_msgs/share/autoware_sensing_msgs/cmake/export_autoware_sensing_msgs__rosidl_typesupport_fastrtps_cExport.cmake
-- Installing: /home/jmj/dream_ws/install/autoware_sensing_msgs/share/autoware_sensing_msgs/cmake/export_autoware_sensing_msgs__rosidl_typesupport_fastrtps_cExport-noconfig.cmake
-- Installing: /home/jmj/dream_ws/install/autoware_sensing_msgs/share/autoware_sensing_msgs/cmake/export_autoware_sensing_msgs__rosidl_generator_cppExport.cmake
-- Installing: /home/jmj/dream_ws/install/autoware_sensing_msgs/share/autoware_sensing_msgs/cmake/export_autoware_sensing_msgs__rosidl_typesupport_fastrtps_cppExport.cmake
-- Installing: /home/jmj/dream_ws/install/autoware_sensing_msgs/share/autoware_sensing_msgs/cmake/export_autoware_sensing_msgs__rosidl_typesupport_fastrtps_cppExport-noconfig.cmake
-- Installing: /home/jmj/dream_ws/install/autoware_sensing_msgs/share/autoware_sensing_msgs/cmake/autoware_sensing_msgs__rosidl_typesupport_introspection_cExport.cmake
-- Installing: /home/jmj/dream_ws/install/autoware_sensing_msgs/share/autoware_sensing_msgs/cmake/autoware_sensing_msgs__rosidl_typesupport_introspection_cExport-noconfig.cmake
-- Installing: /home/jmj/dream_ws/install/autoware_sensing_msgs/share/autoware_sensing_msgs/cmake/autoware_sensing_msgs__rosidl_typesupport_cExport.cmake
-- Installing: /home/jmj/dream_ws/install/autoware_sensing_msgs/share/autoware_sensing_msgs/cmake/autoware_sensing_msgs__rosidl_typesupport_cExport-noconfig.cmake
-- Installing: /home/jmj/dream_ws/install/autoware_sensing_msgs/share/autoware_sensing_msgs/cmake/autoware_sensing_msgs__rosidl_typesupport_introspection_cppExport.cmake
-- Installing: /home/jmj/dream_ws/install/autoware_sensing_msgs/share/autoware_sensing_msgs/cmake/autoware_sensing_msgs__rosidl_typesupport_introspection_cppExport-noconfig.cmake
-- Installing: /home/jmj/dream_ws/install/autoware_sensing_msgs/share/autoware_sensing_msgs/cmake/autoware_sensing_msgs__rosidl_typesupport_cppExport.cmake
-- Installing: /home/jmj/dream_ws/install/autoware_sensing_msgs/share/autoware_sensing_msgs/cmake/autoware_sensing_msgs__rosidl_typesupport_cppExport-noconfig.cmake
-- Installing: /home/jmj/dream_ws/install/autoware_sensing_msgs/share/autoware_sensing_msgs/cmake/export_autoware_sensing_msgs__rosidl_generator_pyExport.cmake
-- Installing: /home/jmj/dream_ws/install/autoware_sensing_msgs/share/autoware_sensing_msgs/cmake/export_autoware_sensing_msgs__rosidl_generator_pyExport-noconfig.cmake
-- Installing: /home/jmj/dream_ws/install/autoware_sensing_msgs/share/autoware_sensing_msgs/cmake/rosidl_cmake-extras.cmake
-- Installing: /home/jmj/dream_ws/install/autoware_sensing_msgs/share/autoware_sensing_msgs/cmake/ament_cmake_export_dependencies-extras.cmake
-- Installing: /home/jmj/dream_ws/install/autoware_sensing_msgs/share/autoware_sensing_msgs/cmake/ament_cmake_export_include_directories-extras.cmake
-- Installing: /home/jmj/dream_ws/install/autoware_sensing_msgs/share/autoware_sensing_msgs/cmake/ament_cmake_export_libraries-extras.cmake
-- Installing: /home/jmj/dream_ws/install/autoware_sensing_msgs/share/autoware_sensing_msgs/cmake/ament_cmake_export_targets-extras.cmake
-- Installing: /home/jmj/dream_ws/install/autoware_sensing_msgs/share/autoware_sensing_msgs/cmake/rosidl_cmake_export_typesupport_targets-extras.cmake
-- Installing: /home/jmj/dream_ws/install/autoware_sensing_msgs/share/autoware_sensing_msgs/cmake/rosidl_cmake_export_typesupport_libraries-extras.cmake
-- Installing: /home/jmj/dream_ws/install/autoware_sensing_msgs/share/autoware_sensing_msgs/cmake/autoware_sensing_msgsConfig.cmake
-- Installing: /home/jmj/dream_ws/install/autoware_sensing_msgs/share/autoware_sensing_msgs/cmake/autoware_sensing_msgsConfig-version.cmake
-- Installing: /home/jmj/dream_ws/install/autoware_sensing_msgs/share/autoware_sensing_msgs/package.xml
