[0.015s] Invoking command in '/home/jmj/dream_ws/build/autoware_sensing_msgs': CMAKE_PREFIX_PATH=${CMAKE_PREFIX_PATH}:/home/jmj/dream_ws/install/dream:/opt/ros/humble /usr/bin/cmake /home/jmj/dream_ws/autoware_msgs/autoware_sensing_msgs -DCMAKE_INSTALL_PREFIX=/home/jmj/dream_ws/install/autoware_sensing_msgs
[0.060s] -- The C compiler identification is GNU 11.4.0
[0.094s] -- The CXX compiler identification is GNU 11.4.0
[0.099s] -- Detecting C compiler ABI info
[0.132s] -- Detecting C compiler ABI info - done
[0.137s] -- Check for working C compiler: /usr/lib/ccache/gcc - skipped
[0.137s] -- Detecting C compile features
[0.138s] -- Detecting C compile features - done
[0.141s] -- Detecting CXX compiler ABI info
[0.180s] -- Detecting CXX compiler ABI info - done
[0.185s] -- Check for working CXX compiler: /usr/lib/ccache/g++ - skipped
[0.185s] -- Detecting CXX compile features
[0.185s] -- Detecting CXX compile features - done
[0.186s] -- Found ament_cmake_auto: 1.3.11 (/opt/ros/humble/share/ament_cmake_auto/cmake)
[0.290s] -- Found Python3: /usr/bin/python3 (found version "3.10.12") found components: Interpreter 
[0.409s] -- Found rosidl_generator_c: 3.1.6 (/opt/ros/humble/share/rosidl_generator_c/cmake)
[0.411s] -- Found rosidl_adapter: 3.1.6 (/opt/ros/humble/share/rosidl_adapter/cmake)
[0.416s] -- Found rosidl_generator_cpp: 3.1.6 (/opt/ros/humble/share/rosidl_generator_cpp/cmake)
[0.423s] -- Using all available rosidl_typesupport_c: rosidl_typesupport_fastrtps_c;rosidl_typesupport_introspection_c
[0.432s] -- Using all available rosidl_typesupport_cpp: rosidl_typesupport_fastrtps_cpp;rosidl_typesupport_introspection_cpp
[0.623s] -- Found ament_cmake_cppcheck: 0.12.12 (/opt/ros/humble/share/ament_cmake_cppcheck/cmake)
[0.624s] -- Found ament_cmake_cpplint: 0.12.12 (/opt/ros/humble/share/ament_cmake_cpplint/cmake)
[0.626s] -- Found ament_cmake_uncrustify: 0.12.12 (/opt/ros/humble/share/ament_cmake_uncrustify/cmake)
[0.627s] -- Found ament_cmake_ros: 0.10.0 (/opt/ros/humble/share/ament_cmake_ros/cmake)
[0.889s] -- Using all available rosidl_typesupport_c: rosidl_typesupport_fastrtps_c;rosidl_typesupport_introspection_c
[1.004s] -- Using all available rosidl_typesupport_cpp: rosidl_typesupport_fastrtps_cpp;rosidl_typesupport_introspection_cpp
[1.019s] -- Found PythonInterp: /usr/bin/python3 (found suitable version "3.10.12", minimum required is "3.6") 
[1.020s] -- Found python_cmake_module: 0.10.0 (/opt/ros/humble/share/python_cmake_module/cmake)
[1.036s] -- Found PythonLibs: /usr/lib/x86_64-linux-gnu/libpython3.10.so (found suitable version "3.10.12", minimum required is "3.5") 
[1.036s] -- Using PYTHON_EXECUTABLE: /usr/bin/python3
[1.036s] -- Using PYTHON_INCLUDE_DIRS: /usr/include/python3.10
[1.036s] -- Using PYTHON_LIBRARIES: /usr/lib/x86_64-linux-gnu/libpython3.10.so
[1.050s] -- Found PythonExtra: .so  
[1.102s] -- Found ament_cmake_flake8: 0.12.12 (/opt/ros/humble/share/ament_cmake_flake8/cmake)
[1.104s] -- Found ament_cmake_pep257: 0.12.12 (/opt/ros/humble/share/ament_cmake_pep257/cmake)
[1.107s] -- Found ament_lint_auto: 0.12.12 (/opt/ros/humble/share/ament_lint_auto/cmake)
[1.120s] -- Added test 'copyright' to check source files copyright and LICENSE
[1.121s] -- Added test 'lint_cmake' to check CMake code style
[1.121s] -- Added test 'xmllint' to check XML markup files
[1.124s] -- Configuring done
[1.170s] -- Generating done
[1.184s] -- Build files have been written to: /home/jmj/dream_ws/build/autoware_sensing_msgs
[1.198s] Invoked command in '/home/jmj/dream_ws/build/autoware_sensing_msgs' returned '0': CMAKE_PREFIX_PATH=${CMAKE_PREFIX_PATH}:/home/jmj/dream_ws/install/dream:/opt/ros/humble /usr/bin/cmake /home/jmj/dream_ws/autoware_msgs/autoware_sensing_msgs -DCMAKE_INSTALL_PREFIX=/home/jmj/dream_ws/install/autoware_sensing_msgs
[1.200s] Invoking command in '/home/jmj/dream_ws/build/autoware_sensing_msgs': CMAKE_PREFIX_PATH=${CMAKE_PREFIX_PATH}:/home/jmj/dream_ws/install/dream:/opt/ros/humble /usr/bin/cmake --build /home/jmj/dream_ws/build/autoware_sensing_msgs -- -j20 -l20
[1.235s] [  1%] [34m[1mGenerating C code for ROS interfaces[0m
[1.250s] [  2%] [34m[1mGenerating C++ code for ROS interfaces[0m
[1.250s] [  2%] Built target ament_cmake_python_copy_autoware_sensing_msgs
[1.599s] running egg_info
[1.602s] creating autoware_sensing_msgs.egg-info
[1.602s] writing autoware_sensing_msgs.egg-info/PKG-INFO
[1.602s] writing dependency_links to autoware_sensing_msgs.egg-info/dependency_links.txt
[1.602s] writing top-level names to autoware_sensing_msgs.egg-info/top_level.txt
[1.602s] writing manifest file 'autoware_sensing_msgs.egg-info/SOURCES.txt'
[1.608s] reading manifest file 'autoware_sensing_msgs.egg-info/SOURCES.txt'
[1.608s] writing manifest file 'autoware_sensing_msgs.egg-info/SOURCES.txt'
[1.652s] [  2%] Built target ament_cmake_python_build_autoware_sensing_msgs_egg
[2.507s] [  2%] Built target autoware_sensing_msgs__cpp
[2.533s] [  3%] [34m[1mGenerating C++ type support for eProsima Fast-RTPS[0m
[2.542s] [  5%] [34m[1mGenerating C++ type support dispatch for ROS interfaces[0m
[2.544s] [  6%] [34m[1mGenerating C++ introspection for ROS interfaces[0m
[2.675s] [  7%] [32mBuilding C object CMakeFiles/autoware_sensing_msgs__rosidl_generator_c.dir/rosidl_generator_c/autoware_sensing_msgs/msg/detail/gnss_ins_orientation__functions.c.o[0m
[2.679s] [ 10%] [32mBuilding C object CMakeFiles/autoware_sensing_msgs__rosidl_generator_c.dir/rosidl_generator_c/autoware_sensing_msgs/msg/detail/gnss_ins_orientation_stamped__functions.c.o[0m
[2.679s] [ 10%] [32mBuilding C object CMakeFiles/autoware_sensing_msgs__rosidl_generator_c.dir/rosidl_generator_c/autoware_sensing_msgs/msg/detail/radar_classification__functions.c.o[0m
[2.687s] [ 12%] [32mBuilding C object CMakeFiles/autoware_sensing_msgs__rosidl_generator_c.dir/rosidl_generator_c/autoware_sensing_msgs/msg/detail/radar_objects__functions.c.o[0m
[2.688s] [ 12%] [32mBuilding C object CMakeFiles/autoware_sensing_msgs__rosidl_generator_c.dir/rosidl_generator_c/autoware_sensing_msgs/msg/detail/radar_info__functions.c.o[0m
[2.700s] [ 15%] [32mBuilding C object CMakeFiles/autoware_sensing_msgs__rosidl_generator_c.dir/rosidl_generator_c/autoware_sensing_msgs/msg/detail/radar_field_info__functions.c.o[0m
[2.700s] [ 15%] [32mBuilding C object CMakeFiles/autoware_sensing_msgs__rosidl_generator_c.dir/rosidl_generator_c/autoware_sensing_msgs/msg/detail/radar_object__functions.c.o[0m
[2.901s] [ 16%] [32m[1mLinking C shared library libautoware_sensing_msgs__rosidl_generator_c.so[0m
[3.027s] [ 16%] Built target autoware_sensing_msgs__rosidl_generator_c
[3.069s] [ 17%] [34m[1mGenerating C type support for eProsima Fast-RTPS[0m
[3.069s] [ 18%] [34m[1mGenerating C type support dispatch for ROS interfaces[0m
[3.077s] [ 20%] [34m[1mGenerating C introspection for ROS interfaces[0m
[4.266s] [ 21%] [32mBuilding CXX object CMakeFiles/autoware_sensing_msgs__rosidl_typesupport_cpp.dir/rosidl_typesupport_cpp/autoware_sensing_msgs/msg/gnss_ins_orientation__type_support.cpp.o[0m
[4.270s] [ 22%] [32mBuilding CXX object CMakeFiles/autoware_sensing_msgs__rosidl_typesupport_cpp.dir/rosidl_typesupport_cpp/autoware_sensing_msgs/msg/gnss_ins_orientation_stamped__type_support.cpp.o[0m
[4.289s] [ 25%] [32mBuilding CXX object CMakeFiles/autoware_sensing_msgs__rosidl_typesupport_cpp.dir/rosidl_typesupport_cpp/autoware_sensing_msgs/msg/radar_info__type_support.cpp.o[0m
[4.292s] [ 25%] [32mBuilding CXX object CMakeFiles/autoware_sensing_msgs__rosidl_typesupport_cpp.dir/rosidl_typesupport_cpp/autoware_sensing_msgs/msg/radar_classification__type_support.cpp.o[0m
[4.308s] [ 26%] [32mBuilding CXX object CMakeFiles/autoware_sensing_msgs__rosidl_typesupport_cpp.dir/rosidl_typesupport_cpp/autoware_sensing_msgs/msg/radar_field_info__type_support.cpp.o[0m
[4.324s] [ 27%] [32mBuilding CXX object CMakeFiles/autoware_sensing_msgs__rosidl_typesupport_cpp.dir/rosidl_typesupport_cpp/autoware_sensing_msgs/msg/radar_object__type_support.cpp.o[0m
[4.333s] [ 29%] [32mBuilding CXX object CMakeFiles/autoware_sensing_msgs__rosidl_typesupport_cpp.dir/rosidl_typesupport_cpp/autoware_sensing_msgs/msg/radar_objects__type_support.cpp.o[0m
[4.570s] [ 30%] [32mBuilding CXX object CMakeFiles/autoware_sensing_msgs__rosidl_typesupport_fastrtps_cpp.dir/rosidl_typesupport_fastrtps_cpp/autoware_sensing_msgs/msg/detail/dds_fastrtps/gnss_ins_orientation__type_support.cpp.o[0m
[4.600s] [ 31%] [32mBuilding CXX object CMakeFiles/autoware_sensing_msgs__rosidl_typesupport_fastrtps_cpp.dir/rosidl_typesupport_fastrtps_cpp/autoware_sensing_msgs/msg/detail/dds_fastrtps/radar_classification__type_support.cpp.o[0m
[4.600s] [ 32%] [32mBuilding CXX object CMakeFiles/autoware_sensing_msgs__rosidl_typesupport_fastrtps_cpp.dir/rosidl_typesupport_fastrtps_cpp/autoware_sensing_msgs/msg/detail/dds_fastrtps/gnss_ins_orientation_stamped__type_support.cpp.o[0m
[4.600s] [ 34%] [32mBuilding CXX object CMakeFiles/autoware_sensing_msgs__rosidl_typesupport_fastrtps_cpp.dir/rosidl_typesupport_fastrtps_cpp/autoware_sensing_msgs/msg/detail/dds_fastrtps/radar_field_info__type_support.cpp.o[0m
[4.601s] [ 36%] [32mBuilding CXX object CMakeFiles/autoware_sensing_msgs__rosidl_typesupport_fastrtps_cpp.dir/rosidl_typesupport_fastrtps_cpp/autoware_sensing_msgs/msg/detail/dds_fastrtps/radar_object__type_support.cpp.o[0m
[4.601s] [ 35%] [32mBuilding CXX object CMakeFiles/autoware_sensing_msgs__rosidl_typesupport_fastrtps_cpp.dir/rosidl_typesupport_fastrtps_cpp/autoware_sensing_msgs/msg/detail/dds_fastrtps/radar_info__type_support.cpp.o[0m
[4.607s] [ 37%] [32mBuilding CXX object CMakeFiles/autoware_sensing_msgs__rosidl_typesupport_fastrtps_cpp.dir/rosidl_typesupport_fastrtps_cpp/autoware_sensing_msgs/msg/detail/dds_fastrtps/radar_objects__type_support.cpp.o[0m
[4.909s] [ 39%] [32mBuilding CXX object CMakeFiles/autoware_sensing_msgs__rosidl_typesupport_c.dir/rosidl_typesupport_c/autoware_sensing_msgs/msg/gnss_ins_orientation__type_support.cpp.o[0m
[4.994s] [ 40%] [32mBuilding CXX object CMakeFiles/autoware_sensing_msgs__rosidl_typesupport_c.dir/rosidl_typesupport_c/autoware_sensing_msgs/msg/gnss_ins_orientation_stamped__type_support.cpp.o[0m
[5.034s] [ 41%] [32mBuilding CXX object CMakeFiles/autoware_sensing_msgs__rosidl_typesupport_c.dir/rosidl_typesupport_c/autoware_sensing_msgs/msg/radar_classification__type_support.cpp.o[0m
[5.048s] [ 43%] [32mBuilding CXX object CMakeFiles/autoware_sensing_msgs__rosidl_typesupport_c.dir/rosidl_typesupport_c/autoware_sensing_msgs/msg/radar_field_info__type_support.cpp.o[0m
[5.071s] [ 44%] [32mBuilding CXX object CMakeFiles/autoware_sensing_msgs__rosidl_typesupport_introspection_cpp.dir/rosidl_typesupport_introspection_cpp/autoware_sensing_msgs/msg/detail/gnss_ins_orientation__type_support.cpp.o[0m
[5.122s] [ 45%] [32mBuilding CXX object CMakeFiles/autoware_sensing_msgs__rosidl_typesupport_c.dir/rosidl_typesupport_c/autoware_sensing_msgs/msg/radar_info__type_support.cpp.o[0m
[5.171s] [ 46%] [32mBuilding CXX object CMakeFiles/autoware_sensing_msgs__rosidl_typesupport_introspection_cpp.dir/rosidl_typesupport_introspection_cpp/autoware_sensing_msgs/msg/detail/gnss_ins_orientation_stamped__type_support.cpp.o[0m
[5.171s] [ 48%] [32mBuilding CXX object CMakeFiles/autoware_sensing_msgs__rosidl_typesupport_c.dir/rosidl_typesupport_c/autoware_sensing_msgs/msg/radar_object__type_support.cpp.o[0m
[5.171s] [ 49%] [32mBuilding CXX object CMakeFiles/autoware_sensing_msgs__rosidl_typesupport_c.dir/rosidl_typesupport_c/autoware_sensing_msgs/msg/radar_objects__type_support.cpp.o[0m
[5.206s] [ 50%] [32mBuilding CXX object CMakeFiles/autoware_sensing_msgs__rosidl_typesupport_introspection_cpp.dir/rosidl_typesupport_introspection_cpp/autoware_sensing_msgs/msg/detail/radar_classification__type_support.cpp.o[0m
[5.272s] [ 53%] [32mBuilding CXX object CMakeFiles/autoware_sensing_msgs__rosidl_typesupport_introspection_cpp.dir/rosidl_typesupport_introspection_cpp/autoware_sensing_msgs/msg/detail/radar_info__type_support.cpp.o[0m
[5.276s] [ 53%] [32mBuilding CXX object CMakeFiles/autoware_sensing_msgs__rosidl_typesupport_introspection_cpp.dir/rosidl_typesupport_introspection_cpp/autoware_sensing_msgs/msg/detail/radar_field_info__type_support.cpp.o[0m
[5.299s] [ 54%] [32mBuilding CXX object CMakeFiles/autoware_sensing_msgs__rosidl_typesupport_introspection_cpp.dir/rosidl_typesupport_introspection_cpp/autoware_sensing_msgs/msg/detail/radar_object__type_support.cpp.o[0m
[5.312s] [ 55%] [32m[1mLinking CXX shared library libautoware_sensing_msgs__rosidl_typesupport_c.so[0m
[5.403s] [ 56%] [32mBuilding CXX object CMakeFiles/autoware_sensing_msgs__rosidl_typesupport_introspection_cpp.dir/rosidl_typesupport_introspection_cpp/autoware_sensing_msgs/msg/detail/radar_objects__type_support.cpp.o[0m
[5.425s] [ 56%] Built target autoware_sensing_msgs__rosidl_typesupport_c
[5.528s] [ 58%] [32mBuilding CXX object CMakeFiles/autoware_sensing_msgs__rosidl_typesupport_fastrtps_c.dir/rosidl_typesupport_fastrtps_c/autoware_sensing_msgs/msg/detail/gnss_ins_orientation_stamped__type_support_c.cpp.o[0m
[5.535s] [ 59%] [32mBuilding CXX object CMakeFiles/autoware_sensing_msgs__rosidl_typesupport_fastrtps_c.dir/rosidl_typesupport_fastrtps_c/autoware_sensing_msgs/msg/detail/gnss_ins_orientation__type_support_c.cpp.o[0m
[5.541s] [ 60%] [32mBuilding CXX object CMakeFiles/autoware_sensing_msgs__rosidl_typesupport_fastrtps_c.dir/rosidl_typesupport_fastrtps_c/autoware_sensing_msgs/msg/detail/radar_classification__type_support_c.cpp.o[0m
[5.557s] [ 62%] [32mBuilding CXX object CMakeFiles/autoware_sensing_msgs__rosidl_typesupport_fastrtps_c.dir/rosidl_typesupport_fastrtps_c/autoware_sensing_msgs/msg/detail/radar_field_info__type_support_c.cpp.o[0m
[5.565s] [ 63%] [32m[1mLinking CXX shared library libautoware_sensing_msgs__rosidl_typesupport_cpp.so[0m
[5.691s] [ 63%] Built target autoware_sensing_msgs__rosidl_typesupport_cpp
[5.728s] [ 64%] [32mBuilding CXX object CMakeFiles/autoware_sensing_msgs__rosidl_typesupport_fastrtps_c.dir/rosidl_typesupport_fastrtps_c/autoware_sensing_msgs/msg/detail/radar_info__type_support_c.cpp.o[0m
[6.011s] [ 65%] [32mBuilding CXX object CMakeFiles/autoware_sensing_msgs__rosidl_typesupport_fastrtps_c.dir/rosidl_typesupport_fastrtps_c/autoware_sensing_msgs/msg/detail/radar_object__type_support_c.cpp.o[0m
[6.031s] [ 67%] [32mBuilding CXX object CMakeFiles/autoware_sensing_msgs__rosidl_typesupport_fastrtps_c.dir/rosidl_typesupport_fastrtps_c/autoware_sensing_msgs/msg/detail/radar_objects__type_support_c.cpp.o[0m
[6.146s] [ 68%] [32mBuilding C object CMakeFiles/autoware_sensing_msgs__rosidl_typesupport_introspection_c.dir/rosidl_typesupport_introspection_c/autoware_sensing_msgs/msg/detail/gnss_ins_orientation__type_support.c.o[0m
[6.146s] [ 69%] [32mBuilding C object CMakeFiles/autoware_sensing_msgs__rosidl_typesupport_introspection_c.dir/rosidl_typesupport_introspection_c/autoware_sensing_msgs/msg/detail/gnss_ins_orientation_stamped__type_support.c.o[0m
[6.185s] [ 70%] [32mBuilding C object CMakeFiles/autoware_sensing_msgs__rosidl_typesupport_introspection_c.dir/rosidl_typesupport_introspection_c/autoware_sensing_msgs/msg/detail/radar_classification__type_support.c.o[0m
[6.273s] [ 72%] [32mBuilding C object CMakeFiles/autoware_sensing_msgs__rosidl_typesupport_introspection_c.dir/rosidl_typesupport_introspection_c/autoware_sensing_msgs/msg/detail/radar_field_info__type_support.c.o[0m
[6.277s] [ 73%] [32mBuilding C object CMakeFiles/autoware_sensing_msgs__rosidl_typesupport_introspection_c.dir/rosidl_typesupport_introspection_c/autoware_sensing_msgs/msg/detail/radar_info__type_support.c.o[0m
[6.281s] [ 74%] [32mBuilding C object CMakeFiles/autoware_sensing_msgs__rosidl_typesupport_introspection_c.dir/rosidl_typesupport_introspection_c/autoware_sensing_msgs/msg/detail/radar_object__type_support.c.o[0m
[6.324s] [ 75%] [32mBuilding C object CMakeFiles/autoware_sensing_msgs__rosidl_typesupport_introspection_c.dir/rosidl_typesupport_introspection_c/autoware_sensing_msgs/msg/detail/radar_objects__type_support.c.o[0m
[6.428s] [ 77%] [32m[1mLinking C shared library libautoware_sensing_msgs__rosidl_typesupport_introspection_c.so[0m
[6.476s] [ 78%] [32m[1mLinking CXX shared library libautoware_sensing_msgs__rosidl_typesupport_fastrtps_cpp.so[0m
[6.510s] [ 78%] Built target autoware_sensing_msgs__rosidl_typesupport_introspection_c
[6.614s] [ 78%] Built target autoware_sensing_msgs__rosidl_typesupport_fastrtps_cpp
[6.802s] [ 79%] [32m[1mLinking CXX shared library libautoware_sensing_msgs__rosidl_typesupport_fastrtps_c.so[0m
[6.871s] [ 81%] [32m[1mLinking CXX shared library libautoware_sensing_msgs__rosidl_typesupport_introspection_cpp.so[0m
[6.878s] [ 81%] Built target autoware_sensing_msgs__rosidl_typesupport_fastrtps_c
[6.956s] [ 81%] Built target autoware_sensing_msgs__rosidl_typesupport_introspection_cpp
[7.005s] [ 81%] Built target autoware_sensing_msgs
[7.043s] [ 82%] [34m[1mGenerating Python code for ROS interfaces[0m
[10.124s] [ 82%] Built target autoware_sensing_msgs__py
[10.161s] [ 83%] [32mBuilding C object CMakeFiles/autoware_sensing_msgs__rosidl_generator_py.dir/rosidl_generator_py/autoware_sensing_msgs/msg/_gnss_ins_orientation_stamped_s.c.o[0m
[10.162s] [ 84%] [32mBuilding C object CMakeFiles/autoware_sensing_msgs__rosidl_generator_py.dir/rosidl_generator_py/autoware_sensing_msgs/msg/_gnss_ins_orientation_s.c.o[0m
[10.167s] [ 86%] [32mBuilding C object CMakeFiles/autoware_sensing_msgs__rosidl_generator_py.dir/rosidl_generator_py/autoware_sensing_msgs/msg/_radar_classification_s.c.o[0m
[10.168s] [ 87%] [32mBuilding C object CMakeFiles/autoware_sensing_msgs__rosidl_generator_py.dir/rosidl_generator_py/autoware_sensing_msgs/msg/_radar_field_info_s.c.o[0m
[10.182s] [ 88%] [32mBuilding C object CMakeFiles/autoware_sensing_msgs__rosidl_generator_py.dir/rosidl_generator_py/autoware_sensing_msgs/msg/_radar_info_s.c.o[0m
[10.192s] [ 89%] [32mBuilding C object CMakeFiles/autoware_sensing_msgs__rosidl_generator_py.dir/rosidl_generator_py/autoware_sensing_msgs/msg/_radar_object_s.c.o[0m
[10.203s] [ 91%] [32mBuilding C object CMakeFiles/autoware_sensing_msgs__rosidl_generator_py.dir/rosidl_generator_py/autoware_sensing_msgs/msg/_radar_objects_s.c.o[0m
[10.526s] [ 92%] [32m[1mLinking C shared library rosidl_generator_py/autoware_sensing_msgs/libautoware_sensing_msgs__rosidl_generator_py.so[0m
[10.609s] [ 92%] Built target autoware_sensing_msgs__rosidl_generator_py
[10.649s] [ 93%] [32mBuilding C object CMakeFiles/autoware_sensing_msgs__rosidl_typesupport_fastrtps_c__pyext.dir/rosidl_generator_py/autoware_sensing_msgs/_autoware_sensing_msgs_s.ep.rosidl_typesupport_fastrtps_c.c.o[0m
[10.658s] [ 96%] [32mBuilding C object CMakeFiles/autoware_sensing_msgs__rosidl_typesupport_introspection_c__pyext.dir/rosidl_generator_py/autoware_sensing_msgs/_autoware_sensing_msgs_s.ep.rosidl_typesupport_introspection_c.c.o[0m
[10.662s] [ 96%] [32mBuilding C object CMakeFiles/autoware_sensing_msgs__rosidl_typesupport_c__pyext.dir/rosidl_generator_py/autoware_sensing_msgs/_autoware_sensing_msgs_s.ep.rosidl_typesupport_c.c.o[0m
[10.915s] [ 97%] [32m[1mLinking C shared library rosidl_generator_py/autoware_sensing_msgs/autoware_sensing_msgs_s__rosidl_typesupport_fastrtps_c.cpython-310-x86_64-linux-gnu.so[0m
[10.921s] [ 98%] [32m[1mLinking C shared library rosidl_generator_py/autoware_sensing_msgs/autoware_sensing_msgs_s__rosidl_typesupport_c.cpython-310-x86_64-linux-gnu.so[0m
[10.935s] [100%] [32m[1mLinking C shared library rosidl_generator_py/autoware_sensing_msgs/autoware_sensing_msgs_s__rosidl_typesupport_introspection_c.cpython-310-x86_64-linux-gnu.so[0m
[10.980s] [100%] Built target autoware_sensing_msgs__rosidl_typesupport_c__pyext
[10.990s] [100%] Built target autoware_sensing_msgs__rosidl_typesupport_fastrtps_c__pyext
[11.006s] [100%] Built target autoware_sensing_msgs__rosidl_typesupport_introspection_c__pyext
[11.033s] Invoked command in '/home/jmj/dream_ws/build/autoware_sensing_msgs' returned '0': CMAKE_PREFIX_PATH=${CMAKE_PREFIX_PATH}:/home/jmj/dream_ws/install/dream:/opt/ros/humble /usr/bin/cmake --build /home/jmj/dream_ws/build/autoware_sensing_msgs -- -j20 -l20
[11.034s] Invoking command in '/home/jmj/dream_ws/build/autoware_sensing_msgs': CMAKE_PREFIX_PATH=${CMAKE_PREFIX_PATH}:/home/jmj/dream_ws/install/dream:/opt/ros/humble /usr/bin/cmake --install /home/jmj/dream_ws/build/autoware_sensing_msgs
[11.045s] -- Install configuration: ""
[11.045s] -- Installing: /home/jmj/dream_ws/install/autoware_sensing_msgs/share/ament_index/resource_index/rosidl_interfaces/autoware_sensing_msgs
[11.045s] -- Installing: /home/jmj/dream_ws/install/autoware_sensing_msgs/include/autoware_sensing_msgs/autoware_sensing_msgs
[11.045s] -- Installing: /home/jmj/dream_ws/install/autoware_sensing_msgs/include/autoware_sensing_msgs/autoware_sensing_msgs/msg
[11.045s] -- Installing: /home/jmj/dream_ws/install/autoware_sensing_msgs/include/autoware_sensing_msgs/autoware_sensing_msgs/msg/rosidl_generator_c__visibility_control.h
[11.045s] -- Installing: /home/jmj/dream_ws/install/autoware_sensing_msgs/include/autoware_sensing_msgs/autoware_sensing_msgs/msg/detail
[11.045s] -- Installing: /home/jmj/dream_ws/install/autoware_sensing_msgs/include/autoware_sensing_msgs/autoware_sensing_msgs/msg/detail/radar_object__type_support.h
[11.045s] -- Installing: /home/jmj/dream_ws/install/autoware_sensing_msgs/include/autoware_sensing_msgs/autoware_sensing_msgs/msg/detail/gnss_ins_orientation_stamped__functions.h
[11.045s] -- Installing: /home/jmj/dream_ws/install/autoware_sensing_msgs/include/autoware_sensing_msgs/autoware_sensing_msgs/msg/detail/radar_classification__functions.c
[11.045s] -- Installing: /home/jmj/dream_ws/install/autoware_sensing_msgs/include/autoware_sensing_msgs/autoware_sensing_msgs/msg/detail/gnss_ins_orientation__type_support.h
[11.045s] -- Installing: /home/jmj/dream_ws/install/autoware_sensing_msgs/include/autoware_sensing_msgs/autoware_sensing_msgs/msg/detail/radar_info__functions.h
[11.046s] -- Installing: /home/jmj/dream_ws/install/autoware_sensing_msgs/include/autoware_sensing_msgs/autoware_sensing_msgs/msg/detail/gnss_ins_orientation_stamped__type_support.h
[11.046s] -- Installing: /home/jmj/dream_ws/install/autoware_sensing_msgs/include/autoware_sensing_msgs/autoware_sensing_msgs/msg/detail/radar_field_info__functions.c
[11.046s] -- Installing: /home/jmj/dream_ws/install/autoware_sensing_msgs/include/autoware_sensing_msgs/autoware_sensing_msgs/msg/detail/radar_classification__functions.h
[11.046s] -- Installing: /home/jmj/dream_ws/install/autoware_sensing_msgs/include/autoware_sensing_msgs/autoware_sensing_msgs/msg/detail/radar_field_info__struct.h
[11.046s] -- Installing: /home/jmj/dream_ws/install/autoware_sensing_msgs/include/autoware_sensing_msgs/autoware_sensing_msgs/msg/detail/gnss_ins_orientation__functions.h
[11.046s] -- Installing: /home/jmj/dream_ws/install/autoware_sensing_msgs/include/autoware_sensing_msgs/autoware_sensing_msgs/msg/detail/gnss_ins_orientation_stamped__struct.h
[11.046s] -- Installing: /home/jmj/dream_ws/install/autoware_sensing_msgs/include/autoware_sensing_msgs/autoware_sensing_msgs/msg/detail/radar_object__struct.h
[11.046s] -- Installing: /home/jmj/dream_ws/install/autoware_sensing_msgs/include/autoware_sensing_msgs/autoware_sensing_msgs/msg/detail/radar_object__functions.h
[11.047s] -- Installing: /home/jmj/dream_ws/install/autoware_sensing_msgs/include/autoware_sensing_msgs/autoware_sensing_msgs/msg/detail/radar_objects__functions.h
[11.047s] -- Installing: /home/jmj/dream_ws/install/autoware_sensing_msgs/include/autoware_sensing_msgs/autoware_sensing_msgs/msg/detail/radar_classification__struct.h
[11.048s] -- Installing: /home/jmj/dream_ws/install/autoware_sensing_msgs/include/autoware_sensing_msgs/autoware_sensing_msgs/msg/detail/gnss_ins_orientation__functions.c
[11.048s] -- Installing: /home/jmj/dream_ws/install/autoware_sensing_msgs/include/autoware_sensing_msgs/autoware_sensing_msgs/msg/detail/radar_info__type_support.h
[11.048s] -- Installing: /home/jmj/dream_ws/install/autoware_sensing_msgs/include/autoware_sensing_msgs/autoware_sensing_msgs/msg/detail/radar_object__functions.c
[11.048s] -- Installing: /home/jmj/dream_ws/install/autoware_sensing_msgs/include/autoware_sensing_msgs/autoware_sensing_msgs/msg/detail/radar_info__functions.c
[11.048s] -- Installing: /home/jmj/dream_ws/install/autoware_sensing_msgs/include/autoware_sensing_msgs/autoware_sensing_msgs/msg/detail/radar_classification__type_support.h
[11.048s] -- Installing: /home/jmj/dream_ws/install/autoware_sensing_msgs/include/autoware_sensing_msgs/autoware_sensing_msgs/msg/detail/radar_info__struct.h
[11.048s] -- Installing: /home/jmj/dream_ws/install/autoware_sensing_msgs/include/autoware_sensing_msgs/autoware_sensing_msgs/msg/detail/radar_objects__type_support.h
[11.048s] -- Installing: /home/jmj/dream_ws/install/autoware_sensing_msgs/include/autoware_sensing_msgs/autoware_sensing_msgs/msg/detail/radar_objects__functions.c
[11.048s] -- Installing: /home/jmj/dream_ws/install/autoware_sensing_msgs/include/autoware_sensing_msgs/autoware_sensing_msgs/msg/detail/radar_objects__struct.h
[11.048s] -- Installing: /home/jmj/dream_ws/install/autoware_sensing_msgs/include/autoware_sensing_msgs/autoware_sensing_msgs/msg/detail/radar_field_info__type_support.h
[11.048s] -- Installing: /home/jmj/dream_ws/install/autoware_sensing_msgs/include/autoware_sensing_msgs/autoware_sensing_msgs/msg/detail/gnss_ins_orientation__struct.h
[11.048s] -- Installing: /home/jmj/dream_ws/install/autoware_sensing_msgs/include/autoware_sensing_msgs/autoware_sensing_msgs/msg/detail/gnss_ins_orientation_stamped__functions.c
[11.048s] -- Installing: /home/jmj/dream_ws/install/autoware_sensing_msgs/include/autoware_sensing_msgs/autoware_sensing_msgs/msg/detail/radar_field_info__functions.h
[11.048s] -- Installing: /home/jmj/dream_ws/install/autoware_sensing_msgs/include/autoware_sensing_msgs/autoware_sensing_msgs/msg/radar_field_info.h
[11.048s] -- Installing: /home/jmj/dream_ws/install/autoware_sensing_msgs/include/autoware_sensing_msgs/autoware_sensing_msgs/msg/gnss_ins_orientation.h
[11.048s] -- Installing: /home/jmj/dream_ws/install/autoware_sensing_msgs/include/autoware_sensing_msgs/autoware_sensing_msgs/msg/gnss_ins_orientation_stamped.h
[11.048s] -- Installing: /home/jmj/dream_ws/install/autoware_sensing_msgs/include/autoware_sensing_msgs/autoware_sensing_msgs/msg/radar_objects.h
[11.048s] -- Installing: /home/jmj/dream_ws/install/autoware_sensing_msgs/include/autoware_sensing_msgs/autoware_sensing_msgs/msg/radar_info.h
[11.048s] -- Installing: /home/jmj/dream_ws/install/autoware_sensing_msgs/include/autoware_sensing_msgs/autoware_sensing_msgs/msg/radar_classification.h
[11.048s] -- Installing: /home/jmj/dream_ws/install/autoware_sensing_msgs/include/autoware_sensing_msgs/autoware_sensing_msgs/msg/radar_object.h
[11.049s] -- Installing: /home/jmj/dream_ws/install/autoware_sensing_msgs/share/autoware_sensing_msgs/environment/library_path.sh
[11.052s] -- Installing: /home/jmj/dream_ws/install/autoware_sensing_msgs/share/autoware_sensing_msgs/environment/library_path.dsv
[11.053s] -- Installing: /home/jmj/dream_ws/install/autoware_sensing_msgs/lib/libautoware_sensing_msgs__rosidl_generator_c.so
[11.053s] -- Set runtime path of "/home/jmj/dream_ws/install/autoware_sensing_msgs/lib/libautoware_sensing_msgs__rosidl_generator_c.so" to ""
[11.053s] -- Up-to-date: /home/jmj/dream_ws/install/autoware_sensing_msgs/include/autoware_sensing_msgs/autoware_sensing_msgs
[11.053s] -- Up-to-date: /home/jmj/dream_ws/install/autoware_sensing_msgs/include/autoware_sensing_msgs/autoware_sensing_msgs/msg
[11.053s] -- Up-to-date: /home/jmj/dream_ws/install/autoware_sensing_msgs/include/autoware_sensing_msgs/autoware_sensing_msgs/msg/detail
[11.053s] -- Installing: /home/jmj/dream_ws/install/autoware_sensing_msgs/include/autoware_sensing_msgs/autoware_sensing_msgs/msg/detail/radar_field_info__rosidl_typesupport_fastrtps_c.h
[11.053s] -- Installing: /home/jmj/dream_ws/install/autoware_sensing_msgs/include/autoware_sensing_msgs/autoware_sensing_msgs/msg/detail/radar_objects__rosidl_typesupport_fastrtps_c.h
[11.053s] -- Installing: /home/jmj/dream_ws/install/autoware_sensing_msgs/include/autoware_sensing_msgs/autoware_sensing_msgs/msg/detail/radar_object__rosidl_typesupport_fastrtps_c.h
[11.053s] -- Installing: /home/jmj/dream_ws/install/autoware_sensing_msgs/include/autoware_sensing_msgs/autoware_sensing_msgs/msg/detail/gnss_ins_orientation__rosidl_typesupport_fastrtps_c.h
[11.053s] -- Installing: /home/jmj/dream_ws/install/autoware_sensing_msgs/include/autoware_sensing_msgs/autoware_sensing_msgs/msg/detail/radar_classification__rosidl_typesupport_fastrtps_c.h
[11.053s] -- Installing: /home/jmj/dream_ws/install/autoware_sensing_msgs/include/autoware_sensing_msgs/autoware_sensing_msgs/msg/detail/radar_info__rosidl_typesupport_fastrtps_c.h
[11.053s] -- Installing: /home/jmj/dream_ws/install/autoware_sensing_msgs/include/autoware_sensing_msgs/autoware_sensing_msgs/msg/detail/gnss_ins_orientation_stamped__rosidl_typesupport_fastrtps_c.h
[11.053s] -- Installing: /home/jmj/dream_ws/install/autoware_sensing_msgs/include/autoware_sensing_msgs/autoware_sensing_msgs/msg/rosidl_typesupport_fastrtps_c__visibility_control.h
[11.053s] -- Installing: /home/jmj/dream_ws/install/autoware_sensing_msgs/lib/libautoware_sensing_msgs__rosidl_typesupport_fastrtps_c.so
[11.053s] -- Set runtime path of "/home/jmj/dream_ws/install/autoware_sensing_msgs/lib/libautoware_sensing_msgs__rosidl_typesupport_fastrtps_c.so" to ""
[11.053s] -- Up-to-date: /home/jmj/dream_ws/install/autoware_sensing_msgs/include/autoware_sensing_msgs/autoware_sensing_msgs
[11.054s] -- Up-to-date: /home/jmj/dream_ws/install/autoware_sensing_msgs/include/autoware_sensing_msgs/autoware_sensing_msgs/msg
[11.054s] -- Installing: /home/jmj/dream_ws/install/autoware_sensing_msgs/include/autoware_sensing_msgs/autoware_sensing_msgs/msg/radar_objects.hpp
[11.054s] -- Installing: /home/jmj/dream_ws/install/autoware_sensing_msgs/include/autoware_sensing_msgs/autoware_sensing_msgs/msg/gnss_ins_orientation_stamped.hpp
[11.054s] -- Up-to-date: /home/jmj/dream_ws/install/autoware_sensing_msgs/include/autoware_sensing_msgs/autoware_sensing_msgs/msg/detail
[11.054s] -- Installing: /home/jmj/dream_ws/install/autoware_sensing_msgs/include/autoware_sensing_msgs/autoware_sensing_msgs/msg/detail/radar_object__traits.hpp
[11.054s] -- Installing: /home/jmj/dream_ws/install/autoware_sensing_msgs/include/autoware_sensing_msgs/autoware_sensing_msgs/msg/detail/radar_object__builder.hpp
[11.054s] -- Installing: /home/jmj/dream_ws/install/autoware_sensing_msgs/include/autoware_sensing_msgs/autoware_sensing_msgs/msg/detail/radar_info__type_support.hpp
[11.054s] -- Installing: /home/jmj/dream_ws/install/autoware_sensing_msgs/include/autoware_sensing_msgs/autoware_sensing_msgs/msg/detail/radar_object__type_support.hpp
[11.054s] -- Installing: /home/jmj/dream_ws/install/autoware_sensing_msgs/include/autoware_sensing_msgs/autoware_sensing_msgs/msg/detail/radar_classification__struct.hpp
[11.054s] -- Installing: /home/jmj/dream_ws/install/autoware_sensing_msgs/include/autoware_sensing_msgs/autoware_sensing_msgs/msg/detail/gnss_ins_orientation_stamped__type_support.hpp
[11.054s] -- Installing: /home/jmj/dream_ws/install/autoware_sensing_msgs/include/autoware_sensing_msgs/autoware_sensing_msgs/msg/detail/radar_classification__type_support.hpp
[11.054s] -- Installing: /home/jmj/dream_ws/install/autoware_sensing_msgs/include/autoware_sensing_msgs/autoware_sensing_msgs/msg/detail/radar_field_info__type_support.hpp
[11.054s] -- Installing: /home/jmj/dream_ws/install/autoware_sensing_msgs/include/autoware_sensing_msgs/autoware_sensing_msgs/msg/detail/radar_info__struct.hpp
[11.054s] -- Installing: /home/jmj/dream_ws/install/autoware_sensing_msgs/include/autoware_sensing_msgs/autoware_sensing_msgs/msg/detail/radar_classification__traits.hpp
[11.054s] -- Installing: /home/jmj/dream_ws/install/autoware_sensing_msgs/include/autoware_sensing_msgs/autoware_sensing_msgs/msg/detail/radar_objects__builder.hpp
[11.054s] -- Installing: /home/jmj/dream_ws/install/autoware_sensing_msgs/include/autoware_sensing_msgs/autoware_sensing_msgs/msg/detail/radar_field_info__traits.hpp
[11.054s] -- Installing: /home/jmj/dream_ws/install/autoware_sensing_msgs/include/autoware_sensing_msgs/autoware_sensing_msgs/msg/detail/gnss_ins_orientation__traits.hpp
[11.054s] -- Installing: /home/jmj/dream_ws/install/autoware_sensing_msgs/include/autoware_sensing_msgs/autoware_sensing_msgs/msg/detail/gnss_ins_orientation_stamped__struct.hpp
[11.054s] -- Installing: /home/jmj/dream_ws/install/autoware_sensing_msgs/include/autoware_sensing_msgs/autoware_sensing_msgs/msg/detail/gnss_ins_orientation__type_support.hpp
[11.054s] -- Installing: /home/jmj/dream_ws/install/autoware_sensing_msgs/include/autoware_sensing_msgs/autoware_sensing_msgs/msg/detail/radar_object__struct.hpp
[11.054s] -- Installing: /home/jmj/dream_ws/install/autoware_sensing_msgs/include/autoware_sensing_msgs/autoware_sensing_msgs/msg/detail/radar_classification__builder.hpp
[11.054s] -- Installing: /home/jmj/dream_ws/install/autoware_sensing_msgs/include/autoware_sensing_msgs/autoware_sensing_msgs/msg/detail/radar_field_info__struct.hpp
[11.054s] -- Installing: /home/jmj/dream_ws/install/autoware_sensing_msgs/include/autoware_sensing_msgs/autoware_sensing_msgs/msg/detail/gnss_ins_orientation_stamped__builder.hpp
[11.055s] -- Installing: /home/jmj/dream_ws/install/autoware_sensing_msgs/include/autoware_sensing_msgs/autoware_sensing_msgs/msg/detail/radar_info__builder.hpp
[11.055s] -- Installing: /home/jmj/dream_ws/install/autoware_sensing_msgs/include/autoware_sensing_msgs/autoware_sensing_msgs/msg/detail/radar_field_info__builder.hpp
[11.055s] -- Installing: /home/jmj/dream_ws/install/autoware_sensing_msgs/include/autoware_sensing_msgs/autoware_sensing_msgs/msg/detail/radar_objects__struct.hpp
[11.055s] -- Installing: /home/jmj/dream_ws/install/autoware_sensing_msgs/include/autoware_sensing_msgs/autoware_sensing_msgs/msg/detail/radar_objects__type_support.hpp
[11.055s] -- Installing: /home/jmj/dream_ws/install/autoware_sensing_msgs/include/autoware_sensing_msgs/autoware_sensing_msgs/msg/detail/radar_objects__traits.hpp
[11.055s] -- Installing: /home/jmj/dream_ws/install/autoware_sensing_msgs/include/autoware_sensing_msgs/autoware_sensing_msgs/msg/detail/gnss_ins_orientation__struct.hpp
[11.055s] -- Installing: /home/jmj/dream_ws/install/autoware_sensing_msgs/include/autoware_sensing_msgs/autoware_sensing_msgs/msg/detail/radar_info__traits.hpp
[11.055s] -- Installing: /home/jmj/dream_ws/install/autoware_sensing_msgs/include/autoware_sensing_msgs/autoware_sensing_msgs/msg/detail/gnss_ins_orientation_stamped__traits.hpp
[11.055s] -- Installing: /home/jmj/dream_ws/install/autoware_sensing_msgs/include/autoware_sensing_msgs/autoware_sensing_msgs/msg/detail/gnss_ins_orientation__builder.hpp
[11.055s] -- Installing: /home/jmj/dream_ws/install/autoware_sensing_msgs/include/autoware_sensing_msgs/autoware_sensing_msgs/msg/gnss_ins_orientation.hpp
[11.055s] -- Installing: /home/jmj/dream_ws/install/autoware_sensing_msgs/include/autoware_sensing_msgs/autoware_sensing_msgs/msg/radar_field_info.hpp
[11.055s] -- Installing: /home/jmj/dream_ws/install/autoware_sensing_msgs/include/autoware_sensing_msgs/autoware_sensing_msgs/msg/rosidl_generator_cpp__visibility_control.hpp
[11.055s] -- Installing: /home/jmj/dream_ws/install/autoware_sensing_msgs/include/autoware_sensing_msgs/autoware_sensing_msgs/msg/radar_info.hpp
[11.055s] -- Installing: /home/jmj/dream_ws/install/autoware_sensing_msgs/include/autoware_sensing_msgs/autoware_sensing_msgs/msg/radar_object.hpp
[11.055s] -- Installing: /home/jmj/dream_ws/install/autoware_sensing_msgs/include/autoware_sensing_msgs/autoware_sensing_msgs/msg/radar_classification.hpp
[11.055s] -- Up-to-date: /home/jmj/dream_ws/install/autoware_sensing_msgs/include/autoware_sensing_msgs/autoware_sensing_msgs
[11.055s] -- Up-to-date: /home/jmj/dream_ws/install/autoware_sensing_msgs/include/autoware_sensing_msgs/autoware_sensing_msgs/msg
[11.055s] -- Up-to-date: /home/jmj/dream_ws/install/autoware_sensing_msgs/include/autoware_sensing_msgs/autoware_sensing_msgs/msg/detail
[11.055s] -- Installing: /home/jmj/dream_ws/install/autoware_sensing_msgs/include/autoware_sensing_msgs/autoware_sensing_msgs/msg/detail/dds_fastrtps
[11.055s] -- Installing: /home/jmj/dream_ws/install/autoware_sensing_msgs/include/autoware_sensing_msgs/autoware_sensing_msgs/msg/detail/radar_field_info__rosidl_typesupport_fastrtps_cpp.hpp
[11.055s] -- Installing: /home/jmj/dream_ws/install/autoware_sensing_msgs/include/autoware_sensing_msgs/autoware_sensing_msgs/msg/detail/gnss_ins_orientation_stamped__rosidl_typesupport_fastrtps_cpp.hpp
[11.055s] -- Installing: /home/jmj/dream_ws/install/autoware_sensing_msgs/include/autoware_sensing_msgs/autoware_sensing_msgs/msg/detail/radar_info__rosidl_typesupport_fastrtps_cpp.hpp
[11.055s] -- Installing: /home/jmj/dream_ws/install/autoware_sensing_msgs/include/autoware_sensing_msgs/autoware_sensing_msgs/msg/detail/gnss_ins_orientation__rosidl_typesupport_fastrtps_cpp.hpp
[11.056s] -- Installing: /home/jmj/dream_ws/install/autoware_sensing_msgs/include/autoware_sensing_msgs/autoware_sensing_msgs/msg/detail/radar_object__rosidl_typesupport_fastrtps_cpp.hpp
[11.056s] -- Installing: /home/jmj/dream_ws/install/autoware_sensing_msgs/include/autoware_sensing_msgs/autoware_sensing_msgs/msg/detail/radar_classification__rosidl_typesupport_fastrtps_cpp.hpp
[11.056s] -- Installing: /home/jmj/dream_ws/install/autoware_sensing_msgs/include/autoware_sensing_msgs/autoware_sensing_msgs/msg/detail/radar_objects__rosidl_typesupport_fastrtps_cpp.hpp
[11.056s] -- Installing: /home/jmj/dream_ws/install/autoware_sensing_msgs/include/autoware_sensing_msgs/autoware_sensing_msgs/msg/rosidl_typesupport_fastrtps_cpp__visibility_control.h
[11.056s] -- Installing: /home/jmj/dream_ws/install/autoware_sensing_msgs/lib/libautoware_sensing_msgs__rosidl_typesupport_fastrtps_cpp.so
[11.056s] -- Set runtime path of "/home/jmj/dream_ws/install/autoware_sensing_msgs/lib/libautoware_sensing_msgs__rosidl_typesupport_fastrtps_cpp.so" to ""
[11.056s] -- Up-to-date: /home/jmj/dream_ws/install/autoware_sensing_msgs/include/autoware_sensing_msgs/autoware_sensing_msgs
[11.056s] -- Up-to-date: /home/jmj/dream_ws/install/autoware_sensing_msgs/include/autoware_sensing_msgs/autoware_sensing_msgs/msg
[11.056s] -- Up-to-date: /home/jmj/dream_ws/install/autoware_sensing_msgs/include/autoware_sensing_msgs/autoware_sensing_msgs/msg/detail
[11.056s] -- Installing: /home/jmj/dream_ws/install/autoware_sensing_msgs/include/autoware_sensing_msgs/autoware_sensing_msgs/msg/detail/radar_field_info__type_support.c
[11.056s] -- Installing: /home/jmj/dream_ws/install/autoware_sensing_msgs/include/autoware_sensing_msgs/autoware_sensing_msgs/msg/detail/radar_info__rosidl_typesupport_introspection_c.h
[11.056s] -- Installing: /home/jmj/dream_ws/install/autoware_sensing_msgs/include/autoware_sensing_msgs/autoware_sensing_msgs/msg/detail/radar_classification__type_support.c
[11.059s] -- Installing: /home/jmj/dream_ws/install/autoware_sensing_msgs/include/autoware_sensing_msgs/autoware_sensing_msgs/msg/detail/gnss_ins_orientation_stamped__rosidl_typesupport_introspection_c.h
[11.060s] -- Installing: /home/jmj/dream_ws/install/autoware_sensing_msgs/include/autoware_sensing_msgs/autoware_sensing_msgs/msg/detail/radar_field_info__rosidl_typesupport_introspection_c.h
[11.060s] -- Installing: /home/jmj/dream_ws/install/autoware_sensing_msgs/include/autoware_sensing_msgs/autoware_sensing_msgs/msg/detail/radar_info__type_support.c
[11.060s] -- Installing: /home/jmj/dream_ws/install/autoware_sensing_msgs/include/autoware_sensing_msgs/autoware_sensing_msgs/msg/detail/gnss_ins_orientation__rosidl_typesupport_introspection_c.h
[11.060s] -- Installing: /home/jmj/dream_ws/install/autoware_sensing_msgs/include/autoware_sensing_msgs/autoware_sensing_msgs/msg/detail/gnss_ins_orientation_stamped__type_support.c
[11.060s] -- Installing: /home/jmj/dream_ws/install/autoware_sensing_msgs/include/autoware_sensing_msgs/autoware_sensing_msgs/msg/detail/radar_object__rosidl_typesupport_introspection_c.h
[11.060s] -- Installing: /home/jmj/dream_ws/install/autoware_sensing_msgs/include/autoware_sensing_msgs/autoware_sensing_msgs/msg/detail/gnss_ins_orientation__type_support.c
[11.060s] -- Installing: /home/jmj/dream_ws/install/autoware_sensing_msgs/include/autoware_sensing_msgs/autoware_sensing_msgs/msg/detail/radar_classification__rosidl_typesupport_introspection_c.h
[11.060s] -- Installing: /home/jmj/dream_ws/install/autoware_sensing_msgs/include/autoware_sensing_msgs/autoware_sensing_msgs/msg/detail/radar_objects__type_support.c
[11.060s] -- Installing: /home/jmj/dream_ws/install/autoware_sensing_msgs/include/autoware_sensing_msgs/autoware_sensing_msgs/msg/detail/radar_objects__rosidl_typesupport_introspection_c.h
[11.060s] -- Installing: /home/jmj/dream_ws/install/autoware_sensing_msgs/include/autoware_sensing_msgs/autoware_sensing_msgs/msg/detail/radar_object__type_support.c
[11.060s] -- Installing: /home/jmj/dream_ws/install/autoware_sensing_msgs/include/autoware_sensing_msgs/autoware_sensing_msgs/msg/rosidl_typesupport_introspection_c__visibility_control.h
[11.060s] -- Installing: /home/jmj/dream_ws/install/autoware_sensing_msgs/lib/libautoware_sensing_msgs__rosidl_typesupport_introspection_c.so
[11.060s] -- Set runtime path of "/home/jmj/dream_ws/install/autoware_sensing_msgs/lib/libautoware_sensing_msgs__rosidl_typesupport_introspection_c.so" to ""
[11.060s] -- Installing: /home/jmj/dream_ws/install/autoware_sensing_msgs/lib/libautoware_sensing_msgs__rosidl_typesupport_c.so
[11.060s] -- Set runtime path of "/home/jmj/dream_ws/install/autoware_sensing_msgs/lib/libautoware_sensing_msgs__rosidl_typesupport_c.so" to ""
[11.060s] -- Up-to-date: /home/jmj/dream_ws/install/autoware_sensing_msgs/include/autoware_sensing_msgs/autoware_sensing_msgs
[11.060s] -- Up-to-date: /home/jmj/dream_ws/install/autoware_sensing_msgs/include/autoware_sensing_msgs/autoware_sensing_msgs/msg
[11.060s] -- Up-to-date: /home/jmj/dream_ws/install/autoware_sensing_msgs/include/autoware_sensing_msgs/autoware_sensing_msgs/msg/detail
[11.060s] -- Installing: /home/jmj/dream_ws/install/autoware_sensing_msgs/include/autoware_sensing_msgs/autoware_sensing_msgs/msg/detail/radar_classification__type_support.cpp
[11.060s] -- Installing: /home/jmj/dream_ws/install/autoware_sensing_msgs/include/autoware_sensing_msgs/autoware_sensing_msgs/msg/detail/radar_info__rosidl_typesupport_introspection_cpp.hpp
[11.061s] -- Installing: /home/jmj/dream_ws/install/autoware_sensing_msgs/include/autoware_sensing_msgs/autoware_sensing_msgs/msg/detail/radar_info__type_support.cpp
[11.061s] -- Installing: /home/jmj/dream_ws/install/autoware_sensing_msgs/include/autoware_sensing_msgs/autoware_sensing_msgs/msg/detail/radar_object__type_support.cpp
[11.061s] -- Installing: /home/jmj/dream_ws/install/autoware_sensing_msgs/include/autoware_sensing_msgs/autoware_sensing_msgs/msg/detail/radar_object__rosidl_typesupport_introspection_cpp.hpp
[11.061s] -- Installing: /home/jmj/dream_ws/install/autoware_sensing_msgs/include/autoware_sensing_msgs/autoware_sensing_msgs/msg/detail/gnss_ins_orientation__type_support.cpp
[11.061s] -- Installing: /home/jmj/dream_ws/install/autoware_sensing_msgs/include/autoware_sensing_msgs/autoware_sensing_msgs/msg/detail/gnss_ins_orientation_stamped__rosidl_typesupport_introspection_cpp.hpp
[11.061s] -- Installing: /home/jmj/dream_ws/install/autoware_sensing_msgs/include/autoware_sensing_msgs/autoware_sensing_msgs/msg/detail/gnss_ins_orientation_stamped__type_support.cpp
[11.061s] -- Installing: /home/jmj/dream_ws/install/autoware_sensing_msgs/include/autoware_sensing_msgs/autoware_sensing_msgs/msg/detail/radar_field_info__type_support.cpp
[11.061s] -- Installing: /home/jmj/dream_ws/install/autoware_sensing_msgs/include/autoware_sensing_msgs/autoware_sensing_msgs/msg/detail/radar_classification__rosidl_typesupport_introspection_cpp.hpp
[11.061s] -- Installing: /home/jmj/dream_ws/install/autoware_sensing_msgs/include/autoware_sensing_msgs/autoware_sensing_msgs/msg/detail/radar_objects__type_support.cpp
[11.061s] -- Installing: /home/jmj/dream_ws/install/autoware_sensing_msgs/include/autoware_sensing_msgs/autoware_sensing_msgs/msg/detail/gnss_ins_orientation__rosidl_typesupport_introspection_cpp.hpp
[11.061s] -- Installing: /home/jmj/dream_ws/install/autoware_sensing_msgs/include/autoware_sensing_msgs/autoware_sensing_msgs/msg/detail/radar_field_info__rosidl_typesupport_introspection_cpp.hpp
[11.061s] -- Installing: /home/jmj/dream_ws/install/autoware_sensing_msgs/include/autoware_sensing_msgs/autoware_sensing_msgs/msg/detail/radar_objects__rosidl_typesupport_introspection_cpp.hpp
[11.061s] -- Installing: /home/jmj/dream_ws/install/autoware_sensing_msgs/lib/libautoware_sensing_msgs__rosidl_typesupport_introspection_cpp.so
[11.061s] -- Set runtime path of "/home/jmj/dream_ws/install/autoware_sensing_msgs/lib/libautoware_sensing_msgs__rosidl_typesupport_introspection_cpp.so" to ""
[11.061s] -- Installing: /home/jmj/dream_ws/install/autoware_sensing_msgs/lib/libautoware_sensing_msgs__rosidl_typesupport_cpp.so
[11.061s] -- Set runtime path of "/home/jmj/dream_ws/install/autoware_sensing_msgs/lib/libautoware_sensing_msgs__rosidl_typesupport_cpp.so" to ""
[11.064s] -- Installing: /home/jmj/dream_ws/install/autoware_sensing_msgs/share/autoware_sensing_msgs/environment/pythonpath.sh
[11.064s] -- Installing: /home/jmj/dream_ws/install/autoware_sensing_msgs/share/autoware_sensing_msgs/environment/pythonpath.dsv
[11.064s] -- Installing: /home/jmj/dream_ws/install/autoware_sensing_msgs/local/lib/python3.10/dist-packages/autoware_sensing_msgs-1.8.0-py3.10.egg-info
[11.064s] -- Installing: /home/jmj/dream_ws/install/autoware_sensing_msgs/local/lib/python3.10/dist-packages/autoware_sensing_msgs-1.8.0-py3.10.egg-info/dependency_links.txt
[11.064s] -- Installing: /home/jmj/dream_ws/install/autoware_sensing_msgs/local/lib/python3.10/dist-packages/autoware_sensing_msgs-1.8.0-py3.10.egg-info/top_level.txt
[11.064s] -- Installing: /home/jmj/dream_ws/install/autoware_sensing_msgs/local/lib/python3.10/dist-packages/autoware_sensing_msgs-1.8.0-py3.10.egg-info/PKG-INFO
[11.064s] -- Installing: /home/jmj/dream_ws/install/autoware_sensing_msgs/local/lib/python3.10/dist-packages/autoware_sensing_msgs-1.8.0-py3.10.egg-info/SOURCES.txt
[11.064s] -- Installing: /home/jmj/dream_ws/install/autoware_sensing_msgs/local/lib/python3.10/dist-packages/autoware_sensing_msgs
[11.064s] -- Installing: /home/jmj/dream_ws/install/autoware_sensing_msgs/local/lib/python3.10/dist-packages/autoware_sensing_msgs/__init__.py
[11.064s] -- Installing: /home/jmj/dream_ws/install/autoware_sensing_msgs/local/lib/python3.10/dist-packages/autoware_sensing_msgs/autoware_sensing_msgs_s__rosidl_typesupport_introspection_c.cpython-310-x86_64-linux-gnu.so
[11.064s] -- Installing: /home/jmj/dream_ws/install/autoware_sensing_msgs/local/lib/python3.10/dist-packages/autoware_sensing_msgs/_autoware_sensing_msgs_s.ep.rosidl_typesupport_fastrtps_c.c
[11.064s] -- Installing: /home/jmj/dream_ws/install/autoware_sensing_msgs/local/lib/python3.10/dist-packages/autoware_sensing_msgs/_autoware_sensing_msgs_s.ep.rosidl_typesupport_introspection_c.c
[11.064s] -- Installing: /home/jmj/dream_ws/install/autoware_sensing_msgs/local/lib/python3.10/dist-packages/autoware_sensing_msgs/autoware_sensing_msgs_s__rosidl_typesupport_fastrtps_c.cpython-310-x86_64-linux-gnu.so
[11.064s] -- Installing: /home/jmj/dream_ws/install/autoware_sensing_msgs/local/lib/python3.10/dist-packages/autoware_sensing_msgs/autoware_sensing_msgs_s__rosidl_typesupport_c.cpython-310-x86_64-linux-gnu.so
[11.064s] -- Installing: /home/jmj/dream_ws/install/autoware_sensing_msgs/local/lib/python3.10/dist-packages/autoware_sensing_msgs/libautoware_sensing_msgs__rosidl_generator_py.so
[11.064s] -- Installing: /home/jmj/dream_ws/install/autoware_sensing_msgs/local/lib/python3.10/dist-packages/autoware_sensing_msgs/_autoware_sensing_msgs_s.ep.rosidl_typesupport_c.c
[11.064s] -- Installing: /home/jmj/dream_ws/install/autoware_sensing_msgs/local/lib/python3.10/dist-packages/autoware_sensing_msgs/msg
[11.064s] -- Installing: /home/jmj/dream_ws/install/autoware_sensing_msgs/local/lib/python3.10/dist-packages/autoware_sensing_msgs/msg/_radar_info.py
[11.064s] -- Installing: /home/jmj/dream_ws/install/autoware_sensing_msgs/local/lib/python3.10/dist-packages/autoware_sensing_msgs/msg/_gnss_ins_orientation_stamped_s.c
[11.064s] -- Installing: /home/jmj/dream_ws/install/autoware_sensing_msgs/local/lib/python3.10/dist-packages/autoware_sensing_msgs/msg/__init__.py
[11.064s] -- Installing: /home/jmj/dream_ws/install/autoware_sensing_msgs/local/lib/python3.10/dist-packages/autoware_sensing_msgs/msg/_gnss_ins_orientation_s.c
[11.064s] -- Installing: /home/jmj/dream_ws/install/autoware_sensing_msgs/local/lib/python3.10/dist-packages/autoware_sensing_msgs/msg/_radar_object_s.c
[11.065s] -- Installing: /home/jmj/dream_ws/install/autoware_sensing_msgs/local/lib/python3.10/dist-packages/autoware_sensing_msgs/msg/_gnss_ins_orientation_stamped.py
[11.065s] -- Installing: /home/jmj/dream_ws/install/autoware_sensing_msgs/local/lib/python3.10/dist-packages/autoware_sensing_msgs/msg/_radar_object.py
[11.065s] -- Installing: /home/jmj/dream_ws/install/autoware_sensing_msgs/local/lib/python3.10/dist-packages/autoware_sensing_msgs/msg/_radar_objects.py
[11.065s] -- Installing: /home/jmj/dream_ws/install/autoware_sensing_msgs/local/lib/python3.10/dist-packages/autoware_sensing_msgs/msg/_radar_objects_s.c
[11.065s] -- Installing: /home/jmj/dream_ws/install/autoware_sensing_msgs/local/lib/python3.10/dist-packages/autoware_sensing_msgs/msg/_radar_classification_s.c
[11.065s] -- Installing: /home/jmj/dream_ws/install/autoware_sensing_msgs/local/lib/python3.10/dist-packages/autoware_sensing_msgs/msg/_radar_field_info_s.c
[11.065s] -- Installing: /home/jmj/dream_ws/install/autoware_sensing_msgs/local/lib/python3.10/dist-packages/autoware_sensing_msgs/msg/_radar_field_info.py
[11.065s] -- Installing: /home/jmj/dream_ws/install/autoware_sensing_msgs/local/lib/python3.10/dist-packages/autoware_sensing_msgs/msg/_gnss_ins_orientation.py
[11.065s] -- Installing: /home/jmj/dream_ws/install/autoware_sensing_msgs/local/lib/python3.10/dist-packages/autoware_sensing_msgs/msg/_radar_info_s.c
[11.065s] -- Installing: /home/jmj/dream_ws/install/autoware_sensing_msgs/local/lib/python3.10/dist-packages/autoware_sensing_msgs/msg/_radar_classification.py
[11.114s] Listing '/home/jmj/dream_ws/install/autoware_sensing_msgs/local/lib/python3.10/dist-packages/autoware_sensing_msgs'...
[11.114s] Compiling '/home/jmj/dream_ws/install/autoware_sensing_msgs/local/lib/python3.10/dist-packages/autoware_sensing_msgs/__init__.py'...
[11.115s] Listing '/home/jmj/dream_ws/install/autoware_sensing_msgs/local/lib/python3.10/dist-packages/autoware_sensing_msgs/msg'...
[11.115s] Compiling '/home/jmj/dream_ws/install/autoware_sensing_msgs/local/lib/python3.10/dist-packages/autoware_sensing_msgs/msg/__init__.py'...
[11.115s] Compiling '/home/jmj/dream_ws/install/autoware_sensing_msgs/local/lib/python3.10/dist-packages/autoware_sensing_msgs/msg/_gnss_ins_orientation.py'...
[11.115s] Compiling '/home/jmj/dream_ws/install/autoware_sensing_msgs/local/lib/python3.10/dist-packages/autoware_sensing_msgs/msg/_gnss_ins_orientation_stamped.py'...
[11.115s] Compiling '/home/jmj/dream_ws/install/autoware_sensing_msgs/local/lib/python3.10/dist-packages/autoware_sensing_msgs/msg/_radar_classification.py'...
[11.115s] Compiling '/home/jmj/dream_ws/install/autoware_sensing_msgs/local/lib/python3.10/dist-packages/autoware_sensing_msgs/msg/_radar_field_info.py'...
[11.115s] Compiling '/home/jmj/dream_ws/install/autoware_sensing_msgs/local/lib/python3.10/dist-packages/autoware_sensing_msgs/msg/_radar_info.py'...
[11.115s] Compiling '/home/jmj/dream_ws/install/autoware_sensing_msgs/local/lib/python3.10/dist-packages/autoware_sensing_msgs/msg/_radar_object.py'...
[11.115s] Compiling '/home/jmj/dream_ws/install/autoware_sensing_msgs/local/lib/python3.10/dist-packages/autoware_sensing_msgs/msg/_radar_objects.py'...
[11.122s] -- Installing: /home/jmj/dream_ws/install/autoware_sensing_msgs/local/lib/python3.10/dist-packages/autoware_sensing_msgs/autoware_sensing_msgs_s__rosidl_typesupport_fastrtps_c.cpython-310-x86_64-linux-gnu.so
[11.122s] -- Set runtime path of "/home/jmj/dream_ws/install/autoware_sensing_msgs/local/lib/python3.10/dist-packages/autoware_sensing_msgs/autoware_sensing_msgs_s__rosidl_typesupport_fastrtps_c.cpython-310-x86_64-linux-gnu.so" to ""
[11.122s] -- Installing: /home/jmj/dream_ws/install/autoware_sensing_msgs/local/lib/python3.10/dist-packages/autoware_sensing_msgs/autoware_sensing_msgs_s__rosidl_typesupport_introspection_c.cpython-310-x86_64-linux-gnu.so
[11.122s] -- Set runtime path of "/home/jmj/dream_ws/install/autoware_sensing_msgs/local/lib/python3.10/dist-packages/autoware_sensing_msgs/autoware_sensing_msgs_s__rosidl_typesupport_introspection_c.cpython-310-x86_64-linux-gnu.so" to ""
[11.122s] -- Installing: /home/jmj/dream_ws/install/autoware_sensing_msgs/local/lib/python3.10/dist-packages/autoware_sensing_msgs/autoware_sensing_msgs_s__rosidl_typesupport_c.cpython-310-x86_64-linux-gnu.so
[11.122s] -- Set runtime path of "/home/jmj/dream_ws/install/autoware_sensing_msgs/local/lib/python3.10/dist-packages/autoware_sensing_msgs/autoware_sensing_msgs_s__rosidl_typesupport_c.cpython-310-x86_64-linux-gnu.so" to ""
[11.122s] -- Installing: /home/jmj/dream_ws/install/autoware_sensing_msgs/lib/libautoware_sensing_msgs__rosidl_generator_py.so
[11.122s] -- Set runtime path of "/home/jmj/dream_ws/install/autoware_sensing_msgs/lib/libautoware_sensing_msgs__rosidl_generator_py.so" to ""
[11.122s] -- Installing: /home/jmj/dream_ws/install/autoware_sensing_msgs/share/autoware_sensing_msgs/msg/GnssInsOrientation.idl
[11.122s] -- Installing: /home/jmj/dream_ws/install/autoware_sensing_msgs/share/autoware_sensing_msgs/msg/GnssInsOrientationStamped.idl
[11.122s] -- Installing: /home/jmj/dream_ws/install/autoware_sensing_msgs/share/autoware_sensing_msgs/msg/RadarClassification.idl
[11.122s] -- Installing: /home/jmj/dream_ws/install/autoware_sensing_msgs/share/autoware_sensing_msgs/msg/RadarFieldInfo.idl
[11.123s] -- Installing: /home/jmj/dream_ws/install/autoware_sensing_msgs/share/autoware_sensing_msgs/msg/RadarInfo.idl
[11.123s] -- Installing: /home/jmj/dream_ws/install/autoware_sensing_msgs/share/autoware_sensing_msgs/msg/RadarObject.idl
[11.123s] -- Installing: /home/jmj/dream_ws/install/autoware_sensing_msgs/share/autoware_sensing_msgs/msg/RadarObjects.idl
[11.123s] -- Installing: /home/jmj/dream_ws/install/autoware_sensing_msgs/share/autoware_sensing_msgs/msg/GnssInsOrientation.msg
[11.123s] -- Installing: /home/jmj/dream_ws/install/autoware_sensing_msgs/share/autoware_sensing_msgs/msg/GnssInsOrientationStamped.msg
[11.123s] -- Installing: /home/jmj/dream_ws/install/autoware_sensing_msgs/share/autoware_sensing_msgs/msg/RadarClassification.msg
[11.123s] -- Installing: /home/jmj/dream_ws/install/autoware_sensing_msgs/share/autoware_sensing_msgs/msg/RadarFieldInfo.msg
[11.123s] -- Installing: /home/jmj/dream_ws/install/autoware_sensing_msgs/share/autoware_sensing_msgs/msg/RadarInfo.msg
[11.123s] -- Installing: /home/jmj/dream_ws/install/autoware_sensing_msgs/share/autoware_sensing_msgs/msg/RadarObject.msg
[11.123s] -- Installing: /home/jmj/dream_ws/install/autoware_sensing_msgs/share/autoware_sensing_msgs/msg/RadarObjects.msg
[11.123s] -- Installing: /home/jmj/dream_ws/install/autoware_sensing_msgs/share/ament_index/resource_index/package_run_dependencies/autoware_sensing_msgs
[11.123s] -- Installing: /home/jmj/dream_ws/install/autoware_sensing_msgs/share/ament_index/resource_index/parent_prefix_path/autoware_sensing_msgs
[11.123s] -- Installing: /home/jmj/dream_ws/install/autoware_sensing_msgs/share/autoware_sensing_msgs/environment/ament_prefix_path.sh
[11.123s] -- Installing: /home/jmj/dream_ws/install/autoware_sensing_msgs/share/autoware_sensing_msgs/environment/ament_prefix_path.dsv
[11.123s] -- Installing: /home/jmj/dream_ws/install/autoware_sensing_msgs/share/autoware_sensing_msgs/environment/path.sh
[11.123s] -- Installing: /home/jmj/dream_ws/install/autoware_sensing_msgs/share/autoware_sensing_msgs/environment/path.dsv
[11.124s] -- Installing: /home/jmj/dream_ws/install/autoware_sensing_msgs/share/autoware_sensing_msgs/local_setup.bash
[11.124s] -- Installing: /home/jmj/dream_ws/install/autoware_sensing_msgs/share/autoware_sensing_msgs/local_setup.sh
[11.124s] -- Installing: /home/jmj/dream_ws/install/autoware_sensing_msgs/share/autoware_sensing_msgs/local_setup.zsh
[11.124s] -- Installing: /home/jmj/dream_ws/install/autoware_sensing_msgs/share/autoware_sensing_msgs/local_setup.dsv
[11.124s] -- Installing: /home/jmj/dream_ws/install/autoware_sensing_msgs/share/autoware_sensing_msgs/package.dsv
[11.128s] -- Installing: /home/jmj/dream_ws/install/autoware_sensing_msgs/share/ament_index/resource_index/packages/autoware_sensing_msgs
[11.128s] -- Installing: /home/jmj/dream_ws/install/autoware_sensing_msgs/share/autoware_sensing_msgs/cmake/export_autoware_sensing_msgs__rosidl_generator_cExport.cmake
[11.128s] -- Installing: /home/jmj/dream_ws/install/autoware_sensing_msgs/share/autoware_sensing_msgs/cmake/export_autoware_sensing_msgs__rosidl_generator_cExport-noconfig.cmake
[11.128s] -- Installing: /home/jmj/dream_ws/install/autoware_sensing_msgs/share/autoware_sensing_msgs/cmake/export_autoware_sensing_msgs__rosidl_typesupport_fastrtps_cExport.cmake
[11.128s] -- Installing: /home/jmj/dream_ws/install/autoware_sensing_msgs/share/autoware_sensing_msgs/cmake/export_autoware_sensing_msgs__rosidl_typesupport_fastrtps_cExport-noconfig.cmake
[11.128s] -- Installing: /home/jmj/dream_ws/install/autoware_sensing_msgs/share/autoware_sensing_msgs/cmake/export_autoware_sensing_msgs__rosidl_generator_cppExport.cmake
[11.128s] -- Installing: /home/jmj/dream_ws/install/autoware_sensing_msgs/share/autoware_sensing_msgs/cmake/export_autoware_sensing_msgs__rosidl_typesupport_fastrtps_cppExport.cmake
[11.128s] -- Installing: /home/jmj/dream_ws/install/autoware_sensing_msgs/share/autoware_sensing_msgs/cmake/export_autoware_sensing_msgs__rosidl_typesupport_fastrtps_cppExport-noconfig.cmake
[11.128s] -- Installing: /home/jmj/dream_ws/install/autoware_sensing_msgs/share/autoware_sensing_msgs/cmake/autoware_sensing_msgs__rosidl_typesupport_introspection_cExport.cmake
[11.128s] -- Installing: /home/jmj/dream_ws/install/autoware_sensing_msgs/share/autoware_sensing_msgs/cmake/autoware_sensing_msgs__rosidl_typesupport_introspection_cExport-noconfig.cmake
[11.128s] -- Installing: /home/jmj/dream_ws/install/autoware_sensing_msgs/share/autoware_sensing_msgs/cmake/autoware_sensing_msgs__rosidl_typesupport_cExport.cmake
[11.128s] -- Installing: /home/jmj/dream_ws/install/autoware_sensing_msgs/share/autoware_sensing_msgs/cmake/autoware_sensing_msgs__rosidl_typesupport_cExport-noconfig.cmake
[11.128s] -- Installing: /home/jmj/dream_ws/install/autoware_sensing_msgs/share/autoware_sensing_msgs/cmake/autoware_sensing_msgs__rosidl_typesupport_introspection_cppExport.cmake
[11.128s] -- Installing: /home/jmj/dream_ws/install/autoware_sensing_msgs/share/autoware_sensing_msgs/cmake/autoware_sensing_msgs__rosidl_typesupport_introspection_cppExport-noconfig.cmake
[11.128s] -- Installing: /home/jmj/dream_ws/install/autoware_sensing_msgs/share/autoware_sensing_msgs/cmake/autoware_sensing_msgs__rosidl_typesupport_cppExport.cmake
[11.128s] -- Installing: /home/jmj/dream_ws/install/autoware_sensing_msgs/share/autoware_sensing_msgs/cmake/autoware_sensing_msgs__rosidl_typesupport_cppExport-noconfig.cmake
[11.128s] -- Installing: /home/jmj/dream_ws/install/autoware_sensing_msgs/share/autoware_sensing_msgs/cmake/export_autoware_sensing_msgs__rosidl_generator_pyExport.cmake
[11.128s] -- Installing: /home/jmj/dream_ws/install/autoware_sensing_msgs/share/autoware_sensing_msgs/cmake/export_autoware_sensing_msgs__rosidl_generator_pyExport-noconfig.cmake
[11.128s] -- Installing: /home/jmj/dream_ws/install/autoware_sensing_msgs/share/autoware_sensing_msgs/cmake/rosidl_cmake-extras.cmake
[11.128s] -- Installing: /home/jmj/dream_ws/install/autoware_sensing_msgs/share/autoware_sensing_msgs/cmake/ament_cmake_export_dependencies-extras.cmake
[11.128s] -- Installing: /home/jmj/dream_ws/install/autoware_sensing_msgs/share/autoware_sensing_msgs/cmake/ament_cmake_export_include_directories-extras.cmake
[11.129s] -- Installing: /home/jmj/dream_ws/install/autoware_sensing_msgs/share/autoware_sensing_msgs/cmake/ament_cmake_export_libraries-extras.cmake
[11.129s] -- Installing: /home/jmj/dream_ws/install/autoware_sensing_msgs/share/autoware_sensing_msgs/cmake/ament_cmake_export_targets-extras.cmake
[11.129s] -- Installing: /home/jmj/dream_ws/install/autoware_sensing_msgs/share/autoware_sensing_msgs/cmake/rosidl_cmake_export_typesupport_targets-extras.cmake
[11.129s] -- Installing: /home/jmj/dream_ws/install/autoware_sensing_msgs/share/autoware_sensing_msgs/cmake/rosidl_cmake_export_typesupport_libraries-extras.cmake
[11.129s] -- Installing: /home/jmj/dream_ws/install/autoware_sensing_msgs/share/autoware_sensing_msgs/cmake/autoware_sensing_msgsConfig.cmake
[11.129s] -- Installing: /home/jmj/dream_ws/install/autoware_sensing_msgs/share/autoware_sensing_msgs/cmake/autoware_sensing_msgsConfig-version.cmake
[11.129s] -- Installing: /home/jmj/dream_ws/install/autoware_sensing_msgs/share/autoware_sensing_msgs/package.xml
[11.134s] Invoked command in '/home/jmj/dream_ws/build/autoware_sensing_msgs' returned '0': CMAKE_PREFIX_PATH=${CMAKE_PREFIX_PATH}:/home/jmj/dream_ws/install/dream:/opt/ros/humble /usr/bin/cmake --install /home/jmj/dream_ws/build/autoware_sensing_msgs
