[  0%] Built target autoware_map_msgs__cpp
[  1%] Built target ament_cmake_python_copy_autoware_map_msgs
[ 12%] Built target autoware_map_msgs__rosidl_generator_c
[ 24%] Built target autoware_map_msgs__rosidl_typesupport_cpp
[ 36%] Built target autoware_map_msgs__rosidl_typesupport_fastrtps_cpp
[ 48%] Built target autoware_map_msgs__rosidl_typesupport_introspection_cpp
[ 60%] Built target autoware_map_msgs__rosidl_typesupport_fastrtps_c
[ 72%] Built target autoware_map_msgs__rosidl_typesupport_c
[ 84%] Built target autoware_map_msgs__rosidl_typesupport_introspection_c
[ 84%] Built target autoware_map_msgs
[ 85%] Built target autoware_map_msgs__py
[ 96%] Built target autoware_map_msgs__rosidl_generator_py
[ 97%] Built target autoware_map_msgs__rosidl_typesupport_fastrtps_c__pyext
[ 99%] Built target autoware_map_msgs__rosidl_typesupport_introspection_c__pyext
[100%] Built target autoware_map_msgs__rosidl_typesupport_c__pyext
running egg_info
writing autoware_map_msgs.egg-info/PKG-INFO
writing dependency_links to autoware_map_msgs.egg-info/dependency_links.txt
writing top-level names to autoware_map_msgs.egg-info/top_level.txt
reading manifest file 'autoware_map_msgs.egg-info/SOURCES.txt'
writing manifest file 'autoware_map_msgs.egg-info/SOURCES.txt'
[100%] Built target ament_cmake_python_build_autoware_map_msgs_egg
-- Install configuration: ""
-- Up-to-date: /home/jmj/dream_ws/install/autoware_map_msgs/share/ament_index/resource_index/rosidl_interfaces/autoware_map_msgs
-- Up-to-date: /home/jmj/dream_ws/install/autoware_map_msgs/include/autoware_map_msgs/autoware_map_msgs
-- Up-to-date: /home/jmj/dream_ws/install/autoware_map_msgs/include/autoware_map_msgs/autoware_map_msgs/srv
-- Up-to-date: /home/jmj/dream_ws/install/autoware_map_msgs/include/autoware_map_msgs/autoware_map_msgs/srv/get_selected_point_cloud_map.h
-- Up-to-date: /home/jmj/dream_ws/install/autoware_map_msgs/include/autoware_map_msgs/autoware_map_msgs/srv/get_selected_lanelet2_map.h
-- Up-to-date: /home/jmj/dream_ws/install/autoware_map_msgs/include/autoware_map_msgs/autoware_map_msgs/srv/detail
-- Up-to-date: /home/jmj/dream_ws/install/autoware_map_msgs/include/autoware_map_msgs/autoware_map_msgs/srv/detail/get_selected_point_cloud_map__functions.h
-- Up-to-date: /home/jmj/dream_ws/install/autoware_map_msgs/include/autoware_map_msgs/autoware_map_msgs/srv/detail/get_selected_point_cloud_map__struct.h
-- Up-to-date: /home/jmj/dream_ws/install/autoware_map_msgs/include/autoware_map_msgs/autoware_map_msgs/srv/detail/get_partial_point_cloud_map__functions.c
-- Up-to-date: /home/jmj/dream_ws/install/autoware_map_msgs/include/autoware_map_msgs/autoware_map_msgs/srv/detail/get_selected_point_cloud_map__functions.c
-- Up-to-date: /home/jmj/dream_ws/install/autoware_map_msgs/include/autoware_map_msgs/autoware_map_msgs/srv/detail/get_differential_point_cloud_map__functions.h
-- Up-to-date: /home/jmj/dream_ws/install/autoware_map_msgs/include/autoware_map_msgs/autoware_map_msgs/srv/detail/get_selected_lanelet2_map__functions.h
-- Up-to-date: /home/jmj/dream_ws/install/autoware_map_msgs/include/autoware_map_msgs/autoware_map_msgs/srv/detail/get_differential_point_cloud_map__struct.h
-- Up-to-date: /home/jmj/dream_ws/install/autoware_map_msgs/include/autoware_map_msgs/autoware_map_msgs/srv/detail/get_selected_lanelet2_map__type_support.h
-- Up-to-date: /home/jmj/dream_ws/install/autoware_map_msgs/include/autoware_map_msgs/autoware_map_msgs/srv/detail/get_differential_point_cloud_map__functions.c
-- Up-to-date: /home/jmj/dream_ws/install/autoware_map_msgs/include/autoware_map_msgs/autoware_map_msgs/srv/detail/get_partial_point_cloud_map__functions.h
-- Up-to-date: /home/jmj/dream_ws/install/autoware_map_msgs/include/autoware_map_msgs/autoware_map_msgs/srv/detail/get_selected_lanelet2_map__struct.h
-- Up-to-date: /home/jmj/dream_ws/install/autoware_map_msgs/include/autoware_map_msgs/autoware_map_msgs/srv/detail/get_selected_lanelet2_map__functions.c
-- Up-to-date: /home/jmj/dream_ws/install/autoware_map_msgs/include/autoware_map_msgs/autoware_map_msgs/srv/detail/get_differential_point_cloud_map__type_support.h
-- Up-to-date: /home/jmj/dream_ws/install/autoware_map_msgs/include/autoware_map_msgs/autoware_map_msgs/srv/detail/get_partial_point_cloud_map__struct.h
-- Up-to-date: /home/jmj/dream_ws/install/autoware_map_msgs/include/autoware_map_msgs/autoware_map_msgs/srv/detail/get_partial_point_cloud_map__type_support.h
-- Up-to-date: /home/jmj/dream_ws/install/autoware_map_msgs/include/autoware_map_msgs/autoware_map_msgs/srv/detail/get_selected_point_cloud_map__type_support.h
-- Up-to-date: /home/jmj/dream_ws/install/autoware_map_msgs/include/autoware_map_msgs/autoware_map_msgs/srv/get_differential_point_cloud_map.h
-- Up-to-date: /home/jmj/dream_ws/install/autoware_map_msgs/include/autoware_map_msgs/autoware_map_msgs/srv/get_partial_point_cloud_map.h
-- Up-to-date: /home/jmj/dream_ws/install/autoware_map_msgs/include/autoware_map_msgs/autoware_map_msgs/msg
-- Up-to-date: /home/jmj/dream_ws/install/autoware_map_msgs/include/autoware_map_msgs/autoware_map_msgs/msg/area_info.h
-- Up-to-date: /home/jmj/dream_ws/install/autoware_map_msgs/include/autoware_map_msgs/autoware_map_msgs/msg/rosidl_generator_c__visibility_control.h
-- Up-to-date: /home/jmj/dream_ws/install/autoware_map_msgs/include/autoware_map_msgs/autoware_map_msgs/msg/point_cloud_map_cell_with_id.h
-- Up-to-date: /home/jmj/dream_ws/install/autoware_map_msgs/include/autoware_map_msgs/autoware_map_msgs/msg/detail
-- Up-to-date: /home/jmj/dream_ws/install/autoware_map_msgs/include/autoware_map_msgs/autoware_map_msgs/msg/detail/lanelet_map_meta_data__functions.c
-- Up-to-date: /home/jmj/dream_ws/install/autoware_map_msgs/include/autoware_map_msgs/autoware_map_msgs/msg/detail/map_projector_info__functions.h
-- Up-to-date: /home/jmj/dream_ws/install/autoware_map_msgs/include/autoware_map_msgs/autoware_map_msgs/msg/detail/point_cloud_map_meta_data__functions.h
-- Up-to-date: /home/jmj/dream_ws/install/autoware_map_msgs/include/autoware_map_msgs/autoware_map_msgs/msg/detail/area_info__struct.h
-- Up-to-date: /home/jmj/dream_ws/install/autoware_map_msgs/include/autoware_map_msgs/autoware_map_msgs/msg/detail/lanelet_map_cell_meta_data__functions.c
-- Up-to-date: /home/jmj/dream_ws/install/autoware_map_msgs/include/autoware_map_msgs/autoware_map_msgs/msg/detail/lanelet_map_meta_data__struct.h
-- Up-to-date: /home/jmj/dream_ws/install/autoware_map_msgs/include/autoware_map_msgs/autoware_map_msgs/msg/detail/point_cloud_map_meta_data__type_support.h
-- Up-to-date: /home/jmj/dream_ws/install/autoware_map_msgs/include/autoware_map_msgs/autoware_map_msgs/msg/detail/map_projector_info__type_support.h
-- Up-to-date: /home/jmj/dream_ws/install/autoware_map_msgs/include/autoware_map_msgs/autoware_map_msgs/msg/detail/point_cloud_map_cell_with_id__functions.c
-- Up-to-date: /home/jmj/dream_ws/install/autoware_map_msgs/include/autoware_map_msgs/autoware_map_msgs/msg/detail/point_cloud_map_meta_data__functions.c
-- Up-to-date: /home/jmj/dream_ws/install/autoware_map_msgs/include/autoware_map_msgs/autoware_map_msgs/msg/detail/point_cloud_map_cell_meta_data_with_id__functions.h
-- Up-to-date: /home/jmj/dream_ws/install/autoware_map_msgs/include/autoware_map_msgs/autoware_map_msgs/msg/detail/point_cloud_map_cell_meta_data__struct.h
-- Up-to-date: /home/jmj/dream_ws/install/autoware_map_msgs/include/autoware_map_msgs/autoware_map_msgs/msg/detail/lanelet_map_meta_data__functions.h
-- Up-to-date: /home/jmj/dream_ws/install/autoware_map_msgs/include/autoware_map_msgs/autoware_map_msgs/msg/detail/point_cloud_map_cell_meta_data__functions.h
-- Up-to-date: /home/jmj/dream_ws/install/autoware_map_msgs/include/autoware_map_msgs/autoware_map_msgs/msg/detail/lanelet_map_bin__functions.h
-- Up-to-date: /home/jmj/dream_ws/install/autoware_map_msgs/include/autoware_map_msgs/autoware_map_msgs/msg/detail/point_cloud_map_cell_meta_data__type_support.h
-- Up-to-date: /home/jmj/dream_ws/install/autoware_map_msgs/include/autoware_map_msgs/autoware_map_msgs/msg/detail/point_cloud_map_cell_meta_data_with_id__functions.c
-- Up-to-date: /home/jmj/dream_ws/install/autoware_map_msgs/include/autoware_map_msgs/autoware_map_msgs/msg/detail/point_cloud_map_cell_meta_data_with_id__type_support.h
-- Up-to-date: /home/jmj/dream_ws/install/autoware_map_msgs/include/autoware_map_msgs/autoware_map_msgs/msg/detail/lanelet_map_cell_meta_data__functions.h
-- Up-to-date: /home/jmj/dream_ws/install/autoware_map_msgs/include/autoware_map_msgs/autoware_map_msgs/msg/detail/lanelet_map_bin__type_support.h
-- Up-to-date: /home/jmj/dream_ws/install/autoware_map_msgs/include/autoware_map_msgs/autoware_map_msgs/msg/detail/point_cloud_map_meta_data__struct.h
-- Up-to-date: /home/jmj/dream_ws/install/autoware_map_msgs/include/autoware_map_msgs/autoware_map_msgs/msg/detail/point_cloud_map_cell_with_id__functions.h
-- Up-to-date: /home/jmj/dream_ws/install/autoware_map_msgs/include/autoware_map_msgs/autoware_map_msgs/msg/detail/area_info__functions.c
-- Up-to-date: /home/jmj/dream_ws/install/autoware_map_msgs/include/autoware_map_msgs/autoware_map_msgs/msg/detail/point_cloud_map_cell_meta_data_with_id__struct.h
-- Up-to-date: /home/jmj/dream_ws/install/autoware_map_msgs/include/autoware_map_msgs/autoware_map_msgs/msg/detail/lanelet_map_bin__functions.c
-- Up-to-date: /home/jmj/dream_ws/install/autoware_map_msgs/include/autoware_map_msgs/autoware_map_msgs/msg/detail/lanelet_map_cell_meta_data__type_support.h
-- Up-to-date: /home/jmj/dream_ws/install/autoware_map_msgs/include/autoware_map_msgs/autoware_map_msgs/msg/detail/point_cloud_map_cell_with_id__type_support.h
-- Up-to-date: /home/jmj/dream_ws/install/autoware_map_msgs/include/autoware_map_msgs/autoware_map_msgs/msg/detail/map_projector_info__struct.h
-- Up-to-date: /home/jmj/dream_ws/install/autoware_map_msgs/include/autoware_map_msgs/autoware_map_msgs/msg/detail/lanelet_map_meta_data__type_support.h
-- Up-to-date: /home/jmj/dream_ws/install/autoware_map_msgs/include/autoware_map_msgs/autoware_map_msgs/msg/detail/map_projector_info__functions.c
-- Up-to-date: /home/jmj/dream_ws/install/autoware_map_msgs/include/autoware_map_msgs/autoware_map_msgs/msg/detail/area_info__functions.h
-- Up-to-date: /home/jmj/dream_ws/install/autoware_map_msgs/include/autoware_map_msgs/autoware_map_msgs/msg/detail/point_cloud_map_cell_meta_data__functions.c
-- Up-to-date: /home/jmj/dream_ws/install/autoware_map_msgs/include/autoware_map_msgs/autoware_map_msgs/msg/detail/lanelet_map_bin__struct.h
-- Up-to-date: /home/jmj/dream_ws/install/autoware_map_msgs/include/autoware_map_msgs/autoware_map_msgs/msg/detail/lanelet_map_cell_meta_data__struct.h
-- Up-to-date: /home/jmj/dream_ws/install/autoware_map_msgs/include/autoware_map_msgs/autoware_map_msgs/msg/detail/area_info__type_support.h
-- Up-to-date: /home/jmj/dream_ws/install/autoware_map_msgs/include/autoware_map_msgs/autoware_map_msgs/msg/detail/point_cloud_map_cell_with_id__struct.h
-- Up-to-date: /home/jmj/dream_ws/install/autoware_map_msgs/include/autoware_map_msgs/autoware_map_msgs/msg/lanelet_map_cell_meta_data.h
-- Up-to-date: /home/jmj/dream_ws/install/autoware_map_msgs/include/autoware_map_msgs/autoware_map_msgs/msg/lanelet_map_bin.h
-- Up-to-date: /home/jmj/dream_ws/install/autoware_map_msgs/include/autoware_map_msgs/autoware_map_msgs/msg/point_cloud_map_cell_meta_data.h
-- Up-to-date: /home/jmj/dream_ws/install/autoware_map_msgs/include/autoware_map_msgs/autoware_map_msgs/msg/point_cloud_map_cell_meta_data_with_id.h
-- Up-to-date: /home/jmj/dream_ws/install/autoware_map_msgs/include/autoware_map_msgs/autoware_map_msgs/msg/lanelet_map_meta_data.h
-- Up-to-date: /home/jmj/dream_ws/install/autoware_map_msgs/include/autoware_map_msgs/autoware_map_msgs/msg/map_projector_info.h
-- Up-to-date: /home/jmj/dream_ws/install/autoware_map_msgs/include/autoware_map_msgs/autoware_map_msgs/msg/point_cloud_map_meta_data.h
-- Up-to-date: /home/jmj/dream_ws/install/autoware_map_msgs/share/autoware_map_msgs/environment/library_path.sh
-- Up-to-date: /home/jmj/dream_ws/install/autoware_map_msgs/share/autoware_map_msgs/environment/library_path.dsv
-- Up-to-date: /home/jmj/dream_ws/install/autoware_map_msgs/lib/libautoware_map_msgs__rosidl_generator_c.so
-- Up-to-date: /home/jmj/dream_ws/install/autoware_map_msgs/include/autoware_map_msgs/autoware_map_msgs
-- Up-to-date: /home/jmj/dream_ws/install/autoware_map_msgs/include/autoware_map_msgs/autoware_map_msgs/srv
-- Up-to-date: /home/jmj/dream_ws/install/autoware_map_msgs/include/autoware_map_msgs/autoware_map_msgs/srv/detail
-- Up-to-date: /home/jmj/dream_ws/install/autoware_map_msgs/include/autoware_map_msgs/autoware_map_msgs/srv/detail/get_partial_point_cloud_map__rosidl_typesupport_fastrtps_c.h
-- Up-to-date: /home/jmj/dream_ws/install/autoware_map_msgs/include/autoware_map_msgs/autoware_map_msgs/srv/detail/get_selected_point_cloud_map__rosidl_typesupport_fastrtps_c.h
-- Up-to-date: /home/jmj/dream_ws/install/autoware_map_msgs/include/autoware_map_msgs/autoware_map_msgs/srv/detail/get_selected_lanelet2_map__rosidl_typesupport_fastrtps_c.h
-- Up-to-date: /home/jmj/dream_ws/install/autoware_map_msgs/include/autoware_map_msgs/autoware_map_msgs/srv/detail/get_differential_point_cloud_map__rosidl_typesupport_fastrtps_c.h
-- Up-to-date: /home/jmj/dream_ws/install/autoware_map_msgs/include/autoware_map_msgs/autoware_map_msgs/msg
-- Up-to-date: /home/jmj/dream_ws/install/autoware_map_msgs/include/autoware_map_msgs/autoware_map_msgs/msg/detail
-- Up-to-date: /home/jmj/dream_ws/install/autoware_map_msgs/include/autoware_map_msgs/autoware_map_msgs/msg/detail/map_projector_info__rosidl_typesupport_fastrtps_c.h
-- Up-to-date: /home/jmj/dream_ws/install/autoware_map_msgs/include/autoware_map_msgs/autoware_map_msgs/msg/detail/lanelet_map_bin__rosidl_typesupport_fastrtps_c.h
-- Up-to-date: /home/jmj/dream_ws/install/autoware_map_msgs/include/autoware_map_msgs/autoware_map_msgs/msg/detail/lanelet_map_meta_data__rosidl_typesupport_fastrtps_c.h
-- Up-to-date: /home/jmj/dream_ws/install/autoware_map_msgs/include/autoware_map_msgs/autoware_map_msgs/msg/detail/point_cloud_map_cell_meta_data_with_id__rosidl_typesupport_fastrtps_c.h
-- Up-to-date: /home/jmj/dream_ws/install/autoware_map_msgs/include/autoware_map_msgs/autoware_map_msgs/msg/detail/point_cloud_map_meta_data__rosidl_typesupport_fastrtps_c.h
-- Up-to-date: /home/jmj/dream_ws/install/autoware_map_msgs/include/autoware_map_msgs/autoware_map_msgs/msg/detail/lanelet_map_cell_meta_data__rosidl_typesupport_fastrtps_c.h
-- Up-to-date: /home/jmj/dream_ws/install/autoware_map_msgs/include/autoware_map_msgs/autoware_map_msgs/msg/detail/area_info__rosidl_typesupport_fastrtps_c.h
-- Up-to-date: /home/jmj/dream_ws/install/autoware_map_msgs/include/autoware_map_msgs/autoware_map_msgs/msg/detail/point_cloud_map_cell_meta_data__rosidl_typesupport_fastrtps_c.h
-- Up-to-date: /home/jmj/dream_ws/install/autoware_map_msgs/include/autoware_map_msgs/autoware_map_msgs/msg/detail/point_cloud_map_cell_with_id__rosidl_typesupport_fastrtps_c.h
-- Up-to-date: /home/jmj/dream_ws/install/autoware_map_msgs/include/autoware_map_msgs/autoware_map_msgs/msg/rosidl_typesupport_fastrtps_c__visibility_control.h
-- Up-to-date: /home/jmj/dream_ws/install/autoware_map_msgs/lib/libautoware_map_msgs__rosidl_typesupport_fastrtps_c.so
-- Up-to-date: /home/jmj/dream_ws/install/autoware_map_msgs/include/autoware_map_msgs/autoware_map_msgs
-- Up-to-date: /home/jmj/dream_ws/install/autoware_map_msgs/include/autoware_map_msgs/autoware_map_msgs/srv
-- Up-to-date: /home/jmj/dream_ws/install/autoware_map_msgs/include/autoware_map_msgs/autoware_map_msgs/srv/detail
-- Up-to-date: /home/jmj/dream_ws/install/autoware_map_msgs/include/autoware_map_msgs/autoware_map_msgs/srv/detail/get_differential_point_cloud_map__type_support.hpp
-- Up-to-date: /home/jmj/dream_ws/install/autoware_map_msgs/include/autoware_map_msgs/autoware_map_msgs/srv/detail/get_selected_lanelet2_map__type_support.hpp
-- Up-to-date: /home/jmj/dream_ws/install/autoware_map_msgs/include/autoware_map_msgs/autoware_map_msgs/srv/detail/get_partial_point_cloud_map__type_support.hpp
-- Up-to-date: /home/jmj/dream_ws/install/autoware_map_msgs/include/autoware_map_msgs/autoware_map_msgs/srv/detail/get_selected_lanelet2_map__builder.hpp
-- Up-to-date: /home/jmj/dream_ws/install/autoware_map_msgs/include/autoware_map_msgs/autoware_map_msgs/srv/detail/get_selected_lanelet2_map__struct.hpp
-- Up-to-date: /home/jmj/dream_ws/install/autoware_map_msgs/include/autoware_map_msgs/autoware_map_msgs/srv/detail/get_partial_point_cloud_map__struct.hpp
-- Up-to-date: /home/jmj/dream_ws/install/autoware_map_msgs/include/autoware_map_msgs/autoware_map_msgs/srv/detail/get_selected_point_cloud_map__type_support.hpp
-- Up-to-date: /home/jmj/dream_ws/install/autoware_map_msgs/include/autoware_map_msgs/autoware_map_msgs/srv/detail/get_selected_point_cloud_map__builder.hpp
-- Up-to-date: /home/jmj/dream_ws/install/autoware_map_msgs/include/autoware_map_msgs/autoware_map_msgs/srv/detail/get_differential_point_cloud_map__struct.hpp
-- Up-to-date: /home/jmj/dream_ws/install/autoware_map_msgs/include/autoware_map_msgs/autoware_map_msgs/srv/detail/get_selected_point_cloud_map__struct.hpp
-- Up-to-date: /home/jmj/dream_ws/install/autoware_map_msgs/include/autoware_map_msgs/autoware_map_msgs/srv/detail/get_differential_point_cloud_map__traits.hpp
-- Up-to-date: /home/jmj/dream_ws/install/autoware_map_msgs/include/autoware_map_msgs/autoware_map_msgs/srv/detail/get_selected_lanelet2_map__traits.hpp
-- Up-to-date: /home/jmj/dream_ws/install/autoware_map_msgs/include/autoware_map_msgs/autoware_map_msgs/srv/detail/get_partial_point_cloud_map__builder.hpp
-- Up-to-date: /home/jmj/dream_ws/install/autoware_map_msgs/include/autoware_map_msgs/autoware_map_msgs/srv/detail/get_partial_point_cloud_map__traits.hpp
-- Up-to-date: /home/jmj/dream_ws/install/autoware_map_msgs/include/autoware_map_msgs/autoware_map_msgs/srv/detail/get_selected_point_cloud_map__traits.hpp
-- Up-to-date: /home/jmj/dream_ws/install/autoware_map_msgs/include/autoware_map_msgs/autoware_map_msgs/srv/detail/get_differential_point_cloud_map__builder.hpp
-- Up-to-date: /home/jmj/dream_ws/install/autoware_map_msgs/include/autoware_map_msgs/autoware_map_msgs/srv/get_selected_lanelet2_map.hpp
-- Up-to-date: /home/jmj/dream_ws/install/autoware_map_msgs/include/autoware_map_msgs/autoware_map_msgs/srv/get_selected_point_cloud_map.hpp
-- Up-to-date: /home/jmj/dream_ws/install/autoware_map_msgs/include/autoware_map_msgs/autoware_map_msgs/srv/get_differential_point_cloud_map.hpp
-- Up-to-date: /home/jmj/dream_ws/install/autoware_map_msgs/include/autoware_map_msgs/autoware_map_msgs/srv/get_partial_point_cloud_map.hpp
-- Up-to-date: /home/jmj/dream_ws/install/autoware_map_msgs/include/autoware_map_msgs/autoware_map_msgs/msg
-- Up-to-date: /home/jmj/dream_ws/install/autoware_map_msgs/include/autoware_map_msgs/autoware_map_msgs/msg/point_cloud_map_meta_data.hpp
-- Up-to-date: /home/jmj/dream_ws/install/autoware_map_msgs/include/autoware_map_msgs/autoware_map_msgs/msg/point_cloud_map_cell_with_id.hpp
-- Up-to-date: /home/jmj/dream_ws/install/autoware_map_msgs/include/autoware_map_msgs/autoware_map_msgs/msg/point_cloud_map_cell_meta_data_with_id.hpp
-- Up-to-date: /home/jmj/dream_ws/install/autoware_map_msgs/include/autoware_map_msgs/autoware_map_msgs/msg/lanelet_map_meta_data.hpp
-- Up-to-date: /home/jmj/dream_ws/install/autoware_map_msgs/include/autoware_map_msgs/autoware_map_msgs/msg/detail
-- Up-to-date: /home/jmj/dream_ws/install/autoware_map_msgs/include/autoware_map_msgs/autoware_map_msgs/msg/detail/lanelet_map_bin__builder.hpp
-- Up-to-date: /home/jmj/dream_ws/install/autoware_map_msgs/include/autoware_map_msgs/autoware_map_msgs/msg/detail/area_info__struct.hpp
-- Up-to-date: /home/jmj/dream_ws/install/autoware_map_msgs/include/autoware_map_msgs/autoware_map_msgs/msg/detail/lanelet_map_meta_data__traits.hpp
-- Up-to-date: /home/jmj/dream_ws/install/autoware_map_msgs/include/autoware_map_msgs/autoware_map_msgs/msg/detail/lanelet_map_meta_data__builder.hpp
-- Up-to-date: /home/jmj/dream_ws/install/autoware_map_msgs/include/autoware_map_msgs/autoware_map_msgs/msg/detail/map_projector_info__builder.hpp
-- Up-to-date: /home/jmj/dream_ws/install/autoware_map_msgs/include/autoware_map_msgs/autoware_map_msgs/msg/detail/point_cloud_map_cell_meta_data_with_id__traits.hpp
-- Up-to-date: /home/jmj/dream_ws/install/autoware_map_msgs/include/autoware_map_msgs/autoware_map_msgs/msg/detail/point_cloud_map_cell_with_id__traits.hpp
-- Up-to-date: /home/jmj/dream_ws/install/autoware_map_msgs/include/autoware_map_msgs/autoware_map_msgs/msg/detail/point_cloud_map_meta_data__struct.hpp
-- Up-to-date: /home/jmj/dream_ws/install/autoware_map_msgs/include/autoware_map_msgs/autoware_map_msgs/msg/detail/lanelet_map_meta_data__type_support.hpp
-- Up-to-date: /home/jmj/dream_ws/install/autoware_map_msgs/include/autoware_map_msgs/autoware_map_msgs/msg/detail/point_cloud_map_cell_with_id__struct.hpp
-- Up-to-date: /home/jmj/dream_ws/install/autoware_map_msgs/include/autoware_map_msgs/autoware_map_msgs/msg/detail/point_cloud_map_cell_meta_data__builder.hpp
-- Up-to-date: /home/jmj/dream_ws/install/autoware_map_msgs/include/autoware_map_msgs/autoware_map_msgs/msg/detail/lanelet_map_cell_meta_data__traits.hpp
-- Up-to-date: /home/jmj/dream_ws/install/autoware_map_msgs/include/autoware_map_msgs/autoware_map_msgs/msg/detail/lanelet_map_cell_meta_data__struct.hpp
-- Up-to-date: /home/jmj/dream_ws/install/autoware_map_msgs/include/autoware_map_msgs/autoware_map_msgs/msg/detail/lanelet_map_bin__type_support.hpp
-- Up-to-date: /home/jmj/dream_ws/install/autoware_map_msgs/include/autoware_map_msgs/autoware_map_msgs/msg/detail/map_projector_info__struct.hpp
-- Up-to-date: /home/jmj/dream_ws/install/autoware_map_msgs/include/autoware_map_msgs/autoware_map_msgs/msg/detail/point_cloud_map_meta_data__traits.hpp
-- Up-to-date: /home/jmj/dream_ws/install/autoware_map_msgs/include/autoware_map_msgs/autoware_map_msgs/msg/detail/point_cloud_map_cell_meta_data__traits.hpp
-- Up-to-date: /home/jmj/dream_ws/install/autoware_map_msgs/include/autoware_map_msgs/autoware_map_msgs/msg/detail/map_projector_info__type_support.hpp
-- Up-to-date: /home/jmj/dream_ws/install/autoware_map_msgs/include/autoware_map_msgs/autoware_map_msgs/msg/detail/area_info__builder.hpp
-- Up-to-date: /home/jmj/dream_ws/install/autoware_map_msgs/include/autoware_map_msgs/autoware_map_msgs/msg/detail/lanelet_map_cell_meta_data__type_support.hpp
-- Up-to-date: /home/jmj/dream_ws/install/autoware_map_msgs/include/autoware_map_msgs/autoware_map_msgs/msg/detail/lanelet_map_bin__struct.hpp
-- Up-to-date: /home/jmj/dream_ws/install/autoware_map_msgs/include/autoware_map_msgs/autoware_map_msgs/msg/detail/point_cloud_map_cell_meta_data_with_id__struct.hpp
-- Up-to-date: /home/jmj/dream_ws/install/autoware_map_msgs/include/autoware_map_msgs/autoware_map_msgs/msg/detail/point_cloud_map_meta_data__type_support.hpp
-- Up-to-date: /home/jmj/dream_ws/install/autoware_map_msgs/include/autoware_map_msgs/autoware_map_msgs/msg/detail/lanelet_map_bin__traits.hpp
-- Up-to-date: /home/jmj/dream_ws/install/autoware_map_msgs/include/autoware_map_msgs/autoware_map_msgs/msg/detail/area_info__type_support.hpp
-- Up-to-date: /home/jmj/dream_ws/install/autoware_map_msgs/include/autoware_map_msgs/autoware_map_msgs/msg/detail/point_cloud_map_cell_with_id__type_support.hpp
-- Up-to-date: /home/jmj/dream_ws/install/autoware_map_msgs/include/autoware_map_msgs/autoware_map_msgs/msg/detail/point_cloud_map_cell_meta_data__struct.hpp
-- Up-to-date: /home/jmj/dream_ws/install/autoware_map_msgs/include/autoware_map_msgs/autoware_map_msgs/msg/detail/lanelet_map_cell_meta_data__builder.hpp
-- Up-to-date: /home/jmj/dream_ws/install/autoware_map_msgs/include/autoware_map_msgs/autoware_map_msgs/msg/detail/lanelet_map_meta_data__struct.hpp
-- Up-to-date: /home/jmj/dream_ws/install/autoware_map_msgs/include/autoware_map_msgs/autoware_map_msgs/msg/detail/area_info__traits.hpp
-- Up-to-date: /home/jmj/dream_ws/install/autoware_map_msgs/include/autoware_map_msgs/autoware_map_msgs/msg/detail/point_cloud_map_cell_meta_data_with_id__type_support.hpp
-- Up-to-date: /home/jmj/dream_ws/install/autoware_map_msgs/include/autoware_map_msgs/autoware_map_msgs/msg/detail/point_cloud_map_cell_meta_data__type_support.hpp
-- Up-to-date: /home/jmj/dream_ws/install/autoware_map_msgs/include/autoware_map_msgs/autoware_map_msgs/msg/detail/point_cloud_map_cell_with_id__builder.hpp
-- Up-to-date: /home/jmj/dream_ws/install/autoware_map_msgs/include/autoware_map_msgs/autoware_map_msgs/msg/detail/point_cloud_map_meta_data__builder.hpp
-- Up-to-date: /home/jmj/dream_ws/install/autoware_map_msgs/include/autoware_map_msgs/autoware_map_msgs/msg/detail/point_cloud_map_cell_meta_data_with_id__builder.hpp
-- Up-to-date: /home/jmj/dream_ws/install/autoware_map_msgs/include/autoware_map_msgs/autoware_map_msgs/msg/detail/map_projector_info__traits.hpp
-- Up-to-date: /home/jmj/dream_ws/install/autoware_map_msgs/include/autoware_map_msgs/autoware_map_msgs/msg/point_cloud_map_cell_meta_data.hpp
-- Up-to-date: /home/jmj/dream_ws/install/autoware_map_msgs/include/autoware_map_msgs/autoware_map_msgs/msg/map_projector_info.hpp
-- Up-to-date: /home/jmj/dream_ws/install/autoware_map_msgs/include/autoware_map_msgs/autoware_map_msgs/msg/lanelet_map_cell_meta_data.hpp
-- Up-to-date: /home/jmj/dream_ws/install/autoware_map_msgs/include/autoware_map_msgs/autoware_map_msgs/msg/area_info.hpp
-- Up-to-date: /home/jmj/dream_ws/install/autoware_map_msgs/include/autoware_map_msgs/autoware_map_msgs/msg/rosidl_generator_cpp__visibility_control.hpp
-- Up-to-date: /home/jmj/dream_ws/install/autoware_map_msgs/include/autoware_map_msgs/autoware_map_msgs/msg/lanelet_map_bin.hpp
-- Up-to-date: /home/jmj/dream_ws/install/autoware_map_msgs/include/autoware_map_msgs/autoware_map_msgs
-- Up-to-date: /home/jmj/dream_ws/install/autoware_map_msgs/include/autoware_map_msgs/autoware_map_msgs/srv
-- Up-to-date: /home/jmj/dream_ws/install/autoware_map_msgs/include/autoware_map_msgs/autoware_map_msgs/srv/detail
-- Up-to-date: /home/jmj/dream_ws/install/autoware_map_msgs/include/autoware_map_msgs/autoware_map_msgs/srv/detail/dds_fastrtps
-- Up-to-date: /home/jmj/dream_ws/install/autoware_map_msgs/include/autoware_map_msgs/autoware_map_msgs/srv/detail/get_selected_point_cloud_map__rosidl_typesupport_fastrtps_cpp.hpp
-- Up-to-date: /home/jmj/dream_ws/install/autoware_map_msgs/include/autoware_map_msgs/autoware_map_msgs/srv/detail/get_differential_point_cloud_map__rosidl_typesupport_fastrtps_cpp.hpp
-- Up-to-date: /home/jmj/dream_ws/install/autoware_map_msgs/include/autoware_map_msgs/autoware_map_msgs/srv/detail/get_partial_point_cloud_map__rosidl_typesupport_fastrtps_cpp.hpp
-- Up-to-date: /home/jmj/dream_ws/install/autoware_map_msgs/include/autoware_map_msgs/autoware_map_msgs/srv/detail/get_selected_lanelet2_map__rosidl_typesupport_fastrtps_cpp.hpp
-- Up-to-date: /home/jmj/dream_ws/install/autoware_map_msgs/include/autoware_map_msgs/autoware_map_msgs/msg
-- Up-to-date: /home/jmj/dream_ws/install/autoware_map_msgs/include/autoware_map_msgs/autoware_map_msgs/msg/detail
-- Up-to-date: /home/jmj/dream_ws/install/autoware_map_msgs/include/autoware_map_msgs/autoware_map_msgs/msg/detail/dds_fastrtps
-- Up-to-date: /home/jmj/dream_ws/install/autoware_map_msgs/include/autoware_map_msgs/autoware_map_msgs/msg/detail/point_cloud_map_meta_data__rosidl_typesupport_fastrtps_cpp.hpp
-- Up-to-date: /home/jmj/dream_ws/install/autoware_map_msgs/include/autoware_map_msgs/autoware_map_msgs/msg/detail/point_cloud_map_cell_with_id__rosidl_typesupport_fastrtps_cpp.hpp
-- Up-to-date: /home/jmj/dream_ws/install/autoware_map_msgs/include/autoware_map_msgs/autoware_map_msgs/msg/detail/point_cloud_map_cell_meta_data_with_id__rosidl_typesupport_fastrtps_cpp.hpp
-- Up-to-date: /home/jmj/dream_ws/install/autoware_map_msgs/include/autoware_map_msgs/autoware_map_msgs/msg/detail/map_projector_info__rosidl_typesupport_fastrtps_cpp.hpp
-- Up-to-date: /home/jmj/dream_ws/install/autoware_map_msgs/include/autoware_map_msgs/autoware_map_msgs/msg/detail/lanelet_map_cell_meta_data__rosidl_typesupport_fastrtps_cpp.hpp
-- Up-to-date: /home/jmj/dream_ws/install/autoware_map_msgs/include/autoware_map_msgs/autoware_map_msgs/msg/detail/point_cloud_map_cell_meta_data__rosidl_typesupport_fastrtps_cpp.hpp
-- Up-to-date: /home/jmj/dream_ws/install/autoware_map_msgs/include/autoware_map_msgs/autoware_map_msgs/msg/detail/lanelet_map_meta_data__rosidl_typesupport_fastrtps_cpp.hpp
-- Up-to-date: /home/jmj/dream_ws/install/autoware_map_msgs/include/autoware_map_msgs/autoware_map_msgs/msg/detail/area_info__rosidl_typesupport_fastrtps_cpp.hpp
-- Up-to-date: /home/jmj/dream_ws/install/autoware_map_msgs/include/autoware_map_msgs/autoware_map_msgs/msg/detail/lanelet_map_bin__rosidl_typesupport_fastrtps_cpp.hpp
-- Up-to-date: /home/jmj/dream_ws/install/autoware_map_msgs/include/autoware_map_msgs/autoware_map_msgs/msg/rosidl_typesupport_fastrtps_cpp__visibility_control.h
-- Up-to-date: /home/jmj/dream_ws/install/autoware_map_msgs/lib/libautoware_map_msgs__rosidl_typesupport_fastrtps_cpp.so
-- Up-to-date: /home/jmj/dream_ws/install/autoware_map_msgs/include/autoware_map_msgs/autoware_map_msgs
-- Up-to-date: /home/jmj/dream_ws/install/autoware_map_msgs/include/autoware_map_msgs/autoware_map_msgs/srv
-- Up-to-date: /home/jmj/dream_ws/install/autoware_map_msgs/include/autoware_map_msgs/autoware_map_msgs/srv/detail
-- Up-to-date: /home/jmj/dream_ws/install/autoware_map_msgs/include/autoware_map_msgs/autoware_map_msgs/srv/detail/get_differential_point_cloud_map__rosidl_typesupport_introspection_c.h
-- Up-to-date: /home/jmj/dream_ws/install/autoware_map_msgs/include/autoware_map_msgs/autoware_map_msgs/srv/detail/get_partial_point_cloud_map__rosidl_typesupport_introspection_c.h
-- Up-to-date: /home/jmj/dream_ws/install/autoware_map_msgs/include/autoware_map_msgs/autoware_map_msgs/srv/detail/get_selected_point_cloud_map__type_support.c
-- Up-to-date: /home/jmj/dream_ws/install/autoware_map_msgs/include/autoware_map_msgs/autoware_map_msgs/srv/detail/get_differential_point_cloud_map__type_support.c
-- Up-to-date: /home/jmj/dream_ws/install/autoware_map_msgs/include/autoware_map_msgs/autoware_map_msgs/srv/detail/get_selected_lanelet2_map__rosidl_typesupport_introspection_c.h
-- Up-to-date: /home/jmj/dream_ws/install/autoware_map_msgs/include/autoware_map_msgs/autoware_map_msgs/srv/detail/get_selected_lanelet2_map__type_support.c
-- Up-to-date: /home/jmj/dream_ws/install/autoware_map_msgs/include/autoware_map_msgs/autoware_map_msgs/srv/detail/get_partial_point_cloud_map__type_support.c
-- Up-to-date: /home/jmj/dream_ws/install/autoware_map_msgs/include/autoware_map_msgs/autoware_map_msgs/srv/detail/get_selected_point_cloud_map__rosidl_typesupport_introspection_c.h
-- Up-to-date: /home/jmj/dream_ws/install/autoware_map_msgs/include/autoware_map_msgs/autoware_map_msgs/msg
-- Up-to-date: /home/jmj/dream_ws/install/autoware_map_msgs/include/autoware_map_msgs/autoware_map_msgs/msg/detail
-- Up-to-date: /home/jmj/dream_ws/install/autoware_map_msgs/include/autoware_map_msgs/autoware_map_msgs/msg/detail/point_cloud_map_cell_with_id__type_support.c
-- Up-to-date: /home/jmj/dream_ws/install/autoware_map_msgs/include/autoware_map_msgs/autoware_map_msgs/msg/detail/point_cloud_map_meta_data__type_support.c
-- Up-to-date: /home/jmj/dream_ws/install/autoware_map_msgs/include/autoware_map_msgs/autoware_map_msgs/msg/detail/lanelet_map_meta_data__type_support.c
-- Up-to-date: /home/jmj/dream_ws/install/autoware_map_msgs/include/autoware_map_msgs/autoware_map_msgs/msg/detail/point_cloud_map_cell_with_id__rosidl_typesupport_introspection_c.h
-- Up-to-date: /home/jmj/dream_ws/install/autoware_map_msgs/include/autoware_map_msgs/autoware_map_msgs/msg/detail/lanelet_map_bin__rosidl_typesupport_introspection_c.h
-- Up-to-date: /home/jmj/dream_ws/install/autoware_map_msgs/include/autoware_map_msgs/autoware_map_msgs/msg/detail/point_cloud_map_cell_meta_data__type_support.c
-- Up-to-date: /home/jmj/dream_ws/install/autoware_map_msgs/include/autoware_map_msgs/autoware_map_msgs/msg/detail/lanelet_map_bin__type_support.c
-- Up-to-date: /home/jmj/dream_ws/install/autoware_map_msgs/include/autoware_map_msgs/autoware_map_msgs/msg/detail/area_info__type_support.c
-- Up-to-date: /home/jmj/dream_ws/install/autoware_map_msgs/include/autoware_map_msgs/autoware_map_msgs/msg/detail/point_cloud_map_cell_meta_data__rosidl_typesupport_introspection_c.h
-- Up-to-date: /home/jmj/dream_ws/install/autoware_map_msgs/include/autoware_map_msgs/autoware_map_msgs/msg/detail/point_cloud_map_cell_meta_data_with_id__rosidl_typesupport_introspection_c.h
-- Up-to-date: /home/jmj/dream_ws/install/autoware_map_msgs/include/autoware_map_msgs/autoware_map_msgs/msg/detail/point_cloud_map_cell_meta_data_with_id__type_support.c
-- Up-to-date: /home/jmj/dream_ws/install/autoware_map_msgs/include/autoware_map_msgs/autoware_map_msgs/msg/detail/map_projector_info__rosidl_typesupport_introspection_c.h
-- Up-to-date: /home/jmj/dream_ws/install/autoware_map_msgs/include/autoware_map_msgs/autoware_map_msgs/msg/detail/lanelet_map_cell_meta_data__rosidl_typesupport_introspection_c.h
-- Up-to-date: /home/jmj/dream_ws/install/autoware_map_msgs/include/autoware_map_msgs/autoware_map_msgs/msg/detail/point_cloud_map_meta_data__rosidl_typesupport_introspection_c.h
-- Up-to-date: /home/jmj/dream_ws/install/autoware_map_msgs/include/autoware_map_msgs/autoware_map_msgs/msg/detail/area_info__rosidl_typesupport_introspection_c.h
-- Up-to-date: /home/jmj/dream_ws/install/autoware_map_msgs/include/autoware_map_msgs/autoware_map_msgs/msg/detail/map_projector_info__type_support.c
-- Up-to-date: /home/jmj/dream_ws/install/autoware_map_msgs/include/autoware_map_msgs/autoware_map_msgs/msg/detail/lanelet_map_meta_data__rosidl_typesupport_introspection_c.h
-- Up-to-date: /home/jmj/dream_ws/install/autoware_map_msgs/include/autoware_map_msgs/autoware_map_msgs/msg/detail/lanelet_map_cell_meta_data__type_support.c
-- Up-to-date: /home/jmj/dream_ws/install/autoware_map_msgs/include/autoware_map_msgs/autoware_map_msgs/msg/rosidl_typesupport_introspection_c__visibility_control.h
-- Up-to-date: /home/jmj/dream_ws/install/autoware_map_msgs/lib/libautoware_map_msgs__rosidl_typesupport_introspection_c.so
-- Up-to-date: /home/jmj/dream_ws/install/autoware_map_msgs/lib/libautoware_map_msgs__rosidl_typesupport_c.so
-- Up-to-date: /home/jmj/dream_ws/install/autoware_map_msgs/include/autoware_map_msgs/autoware_map_msgs
-- Up-to-date: /home/jmj/dream_ws/install/autoware_map_msgs/include/autoware_map_msgs/autoware_map_msgs/srv
-- Up-to-date: /home/jmj/dream_ws/install/autoware_map_msgs/include/autoware_map_msgs/autoware_map_msgs/srv/detail
-- Up-to-date: /home/jmj/dream_ws/install/autoware_map_msgs/include/autoware_map_msgs/autoware_map_msgs/srv/detail/get_differential_point_cloud_map__rosidl_typesupport_introspection_cpp.hpp
-- Up-to-date: /home/jmj/dream_ws/install/autoware_map_msgs/include/autoware_map_msgs/autoware_map_msgs/srv/detail/get_partial_point_cloud_map__rosidl_typesupport_introspection_cpp.hpp
-- Up-to-date: /home/jmj/dream_ws/install/autoware_map_msgs/include/autoware_map_msgs/autoware_map_msgs/srv/detail/get_differential_point_cloud_map__type_support.cpp
-- Up-to-date: /home/jmj/dream_ws/install/autoware_map_msgs/include/autoware_map_msgs/autoware_map_msgs/srv/detail/get_partial_point_cloud_map__type_support.cpp
-- Up-to-date: /home/jmj/dream_ws/install/autoware_map_msgs/include/autoware_map_msgs/autoware_map_msgs/srv/detail/get_selected_point_cloud_map__rosidl_typesupport_introspection_cpp.hpp
-- Up-to-date: /home/jmj/dream_ws/install/autoware_map_msgs/include/autoware_map_msgs/autoware_map_msgs/srv/detail/get_selected_lanelet2_map__rosidl_typesupport_introspection_cpp.hpp
-- Up-to-date: /home/jmj/dream_ws/install/autoware_map_msgs/include/autoware_map_msgs/autoware_map_msgs/srv/detail/get_selected_lanelet2_map__type_support.cpp
-- Up-to-date: /home/jmj/dream_ws/install/autoware_map_msgs/include/autoware_map_msgs/autoware_map_msgs/srv/detail/get_selected_point_cloud_map__type_support.cpp
-- Up-to-date: /home/jmj/dream_ws/install/autoware_map_msgs/include/autoware_map_msgs/autoware_map_msgs/msg
-- Up-to-date: /home/jmj/dream_ws/install/autoware_map_msgs/include/autoware_map_msgs/autoware_map_msgs/msg/detail
-- Up-to-date: /home/jmj/dream_ws/install/autoware_map_msgs/include/autoware_map_msgs/autoware_map_msgs/msg/detail/lanelet_map_meta_data__type_support.cpp
-- Up-to-date: /home/jmj/dream_ws/install/autoware_map_msgs/include/autoware_map_msgs/autoware_map_msgs/msg/detail/point_cloud_map_meta_data__type_support.cpp
-- Up-to-date: /home/jmj/dream_ws/install/autoware_map_msgs/include/autoware_map_msgs/autoware_map_msgs/msg/detail/map_projector_info__rosidl_typesupport_introspection_cpp.hpp
-- Up-to-date: /home/jmj/dream_ws/install/autoware_map_msgs/include/autoware_map_msgs/autoware_map_msgs/msg/detail/lanelet_map_bin__type_support.cpp
-- Up-to-date: /home/jmj/dream_ws/install/autoware_map_msgs/include/autoware_map_msgs/autoware_map_msgs/msg/detail/lanelet_map_cell_meta_data__rosidl_typesupport_introspection_cpp.hpp
-- Up-to-date: /home/jmj/dream_ws/install/autoware_map_msgs/include/autoware_map_msgs/autoware_map_msgs/msg/detail/point_cloud_map_meta_data__rosidl_typesupport_introspection_cpp.hpp
-- Up-to-date: /home/jmj/dream_ws/install/autoware_map_msgs/include/autoware_map_msgs/autoware_map_msgs/msg/detail/point_cloud_map_cell_with_id__rosidl_typesupport_introspection_cpp.hpp
-- Up-to-date: /home/jmj/dream_ws/install/autoware_map_msgs/include/autoware_map_msgs/autoware_map_msgs/msg/detail/point_cloud_map_cell_meta_data_with_id__rosidl_typesupport_introspection_cpp.hpp
-- Up-to-date: /home/jmj/dream_ws/install/autoware_map_msgs/include/autoware_map_msgs/autoware_map_msgs/msg/detail/point_cloud_map_cell_meta_data__type_support.cpp
-- Up-to-date: /home/jmj/dream_ws/install/autoware_map_msgs/include/autoware_map_msgs/autoware_map_msgs/msg/detail/point_cloud_map_cell_meta_data__rosidl_typesupport_introspection_cpp.hpp
-- Up-to-date: /home/jmj/dream_ws/install/autoware_map_msgs/include/autoware_map_msgs/autoware_map_msgs/msg/detail/point_cloud_map_cell_with_id__type_support.cpp
-- Up-to-date: /home/jmj/dream_ws/install/autoware_map_msgs/include/autoware_map_msgs/autoware_map_msgs/msg/detail/lanelet_map_bin__rosidl_typesupport_introspection_cpp.hpp
-- Up-to-date: /home/jmj/dream_ws/install/autoware_map_msgs/include/autoware_map_msgs/autoware_map_msgs/msg/detail/lanelet_map_cell_meta_data__type_support.cpp
-- Up-to-date: /home/jmj/dream_ws/install/autoware_map_msgs/include/autoware_map_msgs/autoware_map_msgs/msg/detail/map_projector_info__type_support.cpp
-- Up-to-date: /home/jmj/dream_ws/install/autoware_map_msgs/include/autoware_map_msgs/autoware_map_msgs/msg/detail/area_info__type_support.cpp
-- Up-to-date: /home/jmj/dream_ws/install/autoware_map_msgs/include/autoware_map_msgs/autoware_map_msgs/msg/detail/lanelet_map_meta_data__rosidl_typesupport_introspection_cpp.hpp
-- Up-to-date: /home/jmj/dream_ws/install/autoware_map_msgs/include/autoware_map_msgs/autoware_map_msgs/msg/detail/point_cloud_map_cell_meta_data_with_id__type_support.cpp
-- Up-to-date: /home/jmj/dream_ws/install/autoware_map_msgs/include/autoware_map_msgs/autoware_map_msgs/msg/detail/area_info__rosidl_typesupport_introspection_cpp.hpp
-- Up-to-date: /home/jmj/dream_ws/install/autoware_map_msgs/lib/libautoware_map_msgs__rosidl_typesupport_introspection_cpp.so
-- Up-to-date: /home/jmj/dream_ws/install/autoware_map_msgs/lib/libautoware_map_msgs__rosidl_typesupport_cpp.so
-- Up-to-date: /home/jmj/dream_ws/install/autoware_map_msgs/share/autoware_map_msgs/environment/pythonpath.sh
-- Up-to-date: /home/jmj/dream_ws/install/autoware_map_msgs/share/autoware_map_msgs/environment/pythonpath.dsv
-- Up-to-date: /home/jmj/dream_ws/install/autoware_map_msgs/local/lib/python3.10/dist-packages/autoware_map_msgs-1.8.0-py3.10.egg-info
-- Installing: /home/jmj/dream_ws/install/autoware_map_msgs/local/lib/python3.10/dist-packages/autoware_map_msgs-1.8.0-py3.10.egg-info/dependency_links.txt
-- Installing: /home/jmj/dream_ws/install/autoware_map_msgs/local/lib/python3.10/dist-packages/autoware_map_msgs-1.8.0-py3.10.egg-info/top_level.txt
-- Installing: /home/jmj/dream_ws/install/autoware_map_msgs/local/lib/python3.10/dist-packages/autoware_map_msgs-1.8.0-py3.10.egg-info/PKG-INFO
-- Installing: /home/jmj/dream_ws/install/autoware_map_msgs/local/lib/python3.10/dist-packages/autoware_map_msgs-1.8.0-py3.10.egg-info/SOURCES.txt
-- Up-to-date: /home/jmj/dream_ws/install/autoware_map_msgs/local/lib/python3.10/dist-packages/autoware_map_msgs
-- Up-to-date: /home/jmj/dream_ws/install/autoware_map_msgs/local/lib/python3.10/dist-packages/autoware_map_msgs/_autoware_map_msgs_s.ep.rosidl_typesupport_introspection_c.c
-- Up-to-date: /home/jmj/dream_ws/install/autoware_map_msgs/local/lib/python3.10/dist-packages/autoware_map_msgs/libautoware_map_msgs__rosidl_generator_py.so
-- Up-to-date: /home/jmj/dream_ws/install/autoware_map_msgs/local/lib/python3.10/dist-packages/autoware_map_msgs/__init__.py
-- Up-to-date: /home/jmj/dream_ws/install/autoware_map_msgs/local/lib/python3.10/dist-packages/autoware_map_msgs/autoware_map_msgs_s__rosidl_typesupport_fastrtps_c.cpython-310-x86_64-linux-gnu.so
-- Up-to-date: /home/jmj/dream_ws/install/autoware_map_msgs/local/lib/python3.10/dist-packages/autoware_map_msgs/autoware_map_msgs_s__rosidl_typesupport_introspection_c.cpython-310-x86_64-linux-gnu.so
-- Up-to-date: /home/jmj/dream_ws/install/autoware_map_msgs/local/lib/python3.10/dist-packages/autoware_map_msgs/srv
-- Up-to-date: /home/jmj/dream_ws/install/autoware_map_msgs/local/lib/python3.10/dist-packages/autoware_map_msgs/srv/_get_selected_point_cloud_map_s.c
-- Up-to-date: /home/jmj/dream_ws/install/autoware_map_msgs/local/lib/python3.10/dist-packages/autoware_map_msgs/srv/__init__.py
-- Up-to-date: /home/jmj/dream_ws/install/autoware_map_msgs/local/lib/python3.10/dist-packages/autoware_map_msgs/srv/_get_selected_lanelet2_map.py
-- Up-to-date: /home/jmj/dream_ws/install/autoware_map_msgs/local/lib/python3.10/dist-packages/autoware_map_msgs/srv/_get_selected_point_cloud_map.py
-- Up-to-date: /home/jmj/dream_ws/install/autoware_map_msgs/local/lib/python3.10/dist-packages/autoware_map_msgs/srv/_get_partial_point_cloud_map.py
-- Up-to-date: /home/jmj/dream_ws/install/autoware_map_msgs/local/lib/python3.10/dist-packages/autoware_map_msgs/srv/_get_differential_point_cloud_map_s.c
-- Up-to-date: /home/jmj/dream_ws/install/autoware_map_msgs/local/lib/python3.10/dist-packages/autoware_map_msgs/srv/_get_partial_point_cloud_map_s.c
-- Up-to-date: /home/jmj/dream_ws/install/autoware_map_msgs/local/lib/python3.10/dist-packages/autoware_map_msgs/srv/_get_differential_point_cloud_map.py
-- Up-to-date: /home/jmj/dream_ws/install/autoware_map_msgs/local/lib/python3.10/dist-packages/autoware_map_msgs/srv/_get_selected_lanelet2_map_s.c
-- Up-to-date: /home/jmj/dream_ws/install/autoware_map_msgs/local/lib/python3.10/dist-packages/autoware_map_msgs/autoware_map_msgs_s__rosidl_typesupport_c.cpython-310-x86_64-linux-gnu.so
-- Up-to-date: /home/jmj/dream_ws/install/autoware_map_msgs/local/lib/python3.10/dist-packages/autoware_map_msgs/_autoware_map_msgs_s.ep.rosidl_typesupport_fastrtps_c.c
-- Up-to-date: /home/jmj/dream_ws/install/autoware_map_msgs/local/lib/python3.10/dist-packages/autoware_map_msgs/_autoware_map_msgs_s.ep.rosidl_typesupport_c.c
-- Up-to-date: /home/jmj/dream_ws/install/autoware_map_msgs/local/lib/python3.10/dist-packages/autoware_map_msgs/msg
-- Up-to-date: /home/jmj/dream_ws/install/autoware_map_msgs/local/lib/python3.10/dist-packages/autoware_map_msgs/msg/_lanelet_map_meta_data.py
-- Up-to-date: /home/jmj/dream_ws/install/autoware_map_msgs/local/lib/python3.10/dist-packages/autoware_map_msgs/msg/_point_cloud_map_cell_with_id_s.c
-- Up-to-date: /home/jmj/dream_ws/install/autoware_map_msgs/local/lib/python3.10/dist-packages/autoware_map_msgs/msg/_point_cloud_map_cell_meta_data.py
-- Up-to-date: /home/jmj/dream_ws/install/autoware_map_msgs/local/lib/python3.10/dist-packages/autoware_map_msgs/msg/__init__.py
-- Up-to-date: /home/jmj/dream_ws/install/autoware_map_msgs/local/lib/python3.10/dist-packages/autoware_map_msgs/msg/_point_cloud_map_meta_data_s.c
-- Up-to-date: /home/jmj/dream_ws/install/autoware_map_msgs/local/lib/python3.10/dist-packages/autoware_map_msgs/msg/_point_cloud_map_cell_meta_data_with_id.py
-- Up-to-date: /home/jmj/dream_ws/install/autoware_map_msgs/local/lib/python3.10/dist-packages/autoware_map_msgs/msg/_lanelet_map_bin_s.c
-- Up-to-date: /home/jmj/dream_ws/install/autoware_map_msgs/local/lib/python3.10/dist-packages/autoware_map_msgs/msg/_lanelet_map_cell_meta_data_s.c
-- Up-to-date: /home/jmj/dream_ws/install/autoware_map_msgs/local/lib/python3.10/dist-packages/autoware_map_msgs/msg/_map_projector_info.py
-- Up-to-date: /home/jmj/dream_ws/install/autoware_map_msgs/local/lib/python3.10/dist-packages/autoware_map_msgs/msg/_point_cloud_map_meta_data.py
-- Up-to-date: /home/jmj/dream_ws/install/autoware_map_msgs/local/lib/python3.10/dist-packages/autoware_map_msgs/msg/_area_info.py
-- Up-to-date: /home/jmj/dream_ws/install/autoware_map_msgs/local/lib/python3.10/dist-packages/autoware_map_msgs/msg/_lanelet_map_bin.py
-- Up-to-date: /home/jmj/dream_ws/install/autoware_map_msgs/local/lib/python3.10/dist-packages/autoware_map_msgs/msg/_point_cloud_map_cell_meta_data_with_id_s.c
-- Up-to-date: /home/jmj/dream_ws/install/autoware_map_msgs/local/lib/python3.10/dist-packages/autoware_map_msgs/msg/_point_cloud_map_cell_meta_data_s.c
-- Up-to-date: /home/jmj/dream_ws/install/autoware_map_msgs/local/lib/python3.10/dist-packages/autoware_map_msgs/msg/_point_cloud_map_cell_with_id.py
-- Up-to-date: /home/jmj/dream_ws/install/autoware_map_msgs/local/lib/python3.10/dist-packages/autoware_map_msgs/msg/_map_projector_info_s.c
-- Up-to-date: /home/jmj/dream_ws/install/autoware_map_msgs/local/lib/python3.10/dist-packages/autoware_map_msgs/msg/_lanelet_map_cell_meta_data.py
-- Up-to-date: /home/jmj/dream_ws/install/autoware_map_msgs/local/lib/python3.10/dist-packages/autoware_map_msgs/msg/_lanelet_map_meta_data_s.c
-- Up-to-date: /home/jmj/dream_ws/install/autoware_map_msgs/local/lib/python3.10/dist-packages/autoware_map_msgs/msg/_area_info_s.c
Listing '/home/jmj/dream_ws/install/autoware_map_msgs/local/lib/python3.10/dist-packages/autoware_map_msgs'...
Listing '/home/jmj/dream_ws/install/autoware_map_msgs/local/lib/python3.10/dist-packages/autoware_map_msgs/msg'...
Listing '/home/jmj/dream_ws/install/autoware_map_msgs/local/lib/python3.10/dist-packages/autoware_map_msgs/srv'...
-- Up-to-date: /home/jmj/dream_ws/install/autoware_map_msgs/local/lib/python3.10/dist-packages/autoware_map_msgs/autoware_map_msgs_s__rosidl_typesupport_fastrtps_c.cpython-310-x86_64-linux-gnu.so
-- Up-to-date: /home/jmj/dream_ws/install/autoware_map_msgs/local/lib/python3.10/dist-packages/autoware_map_msgs/autoware_map_msgs_s__rosidl_typesupport_introspection_c.cpython-310-x86_64-linux-gnu.so
-- Up-to-date: /home/jmj/dream_ws/install/autoware_map_msgs/local/lib/python3.10/dist-packages/autoware_map_msgs/autoware_map_msgs_s__rosidl_typesupport_c.cpython-310-x86_64-linux-gnu.so
-- Up-to-date: /home/jmj/dream_ws/install/autoware_map_msgs/lib/libautoware_map_msgs__rosidl_generator_py.so
-- Up-to-date: /home/jmj/dream_ws/install/autoware_map_msgs/share/autoware_map_msgs/msg/AreaInfo.idl
-- Up-to-date: /home/jmj/dream_ws/install/autoware_map_msgs/share/autoware_map_msgs/msg/LaneletMapBin.idl
-- Up-to-date: /home/jmj/dream_ws/install/autoware_map_msgs/share/autoware_map_msgs/msg/LaneletMapMetaData.idl
-- Up-to-date: /home/jmj/dream_ws/install/autoware_map_msgs/share/autoware_map_msgs/msg/LaneletMapCellMetaData.idl
-- Up-to-date: /home/jmj/dream_ws/install/autoware_map_msgs/share/autoware_map_msgs/msg/MapProjectorInfo.idl
-- Up-to-date: /home/jmj/dream_ws/install/autoware_map_msgs/share/autoware_map_msgs/msg/PointCloudMapCellWithID.idl
-- Up-to-date: /home/jmj/dream_ws/install/autoware_map_msgs/share/autoware_map_msgs/msg/PointCloudMapCellMetaData.idl
-- Up-to-date: /home/jmj/dream_ws/install/autoware_map_msgs/share/autoware_map_msgs/msg/PointCloudMapCellMetaDataWithID.idl
-- Up-to-date: /home/jmj/dream_ws/install/autoware_map_msgs/share/autoware_map_msgs/msg/PointCloudMapMetaData.idl
-- Up-to-date: /home/jmj/dream_ws/install/autoware_map_msgs/share/autoware_map_msgs/srv/GetPartialPointCloudMap.idl
-- Up-to-date: /home/jmj/dream_ws/install/autoware_map_msgs/share/autoware_map_msgs/srv/GetDifferentialPointCloudMap.idl
-- Up-to-date: /home/jmj/dream_ws/install/autoware_map_msgs/share/autoware_map_msgs/srv/GetSelectedPointCloudMap.idl
-- Up-to-date: /home/jmj/dream_ws/install/autoware_map_msgs/share/autoware_map_msgs/srv/GetSelectedLanelet2Map.idl
-- Up-to-date: /home/jmj/dream_ws/install/autoware_map_msgs/share/autoware_map_msgs/msg/AreaInfo.msg
-- Up-to-date: /home/jmj/dream_ws/install/autoware_map_msgs/share/autoware_map_msgs/msg/LaneletMapBin.msg
-- Up-to-date: /home/jmj/dream_ws/install/autoware_map_msgs/share/autoware_map_msgs/msg/LaneletMapMetaData.msg
-- Up-to-date: /home/jmj/dream_ws/install/autoware_map_msgs/share/autoware_map_msgs/msg/LaneletMapCellMetaData.msg
-- Up-to-date: /home/jmj/dream_ws/install/autoware_map_msgs/share/autoware_map_msgs/msg/MapProjectorInfo.msg
-- Up-to-date: /home/jmj/dream_ws/install/autoware_map_msgs/share/autoware_map_msgs/msg/PointCloudMapCellWithID.msg
-- Up-to-date: /home/jmj/dream_ws/install/autoware_map_msgs/share/autoware_map_msgs/msg/PointCloudMapCellMetaData.msg
-- Up-to-date: /home/jmj/dream_ws/install/autoware_map_msgs/share/autoware_map_msgs/msg/PointCloudMapCellMetaDataWithID.msg
-- Up-to-date: /home/jmj/dream_ws/install/autoware_map_msgs/share/autoware_map_msgs/msg/PointCloudMapMetaData.msg
-- Up-to-date: /home/jmj/dream_ws/install/autoware_map_msgs/share/autoware_map_msgs/srv/GetPartialPointCloudMap.srv
-- Up-to-date: /home/jmj/dream_ws/install/autoware_map_msgs/share/autoware_map_msgs/srv/GetPartialPointCloudMap_Request.msg
-- Up-to-date: /home/jmj/dream_ws/install/autoware_map_msgs/share/autoware_map_msgs/srv/GetPartialPointCloudMap_Response.msg
-- Up-to-date: /home/jmj/dream_ws/install/autoware_map_msgs/share/autoware_map_msgs/srv/GetDifferentialPointCloudMap.srv
-- Up-to-date: /home/jmj/dream_ws/install/autoware_map_msgs/share/autoware_map_msgs/srv/GetDifferentialPointCloudMap_Request.msg
-- Up-to-date: /home/jmj/dream_ws/install/autoware_map_msgs/share/autoware_map_msgs/srv/GetDifferentialPointCloudMap_Response.msg
-- Up-to-date: /home/jmj/dream_ws/install/autoware_map_msgs/share/autoware_map_msgs/srv/GetSelectedPointCloudMap.srv
-- Up-to-date: /home/jmj/dream_ws/install/autoware_map_msgs/share/autoware_map_msgs/srv/GetSelectedPointCloudMap_Request.msg
-- Up-to-date: /home/jmj/dream_ws/install/autoware_map_msgs/share/autoware_map_msgs/srv/GetSelectedPointCloudMap_Response.msg
-- Up-to-date: /home/jmj/dream_ws/install/autoware_map_msgs/share/autoware_map_msgs/srv/GetSelectedLanelet2Map.srv
-- Up-to-date: /home/jmj/dream_ws/install/autoware_map_msgs/share/autoware_map_msgs/srv/GetSelectedLanelet2Map_Request.msg
-- Up-to-date: /home/jmj/dream_ws/install/autoware_map_msgs/share/autoware_map_msgs/srv/GetSelectedLanelet2Map_Response.msg
-- Up-to-date: /home/jmj/dream_ws/install/autoware_map_msgs/share/ament_index/resource_index/package_run_dependencies/autoware_map_msgs
-- Up-to-date: /home/jmj/dream_ws/install/autoware_map_msgs/share/ament_index/resource_index/parent_prefix_path/autoware_map_msgs
-- Up-to-date: /home/jmj/dream_ws/install/autoware_map_msgs/share/autoware_map_msgs/environment/ament_prefix_path.sh
-- Up-to-date: /home/jmj/dream_ws/install/autoware_map_msgs/share/autoware_map_msgs/environment/ament_prefix_path.dsv
-- Up-to-date: /home/jmj/dream_ws/install/autoware_map_msgs/share/autoware_map_msgs/environment/path.sh
-- Up-to-date: /home/jmj/dream_ws/install/autoware_map_msgs/share/autoware_map_msgs/environment/path.dsv
-- Up-to-date: /home/jmj/dream_ws/install/autoware_map_msgs/share/autoware_map_msgs/local_setup.bash
-- Up-to-date: /home/jmj/dream_ws/install/autoware_map_msgs/share/autoware_map_msgs/local_setup.sh
-- Up-to-date: /home/jmj/dream_ws/install/autoware_map_msgs/share/autoware_map_msgs/local_setup.zsh
-- Up-to-date: /home/jmj/dream_ws/install/autoware_map_msgs/share/autoware_map_msgs/local_setup.dsv
-- Installing: /home/jmj/dream_ws/install/autoware_map_msgs/share/autoware_map_msgs/package.dsv
-- Up-to-date: /home/jmj/dream_ws/install/autoware_map_msgs/share/ament_index/resource_index/packages/autoware_map_msgs
-- Up-to-date: /home/jmj/dream_ws/install/autoware_map_msgs/share/autoware_map_msgs/cmake/export_autoware_map_msgs__rosidl_generator_cExport.cmake
-- Up-to-date: /home/jmj/dream_ws/install/autoware_map_msgs/share/autoware_map_msgs/cmake/export_autoware_map_msgs__rosidl_generator_cExport-noconfig.cmake
-- Up-to-date: /home/jmj/dream_ws/install/autoware_map_msgs/share/autoware_map_msgs/cmake/export_autoware_map_msgs__rosidl_typesupport_fastrtps_cExport.cmake
-- Up-to-date: /home/jmj/dream_ws/install/autoware_map_msgs/share/autoware_map_msgs/cmake/export_autoware_map_msgs__rosidl_typesupport_fastrtps_cExport-noconfig.cmake
-- Up-to-date: /home/jmj/dream_ws/install/autoware_map_msgs/share/autoware_map_msgs/cmake/export_autoware_map_msgs__rosidl_generator_cppExport.cmake
-- Up-to-date: /home/jmj/dream_ws/install/autoware_map_msgs/share/autoware_map_msgs/cmake/export_autoware_map_msgs__rosidl_typesupport_fastrtps_cppExport.cmake
-- Up-to-date: /home/jmj/dream_ws/install/autoware_map_msgs/share/autoware_map_msgs/cmake/export_autoware_map_msgs__rosidl_typesupport_fastrtps_cppExport-noconfig.cmake
-- Up-to-date: /home/jmj/dream_ws/install/autoware_map_msgs/share/autoware_map_msgs/cmake/autoware_map_msgs__rosidl_typesupport_introspection_cExport.cmake
-- Up-to-date: /home/jmj/dream_ws/install/autoware_map_msgs/share/autoware_map_msgs/cmake/autoware_map_msgs__rosidl_typesupport_introspection_cExport-noconfig.cmake
-- Up-to-date: /home/jmj/dream_ws/install/autoware_map_msgs/share/autoware_map_msgs/cmake/autoware_map_msgs__rosidl_typesupport_cExport.cmake
-- Up-to-date: /home/jmj/dream_ws/install/autoware_map_msgs/share/autoware_map_msgs/cmake/autoware_map_msgs__rosidl_typesupport_cExport-noconfig.cmake
-- Up-to-date: /home/jmj/dream_ws/install/autoware_map_msgs/share/autoware_map_msgs/cmake/autoware_map_msgs__rosidl_typesupport_introspection_cppExport.cmake
-- Up-to-date: /home/jmj/dream_ws/install/autoware_map_msgs/share/autoware_map_msgs/cmake/autoware_map_msgs__rosidl_typesupport_introspection_cppExport-noconfig.cmake
-- Up-to-date: /home/jmj/dream_ws/install/autoware_map_msgs/share/autoware_map_msgs/cmake/autoware_map_msgs__rosidl_typesupport_cppExport.cmake
-- Up-to-date: /home/jmj/dream_ws/install/autoware_map_msgs/share/autoware_map_msgs/cmake/autoware_map_msgs__rosidl_typesupport_cppExport-noconfig.cmake
-- Up-to-date: /home/jmj/dream_ws/install/autoware_map_msgs/share/autoware_map_msgs/cmake/export_autoware_map_msgs__rosidl_generator_pyExport.cmake
-- Up-to-date: /home/jmj/dream_ws/install/autoware_map_msgs/share/autoware_map_msgs/cmake/export_autoware_map_msgs__rosidl_generator_pyExport-noconfig.cmake
-- Up-to-date: /home/jmj/dream_ws/install/autoware_map_msgs/share/autoware_map_msgs/cmake/rosidl_cmake-extras.cmake
-- Up-to-date: /home/jmj/dream_ws/install/autoware_map_msgs/share/autoware_map_msgs/cmake/ament_cmake_export_dependencies-extras.cmake
-- Up-to-date: /home/jmj/dream_ws/install/autoware_map_msgs/share/autoware_map_msgs/cmake/ament_cmake_export_include_directories-extras.cmake
-- Up-to-date: /home/jmj/dream_ws/install/autoware_map_msgs/share/autoware_map_msgs/cmake/ament_cmake_export_libraries-extras.cmake
-- Up-to-date: /home/jmj/dream_ws/install/autoware_map_msgs/share/autoware_map_msgs/cmake/ament_cmake_export_targets-extras.cmake
-- Up-to-date: /home/jmj/dream_ws/install/autoware_map_msgs/share/autoware_map_msgs/cmake/rosidl_cmake_export_typesupport_targets-extras.cmake
-- Up-to-date: /home/jmj/dream_ws/install/autoware_map_msgs/share/autoware_map_msgs/cmake/rosidl_cmake_export_typesupport_libraries-extras.cmake
-- Up-to-date: /home/jmj/dream_ws/install/autoware_map_msgs/share/autoware_map_msgs/cmake/autoware_map_msgsConfig.cmake
-- Up-to-date: /home/jmj/dream_ws/install/autoware_map_msgs/share/autoware_map_msgs/cmake/autoware_map_msgsConfig-version.cmake
-- Up-to-date: /home/jmj/dream_ws/install/autoware_map_msgs/share/autoware_map_msgs/package.xml
