[0.020s] Invoking command in '/home/jmj/dream_ws/build/autoware_perception_msgs': CMAKE_PREFIX_PATH=${CMAKE_PREFIX_PATH}:/home/jmj/dream_ws/install/dream:/opt/ros/humble /usr/bin/cmake --build /home/jmj/dream_ws/build/autoware_perception_msgs -- -j20 -l20
[0.090s] [ 12%] Built target autoware_perception_msgs__rosidl_generator_c
[0.090s] [ 12%] Built target autoware_perception_msgs__cpp
[0.106s] [ 12%] Built target ament_cmake_python_copy_autoware_perception_msgs
[0.144s] [ 24%] Built target autoware_perception_msgs__rosidl_typesupport_fastrtps_c
[0.149s] [ 36%] Built target autoware_perception_msgs__rosidl_typesupport_introspection_c
[0.149s] [ 48%] Built target autoware_perception_msgs__rosidl_typesupport_cpp
[0.150s] [ 60%] Built target autoware_perception_msgs__rosidl_typesupport_c
[0.161s] [ 72%] Built target autoware_perception_msgs__rosidl_typesupport_introspection_cpp
[0.163s] [ 84%] Built target autoware_perception_msgs__rosidl_typesupport_fastrtps_cpp
[0.181s] [ 84%] Built target autoware_perception_msgs
[0.205s] [ 85%] Built target autoware_perception_msgs__py
[0.237s] [ 96%] Built target autoware_perception_msgs__rosidl_generator_py
[0.258s] [ 97%] Built target autoware_perception_msgs__rosidl_typesupport_fastrtps_c__pyext
[0.259s] [ 99%] Built target autoware_perception_msgs__rosidl_typesupport_introspection_c__pyext
[0.259s] [100%] Built target autoware_perception_msgs__rosidl_typesupport_c__pyext
[0.334s] running egg_info
[0.334s] writing autoware_perception_msgs.egg-info/PKG-INFO
[0.334s] writing dependency_links to autoware_perception_msgs.egg-info/dependency_links.txt
[0.334s] writing top-level names to autoware_perception_msgs.egg-info/top_level.txt
[0.337s] reading manifest file 'autoware_perception_msgs.egg-info/SOURCES.txt'
[0.337s] writing manifest file 'autoware_perception_msgs.egg-info/SOURCES.txt'
[0.359s] [100%] Built target ament_cmake_python_build_autoware_perception_msgs_egg
[0.376s] Invoked command in '/home/jmj/dream_ws/build/autoware_perception_msgs' returned '0': CMAKE_PREFIX_PATH=${CMAKE_PREFIX_PATH}:/home/jmj/dream_ws/install/dream:/opt/ros/humble /usr/bin/cmake --build /home/jmj/dream_ws/build/autoware_perception_msgs -- -j20 -l20
[0.377s] Invoking command in '/home/jmj/dream_ws/build/autoware_perception_msgs': CMAKE_PREFIX_PATH=${CMAKE_PREFIX_PATH}:/home/jmj/dream_ws/install/dream:/opt/ros/humble /usr/bin/cmake --install /home/jmj/dream_ws/build/autoware_perception_msgs
[0.390s] -- Install configuration: ""
[0.390s] -- Up-to-date: /home/jmj/dream_ws/install/autoware_perception_msgs/share/ament_index/resource_index/rosidl_interfaces/autoware_perception_msgs
[0.390s] -- Up-to-date: /home/jmj/dream_ws/install/autoware_perception_msgs/include/autoware_perception_msgs/autoware_perception_msgs
[0.391s] -- Up-to-date: /home/jmj/dream_ws/install/autoware_perception_msgs/include/autoware_perception_msgs/autoware_perception_msgs/msg
[0.391s] -- Up-to-date: /home/jmj/dream_ws/install/autoware_perception_msgs/include/autoware_perception_msgs/autoware_perception_msgs/msg/predicted_object_kinematics.h
[0.391s] -- Up-to-date: /home/jmj/dream_ws/install/autoware_perception_msgs/include/autoware_perception_msgs/autoware_perception_msgs/msg/predicted_traffic_light_state.h
[0.391s] -- Up-to-date: /home/jmj/dream_ws/install/autoware_perception_msgs/include/autoware_perception_msgs/autoware_perception_msgs/msg/rosidl_generator_c__visibility_control.h
[0.391s] -- Up-to-date: /home/jmj/dream_ws/install/autoware_perception_msgs/include/autoware_perception_msgs/autoware_perception_msgs/msg/detected_object.h
[0.391s] -- Up-to-date: /home/jmj/dream_ws/install/autoware_perception_msgs/include/autoware_perception_msgs/autoware_perception_msgs/msg/object_classification.h
[0.391s] -- Up-to-date: /home/jmj/dream_ws/install/autoware_perception_msgs/include/autoware_perception_msgs/autoware_perception_msgs/msg/traffic_signal.h
[0.391s] -- Up-to-date: /home/jmj/dream_ws/install/autoware_perception_msgs/include/autoware_perception_msgs/autoware_perception_msgs/msg/traffic_light_group.h
[0.391s] -- Up-to-date: /home/jmj/dream_ws/install/autoware_perception_msgs/include/autoware_perception_msgs/autoware_perception_msgs/msg/detail
[0.391s] -- Up-to-date: /home/jmj/dream_ws/install/autoware_perception_msgs/include/autoware_perception_msgs/autoware_perception_msgs/msg/detail/object_classification__struct.h
[0.391s] -- Up-to-date: /home/jmj/dream_ws/install/autoware_perception_msgs/include/autoware_perception_msgs/autoware_perception_msgs/msg/detail/traffic_signal_element__struct.h
[0.391s] -- Up-to-date: /home/jmj/dream_ws/install/autoware_perception_msgs/include/autoware_perception_msgs/autoware_perception_msgs/msg/detail/traffic_light_group__functions.h
[0.391s] -- Up-to-date: /home/jmj/dream_ws/install/autoware_perception_msgs/include/autoware_perception_msgs/autoware_perception_msgs/msg/detail/tracked_object_kinematics__functions.h
[0.391s] -- Up-to-date: /home/jmj/dream_ws/install/autoware_perception_msgs/include/autoware_perception_msgs/autoware_perception_msgs/msg/detail/shape__functions.c
[0.391s] -- Up-to-date: /home/jmj/dream_ws/install/autoware_perception_msgs/include/autoware_perception_msgs/autoware_perception_msgs/msg/detail/tracked_object__functions.c
[0.391s] -- Up-to-date: /home/jmj/dream_ws/install/autoware_perception_msgs/include/autoware_perception_msgs/autoware_perception_msgs/msg/detail/object_classification__type_support.h
[0.391s] -- Up-to-date: /home/jmj/dream_ws/install/autoware_perception_msgs/include/autoware_perception_msgs/autoware_perception_msgs/msg/detail/traffic_signal__functions.h
[0.391s] -- Up-to-date: /home/jmj/dream_ws/install/autoware_perception_msgs/include/autoware_perception_msgs/autoware_perception_msgs/msg/detail/predicted_traffic_light_state__functions.h
[0.391s] -- Up-to-date: /home/jmj/dream_ws/install/autoware_perception_msgs/include/autoware_perception_msgs/autoware_perception_msgs/msg/detail/detected_objects__functions.h
[0.392s] -- Up-to-date: /home/jmj/dream_ws/install/autoware_perception_msgs/include/autoware_perception_msgs/autoware_perception_msgs/msg/detail/predicted_object__functions.c
[0.392s] -- Up-to-date: /home/jmj/dream_ws/install/autoware_perception_msgs/include/autoware_perception_msgs/autoware_perception_msgs/msg/detail/predicted_objects__functions.c
[0.392s] -- Up-to-date: /home/jmj/dream_ws/install/autoware_perception_msgs/include/autoware_perception_msgs/autoware_perception_msgs/msg/detail/tracked_objects__type_support.h
[0.392s] -- Up-to-date: /home/jmj/dream_ws/install/autoware_perception_msgs/include/autoware_perception_msgs/autoware_perception_msgs/msg/detail/predicted_object_kinematics__type_support.h
[0.392s] -- Up-to-date: /home/jmj/dream_ws/install/autoware_perception_msgs/include/autoware_perception_msgs/autoware_perception_msgs/msg/detail/detected_object_kinematics__type_support.h
[0.392s] -- Up-to-date: /home/jmj/dream_ws/install/autoware_perception_msgs/include/autoware_perception_msgs/autoware_perception_msgs/msg/detail/traffic_light_group_array__functions.c
[0.392s] -- Up-to-date: /home/jmj/dream_ws/install/autoware_perception_msgs/include/autoware_perception_msgs/autoware_perception_msgs/msg/detail/traffic_light_element__type_support.h
[0.392s] -- Up-to-date: /home/jmj/dream_ws/install/autoware_perception_msgs/include/autoware_perception_msgs/autoware_perception_msgs/msg/detail/tracked_objects__functions.h
[0.392s] -- Up-to-date: /home/jmj/dream_ws/install/autoware_perception_msgs/include/autoware_perception_msgs/autoware_perception_msgs/msg/detail/detected_objects__type_support.h
[0.392s] -- Up-to-date: /home/jmj/dream_ws/install/autoware_perception_msgs/include/autoware_perception_msgs/autoware_perception_msgs/msg/detail/predicted_object_kinematics__functions.c
[0.392s] -- Up-to-date: /home/jmj/dream_ws/install/autoware_perception_msgs/include/autoware_perception_msgs/autoware_perception_msgs/msg/detail/traffic_light_element__functions.h
[0.392s] -- Up-to-date: /home/jmj/dream_ws/install/autoware_perception_msgs/include/autoware_perception_msgs/autoware_perception_msgs/msg/detail/traffic_signal_array__functions.c
[0.392s] -- Up-to-date: /home/jmj/dream_ws/install/autoware_perception_msgs/include/autoware_perception_msgs/autoware_perception_msgs/msg/detail/predicted_objects__struct.h
[0.392s] -- Up-to-date: /home/jmj/dream_ws/install/autoware_perception_msgs/include/autoware_perception_msgs/autoware_perception_msgs/msg/detail/detected_object_kinematics__functions.h
[0.392s] -- Up-to-date: /home/jmj/dream_ws/install/autoware_perception_msgs/include/autoware_perception_msgs/autoware_perception_msgs/msg/detail/tracked_object__type_support.h
[0.392s] -- Up-to-date: /home/jmj/dream_ws/install/autoware_perception_msgs/include/autoware_perception_msgs/autoware_perception_msgs/msg/detail/traffic_light_element__functions.c
[0.392s] -- Up-to-date: /home/jmj/dream_ws/install/autoware_perception_msgs/include/autoware_perception_msgs/autoware_perception_msgs/msg/detail/traffic_signal_element__functions.h
[0.392s] -- Up-to-date: /home/jmj/dream_ws/install/autoware_perception_msgs/include/autoware_perception_msgs/autoware_perception_msgs/msg/detail/traffic_signal_array__struct.h
[0.392s] -- Up-to-date: /home/jmj/dream_ws/install/autoware_perception_msgs/include/autoware_perception_msgs/autoware_perception_msgs/msg/detail/tracked_object_kinematics__struct.h
[0.392s] -- Up-to-date: /home/jmj/dream_ws/install/autoware_perception_msgs/include/autoware_perception_msgs/autoware_perception_msgs/msg/detail/traffic_light_element__struct.h
[0.392s] -- Up-to-date: /home/jmj/dream_ws/install/autoware_perception_msgs/include/autoware_perception_msgs/autoware_perception_msgs/msg/detail/predicted_path__functions.h
[0.392s] -- Up-to-date: /home/jmj/dream_ws/install/autoware_perception_msgs/include/autoware_perception_msgs/autoware_perception_msgs/msg/detail/detected_object__functions.c
[0.392s] -- Up-to-date: /home/jmj/dream_ws/install/autoware_perception_msgs/include/autoware_perception_msgs/autoware_perception_msgs/msg/detail/traffic_signal__struct.h
[0.392s] -- Up-to-date: /home/jmj/dream_ws/install/autoware_perception_msgs/include/autoware_perception_msgs/autoware_perception_msgs/msg/detail/traffic_light_group_array__type_support.h
[0.392s] -- Up-to-date: /home/jmj/dream_ws/install/autoware_perception_msgs/include/autoware_perception_msgs/autoware_perception_msgs/msg/detail/predicted_path__type_support.h
[0.392s] -- Up-to-date: /home/jmj/dream_ws/install/autoware_perception_msgs/include/autoware_perception_msgs/autoware_perception_msgs/msg/detail/predicted_object_kinematics__functions.h
[0.392s] -- Up-to-date: /home/jmj/dream_ws/install/autoware_perception_msgs/include/autoware_perception_msgs/autoware_perception_msgs/msg/detail/tracked_object_kinematics__type_support.h
[0.393s] -- Up-to-date: /home/jmj/dream_ws/install/autoware_perception_msgs/include/autoware_perception_msgs/autoware_perception_msgs/msg/detail/object_classification__functions.h
[0.393s] -- Up-to-date: /home/jmj/dream_ws/install/autoware_perception_msgs/include/autoware_perception_msgs/autoware_perception_msgs/msg/detail/predicted_objects__functions.h
[0.393s] -- Up-to-date: /home/jmj/dream_ws/install/autoware_perception_msgs/include/autoware_perception_msgs/autoware_perception_msgs/msg/detail/traffic_signal_array__type_support.h
[0.393s] -- Up-to-date: /home/jmj/dream_ws/install/autoware_perception_msgs/include/autoware_perception_msgs/autoware_perception_msgs/msg/detail/predicted_object__functions.h
[0.393s] -- Up-to-date: /home/jmj/dream_ws/install/autoware_perception_msgs/include/autoware_perception_msgs/autoware_perception_msgs/msg/detail/predicted_path__struct.h
[0.393s] -- Up-to-date: /home/jmj/dream_ws/install/autoware_perception_msgs/include/autoware_perception_msgs/autoware_perception_msgs/msg/detail/traffic_signal_array__functions.h
[0.394s] -- Up-to-date: /home/jmj/dream_ws/install/autoware_perception_msgs/include/autoware_perception_msgs/autoware_perception_msgs/msg/detail/tracked_object__struct.h
[0.394s] -- Up-to-date: /home/jmj/dream_ws/install/autoware_perception_msgs/include/autoware_perception_msgs/autoware_perception_msgs/msg/detail/predicted_traffic_light_state__functions.c
[0.394s] -- Up-to-date: /home/jmj/dream_ws/install/autoware_perception_msgs/include/autoware_perception_msgs/autoware_perception_msgs/msg/detail/predicted_object__type_support.h
[0.394s] -- Up-to-date: /home/jmj/dream_ws/install/autoware_perception_msgs/include/autoware_perception_msgs/autoware_perception_msgs/msg/detail/predicted_path__functions.c
[0.394s] -- Up-to-date: /home/jmj/dream_ws/install/autoware_perception_msgs/include/autoware_perception_msgs/autoware_perception_msgs/msg/detail/traffic_signal__type_support.h
[0.394s] -- Up-to-date: /home/jmj/dream_ws/install/autoware_perception_msgs/include/autoware_perception_msgs/autoware_perception_msgs/msg/detail/traffic_light_group_array__functions.h
[0.394s] -- Up-to-date: /home/jmj/dream_ws/install/autoware_perception_msgs/include/autoware_perception_msgs/autoware_perception_msgs/msg/detail/tracked_objects__functions.c
[0.394s] -- Up-to-date: /home/jmj/dream_ws/install/autoware_perception_msgs/include/autoware_perception_msgs/autoware_perception_msgs/msg/detail/detected_object_kinematics__functions.c
[0.394s] -- Up-to-date: /home/jmj/dream_ws/install/autoware_perception_msgs/include/autoware_perception_msgs/autoware_perception_msgs/msg/detail/detected_object__struct.h
[0.394s] -- Up-to-date: /home/jmj/dream_ws/install/autoware_perception_msgs/include/autoware_perception_msgs/autoware_perception_msgs/msg/detail/detected_object_kinematics__struct.h
[0.394s] -- Up-to-date: /home/jmj/dream_ws/install/autoware_perception_msgs/include/autoware_perception_msgs/autoware_perception_msgs/msg/detail/predicted_objects__type_support.h
[0.395s] -- Up-to-date: /home/jmj/dream_ws/install/autoware_perception_msgs/include/autoware_perception_msgs/autoware_perception_msgs/msg/detail/traffic_signal_element__functions.c
[0.395s] -- Up-to-date: /home/jmj/dream_ws/install/autoware_perception_msgs/include/autoware_perception_msgs/autoware_perception_msgs/msg/detail/traffic_light_group__type_support.h
[0.395s] -- Up-to-date: /home/jmj/dream_ws/install/autoware_perception_msgs/include/autoware_perception_msgs/autoware_perception_msgs/msg/detail/detected_objects__struct.h
[0.395s] -- Up-to-date: /home/jmj/dream_ws/install/autoware_perception_msgs/include/autoware_perception_msgs/autoware_perception_msgs/msg/detail/traffic_light_group_array__struct.h
[0.395s] -- Up-to-date: /home/jmj/dream_ws/install/autoware_perception_msgs/include/autoware_perception_msgs/autoware_perception_msgs/msg/detail/shape__type_support.h
[0.395s] -- Up-to-date: /home/jmj/dream_ws/install/autoware_perception_msgs/include/autoware_perception_msgs/autoware_perception_msgs/msg/detail/shape__functions.h
[0.395s] -- Up-to-date: /home/jmj/dream_ws/install/autoware_perception_msgs/include/autoware_perception_msgs/autoware_perception_msgs/msg/detail/traffic_light_group__functions.c
[0.395s] -- Up-to-date: /home/jmj/dream_ws/install/autoware_perception_msgs/include/autoware_perception_msgs/autoware_perception_msgs/msg/detail/traffic_signal_element__type_support.h
[0.395s] -- Up-to-date: /home/jmj/dream_ws/install/autoware_perception_msgs/include/autoware_perception_msgs/autoware_perception_msgs/msg/detail/object_classification__functions.c
[0.395s] -- Up-to-date: /home/jmj/dream_ws/install/autoware_perception_msgs/include/autoware_perception_msgs/autoware_perception_msgs/msg/detail/predicted_traffic_light_state__type_support.h
[0.395s] -- Up-to-date: /home/jmj/dream_ws/install/autoware_perception_msgs/include/autoware_perception_msgs/autoware_perception_msgs/msg/detail/tracked_object_kinematics__functions.c
[0.395s] -- Up-to-date: /home/jmj/dream_ws/install/autoware_perception_msgs/include/autoware_perception_msgs/autoware_perception_msgs/msg/detail/detected_objects__functions.c
[0.395s] -- Up-to-date: /home/jmj/dream_ws/install/autoware_perception_msgs/include/autoware_perception_msgs/autoware_perception_msgs/msg/detail/detected_object__functions.h
[0.395s] -- Up-to-date: /home/jmj/dream_ws/install/autoware_perception_msgs/include/autoware_perception_msgs/autoware_perception_msgs/msg/detail/predicted_object__struct.h
[0.395s] -- Up-to-date: /home/jmj/dream_ws/install/autoware_perception_msgs/include/autoware_perception_msgs/autoware_perception_msgs/msg/detail/predicted_object_kinematics__struct.h
[0.395s] -- Up-to-date: /home/jmj/dream_ws/install/autoware_perception_msgs/include/autoware_perception_msgs/autoware_perception_msgs/msg/detail/predicted_traffic_light_state__struct.h
[0.395s] -- Up-to-date: /home/jmj/dream_ws/install/autoware_perception_msgs/include/autoware_perception_msgs/autoware_perception_msgs/msg/detail/detected_object__type_support.h
[0.395s] -- Up-to-date: /home/jmj/dream_ws/install/autoware_perception_msgs/include/autoware_perception_msgs/autoware_perception_msgs/msg/detail/shape__struct.h
[0.395s] -- Up-to-date: /home/jmj/dream_ws/install/autoware_perception_msgs/include/autoware_perception_msgs/autoware_perception_msgs/msg/detail/tracked_object__functions.h
[0.395s] -- Up-to-date: /home/jmj/dream_ws/install/autoware_perception_msgs/include/autoware_perception_msgs/autoware_perception_msgs/msg/detail/traffic_signal__functions.c
[0.396s] -- Up-to-date: /home/jmj/dream_ws/install/autoware_perception_msgs/include/autoware_perception_msgs/autoware_perception_msgs/msg/detail/tracked_objects__struct.h
[0.396s] -- Up-to-date: /home/jmj/dream_ws/install/autoware_perception_msgs/include/autoware_perception_msgs/autoware_perception_msgs/msg/detail/traffic_light_group__struct.h
[0.396s] -- Up-to-date: /home/jmj/dream_ws/install/autoware_perception_msgs/include/autoware_perception_msgs/autoware_perception_msgs/msg/detected_objects.h
[0.396s] -- Up-to-date: /home/jmj/dream_ws/install/autoware_perception_msgs/include/autoware_perception_msgs/autoware_perception_msgs/msg/predicted_path.h
[0.396s] -- Up-to-date: /home/jmj/dream_ws/install/autoware_perception_msgs/include/autoware_perception_msgs/autoware_perception_msgs/msg/predicted_object.h
[0.396s] -- Up-to-date: /home/jmj/dream_ws/install/autoware_perception_msgs/include/autoware_perception_msgs/autoware_perception_msgs/msg/tracked_object_kinematics.h
[0.396s] -- Up-to-date: /home/jmj/dream_ws/install/autoware_perception_msgs/include/autoware_perception_msgs/autoware_perception_msgs/msg/traffic_signal_element.h
[0.396s] -- Up-to-date: /home/jmj/dream_ws/install/autoware_perception_msgs/include/autoware_perception_msgs/autoware_perception_msgs/msg/traffic_light_group_array.h
[0.396s] -- Up-to-date: /home/jmj/dream_ws/install/autoware_perception_msgs/include/autoware_perception_msgs/autoware_perception_msgs/msg/traffic_light_element.h
[0.396s] -- Up-to-date: /home/jmj/dream_ws/install/autoware_perception_msgs/include/autoware_perception_msgs/autoware_perception_msgs/msg/tracked_objects.h
[0.396s] -- Up-to-date: /home/jmj/dream_ws/install/autoware_perception_msgs/include/autoware_perception_msgs/autoware_perception_msgs/msg/tracked_object.h
[0.396s] -- Up-to-date: /home/jmj/dream_ws/install/autoware_perception_msgs/include/autoware_perception_msgs/autoware_perception_msgs/msg/detected_object_kinematics.h
[0.396s] -- Up-to-date: /home/jmj/dream_ws/install/autoware_perception_msgs/include/autoware_perception_msgs/autoware_perception_msgs/msg/predicted_objects.h
[0.396s] -- Up-to-date: /home/jmj/dream_ws/install/autoware_perception_msgs/include/autoware_perception_msgs/autoware_perception_msgs/msg/shape.h
[0.396s] -- Up-to-date: /home/jmj/dream_ws/install/autoware_perception_msgs/include/autoware_perception_msgs/autoware_perception_msgs/msg/traffic_signal_array.h
[0.396s] -- Up-to-date: /home/jmj/dream_ws/install/autoware_perception_msgs/share/autoware_perception_msgs/environment/library_path.sh
[0.396s] -- Up-to-date: /home/jmj/dream_ws/install/autoware_perception_msgs/share/autoware_perception_msgs/environment/library_path.dsv
[0.396s] -- Up-to-date: /home/jmj/dream_ws/install/autoware_perception_msgs/lib/libautoware_perception_msgs__rosidl_generator_c.so
[0.396s] -- Up-to-date: /home/jmj/dream_ws/install/autoware_perception_msgs/include/autoware_perception_msgs/autoware_perception_msgs
[0.396s] -- Up-to-date: /home/jmj/dream_ws/install/autoware_perception_msgs/include/autoware_perception_msgs/autoware_perception_msgs/msg
[0.396s] -- Up-to-date: /home/jmj/dream_ws/install/autoware_perception_msgs/include/autoware_perception_msgs/autoware_perception_msgs/msg/detail
[0.396s] -- Up-to-date: /home/jmj/dream_ws/install/autoware_perception_msgs/include/autoware_perception_msgs/autoware_perception_msgs/msg/detail/detected_object__rosidl_typesupport_fastrtps_c.h
[0.396s] -- Up-to-date: /home/jmj/dream_ws/install/autoware_perception_msgs/include/autoware_perception_msgs/autoware_perception_msgs/msg/detail/detected_objects__rosidl_typesupport_fastrtps_c.h
[0.396s] -- Up-to-date: /home/jmj/dream_ws/install/autoware_perception_msgs/include/autoware_perception_msgs/autoware_perception_msgs/msg/detail/detected_object_kinematics__rosidl_typesupport_fastrtps_c.h
[0.396s] -- Up-to-date: /home/jmj/dream_ws/install/autoware_perception_msgs/include/autoware_perception_msgs/autoware_perception_msgs/msg/detail/traffic_signal__rosidl_typesupport_fastrtps_c.h
[0.396s] -- Up-to-date: /home/jmj/dream_ws/install/autoware_perception_msgs/include/autoware_perception_msgs/autoware_perception_msgs/msg/detail/object_classification__rosidl_typesupport_fastrtps_c.h
[0.397s] -- Up-to-date: /home/jmj/dream_ws/install/autoware_perception_msgs/include/autoware_perception_msgs/autoware_perception_msgs/msg/detail/predicted_object_kinematics__rosidl_typesupport_fastrtps_c.h
[0.397s] -- Up-to-date: /home/jmj/dream_ws/install/autoware_perception_msgs/include/autoware_perception_msgs/autoware_perception_msgs/msg/detail/predicted_traffic_light_state__rosidl_typesupport_fastrtps_c.h
[0.397s] -- Up-to-date: /home/jmj/dream_ws/install/autoware_perception_msgs/include/autoware_perception_msgs/autoware_perception_msgs/msg/detail/predicted_path__rosidl_typesupport_fastrtps_c.h
[0.397s] -- Up-to-date: /home/jmj/dream_ws/install/autoware_perception_msgs/include/autoware_perception_msgs/autoware_perception_msgs/msg/detail/traffic_light_group__rosidl_typesupport_fastrtps_c.h
[0.397s] -- Up-to-date: /home/jmj/dream_ws/install/autoware_perception_msgs/include/autoware_perception_msgs/autoware_perception_msgs/msg/detail/tracked_object__rosidl_typesupport_fastrtps_c.h
[0.397s] -- Up-to-date: /home/jmj/dream_ws/install/autoware_perception_msgs/include/autoware_perception_msgs/autoware_perception_msgs/msg/detail/traffic_signal_element__rosidl_typesupport_fastrtps_c.h
[0.397s] -- Up-to-date: /home/jmj/dream_ws/install/autoware_perception_msgs/include/autoware_perception_msgs/autoware_perception_msgs/msg/detail/traffic_light_group_array__rosidl_typesupport_fastrtps_c.h
[0.397s] -- Up-to-date: /home/jmj/dream_ws/install/autoware_perception_msgs/include/autoware_perception_msgs/autoware_perception_msgs/msg/detail/tracked_objects__rosidl_typesupport_fastrtps_c.h
[0.397s] -- Up-to-date: /home/jmj/dream_ws/install/autoware_perception_msgs/include/autoware_perception_msgs/autoware_perception_msgs/msg/detail/tracked_object_kinematics__rosidl_typesupport_fastrtps_c.h
[0.397s] -- Up-to-date: /home/jmj/dream_ws/install/autoware_perception_msgs/include/autoware_perception_msgs/autoware_perception_msgs/msg/detail/traffic_signal_array__rosidl_typesupport_fastrtps_c.h
[0.397s] -- Up-to-date: /home/jmj/dream_ws/install/autoware_perception_msgs/include/autoware_perception_msgs/autoware_perception_msgs/msg/detail/shape__rosidl_typesupport_fastrtps_c.h
[0.397s] -- Up-to-date: /home/jmj/dream_ws/install/autoware_perception_msgs/include/autoware_perception_msgs/autoware_perception_msgs/msg/detail/predicted_objects__rosidl_typesupport_fastrtps_c.h
[0.397s] -- Up-to-date: /home/jmj/dream_ws/install/autoware_perception_msgs/include/autoware_perception_msgs/autoware_perception_msgs/msg/detail/traffic_light_element__rosidl_typesupport_fastrtps_c.h
[0.397s] -- Up-to-date: /home/jmj/dream_ws/install/autoware_perception_msgs/include/autoware_perception_msgs/autoware_perception_msgs/msg/detail/predicted_object__rosidl_typesupport_fastrtps_c.h
[0.397s] -- Up-to-date: /home/jmj/dream_ws/install/autoware_perception_msgs/include/autoware_perception_msgs/autoware_perception_msgs/msg/rosidl_typesupport_fastrtps_c__visibility_control.h
[0.397s] -- Up-to-date: /home/jmj/dream_ws/install/autoware_perception_msgs/lib/libautoware_perception_msgs__rosidl_typesupport_fastrtps_c.so
[0.398s] -- Up-to-date: /home/jmj/dream_ws/install/autoware_perception_msgs/include/autoware_perception_msgs/autoware_perception_msgs
[0.398s] -- Up-to-date: /home/jmj/dream_ws/install/autoware_perception_msgs/include/autoware_perception_msgs/autoware_perception_msgs/msg
[0.398s] -- Up-to-date: /home/jmj/dream_ws/install/autoware_perception_msgs/include/autoware_perception_msgs/autoware_perception_msgs/msg/traffic_light_element.hpp
[0.398s] -- Up-to-date: /home/jmj/dream_ws/install/autoware_perception_msgs/include/autoware_perception_msgs/autoware_perception_msgs/msg/tracked_object.hpp
[0.398s] -- Up-to-date: /home/jmj/dream_ws/install/autoware_perception_msgs/include/autoware_perception_msgs/autoware_perception_msgs/msg/detected_object.hpp
[0.398s] -- Up-to-date: /home/jmj/dream_ws/install/autoware_perception_msgs/include/autoware_perception_msgs/autoware_perception_msgs/msg/traffic_signal_element.hpp
[0.398s] -- Up-to-date: /home/jmj/dream_ws/install/autoware_perception_msgs/include/autoware_perception_msgs/autoware_perception_msgs/msg/predicted_path.hpp
[0.398s] -- Up-to-date: /home/jmj/dream_ws/install/autoware_perception_msgs/include/autoware_perception_msgs/autoware_perception_msgs/msg/predicted_object_kinematics.hpp
[0.398s] -- Up-to-date: /home/jmj/dream_ws/install/autoware_perception_msgs/include/autoware_perception_msgs/autoware_perception_msgs/msg/detail
[0.398s] -- Up-to-date: /home/jmj/dream_ws/install/autoware_perception_msgs/include/autoware_perception_msgs/autoware_perception_msgs/msg/detail/tracked_object__struct.hpp
[0.398s] -- Up-to-date: /home/jmj/dream_ws/install/autoware_perception_msgs/include/autoware_perception_msgs/autoware_perception_msgs/msg/detail/tracked_objects__type_support.hpp
[0.398s] -- Up-to-date: /home/jmj/dream_ws/install/autoware_perception_msgs/include/autoware_perception_msgs/autoware_perception_msgs/msg/detail/predicted_object_kinematics__struct.hpp
[0.398s] -- Up-to-date: /home/jmj/dream_ws/install/autoware_perception_msgs/include/autoware_perception_msgs/autoware_perception_msgs/msg/detail/predicted_object_kinematics__type_support.hpp
[0.398s] -- Up-to-date: /home/jmj/dream_ws/install/autoware_perception_msgs/include/autoware_perception_msgs/autoware_perception_msgs/msg/detail/detected_objects__traits.hpp
[0.398s] -- Up-to-date: /home/jmj/dream_ws/install/autoware_perception_msgs/include/autoware_perception_msgs/autoware_perception_msgs/msg/detail/predicted_object__struct.hpp
[0.398s] -- Up-to-date: /home/jmj/dream_ws/install/autoware_perception_msgs/include/autoware_perception_msgs/autoware_perception_msgs/msg/detail/shape__builder.hpp
[0.398s] -- Up-to-date: /home/jmj/dream_ws/install/autoware_perception_msgs/include/autoware_perception_msgs/autoware_perception_msgs/msg/detail/traffic_signal__struct.hpp
[0.398s] -- Up-to-date: /home/jmj/dream_ws/install/autoware_perception_msgs/include/autoware_perception_msgs/autoware_perception_msgs/msg/detail/traffic_light_group__traits.hpp
[0.398s] -- Up-to-date: /home/jmj/dream_ws/install/autoware_perception_msgs/include/autoware_perception_msgs/autoware_perception_msgs/msg/detail/traffic_light_group_array__struct.hpp
[0.398s] -- Up-to-date: /home/jmj/dream_ws/install/autoware_perception_msgs/include/autoware_perception_msgs/autoware_perception_msgs/msg/detail/traffic_signal_element__traits.hpp
[0.398s] -- Up-to-date: /home/jmj/dream_ws/install/autoware_perception_msgs/include/autoware_perception_msgs/autoware_perception_msgs/msg/detail/traffic_signal_element__type_support.hpp
[0.398s] -- Up-to-date: /home/jmj/dream_ws/install/autoware_perception_msgs/include/autoware_perception_msgs/autoware_perception_msgs/msg/detail/traffic_light_element__struct.hpp
[0.398s] -- Up-to-date: /home/jmj/dream_ws/install/autoware_perception_msgs/include/autoware_perception_msgs/autoware_perception_msgs/msg/detail/predicted_object__traits.hpp
[0.398s] -- Up-to-date: /home/jmj/dream_ws/install/autoware_perception_msgs/include/autoware_perception_msgs/autoware_perception_msgs/msg/detail/traffic_light_element__traits.hpp
[0.398s] -- Up-to-date: /home/jmj/dream_ws/install/autoware_perception_msgs/include/autoware_perception_msgs/autoware_perception_msgs/msg/detail/traffic_signal__builder.hpp
[0.398s] -- Up-to-date: /home/jmj/dream_ws/install/autoware_perception_msgs/include/autoware_perception_msgs/autoware_perception_msgs/msg/detail/traffic_signal_element__builder.hpp
[0.398s] -- Up-to-date: /home/jmj/dream_ws/install/autoware_perception_msgs/include/autoware_perception_msgs/autoware_perception_msgs/msg/detail/predicted_path__traits.hpp
[0.398s] -- Up-to-date: /home/jmj/dream_ws/install/autoware_perception_msgs/include/autoware_perception_msgs/autoware_perception_msgs/msg/detail/traffic_signal__traits.hpp
[0.398s] -- Up-to-date: /home/jmj/dream_ws/install/autoware_perception_msgs/include/autoware_perception_msgs/autoware_perception_msgs/msg/detail/traffic_signal_element__struct.hpp
[0.398s] -- Up-to-date: /home/jmj/dream_ws/install/autoware_perception_msgs/include/autoware_perception_msgs/autoware_perception_msgs/msg/detail/predicted_object__type_support.hpp
[0.398s] -- Up-to-date: /home/jmj/dream_ws/install/autoware_perception_msgs/include/autoware_perception_msgs/autoware_perception_msgs/msg/detail/object_classification__type_support.hpp
[0.398s] -- Up-to-date: /home/jmj/dream_ws/install/autoware_perception_msgs/include/autoware_perception_msgs/autoware_perception_msgs/msg/detail/traffic_light_group_array__type_support.hpp
[0.398s] -- Up-to-date: /home/jmj/dream_ws/install/autoware_perception_msgs/include/autoware_perception_msgs/autoware_perception_msgs/msg/detail/tracked_objects__struct.hpp
[0.398s] -- Up-to-date: /home/jmj/dream_ws/install/autoware_perception_msgs/include/autoware_perception_msgs/autoware_perception_msgs/msg/detail/predicted_object_kinematics__traits.hpp
[0.398s] -- Up-to-date: /home/jmj/dream_ws/install/autoware_perception_msgs/include/autoware_perception_msgs/autoware_perception_msgs/msg/detail/predicted_objects__traits.hpp
[0.399s] -- Up-to-date: /home/jmj/dream_ws/install/autoware_perception_msgs/include/autoware_perception_msgs/autoware_perception_msgs/msg/detail/detected_object__struct.hpp
[0.399s] -- Up-to-date: /home/jmj/dream_ws/install/autoware_perception_msgs/include/autoware_perception_msgs/autoware_perception_msgs/msg/detail/detected_objects__type_support.hpp
[0.399s] -- Up-to-date: /home/jmj/dream_ws/install/autoware_perception_msgs/include/autoware_perception_msgs/autoware_perception_msgs/msg/detail/object_classification__struct.hpp
[0.399s] -- Up-to-date: /home/jmj/dream_ws/install/autoware_perception_msgs/include/autoware_perception_msgs/autoware_perception_msgs/msg/detail/traffic_signal_array__type_support.hpp
[0.399s] -- Up-to-date: /home/jmj/dream_ws/install/autoware_perception_msgs/include/autoware_perception_msgs/autoware_perception_msgs/msg/detail/predicted_traffic_light_state__builder.hpp
[0.399s] -- Up-to-date: /home/jmj/dream_ws/install/autoware_perception_msgs/include/autoware_perception_msgs/autoware_perception_msgs/msg/detail/detected_object_kinematics__type_support.hpp
[0.399s] -- Up-to-date: /home/jmj/dream_ws/install/autoware_perception_msgs/include/autoware_perception_msgs/autoware_perception_msgs/msg/detail/shape__type_support.hpp
[0.399s] -- Up-to-date: /home/jmj/dream_ws/install/autoware_perception_msgs/include/autoware_perception_msgs/autoware_perception_msgs/msg/detail/tracked_objects__traits.hpp
[0.399s] -- Up-to-date: /home/jmj/dream_ws/install/autoware_perception_msgs/include/autoware_perception_msgs/autoware_perception_msgs/msg/detail/detected_object__type_support.hpp
[0.399s] -- Up-to-date: /home/jmj/dream_ws/install/autoware_perception_msgs/include/autoware_perception_msgs/autoware_perception_msgs/msg/detail/shape__struct.hpp
[0.399s] -- Up-to-date: /home/jmj/dream_ws/install/autoware_perception_msgs/include/autoware_perception_msgs/autoware_perception_msgs/msg/detail/predicted_path__builder.hpp
[0.399s] -- Up-to-date: /home/jmj/dream_ws/install/autoware_perception_msgs/include/autoware_perception_msgs/autoware_perception_msgs/msg/detail/predicted_object__builder.hpp
[0.399s] -- Up-to-date: /home/jmj/dream_ws/install/autoware_perception_msgs/include/autoware_perception_msgs/autoware_perception_msgs/msg/detail/traffic_light_group__type_support.hpp
[0.399s] -- Up-to-date: /home/jmj/dream_ws/install/autoware_perception_msgs/include/autoware_perception_msgs/autoware_perception_msgs/msg/detail/predicted_traffic_light_state__traits.hpp
[0.399s] -- Up-to-date: /home/jmj/dream_ws/install/autoware_perception_msgs/include/autoware_perception_msgs/autoware_perception_msgs/msg/detail/traffic_signal_array__traits.hpp
[0.399s] -- Up-to-date: /home/jmj/dream_ws/install/autoware_perception_msgs/include/autoware_perception_msgs/autoware_perception_msgs/msg/detail/detected_object_kinematics__builder.hpp
[0.399s] -- Up-to-date: /home/jmj/dream_ws/install/autoware_perception_msgs/include/autoware_perception_msgs/autoware_perception_msgs/msg/detail/detected_object_kinematics__struct.hpp
[0.399s] -- Up-to-date: /home/jmj/dream_ws/install/autoware_perception_msgs/include/autoware_perception_msgs/autoware_perception_msgs/msg/detail/tracked_object_kinematics__struct.hpp
[0.399s] -- Up-to-date: /home/jmj/dream_ws/install/autoware_perception_msgs/include/autoware_perception_msgs/autoware_perception_msgs/msg/detail/detected_object__builder.hpp
[0.399s] -- Up-to-date: /home/jmj/dream_ws/install/autoware_perception_msgs/include/autoware_perception_msgs/autoware_perception_msgs/msg/detail/shape__traits.hpp
[0.399s] -- Up-to-date: /home/jmj/dream_ws/install/autoware_perception_msgs/include/autoware_perception_msgs/autoware_perception_msgs/msg/detail/traffic_signal_array__struct.hpp
[0.399s] -- Up-to-date: /home/jmj/dream_ws/install/autoware_perception_msgs/include/autoware_perception_msgs/autoware_perception_msgs/msg/detail/tracked_object_kinematics__type_support.hpp
[0.399s] -- Up-to-date: /home/jmj/dream_ws/install/autoware_perception_msgs/include/autoware_perception_msgs/autoware_perception_msgs/msg/detail/predicted_objects__builder.hpp
[0.399s] -- Up-to-date: /home/jmj/dream_ws/install/autoware_perception_msgs/include/autoware_perception_msgs/autoware_perception_msgs/msg/detail/traffic_signal__type_support.hpp
[0.399s] -- Up-to-date: /home/jmj/dream_ws/install/autoware_perception_msgs/include/autoware_perception_msgs/autoware_perception_msgs/msg/detail/predicted_traffic_light_state__struct.hpp
[0.399s] -- Up-to-date: /home/jmj/dream_ws/install/autoware_perception_msgs/include/autoware_perception_msgs/autoware_perception_msgs/msg/detail/tracked_object__traits.hpp
[0.399s] -- Up-to-date: /home/jmj/dream_ws/install/autoware_perception_msgs/include/autoware_perception_msgs/autoware_perception_msgs/msg/detail/predicted_object_kinematics__builder.hpp
[0.399s] -- Up-to-date: /home/jmj/dream_ws/install/autoware_perception_msgs/include/autoware_perception_msgs/autoware_perception_msgs/msg/detail/tracked_objects__builder.hpp
[0.399s] -- Up-to-date: /home/jmj/dream_ws/install/autoware_perception_msgs/include/autoware_perception_msgs/autoware_perception_msgs/msg/detail/traffic_light_group_array__builder.hpp
[0.399s] -- Up-to-date: /home/jmj/dream_ws/install/autoware_perception_msgs/include/autoware_perception_msgs/autoware_perception_msgs/msg/detail/predicted_objects__struct.hpp
[0.399s] -- Up-to-date: /home/jmj/dream_ws/install/autoware_perception_msgs/include/autoware_perception_msgs/autoware_perception_msgs/msg/detail/object_classification__traits.hpp
[0.399s] -- Up-to-date: /home/jmj/dream_ws/install/autoware_perception_msgs/include/autoware_perception_msgs/autoware_perception_msgs/msg/detail/predicted_path__struct.hpp
[0.399s] -- Up-to-date: /home/jmj/dream_ws/install/autoware_perception_msgs/include/autoware_perception_msgs/autoware_perception_msgs/msg/detail/tracked_object__type_support.hpp
[0.399s] -- Up-to-date: /home/jmj/dream_ws/install/autoware_perception_msgs/include/autoware_perception_msgs/autoware_perception_msgs/msg/detail/predicted_objects__type_support.hpp
[0.400s] -- Up-to-date: /home/jmj/dream_ws/install/autoware_perception_msgs/include/autoware_perception_msgs/autoware_perception_msgs/msg/detail/detected_object__traits.hpp
[0.400s] -- Up-to-date: /home/jmj/dream_ws/install/autoware_perception_msgs/include/autoware_perception_msgs/autoware_perception_msgs/msg/detail/traffic_light_group_array__traits.hpp
[0.400s] -- Up-to-date: /home/jmj/dream_ws/install/autoware_perception_msgs/include/autoware_perception_msgs/autoware_perception_msgs/msg/detail/detected_object_kinematics__traits.hpp
[0.400s] -- Up-to-date: /home/jmj/dream_ws/install/autoware_perception_msgs/include/autoware_perception_msgs/autoware_perception_msgs/msg/detail/tracked_object__builder.hpp
[0.400s] -- Up-to-date: /home/jmj/dream_ws/install/autoware_perception_msgs/include/autoware_perception_msgs/autoware_perception_msgs/msg/detail/object_classification__builder.hpp
[0.400s] -- Up-to-date: /home/jmj/dream_ws/install/autoware_perception_msgs/include/autoware_perception_msgs/autoware_perception_msgs/msg/detail/detected_objects__builder.hpp
[0.400s] -- Up-to-date: /home/jmj/dream_ws/install/autoware_perception_msgs/include/autoware_perception_msgs/autoware_perception_msgs/msg/detail/traffic_light_group__struct.hpp
[0.400s] -- Up-to-date: /home/jmj/dream_ws/install/autoware_perception_msgs/include/autoware_perception_msgs/autoware_perception_msgs/msg/detail/traffic_light_element__builder.hpp
[0.400s] -- Up-to-date: /home/jmj/dream_ws/install/autoware_perception_msgs/include/autoware_perception_msgs/autoware_perception_msgs/msg/detail/tracked_object_kinematics__traits.hpp
[0.400s] -- Up-to-date: /home/jmj/dream_ws/install/autoware_perception_msgs/include/autoware_perception_msgs/autoware_perception_msgs/msg/detail/traffic_signal_array__builder.hpp
[0.400s] -- Up-to-date: /home/jmj/dream_ws/install/autoware_perception_msgs/include/autoware_perception_msgs/autoware_perception_msgs/msg/detail/traffic_light_element__type_support.hpp
[0.400s] -- Up-to-date: /home/jmj/dream_ws/install/autoware_perception_msgs/include/autoware_perception_msgs/autoware_perception_msgs/msg/detail/tracked_object_kinematics__builder.hpp
[0.400s] -- Up-to-date: /home/jmj/dream_ws/install/autoware_perception_msgs/include/autoware_perception_msgs/autoware_perception_msgs/msg/detail/detected_objects__struct.hpp
[0.400s] -- Up-to-date: /home/jmj/dream_ws/install/autoware_perception_msgs/include/autoware_perception_msgs/autoware_perception_msgs/msg/detail/traffic_light_group__builder.hpp
[0.400s] -- Up-to-date: /home/jmj/dream_ws/install/autoware_perception_msgs/include/autoware_perception_msgs/autoware_perception_msgs/msg/detail/predicted_traffic_light_state__type_support.hpp
[0.400s] -- Up-to-date: /home/jmj/dream_ws/install/autoware_perception_msgs/include/autoware_perception_msgs/autoware_perception_msgs/msg/detail/predicted_path__type_support.hpp
[0.400s] -- Up-to-date: /home/jmj/dream_ws/install/autoware_perception_msgs/include/autoware_perception_msgs/autoware_perception_msgs/msg/object_classification.hpp
[0.400s] -- Up-to-date: /home/jmj/dream_ws/install/autoware_perception_msgs/include/autoware_perception_msgs/autoware_perception_msgs/msg/traffic_light_group_array.hpp
[0.400s] -- Up-to-date: /home/jmj/dream_ws/install/autoware_perception_msgs/include/autoware_perception_msgs/autoware_perception_msgs/msg/predicted_objects.hpp
[0.400s] -- Up-to-date: /home/jmj/dream_ws/install/autoware_perception_msgs/include/autoware_perception_msgs/autoware_perception_msgs/msg/predicted_object.hpp
[0.400s] -- Up-to-date: /home/jmj/dream_ws/install/autoware_perception_msgs/include/autoware_perception_msgs/autoware_perception_msgs/msg/tracked_object_kinematics.hpp
[0.400s] -- Up-to-date: /home/jmj/dream_ws/install/autoware_perception_msgs/include/autoware_perception_msgs/autoware_perception_msgs/msg/traffic_signal.hpp
[0.400s] -- Up-to-date: /home/jmj/dream_ws/install/autoware_perception_msgs/include/autoware_perception_msgs/autoware_perception_msgs/msg/traffic_light_group.hpp
[0.400s] -- Up-to-date: /home/jmj/dream_ws/install/autoware_perception_msgs/include/autoware_perception_msgs/autoware_perception_msgs/msg/predicted_traffic_light_state.hpp
[0.400s] -- Up-to-date: /home/jmj/dream_ws/install/autoware_perception_msgs/include/autoware_perception_msgs/autoware_perception_msgs/msg/detected_object_kinematics.hpp
[0.400s] -- Up-to-date: /home/jmj/dream_ws/install/autoware_perception_msgs/include/autoware_perception_msgs/autoware_perception_msgs/msg/traffic_signal_array.hpp
[0.401s] -- Up-to-date: /home/jmj/dream_ws/install/autoware_perception_msgs/include/autoware_perception_msgs/autoware_perception_msgs/msg/detected_objects.hpp
[0.401s] -- Up-to-date: /home/jmj/dream_ws/install/autoware_perception_msgs/include/autoware_perception_msgs/autoware_perception_msgs/msg/rosidl_generator_cpp__visibility_control.hpp
[0.401s] -- Up-to-date: /home/jmj/dream_ws/install/autoware_perception_msgs/include/autoware_perception_msgs/autoware_perception_msgs/msg/tracked_objects.hpp
[0.401s] -- Up-to-date: /home/jmj/dream_ws/install/autoware_perception_msgs/include/autoware_perception_msgs/autoware_perception_msgs/msg/shape.hpp
[0.401s] -- Up-to-date: /home/jmj/dream_ws/install/autoware_perception_msgs/include/autoware_perception_msgs/autoware_perception_msgs
[0.401s] -- Up-to-date: /home/jmj/dream_ws/install/autoware_perception_msgs/include/autoware_perception_msgs/autoware_perception_msgs/msg
[0.401s] -- Up-to-date: /home/jmj/dream_ws/install/autoware_perception_msgs/include/autoware_perception_msgs/autoware_perception_msgs/msg/detail
[0.401s] -- Up-to-date: /home/jmj/dream_ws/install/autoware_perception_msgs/include/autoware_perception_msgs/autoware_perception_msgs/msg/detail/dds_fastrtps
[0.401s] -- Up-to-date: /home/jmj/dream_ws/install/autoware_perception_msgs/include/autoware_perception_msgs/autoware_perception_msgs/msg/detail/traffic_signal__rosidl_typesupport_fastrtps_cpp.hpp
[0.401s] -- Up-to-date: /home/jmj/dream_ws/install/autoware_perception_msgs/include/autoware_perception_msgs/autoware_perception_msgs/msg/detail/predicted_traffic_light_state__rosidl_typesupport_fastrtps_cpp.hpp
[0.401s] -- Up-to-date: /home/jmj/dream_ws/install/autoware_perception_msgs/include/autoware_perception_msgs/autoware_perception_msgs/msg/detail/traffic_signal_element__rosidl_typesupport_fastrtps_cpp.hpp
[0.401s] -- Up-to-date: /home/jmj/dream_ws/install/autoware_perception_msgs/include/autoware_perception_msgs/autoware_perception_msgs/msg/detail/tracked_objects__rosidl_typesupport_fastrtps_cpp.hpp
[0.401s] -- Up-to-date: /home/jmj/dream_ws/install/autoware_perception_msgs/include/autoware_perception_msgs/autoware_perception_msgs/msg/detail/traffic_light_group_array__rosidl_typesupport_fastrtps_cpp.hpp
[0.401s] -- Up-to-date: /home/jmj/dream_ws/install/autoware_perception_msgs/include/autoware_perception_msgs/autoware_perception_msgs/msg/detail/detected_object__rosidl_typesupport_fastrtps_cpp.hpp
[0.401s] -- Up-to-date: /home/jmj/dream_ws/install/autoware_perception_msgs/include/autoware_perception_msgs/autoware_perception_msgs/msg/detail/predicted_path__rosidl_typesupport_fastrtps_cpp.hpp
[0.401s] -- Up-to-date: /home/jmj/dream_ws/install/autoware_perception_msgs/include/autoware_perception_msgs/autoware_perception_msgs/msg/detail/predicted_object__rosidl_typesupport_fastrtps_cpp.hpp
[0.401s] -- Up-to-date: /home/jmj/dream_ws/install/autoware_perception_msgs/include/autoware_perception_msgs/autoware_perception_msgs/msg/detail/shape__rosidl_typesupport_fastrtps_cpp.hpp
[0.401s] -- Up-to-date: /home/jmj/dream_ws/install/autoware_perception_msgs/include/autoware_perception_msgs/autoware_perception_msgs/msg/detail/predicted_object_kinematics__rosidl_typesupport_fastrtps_cpp.hpp
[0.401s] -- Up-to-date: /home/jmj/dream_ws/install/autoware_perception_msgs/include/autoware_perception_msgs/autoware_perception_msgs/msg/detail/detected_object_kinematics__rosidl_typesupport_fastrtps_cpp.hpp
[0.401s] -- Up-to-date: /home/jmj/dream_ws/install/autoware_perception_msgs/include/autoware_perception_msgs/autoware_perception_msgs/msg/detail/object_classification__rosidl_typesupport_fastrtps_cpp.hpp
[0.401s] -- Up-to-date: /home/jmj/dream_ws/install/autoware_perception_msgs/include/autoware_perception_msgs/autoware_perception_msgs/msg/detail/predicted_objects__rosidl_typesupport_fastrtps_cpp.hpp
[0.401s] -- Up-to-date: /home/jmj/dream_ws/install/autoware_perception_msgs/include/autoware_perception_msgs/autoware_perception_msgs/msg/detail/tracked_object_kinematics__rosidl_typesupport_fastrtps_cpp.hpp
[0.401s] -- Up-to-date: /home/jmj/dream_ws/install/autoware_perception_msgs/include/autoware_perception_msgs/autoware_perception_msgs/msg/detail/tracked_object__rosidl_typesupport_fastrtps_cpp.hpp
[0.402s] -- Up-to-date: /home/jmj/dream_ws/install/autoware_perception_msgs/include/autoware_perception_msgs/autoware_perception_msgs/msg/detail/detected_objects__rosidl_typesupport_fastrtps_cpp.hpp
[0.402s] -- Up-to-date: /home/jmj/dream_ws/install/autoware_perception_msgs/include/autoware_perception_msgs/autoware_perception_msgs/msg/detail/traffic_light_group__rosidl_typesupport_fastrtps_cpp.hpp
[0.402s] -- Up-to-date: /home/jmj/dream_ws/install/autoware_perception_msgs/include/autoware_perception_msgs/autoware_perception_msgs/msg/detail/traffic_light_element__rosidl_typesupport_fastrtps_cpp.hpp
[0.402s] -- Up-to-date: /home/jmj/dream_ws/install/autoware_perception_msgs/include/autoware_perception_msgs/autoware_perception_msgs/msg/detail/traffic_signal_array__rosidl_typesupport_fastrtps_cpp.hpp
[0.402s] -- Up-to-date: /home/jmj/dream_ws/install/autoware_perception_msgs/include/autoware_perception_msgs/autoware_perception_msgs/msg/rosidl_typesupport_fastrtps_cpp__visibility_control.h
[0.402s] -- Up-to-date: /home/jmj/dream_ws/install/autoware_perception_msgs/lib/libautoware_perception_msgs__rosidl_typesupport_fastrtps_cpp.so
[0.402s] -- Up-to-date: /home/jmj/dream_ws/install/autoware_perception_msgs/include/autoware_perception_msgs/autoware_perception_msgs
[0.402s] -- Up-to-date: /home/jmj/dream_ws/install/autoware_perception_msgs/include/autoware_perception_msgs/autoware_perception_msgs/msg
[0.402s] -- Up-to-date: /home/jmj/dream_ws/install/autoware_perception_msgs/include/autoware_perception_msgs/autoware_perception_msgs/msg/detail
[0.402s] -- Up-to-date: /home/jmj/dream_ws/install/autoware_perception_msgs/include/autoware_perception_msgs/autoware_perception_msgs/msg/detail/traffic_light_group__type_support.c
[0.402s] -- Up-to-date: /home/jmj/dream_ws/install/autoware_perception_msgs/include/autoware_perception_msgs/autoware_perception_msgs/msg/detail/object_classification__rosidl_typesupport_introspection_c.h
[0.402s] -- Up-to-date: /home/jmj/dream_ws/install/autoware_perception_msgs/include/autoware_perception_msgs/autoware_perception_msgs/msg/detail/predicted_objects__rosidl_typesupport_introspection_c.h
[0.402s] -- Up-to-date: /home/jmj/dream_ws/install/autoware_perception_msgs/include/autoware_perception_msgs/autoware_perception_msgs/msg/detail/traffic_light_element__type_support.c
[0.402s] -- Up-to-date: /home/jmj/dream_ws/install/autoware_perception_msgs/include/autoware_perception_msgs/autoware_perception_msgs/msg/detail/predicted_object_kinematics__rosidl_typesupport_introspection_c.h
[0.402s] -- Up-to-date: /home/jmj/dream_ws/install/autoware_perception_msgs/include/autoware_perception_msgs/autoware_perception_msgs/msg/detail/predicted_traffic_light_state__type_support.c
[0.403s] -- Up-to-date: /home/jmj/dream_ws/install/autoware_perception_msgs/include/autoware_perception_msgs/autoware_perception_msgs/msg/detail/traffic_light_element__rosidl_typesupport_introspection_c.h
[0.403s] -- Up-to-date: /home/jmj/dream_ws/install/autoware_perception_msgs/include/autoware_perception_msgs/autoware_perception_msgs/msg/detail/predicted_objects__type_support.c
[0.403s] -- Up-to-date: /home/jmj/dream_ws/install/autoware_perception_msgs/include/autoware_perception_msgs/autoware_perception_msgs/msg/detail/traffic_signal_array__type_support.c
[0.403s] -- Up-to-date: /home/jmj/dream_ws/install/autoware_perception_msgs/include/autoware_perception_msgs/autoware_perception_msgs/msg/detail/predicted_object__rosidl_typesupport_introspection_c.h
[0.403s] -- Up-to-date: /home/jmj/dream_ws/install/autoware_perception_msgs/include/autoware_perception_msgs/autoware_perception_msgs/msg/detail/detected_objects__rosidl_typesupport_introspection_c.h
[0.403s] -- Up-to-date: /home/jmj/dream_ws/install/autoware_perception_msgs/include/autoware_perception_msgs/autoware_perception_msgs/msg/detail/traffic_signal__rosidl_typesupport_introspection_c.h
[0.403s] -- Up-to-date: /home/jmj/dream_ws/install/autoware_perception_msgs/include/autoware_perception_msgs/autoware_perception_msgs/msg/detail/predicted_traffic_light_state__rosidl_typesupport_introspection_c.h
[0.403s] -- Up-to-date: /home/jmj/dream_ws/install/autoware_perception_msgs/include/autoware_perception_msgs/autoware_perception_msgs/msg/detail/tracked_object_kinematics__rosidl_typesupport_introspection_c.h
[0.403s] -- Up-to-date: /home/jmj/dream_ws/install/autoware_perception_msgs/include/autoware_perception_msgs/autoware_perception_msgs/msg/detail/predicted_object__type_support.c
[0.403s] -- Up-to-date: /home/jmj/dream_ws/install/autoware_perception_msgs/include/autoware_perception_msgs/autoware_perception_msgs/msg/detail/traffic_signal_element__type_support.c
[0.403s] -- Up-to-date: /home/jmj/dream_ws/install/autoware_perception_msgs/include/autoware_perception_msgs/autoware_perception_msgs/msg/detail/traffic_signal__type_support.c
[0.403s] -- Up-to-date: /home/jmj/dream_ws/install/autoware_perception_msgs/include/autoware_perception_msgs/autoware_perception_msgs/msg/detail/tracked_object__rosidl_typesupport_introspection_c.h
[0.403s] -- Up-to-date: /home/jmj/dream_ws/install/autoware_perception_msgs/include/autoware_perception_msgs/autoware_perception_msgs/msg/detail/shape__rosidl_typesupport_introspection_c.h
[0.403s] -- Up-to-date: /home/jmj/dream_ws/install/autoware_perception_msgs/include/autoware_perception_msgs/autoware_perception_msgs/msg/detail/predicted_object_kinematics__type_support.c
[0.403s] -- Up-to-date: /home/jmj/dream_ws/install/autoware_perception_msgs/include/autoware_perception_msgs/autoware_perception_msgs/msg/detail/traffic_light_group_array__type_support.c
[0.403s] -- Up-to-date: /home/jmj/dream_ws/install/autoware_perception_msgs/include/autoware_perception_msgs/autoware_perception_msgs/msg/detail/detected_object_kinematics__rosidl_typesupport_introspection_c.h
[0.403s] -- Up-to-date: /home/jmj/dream_ws/install/autoware_perception_msgs/include/autoware_perception_msgs/autoware_perception_msgs/msg/detail/traffic_signal_array__rosidl_typesupport_introspection_c.h
[0.403s] -- Up-to-date: /home/jmj/dream_ws/install/autoware_perception_msgs/include/autoware_perception_msgs/autoware_perception_msgs/msg/detail/tracked_object__type_support.c
[0.403s] -- Up-to-date: /home/jmj/dream_ws/install/autoware_perception_msgs/include/autoware_perception_msgs/autoware_perception_msgs/msg/detail/traffic_signal_element__rosidl_typesupport_introspection_c.h
[0.403s] -- Up-to-date: /home/jmj/dream_ws/install/autoware_perception_msgs/include/autoware_perception_msgs/autoware_perception_msgs/msg/detail/detected_object__rosidl_typesupport_introspection_c.h
[0.403s] -- Up-to-date: /home/jmj/dream_ws/install/autoware_perception_msgs/include/autoware_perception_msgs/autoware_perception_msgs/msg/detail/object_classification__type_support.c
[0.403s] -- Up-to-date: /home/jmj/dream_ws/install/autoware_perception_msgs/include/autoware_perception_msgs/autoware_perception_msgs/msg/detail/tracked_objects__rosidl_typesupport_introspection_c.h
[0.403s] -- Up-to-date: /home/jmj/dream_ws/install/autoware_perception_msgs/include/autoware_perception_msgs/autoware_perception_msgs/msg/detail/traffic_light_group_array__rosidl_typesupport_introspection_c.h
[0.403s] -- Up-to-date: /home/jmj/dream_ws/install/autoware_perception_msgs/include/autoware_perception_msgs/autoware_perception_msgs/msg/detail/predicted_path__type_support.c
[0.403s] -- Up-to-date: /home/jmj/dream_ws/install/autoware_perception_msgs/include/autoware_perception_msgs/autoware_perception_msgs/msg/detail/predicted_path__rosidl_typesupport_introspection_c.h
[0.403s] -- Up-to-date: /home/jmj/dream_ws/install/autoware_perception_msgs/include/autoware_perception_msgs/autoware_perception_msgs/msg/detail/shape__type_support.c
[0.403s] -- Up-to-date: /home/jmj/dream_ws/install/autoware_perception_msgs/include/autoware_perception_msgs/autoware_perception_msgs/msg/detail/tracked_object_kinematics__type_support.c
[0.404s] -- Up-to-date: /home/jmj/dream_ws/install/autoware_perception_msgs/include/autoware_perception_msgs/autoware_perception_msgs/msg/detail/detected_object_kinematics__type_support.c
[0.404s] -- Up-to-date: /home/jmj/dream_ws/install/autoware_perception_msgs/include/autoware_perception_msgs/autoware_perception_msgs/msg/detail/detected_object__type_support.c
[0.404s] -- Up-to-date: /home/jmj/dream_ws/install/autoware_perception_msgs/include/autoware_perception_msgs/autoware_perception_msgs/msg/detail/traffic_light_group__rosidl_typesupport_introspection_c.h
[0.404s] -- Up-to-date: /home/jmj/dream_ws/install/autoware_perception_msgs/include/autoware_perception_msgs/autoware_perception_msgs/msg/detail/tracked_objects__type_support.c
[0.404s] -- Up-to-date: /home/jmj/dream_ws/install/autoware_perception_msgs/include/autoware_perception_msgs/autoware_perception_msgs/msg/detail/detected_objects__type_support.c
[0.404s] -- Up-to-date: /home/jmj/dream_ws/install/autoware_perception_msgs/include/autoware_perception_msgs/autoware_perception_msgs/msg/rosidl_typesupport_introspection_c__visibility_control.h
[0.404s] -- Up-to-date: /home/jmj/dream_ws/install/autoware_perception_msgs/lib/libautoware_perception_msgs__rosidl_typesupport_introspection_c.so
[0.404s] -- Up-to-date: /home/jmj/dream_ws/install/autoware_perception_msgs/lib/libautoware_perception_msgs__rosidl_typesupport_c.so
[0.404s] -- Up-to-date: /home/jmj/dream_ws/install/autoware_perception_msgs/include/autoware_perception_msgs/autoware_perception_msgs
[0.404s] -- Up-to-date: /home/jmj/dream_ws/install/autoware_perception_msgs/include/autoware_perception_msgs/autoware_perception_msgs/msg
[0.404s] -- Up-to-date: /home/jmj/dream_ws/install/autoware_perception_msgs/include/autoware_perception_msgs/autoware_perception_msgs/msg/detail
[0.404s] -- Up-to-date: /home/jmj/dream_ws/install/autoware_perception_msgs/include/autoware_perception_msgs/autoware_perception_msgs/msg/detail/detected_object__type_support.cpp
[0.404s] -- Up-to-date: /home/jmj/dream_ws/install/autoware_perception_msgs/include/autoware_perception_msgs/autoware_perception_msgs/msg/detail/traffic_signal__type_support.cpp
[0.404s] -- Up-to-date: /home/jmj/dream_ws/install/autoware_perception_msgs/include/autoware_perception_msgs/autoware_perception_msgs/msg/detail/traffic_light_group__rosidl_typesupport_introspection_cpp.hpp
[0.404s] -- Up-to-date: /home/jmj/dream_ws/install/autoware_perception_msgs/include/autoware_perception_msgs/autoware_perception_msgs/msg/detail/traffic_light_element__type_support.cpp
[0.404s] -- Up-to-date: /home/jmj/dream_ws/install/autoware_perception_msgs/include/autoware_perception_msgs/autoware_perception_msgs/msg/detail/traffic_light_group_array__rosidl_typesupport_introspection_cpp.hpp
[0.404s] -- Up-to-date: /home/jmj/dream_ws/install/autoware_perception_msgs/include/autoware_perception_msgs/autoware_perception_msgs/msg/detail/tracked_object__type_support.cpp
[0.404s] -- Up-to-date: /home/jmj/dream_ws/install/autoware_perception_msgs/include/autoware_perception_msgs/autoware_perception_msgs/msg/detail/predicted_objects__type_support.cpp
[0.404s] -- Up-to-date: /home/jmj/dream_ws/install/autoware_perception_msgs/include/autoware_perception_msgs/autoware_perception_msgs/msg/detail/predicted_traffic_light_state__rosidl_typesupport_introspection_cpp.hpp
[0.404s] -- Up-to-date: /home/jmj/dream_ws/install/autoware_perception_msgs/include/autoware_perception_msgs/autoware_perception_msgs/msg/detail/traffic_signal_array__rosidl_typesupport_introspection_cpp.hpp
[0.404s] -- Up-to-date: /home/jmj/dream_ws/install/autoware_perception_msgs/include/autoware_perception_msgs/autoware_perception_msgs/msg/detail/object_classification__rosidl_typesupport_introspection_cpp.hpp
[0.404s] -- Up-to-date: /home/jmj/dream_ws/install/autoware_perception_msgs/include/autoware_perception_msgs/autoware_perception_msgs/msg/detail/predicted_path__type_support.cpp
[0.404s] -- Up-to-date: /home/jmj/dream_ws/install/autoware_perception_msgs/include/autoware_perception_msgs/autoware_perception_msgs/msg/detail/predicted_objects__rosidl_typesupport_introspection_cpp.hpp
[0.404s] -- Up-to-date: /home/jmj/dream_ws/install/autoware_perception_msgs/include/autoware_perception_msgs/autoware_perception_msgs/msg/detail/predicted_object_kinematics__type_support.cpp
[0.404s] -- Up-to-date: /home/jmj/dream_ws/install/autoware_perception_msgs/include/autoware_perception_msgs/autoware_perception_msgs/msg/detail/predicted_traffic_light_state__type_support.cpp
[0.404s] -- Up-to-date: /home/jmj/dream_ws/install/autoware_perception_msgs/include/autoware_perception_msgs/autoware_perception_msgs/msg/detail/traffic_signal_element__type_support.cpp
[0.404s] -- Up-to-date: /home/jmj/dream_ws/install/autoware_perception_msgs/include/autoware_perception_msgs/autoware_perception_msgs/msg/detail/traffic_signal__rosidl_typesupport_introspection_cpp.hpp
[0.404s] -- Up-to-date: /home/jmj/dream_ws/install/autoware_perception_msgs/include/autoware_perception_msgs/autoware_perception_msgs/msg/detail/tracked_objects__type_support.cpp
[0.404s] -- Up-to-date: /home/jmj/dream_ws/install/autoware_perception_msgs/include/autoware_perception_msgs/autoware_perception_msgs/msg/detail/predicted_path__rosidl_typesupport_introspection_cpp.hpp
[0.405s] -- Up-to-date: /home/jmj/dream_ws/install/autoware_perception_msgs/include/autoware_perception_msgs/autoware_perception_msgs/msg/detail/traffic_signal_array__type_support.cpp
[0.405s] -- Up-to-date: /home/jmj/dream_ws/install/autoware_perception_msgs/include/autoware_perception_msgs/autoware_perception_msgs/msg/detail/detected_object_kinematics__type_support.cpp
[0.405s] -- Up-to-date: /home/jmj/dream_ws/install/autoware_perception_msgs/include/autoware_perception_msgs/autoware_perception_msgs/msg/detail/predicted_object_kinematics__rosidl_typesupport_introspection_cpp.hpp
[0.405s] -- Up-to-date: /home/jmj/dream_ws/install/autoware_perception_msgs/include/autoware_perception_msgs/autoware_perception_msgs/msg/detail/detected_objects__type_support.cpp
[0.405s] -- Up-to-date: /home/jmj/dream_ws/install/autoware_perception_msgs/include/autoware_perception_msgs/autoware_perception_msgs/msg/detail/traffic_light_group_array__type_support.cpp
[0.405s] -- Up-to-date: /home/jmj/dream_ws/install/autoware_perception_msgs/include/autoware_perception_msgs/autoware_perception_msgs/msg/detail/detected_object__rosidl_typesupport_introspection_cpp.hpp
[0.405s] -- Up-to-date: /home/jmj/dream_ws/install/autoware_perception_msgs/include/autoware_perception_msgs/autoware_perception_msgs/msg/detail/traffic_light_element__rosidl_typesupport_introspection_cpp.hpp
[0.405s] -- Up-to-date: /home/jmj/dream_ws/install/autoware_perception_msgs/include/autoware_perception_msgs/autoware_perception_msgs/msg/detail/traffic_light_group__type_support.cpp
[0.405s] -- Up-to-date: /home/jmj/dream_ws/install/autoware_perception_msgs/include/autoware_perception_msgs/autoware_perception_msgs/msg/detail/tracked_object_kinematics__rosidl_typesupport_introspection_cpp.hpp
[0.405s] -- Up-to-date: /home/jmj/dream_ws/install/autoware_perception_msgs/include/autoware_perception_msgs/autoware_perception_msgs/msg/detail/tracked_objects__rosidl_typesupport_introspection_cpp.hpp
[0.405s] -- Up-to-date: /home/jmj/dream_ws/install/autoware_perception_msgs/include/autoware_perception_msgs/autoware_perception_msgs/msg/detail/traffic_signal_element__rosidl_typesupport_introspection_cpp.hpp
[0.405s] -- Up-to-date: /home/jmj/dream_ws/install/autoware_perception_msgs/include/autoware_perception_msgs/autoware_perception_msgs/msg/detail/detected_object_kinematics__rosidl_typesupport_introspection_cpp.hpp
[0.405s] -- Up-to-date: /home/jmj/dream_ws/install/autoware_perception_msgs/include/autoware_perception_msgs/autoware_perception_msgs/msg/detail/object_classification__type_support.cpp
[0.405s] -- Up-to-date: /home/jmj/dream_ws/install/autoware_perception_msgs/include/autoware_perception_msgs/autoware_perception_msgs/msg/detail/shape__rosidl_typesupport_introspection_cpp.hpp
[0.406s] -- Up-to-date: /home/jmj/dream_ws/install/autoware_perception_msgs/include/autoware_perception_msgs/autoware_perception_msgs/msg/detail/detected_objects__rosidl_typesupport_introspection_cpp.hpp
[0.406s] -- Up-to-date: /home/jmj/dream_ws/install/autoware_perception_msgs/include/autoware_perception_msgs/autoware_perception_msgs/msg/detail/tracked_object_kinematics__type_support.cpp
[0.406s] -- Up-to-date: /home/jmj/dream_ws/install/autoware_perception_msgs/include/autoware_perception_msgs/autoware_perception_msgs/msg/detail/shape__type_support.cpp
[0.406s] -- Up-to-date: /home/jmj/dream_ws/install/autoware_perception_msgs/include/autoware_perception_msgs/autoware_perception_msgs/msg/detail/predicted_object__type_support.cpp
[0.406s] -- Up-to-date: /home/jmj/dream_ws/install/autoware_perception_msgs/include/autoware_perception_msgs/autoware_perception_msgs/msg/detail/predicted_object__rosidl_typesupport_introspection_cpp.hpp
[0.406s] -- Up-to-date: /home/jmj/dream_ws/install/autoware_perception_msgs/include/autoware_perception_msgs/autoware_perception_msgs/msg/detail/tracked_object__rosidl_typesupport_introspection_cpp.hpp
[0.406s] -- Up-to-date: /home/jmj/dream_ws/install/autoware_perception_msgs/lib/libautoware_perception_msgs__rosidl_typesupport_introspection_cpp.so
[0.406s] -- Up-to-date: /home/jmj/dream_ws/install/autoware_perception_msgs/lib/libautoware_perception_msgs__rosidl_typesupport_cpp.so
[0.406s] -- Up-to-date: /home/jmj/dream_ws/install/autoware_perception_msgs/share/autoware_perception_msgs/environment/pythonpath.sh
[0.406s] -- Up-to-date: /home/jmj/dream_ws/install/autoware_perception_msgs/share/autoware_perception_msgs/environment/pythonpath.dsv
[0.406s] -- Up-to-date: /home/jmj/dream_ws/install/autoware_perception_msgs/local/lib/python3.10/dist-packages/autoware_perception_msgs-1.8.0-py3.10.egg-info
[0.406s] -- Installing: /home/jmj/dream_ws/install/autoware_perception_msgs/local/lib/python3.10/dist-packages/autoware_perception_msgs-1.8.0-py3.10.egg-info/dependency_links.txt
[0.406s] -- Installing: /home/jmj/dream_ws/install/autoware_perception_msgs/local/lib/python3.10/dist-packages/autoware_perception_msgs-1.8.0-py3.10.egg-info/top_level.txt
[0.406s] -- Installing: /home/jmj/dream_ws/install/autoware_perception_msgs/local/lib/python3.10/dist-packages/autoware_perception_msgs-1.8.0-py3.10.egg-info/PKG-INFO
[0.406s] -- Installing: /home/jmj/dream_ws/install/autoware_perception_msgs/local/lib/python3.10/dist-packages/autoware_perception_msgs-1.8.0-py3.10.egg-info/SOURCES.txt
[0.406s] -- Up-to-date: /home/jmj/dream_ws/install/autoware_perception_msgs/local/lib/python3.10/dist-packages/autoware_perception_msgs
[0.406s] -- Up-to-date: /home/jmj/dream_ws/install/autoware_perception_msgs/local/lib/python3.10/dist-packages/autoware_perception_msgs/_autoware_perception_msgs_s.ep.rosidl_typesupport_introspection_c.c
[0.406s] -- Up-to-date: /home/jmj/dream_ws/install/autoware_perception_msgs/local/lib/python3.10/dist-packages/autoware_perception_msgs/autoware_perception_msgs_s__rosidl_typesupport_introspection_c.cpython-310-x86_64-linux-gnu.so
[0.406s] -- Up-to-date: /home/jmj/dream_ws/install/autoware_perception_msgs/local/lib/python3.10/dist-packages/autoware_perception_msgs/__init__.py
[0.406s] -- Up-to-date: /home/jmj/dream_ws/install/autoware_perception_msgs/local/lib/python3.10/dist-packages/autoware_perception_msgs/libautoware_perception_msgs__rosidl_generator_py.so
[0.406s] -- Up-to-date: /home/jmj/dream_ws/install/autoware_perception_msgs/local/lib/python3.10/dist-packages/autoware_perception_msgs/autoware_perception_msgs_s__rosidl_typesupport_c.cpython-310-x86_64-linux-gnu.so
[0.406s] -- Up-to-date: /home/jmj/dream_ws/install/autoware_perception_msgs/local/lib/python3.10/dist-packages/autoware_perception_msgs/autoware_perception_msgs_s__rosidl_typesupport_fastrtps_c.cpython-310-x86_64-linux-gnu.so
[0.407s] -- Up-to-date: /home/jmj/dream_ws/install/autoware_perception_msgs/local/lib/python3.10/dist-packages/autoware_perception_msgs/_autoware_perception_msgs_s.ep.rosidl_typesupport_fastrtps_c.c
[0.407s] -- Up-to-date: /home/jmj/dream_ws/install/autoware_perception_msgs/local/lib/python3.10/dist-packages/autoware_perception_msgs/_autoware_perception_msgs_s.ep.rosidl_typesupport_c.c
[0.408s] -- Up-to-date: /home/jmj/dream_ws/install/autoware_perception_msgs/local/lib/python3.10/dist-packages/autoware_perception_msgs/msg
[0.408s] -- Up-to-date: /home/jmj/dream_ws/install/autoware_perception_msgs/local/lib/python3.10/dist-packages/autoware_perception_msgs/msg/_predicted_path_s.c
[0.409s] -- Up-to-date: /home/jmj/dream_ws/install/autoware_perception_msgs/local/lib/python3.10/dist-packages/autoware_perception_msgs/msg/_predicted_object_kinematics_s.c
[0.409s] -- Up-to-date: /home/jmj/dream_ws/install/autoware_perception_msgs/local/lib/python3.10/dist-packages/autoware_perception_msgs/msg/_predicted_object_s.c
[0.409s] -- Up-to-date: /home/jmj/dream_ws/install/autoware_perception_msgs/local/lib/python3.10/dist-packages/autoware_perception_msgs/msg/_traffic_signal_s.c
[0.409s] -- Up-to-date: /home/jmj/dream_ws/install/autoware_perception_msgs/local/lib/python3.10/dist-packages/autoware_perception_msgs/msg/_tracked_object_kinematics_s.c
[0.409s] -- Up-to-date: /home/jmj/dream_ws/install/autoware_perception_msgs/local/lib/python3.10/dist-packages/autoware_perception_msgs/msg/_traffic_light_group_s.c
[0.409s] -- Up-to-date: /home/jmj/dream_ws/install/autoware_perception_msgs/local/lib/python3.10/dist-packages/autoware_perception_msgs/msg/__init__.py
[0.409s] -- Up-to-date: /home/jmj/dream_ws/install/autoware_perception_msgs/local/lib/python3.10/dist-packages/autoware_perception_msgs/msg/_tracked_objects.py
[0.409s] -- Up-to-date: /home/jmj/dream_ws/install/autoware_perception_msgs/local/lib/python3.10/dist-packages/autoware_perception_msgs/msg/_predicted_objects_s.c
[0.410s] -- Up-to-date: /home/jmj/dream_ws/install/autoware_perception_msgs/local/lib/python3.10/dist-packages/autoware_perception_msgs/msg/_detected_objects.py
[0.410s] -- Up-to-date: /home/jmj/dream_ws/install/autoware_perception_msgs/local/lib/python3.10/dist-packages/autoware_perception_msgs/msg/_tracked_object_s.c
[0.410s] -- Up-to-date: /home/jmj/dream_ws/install/autoware_perception_msgs/local/lib/python3.10/dist-packages/autoware_perception_msgs/msg/_traffic_light_element.py
[0.410s] -- Up-to-date: /home/jmj/dream_ws/install/autoware_perception_msgs/local/lib/python3.10/dist-packages/autoware_perception_msgs/msg/_traffic_light_element_s.c
[0.410s] -- Up-to-date: /home/jmj/dream_ws/install/autoware_perception_msgs/local/lib/python3.10/dist-packages/autoware_perception_msgs/msg/_detected_object_s.c
[0.410s] -- Up-to-date: /home/jmj/dream_ws/install/autoware_perception_msgs/local/lib/python3.10/dist-packages/autoware_perception_msgs/msg/_predicted_object.py
[0.410s] -- Up-to-date: /home/jmj/dream_ws/install/autoware_perception_msgs/local/lib/python3.10/dist-packages/autoware_perception_msgs/msg/_traffic_light_group_array_s.c
[0.410s] -- Up-to-date: /home/jmj/dream_ws/install/autoware_perception_msgs/local/lib/python3.10/dist-packages/autoware_perception_msgs/msg/_object_classification_s.c
[0.410s] -- Up-to-date: /home/jmj/dream_ws/install/autoware_perception_msgs/local/lib/python3.10/dist-packages/autoware_perception_msgs/msg/_traffic_signal_array.py
[0.410s] -- Up-to-date: /home/jmj/dream_ws/install/autoware_perception_msgs/local/lib/python3.10/dist-packages/autoware_perception_msgs/msg/_predicted_traffic_light_state.py
[0.410s] -- Up-to-date: /home/jmj/dream_ws/install/autoware_perception_msgs/local/lib/python3.10/dist-packages/autoware_perception_msgs/msg/_detected_object_kinematics.py
[0.410s] -- Up-to-date: /home/jmj/dream_ws/install/autoware_perception_msgs/local/lib/python3.10/dist-packages/autoware_perception_msgs/msg/_predicted_objects.py
[0.410s] -- Up-to-date: /home/jmj/dream_ws/install/autoware_perception_msgs/local/lib/python3.10/dist-packages/autoware_perception_msgs/msg/_shape_s.c
[0.410s] -- Up-to-date: /home/jmj/dream_ws/install/autoware_perception_msgs/local/lib/python3.10/dist-packages/autoware_perception_msgs/msg/_traffic_light_group_array.py
[0.411s] -- Up-to-date: /home/jmj/dream_ws/install/autoware_perception_msgs/local/lib/python3.10/dist-packages/autoware_perception_msgs/msg/_traffic_signal_array_s.c
[0.411s] -- Up-to-date: /home/jmj/dream_ws/install/autoware_perception_msgs/local/lib/python3.10/dist-packages/autoware_perception_msgs/msg/_traffic_signal.py
[0.411s] -- Up-to-date: /home/jmj/dream_ws/install/autoware_perception_msgs/local/lib/python3.10/dist-packages/autoware_perception_msgs/msg/_object_classification.py
[0.411s] -- Up-to-date: /home/jmj/dream_ws/install/autoware_perception_msgs/local/lib/python3.10/dist-packages/autoware_perception_msgs/msg/_predicted_path.py
[0.411s] -- Up-to-date: /home/jmj/dream_ws/install/autoware_perception_msgs/local/lib/python3.10/dist-packages/autoware_perception_msgs/msg/_tracked_object_kinematics.py
[0.411s] -- Up-to-date: /home/jmj/dream_ws/install/autoware_perception_msgs/local/lib/python3.10/dist-packages/autoware_perception_msgs/msg/_shape.py
[0.411s] -- Up-to-date: /home/jmj/dream_ws/install/autoware_perception_msgs/local/lib/python3.10/dist-packages/autoware_perception_msgs/msg/_detected_objects_s.c
[0.411s] -- Up-to-date: /home/jmj/dream_ws/install/autoware_perception_msgs/local/lib/python3.10/dist-packages/autoware_perception_msgs/msg/_predicted_traffic_light_state_s.c
[0.411s] -- Up-to-date: /home/jmj/dream_ws/install/autoware_perception_msgs/local/lib/python3.10/dist-packages/autoware_perception_msgs/msg/_traffic_signal_element.py
[0.411s] -- Up-to-date: /home/jmj/dream_ws/install/autoware_perception_msgs/local/lib/python3.10/dist-packages/autoware_perception_msgs/msg/_traffic_signal_element_s.c
[0.412s] -- Up-to-date: /home/jmj/dream_ws/install/autoware_perception_msgs/local/lib/python3.10/dist-packages/autoware_perception_msgs/msg/_detected_object.py
[0.412s] -- Up-to-date: /home/jmj/dream_ws/install/autoware_perception_msgs/local/lib/python3.10/dist-packages/autoware_perception_msgs/msg/_tracked_objects_s.c
[0.412s] -- Up-to-date: /home/jmj/dream_ws/install/autoware_perception_msgs/local/lib/python3.10/dist-packages/autoware_perception_msgs/msg/_traffic_light_group.py
[0.412s] -- Up-to-date: /home/jmj/dream_ws/install/autoware_perception_msgs/local/lib/python3.10/dist-packages/autoware_perception_msgs/msg/_predicted_object_kinematics.py
[0.412s] -- Up-to-date: /home/jmj/dream_ws/install/autoware_perception_msgs/local/lib/python3.10/dist-packages/autoware_perception_msgs/msg/_detected_object_kinematics_s.c
[0.412s] -- Up-to-date: /home/jmj/dream_ws/install/autoware_perception_msgs/local/lib/python3.10/dist-packages/autoware_perception_msgs/msg/_tracked_object.py
[0.435s] Listing '/home/jmj/dream_ws/install/autoware_perception_msgs/local/lib/python3.10/dist-packages/autoware_perception_msgs'...
[0.435s] Listing '/home/jmj/dream_ws/install/autoware_perception_msgs/local/lib/python3.10/dist-packages/autoware_perception_msgs/msg'...
[0.437s] -- Up-to-date: /home/jmj/dream_ws/install/autoware_perception_msgs/local/lib/python3.10/dist-packages/autoware_perception_msgs/autoware_perception_msgs_s__rosidl_typesupport_fastrtps_c.cpython-310-x86_64-linux-gnu.so
[0.437s] -- Up-to-date: /home/jmj/dream_ws/install/autoware_perception_msgs/local/lib/python3.10/dist-packages/autoware_perception_msgs/autoware_perception_msgs_s__rosidl_typesupport_introspection_c.cpython-310-x86_64-linux-gnu.so
[0.437s] -- Up-to-date: /home/jmj/dream_ws/install/autoware_perception_msgs/local/lib/python3.10/dist-packages/autoware_perception_msgs/autoware_perception_msgs_s__rosidl_typesupport_c.cpython-310-x86_64-linux-gnu.so
[0.437s] -- Up-to-date: /home/jmj/dream_ws/install/autoware_perception_msgs/lib/libautoware_perception_msgs__rosidl_generator_py.so
[0.437s] -- Up-to-date: /home/jmj/dream_ws/install/autoware_perception_msgs/share/autoware_perception_msgs/msg/DetectedObject.idl
[0.437s] -- Up-to-date: /home/jmj/dream_ws/install/autoware_perception_msgs/share/autoware_perception_msgs/msg/DetectedObjectKinematics.idl
[0.437s] -- Up-to-date: /home/jmj/dream_ws/install/autoware_perception_msgs/share/autoware_perception_msgs/msg/DetectedObjects.idl
[0.437s] -- Up-to-date: /home/jmj/dream_ws/install/autoware_perception_msgs/share/autoware_perception_msgs/msg/ObjectClassification.idl
[0.437s] -- Up-to-date: /home/jmj/dream_ws/install/autoware_perception_msgs/share/autoware_perception_msgs/msg/PredictedObject.idl
[0.437s] -- Up-to-date: /home/jmj/dream_ws/install/autoware_perception_msgs/share/autoware_perception_msgs/msg/PredictedObjectKinematics.idl
[0.437s] -- Up-to-date: /home/jmj/dream_ws/install/autoware_perception_msgs/share/autoware_perception_msgs/msg/PredictedObjects.idl
[0.437s] -- Up-to-date: /home/jmj/dream_ws/install/autoware_perception_msgs/share/autoware_perception_msgs/msg/PredictedPath.idl
[0.437s] -- Up-to-date: /home/jmj/dream_ws/install/autoware_perception_msgs/share/autoware_perception_msgs/msg/PredictedTrafficLightState.idl
[0.437s] -- Up-to-date: /home/jmj/dream_ws/install/autoware_perception_msgs/share/autoware_perception_msgs/msg/Shape.idl
[0.438s] -- Up-to-date: /home/jmj/dream_ws/install/autoware_perception_msgs/share/autoware_perception_msgs/msg/TrackedObject.idl
[0.438s] -- Up-to-date: /home/jmj/dream_ws/install/autoware_perception_msgs/share/autoware_perception_msgs/msg/TrackedObjectKinematics.idl
[0.438s] -- Up-to-date: /home/jmj/dream_ws/install/autoware_perception_msgs/share/autoware_perception_msgs/msg/TrackedObjects.idl
[0.438s] -- Up-to-date: /home/jmj/dream_ws/install/autoware_perception_msgs/share/autoware_perception_msgs/msg/TrafficLightElement.idl
[0.438s] -- Up-to-date: /home/jmj/dream_ws/install/autoware_perception_msgs/share/autoware_perception_msgs/msg/TrafficLightGroup.idl
[0.438s] -- Up-to-date: /home/jmj/dream_ws/install/autoware_perception_msgs/share/autoware_perception_msgs/msg/TrafficLightGroupArray.idl
[0.438s] -- Up-to-date: /home/jmj/dream_ws/install/autoware_perception_msgs/share/autoware_perception_msgs/msg/TrafficSignalElement.idl
[0.438s] -- Up-to-date: /home/jmj/dream_ws/install/autoware_perception_msgs/share/autoware_perception_msgs/msg/TrafficSignal.idl
[0.438s] -- Up-to-date: /home/jmj/dream_ws/install/autoware_perception_msgs/share/autoware_perception_msgs/msg/TrafficSignalArray.idl
[0.438s] -- Up-to-date: /home/jmj/dream_ws/install/autoware_perception_msgs/share/autoware_perception_msgs/msg/DetectedObject.msg
[0.438s] -- Up-to-date: /home/jmj/dream_ws/install/autoware_perception_msgs/share/autoware_perception_msgs/msg/DetectedObjectKinematics.msg
[0.438s] -- Up-to-date: /home/jmj/dream_ws/install/autoware_perception_msgs/share/autoware_perception_msgs/msg/DetectedObjects.msg
[0.438s] -- Up-to-date: /home/jmj/dream_ws/install/autoware_perception_msgs/share/autoware_perception_msgs/msg/ObjectClassification.msg
[0.438s] -- Up-to-date: /home/jmj/dream_ws/install/autoware_perception_msgs/share/autoware_perception_msgs/msg/PredictedObject.msg
[0.438s] -- Up-to-date: /home/jmj/dream_ws/install/autoware_perception_msgs/share/autoware_perception_msgs/msg/PredictedObjectKinematics.msg
[0.438s] -- Up-to-date: /home/jmj/dream_ws/install/autoware_perception_msgs/share/autoware_perception_msgs/msg/PredictedObjects.msg
[0.438s] -- Up-to-date: /home/jmj/dream_ws/install/autoware_perception_msgs/share/autoware_perception_msgs/msg/PredictedPath.msg
[0.438s] -- Up-to-date: /home/jmj/dream_ws/install/autoware_perception_msgs/share/autoware_perception_msgs/msg/PredictedTrafficLightState.msg
[0.438s] -- Up-to-date: /home/jmj/dream_ws/install/autoware_perception_msgs/share/autoware_perception_msgs/msg/Shape.msg
[0.438s] -- Up-to-date: /home/jmj/dream_ws/install/autoware_perception_msgs/share/autoware_perception_msgs/msg/TrackedObject.msg
[0.438s] -- Up-to-date: /home/jmj/dream_ws/install/autoware_perception_msgs/share/autoware_perception_msgs/msg/TrackedObjectKinematics.msg
[0.438s] -- Up-to-date: /home/jmj/dream_ws/install/autoware_perception_msgs/share/autoware_perception_msgs/msg/TrackedObjects.msg
[0.438s] -- Up-to-date: /home/jmj/dream_ws/install/autoware_perception_msgs/share/autoware_perception_msgs/msg/TrafficLightElement.msg
[0.438s] -- Up-to-date: /home/jmj/dream_ws/install/autoware_perception_msgs/share/autoware_perception_msgs/msg/TrafficLightGroup.msg
[0.438s] -- Up-to-date: /home/jmj/dream_ws/install/autoware_perception_msgs/share/autoware_perception_msgs/msg/TrafficLightGroupArray.msg
[0.439s] -- Up-to-date: /home/jmj/dream_ws/install/autoware_perception_msgs/share/autoware_perception_msgs/msg/TrafficSignalElement.msg
[0.439s] -- Up-to-date: /home/jmj/dream_ws/install/autoware_perception_msgs/share/autoware_perception_msgs/msg/TrafficSignal.msg
[0.439s] -- Up-to-date: /home/jmj/dream_ws/install/autoware_perception_msgs/share/autoware_perception_msgs/msg/TrafficSignalArray.msg
[0.439s] -- Up-to-date: /home/jmj/dream_ws/install/autoware_perception_msgs/share/ament_index/resource_index/package_run_dependencies/autoware_perception_msgs
[0.439s] -- Up-to-date: /home/jmj/dream_ws/install/autoware_perception_msgs/share/ament_index/resource_index/parent_prefix_path/autoware_perception_msgs
[0.439s] -- Up-to-date: /home/jmj/dream_ws/install/autoware_perception_msgs/share/autoware_perception_msgs/environment/ament_prefix_path.sh
[0.439s] -- Up-to-date: /home/jmj/dream_ws/install/autoware_perception_msgs/share/autoware_perception_msgs/environment/ament_prefix_path.dsv
[0.439s] -- Up-to-date: /home/jmj/dream_ws/install/autoware_perception_msgs/share/autoware_perception_msgs/environment/path.sh
[0.439s] -- Up-to-date: /home/jmj/dream_ws/install/autoware_perception_msgs/share/autoware_perception_msgs/environment/path.dsv
[0.439s] -- Up-to-date: /home/jmj/dream_ws/install/autoware_perception_msgs/share/autoware_perception_msgs/local_setup.bash
[0.439s] -- Up-to-date: /home/jmj/dream_ws/install/autoware_perception_msgs/share/autoware_perception_msgs/local_setup.sh
[0.439s] -- Up-to-date: /home/jmj/dream_ws/install/autoware_perception_msgs/share/autoware_perception_msgs/local_setup.zsh
[0.439s] -- Up-to-date: /home/jmj/dream_ws/install/autoware_perception_msgs/share/autoware_perception_msgs/local_setup.dsv
[0.439s] -- Installing: /home/jmj/dream_ws/install/autoware_perception_msgs/share/autoware_perception_msgs/package.dsv
[0.439s] -- Up-to-date: /home/jmj/dream_ws/install/autoware_perception_msgs/share/ament_index/resource_index/packages/autoware_perception_msgs
[0.439s] -- Up-to-date: /home/jmj/dream_ws/install/autoware_perception_msgs/share/autoware_perception_msgs/cmake/export_autoware_perception_msgs__rosidl_generator_cExport.cmake
[0.439s] -- Up-to-date: /home/jmj/dream_ws/install/autoware_perception_msgs/share/autoware_perception_msgs/cmake/export_autoware_perception_msgs__rosidl_generator_cExport-noconfig.cmake
[0.439s] -- Up-to-date: /home/jmj/dream_ws/install/autoware_perception_msgs/share/autoware_perception_msgs/cmake/export_autoware_perception_msgs__rosidl_typesupport_fastrtps_cExport.cmake
[0.439s] -- Up-to-date: /home/jmj/dream_ws/install/autoware_perception_msgs/share/autoware_perception_msgs/cmake/export_autoware_perception_msgs__rosidl_typesupport_fastrtps_cExport-noconfig.cmake
[0.439s] -- Up-to-date: /home/jmj/dream_ws/install/autoware_perception_msgs/share/autoware_perception_msgs/cmake/export_autoware_perception_msgs__rosidl_generator_cppExport.cmake
[0.442s] -- Up-to-date: /home/jmj/dream_ws/install/autoware_perception_msgs/share/autoware_perception_msgs/cmake/export_autoware_perception_msgs__rosidl_typesupport_fastrtps_cppExport.cmake
[0.442s] -- Up-to-date: /home/jmj/dream_ws/install/autoware_perception_msgs/share/autoware_perception_msgs/cmake/export_autoware_perception_msgs__rosidl_typesupport_fastrtps_cppExport-noconfig.cmake
[0.442s] -- Up-to-date: /home/jmj/dream_ws/install/autoware_perception_msgs/share/autoware_perception_msgs/cmake/autoware_perception_msgs__rosidl_typesupport_introspection_cExport.cmake
[0.442s] -- Up-to-date: /home/jmj/dream_ws/install/autoware_perception_msgs/share/autoware_perception_msgs/cmake/autoware_perception_msgs__rosidl_typesupport_introspection_cExport-noconfig.cmake
[0.442s] -- Up-to-date: /home/jmj/dream_ws/install/autoware_perception_msgs/share/autoware_perception_msgs/cmake/autoware_perception_msgs__rosidl_typesupport_cExport.cmake
[0.442s] -- Up-to-date: /home/jmj/dream_ws/install/autoware_perception_msgs/share/autoware_perception_msgs/cmake/autoware_perception_msgs__rosidl_typesupport_cExport-noconfig.cmake
[0.442s] -- Up-to-date: /home/jmj/dream_ws/install/autoware_perception_msgs/share/autoware_perception_msgs/cmake/autoware_perception_msgs__rosidl_typesupport_introspection_cppExport.cmake
[0.442s] -- Up-to-date: /home/jmj/dream_ws/install/autoware_perception_msgs/share/autoware_perception_msgs/cmake/autoware_perception_msgs__rosidl_typesupport_introspection_cppExport-noconfig.cmake
[0.442s] -- Up-to-date: /home/jmj/dream_ws/install/autoware_perception_msgs/share/autoware_perception_msgs/cmake/autoware_perception_msgs__rosidl_typesupport_cppExport.cmake
[0.442s] -- Up-to-date: /home/jmj/dream_ws/install/autoware_perception_msgs/share/autoware_perception_msgs/cmake/autoware_perception_msgs__rosidl_typesupport_cppExport-noconfig.cmake
[0.442s] -- Up-to-date: /home/jmj/dream_ws/install/autoware_perception_msgs/share/autoware_perception_msgs/cmake/export_autoware_perception_msgs__rosidl_generator_pyExport.cmake
[0.442s] -- Up-to-date: /home/jmj/dream_ws/install/autoware_perception_msgs/share/autoware_perception_msgs/cmake/export_autoware_perception_msgs__rosidl_generator_pyExport-noconfig.cmake
[0.442s] -- Up-to-date: /home/jmj/dream_ws/install/autoware_perception_msgs/share/autoware_perception_msgs/cmake/rosidl_cmake-extras.cmake
[0.442s] -- Up-to-date: /home/jmj/dream_ws/install/autoware_perception_msgs/share/autoware_perception_msgs/cmake/ament_cmake_export_dependencies-extras.cmake
[0.442s] -- Up-to-date: /home/jmj/dream_ws/install/autoware_perception_msgs/share/autoware_perception_msgs/cmake/ament_cmake_export_include_directories-extras.cmake
[0.442s] -- Up-to-date: /home/jmj/dream_ws/install/autoware_perception_msgs/share/autoware_perception_msgs/cmake/ament_cmake_export_libraries-extras.cmake
[0.442s] -- Up-to-date: /home/jmj/dream_ws/install/autoware_perception_msgs/share/autoware_perception_msgs/cmake/ament_cmake_export_targets-extras.cmake
[0.442s] -- Up-to-date: /home/jmj/dream_ws/install/autoware_perception_msgs/share/autoware_perception_msgs/cmake/rosidl_cmake_export_typesupport_targets-extras.cmake
[0.442s] -- Up-to-date: /home/jmj/dream_ws/install/autoware_perception_msgs/share/autoware_perception_msgs/cmake/rosidl_cmake_export_typesupport_libraries-extras.cmake
[0.442s] -- Up-to-date: /home/jmj/dream_ws/install/autoware_perception_msgs/share/autoware_perception_msgs/cmake/autoware_perception_msgsConfig.cmake
[0.442s] -- Up-to-date: /home/jmj/dream_ws/install/autoware_perception_msgs/share/autoware_perception_msgs/cmake/autoware_perception_msgsConfig-version.cmake
[0.442s] -- Up-to-date: /home/jmj/dream_ws/install/autoware_perception_msgs/share/autoware_perception_msgs/package.xml
[0.471s] Invoked command in '/home/jmj/dream_ws/build/autoware_perception_msgs' returned '0': CMAKE_PREFIX_PATH=${CMAKE_PREFIX_PATH}:/home/jmj/dream_ws/install/dream:/opt/ros/humble /usr/bin/cmake --install /home/jmj/dream_ws/build/autoware_perception_msgs
