[0.022s] Invoking command in '/home/jmj/dream_ws/build/autoware_v2x_msgs': CMAKE_PREFIX_PATH=${CMAKE_PREFIX_PATH}:/home/jmj/dream_ws/install/dream:/opt/ros/humble /usr/bin/cmake --build /home/jmj/dream_ws/build/autoware_v2x_msgs -- -j20 -l20
[0.090s] [ 10%] Built target autoware_v2x_msgs__rosidl_generator_c
[0.096s] [ 12%] Built target autoware_v2x_msgs__cpp
[0.102s] [ 12%] Built target ament_cmake_python_copy_autoware_v2x_msgs
[0.132s] [ 23%] Built target autoware_v2x_msgs__rosidl_typesupport_c
[0.140s] [ 34%] Built target autoware_v2x_msgs__rosidl_typesupport_fastrtps_c
[0.140s] [ 45%] Built target autoware_v2x_msgs__rosidl_typesupport_introspection_c
[0.144s] [ 56%] Built target autoware_v2x_msgs__rosidl_typesupport_cpp
[0.147s] [ 67%] Built target autoware_v2x_msgs__rosidl_typesupport_introspection_cpp
[0.150s] [ 78%] Built target autoware_v2x_msgs__rosidl_typesupport_fastrtps_cpp
[0.168s] [ 78%] Built target autoware_v2x_msgs
[0.189s] [ 80%] Built target autoware_v2x_msgs__py
[0.232s] [ 89%] Built target autoware_v2x_msgs__rosidl_generator_py
[0.250s] [ 92%] Built target autoware_v2x_msgs__rosidl_typesupport_c__pyext
[0.250s] [ 96%] Built target autoware_v2x_msgs__rosidl_typesupport_fastrtps_c__pyext
[0.251s] [100%] Built target autoware_v2x_msgs__rosidl_typesupport_introspection_c__pyext
[0.364s] running egg_info
[0.368s] writing autoware_v2x_msgs.egg-info/PKG-INFO
[0.368s] writing dependency_links to autoware_v2x_msgs.egg-info/dependency_links.txt
[0.368s] writing top-level names to autoware_v2x_msgs.egg-info/top_level.txt
[0.375s] reading manifest file 'autoware_v2x_msgs.egg-info/SOURCES.txt'
[0.377s] writing manifest file 'autoware_v2x_msgs.egg-info/SOURCES.txt'
[0.390s] [100%] Built target ament_cmake_python_build_autoware_v2x_msgs_egg
[0.439s] Invoked command in '/home/jmj/dream_ws/build/autoware_v2x_msgs' returned '0': CMAKE_PREFIX_PATH=${CMAKE_PREFIX_PATH}:/home/jmj/dream_ws/install/dream:/opt/ros/humble /usr/bin/cmake --build /home/jmj/dream_ws/build/autoware_v2x_msgs -- -j20 -l20
[0.440s] Invoking command in '/home/jmj/dream_ws/build/autoware_v2x_msgs': CMAKE_PREFIX_PATH=${CMAKE_PREFIX_PATH}:/home/jmj/dream_ws/install/dream:/opt/ros/humble /usr/bin/cmake --install /home/jmj/dream_ws/build/autoware_v2x_msgs
[0.446s] -- Install configuration: ""
[0.446s] -- Up-to-date: /home/jmj/dream_ws/install/autoware_v2x_msgs/share/ament_index/resource_index/rosidl_interfaces/autoware_v2x_msgs
[0.446s] -- Up-to-date: /home/jmj/dream_ws/install/autoware_v2x_msgs/include/autoware_v2x_msgs/autoware_v2x_msgs
[0.446s] -- Up-to-date: /home/jmj/dream_ws/install/autoware_v2x_msgs/include/autoware_v2x_msgs/autoware_v2x_msgs/msg
[0.446s] -- Up-to-date: /home/jmj/dream_ws/install/autoware_v2x_msgs/include/autoware_v2x_msgs/autoware_v2x_msgs/msg/rosidl_generator_c__visibility_control.h
[0.446s] -- Up-to-date: /home/jmj/dream_ws/install/autoware_v2x_msgs/include/autoware_v2x_msgs/autoware_v2x_msgs/msg/detail
[0.446s] -- Up-to-date: /home/jmj/dream_ws/install/autoware_v2x_msgs/include/autoware_v2x_msgs/autoware_v2x_msgs/msg/detail/virtual_gate_area_command__functions.c
[0.446s] -- Up-to-date: /home/jmj/dream_ws/install/autoware_v2x_msgs/include/autoware_v2x_msgs/autoware_v2x_msgs/msg/detail/virtual_gate_command__functions.h
[0.446s] -- Up-to-date: /home/jmj/dream_ws/install/autoware_v2x_msgs/include/autoware_v2x_msgs/autoware_v2x_msgs/msg/detail/virtual_gate_area_status__struct.h
[0.446s] -- Up-to-date: /home/jmj/dream_ws/install/autoware_v2x_msgs/include/autoware_v2x_msgs/autoware_v2x_msgs/msg/detail/virtual_gate_command__type_support.h
[0.446s] -- Up-to-date: /home/jmj/dream_ws/install/autoware_v2x_msgs/include/autoware_v2x_msgs/autoware_v2x_msgs/msg/detail/virtual_gate_area_status__type_support.h
[0.446s] -- Up-to-date: /home/jmj/dream_ws/install/autoware_v2x_msgs/include/autoware_v2x_msgs/autoware_v2x_msgs/msg/detail/virtual_gate_status__functions.c
[0.446s] -- Up-to-date: /home/jmj/dream_ws/install/autoware_v2x_msgs/include/autoware_v2x_msgs/autoware_v2x_msgs/msg/detail/virtual_gate_area_command__functions.h
[0.446s] -- Up-to-date: /home/jmj/dream_ws/install/autoware_v2x_msgs/include/autoware_v2x_msgs/autoware_v2x_msgs/msg/detail/virtual_gate_area_status__functions.h
[0.446s] -- Up-to-date: /home/jmj/dream_ws/install/autoware_v2x_msgs/include/autoware_v2x_msgs/autoware_v2x_msgs/msg/detail/virtual_gate_command__struct.h
[0.446s] -- Up-to-date: /home/jmj/dream_ws/install/autoware_v2x_msgs/include/autoware_v2x_msgs/autoware_v2x_msgs/msg/detail/virtual_gate_area_command__struct.h
[0.446s] -- Up-to-date: /home/jmj/dream_ws/install/autoware_v2x_msgs/include/autoware_v2x_msgs/autoware_v2x_msgs/msg/detail/virtual_gate_area_status__functions.c
[0.446s] -- Up-to-date: /home/jmj/dream_ws/install/autoware_v2x_msgs/include/autoware_v2x_msgs/autoware_v2x_msgs/msg/detail/virtual_gate_status__functions.h
[0.446s] -- Up-to-date: /home/jmj/dream_ws/install/autoware_v2x_msgs/include/autoware_v2x_msgs/autoware_v2x_msgs/msg/detail/virtual_gate_status__struct.h
[0.446s] -- Up-to-date: /home/jmj/dream_ws/install/autoware_v2x_msgs/include/autoware_v2x_msgs/autoware_v2x_msgs/msg/detail/virtual_gate_area_command__type_support.h
[0.446s] -- Up-to-date: /home/jmj/dream_ws/install/autoware_v2x_msgs/include/autoware_v2x_msgs/autoware_v2x_msgs/msg/detail/virtual_gate_command__functions.c
[0.447s] -- Up-to-date: /home/jmj/dream_ws/install/autoware_v2x_msgs/include/autoware_v2x_msgs/autoware_v2x_msgs/msg/detail/virtual_gate_status__type_support.h
[0.447s] -- Up-to-date: /home/jmj/dream_ws/install/autoware_v2x_msgs/include/autoware_v2x_msgs/autoware_v2x_msgs/msg/virtual_gate_command.h
[0.447s] -- Up-to-date: /home/jmj/dream_ws/install/autoware_v2x_msgs/include/autoware_v2x_msgs/autoware_v2x_msgs/msg/virtual_gate_status.h
[0.447s] -- Up-to-date: /home/jmj/dream_ws/install/autoware_v2x_msgs/include/autoware_v2x_msgs/autoware_v2x_msgs/msg/virtual_gate_area_command.h
[0.447s] -- Up-to-date: /home/jmj/dream_ws/install/autoware_v2x_msgs/include/autoware_v2x_msgs/autoware_v2x_msgs/msg/virtual_gate_area_status.h
[0.447s] -- Up-to-date: /home/jmj/dream_ws/install/autoware_v2x_msgs/share/autoware_v2x_msgs/environment/library_path.sh
[0.447s] -- Up-to-date: /home/jmj/dream_ws/install/autoware_v2x_msgs/share/autoware_v2x_msgs/environment/library_path.dsv
[0.447s] -- Up-to-date: /home/jmj/dream_ws/install/autoware_v2x_msgs/lib/libautoware_v2x_msgs__rosidl_generator_c.so
[0.447s] -- Up-to-date: /home/jmj/dream_ws/install/autoware_v2x_msgs/include/autoware_v2x_msgs/autoware_v2x_msgs
[0.447s] -- Up-to-date: /home/jmj/dream_ws/install/autoware_v2x_msgs/include/autoware_v2x_msgs/autoware_v2x_msgs/msg
[0.447s] -- Up-to-date: /home/jmj/dream_ws/install/autoware_v2x_msgs/include/autoware_v2x_msgs/autoware_v2x_msgs/msg/detail
[0.447s] -- Up-to-date: /home/jmj/dream_ws/install/autoware_v2x_msgs/include/autoware_v2x_msgs/autoware_v2x_msgs/msg/detail/virtual_gate_status__rosidl_typesupport_fastrtps_c.h
[0.447s] -- Up-to-date: /home/jmj/dream_ws/install/autoware_v2x_msgs/include/autoware_v2x_msgs/autoware_v2x_msgs/msg/detail/virtual_gate_area_status__rosidl_typesupport_fastrtps_c.h
[0.447s] -- Up-to-date: /home/jmj/dream_ws/install/autoware_v2x_msgs/include/autoware_v2x_msgs/autoware_v2x_msgs/msg/detail/virtual_gate_command__rosidl_typesupport_fastrtps_c.h
[0.447s] -- Up-to-date: /home/jmj/dream_ws/install/autoware_v2x_msgs/include/autoware_v2x_msgs/autoware_v2x_msgs/msg/detail/virtual_gate_area_command__rosidl_typesupport_fastrtps_c.h
[0.447s] -- Up-to-date: /home/jmj/dream_ws/install/autoware_v2x_msgs/include/autoware_v2x_msgs/autoware_v2x_msgs/msg/rosidl_typesupport_fastrtps_c__visibility_control.h
[0.447s] -- Up-to-date: /home/jmj/dream_ws/install/autoware_v2x_msgs/lib/libautoware_v2x_msgs__rosidl_typesupport_fastrtps_c.so
[0.447s] -- Up-to-date: /home/jmj/dream_ws/install/autoware_v2x_msgs/include/autoware_v2x_msgs/autoware_v2x_msgs
[0.447s] -- Up-to-date: /home/jmj/dream_ws/install/autoware_v2x_msgs/include/autoware_v2x_msgs/autoware_v2x_msgs/msg
[0.447s] -- Up-to-date: /home/jmj/dream_ws/install/autoware_v2x_msgs/include/autoware_v2x_msgs/autoware_v2x_msgs/msg/detail
[0.447s] -- Up-to-date: /home/jmj/dream_ws/install/autoware_v2x_msgs/include/autoware_v2x_msgs/autoware_v2x_msgs/msg/detail/virtual_gate_area_status__rosidl_typesupport_introspection_c.h
[0.447s] -- Up-to-date: /home/jmj/dream_ws/install/autoware_v2x_msgs/include/autoware_v2x_msgs/autoware_v2x_msgs/msg/detail/virtual_gate_status__rosidl_typesupport_introspection_c.h
[0.447s] -- Up-to-date: /home/jmj/dream_ws/install/autoware_v2x_msgs/include/autoware_v2x_msgs/autoware_v2x_msgs/msg/detail/virtual_gate_area_command__type_support.c
[0.447s] -- Up-to-date: /home/jmj/dream_ws/install/autoware_v2x_msgs/include/autoware_v2x_msgs/autoware_v2x_msgs/msg/detail/virtual_gate_command__rosidl_typesupport_introspection_c.h
[0.447s] -- Up-to-date: /home/jmj/dream_ws/install/autoware_v2x_msgs/include/autoware_v2x_msgs/autoware_v2x_msgs/msg/detail/virtual_gate_area_status__type_support.c
[0.447s] -- Up-to-date: /home/jmj/dream_ws/install/autoware_v2x_msgs/include/autoware_v2x_msgs/autoware_v2x_msgs/msg/detail/virtual_gate_status__type_support.c
[0.447s] -- Up-to-date: /home/jmj/dream_ws/install/autoware_v2x_msgs/include/autoware_v2x_msgs/autoware_v2x_msgs/msg/detail/virtual_gate_command__type_support.c
[0.447s] -- Up-to-date: /home/jmj/dream_ws/install/autoware_v2x_msgs/include/autoware_v2x_msgs/autoware_v2x_msgs/msg/detail/virtual_gate_area_command__rosidl_typesupport_introspection_c.h
[0.447s] -- Up-to-date: /home/jmj/dream_ws/install/autoware_v2x_msgs/include/autoware_v2x_msgs/autoware_v2x_msgs/msg/rosidl_typesupport_introspection_c__visibility_control.h
[0.447s] -- Up-to-date: /home/jmj/dream_ws/install/autoware_v2x_msgs/lib/libautoware_v2x_msgs__rosidl_typesupport_introspection_c.so
[0.447s] -- Up-to-date: /home/jmj/dream_ws/install/autoware_v2x_msgs/lib/libautoware_v2x_msgs__rosidl_typesupport_c.so
[0.447s] -- Up-to-date: /home/jmj/dream_ws/install/autoware_v2x_msgs/include/autoware_v2x_msgs/autoware_v2x_msgs
[0.447s] -- Up-to-date: /home/jmj/dream_ws/install/autoware_v2x_msgs/include/autoware_v2x_msgs/autoware_v2x_msgs/msg
[0.447s] -- Up-to-date: /home/jmj/dream_ws/install/autoware_v2x_msgs/include/autoware_v2x_msgs/autoware_v2x_msgs/msg/virtual_gate_area_status.hpp
[0.447s] -- Up-to-date: /home/jmj/dream_ws/install/autoware_v2x_msgs/include/autoware_v2x_msgs/autoware_v2x_msgs/msg/virtual_gate_command.hpp
[0.447s] -- Up-to-date: /home/jmj/dream_ws/install/autoware_v2x_msgs/include/autoware_v2x_msgs/autoware_v2x_msgs/msg/detail
[0.447s] -- Up-to-date: /home/jmj/dream_ws/install/autoware_v2x_msgs/include/autoware_v2x_msgs/autoware_v2x_msgs/msg/detail/virtual_gate_area_command__type_support.hpp
[0.447s] -- Up-to-date: /home/jmj/dream_ws/install/autoware_v2x_msgs/include/autoware_v2x_msgs/autoware_v2x_msgs/msg/detail/virtual_gate_command__type_support.hpp
[0.447s] -- Up-to-date: /home/jmj/dream_ws/install/autoware_v2x_msgs/include/autoware_v2x_msgs/autoware_v2x_msgs/msg/detail/virtual_gate_area_status__type_support.hpp
[0.448s] -- Up-to-date: /home/jmj/dream_ws/install/autoware_v2x_msgs/include/autoware_v2x_msgs/autoware_v2x_msgs/msg/detail/virtual_gate_command__traits.hpp
[0.448s] -- Up-to-date: /home/jmj/dream_ws/install/autoware_v2x_msgs/include/autoware_v2x_msgs/autoware_v2x_msgs/msg/detail/virtual_gate_area_status__traits.hpp
[0.448s] -- Up-to-date: /home/jmj/dream_ws/install/autoware_v2x_msgs/include/autoware_v2x_msgs/autoware_v2x_msgs/msg/detail/virtual_gate_area_status__builder.hpp
[0.448s] -- Up-to-date: /home/jmj/dream_ws/install/autoware_v2x_msgs/include/autoware_v2x_msgs/autoware_v2x_msgs/msg/detail/virtual_gate_status__traits.hpp
[0.448s] -- Up-to-date: /home/jmj/dream_ws/install/autoware_v2x_msgs/include/autoware_v2x_msgs/autoware_v2x_msgs/msg/detail/virtual_gate_area_command__struct.hpp
[0.448s] -- Up-to-date: /home/jmj/dream_ws/install/autoware_v2x_msgs/include/autoware_v2x_msgs/autoware_v2x_msgs/msg/detail/virtual_gate_status__builder.hpp
[0.448s] -- Up-to-date: /home/jmj/dream_ws/install/autoware_v2x_msgs/include/autoware_v2x_msgs/autoware_v2x_msgs/msg/detail/virtual_gate_area_command__builder.hpp
[0.448s] -- Up-to-date: /home/jmj/dream_ws/install/autoware_v2x_msgs/include/autoware_v2x_msgs/autoware_v2x_msgs/msg/detail/virtual_gate_command__struct.hpp
[0.448s] -- Up-to-date: /home/jmj/dream_ws/install/autoware_v2x_msgs/include/autoware_v2x_msgs/autoware_v2x_msgs/msg/detail/virtual_gate_area_status__struct.hpp
[0.448s] -- Up-to-date: /home/jmj/dream_ws/install/autoware_v2x_msgs/include/autoware_v2x_msgs/autoware_v2x_msgs/msg/detail/virtual_gate_status__type_support.hpp
[0.448s] -- Up-to-date: /home/jmj/dream_ws/install/autoware_v2x_msgs/include/autoware_v2x_msgs/autoware_v2x_msgs/msg/detail/virtual_gate_command__builder.hpp
[0.448s] -- Up-to-date: /home/jmj/dream_ws/install/autoware_v2x_msgs/include/autoware_v2x_msgs/autoware_v2x_msgs/msg/detail/virtual_gate_status__struct.hpp
[0.448s] -- Up-to-date: /home/jmj/dream_ws/install/autoware_v2x_msgs/include/autoware_v2x_msgs/autoware_v2x_msgs/msg/detail/virtual_gate_area_command__traits.hpp
[0.448s] -- Up-to-date: /home/jmj/dream_ws/install/autoware_v2x_msgs/include/autoware_v2x_msgs/autoware_v2x_msgs/msg/virtual_gate_status.hpp
[0.448s] -- Up-to-date: /home/jmj/dream_ws/install/autoware_v2x_msgs/include/autoware_v2x_msgs/autoware_v2x_msgs/msg/virtual_gate_area_command.hpp
[0.448s] -- Up-to-date: /home/jmj/dream_ws/install/autoware_v2x_msgs/include/autoware_v2x_msgs/autoware_v2x_msgs/msg/rosidl_generator_cpp__visibility_control.hpp
[0.448s] -- Up-to-date: /home/jmj/dream_ws/install/autoware_v2x_msgs/include/autoware_v2x_msgs/autoware_v2x_msgs
[0.448s] -- Up-to-date: /home/jmj/dream_ws/install/autoware_v2x_msgs/include/autoware_v2x_msgs/autoware_v2x_msgs/msg
[0.448s] -- Up-to-date: /home/jmj/dream_ws/install/autoware_v2x_msgs/include/autoware_v2x_msgs/autoware_v2x_msgs/msg/detail
[0.448s] -- Up-to-date: /home/jmj/dream_ws/install/autoware_v2x_msgs/include/autoware_v2x_msgs/autoware_v2x_msgs/msg/detail/virtual_gate_command__rosidl_typesupport_fastrtps_cpp.hpp
[0.448s] -- Up-to-date: /home/jmj/dream_ws/install/autoware_v2x_msgs/include/autoware_v2x_msgs/autoware_v2x_msgs/msg/detail/dds_fastrtps
[0.448s] -- Up-to-date: /home/jmj/dream_ws/install/autoware_v2x_msgs/include/autoware_v2x_msgs/autoware_v2x_msgs/msg/detail/virtual_gate_area_command__rosidl_typesupport_fastrtps_cpp.hpp
[0.448s] -- Up-to-date: /home/jmj/dream_ws/install/autoware_v2x_msgs/include/autoware_v2x_msgs/autoware_v2x_msgs/msg/detail/virtual_gate_status__rosidl_typesupport_fastrtps_cpp.hpp
[0.448s] -- Up-to-date: /home/jmj/dream_ws/install/autoware_v2x_msgs/include/autoware_v2x_msgs/autoware_v2x_msgs/msg/detail/virtual_gate_area_status__rosidl_typesupport_fastrtps_cpp.hpp
[0.448s] -- Up-to-date: /home/jmj/dream_ws/install/autoware_v2x_msgs/include/autoware_v2x_msgs/autoware_v2x_msgs/msg/rosidl_typesupport_fastrtps_cpp__visibility_control.h
[0.448s] -- Up-to-date: /home/jmj/dream_ws/install/autoware_v2x_msgs/lib/libautoware_v2x_msgs__rosidl_typesupport_fastrtps_cpp.so
[0.448s] -- Up-to-date: /home/jmj/dream_ws/install/autoware_v2x_msgs/include/autoware_v2x_msgs/autoware_v2x_msgs
[0.448s] -- Up-to-date: /home/jmj/dream_ws/install/autoware_v2x_msgs/include/autoware_v2x_msgs/autoware_v2x_msgs/msg
[0.448s] -- Up-to-date: /home/jmj/dream_ws/install/autoware_v2x_msgs/include/autoware_v2x_msgs/autoware_v2x_msgs/msg/detail
[0.448s] -- Up-to-date: /home/jmj/dream_ws/install/autoware_v2x_msgs/include/autoware_v2x_msgs/autoware_v2x_msgs/msg/detail/virtual_gate_area_status__rosidl_typesupport_introspection_cpp.hpp
[0.448s] -- Up-to-date: /home/jmj/dream_ws/install/autoware_v2x_msgs/include/autoware_v2x_msgs/autoware_v2x_msgs/msg/detail/virtual_gate_command__type_support.cpp
[0.448s] -- Up-to-date: /home/jmj/dream_ws/install/autoware_v2x_msgs/include/autoware_v2x_msgs/autoware_v2x_msgs/msg/detail/virtual_gate_status__type_support.cpp
[0.448s] -- Up-to-date: /home/jmj/dream_ws/install/autoware_v2x_msgs/include/autoware_v2x_msgs/autoware_v2x_msgs/msg/detail/virtual_gate_area_status__type_support.cpp
[0.448s] -- Up-to-date: /home/jmj/dream_ws/install/autoware_v2x_msgs/include/autoware_v2x_msgs/autoware_v2x_msgs/msg/detail/virtual_gate_area_command__rosidl_typesupport_introspection_cpp.hpp
[0.448s] -- Up-to-date: /home/jmj/dream_ws/install/autoware_v2x_msgs/include/autoware_v2x_msgs/autoware_v2x_msgs/msg/detail/virtual_gate_command__rosidl_typesupport_introspection_cpp.hpp
[0.448s] -- Up-to-date: /home/jmj/dream_ws/install/autoware_v2x_msgs/include/autoware_v2x_msgs/autoware_v2x_msgs/msg/detail/virtual_gate_status__rosidl_typesupport_introspection_cpp.hpp
[0.448s] -- Up-to-date: /home/jmj/dream_ws/install/autoware_v2x_msgs/include/autoware_v2x_msgs/autoware_v2x_msgs/msg/detail/virtual_gate_area_command__type_support.cpp
[0.448s] -- Up-to-date: /home/jmj/dream_ws/install/autoware_v2x_msgs/lib/libautoware_v2x_msgs__rosidl_typesupport_introspection_cpp.so
[0.449s] -- Up-to-date: /home/jmj/dream_ws/install/autoware_v2x_msgs/lib/libautoware_v2x_msgs__rosidl_typesupport_cpp.so
[0.449s] -- Up-to-date: /home/jmj/dream_ws/install/autoware_v2x_msgs/share/autoware_v2x_msgs/environment/pythonpath.sh
[0.449s] -- Up-to-date: /home/jmj/dream_ws/install/autoware_v2x_msgs/share/autoware_v2x_msgs/environment/pythonpath.dsv
[0.449s] -- Up-to-date: /home/jmj/dream_ws/install/autoware_v2x_msgs/local/lib/python3.10/dist-packages/autoware_v2x_msgs-1.8.0-py3.10.egg-info
[0.449s] -- Installing: /home/jmj/dream_ws/install/autoware_v2x_msgs/local/lib/python3.10/dist-packages/autoware_v2x_msgs-1.8.0-py3.10.egg-info/dependency_links.txt
[0.449s] -- Installing: /home/jmj/dream_ws/install/autoware_v2x_msgs/local/lib/python3.10/dist-packages/autoware_v2x_msgs-1.8.0-py3.10.egg-info/top_level.txt
[0.449s] -- Installing: /home/jmj/dream_ws/install/autoware_v2x_msgs/local/lib/python3.10/dist-packages/autoware_v2x_msgs-1.8.0-py3.10.egg-info/PKG-INFO
[0.449s] -- Installing: /home/jmj/dream_ws/install/autoware_v2x_msgs/local/lib/python3.10/dist-packages/autoware_v2x_msgs-1.8.0-py3.10.egg-info/SOURCES.txt
[0.449s] -- Up-to-date: /home/jmj/dream_ws/install/autoware_v2x_msgs/local/lib/python3.10/dist-packages/autoware_v2x_msgs
[0.449s] -- Up-to-date: /home/jmj/dream_ws/install/autoware_v2x_msgs/local/lib/python3.10/dist-packages/autoware_v2x_msgs/autoware_v2x_msgs_s__rosidl_typesupport_c.cpython-310-x86_64-linux-gnu.so
[0.449s] -- Up-to-date: /home/jmj/dream_ws/install/autoware_v2x_msgs/local/lib/python3.10/dist-packages/autoware_v2x_msgs/_autoware_v2x_msgs_s.ep.rosidl_typesupport_introspection_c.c
[0.449s] -- Up-to-date: /home/jmj/dream_ws/install/autoware_v2x_msgs/local/lib/python3.10/dist-packages/autoware_v2x_msgs/__init__.py
[0.449s] -- Up-to-date: /home/jmj/dream_ws/install/autoware_v2x_msgs/local/lib/python3.10/dist-packages/autoware_v2x_msgs/_autoware_v2x_msgs_s.ep.rosidl_typesupport_c.c
[0.449s] -- Up-to-date: /home/jmj/dream_ws/install/autoware_v2x_msgs/local/lib/python3.10/dist-packages/autoware_v2x_msgs/_autoware_v2x_msgs_s.ep.rosidl_typesupport_fastrtps_c.c
[0.449s] -- Up-to-date: /home/jmj/dream_ws/install/autoware_v2x_msgs/local/lib/python3.10/dist-packages/autoware_v2x_msgs/autoware_v2x_msgs_s__rosidl_typesupport_introspection_c.cpython-310-x86_64-linux-gnu.so
[0.449s] -- Up-to-date: /home/jmj/dream_ws/install/autoware_v2x_msgs/local/lib/python3.10/dist-packages/autoware_v2x_msgs/autoware_v2x_msgs_s__rosidl_typesupport_fastrtps_c.cpython-310-x86_64-linux-gnu.so
[0.449s] -- Up-to-date: /home/jmj/dream_ws/install/autoware_v2x_msgs/local/lib/python3.10/dist-packages/autoware_v2x_msgs/libautoware_v2x_msgs__rosidl_generator_py.so
[0.449s] -- Up-to-date: /home/jmj/dream_ws/install/autoware_v2x_msgs/local/lib/python3.10/dist-packages/autoware_v2x_msgs/msg
[0.449s] -- Up-to-date: /home/jmj/dream_ws/install/autoware_v2x_msgs/local/lib/python3.10/dist-packages/autoware_v2x_msgs/msg/_virtual_gate_area_command.py
[0.449s] -- Up-to-date: /home/jmj/dream_ws/install/autoware_v2x_msgs/local/lib/python3.10/dist-packages/autoware_v2x_msgs/msg/_virtual_gate_status.py
[0.449s] -- Up-to-date: /home/jmj/dream_ws/install/autoware_v2x_msgs/local/lib/python3.10/dist-packages/autoware_v2x_msgs/msg/_virtual_gate_area_status.py
[0.449s] -- Up-to-date: /home/jmj/dream_ws/install/autoware_v2x_msgs/local/lib/python3.10/dist-packages/autoware_v2x_msgs/msg/__init__.py
[0.449s] -- Up-to-date: /home/jmj/dream_ws/install/autoware_v2x_msgs/local/lib/python3.10/dist-packages/autoware_v2x_msgs/msg/_virtual_gate_status_s.c
[0.449s] -- Up-to-date: /home/jmj/dream_ws/install/autoware_v2x_msgs/local/lib/python3.10/dist-packages/autoware_v2x_msgs/msg/_virtual_gate_command.py
[0.449s] -- Up-to-date: /home/jmj/dream_ws/install/autoware_v2x_msgs/local/lib/python3.10/dist-packages/autoware_v2x_msgs/msg/_virtual_gate_area_status_s.c
[0.449s] -- Up-to-date: /home/jmj/dream_ws/install/autoware_v2x_msgs/local/lib/python3.10/dist-packages/autoware_v2x_msgs/msg/_virtual_gate_command_s.c
[0.449s] -- Up-to-date: /home/jmj/dream_ws/install/autoware_v2x_msgs/local/lib/python3.10/dist-packages/autoware_v2x_msgs/msg/_virtual_gate_area_command_s.c
[0.469s] Listing '/home/jmj/dream_ws/install/autoware_v2x_msgs/local/lib/python3.10/dist-packages/autoware_v2x_msgs'...
[0.469s] Listing '/home/jmj/dream_ws/install/autoware_v2x_msgs/local/lib/python3.10/dist-packages/autoware_v2x_msgs/msg'...
[0.473s] -- Up-to-date: /home/jmj/dream_ws/install/autoware_v2x_msgs/local/lib/python3.10/dist-packages/autoware_v2x_msgs/autoware_v2x_msgs_s__rosidl_typesupport_fastrtps_c.cpython-310-x86_64-linux-gnu.so
[0.473s] -- Up-to-date: /home/jmj/dream_ws/install/autoware_v2x_msgs/local/lib/python3.10/dist-packages/autoware_v2x_msgs/autoware_v2x_msgs_s__rosidl_typesupport_introspection_c.cpython-310-x86_64-linux-gnu.so
[0.473s] -- Up-to-date: /home/jmj/dream_ws/install/autoware_v2x_msgs/local/lib/python3.10/dist-packages/autoware_v2x_msgs/autoware_v2x_msgs_s__rosidl_typesupport_c.cpython-310-x86_64-linux-gnu.so
[0.473s] -- Up-to-date: /home/jmj/dream_ws/install/autoware_v2x_msgs/lib/libautoware_v2x_msgs__rosidl_generator_py.so
[0.473s] -- Up-to-date: /home/jmj/dream_ws/install/autoware_v2x_msgs/share/autoware_v2x_msgs/msg/VirtualGateAreaCommand.idl
[0.473s] -- Up-to-date: /home/jmj/dream_ws/install/autoware_v2x_msgs/share/autoware_v2x_msgs/msg/VirtualGateAreaStatus.idl
[0.473s] -- Up-to-date: /home/jmj/dream_ws/install/autoware_v2x_msgs/share/autoware_v2x_msgs/msg/VirtualGateCommand.idl
[0.473s] -- Up-to-date: /home/jmj/dream_ws/install/autoware_v2x_msgs/share/autoware_v2x_msgs/msg/VirtualGateStatus.idl
[0.473s] -- Up-to-date: /home/jmj/dream_ws/install/autoware_v2x_msgs/share/autoware_v2x_msgs/msg/VirtualGateAreaCommand.msg
[0.473s] -- Up-to-date: /home/jmj/dream_ws/install/autoware_v2x_msgs/share/autoware_v2x_msgs/msg/VirtualGateAreaStatus.msg
[0.473s] -- Up-to-date: /home/jmj/dream_ws/install/autoware_v2x_msgs/share/autoware_v2x_msgs/msg/VirtualGateCommand.msg
[0.473s] -- Up-to-date: /home/jmj/dream_ws/install/autoware_v2x_msgs/share/autoware_v2x_msgs/msg/VirtualGateStatus.msg
[0.473s] -- Up-to-date: /home/jmj/dream_ws/install/autoware_v2x_msgs/share/ament_index/resource_index/package_run_dependencies/autoware_v2x_msgs
[0.473s] -- Up-to-date: /home/jmj/dream_ws/install/autoware_v2x_msgs/share/ament_index/resource_index/parent_prefix_path/autoware_v2x_msgs
[0.473s] -- Up-to-date: /home/jmj/dream_ws/install/autoware_v2x_msgs/share/autoware_v2x_msgs/environment/ament_prefix_path.sh
[0.473s] -- Up-to-date: /home/jmj/dream_ws/install/autoware_v2x_msgs/share/autoware_v2x_msgs/environment/ament_prefix_path.dsv
[0.473s] -- Up-to-date: /home/jmj/dream_ws/install/autoware_v2x_msgs/share/autoware_v2x_msgs/environment/path.sh
[0.473s] -- Up-to-date: /home/jmj/dream_ws/install/autoware_v2x_msgs/share/autoware_v2x_msgs/environment/path.dsv
[0.473s] -- Up-to-date: /home/jmj/dream_ws/install/autoware_v2x_msgs/share/autoware_v2x_msgs/local_setup.bash
[0.473s] -- Up-to-date: /home/jmj/dream_ws/install/autoware_v2x_msgs/share/autoware_v2x_msgs/local_setup.sh
[0.473s] -- Up-to-date: /home/jmj/dream_ws/install/autoware_v2x_msgs/share/autoware_v2x_msgs/local_setup.zsh
[0.473s] -- Up-to-date: /home/jmj/dream_ws/install/autoware_v2x_msgs/share/autoware_v2x_msgs/local_setup.dsv
[0.473s] -- Installing: /home/jmj/dream_ws/install/autoware_v2x_msgs/share/autoware_v2x_msgs/package.dsv
[0.473s] -- Up-to-date: /home/jmj/dream_ws/install/autoware_v2x_msgs/share/ament_index/resource_index/packages/autoware_v2x_msgs
[0.473s] -- Up-to-date: /home/jmj/dream_ws/install/autoware_v2x_msgs/share/autoware_v2x_msgs/cmake/export_autoware_v2x_msgs__rosidl_generator_cExport.cmake
[0.473s] -- Up-to-date: /home/jmj/dream_ws/install/autoware_v2x_msgs/share/autoware_v2x_msgs/cmake/export_autoware_v2x_msgs__rosidl_generator_cExport-noconfig.cmake
[0.473s] -- Up-to-date: /home/jmj/dream_ws/install/autoware_v2x_msgs/share/autoware_v2x_msgs/cmake/export_autoware_v2x_msgs__rosidl_typesupport_fastrtps_cExport.cmake
[0.473s] -- Up-to-date: /home/jmj/dream_ws/install/autoware_v2x_msgs/share/autoware_v2x_msgs/cmake/export_autoware_v2x_msgs__rosidl_typesupport_fastrtps_cExport-noconfig.cmake
[0.474s] -- Up-to-date: /home/jmj/dream_ws/install/autoware_v2x_msgs/share/autoware_v2x_msgs/cmake/autoware_v2x_msgs__rosidl_typesupport_introspection_cExport.cmake
[0.474s] -- Up-to-date: /home/jmj/dream_ws/install/autoware_v2x_msgs/share/autoware_v2x_msgs/cmake/autoware_v2x_msgs__rosidl_typesupport_introspection_cExport-noconfig.cmake
[0.474s] -- Up-to-date: /home/jmj/dream_ws/install/autoware_v2x_msgs/share/autoware_v2x_msgs/cmake/autoware_v2x_msgs__rosidl_typesupport_cExport.cmake
[0.474s] -- Up-to-date: /home/jmj/dream_ws/install/autoware_v2x_msgs/share/autoware_v2x_msgs/cmake/autoware_v2x_msgs__rosidl_typesupport_cExport-noconfig.cmake
[0.474s] -- Up-to-date: /home/jmj/dream_ws/install/autoware_v2x_msgs/share/autoware_v2x_msgs/cmake/export_autoware_v2x_msgs__rosidl_generator_cppExport.cmake
[0.474s] -- Up-to-date: /home/jmj/dream_ws/install/autoware_v2x_msgs/share/autoware_v2x_msgs/cmake/export_autoware_v2x_msgs__rosidl_typesupport_fastrtps_cppExport.cmake
[0.474s] -- Up-to-date: /home/jmj/dream_ws/install/autoware_v2x_msgs/share/autoware_v2x_msgs/cmake/export_autoware_v2x_msgs__rosidl_typesupport_fastrtps_cppExport-noconfig.cmake
[0.474s] -- Up-to-date: /home/jmj/dream_ws/install/autoware_v2x_msgs/share/autoware_v2x_msgs/cmake/autoware_v2x_msgs__rosidl_typesupport_introspection_cppExport.cmake
[0.474s] -- Up-to-date: /home/jmj/dream_ws/install/autoware_v2x_msgs/share/autoware_v2x_msgs/cmake/autoware_v2x_msgs__rosidl_typesupport_introspection_cppExport-noconfig.cmake
[0.474s] -- Up-to-date: /home/jmj/dream_ws/install/autoware_v2x_msgs/share/autoware_v2x_msgs/cmake/autoware_v2x_msgs__rosidl_typesupport_cppExport.cmake
[0.474s] -- Up-to-date: /home/jmj/dream_ws/install/autoware_v2x_msgs/share/autoware_v2x_msgs/cmake/autoware_v2x_msgs__rosidl_typesupport_cppExport-noconfig.cmake
[0.474s] -- Up-to-date: /home/jmj/dream_ws/install/autoware_v2x_msgs/share/autoware_v2x_msgs/cmake/export_autoware_v2x_msgs__rosidl_generator_pyExport.cmake
[0.474s] -- Up-to-date: /home/jmj/dream_ws/install/autoware_v2x_msgs/share/autoware_v2x_msgs/cmake/export_autoware_v2x_msgs__rosidl_generator_pyExport-noconfig.cmake
[0.474s] -- Up-to-date: /home/jmj/dream_ws/install/autoware_v2x_msgs/share/autoware_v2x_msgs/cmake/rosidl_cmake-extras.cmake
[0.474s] -- Up-to-date: /home/jmj/dream_ws/install/autoware_v2x_msgs/share/autoware_v2x_msgs/cmake/ament_cmake_export_dependencies-extras.cmake
[0.474s] -- Up-to-date: /home/jmj/dream_ws/install/autoware_v2x_msgs/share/autoware_v2x_msgs/cmake/ament_cmake_export_include_directories-extras.cmake
[0.474s] -- Up-to-date: /home/jmj/dream_ws/install/autoware_v2x_msgs/share/autoware_v2x_msgs/cmake/ament_cmake_export_libraries-extras.cmake
[0.474s] -- Up-to-date: /home/jmj/dream_ws/install/autoware_v2x_msgs/share/autoware_v2x_msgs/cmake/ament_cmake_export_targets-extras.cmake
[0.474s] -- Up-to-date: /home/jmj/dream_ws/install/autoware_v2x_msgs/share/autoware_v2x_msgs/cmake/rosidl_cmake_export_typesupport_targets-extras.cmake
[0.474s] -- Up-to-date: /home/jmj/dream_ws/install/autoware_v2x_msgs/share/autoware_v2x_msgs/cmake/rosidl_cmake_export_typesupport_libraries-extras.cmake
[0.474s] -- Up-to-date: /home/jmj/dream_ws/install/autoware_v2x_msgs/share/autoware_v2x_msgs/cmake/autoware_v2x_msgsConfig.cmake
[0.474s] -- Up-to-date: /home/jmj/dream_ws/install/autoware_v2x_msgs/share/autoware_v2x_msgs/cmake/autoware_v2x_msgsConfig-version.cmake
[0.474s] -- Up-to-date: /home/jmj/dream_ws/install/autoware_v2x_msgs/share/autoware_v2x_msgs/package.xml
[0.652s] Invoked command in '/home/jmj/dream_ws/build/autoware_v2x_msgs' returned '0': CMAKE_PREFIX_PATH=${CMAKE_PREFIX_PATH}:/home/jmj/dream_ws/install/dream:/opt/ros/humble /usr/bin/cmake --install /home/jmj/dream_ws/build/autoware_v2x_msgs
