[  0%] Built target autoware_perception_msgs__cpp
[ 12%] Built target autoware_perception_msgs__rosidl_generator_c
[ 12%] Built target ament_cmake_python_copy_autoware_perception_msgs
[ 24%] Built target autoware_perception_msgs__rosidl_typesupport_c
[ 36%] Built target autoware_perception_msgs__rosidl_typesupport_introspection_c
[ 48%] Built target autoware_perception_msgs__rosidl_typesupport_fastrtps_c
[ 60%] Built target autoware_perception_msgs__rosidl_typesupport_cpp
[ 72%] Built target autoware_perception_msgs__rosidl_typesupport_fastrtps_cpp
[ 84%] Built target autoware_perception_msgs__rosidl_typesupport_introspection_cpp
[ 84%] Built target autoware_perception_msgs
[ 85%] Built target autoware_perception_msgs__py
[ 96%] Built target autoware_perception_msgs__rosidl_generator_py
[ 97%] Built target autoware_perception_msgs__rosidl_typesupport_fastrtps_c__pyext
[ 98%] Built target autoware_perception_msgs__rosidl_typesupport_c__pyext
[100%] Built target autoware_perception_msgs__rosidl_typesupport_introspection_c__pyext
running egg_info
writing autoware_perception_msgs.egg-info/PKG-INFO
writing dependency_links to autoware_perception_msgs.egg-info/dependency_links.txt
writing top-level names to autoware_perception_msgs.egg-info/top_level.txt
reading manifest file 'autoware_perception_msgs.egg-info/SOURCES.txt'
writing manifest file 'autoware_perception_msgs.egg-info/SOURCES.txt'
[100%] Built target ament_cmake_python_build_autoware_perception_msgs_egg
-- Install configuration: ""
-- Up-to-date: /home/jmj/dream_ws/install/autoware_perception_msgs/share/ament_index/resource_index/rosidl_interfaces/autoware_perception_msgs
-- Up-to-date: /home/jmj/dream_ws/install/autoware_perception_msgs/include/autoware_perception_msgs/autoware_perception_msgs
-- Up-to-date: /home/jmj/dream_ws/install/autoware_perception_msgs/include/autoware_perception_msgs/autoware_perception_msgs/msg
-- Up-to-date: /home/jmj/dream_ws/install/autoware_perception_msgs/include/autoware_perception_msgs/autoware_perception_msgs/msg/predicted_object_kinematics.h
-- Up-to-date: /home/jmj/dream_ws/install/autoware_perception_msgs/include/autoware_perception_msgs/autoware_perception_msgs/msg/predicted_traffic_light_state.h
-- Up-to-date: /home/jmj/dream_ws/install/autoware_perception_msgs/include/autoware_perception_msgs/autoware_perception_msgs/msg/rosidl_generator_c__visibility_control.h
-- Up-to-date: /home/jmj/dream_ws/install/autoware_perception_msgs/include/autoware_perception_msgs/autoware_perception_msgs/msg/detected_object.h
-- Up-to-date: /home/jmj/dream_ws/install/autoware_perception_msgs/include/autoware_perception_msgs/autoware_perception_msgs/msg/object_classification.h
-- Up-to-date: /home/jmj/dream_ws/install/autoware_perception_msgs/include/autoware_perception_msgs/autoware_perception_msgs/msg/traffic_signal.h
-- Up-to-date: /home/jmj/dream_ws/install/autoware_perception_msgs/include/autoware_perception_msgs/autoware_perception_msgs/msg/traffic_light_group.h
-- Up-to-date: /home/jmj/dream_ws/install/autoware_perception_msgs/include/autoware_perception_msgs/autoware_perception_msgs/msg/detail
-- Up-to-date: /home/jmj/dream_ws/install/autoware_perception_msgs/include/autoware_perception_msgs/autoware_perception_msgs/msg/detail/object_classification__struct.h
-- Up-to-date: /home/jmj/dream_ws/install/autoware_perception_msgs/include/autoware_perception_msgs/autoware_perception_msgs/msg/detail/traffic_signal_element__struct.h
-- Up-to-date: /home/jmj/dream_ws/install/autoware_perception_msgs/include/autoware_perception_msgs/autoware_perception_msgs/msg/detail/traffic_light_group__functions.h
-- Up-to-date: /home/jmj/dream_ws/install/autoware_perception_msgs/include/autoware_perception_msgs/autoware_perception_msgs/msg/detail/tracked_object_kinematics__functions.h
-- Up-to-date: /home/jmj/dream_ws/install/autoware_perception_msgs/include/autoware_perception_msgs/autoware_perception_msgs/msg/detail/shape__functions.c
-- Up-to-date: /home/jmj/dream_ws/install/autoware_perception_msgs/include/autoware_perception_msgs/autoware_perception_msgs/msg/detail/tracked_object__functions.c
-- Up-to-date: /home/jmj/dream_ws/install/autoware_perception_msgs/include/autoware_perception_msgs/autoware_perception_msgs/msg/detail/object_classification__type_support.h
-- Up-to-date: /home/jmj/dream_ws/install/autoware_perception_msgs/include/autoware_perception_msgs/autoware_perception_msgs/msg/detail/traffic_signal__functions.h
-- Up-to-date: /home/jmj/dream_ws/install/autoware_perception_msgs/include/autoware_perception_msgs/autoware_perception_msgs/msg/detail/predicted_traffic_light_state__functions.h
-- Up-to-date: /home/jmj/dream_ws/install/autoware_perception_msgs/include/autoware_perception_msgs/autoware_perception_msgs/msg/detail/detected_objects__functions.h
-- Up-to-date: /home/jmj/dream_ws/install/autoware_perception_msgs/include/autoware_perception_msgs/autoware_perception_msgs/msg/detail/predicted_object__functions.c
-- Up-to-date: /home/jmj/dream_ws/install/autoware_perception_msgs/include/autoware_perception_msgs/autoware_perception_msgs/msg/detail/predicted_objects__functions.c
-- Up-to-date: /home/jmj/dream_ws/install/autoware_perception_msgs/include/autoware_perception_msgs/autoware_perception_msgs/msg/detail/tracked_objects__type_support.h
-- Up-to-date: /home/jmj/dream_ws/install/autoware_perception_msgs/include/autoware_perception_msgs/autoware_perception_msgs/msg/detail/predicted_object_kinematics__type_support.h
-- Up-to-date: /home/jmj/dream_ws/install/autoware_perception_msgs/include/autoware_perception_msgs/autoware_perception_msgs/msg/detail/detected_object_kinematics__type_support.h
-- Up-to-date: /home/jmj/dream_ws/install/autoware_perception_msgs/include/autoware_perception_msgs/autoware_perception_msgs/msg/detail/traffic_light_group_array__functions.c
-- Up-to-date: /home/jmj/dream_ws/install/autoware_perception_msgs/include/autoware_perception_msgs/autoware_perception_msgs/msg/detail/traffic_light_element__type_support.h
-- Up-to-date: /home/jmj/dream_ws/install/autoware_perception_msgs/include/autoware_perception_msgs/autoware_perception_msgs/msg/detail/tracked_objects__functions.h
-- Up-to-date: /home/jmj/dream_ws/install/autoware_perception_msgs/include/autoware_perception_msgs/autoware_perception_msgs/msg/detail/detected_objects__type_support.h
-- Up-to-date: /home/jmj/dream_ws/install/autoware_perception_msgs/include/autoware_perception_msgs/autoware_perception_msgs/msg/detail/predicted_object_kinematics__functions.c
-- Up-to-date: /home/jmj/dream_ws/install/autoware_perception_msgs/include/autoware_perception_msgs/autoware_perception_msgs/msg/detail/traffic_light_element__functions.h
-- Up-to-date: /home/jmj/dream_ws/install/autoware_perception_msgs/include/autoware_perception_msgs/autoware_perception_msgs/msg/detail/traffic_signal_array__functions.c
-- Up-to-date: /home/jmj/dream_ws/install/autoware_perception_msgs/include/autoware_perception_msgs/autoware_perception_msgs/msg/detail/predicted_objects__struct.h
-- Up-to-date: /home/jmj/dream_ws/install/autoware_perception_msgs/include/autoware_perception_msgs/autoware_perception_msgs/msg/detail/detected_object_kinematics__functions.h
-- Up-to-date: /home/jmj/dream_ws/install/autoware_perception_msgs/include/autoware_perception_msgs/autoware_perception_msgs/msg/detail/tracked_object__type_support.h
-- Up-to-date: /home/jmj/dream_ws/install/autoware_perception_msgs/include/autoware_perception_msgs/autoware_perception_msgs/msg/detail/traffic_light_element__functions.c
-- Up-to-date: /home/jmj/dream_ws/install/autoware_perception_msgs/include/autoware_perception_msgs/autoware_perception_msgs/msg/detail/traffic_signal_element__functions.h
-- Up-to-date: /home/jmj/dream_ws/install/autoware_perception_msgs/include/autoware_perception_msgs/autoware_perception_msgs/msg/detail/traffic_signal_array__struct.h
-- Up-to-date: /home/jmj/dream_ws/install/autoware_perception_msgs/include/autoware_perception_msgs/autoware_perception_msgs/msg/detail/tracked_object_kinematics__struct.h
-- Up-to-date: /home/jmj/dream_ws/install/autoware_perception_msgs/include/autoware_perception_msgs/autoware_perception_msgs/msg/detail/traffic_light_element__struct.h
-- Up-to-date: /home/jmj/dream_ws/install/autoware_perception_msgs/include/autoware_perception_msgs/autoware_perception_msgs/msg/detail/predicted_path__functions.h
-- Up-to-date: /home/jmj/dream_ws/install/autoware_perception_msgs/include/autoware_perception_msgs/autoware_perception_msgs/msg/detail/detected_object__functions.c
-- Up-to-date: /home/jmj/dream_ws/install/autoware_perception_msgs/include/autoware_perception_msgs/autoware_perception_msgs/msg/detail/traffic_signal__struct.h
-- Up-to-date: /home/jmj/dream_ws/install/autoware_perception_msgs/include/autoware_perception_msgs/autoware_perception_msgs/msg/detail/traffic_light_group_array__type_support.h
-- Up-to-date: /home/jmj/dream_ws/install/autoware_perception_msgs/include/autoware_perception_msgs/autoware_perception_msgs/msg/detail/predicted_path__type_support.h
-- Up-to-date: /home/jmj/dream_ws/install/autoware_perception_msgs/include/autoware_perception_msgs/autoware_perception_msgs/msg/detail/predicted_object_kinematics__functions.h
-- Up-to-date: /home/jmj/dream_ws/install/autoware_perception_msgs/include/autoware_perception_msgs/autoware_perception_msgs/msg/detail/tracked_object_kinematics__type_support.h
-- Up-to-date: /home/jmj/dream_ws/install/autoware_perception_msgs/include/autoware_perception_msgs/autoware_perception_msgs/msg/detail/object_classification__functions.h
-- Up-to-date: /home/jmj/dream_ws/install/autoware_perception_msgs/include/autoware_perception_msgs/autoware_perception_msgs/msg/detail/predicted_objects__functions.h
-- Up-to-date: /home/jmj/dream_ws/install/autoware_perception_msgs/include/autoware_perception_msgs/autoware_perception_msgs/msg/detail/traffic_signal_array__type_support.h
-- Up-to-date: /home/jmj/dream_ws/install/autoware_perception_msgs/include/autoware_perception_msgs/autoware_perception_msgs/msg/detail/predicted_object__functions.h
-- Up-to-date: /home/jmj/dream_ws/install/autoware_perception_msgs/include/autoware_perception_msgs/autoware_perception_msgs/msg/detail/predicted_path__struct.h
-- Up-to-date: /home/jmj/dream_ws/install/autoware_perception_msgs/include/autoware_perception_msgs/autoware_perception_msgs/msg/detail/traffic_signal_array__functions.h
-- Up-to-date: /home/jmj/dream_ws/install/autoware_perception_msgs/include/autoware_perception_msgs/autoware_perception_msgs/msg/detail/tracked_object__struct.h
-- Up-to-date: /home/jmj/dream_ws/install/autoware_perception_msgs/include/autoware_perception_msgs/autoware_perception_msgs/msg/detail/predicted_traffic_light_state__functions.c
-- Up-to-date: /home/jmj/dream_ws/install/autoware_perception_msgs/include/autoware_perception_msgs/autoware_perception_msgs/msg/detail/predicted_object__type_support.h
-- Up-to-date: /home/jmj/dream_ws/install/autoware_perception_msgs/include/autoware_perception_msgs/autoware_perception_msgs/msg/detail/predicted_path__functions.c
-- Up-to-date: /home/jmj/dream_ws/install/autoware_perception_msgs/include/autoware_perception_msgs/autoware_perception_msgs/msg/detail/traffic_signal__type_support.h
-- Up-to-date: /home/jmj/dream_ws/install/autoware_perception_msgs/include/autoware_perception_msgs/autoware_perception_msgs/msg/detail/traffic_light_group_array__functions.h
-- Up-to-date: /home/jmj/dream_ws/install/autoware_perception_msgs/include/autoware_perception_msgs/autoware_perception_msgs/msg/detail/tracked_objects__functions.c
-- Up-to-date: /home/jmj/dream_ws/install/autoware_perception_msgs/include/autoware_perception_msgs/autoware_perception_msgs/msg/detail/detected_object_kinematics__functions.c
-- Up-to-date: /home/jmj/dream_ws/install/autoware_perception_msgs/include/autoware_perception_msgs/autoware_perception_msgs/msg/detail/detected_object__struct.h
-- Up-to-date: /home/jmj/dream_ws/install/autoware_perception_msgs/include/autoware_perception_msgs/autoware_perception_msgs/msg/detail/detected_object_kinematics__struct.h
-- Up-to-date: /home/jmj/dream_ws/install/autoware_perception_msgs/include/autoware_perception_msgs/autoware_perception_msgs/msg/detail/predicted_objects__type_support.h
-- Up-to-date: /home/jmj/dream_ws/install/autoware_perception_msgs/include/autoware_perception_msgs/autoware_perception_msgs/msg/detail/traffic_signal_element__functions.c
-- Up-to-date: /home/jmj/dream_ws/install/autoware_perception_msgs/include/autoware_perception_msgs/autoware_perception_msgs/msg/detail/traffic_light_group__type_support.h
-- Up-to-date: /home/jmj/dream_ws/install/autoware_perception_msgs/include/autoware_perception_msgs/autoware_perception_msgs/msg/detail/detected_objects__struct.h
-- Up-to-date: /home/jmj/dream_ws/install/autoware_perception_msgs/include/autoware_perception_msgs/autoware_perception_msgs/msg/detail/traffic_light_group_array__struct.h
-- Up-to-date: /home/jmj/dream_ws/install/autoware_perception_msgs/include/autoware_perception_msgs/autoware_perception_msgs/msg/detail/shape__type_support.h
-- Up-to-date: /home/jmj/dream_ws/install/autoware_perception_msgs/include/autoware_perception_msgs/autoware_perception_msgs/msg/detail/shape__functions.h
-- Up-to-date: /home/jmj/dream_ws/install/autoware_perception_msgs/include/autoware_perception_msgs/autoware_perception_msgs/msg/detail/traffic_light_group__functions.c
-- Up-to-date: /home/jmj/dream_ws/install/autoware_perception_msgs/include/autoware_perception_msgs/autoware_perception_msgs/msg/detail/traffic_signal_element__type_support.h
-- Up-to-date: /home/jmj/dream_ws/install/autoware_perception_msgs/include/autoware_perception_msgs/autoware_perception_msgs/msg/detail/object_classification__functions.c
-- Up-to-date: /home/jmj/dream_ws/install/autoware_perception_msgs/include/autoware_perception_msgs/autoware_perception_msgs/msg/detail/predicted_traffic_light_state__type_support.h
-- Up-to-date: /home/jmj/dream_ws/install/autoware_perception_msgs/include/autoware_perception_msgs/autoware_perception_msgs/msg/detail/tracked_object_kinematics__functions.c
-- Up-to-date: /home/jmj/dream_ws/install/autoware_perception_msgs/include/autoware_perception_msgs/autoware_perception_msgs/msg/detail/detected_objects__functions.c
-- Up-to-date: /home/jmj/dream_ws/install/autoware_perception_msgs/include/autoware_perception_msgs/autoware_perception_msgs/msg/detail/detected_object__functions.h
-- Up-to-date: /home/jmj/dream_ws/install/autoware_perception_msgs/include/autoware_perception_msgs/autoware_perception_msgs/msg/detail/predicted_object__struct.h
-- Up-to-date: /home/jmj/dream_ws/install/autoware_perception_msgs/include/autoware_perception_msgs/autoware_perception_msgs/msg/detail/predicted_object_kinematics__struct.h
-- Up-to-date: /home/jmj/dream_ws/install/autoware_perception_msgs/include/autoware_perception_msgs/autoware_perception_msgs/msg/detail/predicted_traffic_light_state__struct.h
-- Up-to-date: /home/jmj/dream_ws/install/autoware_perception_msgs/include/autoware_perception_msgs/autoware_perception_msgs/msg/detail/detected_object__type_support.h
-- Up-to-date: /home/jmj/dream_ws/install/autoware_perception_msgs/include/autoware_perception_msgs/autoware_perception_msgs/msg/detail/shape__struct.h
-- Up-to-date: /home/jmj/dream_ws/install/autoware_perception_msgs/include/autoware_perception_msgs/autoware_perception_msgs/msg/detail/tracked_object__functions.h
-- Up-to-date: /home/jmj/dream_ws/install/autoware_perception_msgs/include/autoware_perception_msgs/autoware_perception_msgs/msg/detail/traffic_signal__functions.c
-- Up-to-date: /home/jmj/dream_ws/install/autoware_perception_msgs/include/autoware_perception_msgs/autoware_perception_msgs/msg/detail/tracked_objects__struct.h
-- Up-to-date: /home/jmj/dream_ws/install/autoware_perception_msgs/include/autoware_perception_msgs/autoware_perception_msgs/msg/detail/traffic_light_group__struct.h
-- Up-to-date: /home/jmj/dream_ws/install/autoware_perception_msgs/include/autoware_perception_msgs/autoware_perception_msgs/msg/detected_objects.h
-- Up-to-date: /home/jmj/dream_ws/install/autoware_perception_msgs/include/autoware_perception_msgs/autoware_perception_msgs/msg/predicted_path.h
-- Up-to-date: /home/jmj/dream_ws/install/autoware_perception_msgs/include/autoware_perception_msgs/autoware_perception_msgs/msg/predicted_object.h
-- Up-to-date: /home/jmj/dream_ws/install/autoware_perception_msgs/include/autoware_perception_msgs/autoware_perception_msgs/msg/tracked_object_kinematics.h
-- Up-to-date: /home/jmj/dream_ws/install/autoware_perception_msgs/include/autoware_perception_msgs/autoware_perception_msgs/msg/traffic_signal_element.h
-- Up-to-date: /home/jmj/dream_ws/install/autoware_perception_msgs/include/autoware_perception_msgs/autoware_perception_msgs/msg/traffic_light_group_array.h
-- Up-to-date: /home/jmj/dream_ws/install/autoware_perception_msgs/include/autoware_perception_msgs/autoware_perception_msgs/msg/traffic_light_element.h
-- Up-to-date: /home/jmj/dream_ws/install/autoware_perception_msgs/include/autoware_perception_msgs/autoware_perception_msgs/msg/tracked_objects.h
-- Up-to-date: /home/jmj/dream_ws/install/autoware_perception_msgs/include/autoware_perception_msgs/autoware_perception_msgs/msg/tracked_object.h
-- Up-to-date: /home/jmj/dream_ws/install/autoware_perception_msgs/include/autoware_perception_msgs/autoware_perception_msgs/msg/detected_object_kinematics.h
-- Up-to-date: /home/jmj/dream_ws/install/autoware_perception_msgs/include/autoware_perception_msgs/autoware_perception_msgs/msg/predicted_objects.h
-- Up-to-date: /home/jmj/dream_ws/install/autoware_perception_msgs/include/autoware_perception_msgs/autoware_perception_msgs/msg/shape.h
-- Up-to-date: /home/jmj/dream_ws/install/autoware_perception_msgs/include/autoware_perception_msgs/autoware_perception_msgs/msg/traffic_signal_array.h
-- Up-to-date: /home/jmj/dream_ws/install/autoware_perception_msgs/share/autoware_perception_msgs/environment/library_path.sh
-- Up-to-date: /home/jmj/dream_ws/install/autoware_perception_msgs/share/autoware_perception_msgs/environment/library_path.dsv
-- Up-to-date: /home/jmj/dream_ws/install/autoware_perception_msgs/lib/libautoware_perception_msgs__rosidl_generator_c.so
-- Up-to-date: /home/jmj/dream_ws/install/autoware_perception_msgs/include/autoware_perception_msgs/autoware_perception_msgs
-- Up-to-date: /home/jmj/dream_ws/install/autoware_perception_msgs/include/autoware_perception_msgs/autoware_perception_msgs/msg
-- Up-to-date: /home/jmj/dream_ws/install/autoware_perception_msgs/include/autoware_perception_msgs/autoware_perception_msgs/msg/detail
-- Up-to-date: /home/jmj/dream_ws/install/autoware_perception_msgs/include/autoware_perception_msgs/autoware_perception_msgs/msg/detail/detected_object__rosidl_typesupport_fastrtps_c.h
-- Up-to-date: /home/jmj/dream_ws/install/autoware_perception_msgs/include/autoware_perception_msgs/autoware_perception_msgs/msg/detail/detected_objects__rosidl_typesupport_fastrtps_c.h
-- Up-to-date: /home/jmj/dream_ws/install/autoware_perception_msgs/include/autoware_perception_msgs/autoware_perception_msgs/msg/detail/detected_object_kinematics__rosidl_typesupport_fastrtps_c.h
-- Up-to-date: /home/jmj/dream_ws/install/autoware_perception_msgs/include/autoware_perception_msgs/autoware_perception_msgs/msg/detail/traffic_signal__rosidl_typesupport_fastrtps_c.h
-- Up-to-date: /home/jmj/dream_ws/install/autoware_perception_msgs/include/autoware_perception_msgs/autoware_perception_msgs/msg/detail/object_classification__rosidl_typesupport_fastrtps_c.h
-- Up-to-date: /home/jmj/dream_ws/install/autoware_perception_msgs/include/autoware_perception_msgs/autoware_perception_msgs/msg/detail/predicted_object_kinematics__rosidl_typesupport_fastrtps_c.h
-- Up-to-date: /home/jmj/dream_ws/install/autoware_perception_msgs/include/autoware_perception_msgs/autoware_perception_msgs/msg/detail/predicted_traffic_light_state__rosidl_typesupport_fastrtps_c.h
-- Up-to-date: /home/jmj/dream_ws/install/autoware_perception_msgs/include/autoware_perception_msgs/autoware_perception_msgs/msg/detail/predicted_path__rosidl_typesupport_fastrtps_c.h
-- Up-to-date: /home/jmj/dream_ws/install/autoware_perception_msgs/include/autoware_perception_msgs/autoware_perception_msgs/msg/detail/traffic_light_group__rosidl_typesupport_fastrtps_c.h
-- Up-to-date: /home/jmj/dream_ws/install/autoware_perception_msgs/include/autoware_perception_msgs/autoware_perception_msgs/msg/detail/tracked_object__rosidl_typesupport_fastrtps_c.h
-- Up-to-date: /home/jmj/dream_ws/install/autoware_perception_msgs/include/autoware_perception_msgs/autoware_perception_msgs/msg/detail/traffic_signal_element__rosidl_typesupport_fastrtps_c.h
-- Up-to-date: /home/jmj/dream_ws/install/autoware_perception_msgs/include/autoware_perception_msgs/autoware_perception_msgs/msg/detail/traffic_light_group_array__rosidl_typesupport_fastrtps_c.h
-- Up-to-date: /home/jmj/dream_ws/install/autoware_perception_msgs/include/autoware_perception_msgs/autoware_perception_msgs/msg/detail/tracked_objects__rosidl_typesupport_fastrtps_c.h
-- Up-to-date: /home/jmj/dream_ws/install/autoware_perception_msgs/include/autoware_perception_msgs/autoware_perception_msgs/msg/detail/tracked_object_kinematics__rosidl_typesupport_fastrtps_c.h
-- Up-to-date: /home/jmj/dream_ws/install/autoware_perception_msgs/include/autoware_perception_msgs/autoware_perception_msgs/msg/detail/traffic_signal_array__rosidl_typesupport_fastrtps_c.h
-- Up-to-date: /home/jmj/dream_ws/install/autoware_perception_msgs/include/autoware_perception_msgs/autoware_perception_msgs/msg/detail/shape__rosidl_typesupport_fastrtps_c.h
-- Up-to-date: /home/jmj/dream_ws/install/autoware_perception_msgs/include/autoware_perception_msgs/autoware_perception_msgs/msg/detail/predicted_objects__rosidl_typesupport_fastrtps_c.h
-- Up-to-date: /home/jmj/dream_ws/install/autoware_perception_msgs/include/autoware_perception_msgs/autoware_perception_msgs/msg/detail/traffic_light_element__rosidl_typesupport_fastrtps_c.h
-- Up-to-date: /home/jmj/dream_ws/install/autoware_perception_msgs/include/autoware_perception_msgs/autoware_perception_msgs/msg/detail/predicted_object__rosidl_typesupport_fastrtps_c.h
-- Up-to-date: /home/jmj/dream_ws/install/autoware_perception_msgs/include/autoware_perception_msgs/autoware_perception_msgs/msg/rosidl_typesupport_fastrtps_c__visibility_control.h
-- Up-to-date: /home/jmj/dream_ws/install/autoware_perception_msgs/lib/libautoware_perception_msgs__rosidl_typesupport_fastrtps_c.so
-- Up-to-date: /home/jmj/dream_ws/install/autoware_perception_msgs/include/autoware_perception_msgs/autoware_perception_msgs
-- Up-to-date: /home/jmj/dream_ws/install/autoware_perception_msgs/include/autoware_perception_msgs/autoware_perception_msgs/msg
-- Up-to-date: /home/jmj/dream_ws/install/autoware_perception_msgs/include/autoware_perception_msgs/autoware_perception_msgs/msg/traffic_light_element.hpp
-- Up-to-date: /home/jmj/dream_ws/install/autoware_perception_msgs/include/autoware_perception_msgs/autoware_perception_msgs/msg/tracked_object.hpp
-- Up-to-date: /home/jmj/dream_ws/install/autoware_perception_msgs/include/autoware_perception_msgs/autoware_perception_msgs/msg/detected_object.hpp
-- Up-to-date: /home/jmj/dream_ws/install/autoware_perception_msgs/include/autoware_perception_msgs/autoware_perception_msgs/msg/traffic_signal_element.hpp
-- Up-to-date: /home/jmj/dream_ws/install/autoware_perception_msgs/include/autoware_perception_msgs/autoware_perception_msgs/msg/predicted_path.hpp
-- Up-to-date: /home/jmj/dream_ws/install/autoware_perception_msgs/include/autoware_perception_msgs/autoware_perception_msgs/msg/predicted_object_kinematics.hpp
-- Up-to-date: /home/jmj/dream_ws/install/autoware_perception_msgs/include/autoware_perception_msgs/autoware_perception_msgs/msg/detail
-- Up-to-date: /home/jmj/dream_ws/install/autoware_perception_msgs/include/autoware_perception_msgs/autoware_perception_msgs/msg/detail/tracked_object__struct.hpp
-- Up-to-date: /home/jmj/dream_ws/install/autoware_perception_msgs/include/autoware_perception_msgs/autoware_perception_msgs/msg/detail/tracked_objects__type_support.hpp
-- Up-to-date: /home/jmj/dream_ws/install/autoware_perception_msgs/include/autoware_perception_msgs/autoware_perception_msgs/msg/detail/predicted_object_kinematics__struct.hpp
-- Up-to-date: /home/jmj/dream_ws/install/autoware_perception_msgs/include/autoware_perception_msgs/autoware_perception_msgs/msg/detail/predicted_object_kinematics__type_support.hpp
-- Up-to-date: /home/jmj/dream_ws/install/autoware_perception_msgs/include/autoware_perception_msgs/autoware_perception_msgs/msg/detail/detected_objects__traits.hpp
-- Up-to-date: /home/jmj/dream_ws/install/autoware_perception_msgs/include/autoware_perception_msgs/autoware_perception_msgs/msg/detail/predicted_object__struct.hpp
-- Up-to-date: /home/jmj/dream_ws/install/autoware_perception_msgs/include/autoware_perception_msgs/autoware_perception_msgs/msg/detail/shape__builder.hpp
-- Up-to-date: /home/jmj/dream_ws/install/autoware_perception_msgs/include/autoware_perception_msgs/autoware_perception_msgs/msg/detail/traffic_signal__struct.hpp
-- Up-to-date: /home/jmj/dream_ws/install/autoware_perception_msgs/include/autoware_perception_msgs/autoware_perception_msgs/msg/detail/traffic_light_group__traits.hpp
-- Up-to-date: /home/jmj/dream_ws/install/autoware_perception_msgs/include/autoware_perception_msgs/autoware_perception_msgs/msg/detail/traffic_light_group_array__struct.hpp
-- Up-to-date: /home/jmj/dream_ws/install/autoware_perception_msgs/include/autoware_perception_msgs/autoware_perception_msgs/msg/detail/traffic_signal_element__traits.hpp
-- Up-to-date: /home/jmj/dream_ws/install/autoware_perception_msgs/include/autoware_perception_msgs/autoware_perception_msgs/msg/detail/traffic_signal_element__type_support.hpp
-- Up-to-date: /home/jmj/dream_ws/install/autoware_perception_msgs/include/autoware_perception_msgs/autoware_perception_msgs/msg/detail/traffic_light_element__struct.hpp
-- Up-to-date: /home/jmj/dream_ws/install/autoware_perception_msgs/include/autoware_perception_msgs/autoware_perception_msgs/msg/detail/predicted_object__traits.hpp
-- Up-to-date: /home/jmj/dream_ws/install/autoware_perception_msgs/include/autoware_perception_msgs/autoware_perception_msgs/msg/detail/traffic_light_element__traits.hpp
-- Up-to-date: /home/jmj/dream_ws/install/autoware_perception_msgs/include/autoware_perception_msgs/autoware_perception_msgs/msg/detail/traffic_signal__builder.hpp
-- Up-to-date: /home/jmj/dream_ws/install/autoware_perception_msgs/include/autoware_perception_msgs/autoware_perception_msgs/msg/detail/traffic_signal_element__builder.hpp
-- Up-to-date: /home/jmj/dream_ws/install/autoware_perception_msgs/include/autoware_perception_msgs/autoware_perception_msgs/msg/detail/predicted_path__traits.hpp
-- Up-to-date: /home/jmj/dream_ws/install/autoware_perception_msgs/include/autoware_perception_msgs/autoware_perception_msgs/msg/detail/traffic_signal__traits.hpp
-- Up-to-date: /home/jmj/dream_ws/install/autoware_perception_msgs/include/autoware_perception_msgs/autoware_perception_msgs/msg/detail/traffic_signal_element__struct.hpp
-- Up-to-date: /home/jmj/dream_ws/install/autoware_perception_msgs/include/autoware_perception_msgs/autoware_perception_msgs/msg/detail/predicted_object__type_support.hpp
-- Up-to-date: /home/jmj/dream_ws/install/autoware_perception_msgs/include/autoware_perception_msgs/autoware_perception_msgs/msg/detail/object_classification__type_support.hpp
-- Up-to-date: /home/jmj/dream_ws/install/autoware_perception_msgs/include/autoware_perception_msgs/autoware_perception_msgs/msg/detail/traffic_light_group_array__type_support.hpp
-- Up-to-date: /home/jmj/dream_ws/install/autoware_perception_msgs/include/autoware_perception_msgs/autoware_perception_msgs/msg/detail/tracked_objects__struct.hpp
-- Up-to-date: /home/jmj/dream_ws/install/autoware_perception_msgs/include/autoware_perception_msgs/autoware_perception_msgs/msg/detail/predicted_object_kinematics__traits.hpp
-- Up-to-date: /home/jmj/dream_ws/install/autoware_perception_msgs/include/autoware_perception_msgs/autoware_perception_msgs/msg/detail/predicted_objects__traits.hpp
-- Up-to-date: /home/jmj/dream_ws/install/autoware_perception_msgs/include/autoware_perception_msgs/autoware_perception_msgs/msg/detail/detected_object__struct.hpp
-- Up-to-date: /home/jmj/dream_ws/install/autoware_perception_msgs/include/autoware_perception_msgs/autoware_perception_msgs/msg/detail/detected_objects__type_support.hpp
-- Up-to-date: /home/jmj/dream_ws/install/autoware_perception_msgs/include/autoware_perception_msgs/autoware_perception_msgs/msg/detail/object_classification__struct.hpp
-- Up-to-date: /home/jmj/dream_ws/install/autoware_perception_msgs/include/autoware_perception_msgs/autoware_perception_msgs/msg/detail/traffic_signal_array__type_support.hpp
-- Up-to-date: /home/jmj/dream_ws/install/autoware_perception_msgs/include/autoware_perception_msgs/autoware_perception_msgs/msg/detail/predicted_traffic_light_state__builder.hpp
-- Up-to-date: /home/jmj/dream_ws/install/autoware_perception_msgs/include/autoware_perception_msgs/autoware_perception_msgs/msg/detail/detected_object_kinematics__type_support.hpp
-- Up-to-date: /home/jmj/dream_ws/install/autoware_perception_msgs/include/autoware_perception_msgs/autoware_perception_msgs/msg/detail/shape__type_support.hpp
-- Up-to-date: /home/jmj/dream_ws/install/autoware_perception_msgs/include/autoware_perception_msgs/autoware_perception_msgs/msg/detail/tracked_objects__traits.hpp
-- Up-to-date: /home/jmj/dream_ws/install/autoware_perception_msgs/include/autoware_perception_msgs/autoware_perception_msgs/msg/detail/detected_object__type_support.hpp
-- Up-to-date: /home/jmj/dream_ws/install/autoware_perception_msgs/include/autoware_perception_msgs/autoware_perception_msgs/msg/detail/shape__struct.hpp
-- Up-to-date: /home/jmj/dream_ws/install/autoware_perception_msgs/include/autoware_perception_msgs/autoware_perception_msgs/msg/detail/predicted_path__builder.hpp
-- Up-to-date: /home/jmj/dream_ws/install/autoware_perception_msgs/include/autoware_perception_msgs/autoware_perception_msgs/msg/detail/predicted_object__builder.hpp
-- Up-to-date: /home/jmj/dream_ws/install/autoware_perception_msgs/include/autoware_perception_msgs/autoware_perception_msgs/msg/detail/traffic_light_group__type_support.hpp
-- Up-to-date: /home/jmj/dream_ws/install/autoware_perception_msgs/include/autoware_perception_msgs/autoware_perception_msgs/msg/detail/predicted_traffic_light_state__traits.hpp
-- Up-to-date: /home/jmj/dream_ws/install/autoware_perception_msgs/include/autoware_perception_msgs/autoware_perception_msgs/msg/detail/traffic_signal_array__traits.hpp
-- Up-to-date: /home/jmj/dream_ws/install/autoware_perception_msgs/include/autoware_perception_msgs/autoware_perception_msgs/msg/detail/detected_object_kinematics__builder.hpp
-- Up-to-date: /home/jmj/dream_ws/install/autoware_perception_msgs/include/autoware_perception_msgs/autoware_perception_msgs/msg/detail/detected_object_kinematics__struct.hpp
-- Up-to-date: /home/jmj/dream_ws/install/autoware_perception_msgs/include/autoware_perception_msgs/autoware_perception_msgs/msg/detail/tracked_object_kinematics__struct.hpp
-- Up-to-date: /home/jmj/dream_ws/install/autoware_perception_msgs/include/autoware_perception_msgs/autoware_perception_msgs/msg/detail/detected_object__builder.hpp
-- Up-to-date: /home/jmj/dream_ws/install/autoware_perception_msgs/include/autoware_perception_msgs/autoware_perception_msgs/msg/detail/shape__traits.hpp
-- Up-to-date: /home/jmj/dream_ws/install/autoware_perception_msgs/include/autoware_perception_msgs/autoware_perception_msgs/msg/detail/traffic_signal_array__struct.hpp
-- Up-to-date: /home/jmj/dream_ws/install/autoware_perception_msgs/include/autoware_perception_msgs/autoware_perception_msgs/msg/detail/tracked_object_kinematics__type_support.hpp
-- Up-to-date: /home/jmj/dream_ws/install/autoware_perception_msgs/include/autoware_perception_msgs/autoware_perception_msgs/msg/detail/predicted_objects__builder.hpp
-- Up-to-date: /home/jmj/dream_ws/install/autoware_perception_msgs/include/autoware_perception_msgs/autoware_perception_msgs/msg/detail/traffic_signal__type_support.hpp
-- Up-to-date: /home/jmj/dream_ws/install/autoware_perception_msgs/include/autoware_perception_msgs/autoware_perception_msgs/msg/detail/predicted_traffic_light_state__struct.hpp
-- Up-to-date: /home/jmj/dream_ws/install/autoware_perception_msgs/include/autoware_perception_msgs/autoware_perception_msgs/msg/detail/tracked_object__traits.hpp
-- Up-to-date: /home/jmj/dream_ws/install/autoware_perception_msgs/include/autoware_perception_msgs/autoware_perception_msgs/msg/detail/predicted_object_kinematics__builder.hpp
-- Up-to-date: /home/jmj/dream_ws/install/autoware_perception_msgs/include/autoware_perception_msgs/autoware_perception_msgs/msg/detail/tracked_objects__builder.hpp
-- Up-to-date: /home/jmj/dream_ws/install/autoware_perception_msgs/include/autoware_perception_msgs/autoware_perception_msgs/msg/detail/traffic_light_group_array__builder.hpp
-- Up-to-date: /home/jmj/dream_ws/install/autoware_perception_msgs/include/autoware_perception_msgs/autoware_perception_msgs/msg/detail/predicted_objects__struct.hpp
-- Up-to-date: /home/jmj/dream_ws/install/autoware_perception_msgs/include/autoware_perception_msgs/autoware_perception_msgs/msg/detail/object_classification__traits.hpp
-- Up-to-date: /home/jmj/dream_ws/install/autoware_perception_msgs/include/autoware_perception_msgs/autoware_perception_msgs/msg/detail/predicted_path__struct.hpp
-- Up-to-date: /home/jmj/dream_ws/install/autoware_perception_msgs/include/autoware_perception_msgs/autoware_perception_msgs/msg/detail/tracked_object__type_support.hpp
-- Up-to-date: /home/jmj/dream_ws/install/autoware_perception_msgs/include/autoware_perception_msgs/autoware_perception_msgs/msg/detail/predicted_objects__type_support.hpp
-- Up-to-date: /home/jmj/dream_ws/install/autoware_perception_msgs/include/autoware_perception_msgs/autoware_perception_msgs/msg/detail/detected_object__traits.hpp
-- Up-to-date: /home/jmj/dream_ws/install/autoware_perception_msgs/include/autoware_perception_msgs/autoware_perception_msgs/msg/detail/traffic_light_group_array__traits.hpp
-- Up-to-date: /home/jmj/dream_ws/install/autoware_perception_msgs/include/autoware_perception_msgs/autoware_perception_msgs/msg/detail/detected_object_kinematics__traits.hpp
-- Up-to-date: /home/jmj/dream_ws/install/autoware_perception_msgs/include/autoware_perception_msgs/autoware_perception_msgs/msg/detail/tracked_object__builder.hpp
-- Up-to-date: /home/jmj/dream_ws/install/autoware_perception_msgs/include/autoware_perception_msgs/autoware_perception_msgs/msg/detail/object_classification__builder.hpp
-- Up-to-date: /home/jmj/dream_ws/install/autoware_perception_msgs/include/autoware_perception_msgs/autoware_perception_msgs/msg/detail/detected_objects__builder.hpp
-- Up-to-date: /home/jmj/dream_ws/install/autoware_perception_msgs/include/autoware_perception_msgs/autoware_perception_msgs/msg/detail/traffic_light_group__struct.hpp
-- Up-to-date: /home/jmj/dream_ws/install/autoware_perception_msgs/include/autoware_perception_msgs/autoware_perception_msgs/msg/detail/traffic_light_element__builder.hpp
-- Up-to-date: /home/jmj/dream_ws/install/autoware_perception_msgs/include/autoware_perception_msgs/autoware_perception_msgs/msg/detail/tracked_object_kinematics__traits.hpp
-- Up-to-date: /home/jmj/dream_ws/install/autoware_perception_msgs/include/autoware_perception_msgs/autoware_perception_msgs/msg/detail/traffic_signal_array__builder.hpp
-- Up-to-date: /home/jmj/dream_ws/install/autoware_perception_msgs/include/autoware_perception_msgs/autoware_perception_msgs/msg/detail/traffic_light_element__type_support.hpp
-- Up-to-date: /home/jmj/dream_ws/install/autoware_perception_msgs/include/autoware_perception_msgs/autoware_perception_msgs/msg/detail/tracked_object_kinematics__builder.hpp
-- Up-to-date: /home/jmj/dream_ws/install/autoware_perception_msgs/include/autoware_perception_msgs/autoware_perception_msgs/msg/detail/detected_objects__struct.hpp
-- Up-to-date: /home/jmj/dream_ws/install/autoware_perception_msgs/include/autoware_perception_msgs/autoware_perception_msgs/msg/detail/traffic_light_group__builder.hpp
-- Up-to-date: /home/jmj/dream_ws/install/autoware_perception_msgs/include/autoware_perception_msgs/autoware_perception_msgs/msg/detail/predicted_traffic_light_state__type_support.hpp
-- Up-to-date: /home/jmj/dream_ws/install/autoware_perception_msgs/include/autoware_perception_msgs/autoware_perception_msgs/msg/detail/predicted_path__type_support.hpp
-- Up-to-date: /home/jmj/dream_ws/install/autoware_perception_msgs/include/autoware_perception_msgs/autoware_perception_msgs/msg/object_classification.hpp
-- Up-to-date: /home/jmj/dream_ws/install/autoware_perception_msgs/include/autoware_perception_msgs/autoware_perception_msgs/msg/traffic_light_group_array.hpp
-- Up-to-date: /home/jmj/dream_ws/install/autoware_perception_msgs/include/autoware_perception_msgs/autoware_perception_msgs/msg/predicted_objects.hpp
-- Up-to-date: /home/jmj/dream_ws/install/autoware_perception_msgs/include/autoware_perception_msgs/autoware_perception_msgs/msg/predicted_object.hpp
-- Up-to-date: /home/jmj/dream_ws/install/autoware_perception_msgs/include/autoware_perception_msgs/autoware_perception_msgs/msg/tracked_object_kinematics.hpp
-- Up-to-date: /home/jmj/dream_ws/install/autoware_perception_msgs/include/autoware_perception_msgs/autoware_perception_msgs/msg/traffic_signal.hpp
-- Up-to-date: /home/jmj/dream_ws/install/autoware_perception_msgs/include/autoware_perception_msgs/autoware_perception_msgs/msg/traffic_light_group.hpp
-- Up-to-date: /home/jmj/dream_ws/install/autoware_perception_msgs/include/autoware_perception_msgs/autoware_perception_msgs/msg/predicted_traffic_light_state.hpp
-- Up-to-date: /home/jmj/dream_ws/install/autoware_perception_msgs/include/autoware_perception_msgs/autoware_perception_msgs/msg/detected_object_kinematics.hpp
-- Up-to-date: /home/jmj/dream_ws/install/autoware_perception_msgs/include/autoware_perception_msgs/autoware_perception_msgs/msg/traffic_signal_array.hpp
-- Up-to-date: /home/jmj/dream_ws/install/autoware_perception_msgs/include/autoware_perception_msgs/autoware_perception_msgs/msg/detected_objects.hpp
-- Up-to-date: /home/jmj/dream_ws/install/autoware_perception_msgs/include/autoware_perception_msgs/autoware_perception_msgs/msg/rosidl_generator_cpp__visibility_control.hpp
-- Up-to-date: /home/jmj/dream_ws/install/autoware_perception_msgs/include/autoware_perception_msgs/autoware_perception_msgs/msg/tracked_objects.hpp
-- Up-to-date: /home/jmj/dream_ws/install/autoware_perception_msgs/include/autoware_perception_msgs/autoware_perception_msgs/msg/shape.hpp
-- Up-to-date: /home/jmj/dream_ws/install/autoware_perception_msgs/include/autoware_perception_msgs/autoware_perception_msgs
-- Up-to-date: /home/jmj/dream_ws/install/autoware_perception_msgs/include/autoware_perception_msgs/autoware_perception_msgs/msg
-- Up-to-date: /home/jmj/dream_ws/install/autoware_perception_msgs/include/autoware_perception_msgs/autoware_perception_msgs/msg/detail
-- Up-to-date: /home/jmj/dream_ws/install/autoware_perception_msgs/include/autoware_perception_msgs/autoware_perception_msgs/msg/detail/dds_fastrtps
-- Up-to-date: /home/jmj/dream_ws/install/autoware_perception_msgs/include/autoware_perception_msgs/autoware_perception_msgs/msg/detail/traffic_signal__rosidl_typesupport_fastrtps_cpp.hpp
-- Up-to-date: /home/jmj/dream_ws/install/autoware_perception_msgs/include/autoware_perception_msgs/autoware_perception_msgs/msg/detail/predicted_traffic_light_state__rosidl_typesupport_fastrtps_cpp.hpp
-- Up-to-date: /home/jmj/dream_ws/install/autoware_perception_msgs/include/autoware_perception_msgs/autoware_perception_msgs/msg/detail/traffic_signal_element__rosidl_typesupport_fastrtps_cpp.hpp
-- Up-to-date: /home/jmj/dream_ws/install/autoware_perception_msgs/include/autoware_perception_msgs/autoware_perception_msgs/msg/detail/tracked_objects__rosidl_typesupport_fastrtps_cpp.hpp
-- Up-to-date: /home/jmj/dream_ws/install/autoware_perception_msgs/include/autoware_perception_msgs/autoware_perception_msgs/msg/detail/traffic_light_group_array__rosidl_typesupport_fastrtps_cpp.hpp
-- Up-to-date: /home/jmj/dream_ws/install/autoware_perception_msgs/include/autoware_perception_msgs/autoware_perception_msgs/msg/detail/detected_object__rosidl_typesupport_fastrtps_cpp.hpp
-- Up-to-date: /home/jmj/dream_ws/install/autoware_perception_msgs/include/autoware_perception_msgs/autoware_perception_msgs/msg/detail/predicted_path__rosidl_typesupport_fastrtps_cpp.hpp
-- Up-to-date: /home/jmj/dream_ws/install/autoware_perception_msgs/include/autoware_perception_msgs/autoware_perception_msgs/msg/detail/predicted_object__rosidl_typesupport_fastrtps_cpp.hpp
-- Up-to-date: /home/jmj/dream_ws/install/autoware_perception_msgs/include/autoware_perception_msgs/autoware_perception_msgs/msg/detail/shape__rosidl_typesupport_fastrtps_cpp.hpp
-- Up-to-date: /home/jmj/dream_ws/install/autoware_perception_msgs/include/autoware_perception_msgs/autoware_perception_msgs/msg/detail/predicted_object_kinematics__rosidl_typesupport_fastrtps_cpp.hpp
-- Up-to-date: /home/jmj/dream_ws/install/autoware_perception_msgs/include/autoware_perception_msgs/autoware_perception_msgs/msg/detail/detected_object_kinematics__rosidl_typesupport_fastrtps_cpp.hpp
-- Up-to-date: /home/jmj/dream_ws/install/autoware_perception_msgs/include/autoware_perception_msgs/autoware_perception_msgs/msg/detail/object_classification__rosidl_typesupport_fastrtps_cpp.hpp
-- Up-to-date: /home/jmj/dream_ws/install/autoware_perception_msgs/include/autoware_perception_msgs/autoware_perception_msgs/msg/detail/predicted_objects__rosidl_typesupport_fastrtps_cpp.hpp
-- Up-to-date: /home/jmj/dream_ws/install/autoware_perception_msgs/include/autoware_perception_msgs/autoware_perception_msgs/msg/detail/tracked_object_kinematics__rosidl_typesupport_fastrtps_cpp.hpp
-- Up-to-date: /home/jmj/dream_ws/install/autoware_perception_msgs/include/autoware_perception_msgs/autoware_perception_msgs/msg/detail/tracked_object__rosidl_typesupport_fastrtps_cpp.hpp
-- Up-to-date: /home/jmj/dream_ws/install/autoware_perception_msgs/include/autoware_perception_msgs/autoware_perception_msgs/msg/detail/detected_objects__rosidl_typesupport_fastrtps_cpp.hpp
-- Up-to-date: /home/jmj/dream_ws/install/autoware_perception_msgs/include/autoware_perception_msgs/autoware_perception_msgs/msg/detail/traffic_light_group__rosidl_typesupport_fastrtps_cpp.hpp
-- Up-to-date: /home/jmj/dream_ws/install/autoware_perception_msgs/include/autoware_perception_msgs/autoware_perception_msgs/msg/detail/traffic_light_element__rosidl_typesupport_fastrtps_cpp.hpp
-- Up-to-date: /home/jmj/dream_ws/install/autoware_perception_msgs/include/autoware_perception_msgs/autoware_perception_msgs/msg/detail/traffic_signal_array__rosidl_typesupport_fastrtps_cpp.hpp
-- Up-to-date: /home/jmj/dream_ws/install/autoware_perception_msgs/include/autoware_perception_msgs/autoware_perception_msgs/msg/rosidl_typesupport_fastrtps_cpp__visibility_control.h
-- Up-to-date: /home/jmj/dream_ws/install/autoware_perception_msgs/lib/libautoware_perception_msgs__rosidl_typesupport_fastrtps_cpp.so
-- Up-to-date: /home/jmj/dream_ws/install/autoware_perception_msgs/include/autoware_perception_msgs/autoware_perception_msgs
-- Up-to-date: /home/jmj/dream_ws/install/autoware_perception_msgs/include/autoware_perception_msgs/autoware_perception_msgs/msg
-- Up-to-date: /home/jmj/dream_ws/install/autoware_perception_msgs/include/autoware_perception_msgs/autoware_perception_msgs/msg/detail
-- Up-to-date: /home/jmj/dream_ws/install/autoware_perception_msgs/include/autoware_perception_msgs/autoware_perception_msgs/msg/detail/traffic_light_group__type_support.c
-- Up-to-date: /home/jmj/dream_ws/install/autoware_perception_msgs/include/autoware_perception_msgs/autoware_perception_msgs/msg/detail/object_classification__rosidl_typesupport_introspection_c.h
-- Up-to-date: /home/jmj/dream_ws/install/autoware_perception_msgs/include/autoware_perception_msgs/autoware_perception_msgs/msg/detail/predicted_objects__rosidl_typesupport_introspection_c.h
-- Up-to-date: /home/jmj/dream_ws/install/autoware_perception_msgs/include/autoware_perception_msgs/autoware_perception_msgs/msg/detail/traffic_light_element__type_support.c
-- Up-to-date: /home/jmj/dream_ws/install/autoware_perception_msgs/include/autoware_perception_msgs/autoware_perception_msgs/msg/detail/predicted_object_kinematics__rosidl_typesupport_introspection_c.h
-- Up-to-date: /home/jmj/dream_ws/install/autoware_perception_msgs/include/autoware_perception_msgs/autoware_perception_msgs/msg/detail/predicted_traffic_light_state__type_support.c
-- Up-to-date: /home/jmj/dream_ws/install/autoware_perception_msgs/include/autoware_perception_msgs/autoware_perception_msgs/msg/detail/traffic_light_element__rosidl_typesupport_introspection_c.h
-- Up-to-date: /home/jmj/dream_ws/install/autoware_perception_msgs/include/autoware_perception_msgs/autoware_perception_msgs/msg/detail/predicted_objects__type_support.c
-- Up-to-date: /home/jmj/dream_ws/install/autoware_perception_msgs/include/autoware_perception_msgs/autoware_perception_msgs/msg/detail/traffic_signal_array__type_support.c
-- Up-to-date: /home/jmj/dream_ws/install/autoware_perception_msgs/include/autoware_perception_msgs/autoware_perception_msgs/msg/detail/predicted_object__rosidl_typesupport_introspection_c.h
-- Up-to-date: /home/jmj/dream_ws/install/autoware_perception_msgs/include/autoware_perception_msgs/autoware_perception_msgs/msg/detail/detected_objects__rosidl_typesupport_introspection_c.h
-- Up-to-date: /home/jmj/dream_ws/install/autoware_perception_msgs/include/autoware_perception_msgs/autoware_perception_msgs/msg/detail/traffic_signal__rosidl_typesupport_introspection_c.h
-- Up-to-date: /home/jmj/dream_ws/install/autoware_perception_msgs/include/autoware_perception_msgs/autoware_perception_msgs/msg/detail/predicted_traffic_light_state__rosidl_typesupport_introspection_c.h
-- Up-to-date: /home/jmj/dream_ws/install/autoware_perception_msgs/include/autoware_perception_msgs/autoware_perception_msgs/msg/detail/tracked_object_kinematics__rosidl_typesupport_introspection_c.h
-- Up-to-date: /home/jmj/dream_ws/install/autoware_perception_msgs/include/autoware_perception_msgs/autoware_perception_msgs/msg/detail/predicted_object__type_support.c
-- Up-to-date: /home/jmj/dream_ws/install/autoware_perception_msgs/include/autoware_perception_msgs/autoware_perception_msgs/msg/detail/traffic_signal_element__type_support.c
-- Up-to-date: /home/jmj/dream_ws/install/autoware_perception_msgs/include/autoware_perception_msgs/autoware_perception_msgs/msg/detail/traffic_signal__type_support.c
-- Up-to-date: /home/jmj/dream_ws/install/autoware_perception_msgs/include/autoware_perception_msgs/autoware_perception_msgs/msg/detail/tracked_object__rosidl_typesupport_introspection_c.h
-- Up-to-date: /home/jmj/dream_ws/install/autoware_perception_msgs/include/autoware_perception_msgs/autoware_perception_msgs/msg/detail/shape__rosidl_typesupport_introspection_c.h
-- Up-to-date: /home/jmj/dream_ws/install/autoware_perception_msgs/include/autoware_perception_msgs/autoware_perception_msgs/msg/detail/predicted_object_kinematics__type_support.c
-- Up-to-date: /home/jmj/dream_ws/install/autoware_perception_msgs/include/autoware_perception_msgs/autoware_perception_msgs/msg/detail/traffic_light_group_array__type_support.c
-- Up-to-date: /home/jmj/dream_ws/install/autoware_perception_msgs/include/autoware_perception_msgs/autoware_perception_msgs/msg/detail/detected_object_kinematics__rosidl_typesupport_introspection_c.h
-- Up-to-date: /home/jmj/dream_ws/install/autoware_perception_msgs/include/autoware_perception_msgs/autoware_perception_msgs/msg/detail/traffic_signal_array__rosidl_typesupport_introspection_c.h
-- Up-to-date: /home/jmj/dream_ws/install/autoware_perception_msgs/include/autoware_perception_msgs/autoware_perception_msgs/msg/detail/tracked_object__type_support.c
-- Up-to-date: /home/jmj/dream_ws/install/autoware_perception_msgs/include/autoware_perception_msgs/autoware_perception_msgs/msg/detail/traffic_signal_element__rosidl_typesupport_introspection_c.h
-- Up-to-date: /home/jmj/dream_ws/install/autoware_perception_msgs/include/autoware_perception_msgs/autoware_perception_msgs/msg/detail/detected_object__rosidl_typesupport_introspection_c.h
-- Up-to-date: /home/jmj/dream_ws/install/autoware_perception_msgs/include/autoware_perception_msgs/autoware_perception_msgs/msg/detail/object_classification__type_support.c
-- Up-to-date: /home/jmj/dream_ws/install/autoware_perception_msgs/include/autoware_perception_msgs/autoware_perception_msgs/msg/detail/tracked_objects__rosidl_typesupport_introspection_c.h
-- Up-to-date: /home/jmj/dream_ws/install/autoware_perception_msgs/include/autoware_perception_msgs/autoware_perception_msgs/msg/detail/traffic_light_group_array__rosidl_typesupport_introspection_c.h
-- Up-to-date: /home/jmj/dream_ws/install/autoware_perception_msgs/include/autoware_perception_msgs/autoware_perception_msgs/msg/detail/predicted_path__type_support.c
-- Up-to-date: /home/jmj/dream_ws/install/autoware_perception_msgs/include/autoware_perception_msgs/autoware_perception_msgs/msg/detail/predicted_path__rosidl_typesupport_introspection_c.h
-- Up-to-date: /home/jmj/dream_ws/install/autoware_perception_msgs/include/autoware_perception_msgs/autoware_perception_msgs/msg/detail/shape__type_support.c
-- Up-to-date: /home/jmj/dream_ws/install/autoware_perception_msgs/include/autoware_perception_msgs/autoware_perception_msgs/msg/detail/tracked_object_kinematics__type_support.c
-- Up-to-date: /home/jmj/dream_ws/install/autoware_perception_msgs/include/autoware_perception_msgs/autoware_perception_msgs/msg/detail/detected_object_kinematics__type_support.c
-- Up-to-date: /home/jmj/dream_ws/install/autoware_perception_msgs/include/autoware_perception_msgs/autoware_perception_msgs/msg/detail/detected_object__type_support.c
-- Up-to-date: /home/jmj/dream_ws/install/autoware_perception_msgs/include/autoware_perception_msgs/autoware_perception_msgs/msg/detail/traffic_light_group__rosidl_typesupport_introspection_c.h
-- Up-to-date: /home/jmj/dream_ws/install/autoware_perception_msgs/include/autoware_perception_msgs/autoware_perception_msgs/msg/detail/tracked_objects__type_support.c
-- Up-to-date: /home/jmj/dream_ws/install/autoware_perception_msgs/include/autoware_perception_msgs/autoware_perception_msgs/msg/detail/detected_objects__type_support.c
-- Up-to-date: /home/jmj/dream_ws/install/autoware_perception_msgs/include/autoware_perception_msgs/autoware_perception_msgs/msg/rosidl_typesupport_introspection_c__visibility_control.h
-- Up-to-date: /home/jmj/dream_ws/install/autoware_perception_msgs/lib/libautoware_perception_msgs__rosidl_typesupport_introspection_c.so
-- Up-to-date: /home/jmj/dream_ws/install/autoware_perception_msgs/lib/libautoware_perception_msgs__rosidl_typesupport_c.so
-- Up-to-date: /home/jmj/dream_ws/install/autoware_perception_msgs/include/autoware_perception_msgs/autoware_perception_msgs
-- Up-to-date: /home/jmj/dream_ws/install/autoware_perception_msgs/include/autoware_perception_msgs/autoware_perception_msgs/msg
-- Up-to-date: /home/jmj/dream_ws/install/autoware_perception_msgs/include/autoware_perception_msgs/autoware_perception_msgs/msg/detail
-- Up-to-date: /home/jmj/dream_ws/install/autoware_perception_msgs/include/autoware_perception_msgs/autoware_perception_msgs/msg/detail/detected_object__type_support.cpp
-- Up-to-date: /home/jmj/dream_ws/install/autoware_perception_msgs/include/autoware_perception_msgs/autoware_perception_msgs/msg/detail/traffic_signal__type_support.cpp
-- Up-to-date: /home/jmj/dream_ws/install/autoware_perception_msgs/include/autoware_perception_msgs/autoware_perception_msgs/msg/detail/traffic_light_group__rosidl_typesupport_introspection_cpp.hpp
-- Up-to-date: /home/jmj/dream_ws/install/autoware_perception_msgs/include/autoware_perception_msgs/autoware_perception_msgs/msg/detail/traffic_light_element__type_support.cpp
-- Up-to-date: /home/jmj/dream_ws/install/autoware_perception_msgs/include/autoware_perception_msgs/autoware_perception_msgs/msg/detail/traffic_light_group_array__rosidl_typesupport_introspection_cpp.hpp
-- Up-to-date: /home/jmj/dream_ws/install/autoware_perception_msgs/include/autoware_perception_msgs/autoware_perception_msgs/msg/detail/tracked_object__type_support.cpp
-- Up-to-date: /home/jmj/dream_ws/install/autoware_perception_msgs/include/autoware_perception_msgs/autoware_perception_msgs/msg/detail/predicted_objects__type_support.cpp
-- Up-to-date: /home/jmj/dream_ws/install/autoware_perception_msgs/include/autoware_perception_msgs/autoware_perception_msgs/msg/detail/predicted_traffic_light_state__rosidl_typesupport_introspection_cpp.hpp
-- Up-to-date: /home/jmj/dream_ws/install/autoware_perception_msgs/include/autoware_perception_msgs/autoware_perception_msgs/msg/detail/traffic_signal_array__rosidl_typesupport_introspection_cpp.hpp
-- Up-to-date: /home/jmj/dream_ws/install/autoware_perception_msgs/include/autoware_perception_msgs/autoware_perception_msgs/msg/detail/object_classification__rosidl_typesupport_introspection_cpp.hpp
-- Up-to-date: /home/jmj/dream_ws/install/autoware_perception_msgs/include/autoware_perception_msgs/autoware_perception_msgs/msg/detail/predicted_path__type_support.cpp
-- Up-to-date: /home/jmj/dream_ws/install/autoware_perception_msgs/include/autoware_perception_msgs/autoware_perception_msgs/msg/detail/predicted_objects__rosidl_typesupport_introspection_cpp.hpp
-- Up-to-date: /home/jmj/dream_ws/install/autoware_perception_msgs/include/autoware_perception_msgs/autoware_perception_msgs/msg/detail/predicted_object_kinematics__type_support.cpp
-- Up-to-date: /home/jmj/dream_ws/install/autoware_perception_msgs/include/autoware_perception_msgs/autoware_perception_msgs/msg/detail/predicted_traffic_light_state__type_support.cpp
-- Up-to-date: /home/jmj/dream_ws/install/autoware_perception_msgs/include/autoware_perception_msgs/autoware_perception_msgs/msg/detail/traffic_signal_element__type_support.cpp
-- Up-to-date: /home/jmj/dream_ws/install/autoware_perception_msgs/include/autoware_perception_msgs/autoware_perception_msgs/msg/detail/traffic_signal__rosidl_typesupport_introspection_cpp.hpp
-- Up-to-date: /home/jmj/dream_ws/install/autoware_perception_msgs/include/autoware_perception_msgs/autoware_perception_msgs/msg/detail/tracked_objects__type_support.cpp
-- Up-to-date: /home/jmj/dream_ws/install/autoware_perception_msgs/include/autoware_perception_msgs/autoware_perception_msgs/msg/detail/predicted_path__rosidl_typesupport_introspection_cpp.hpp
-- Up-to-date: /home/jmj/dream_ws/install/autoware_perception_msgs/include/autoware_perception_msgs/autoware_perception_msgs/msg/detail/traffic_signal_array__type_support.cpp
-- Up-to-date: /home/jmj/dream_ws/install/autoware_perception_msgs/include/autoware_perception_msgs/autoware_perception_msgs/msg/detail/detected_object_kinematics__type_support.cpp
-- Up-to-date: /home/jmj/dream_ws/install/autoware_perception_msgs/include/autoware_perception_msgs/autoware_perception_msgs/msg/detail/predicted_object_kinematics__rosidl_typesupport_introspection_cpp.hpp
-- Up-to-date: /home/jmj/dream_ws/install/autoware_perception_msgs/include/autoware_perception_msgs/autoware_perception_msgs/msg/detail/detected_objects__type_support.cpp
-- Up-to-date: /home/jmj/dream_ws/install/autoware_perception_msgs/include/autoware_perception_msgs/autoware_perception_msgs/msg/detail/traffic_light_group_array__type_support.cpp
-- Up-to-date: /home/jmj/dream_ws/install/autoware_perception_msgs/include/autoware_perception_msgs/autoware_perception_msgs/msg/detail/detected_object__rosidl_typesupport_introspection_cpp.hpp
-- Up-to-date: /home/jmj/dream_ws/install/autoware_perception_msgs/include/autoware_perception_msgs/autoware_perception_msgs/msg/detail/traffic_light_element__rosidl_typesupport_introspection_cpp.hpp
-- Up-to-date: /home/jmj/dream_ws/install/autoware_perception_msgs/include/autoware_perception_msgs/autoware_perception_msgs/msg/detail/traffic_light_group__type_support.cpp
-- Up-to-date: /home/jmj/dream_ws/install/autoware_perception_msgs/include/autoware_perception_msgs/autoware_perception_msgs/msg/detail/tracked_object_kinematics__rosidl_typesupport_introspection_cpp.hpp
-- Up-to-date: /home/jmj/dream_ws/install/autoware_perception_msgs/include/autoware_perception_msgs/autoware_perception_msgs/msg/detail/tracked_objects__rosidl_typesupport_introspection_cpp.hpp
-- Up-to-date: /home/jmj/dream_ws/install/autoware_perception_msgs/include/autoware_perception_msgs/autoware_perception_msgs/msg/detail/traffic_signal_element__rosidl_typesupport_introspection_cpp.hpp
-- Up-to-date: /home/jmj/dream_ws/install/autoware_perception_msgs/include/autoware_perception_msgs/autoware_perception_msgs/msg/detail/detected_object_kinematics__rosidl_typesupport_introspection_cpp.hpp
-- Up-to-date: /home/jmj/dream_ws/install/autoware_perception_msgs/include/autoware_perception_msgs/autoware_perception_msgs/msg/detail/object_classification__type_support.cpp
-- Up-to-date: /home/jmj/dream_ws/install/autoware_perception_msgs/include/autoware_perception_msgs/autoware_perception_msgs/msg/detail/shape__rosidl_typesupport_introspection_cpp.hpp
-- Up-to-date: /home/jmj/dream_ws/install/autoware_perception_msgs/include/autoware_perception_msgs/autoware_perception_msgs/msg/detail/detected_objects__rosidl_typesupport_introspection_cpp.hpp
-- Up-to-date: /home/jmj/dream_ws/install/autoware_perception_msgs/include/autoware_perception_msgs/autoware_perception_msgs/msg/detail/tracked_object_kinematics__type_support.cpp
-- Up-to-date: /home/jmj/dream_ws/install/autoware_perception_msgs/include/autoware_perception_msgs/autoware_perception_msgs/msg/detail/shape__type_support.cpp
-- Up-to-date: /home/jmj/dream_ws/install/autoware_perception_msgs/include/autoware_perception_msgs/autoware_perception_msgs/msg/detail/predicted_object__type_support.cpp
-- Up-to-date: /home/jmj/dream_ws/install/autoware_perception_msgs/include/autoware_perception_msgs/autoware_perception_msgs/msg/detail/predicted_object__rosidl_typesupport_introspection_cpp.hpp
-- Up-to-date: /home/jmj/dream_ws/install/autoware_perception_msgs/include/autoware_perception_msgs/autoware_perception_msgs/msg/detail/tracked_object__rosidl_typesupport_introspection_cpp.hpp
-- Up-to-date: /home/jmj/dream_ws/install/autoware_perception_msgs/lib/libautoware_perception_msgs__rosidl_typesupport_introspection_cpp.so
-- Up-to-date: /home/jmj/dream_ws/install/autoware_perception_msgs/lib/libautoware_perception_msgs__rosidl_typesupport_cpp.so
-- Up-to-date: /home/jmj/dream_ws/install/autoware_perception_msgs/share/autoware_perception_msgs/environment/pythonpath.sh
-- Up-to-date: /home/jmj/dream_ws/install/autoware_perception_msgs/share/autoware_perception_msgs/environment/pythonpath.dsv
-- Up-to-date: /home/jmj/dream_ws/install/autoware_perception_msgs/local/lib/python3.10/dist-packages/autoware_perception_msgs-1.8.0-py3.10.egg-info
-- Installing: /home/jmj/dream_ws/install/autoware_perception_msgs/local/lib/python3.10/dist-packages/autoware_perception_msgs-1.8.0-py3.10.egg-info/dependency_links.txt
-- Installing: /home/jmj/dream_ws/install/autoware_perception_msgs/local/lib/python3.10/dist-packages/autoware_perception_msgs-1.8.0-py3.10.egg-info/top_level.txt
-- Installing: /home/jmj/dream_ws/install/autoware_perception_msgs/local/lib/python3.10/dist-packages/autoware_perception_msgs-1.8.0-py3.10.egg-info/PKG-INFO
-- Installing: /home/jmj/dream_ws/install/autoware_perception_msgs/local/lib/python3.10/dist-packages/autoware_perception_msgs-1.8.0-py3.10.egg-info/SOURCES.txt
-- Up-to-date: /home/jmj/dream_ws/install/autoware_perception_msgs/local/lib/python3.10/dist-packages/autoware_perception_msgs
-- Up-to-date: /home/jmj/dream_ws/install/autoware_perception_msgs/local/lib/python3.10/dist-packages/autoware_perception_msgs/_autoware_perception_msgs_s.ep.rosidl_typesupport_introspection_c.c
-- Up-to-date: /home/jmj/dream_ws/install/autoware_perception_msgs/local/lib/python3.10/dist-packages/autoware_perception_msgs/autoware_perception_msgs_s__rosidl_typesupport_introspection_c.cpython-310-x86_64-linux-gnu.so
-- Up-to-date: /home/jmj/dream_ws/install/autoware_perception_msgs/local/lib/python3.10/dist-packages/autoware_perception_msgs/__init__.py
-- Up-to-date: /home/jmj/dream_ws/install/autoware_perception_msgs/local/lib/python3.10/dist-packages/autoware_perception_msgs/libautoware_perception_msgs__rosidl_generator_py.so
-- Up-to-date: /home/jmj/dream_ws/install/autoware_perception_msgs/local/lib/python3.10/dist-packages/autoware_perception_msgs/autoware_perception_msgs_s__rosidl_typesupport_c.cpython-310-x86_64-linux-gnu.so
-- Up-to-date: /home/jmj/dream_ws/install/autoware_perception_msgs/local/lib/python3.10/dist-packages/autoware_perception_msgs/autoware_perception_msgs_s__rosidl_typesupport_fastrtps_c.cpython-310-x86_64-linux-gnu.so
-- Up-to-date: /home/jmj/dream_ws/install/autoware_perception_msgs/local/lib/python3.10/dist-packages/autoware_perception_msgs/_autoware_perception_msgs_s.ep.rosidl_typesupport_fastrtps_c.c
-- Up-to-date: /home/jmj/dream_ws/install/autoware_perception_msgs/local/lib/python3.10/dist-packages/autoware_perception_msgs/_autoware_perception_msgs_s.ep.rosidl_typesupport_c.c
-- Up-to-date: /home/jmj/dream_ws/install/autoware_perception_msgs/local/lib/python3.10/dist-packages/autoware_perception_msgs/msg
-- Up-to-date: /home/jmj/dream_ws/install/autoware_perception_msgs/local/lib/python3.10/dist-packages/autoware_perception_msgs/msg/_predicted_path_s.c
-- Up-to-date: /home/jmj/dream_ws/install/autoware_perception_msgs/local/lib/python3.10/dist-packages/autoware_perception_msgs/msg/_predicted_object_kinematics_s.c
-- Up-to-date: /home/jmj/dream_ws/install/autoware_perception_msgs/local/lib/python3.10/dist-packages/autoware_perception_msgs/msg/_predicted_object_s.c
-- Up-to-date: /home/jmj/dream_ws/install/autoware_perception_msgs/local/lib/python3.10/dist-packages/autoware_perception_msgs/msg/_traffic_signal_s.c
-- Up-to-date: /home/jmj/dream_ws/install/autoware_perception_msgs/local/lib/python3.10/dist-packages/autoware_perception_msgs/msg/_tracked_object_kinematics_s.c
-- Up-to-date: /home/jmj/dream_ws/install/autoware_perception_msgs/local/lib/python3.10/dist-packages/autoware_perception_msgs/msg/_traffic_light_group_s.c
-- Up-to-date: /home/jmj/dream_ws/install/autoware_perception_msgs/local/lib/python3.10/dist-packages/autoware_perception_msgs/msg/__init__.py
-- Up-to-date: /home/jmj/dream_ws/install/autoware_perception_msgs/local/lib/python3.10/dist-packages/autoware_perception_msgs/msg/_tracked_objects.py
-- Up-to-date: /home/jmj/dream_ws/install/autoware_perception_msgs/local/lib/python3.10/dist-packages/autoware_perception_msgs/msg/_predicted_objects_s.c
-- Up-to-date: /home/jmj/dream_ws/install/autoware_perception_msgs/local/lib/python3.10/dist-packages/autoware_perception_msgs/msg/_detected_objects.py
-- Up-to-date: /home/jmj/dream_ws/install/autoware_perception_msgs/local/lib/python3.10/dist-packages/autoware_perception_msgs/msg/_tracked_object_s.c
-- Up-to-date: /home/jmj/dream_ws/install/autoware_perception_msgs/local/lib/python3.10/dist-packages/autoware_perception_msgs/msg/_traffic_light_element.py
-- Up-to-date: /home/jmj/dream_ws/install/autoware_perception_msgs/local/lib/python3.10/dist-packages/autoware_perception_msgs/msg/_traffic_light_element_s.c
-- Up-to-date: /home/jmj/dream_ws/install/autoware_perception_msgs/local/lib/python3.10/dist-packages/autoware_perception_msgs/msg/_detected_object_s.c
-- Up-to-date: /home/jmj/dream_ws/install/autoware_perception_msgs/local/lib/python3.10/dist-packages/autoware_perception_msgs/msg/_predicted_object.py
-- Up-to-date: /home/jmj/dream_ws/install/autoware_perception_msgs/local/lib/python3.10/dist-packages/autoware_perception_msgs/msg/_traffic_light_group_array_s.c
-- Up-to-date: /home/jmj/dream_ws/install/autoware_perception_msgs/local/lib/python3.10/dist-packages/autoware_perception_msgs/msg/_object_classification_s.c
-- Up-to-date: /home/jmj/dream_ws/install/autoware_perception_msgs/local/lib/python3.10/dist-packages/autoware_perception_msgs/msg/_traffic_signal_array.py
-- Up-to-date: /home/jmj/dream_ws/install/autoware_perception_msgs/local/lib/python3.10/dist-packages/autoware_perception_msgs/msg/_predicted_traffic_light_state.py
-- Up-to-date: /home/jmj/dream_ws/install/autoware_perception_msgs/local/lib/python3.10/dist-packages/autoware_perception_msgs/msg/_detected_object_kinematics.py
-- Up-to-date: /home/jmj/dream_ws/install/autoware_perception_msgs/local/lib/python3.10/dist-packages/autoware_perception_msgs/msg/_predicted_objects.py
-- Up-to-date: /home/jmj/dream_ws/install/autoware_perception_msgs/local/lib/python3.10/dist-packages/autoware_perception_msgs/msg/_shape_s.c
-- Up-to-date: /home/jmj/dream_ws/install/autoware_perception_msgs/local/lib/python3.10/dist-packages/autoware_perception_msgs/msg/_traffic_light_group_array.py
-- Up-to-date: /home/jmj/dream_ws/install/autoware_perception_msgs/local/lib/python3.10/dist-packages/autoware_perception_msgs/msg/_traffic_signal_array_s.c
-- Up-to-date: /home/jmj/dream_ws/install/autoware_perception_msgs/local/lib/python3.10/dist-packages/autoware_perception_msgs/msg/_traffic_signal.py
-- Up-to-date: /home/jmj/dream_ws/install/autoware_perception_msgs/local/lib/python3.10/dist-packages/autoware_perception_msgs/msg/_object_classification.py
-- Up-to-date: /home/jmj/dream_ws/install/autoware_perception_msgs/local/lib/python3.10/dist-packages/autoware_perception_msgs/msg/_predicted_path.py
-- Up-to-date: /home/jmj/dream_ws/install/autoware_perception_msgs/local/lib/python3.10/dist-packages/autoware_perception_msgs/msg/_tracked_object_kinematics.py
-- Up-to-date: /home/jmj/dream_ws/install/autoware_perception_msgs/local/lib/python3.10/dist-packages/autoware_perception_msgs/msg/_shape.py
-- Up-to-date: /home/jmj/dream_ws/install/autoware_perception_msgs/local/lib/python3.10/dist-packages/autoware_perception_msgs/msg/_detected_objects_s.c
-- Up-to-date: /home/jmj/dream_ws/install/autoware_perception_msgs/local/lib/python3.10/dist-packages/autoware_perception_msgs/msg/_predicted_traffic_light_state_s.c
-- Up-to-date: /home/jmj/dream_ws/install/autoware_perception_msgs/local/lib/python3.10/dist-packages/autoware_perception_msgs/msg/_traffic_signal_element.py
-- Up-to-date: /home/jmj/dream_ws/install/autoware_perception_msgs/local/lib/python3.10/dist-packages/autoware_perception_msgs/msg/_traffic_signal_element_s.c
-- Up-to-date: /home/jmj/dream_ws/install/autoware_perception_msgs/local/lib/python3.10/dist-packages/autoware_perception_msgs/msg/_detected_object.py
-- Up-to-date: /home/jmj/dream_ws/install/autoware_perception_msgs/local/lib/python3.10/dist-packages/autoware_perception_msgs/msg/_tracked_objects_s.c
-- Up-to-date: /home/jmj/dream_ws/install/autoware_perception_msgs/local/lib/python3.10/dist-packages/autoware_perception_msgs/msg/_traffic_light_group.py
-- Up-to-date: /home/jmj/dream_ws/install/autoware_perception_msgs/local/lib/python3.10/dist-packages/autoware_perception_msgs/msg/_predicted_object_kinematics.py
-- Up-to-date: /home/jmj/dream_ws/install/autoware_perception_msgs/local/lib/python3.10/dist-packages/autoware_perception_msgs/msg/_detected_object_kinematics_s.c
-- Up-to-date: /home/jmj/dream_ws/install/autoware_perception_msgs/local/lib/python3.10/dist-packages/autoware_perception_msgs/msg/_tracked_object.py
Listing '/home/jmj/dream_ws/install/autoware_perception_msgs/local/lib/python3.10/dist-packages/autoware_perception_msgs'...
Listing '/home/jmj/dream_ws/install/autoware_perception_msgs/local/lib/python3.10/dist-packages/autoware_perception_msgs/msg'...
-- Up-to-date: /home/jmj/dream_ws/install/autoware_perception_msgs/local/lib/python3.10/dist-packages/autoware_perception_msgs/autoware_perception_msgs_s__rosidl_typesupport_fastrtps_c.cpython-310-x86_64-linux-gnu.so
-- Up-to-date: /home/jmj/dream_ws/install/autoware_perception_msgs/local/lib/python3.10/dist-packages/autoware_perception_msgs/autoware_perception_msgs_s__rosidl_typesupport_introspection_c.cpython-310-x86_64-linux-gnu.so
-- Up-to-date: /home/jmj/dream_ws/install/autoware_perception_msgs/local/lib/python3.10/dist-packages/autoware_perception_msgs/autoware_perception_msgs_s__rosidl_typesupport_c.cpython-310-x86_64-linux-gnu.so
-- Up-to-date: /home/jmj/dream_ws/install/autoware_perception_msgs/lib/libautoware_perception_msgs__rosidl_generator_py.so
-- Up-to-date: /home/jmj/dream_ws/install/autoware_perception_msgs/share/autoware_perception_msgs/msg/DetectedObject.idl
-- Up-to-date: /home/jmj/dream_ws/install/autoware_perception_msgs/share/autoware_perception_msgs/msg/DetectedObjectKinematics.idl
-- Up-to-date: /home/jmj/dream_ws/install/autoware_perception_msgs/share/autoware_perception_msgs/msg/DetectedObjects.idl
-- Up-to-date: /home/jmj/dream_ws/install/autoware_perception_msgs/share/autoware_perception_msgs/msg/ObjectClassification.idl
-- Up-to-date: /home/jmj/dream_ws/install/autoware_perception_msgs/share/autoware_perception_msgs/msg/PredictedObject.idl
-- Up-to-date: /home/jmj/dream_ws/install/autoware_perception_msgs/share/autoware_perception_msgs/msg/PredictedObjectKinematics.idl
-- Up-to-date: /home/jmj/dream_ws/install/autoware_perception_msgs/share/autoware_perception_msgs/msg/PredictedObjects.idl
-- Up-to-date: /home/jmj/dream_ws/install/autoware_perception_msgs/share/autoware_perception_msgs/msg/PredictedPath.idl
-- Up-to-date: /home/jmj/dream_ws/install/autoware_perception_msgs/share/autoware_perception_msgs/msg/PredictedTrafficLightState.idl
-- Up-to-date: /home/jmj/dream_ws/install/autoware_perception_msgs/share/autoware_perception_msgs/msg/Shape.idl
-- Up-to-date: /home/jmj/dream_ws/install/autoware_perception_msgs/share/autoware_perception_msgs/msg/TrackedObject.idl
-- Up-to-date: /home/jmj/dream_ws/install/autoware_perception_msgs/share/autoware_perception_msgs/msg/TrackedObjectKinematics.idl
-- Up-to-date: /home/jmj/dream_ws/install/autoware_perception_msgs/share/autoware_perception_msgs/msg/TrackedObjects.idl
-- Up-to-date: /home/jmj/dream_ws/install/autoware_perception_msgs/share/autoware_perception_msgs/msg/TrafficLightElement.idl
-- Up-to-date: /home/jmj/dream_ws/install/autoware_perception_msgs/share/autoware_perception_msgs/msg/TrafficLightGroup.idl
-- Up-to-date: /home/jmj/dream_ws/install/autoware_perception_msgs/share/autoware_perception_msgs/msg/TrafficLightGroupArray.idl
-- Up-to-date: /home/jmj/dream_ws/install/autoware_perception_msgs/share/autoware_perception_msgs/msg/TrafficSignalElement.idl
-- Up-to-date: /home/jmj/dream_ws/install/autoware_perception_msgs/share/autoware_perception_msgs/msg/TrafficSignal.idl
-- Up-to-date: /home/jmj/dream_ws/install/autoware_perception_msgs/share/autoware_perception_msgs/msg/TrafficSignalArray.idl
-- Up-to-date: /home/jmj/dream_ws/install/autoware_perception_msgs/share/autoware_perception_msgs/msg/DetectedObject.msg
-- Up-to-date: /home/jmj/dream_ws/install/autoware_perception_msgs/share/autoware_perception_msgs/msg/DetectedObjectKinematics.msg
-- Up-to-date: /home/jmj/dream_ws/install/autoware_perception_msgs/share/autoware_perception_msgs/msg/DetectedObjects.msg
-- Up-to-date: /home/jmj/dream_ws/install/autoware_perception_msgs/share/autoware_perception_msgs/msg/ObjectClassification.msg
-- Up-to-date: /home/jmj/dream_ws/install/autoware_perception_msgs/share/autoware_perception_msgs/msg/PredictedObject.msg
-- Up-to-date: /home/jmj/dream_ws/install/autoware_perception_msgs/share/autoware_perception_msgs/msg/PredictedObjectKinematics.msg
-- Up-to-date: /home/jmj/dream_ws/install/autoware_perception_msgs/share/autoware_perception_msgs/msg/PredictedObjects.msg
-- Up-to-date: /home/jmj/dream_ws/install/autoware_perception_msgs/share/autoware_perception_msgs/msg/PredictedPath.msg
-- Up-to-date: /home/jmj/dream_ws/install/autoware_perception_msgs/share/autoware_perception_msgs/msg/PredictedTrafficLightState.msg
-- Up-to-date: /home/jmj/dream_ws/install/autoware_perception_msgs/share/autoware_perception_msgs/msg/Shape.msg
-- Up-to-date: /home/jmj/dream_ws/install/autoware_perception_msgs/share/autoware_perception_msgs/msg/TrackedObject.msg
-- Up-to-date: /home/jmj/dream_ws/install/autoware_perception_msgs/share/autoware_perception_msgs/msg/TrackedObjectKinematics.msg
-- Up-to-date: /home/jmj/dream_ws/install/autoware_perception_msgs/share/autoware_perception_msgs/msg/TrackedObjects.msg
-- Up-to-date: /home/jmj/dream_ws/install/autoware_perception_msgs/share/autoware_perception_msgs/msg/TrafficLightElement.msg
-- Up-to-date: /home/jmj/dream_ws/install/autoware_perception_msgs/share/autoware_perception_msgs/msg/TrafficLightGroup.msg
-- Up-to-date: /home/jmj/dream_ws/install/autoware_perception_msgs/share/autoware_perception_msgs/msg/TrafficLightGroupArray.msg
-- Up-to-date: /home/jmj/dream_ws/install/autoware_perception_msgs/share/autoware_perception_msgs/msg/TrafficSignalElement.msg
-- Up-to-date: /home/jmj/dream_ws/install/autoware_perception_msgs/share/autoware_perception_msgs/msg/TrafficSignal.msg
-- Up-to-date: /home/jmj/dream_ws/install/autoware_perception_msgs/share/autoware_perception_msgs/msg/TrafficSignalArray.msg
-- Up-to-date: /home/jmj/dream_ws/install/autoware_perception_msgs/share/ament_index/resource_index/package_run_dependencies/autoware_perception_msgs
-- Up-to-date: /home/jmj/dream_ws/install/autoware_perception_msgs/share/ament_index/resource_index/parent_prefix_path/autoware_perception_msgs
-- Up-to-date: /home/jmj/dream_ws/install/autoware_perception_msgs/share/autoware_perception_msgs/environment/ament_prefix_path.sh
-- Up-to-date: /home/jmj/dream_ws/install/autoware_perception_msgs/share/autoware_perception_msgs/environment/ament_prefix_path.dsv
-- Up-to-date: /home/jmj/dream_ws/install/autoware_perception_msgs/share/autoware_perception_msgs/environment/path.sh
-- Up-to-date: /home/jmj/dream_ws/install/autoware_perception_msgs/share/autoware_perception_msgs/environment/path.dsv
-- Up-to-date: /home/jmj/dream_ws/install/autoware_perception_msgs/share/autoware_perception_msgs/local_setup.bash
-- Up-to-date: /home/jmj/dream_ws/install/autoware_perception_msgs/share/autoware_perception_msgs/local_setup.sh
-- Up-to-date: /home/jmj/dream_ws/install/autoware_perception_msgs/share/autoware_perception_msgs/local_setup.zsh
-- Up-to-date: /home/jmj/dream_ws/install/autoware_perception_msgs/share/autoware_perception_msgs/local_setup.dsv
-- Installing: /home/jmj/dream_ws/install/autoware_perception_msgs/share/autoware_perception_msgs/package.dsv
-- Up-to-date: /home/jmj/dream_ws/install/autoware_perception_msgs/share/ament_index/resource_index/packages/autoware_perception_msgs
-- Up-to-date: /home/jmj/dream_ws/install/autoware_perception_msgs/share/autoware_perception_msgs/cmake/export_autoware_perception_msgs__rosidl_generator_cExport.cmake
-- Up-to-date: /home/jmj/dream_ws/install/autoware_perception_msgs/share/autoware_perception_msgs/cmake/export_autoware_perception_msgs__rosidl_generator_cExport-noconfig.cmake
-- Up-to-date: /home/jmj/dream_ws/install/autoware_perception_msgs/share/autoware_perception_msgs/cmake/export_autoware_perception_msgs__rosidl_typesupport_fastrtps_cExport.cmake
-- Up-to-date: /home/jmj/dream_ws/install/autoware_perception_msgs/share/autoware_perception_msgs/cmake/export_autoware_perception_msgs__rosidl_typesupport_fastrtps_cExport-noconfig.cmake
-- Up-to-date: /home/jmj/dream_ws/install/autoware_perception_msgs/share/autoware_perception_msgs/cmake/export_autoware_perception_msgs__rosidl_generator_cppExport.cmake
-- Up-to-date: /home/jmj/dream_ws/install/autoware_perception_msgs/share/autoware_perception_msgs/cmake/export_autoware_perception_msgs__rosidl_typesupport_fastrtps_cppExport.cmake
-- Up-to-date: /home/jmj/dream_ws/install/autoware_perception_msgs/share/autoware_perception_msgs/cmake/export_autoware_perception_msgs__rosidl_typesupport_fastrtps_cppExport-noconfig.cmake
-- Up-to-date: /home/jmj/dream_ws/install/autoware_perception_msgs/share/autoware_perception_msgs/cmake/autoware_perception_msgs__rosidl_typesupport_introspection_cExport.cmake
-- Up-to-date: /home/jmj/dream_ws/install/autoware_perception_msgs/share/autoware_perception_msgs/cmake/autoware_perception_msgs__rosidl_typesupport_introspection_cExport-noconfig.cmake
-- Up-to-date: /home/jmj/dream_ws/install/autoware_perception_msgs/share/autoware_perception_msgs/cmake/autoware_perception_msgs__rosidl_typesupport_cExport.cmake
-- Up-to-date: /home/jmj/dream_ws/install/autoware_perception_msgs/share/autoware_perception_msgs/cmake/autoware_perception_msgs__rosidl_typesupport_cExport-noconfig.cmake
-- Up-to-date: /home/jmj/dream_ws/install/autoware_perception_msgs/share/autoware_perception_msgs/cmake/autoware_perception_msgs__rosidl_typesupport_introspection_cppExport.cmake
-- Up-to-date: /home/jmj/dream_ws/install/autoware_perception_msgs/share/autoware_perception_msgs/cmake/autoware_perception_msgs__rosidl_typesupport_introspection_cppExport-noconfig.cmake
-- Up-to-date: /home/jmj/dream_ws/install/autoware_perception_msgs/share/autoware_perception_msgs/cmake/autoware_perception_msgs__rosidl_typesupport_cppExport.cmake
-- Up-to-date: /home/jmj/dream_ws/install/autoware_perception_msgs/share/autoware_perception_msgs/cmake/autoware_perception_msgs__rosidl_typesupport_cppExport-noconfig.cmake
-- Up-to-date: /home/jmj/dream_ws/install/autoware_perception_msgs/share/autoware_perception_msgs/cmake/export_autoware_perception_msgs__rosidl_generator_pyExport.cmake
-- Up-to-date: /home/jmj/dream_ws/install/autoware_perception_msgs/share/autoware_perception_msgs/cmake/export_autoware_perception_msgs__rosidl_generator_pyExport-noconfig.cmake
-- Up-to-date: /home/jmj/dream_ws/install/autoware_perception_msgs/share/autoware_perception_msgs/cmake/rosidl_cmake-extras.cmake
-- Up-to-date: /home/jmj/dream_ws/install/autoware_perception_msgs/share/autoware_perception_msgs/cmake/ament_cmake_export_dependencies-extras.cmake
-- Up-to-date: /home/jmj/dream_ws/install/autoware_perception_msgs/share/autoware_perception_msgs/cmake/ament_cmake_export_include_directories-extras.cmake
-- Up-to-date: /home/jmj/dream_ws/install/autoware_perception_msgs/share/autoware_perception_msgs/cmake/ament_cmake_export_libraries-extras.cmake
-- Up-to-date: /home/jmj/dream_ws/install/autoware_perception_msgs/share/autoware_perception_msgs/cmake/ament_cmake_export_targets-extras.cmake
-- Up-to-date: /home/jmj/dream_ws/install/autoware_perception_msgs/share/autoware_perception_msgs/cmake/rosidl_cmake_export_typesupport_targets-extras.cmake
-- Up-to-date: /home/jmj/dream_ws/install/autoware_perception_msgs/share/autoware_perception_msgs/cmake/rosidl_cmake_export_typesupport_libraries-extras.cmake
-- Up-to-date: /home/jmj/dream_ws/install/autoware_perception_msgs/share/autoware_perception_msgs/cmake/autoware_perception_msgsConfig.cmake
-- Up-to-date: /home/jmj/dream_ws/install/autoware_perception_msgs/share/autoware_perception_msgs/cmake/autoware_perception_msgsConfig-version.cmake
-- Up-to-date: /home/jmj/dream_ws/install/autoware_perception_msgs/share/autoware_perception_msgs/package.xml
