[ 12%] Built target autoware_vehicle_msgs__cpp
[ 12%] Built target autoware_vehicle_msgs__rosidl_generator_c
[ 12%] Built target ament_cmake_python_copy_autoware_vehicle_msgs
[ 24%] Built target autoware_vehicle_msgs__rosidl_typesupport_c
[ 48%] Built target autoware_vehicle_msgs__rosidl_typesupport_introspection_cpp
[ 48%] Built target autoware_vehicle_msgs__rosidl_typesupport_introspection_c
[ 60%] Built target autoware_vehicle_msgs__rosidl_typesupport_cpp
[ 71%] Built target autoware_vehicle_msgs__rosidl_typesupport_fastrtps_cpp
[ 83%] Built target autoware_vehicle_msgs__rosidl_typesupport_fastrtps_c
[ 83%] Built target autoware_vehicle_msgs
[ 84%] Built target autoware_vehicle_msgs__py
[ 95%] Built target autoware_vehicle_msgs__rosidl_generator_py
[ 96%] Built target autoware_vehicle_msgs__rosidl_typesupport_c__pyext
[ 98%] Built target autoware_vehicle_msgs__rosidl_typesupport_introspection_c__pyext
[100%] Built target autoware_vehicle_msgs__rosidl_typesupport_fastrtps_c__pyext
running egg_info
writing autoware_vehicle_msgs.egg-info/PKG-INFO
writing dependency_links to autoware_vehicle_msgs.egg-info/dependency_links.txt
writing top-level names to autoware_vehicle_msgs.egg-info/top_level.txt
reading manifest file 'autoware_vehicle_msgs.egg-info/SOURCES.txt'
writing manifest file 'autoware_vehicle_msgs.egg-info/SOURCES.txt'
[100%] Built target ament_cmake_python_build_autoware_vehicle_msgs_egg
-- Install configuration: ""
-- Up-to-date: /home/jmj/dream_ws/install/autoware_vehicle_msgs/share/ament_index/resource_index/rosidl_interfaces/autoware_vehicle_msgs
-- Up-to-date: /home/jmj/dream_ws/install/autoware_vehicle_msgs/include/autoware_vehicle_msgs/autoware_vehicle_msgs
-- Up-to-date: /home/jmj/dream_ws/install/autoware_vehicle_msgs/include/autoware_vehicle_msgs/autoware_vehicle_msgs/srv
-- Up-to-date: /home/jmj/dream_ws/install/autoware_vehicle_msgs/include/autoware_vehicle_msgs/autoware_vehicle_msgs/srv/detail
-- Up-to-date: /home/jmj/dream_ws/install/autoware_vehicle_msgs/include/autoware_vehicle_msgs/autoware_vehicle_msgs/srv/detail/control_mode_command__functions.h
-- Up-to-date: /home/jmj/dream_ws/install/autoware_vehicle_msgs/include/autoware_vehicle_msgs/autoware_vehicle_msgs/srv/detail/control_mode_command__functions.c
-- Up-to-date: /home/jmj/dream_ws/install/autoware_vehicle_msgs/include/autoware_vehicle_msgs/autoware_vehicle_msgs/srv/detail/control_mode_command__struct.h
-- Up-to-date: /home/jmj/dream_ws/install/autoware_vehicle_msgs/include/autoware_vehicle_msgs/autoware_vehicle_msgs/srv/detail/control_mode_command__type_support.h
-- Up-to-date: /home/jmj/dream_ws/install/autoware_vehicle_msgs/include/autoware_vehicle_msgs/autoware_vehicle_msgs/srv/control_mode_command.h
-- Up-to-date: /home/jmj/dream_ws/install/autoware_vehicle_msgs/include/autoware_vehicle_msgs/autoware_vehicle_msgs/msg
-- Up-to-date: /home/jmj/dream_ws/install/autoware_vehicle_msgs/include/autoware_vehicle_msgs/autoware_vehicle_msgs/msg/velocity_report.h
-- Up-to-date: /home/jmj/dream_ws/install/autoware_vehicle_msgs/include/autoware_vehicle_msgs/autoware_vehicle_msgs/msg/engage.h
-- Up-to-date: /home/jmj/dream_ws/install/autoware_vehicle_msgs/include/autoware_vehicle_msgs/autoware_vehicle_msgs/msg/gear_report.h
-- Up-to-date: /home/jmj/dream_ws/install/autoware_vehicle_msgs/include/autoware_vehicle_msgs/autoware_vehicle_msgs/msg/steering_report.h
-- Up-to-date: /home/jmj/dream_ws/install/autoware_vehicle_msgs/include/autoware_vehicle_msgs/autoware_vehicle_msgs/msg/rosidl_generator_c__visibility_control.h
-- Up-to-date: /home/jmj/dream_ws/install/autoware_vehicle_msgs/include/autoware_vehicle_msgs/autoware_vehicle_msgs/msg/detail
-- Up-to-date: /home/jmj/dream_ws/install/autoware_vehicle_msgs/include/autoware_vehicle_msgs/autoware_vehicle_msgs/msg/detail/velocity_report__functions.h
-- Up-to-date: /home/jmj/dream_ws/install/autoware_vehicle_msgs/include/autoware_vehicle_msgs/autoware_vehicle_msgs/msg/detail/turn_indicators_command__struct.h
-- Up-to-date: /home/jmj/dream_ws/install/autoware_vehicle_msgs/include/autoware_vehicle_msgs/autoware_vehicle_msgs/msg/detail/turn_indicators_report__struct.h
-- Up-to-date: /home/jmj/dream_ws/install/autoware_vehicle_msgs/include/autoware_vehicle_msgs/autoware_vehicle_msgs/msg/detail/engage__struct.h
-- Up-to-date: /home/jmj/dream_ws/install/autoware_vehicle_msgs/include/autoware_vehicle_msgs/autoware_vehicle_msgs/msg/detail/gear_report__functions.c
-- Up-to-date: /home/jmj/dream_ws/install/autoware_vehicle_msgs/include/autoware_vehicle_msgs/autoware_vehicle_msgs/msg/detail/hazard_lights_report__type_support.h
-- Up-to-date: /home/jmj/dream_ws/install/autoware_vehicle_msgs/include/autoware_vehicle_msgs/autoware_vehicle_msgs/msg/detail/turn_indicators_command__functions.c
-- Up-to-date: /home/jmj/dream_ws/install/autoware_vehicle_msgs/include/autoware_vehicle_msgs/autoware_vehicle_msgs/msg/detail/velocity_report__struct.h
-- Up-to-date: /home/jmj/dream_ws/install/autoware_vehicle_msgs/include/autoware_vehicle_msgs/autoware_vehicle_msgs/msg/detail/turn_indicators_report__functions.h
-- Up-to-date: /home/jmj/dream_ws/install/autoware_vehicle_msgs/include/autoware_vehicle_msgs/autoware_vehicle_msgs/msg/detail/control_mode_report__struct.h
-- Up-to-date: /home/jmj/dream_ws/install/autoware_vehicle_msgs/include/autoware_vehicle_msgs/autoware_vehicle_msgs/msg/detail/engage__functions.h
-- Up-to-date: /home/jmj/dream_ws/install/autoware_vehicle_msgs/include/autoware_vehicle_msgs/autoware_vehicle_msgs/msg/detail/velocity_report__functions.c
-- Up-to-date: /home/jmj/dream_ws/install/autoware_vehicle_msgs/include/autoware_vehicle_msgs/autoware_vehicle_msgs/msg/detail/turn_indicators_command__functions.h
-- Up-to-date: /home/jmj/dream_ws/install/autoware_vehicle_msgs/include/autoware_vehicle_msgs/autoware_vehicle_msgs/msg/detail/gear_command__functions.h
-- Up-to-date: /home/jmj/dream_ws/install/autoware_vehicle_msgs/include/autoware_vehicle_msgs/autoware_vehicle_msgs/msg/detail/gear_command__struct.h
-- Up-to-date: /home/jmj/dream_ws/install/autoware_vehicle_msgs/include/autoware_vehicle_msgs/autoware_vehicle_msgs/msg/detail/turn_indicators_report__functions.c
-- Up-to-date: /home/jmj/dream_ws/install/autoware_vehicle_msgs/include/autoware_vehicle_msgs/autoware_vehicle_msgs/msg/detail/engage__type_support.h
-- Up-to-date: /home/jmj/dream_ws/install/autoware_vehicle_msgs/include/autoware_vehicle_msgs/autoware_vehicle_msgs/msg/detail/steering_report__functions.c
-- Up-to-date: /home/jmj/dream_ws/install/autoware_vehicle_msgs/include/autoware_vehicle_msgs/autoware_vehicle_msgs/msg/detail/turn_indicators_command__type_support.h
-- Up-to-date: /home/jmj/dream_ws/install/autoware_vehicle_msgs/include/autoware_vehicle_msgs/autoware_vehicle_msgs/msg/detail/steering_report__type_support.h
-- Up-to-date: /home/jmj/dream_ws/install/autoware_vehicle_msgs/include/autoware_vehicle_msgs/autoware_vehicle_msgs/msg/detail/steering_report__functions.h
-- Up-to-date: /home/jmj/dream_ws/install/autoware_vehicle_msgs/include/autoware_vehicle_msgs/autoware_vehicle_msgs/msg/detail/gear_report__functions.h
-- Up-to-date: /home/jmj/dream_ws/install/autoware_vehicle_msgs/include/autoware_vehicle_msgs/autoware_vehicle_msgs/msg/detail/engage__functions.c
-- Up-to-date: /home/jmj/dream_ws/install/autoware_vehicle_msgs/include/autoware_vehicle_msgs/autoware_vehicle_msgs/msg/detail/gear_command__type_support.h
-- Up-to-date: /home/jmj/dream_ws/install/autoware_vehicle_msgs/include/autoware_vehicle_msgs/autoware_vehicle_msgs/msg/detail/hazard_lights_command__functions.c
-- Up-to-date: /home/jmj/dream_ws/install/autoware_vehicle_msgs/include/autoware_vehicle_msgs/autoware_vehicle_msgs/msg/detail/hazard_lights_command__functions.h
-- Up-to-date: /home/jmj/dream_ws/install/autoware_vehicle_msgs/include/autoware_vehicle_msgs/autoware_vehicle_msgs/msg/detail/gear_report__struct.h
-- Up-to-date: /home/jmj/dream_ws/install/autoware_vehicle_msgs/include/autoware_vehicle_msgs/autoware_vehicle_msgs/msg/detail/gear_report__type_support.h
-- Up-to-date: /home/jmj/dream_ws/install/autoware_vehicle_msgs/include/autoware_vehicle_msgs/autoware_vehicle_msgs/msg/detail/hazard_lights_report__functions.h
-- Up-to-date: /home/jmj/dream_ws/install/autoware_vehicle_msgs/include/autoware_vehicle_msgs/autoware_vehicle_msgs/msg/detail/velocity_report__type_support.h
-- Up-to-date: /home/jmj/dream_ws/install/autoware_vehicle_msgs/include/autoware_vehicle_msgs/autoware_vehicle_msgs/msg/detail/hazard_lights_report__struct.h
-- Up-to-date: /home/jmj/dream_ws/install/autoware_vehicle_msgs/include/autoware_vehicle_msgs/autoware_vehicle_msgs/msg/detail/hazard_lights_command__type_support.h
-- Up-to-date: /home/jmj/dream_ws/install/autoware_vehicle_msgs/include/autoware_vehicle_msgs/autoware_vehicle_msgs/msg/detail/control_mode_report__functions.c
-- Up-to-date: /home/jmj/dream_ws/install/autoware_vehicle_msgs/include/autoware_vehicle_msgs/autoware_vehicle_msgs/msg/detail/control_mode_report__functions.h
-- Up-to-date: /home/jmj/dream_ws/install/autoware_vehicle_msgs/include/autoware_vehicle_msgs/autoware_vehicle_msgs/msg/detail/gear_command__functions.c
-- Up-to-date: /home/jmj/dream_ws/install/autoware_vehicle_msgs/include/autoware_vehicle_msgs/autoware_vehicle_msgs/msg/detail/hazard_lights_report__functions.c
-- Up-to-date: /home/jmj/dream_ws/install/autoware_vehicle_msgs/include/autoware_vehicle_msgs/autoware_vehicle_msgs/msg/detail/steering_report__struct.h
-- Up-to-date: /home/jmj/dream_ws/install/autoware_vehicle_msgs/include/autoware_vehicle_msgs/autoware_vehicle_msgs/msg/detail/control_mode_report__type_support.h
-- Up-to-date: /home/jmj/dream_ws/install/autoware_vehicle_msgs/include/autoware_vehicle_msgs/autoware_vehicle_msgs/msg/detail/hazard_lights_command__struct.h
-- Up-to-date: /home/jmj/dream_ws/install/autoware_vehicle_msgs/include/autoware_vehicle_msgs/autoware_vehicle_msgs/msg/detail/turn_indicators_report__type_support.h
-- Up-to-date: /home/jmj/dream_ws/install/autoware_vehicle_msgs/include/autoware_vehicle_msgs/autoware_vehicle_msgs/msg/turn_indicators_report.h
-- Up-to-date: /home/jmj/dream_ws/install/autoware_vehicle_msgs/include/autoware_vehicle_msgs/autoware_vehicle_msgs/msg/hazard_lights_report.h
-- Up-to-date: /home/jmj/dream_ws/install/autoware_vehicle_msgs/include/autoware_vehicle_msgs/autoware_vehicle_msgs/msg/control_mode_report.h
-- Up-to-date: /home/jmj/dream_ws/install/autoware_vehicle_msgs/include/autoware_vehicle_msgs/autoware_vehicle_msgs/msg/hazard_lights_command.h
-- Up-to-date: /home/jmj/dream_ws/install/autoware_vehicle_msgs/include/autoware_vehicle_msgs/autoware_vehicle_msgs/msg/turn_indicators_command.h
-- Up-to-date: /home/jmj/dream_ws/install/autoware_vehicle_msgs/include/autoware_vehicle_msgs/autoware_vehicle_msgs/msg/gear_command.h
-- Up-to-date: /home/jmj/dream_ws/install/autoware_vehicle_msgs/share/autoware_vehicle_msgs/environment/library_path.sh
-- Up-to-date: /home/jmj/dream_ws/install/autoware_vehicle_msgs/share/autoware_vehicle_msgs/environment/library_path.dsv
-- Up-to-date: /home/jmj/dream_ws/install/autoware_vehicle_msgs/lib/libautoware_vehicle_msgs__rosidl_generator_c.so
-- Up-to-date: /home/jmj/dream_ws/install/autoware_vehicle_msgs/include/autoware_vehicle_msgs/autoware_vehicle_msgs
-- Up-to-date: /home/jmj/dream_ws/install/autoware_vehicle_msgs/include/autoware_vehicle_msgs/autoware_vehicle_msgs/srv
-- Up-to-date: /home/jmj/dream_ws/install/autoware_vehicle_msgs/include/autoware_vehicle_msgs/autoware_vehicle_msgs/srv/detail
-- Up-to-date: /home/jmj/dream_ws/install/autoware_vehicle_msgs/include/autoware_vehicle_msgs/autoware_vehicle_msgs/srv/detail/control_mode_command__rosidl_typesupport_fastrtps_c.h
-- Up-to-date: /home/jmj/dream_ws/install/autoware_vehicle_msgs/include/autoware_vehicle_msgs/autoware_vehicle_msgs/msg
-- Up-to-date: /home/jmj/dream_ws/install/autoware_vehicle_msgs/include/autoware_vehicle_msgs/autoware_vehicle_msgs/msg/detail
-- Up-to-date: /home/jmj/dream_ws/install/autoware_vehicle_msgs/include/autoware_vehicle_msgs/autoware_vehicle_msgs/msg/detail/velocity_report__rosidl_typesupport_fastrtps_c.h
-- Up-to-date: /home/jmj/dream_ws/install/autoware_vehicle_msgs/include/autoware_vehicle_msgs/autoware_vehicle_msgs/msg/detail/hazard_lights_report__rosidl_typesupport_fastrtps_c.h
-- Up-to-date: /home/jmj/dream_ws/install/autoware_vehicle_msgs/include/autoware_vehicle_msgs/autoware_vehicle_msgs/msg/detail/gear_report__rosidl_typesupport_fastrtps_c.h
-- Up-to-date: /home/jmj/dream_ws/install/autoware_vehicle_msgs/include/autoware_vehicle_msgs/autoware_vehicle_msgs/msg/detail/steering_report__rosidl_typesupport_fastrtps_c.h
-- Up-to-date: /home/jmj/dream_ws/install/autoware_vehicle_msgs/include/autoware_vehicle_msgs/autoware_vehicle_msgs/msg/detail/hazard_lights_command__rosidl_typesupport_fastrtps_c.h
-- Up-to-date: /home/jmj/dream_ws/install/autoware_vehicle_msgs/include/autoware_vehicle_msgs/autoware_vehicle_msgs/msg/detail/gear_command__rosidl_typesupport_fastrtps_c.h
-- Up-to-date: /home/jmj/dream_ws/install/autoware_vehicle_msgs/include/autoware_vehicle_msgs/autoware_vehicle_msgs/msg/detail/turn_indicators_command__rosidl_typesupport_fastrtps_c.h
-- Up-to-date: /home/jmj/dream_ws/install/autoware_vehicle_msgs/include/autoware_vehicle_msgs/autoware_vehicle_msgs/msg/detail/turn_indicators_report__rosidl_typesupport_fastrtps_c.h
-- Up-to-date: /home/jmj/dream_ws/install/autoware_vehicle_msgs/include/autoware_vehicle_msgs/autoware_vehicle_msgs/msg/detail/engage__rosidl_typesupport_fastrtps_c.h
-- Up-to-date: /home/jmj/dream_ws/install/autoware_vehicle_msgs/include/autoware_vehicle_msgs/autoware_vehicle_msgs/msg/detail/control_mode_report__rosidl_typesupport_fastrtps_c.h
-- Up-to-date: /home/jmj/dream_ws/install/autoware_vehicle_msgs/include/autoware_vehicle_msgs/autoware_vehicle_msgs/msg/rosidl_typesupport_fastrtps_c__visibility_control.h
-- Up-to-date: /home/jmj/dream_ws/install/autoware_vehicle_msgs/lib/libautoware_vehicle_msgs__rosidl_typesupport_fastrtps_c.so
-- Up-to-date: /home/jmj/dream_ws/install/autoware_vehicle_msgs/include/autoware_vehicle_msgs/autoware_vehicle_msgs
-- Up-to-date: /home/jmj/dream_ws/install/autoware_vehicle_msgs/include/autoware_vehicle_msgs/autoware_vehicle_msgs/srv
-- Up-to-date: /home/jmj/dream_ws/install/autoware_vehicle_msgs/include/autoware_vehicle_msgs/autoware_vehicle_msgs/srv/detail
-- Up-to-date: /home/jmj/dream_ws/install/autoware_vehicle_msgs/include/autoware_vehicle_msgs/autoware_vehicle_msgs/srv/detail/control_mode_command__traits.hpp
-- Up-to-date: /home/jmj/dream_ws/install/autoware_vehicle_msgs/include/autoware_vehicle_msgs/autoware_vehicle_msgs/srv/detail/control_mode_command__builder.hpp
-- Up-to-date: /home/jmj/dream_ws/install/autoware_vehicle_msgs/include/autoware_vehicle_msgs/autoware_vehicle_msgs/srv/detail/control_mode_command__struct.hpp
-- Up-to-date: /home/jmj/dream_ws/install/autoware_vehicle_msgs/include/autoware_vehicle_msgs/autoware_vehicle_msgs/srv/detail/control_mode_command__type_support.hpp
-- Up-to-date: /home/jmj/dream_ws/install/autoware_vehicle_msgs/include/autoware_vehicle_msgs/autoware_vehicle_msgs/srv/control_mode_command.hpp
-- Up-to-date: /home/jmj/dream_ws/install/autoware_vehicle_msgs/include/autoware_vehicle_msgs/autoware_vehicle_msgs/msg
-- Up-to-date: /home/jmj/dream_ws/install/autoware_vehicle_msgs/include/autoware_vehicle_msgs/autoware_vehicle_msgs/msg/gear_report.hpp
-- Up-to-date: /home/jmj/dream_ws/install/autoware_vehicle_msgs/include/autoware_vehicle_msgs/autoware_vehicle_msgs/msg/hazard_lights_report.hpp
-- Up-to-date: /home/jmj/dream_ws/install/autoware_vehicle_msgs/include/autoware_vehicle_msgs/autoware_vehicle_msgs/msg/detail
-- Up-to-date: /home/jmj/dream_ws/install/autoware_vehicle_msgs/include/autoware_vehicle_msgs/autoware_vehicle_msgs/msg/detail/turn_indicators_report__builder.hpp
-- Up-to-date: /home/jmj/dream_ws/install/autoware_vehicle_msgs/include/autoware_vehicle_msgs/autoware_vehicle_msgs/msg/detail/gear_report__type_support.hpp
-- Up-to-date: /home/jmj/dream_ws/install/autoware_vehicle_msgs/include/autoware_vehicle_msgs/autoware_vehicle_msgs/msg/detail/gear_command__builder.hpp
-- Up-to-date: /home/jmj/dream_ws/install/autoware_vehicle_msgs/include/autoware_vehicle_msgs/autoware_vehicle_msgs/msg/detail/control_mode_report__traits.hpp
-- Up-to-date: /home/jmj/dream_ws/install/autoware_vehicle_msgs/include/autoware_vehicle_msgs/autoware_vehicle_msgs/msg/detail/hazard_lights_report__type_support.hpp
-- Up-to-date: /home/jmj/dream_ws/install/autoware_vehicle_msgs/include/autoware_vehicle_msgs/autoware_vehicle_msgs/msg/detail/turn_indicators_command__struct.hpp
-- Up-to-date: /home/jmj/dream_ws/install/autoware_vehicle_msgs/include/autoware_vehicle_msgs/autoware_vehicle_msgs/msg/detail/hazard_lights_report__builder.hpp
-- Up-to-date: /home/jmj/dream_ws/install/autoware_vehicle_msgs/include/autoware_vehicle_msgs/autoware_vehicle_msgs/msg/detail/engage__builder.hpp
-- Up-to-date: /home/jmj/dream_ws/install/autoware_vehicle_msgs/include/autoware_vehicle_msgs/autoware_vehicle_msgs/msg/detail/gear_command__struct.hpp
-- Up-to-date: /home/jmj/dream_ws/install/autoware_vehicle_msgs/include/autoware_vehicle_msgs/autoware_vehicle_msgs/msg/detail/steering_report__struct.hpp
-- Up-to-date: /home/jmj/dream_ws/install/autoware_vehicle_msgs/include/autoware_vehicle_msgs/autoware_vehicle_msgs/msg/detail/engage__traits.hpp
-- Up-to-date: /home/jmj/dream_ws/install/autoware_vehicle_msgs/include/autoware_vehicle_msgs/autoware_vehicle_msgs/msg/detail/steering_report__traits.hpp
-- Up-to-date: /home/jmj/dream_ws/install/autoware_vehicle_msgs/include/autoware_vehicle_msgs/autoware_vehicle_msgs/msg/detail/hazard_lights_command__struct.hpp
-- Up-to-date: /home/jmj/dream_ws/install/autoware_vehicle_msgs/include/autoware_vehicle_msgs/autoware_vehicle_msgs/msg/detail/control_mode_report__struct.hpp
-- Up-to-date: /home/jmj/dream_ws/install/autoware_vehicle_msgs/include/autoware_vehicle_msgs/autoware_vehicle_msgs/msg/detail/turn_indicators_command__builder.hpp
-- Up-to-date: /home/jmj/dream_ws/install/autoware_vehicle_msgs/include/autoware_vehicle_msgs/autoware_vehicle_msgs/msg/detail/velocity_report__type_support.hpp
-- Up-to-date: /home/jmj/dream_ws/install/autoware_vehicle_msgs/include/autoware_vehicle_msgs/autoware_vehicle_msgs/msg/detail/gear_report__builder.hpp
-- Up-to-date: /home/jmj/dream_ws/install/autoware_vehicle_msgs/include/autoware_vehicle_msgs/autoware_vehicle_msgs/msg/detail/turn_indicators_command__type_support.hpp
-- Up-to-date: /home/jmj/dream_ws/install/autoware_vehicle_msgs/include/autoware_vehicle_msgs/autoware_vehicle_msgs/msg/detail/engage__type_support.hpp
-- Up-to-date: /home/jmj/dream_ws/install/autoware_vehicle_msgs/include/autoware_vehicle_msgs/autoware_vehicle_msgs/msg/detail/steering_report__type_support.hpp
-- Up-to-date: /home/jmj/dream_ws/install/autoware_vehicle_msgs/include/autoware_vehicle_msgs/autoware_vehicle_msgs/msg/detail/turn_indicators_report__traits.hpp
-- Up-to-date: /home/jmj/dream_ws/install/autoware_vehicle_msgs/include/autoware_vehicle_msgs/autoware_vehicle_msgs/msg/detail/velocity_report__builder.hpp
-- Up-to-date: /home/jmj/dream_ws/install/autoware_vehicle_msgs/include/autoware_vehicle_msgs/autoware_vehicle_msgs/msg/detail/hazard_lights_report__struct.hpp
-- Up-to-date: /home/jmj/dream_ws/install/autoware_vehicle_msgs/include/autoware_vehicle_msgs/autoware_vehicle_msgs/msg/detail/turn_indicators_report__struct.hpp
-- Up-to-date: /home/jmj/dream_ws/install/autoware_vehicle_msgs/include/autoware_vehicle_msgs/autoware_vehicle_msgs/msg/detail/control_mode_report__type_support.hpp
-- Up-to-date: /home/jmj/dream_ws/install/autoware_vehicle_msgs/include/autoware_vehicle_msgs/autoware_vehicle_msgs/msg/detail/turn_indicators_command__traits.hpp
-- Up-to-date: /home/jmj/dream_ws/install/autoware_vehicle_msgs/include/autoware_vehicle_msgs/autoware_vehicle_msgs/msg/detail/velocity_report__traits.hpp
-- Up-to-date: /home/jmj/dream_ws/install/autoware_vehicle_msgs/include/autoware_vehicle_msgs/autoware_vehicle_msgs/msg/detail/turn_indicators_report__type_support.hpp
-- Up-to-date: /home/jmj/dream_ws/install/autoware_vehicle_msgs/include/autoware_vehicle_msgs/autoware_vehicle_msgs/msg/detail/gear_report__traits.hpp
-- Up-to-date: /home/jmj/dream_ws/install/autoware_vehicle_msgs/include/autoware_vehicle_msgs/autoware_vehicle_msgs/msg/detail/gear_command__type_support.hpp
-- Up-to-date: /home/jmj/dream_ws/install/autoware_vehicle_msgs/include/autoware_vehicle_msgs/autoware_vehicle_msgs/msg/detail/gear_report__struct.hpp
-- Up-to-date: /home/jmj/dream_ws/install/autoware_vehicle_msgs/include/autoware_vehicle_msgs/autoware_vehicle_msgs/msg/detail/hazard_lights_command__builder.hpp
-- Up-to-date: /home/jmj/dream_ws/install/autoware_vehicle_msgs/include/autoware_vehicle_msgs/autoware_vehicle_msgs/msg/detail/control_mode_report__builder.hpp
-- Up-to-date: /home/jmj/dream_ws/install/autoware_vehicle_msgs/include/autoware_vehicle_msgs/autoware_vehicle_msgs/msg/detail/gear_command__traits.hpp
-- Up-to-date: /home/jmj/dream_ws/install/autoware_vehicle_msgs/include/autoware_vehicle_msgs/autoware_vehicle_msgs/msg/detail/steering_report__builder.hpp
-- Up-to-date: /home/jmj/dream_ws/install/autoware_vehicle_msgs/include/autoware_vehicle_msgs/autoware_vehicle_msgs/msg/detail/hazard_lights_command__type_support.hpp
-- Up-to-date: /home/jmj/dream_ws/install/autoware_vehicle_msgs/include/autoware_vehicle_msgs/autoware_vehicle_msgs/msg/detail/hazard_lights_report__traits.hpp
-- Up-to-date: /home/jmj/dream_ws/install/autoware_vehicle_msgs/include/autoware_vehicle_msgs/autoware_vehicle_msgs/msg/detail/velocity_report__struct.hpp
-- Up-to-date: /home/jmj/dream_ws/install/autoware_vehicle_msgs/include/autoware_vehicle_msgs/autoware_vehicle_msgs/msg/detail/engage__struct.hpp
-- Up-to-date: /home/jmj/dream_ws/install/autoware_vehicle_msgs/include/autoware_vehicle_msgs/autoware_vehicle_msgs/msg/detail/hazard_lights_command__traits.hpp
-- Up-to-date: /home/jmj/dream_ws/install/autoware_vehicle_msgs/include/autoware_vehicle_msgs/autoware_vehicle_msgs/msg/velocity_report.hpp
-- Up-to-date: /home/jmj/dream_ws/install/autoware_vehicle_msgs/include/autoware_vehicle_msgs/autoware_vehicle_msgs/msg/turn_indicators_report.hpp
-- Up-to-date: /home/jmj/dream_ws/install/autoware_vehicle_msgs/include/autoware_vehicle_msgs/autoware_vehicle_msgs/msg/hazard_lights_command.hpp
-- Up-to-date: /home/jmj/dream_ws/install/autoware_vehicle_msgs/include/autoware_vehicle_msgs/autoware_vehicle_msgs/msg/gear_command.hpp
-- Up-to-date: /home/jmj/dream_ws/install/autoware_vehicle_msgs/include/autoware_vehicle_msgs/autoware_vehicle_msgs/msg/engage.hpp
-- Up-to-date: /home/jmj/dream_ws/install/autoware_vehicle_msgs/include/autoware_vehicle_msgs/autoware_vehicle_msgs/msg/control_mode_report.hpp
-- Up-to-date: /home/jmj/dream_ws/install/autoware_vehicle_msgs/include/autoware_vehicle_msgs/autoware_vehicle_msgs/msg/steering_report.hpp
-- Up-to-date: /home/jmj/dream_ws/install/autoware_vehicle_msgs/include/autoware_vehicle_msgs/autoware_vehicle_msgs/msg/rosidl_generator_cpp__visibility_control.hpp
-- Up-to-date: /home/jmj/dream_ws/install/autoware_vehicle_msgs/include/autoware_vehicle_msgs/autoware_vehicle_msgs/msg/turn_indicators_command.hpp
-- Up-to-date: /home/jmj/dream_ws/install/autoware_vehicle_msgs/include/autoware_vehicle_msgs/autoware_vehicle_msgs
-- Up-to-date: /home/jmj/dream_ws/install/autoware_vehicle_msgs/include/autoware_vehicle_msgs/autoware_vehicle_msgs/srv
-- Up-to-date: /home/jmj/dream_ws/install/autoware_vehicle_msgs/include/autoware_vehicle_msgs/autoware_vehicle_msgs/srv/detail
-- Up-to-date: /home/jmj/dream_ws/install/autoware_vehicle_msgs/include/autoware_vehicle_msgs/autoware_vehicle_msgs/srv/detail/dds_fastrtps
-- Up-to-date: /home/jmj/dream_ws/install/autoware_vehicle_msgs/include/autoware_vehicle_msgs/autoware_vehicle_msgs/srv/detail/control_mode_command__rosidl_typesupport_fastrtps_cpp.hpp
-- Up-to-date: /home/jmj/dream_ws/install/autoware_vehicle_msgs/include/autoware_vehicle_msgs/autoware_vehicle_msgs/msg
-- Up-to-date: /home/jmj/dream_ws/install/autoware_vehicle_msgs/include/autoware_vehicle_msgs/autoware_vehicle_msgs/msg/detail
-- Up-to-date: /home/jmj/dream_ws/install/autoware_vehicle_msgs/include/autoware_vehicle_msgs/autoware_vehicle_msgs/msg/detail/dds_fastrtps
-- Up-to-date: /home/jmj/dream_ws/install/autoware_vehicle_msgs/include/autoware_vehicle_msgs/autoware_vehicle_msgs/msg/detail/engage__rosidl_typesupport_fastrtps_cpp.hpp
-- Up-to-date: /home/jmj/dream_ws/install/autoware_vehicle_msgs/include/autoware_vehicle_msgs/autoware_vehicle_msgs/msg/detail/control_mode_report__rosidl_typesupport_fastrtps_cpp.hpp
-- Up-to-date: /home/jmj/dream_ws/install/autoware_vehicle_msgs/include/autoware_vehicle_msgs/autoware_vehicle_msgs/msg/detail/velocity_report__rosidl_typesupport_fastrtps_cpp.hpp
-- Up-to-date: /home/jmj/dream_ws/install/autoware_vehicle_msgs/include/autoware_vehicle_msgs/autoware_vehicle_msgs/msg/detail/hazard_lights_report__rosidl_typesupport_fastrtps_cpp.hpp
-- Up-to-date: /home/jmj/dream_ws/install/autoware_vehicle_msgs/include/autoware_vehicle_msgs/autoware_vehicle_msgs/msg/detail/steering_report__rosidl_typesupport_fastrtps_cpp.hpp
-- Up-to-date: /home/jmj/dream_ws/install/autoware_vehicle_msgs/include/autoware_vehicle_msgs/autoware_vehicle_msgs/msg/detail/gear_command__rosidl_typesupport_fastrtps_cpp.hpp
-- Up-to-date: /home/jmj/dream_ws/install/autoware_vehicle_msgs/include/autoware_vehicle_msgs/autoware_vehicle_msgs/msg/detail/turn_indicators_command__rosidl_typesupport_fastrtps_cpp.hpp
-- Up-to-date: /home/jmj/dream_ws/install/autoware_vehicle_msgs/include/autoware_vehicle_msgs/autoware_vehicle_msgs/msg/detail/turn_indicators_report__rosidl_typesupport_fastrtps_cpp.hpp
-- Up-to-date: /home/jmj/dream_ws/install/autoware_vehicle_msgs/include/autoware_vehicle_msgs/autoware_vehicle_msgs/msg/detail/gear_report__rosidl_typesupport_fastrtps_cpp.hpp
-- Up-to-date: /home/jmj/dream_ws/install/autoware_vehicle_msgs/include/autoware_vehicle_msgs/autoware_vehicle_msgs/msg/detail/hazard_lights_command__rosidl_typesupport_fastrtps_cpp.hpp
-- Up-to-date: /home/jmj/dream_ws/install/autoware_vehicle_msgs/include/autoware_vehicle_msgs/autoware_vehicle_msgs/msg/rosidl_typesupport_fastrtps_cpp__visibility_control.h
-- Up-to-date: /home/jmj/dream_ws/install/autoware_vehicle_msgs/lib/libautoware_vehicle_msgs__rosidl_typesupport_fastrtps_cpp.so
-- Up-to-date: /home/jmj/dream_ws/install/autoware_vehicle_msgs/include/autoware_vehicle_msgs/autoware_vehicle_msgs
-- Up-to-date: /home/jmj/dream_ws/install/autoware_vehicle_msgs/include/autoware_vehicle_msgs/autoware_vehicle_msgs/srv
-- Up-to-date: /home/jmj/dream_ws/install/autoware_vehicle_msgs/include/autoware_vehicle_msgs/autoware_vehicle_msgs/srv/detail
-- Up-to-date: /home/jmj/dream_ws/install/autoware_vehicle_msgs/include/autoware_vehicle_msgs/autoware_vehicle_msgs/srv/detail/control_mode_command__rosidl_typesupport_introspection_c.h
-- Up-to-date: /home/jmj/dream_ws/install/autoware_vehicle_msgs/include/autoware_vehicle_msgs/autoware_vehicle_msgs/srv/detail/control_mode_command__type_support.c
-- Up-to-date: /home/jmj/dream_ws/install/autoware_vehicle_msgs/include/autoware_vehicle_msgs/autoware_vehicle_msgs/msg
-- Up-to-date: /home/jmj/dream_ws/install/autoware_vehicle_msgs/include/autoware_vehicle_msgs/autoware_vehicle_msgs/msg/detail
-- Up-to-date: /home/jmj/dream_ws/install/autoware_vehicle_msgs/include/autoware_vehicle_msgs/autoware_vehicle_msgs/msg/detail/control_mode_report__rosidl_typesupport_introspection_c.h
-- Up-to-date: /home/jmj/dream_ws/install/autoware_vehicle_msgs/include/autoware_vehicle_msgs/autoware_vehicle_msgs/msg/detail/engage__type_support.c
-- Up-to-date: /home/jmj/dream_ws/install/autoware_vehicle_msgs/include/autoware_vehicle_msgs/autoware_vehicle_msgs/msg/detail/turn_indicators_report__rosidl_typesupport_introspection_c.h
-- Up-to-date: /home/jmj/dream_ws/install/autoware_vehicle_msgs/include/autoware_vehicle_msgs/autoware_vehicle_msgs/msg/detail/velocity_report__rosidl_typesupport_introspection_c.h
-- Up-to-date: /home/jmj/dream_ws/install/autoware_vehicle_msgs/include/autoware_vehicle_msgs/autoware_vehicle_msgs/msg/detail/control_mode_report__type_support.c
-- Up-to-date: /home/jmj/dream_ws/install/autoware_vehicle_msgs/include/autoware_vehicle_msgs/autoware_vehicle_msgs/msg/detail/gear_command__type_support.c
-- Up-to-date: /home/jmj/dream_ws/install/autoware_vehicle_msgs/include/autoware_vehicle_msgs/autoware_vehicle_msgs/msg/detail/hazard_lights_report__type_support.c
-- Up-to-date: /home/jmj/dream_ws/install/autoware_vehicle_msgs/include/autoware_vehicle_msgs/autoware_vehicle_msgs/msg/detail/turn_indicators_report__type_support.c
-- Up-to-date: /home/jmj/dream_ws/install/autoware_vehicle_msgs/include/autoware_vehicle_msgs/autoware_vehicle_msgs/msg/detail/turn_indicators_command__rosidl_typesupport_introspection_c.h
-- Up-to-date: /home/jmj/dream_ws/install/autoware_vehicle_msgs/include/autoware_vehicle_msgs/autoware_vehicle_msgs/msg/detail/turn_indicators_command__type_support.c
-- Up-to-date: /home/jmj/dream_ws/install/autoware_vehicle_msgs/include/autoware_vehicle_msgs/autoware_vehicle_msgs/msg/detail/velocity_report__type_support.c
-- Up-to-date: /home/jmj/dream_ws/install/autoware_vehicle_msgs/include/autoware_vehicle_msgs/autoware_vehicle_msgs/msg/detail/steering_report__rosidl_typesupport_introspection_c.h
-- Up-to-date: /home/jmj/dream_ws/install/autoware_vehicle_msgs/include/autoware_vehicle_msgs/autoware_vehicle_msgs/msg/detail/hazard_lights_command__type_support.c
-- Up-to-date: /home/jmj/dream_ws/install/autoware_vehicle_msgs/include/autoware_vehicle_msgs/autoware_vehicle_msgs/msg/detail/engage__rosidl_typesupport_introspection_c.h
-- Up-to-date: /home/jmj/dream_ws/install/autoware_vehicle_msgs/include/autoware_vehicle_msgs/autoware_vehicle_msgs/msg/detail/gear_command__rosidl_typesupport_introspection_c.h
-- Up-to-date: /home/jmj/dream_ws/install/autoware_vehicle_msgs/include/autoware_vehicle_msgs/autoware_vehicle_msgs/msg/detail/steering_report__type_support.c
-- Up-to-date: /home/jmj/dream_ws/install/autoware_vehicle_msgs/include/autoware_vehicle_msgs/autoware_vehicle_msgs/msg/detail/hazard_lights_report__rosidl_typesupport_introspection_c.h
-- Up-to-date: /home/jmj/dream_ws/install/autoware_vehicle_msgs/include/autoware_vehicle_msgs/autoware_vehicle_msgs/msg/detail/gear_report__type_support.c
-- Up-to-date: /home/jmj/dream_ws/install/autoware_vehicle_msgs/include/autoware_vehicle_msgs/autoware_vehicle_msgs/msg/detail/gear_report__rosidl_typesupport_introspection_c.h
-- Up-to-date: /home/jmj/dream_ws/install/autoware_vehicle_msgs/include/autoware_vehicle_msgs/autoware_vehicle_msgs/msg/detail/hazard_lights_command__rosidl_typesupport_introspection_c.h
-- Up-to-date: /home/jmj/dream_ws/install/autoware_vehicle_msgs/include/autoware_vehicle_msgs/autoware_vehicle_msgs/msg/rosidl_typesupport_introspection_c__visibility_control.h
-- Up-to-date: /home/jmj/dream_ws/install/autoware_vehicle_msgs/lib/libautoware_vehicle_msgs__rosidl_typesupport_introspection_c.so
-- Up-to-date: /home/jmj/dream_ws/install/autoware_vehicle_msgs/lib/libautoware_vehicle_msgs__rosidl_typesupport_c.so
-- Up-to-date: /home/jmj/dream_ws/install/autoware_vehicle_msgs/include/autoware_vehicle_msgs/autoware_vehicle_msgs
-- Up-to-date: /home/jmj/dream_ws/install/autoware_vehicle_msgs/include/autoware_vehicle_msgs/autoware_vehicle_msgs/srv
-- Up-to-date: /home/jmj/dream_ws/install/autoware_vehicle_msgs/include/autoware_vehicle_msgs/autoware_vehicle_msgs/srv/detail
-- Up-to-date: /home/jmj/dream_ws/install/autoware_vehicle_msgs/include/autoware_vehicle_msgs/autoware_vehicle_msgs/srv/detail/control_mode_command__type_support.cpp
-- Up-to-date: /home/jmj/dream_ws/install/autoware_vehicle_msgs/include/autoware_vehicle_msgs/autoware_vehicle_msgs/srv/detail/control_mode_command__rosidl_typesupport_introspection_cpp.hpp
-- Up-to-date: /home/jmj/dream_ws/install/autoware_vehicle_msgs/include/autoware_vehicle_msgs/autoware_vehicle_msgs/msg
-- Up-to-date: /home/jmj/dream_ws/install/autoware_vehicle_msgs/include/autoware_vehicle_msgs/autoware_vehicle_msgs/msg/detail
-- Up-to-date: /home/jmj/dream_ws/install/autoware_vehicle_msgs/include/autoware_vehicle_msgs/autoware_vehicle_msgs/msg/detail/steering_report__type_support.cpp
-- Up-to-date: /home/jmj/dream_ws/install/autoware_vehicle_msgs/include/autoware_vehicle_msgs/autoware_vehicle_msgs/msg/detail/gear_command__type_support.cpp
-- Up-to-date: /home/jmj/dream_ws/install/autoware_vehicle_msgs/include/autoware_vehicle_msgs/autoware_vehicle_msgs/msg/detail/control_mode_report__rosidl_typesupport_introspection_cpp.hpp
-- Up-to-date: /home/jmj/dream_ws/install/autoware_vehicle_msgs/include/autoware_vehicle_msgs/autoware_vehicle_msgs/msg/detail/hazard_lights_report__type_support.cpp
-- Up-to-date: /home/jmj/dream_ws/install/autoware_vehicle_msgs/include/autoware_vehicle_msgs/autoware_vehicle_msgs/msg/detail/hazard_lights_report__rosidl_typesupport_introspection_cpp.hpp
-- Up-to-date: /home/jmj/dream_ws/install/autoware_vehicle_msgs/include/autoware_vehicle_msgs/autoware_vehicle_msgs/msg/detail/turn_indicators_report__rosidl_typesupport_introspection_cpp.hpp
-- Up-to-date: /home/jmj/dream_ws/install/autoware_vehicle_msgs/include/autoware_vehicle_msgs/autoware_vehicle_msgs/msg/detail/hazard_lights_command__rosidl_typesupport_introspection_cpp.hpp
-- Up-to-date: /home/jmj/dream_ws/install/autoware_vehicle_msgs/include/autoware_vehicle_msgs/autoware_vehicle_msgs/msg/detail/velocity_report__type_support.cpp
-- Up-to-date: /home/jmj/dream_ws/install/autoware_vehicle_msgs/include/autoware_vehicle_msgs/autoware_vehicle_msgs/msg/detail/turn_indicators_command__type_support.cpp
-- Up-to-date: /home/jmj/dream_ws/install/autoware_vehicle_msgs/include/autoware_vehicle_msgs/autoware_vehicle_msgs/msg/detail/engage__type_support.cpp
-- Up-to-date: /home/jmj/dream_ws/install/autoware_vehicle_msgs/include/autoware_vehicle_msgs/autoware_vehicle_msgs/msg/detail/steering_report__rosidl_typesupport_introspection_cpp.hpp
-- Up-to-date: /home/jmj/dream_ws/install/autoware_vehicle_msgs/include/autoware_vehicle_msgs/autoware_vehicle_msgs/msg/detail/engage__rosidl_typesupport_introspection_cpp.hpp
-- Up-to-date: /home/jmj/dream_ws/install/autoware_vehicle_msgs/include/autoware_vehicle_msgs/autoware_vehicle_msgs/msg/detail/gear_command__rosidl_typesupport_introspection_cpp.hpp
-- Up-to-date: /home/jmj/dream_ws/install/autoware_vehicle_msgs/include/autoware_vehicle_msgs/autoware_vehicle_msgs/msg/detail/control_mode_report__type_support.cpp
-- Up-to-date: /home/jmj/dream_ws/install/autoware_vehicle_msgs/include/autoware_vehicle_msgs/autoware_vehicle_msgs/msg/detail/turn_indicators_report__type_support.cpp
-- Up-to-date: /home/jmj/dream_ws/install/autoware_vehicle_msgs/include/autoware_vehicle_msgs/autoware_vehicle_msgs/msg/detail/gear_report__type_support.cpp
-- Up-to-date: /home/jmj/dream_ws/install/autoware_vehicle_msgs/include/autoware_vehicle_msgs/autoware_vehicle_msgs/msg/detail/gear_report__rosidl_typesupport_introspection_cpp.hpp
-- Up-to-date: /home/jmj/dream_ws/install/autoware_vehicle_msgs/include/autoware_vehicle_msgs/autoware_vehicle_msgs/msg/detail/turn_indicators_command__rosidl_typesupport_introspection_cpp.hpp
-- Up-to-date: /home/jmj/dream_ws/install/autoware_vehicle_msgs/include/autoware_vehicle_msgs/autoware_vehicle_msgs/msg/detail/velocity_report__rosidl_typesupport_introspection_cpp.hpp
-- Up-to-date: /home/jmj/dream_ws/install/autoware_vehicle_msgs/include/autoware_vehicle_msgs/autoware_vehicle_msgs/msg/detail/hazard_lights_command__type_support.cpp
-- Up-to-date: /home/jmj/dream_ws/install/autoware_vehicle_msgs/lib/libautoware_vehicle_msgs__rosidl_typesupport_introspection_cpp.so
-- Up-to-date: /home/jmj/dream_ws/install/autoware_vehicle_msgs/lib/libautoware_vehicle_msgs__rosidl_typesupport_cpp.so
-- Up-to-date: /home/jmj/dream_ws/install/autoware_vehicle_msgs/share/autoware_vehicle_msgs/environment/pythonpath.sh
-- Up-to-date: /home/jmj/dream_ws/install/autoware_vehicle_msgs/share/autoware_vehicle_msgs/environment/pythonpath.dsv
-- Up-to-date: /home/jmj/dream_ws/install/autoware_vehicle_msgs/local/lib/python3.10/dist-packages/autoware_vehicle_msgs-1.8.0-py3.10.egg-info
-- Installing: /home/jmj/dream_ws/install/autoware_vehicle_msgs/local/lib/python3.10/dist-packages/autoware_vehicle_msgs-1.8.0-py3.10.egg-info/dependency_links.txt
-- Installing: /home/jmj/dream_ws/install/autoware_vehicle_msgs/local/lib/python3.10/dist-packages/autoware_vehicle_msgs-1.8.0-py3.10.egg-info/top_level.txt
-- Installing: /home/jmj/dream_ws/install/autoware_vehicle_msgs/local/lib/python3.10/dist-packages/autoware_vehicle_msgs-1.8.0-py3.10.egg-info/PKG-INFO
-- Installing: /home/jmj/dream_ws/install/autoware_vehicle_msgs/local/lib/python3.10/dist-packages/autoware_vehicle_msgs-1.8.0-py3.10.egg-info/SOURCES.txt
-- Up-to-date: /home/jmj/dream_ws/install/autoware_vehicle_msgs/local/lib/python3.10/dist-packages/autoware_vehicle_msgs
-- Up-to-date: /home/jmj/dream_ws/install/autoware_vehicle_msgs/local/lib/python3.10/dist-packages/autoware_vehicle_msgs/_autoware_vehicle_msgs_s.ep.rosidl_typesupport_c.c
-- Up-to-date: /home/jmj/dream_ws/install/autoware_vehicle_msgs/local/lib/python3.10/dist-packages/autoware_vehicle_msgs/__init__.py
-- Up-to-date: /home/jmj/dream_ws/install/autoware_vehicle_msgs/local/lib/python3.10/dist-packages/autoware_vehicle_msgs/srv
-- Up-to-date: /home/jmj/dream_ws/install/autoware_vehicle_msgs/local/lib/python3.10/dist-packages/autoware_vehicle_msgs/srv/__init__.py
-- Up-to-date: /home/jmj/dream_ws/install/autoware_vehicle_msgs/local/lib/python3.10/dist-packages/autoware_vehicle_msgs/srv/_control_mode_command_s.c
-- Up-to-date: /home/jmj/dream_ws/install/autoware_vehicle_msgs/local/lib/python3.10/dist-packages/autoware_vehicle_msgs/srv/_control_mode_command.py
-- Up-to-date: /home/jmj/dream_ws/install/autoware_vehicle_msgs/local/lib/python3.10/dist-packages/autoware_vehicle_msgs/_autoware_vehicle_msgs_s.ep.rosidl_typesupport_introspection_c.c
-- Up-to-date: /home/jmj/dream_ws/install/autoware_vehicle_msgs/local/lib/python3.10/dist-packages/autoware_vehicle_msgs/autoware_vehicle_msgs_s__rosidl_typesupport_c.cpython-310-x86_64-linux-gnu.so
-- Up-to-date: /home/jmj/dream_ws/install/autoware_vehicle_msgs/local/lib/python3.10/dist-packages/autoware_vehicle_msgs/libautoware_vehicle_msgs__rosidl_generator_py.so
-- Up-to-date: /home/jmj/dream_ws/install/autoware_vehicle_msgs/local/lib/python3.10/dist-packages/autoware_vehicle_msgs/autoware_vehicle_msgs_s__rosidl_typesupport_fastrtps_c.cpython-310-x86_64-linux-gnu.so
-- Up-to-date: /home/jmj/dream_ws/install/autoware_vehicle_msgs/local/lib/python3.10/dist-packages/autoware_vehicle_msgs/autoware_vehicle_msgs_s__rosidl_typesupport_introspection_c.cpython-310-x86_64-linux-gnu.so
-- Up-to-date: /home/jmj/dream_ws/install/autoware_vehicle_msgs/local/lib/python3.10/dist-packages/autoware_vehicle_msgs/msg
-- Up-to-date: /home/jmj/dream_ws/install/autoware_vehicle_msgs/local/lib/python3.10/dist-packages/autoware_vehicle_msgs/msg/_turn_indicators_report.py
-- Up-to-date: /home/jmj/dream_ws/install/autoware_vehicle_msgs/local/lib/python3.10/dist-packages/autoware_vehicle_msgs/msg/_gear_command_s.c
-- Up-to-date: /home/jmj/dream_ws/install/autoware_vehicle_msgs/local/lib/python3.10/dist-packages/autoware_vehicle_msgs/msg/_turn_indicators_report_s.c
-- Up-to-date: /home/jmj/dream_ws/install/autoware_vehicle_msgs/local/lib/python3.10/dist-packages/autoware_vehicle_msgs/msg/__init__.py
-- Up-to-date: /home/jmj/dream_ws/install/autoware_vehicle_msgs/local/lib/python3.10/dist-packages/autoware_vehicle_msgs/msg/_engage_s.c
-- Up-to-date: /home/jmj/dream_ws/install/autoware_vehicle_msgs/local/lib/python3.10/dist-packages/autoware_vehicle_msgs/msg/_turn_indicators_command_s.c
-- Up-to-date: /home/jmj/dream_ws/install/autoware_vehicle_msgs/local/lib/python3.10/dist-packages/autoware_vehicle_msgs/msg/_hazard_lights_report.py
-- Up-to-date: /home/jmj/dream_ws/install/autoware_vehicle_msgs/local/lib/python3.10/dist-packages/autoware_vehicle_msgs/msg/_steering_report.py
-- Up-to-date: /home/jmj/dream_ws/install/autoware_vehicle_msgs/local/lib/python3.10/dist-packages/autoware_vehicle_msgs/msg/_gear_command.py
-- Up-to-date: /home/jmj/dream_ws/install/autoware_vehicle_msgs/local/lib/python3.10/dist-packages/autoware_vehicle_msgs/msg/_engage.py
-- Up-to-date: /home/jmj/dream_ws/install/autoware_vehicle_msgs/local/lib/python3.10/dist-packages/autoware_vehicle_msgs/msg/_velocity_report.py
-- Up-to-date: /home/jmj/dream_ws/install/autoware_vehicle_msgs/local/lib/python3.10/dist-packages/autoware_vehicle_msgs/msg/_turn_indicators_command.py
-- Up-to-date: /home/jmj/dream_ws/install/autoware_vehicle_msgs/local/lib/python3.10/dist-packages/autoware_vehicle_msgs/msg/_hazard_lights_report_s.c
-- Up-to-date: /home/jmj/dream_ws/install/autoware_vehicle_msgs/local/lib/python3.10/dist-packages/autoware_vehicle_msgs/msg/_gear_report_s.c
-- Up-to-date: /home/jmj/dream_ws/install/autoware_vehicle_msgs/local/lib/python3.10/dist-packages/autoware_vehicle_msgs/msg/_control_mode_report.py
-- Up-to-date: /home/jmj/dream_ws/install/autoware_vehicle_msgs/local/lib/python3.10/dist-packages/autoware_vehicle_msgs/msg/_gear_report.py
-- Up-to-date: /home/jmj/dream_ws/install/autoware_vehicle_msgs/local/lib/python3.10/dist-packages/autoware_vehicle_msgs/msg/_hazard_lights_command_s.c
-- Up-to-date: /home/jmj/dream_ws/install/autoware_vehicle_msgs/local/lib/python3.10/dist-packages/autoware_vehicle_msgs/msg/_control_mode_report_s.c
-- Up-to-date: /home/jmj/dream_ws/install/autoware_vehicle_msgs/local/lib/python3.10/dist-packages/autoware_vehicle_msgs/msg/_steering_report_s.c
-- Up-to-date: /home/jmj/dream_ws/install/autoware_vehicle_msgs/local/lib/python3.10/dist-packages/autoware_vehicle_msgs/msg/_velocity_report_s.c
-- Up-to-date: /home/jmj/dream_ws/install/autoware_vehicle_msgs/local/lib/python3.10/dist-packages/autoware_vehicle_msgs/msg/_hazard_lights_command.py
-- Up-to-date: /home/jmj/dream_ws/install/autoware_vehicle_msgs/local/lib/python3.10/dist-packages/autoware_vehicle_msgs/_autoware_vehicle_msgs_s.ep.rosidl_typesupport_fastrtps_c.c
Listing '/home/jmj/dream_ws/install/autoware_vehicle_msgs/local/lib/python3.10/dist-packages/autoware_vehicle_msgs'...
Listing '/home/jmj/dream_ws/install/autoware_vehicle_msgs/local/lib/python3.10/dist-packages/autoware_vehicle_msgs/msg'...
Listing '/home/jmj/dream_ws/install/autoware_vehicle_msgs/local/lib/python3.10/dist-packages/autoware_vehicle_msgs/srv'...
-- Up-to-date: /home/jmj/dream_ws/install/autoware_vehicle_msgs/local/lib/python3.10/dist-packages/autoware_vehicle_msgs/autoware_vehicle_msgs_s__rosidl_typesupport_fastrtps_c.cpython-310-x86_64-linux-gnu.so
-- Up-to-date: /home/jmj/dream_ws/install/autoware_vehicle_msgs/local/lib/python3.10/dist-packages/autoware_vehicle_msgs/autoware_vehicle_msgs_s__rosidl_typesupport_introspection_c.cpython-310-x86_64-linux-gnu.so
-- Up-to-date: /home/jmj/dream_ws/install/autoware_vehicle_msgs/local/lib/python3.10/dist-packages/autoware_vehicle_msgs/autoware_vehicle_msgs_s__rosidl_typesupport_c.cpython-310-x86_64-linux-gnu.so
-- Up-to-date: /home/jmj/dream_ws/install/autoware_vehicle_msgs/lib/libautoware_vehicle_msgs__rosidl_generator_py.so
-- Up-to-date: /home/jmj/dream_ws/install/autoware_vehicle_msgs/share/autoware_vehicle_msgs/msg/ControlModeReport.idl
-- Up-to-date: /home/jmj/dream_ws/install/autoware_vehicle_msgs/share/autoware_vehicle_msgs/msg/Engage.idl
-- Up-to-date: /home/jmj/dream_ws/install/autoware_vehicle_msgs/share/autoware_vehicle_msgs/msg/GearCommand.idl
-- Up-to-date: /home/jmj/dream_ws/install/autoware_vehicle_msgs/share/autoware_vehicle_msgs/msg/GearReport.idl
-- Up-to-date: /home/jmj/dream_ws/install/autoware_vehicle_msgs/share/autoware_vehicle_msgs/msg/HazardLightsCommand.idl
-- Up-to-date: /home/jmj/dream_ws/install/autoware_vehicle_msgs/share/autoware_vehicle_msgs/msg/HazardLightsReport.idl
-- Up-to-date: /home/jmj/dream_ws/install/autoware_vehicle_msgs/share/autoware_vehicle_msgs/msg/SteeringReport.idl
-- Up-to-date: /home/jmj/dream_ws/install/autoware_vehicle_msgs/share/autoware_vehicle_msgs/msg/TurnIndicatorsCommand.idl
-- Up-to-date: /home/jmj/dream_ws/install/autoware_vehicle_msgs/share/autoware_vehicle_msgs/msg/TurnIndicatorsReport.idl
-- Up-to-date: /home/jmj/dream_ws/install/autoware_vehicle_msgs/share/autoware_vehicle_msgs/msg/VelocityReport.idl
-- Up-to-date: /home/jmj/dream_ws/install/autoware_vehicle_msgs/share/autoware_vehicle_msgs/srv/ControlModeCommand.idl
-- Up-to-date: /home/jmj/dream_ws/install/autoware_vehicle_msgs/share/autoware_vehicle_msgs/msg/ControlModeReport.msg
-- Up-to-date: /home/jmj/dream_ws/install/autoware_vehicle_msgs/share/autoware_vehicle_msgs/msg/Engage.msg
-- Up-to-date: /home/jmj/dream_ws/install/autoware_vehicle_msgs/share/autoware_vehicle_msgs/msg/GearCommand.msg
-- Up-to-date: /home/jmj/dream_ws/install/autoware_vehicle_msgs/share/autoware_vehicle_msgs/msg/GearReport.msg
-- Up-to-date: /home/jmj/dream_ws/install/autoware_vehicle_msgs/share/autoware_vehicle_msgs/msg/HazardLightsCommand.msg
-- Up-to-date: /home/jmj/dream_ws/install/autoware_vehicle_msgs/share/autoware_vehicle_msgs/msg/HazardLightsReport.msg
-- Up-to-date: /home/jmj/dream_ws/install/autoware_vehicle_msgs/share/autoware_vehicle_msgs/msg/SteeringReport.msg
-- Up-to-date: /home/jmj/dream_ws/install/autoware_vehicle_msgs/share/autoware_vehicle_msgs/msg/TurnIndicatorsCommand.msg
-- Up-to-date: /home/jmj/dream_ws/install/autoware_vehicle_msgs/share/autoware_vehicle_msgs/msg/TurnIndicatorsReport.msg
-- Up-to-date: /home/jmj/dream_ws/install/autoware_vehicle_msgs/share/autoware_vehicle_msgs/msg/VelocityReport.msg
-- Up-to-date: /home/jmj/dream_ws/install/autoware_vehicle_msgs/share/autoware_vehicle_msgs/srv/ControlModeCommand.srv
-- Up-to-date: /home/jmj/dream_ws/install/autoware_vehicle_msgs/share/autoware_vehicle_msgs/srv/ControlModeCommand_Request.msg
-- Up-to-date: /home/jmj/dream_ws/install/autoware_vehicle_msgs/share/autoware_vehicle_msgs/srv/ControlModeCommand_Response.msg
-- Up-to-date: /home/jmj/dream_ws/install/autoware_vehicle_msgs/share/ament_index/resource_index/package_run_dependencies/autoware_vehicle_msgs
-- Up-to-date: /home/jmj/dream_ws/install/autoware_vehicle_msgs/share/ament_index/resource_index/parent_prefix_path/autoware_vehicle_msgs
-- Up-to-date: /home/jmj/dream_ws/install/autoware_vehicle_msgs/share/autoware_vehicle_msgs/environment/ament_prefix_path.sh
-- Up-to-date: /home/jmj/dream_ws/install/autoware_vehicle_msgs/share/autoware_vehicle_msgs/environment/ament_prefix_path.dsv
-- Up-to-date: /home/jmj/dream_ws/install/autoware_vehicle_msgs/share/autoware_vehicle_msgs/environment/path.sh
-- Up-to-date: /home/jmj/dream_ws/install/autoware_vehicle_msgs/share/autoware_vehicle_msgs/environment/path.dsv
-- Up-to-date: /home/jmj/dream_ws/install/autoware_vehicle_msgs/share/autoware_vehicle_msgs/local_setup.bash
-- Up-to-date: /home/jmj/dream_ws/install/autoware_vehicle_msgs/share/autoware_vehicle_msgs/local_setup.sh
-- Up-to-date: /home/jmj/dream_ws/install/autoware_vehicle_msgs/share/autoware_vehicle_msgs/local_setup.zsh
-- Up-to-date: /home/jmj/dream_ws/install/autoware_vehicle_msgs/share/autoware_vehicle_msgs/local_setup.dsv
-- Installing: /home/jmj/dream_ws/install/autoware_vehicle_msgs/share/autoware_vehicle_msgs/package.dsv
-- Up-to-date: /home/jmj/dream_ws/install/autoware_vehicle_msgs/share/ament_index/resource_index/packages/autoware_vehicle_msgs
-- Up-to-date: /home/jmj/dream_ws/install/autoware_vehicle_msgs/share/autoware_vehicle_msgs/cmake/export_autoware_vehicle_msgs__rosidl_generator_cExport.cmake
-- Up-to-date: /home/jmj/dream_ws/install/autoware_vehicle_msgs/share/autoware_vehicle_msgs/cmake/export_autoware_vehicle_msgs__rosidl_generator_cExport-noconfig.cmake
-- Up-to-date: /home/jmj/dream_ws/install/autoware_vehicle_msgs/share/autoware_vehicle_msgs/cmake/export_autoware_vehicle_msgs__rosidl_typesupport_fastrtps_cExport.cmake
-- Up-to-date: /home/jmj/dream_ws/install/autoware_vehicle_msgs/share/autoware_vehicle_msgs/cmake/export_autoware_vehicle_msgs__rosidl_typesupport_fastrtps_cExport-noconfig.cmake
-- Up-to-date: /home/jmj/dream_ws/install/autoware_vehicle_msgs/share/autoware_vehicle_msgs/cmake/export_autoware_vehicle_msgs__rosidl_generator_cppExport.cmake
-- Up-to-date: /home/jmj/dream_ws/install/autoware_vehicle_msgs/share/autoware_vehicle_msgs/cmake/export_autoware_vehicle_msgs__rosidl_typesupport_fastrtps_cppExport.cmake
-- Up-to-date: /home/jmj/dream_ws/install/autoware_vehicle_msgs/share/autoware_vehicle_msgs/cmake/export_autoware_vehicle_msgs__rosidl_typesupport_fastrtps_cppExport-noconfig.cmake
-- Up-to-date: /home/jmj/dream_ws/install/autoware_vehicle_msgs/share/autoware_vehicle_msgs/cmake/autoware_vehicle_msgs__rosidl_typesupport_introspection_cExport.cmake
-- Up-to-date: /home/jmj/dream_ws/install/autoware_vehicle_msgs/share/autoware_vehicle_msgs/cmake/autoware_vehicle_msgs__rosidl_typesupport_introspection_cExport-noconfig.cmake
-- Up-to-date: /home/jmj/dream_ws/install/autoware_vehicle_msgs/share/autoware_vehicle_msgs/cmake/autoware_vehicle_msgs__rosidl_typesupport_cExport.cmake
-- Up-to-date: /home/jmj/dream_ws/install/autoware_vehicle_msgs/share/autoware_vehicle_msgs/cmake/autoware_vehicle_msgs__rosidl_typesupport_cExport-noconfig.cmake
-- Up-to-date: /home/jmj/dream_ws/install/autoware_vehicle_msgs/share/autoware_vehicle_msgs/cmake/autoware_vehicle_msgs__rosidl_typesupport_introspection_cppExport.cmake
-- Up-to-date: /home/jmj/dream_ws/install/autoware_vehicle_msgs/share/autoware_vehicle_msgs/cmake/autoware_vehicle_msgs__rosidl_typesupport_introspection_cppExport-noconfig.cmake
-- Up-to-date: /home/jmj/dream_ws/install/autoware_vehicle_msgs/share/autoware_vehicle_msgs/cmake/autoware_vehicle_msgs__rosidl_typesupport_cppExport.cmake
-- Up-to-date: /home/jmj/dream_ws/install/autoware_vehicle_msgs/share/autoware_vehicle_msgs/cmake/autoware_vehicle_msgs__rosidl_typesupport_cppExport-noconfig.cmake
-- Up-to-date: /home/jmj/dream_ws/install/autoware_vehicle_msgs/share/autoware_vehicle_msgs/cmake/export_autoware_vehicle_msgs__rosidl_generator_pyExport.cmake
-- Up-to-date: /home/jmj/dream_ws/install/autoware_vehicle_msgs/share/autoware_vehicle_msgs/cmake/export_autoware_vehicle_msgs__rosidl_generator_pyExport-noconfig.cmake
-- Up-to-date: /home/jmj/dream_ws/install/autoware_vehicle_msgs/share/autoware_vehicle_msgs/cmake/rosidl_cmake-extras.cmake
-- Up-to-date: /home/jmj/dream_ws/install/autoware_vehicle_msgs/share/autoware_vehicle_msgs/cmake/ament_cmake_export_dependencies-extras.cmake
-- Up-to-date: /home/jmj/dream_ws/install/autoware_vehicle_msgs/share/autoware_vehicle_msgs/cmake/ament_cmake_export_include_directories-extras.cmake
-- Up-to-date: /home/jmj/dream_ws/install/autoware_vehicle_msgs/share/autoware_vehicle_msgs/cmake/ament_cmake_export_libraries-extras.cmake
-- Up-to-date: /home/jmj/dream_ws/install/autoware_vehicle_msgs/share/autoware_vehicle_msgs/cmake/ament_cmake_export_targets-extras.cmake
-- Up-to-date: /home/jmj/dream_ws/install/autoware_vehicle_msgs/share/autoware_vehicle_msgs/cmake/rosidl_cmake_export_typesupport_targets-extras.cmake
-- Up-to-date: /home/jmj/dream_ws/install/autoware_vehicle_msgs/share/autoware_vehicle_msgs/cmake/rosidl_cmake_export_typesupport_libraries-extras.cmake
-- Up-to-date: /home/jmj/dream_ws/install/autoware_vehicle_msgs/share/autoware_vehicle_msgs/cmake/autoware_vehicle_msgsConfig.cmake
-- Up-to-date: /home/jmj/dream_ws/install/autoware_vehicle_msgs/share/autoware_vehicle_msgs/cmake/autoware_vehicle_msgsConfig-version.cmake
-- Up-to-date: /home/jmj/dream_ws/install/autoware_vehicle_msgs/share/autoware_vehicle_msgs/package.xml
