[0.181s] Invoking command in '/home/jmj/dream_ws/build/autoware_vehicle_msgs': CMAKE_PREFIX_PATH=/home/jmj/dream_ws/install/autoware_planning_msgs:/home/jmj/dream_ws/install/autoware_msgs:/home/jmj/dream_ws/install/autoware_vehicle_msgs:/home/jmj/dream_ws/install/autoware_v2x_msgs:/home/jmj/dream_ws/install/autoware_system_msgs:/home/jmj/dream_ws/install/autoware_sensing_msgs:/home/jmj/dream_ws/install/autoware_perception_msgs:/home/jmj/dream_ws/install/autoware_map_msgs:/home/jmj/dream_ws/install/autoware_localization_msgs:/home/jmj/dream_ws/install/autoware_control_msgs:/home/jmj/dream_ws/install/autoware_common_msgs:/home/jmj/dream_ws/install/dream:/opt/ros/humble LD_LIBRARY_PATH=/home/jmj/dream_ws/install/autoware_planning_msgs/lib:/home/jmj/dream_ws/install/autoware_vehicle_msgs/lib:/home/jmj/dream_ws/install/autoware_v2x_msgs/lib:/home/jmj/dream_ws/install/autoware_system_msgs/lib:/home/jmj/dream_ws/install/autoware_sensing_msgs/lib:/home/jmj/dream_ws/install/autoware_perception_msgs/lib:/home/jmj/dream_ws/install/autoware_map_msgs/lib:/home/jmj/dream_ws/install/autoware_localization_msgs/lib:/home/jmj/dream_ws/install/autoware_control_msgs/lib:/home/jmj/dream_ws/install/autoware_common_msgs/lib:/opt/ros/humble/opt/rviz_ogre_vendor/lib:/opt/ros/humble/lib/x86_64-linux-gnu:/opt/ros/humble/lib:/usr/local/cuda/lib64 /usr/bin/cmake --build /home/jmj/dream_ws/build/autoware_vehicle_msgs -- -j20 -l20
[0.219s] [ 12%] Built target autoware_vehicle_msgs__cpp
[0.219s] [ 12%] Built target autoware_vehicle_msgs__rosidl_generator_c
[0.225s] [ 12%] Built target ament_cmake_python_copy_autoware_vehicle_msgs
[0.233s] [ 24%] Built target autoware_vehicle_msgs__rosidl_typesupport_c
[0.236s] [ 48%] Built target autoware_vehicle_msgs__rosidl_typesupport_introspection_cpp
[0.236s] [ 48%] Built target autoware_vehicle_msgs__rosidl_typesupport_introspection_c
[0.237s] [ 60%] Built target autoware_vehicle_msgs__rosidl_typesupport_cpp
[0.237s] [ 71%] Built target autoware_vehicle_msgs__rosidl_typesupport_fastrtps_cpp
[0.241s] [ 83%] Built target autoware_vehicle_msgs__rosidl_typesupport_fastrtps_c
[0.255s] [ 83%] Built target autoware_vehicle_msgs
[0.270s] [ 84%] Built target autoware_vehicle_msgs__py
[0.290s] [ 95%] Built target autoware_vehicle_msgs__rosidl_generator_py
[0.304s] [ 96%] Built target autoware_vehicle_msgs__rosidl_typesupport_c__pyext
[0.307s] [ 98%] Built target autoware_vehicle_msgs__rosidl_typesupport_introspection_c__pyext
[0.308s] [100%] Built target autoware_vehicle_msgs__rosidl_typesupport_fastrtps_c__pyext
[0.381s] running egg_info
[0.382s] writing autoware_vehicle_msgs.egg-info/PKG-INFO
[0.382s] writing dependency_links to autoware_vehicle_msgs.egg-info/dependency_links.txt
[0.382s] writing top-level names to autoware_vehicle_msgs.egg-info/top_level.txt
[0.384s] reading manifest file 'autoware_vehicle_msgs.egg-info/SOURCES.txt'
[0.384s] writing manifest file 'autoware_vehicle_msgs.egg-info/SOURCES.txt'
[0.401s] [100%] Built target ament_cmake_python_build_autoware_vehicle_msgs_egg
[0.411s] Invoked command in '/home/jmj/dream_ws/build/autoware_vehicle_msgs' returned '0': CMAKE_PREFIX_PATH=/home/jmj/dream_ws/install/autoware_planning_msgs:/home/jmj/dream_ws/install/autoware_msgs:/home/jmj/dream_ws/install/autoware_vehicle_msgs:/home/jmj/dream_ws/install/autoware_v2x_msgs:/home/jmj/dream_ws/install/autoware_system_msgs:/home/jmj/dream_ws/install/autoware_sensing_msgs:/home/jmj/dream_ws/install/autoware_perception_msgs:/home/jmj/dream_ws/install/autoware_map_msgs:/home/jmj/dream_ws/install/autoware_localization_msgs:/home/jmj/dream_ws/install/autoware_control_msgs:/home/jmj/dream_ws/install/autoware_common_msgs:/home/jmj/dream_ws/install/dream:/opt/ros/humble LD_LIBRARY_PATH=/home/jmj/dream_ws/install/autoware_planning_msgs/lib:/home/jmj/dream_ws/install/autoware_vehicle_msgs/lib:/home/jmj/dream_ws/install/autoware_v2x_msgs/lib:/home/jmj/dream_ws/install/autoware_system_msgs/lib:/home/jmj/dream_ws/install/autoware_sensing_msgs/lib:/home/jmj/dream_ws/install/autoware_perception_msgs/lib:/home/jmj/dream_ws/install/autoware_map_msgs/lib:/home/jmj/dream_ws/install/autoware_localization_msgs/lib:/home/jmj/dream_ws/install/autoware_control_msgs/lib:/home/jmj/dream_ws/install/autoware_common_msgs/lib:/opt/ros/humble/opt/rviz_ogre_vendor/lib:/opt/ros/humble/lib/x86_64-linux-gnu:/opt/ros/humble/lib:/usr/local/cuda/lib64 /usr/bin/cmake --build /home/jmj/dream_ws/build/autoware_vehicle_msgs -- -j20 -l20
[0.412s] Invoking command in '/home/jmj/dream_ws/build/autoware_vehicle_msgs': CMAKE_PREFIX_PATH=/home/jmj/dream_ws/install/autoware_planning_msgs:/home/jmj/dream_ws/install/autoware_msgs:/home/jmj/dream_ws/install/autoware_vehicle_msgs:/home/jmj/dream_ws/install/autoware_v2x_msgs:/home/jmj/dream_ws/install/autoware_system_msgs:/home/jmj/dream_ws/install/autoware_sensing_msgs:/home/jmj/dream_ws/install/autoware_perception_msgs:/home/jmj/dream_ws/install/autoware_map_msgs:/home/jmj/dream_ws/install/autoware_localization_msgs:/home/jmj/dream_ws/install/autoware_control_msgs:/home/jmj/dream_ws/install/autoware_common_msgs:/home/jmj/dream_ws/install/dream:/opt/ros/humble LD_LIBRARY_PATH=/home/jmj/dream_ws/install/autoware_planning_msgs/lib:/home/jmj/dream_ws/install/autoware_vehicle_msgs/lib:/home/jmj/dream_ws/install/autoware_v2x_msgs/lib:/home/jmj/dream_ws/install/autoware_system_msgs/lib:/home/jmj/dream_ws/install/autoware_sensing_msgs/lib:/home/jmj/dream_ws/install/autoware_perception_msgs/lib:/home/jmj/dream_ws/install/autoware_map_msgs/lib:/home/jmj/dream_ws/install/autoware_localization_msgs/lib:/home/jmj/dream_ws/install/autoware_control_msgs/lib:/home/jmj/dream_ws/install/autoware_common_msgs/lib:/opt/ros/humble/opt/rviz_ogre_vendor/lib:/opt/ros/humble/lib/x86_64-linux-gnu:/opt/ros/humble/lib:/usr/local/cuda/lib64 /usr/bin/cmake --install /home/jmj/dream_ws/build/autoware_vehicle_msgs
[0.416s] -- Install configuration: ""
[0.417s] -- Up-to-date: /home/jmj/dream_ws/install/autoware_vehicle_msgs/share/ament_index/resource_index/rosidl_interfaces/autoware_vehicle_msgs
[0.417s] -- Up-to-date: /home/jmj/dream_ws/install/autoware_vehicle_msgs/include/autoware_vehicle_msgs/autoware_vehicle_msgs
[0.417s] -- Up-to-date: /home/jmj/dream_ws/install/autoware_vehicle_msgs/include/autoware_vehicle_msgs/autoware_vehicle_msgs/srv
[0.417s] -- Up-to-date: /home/jmj/dream_ws/install/autoware_vehicle_msgs/include/autoware_vehicle_msgs/autoware_vehicle_msgs/srv/detail
[0.417s] -- Up-to-date: /home/jmj/dream_ws/install/autoware_vehicle_msgs/include/autoware_vehicle_msgs/autoware_vehicle_msgs/srv/detail/control_mode_command__functions.h
[0.417s] -- Up-to-date: /home/jmj/dream_ws/install/autoware_vehicle_msgs/include/autoware_vehicle_msgs/autoware_vehicle_msgs/srv/detail/control_mode_command__functions.c
[0.417s] -- Up-to-date: /home/jmj/dream_ws/install/autoware_vehicle_msgs/include/autoware_vehicle_msgs/autoware_vehicle_msgs/srv/detail/control_mode_command__struct.h
[0.417s] -- Up-to-date: /home/jmj/dream_ws/install/autoware_vehicle_msgs/include/autoware_vehicle_msgs/autoware_vehicle_msgs/srv/detail/control_mode_command__type_support.h
[0.417s] -- Up-to-date: /home/jmj/dream_ws/install/autoware_vehicle_msgs/include/autoware_vehicle_msgs/autoware_vehicle_msgs/srv/control_mode_command.h
[0.417s] -- Up-to-date: /home/jmj/dream_ws/install/autoware_vehicle_msgs/include/autoware_vehicle_msgs/autoware_vehicle_msgs/msg
[0.417s] -- Up-to-date: /home/jmj/dream_ws/install/autoware_vehicle_msgs/include/autoware_vehicle_msgs/autoware_vehicle_msgs/msg/velocity_report.h
[0.417s] -- Up-to-date: /home/jmj/dream_ws/install/autoware_vehicle_msgs/include/autoware_vehicle_msgs/autoware_vehicle_msgs/msg/engage.h
[0.417s] -- Up-to-date: /home/jmj/dream_ws/install/autoware_vehicle_msgs/include/autoware_vehicle_msgs/autoware_vehicle_msgs/msg/gear_report.h
[0.417s] -- Up-to-date: /home/jmj/dream_ws/install/autoware_vehicle_msgs/include/autoware_vehicle_msgs/autoware_vehicle_msgs/msg/steering_report.h
[0.417s] -- Up-to-date: /home/jmj/dream_ws/install/autoware_vehicle_msgs/include/autoware_vehicle_msgs/autoware_vehicle_msgs/msg/rosidl_generator_c__visibility_control.h
[0.417s] -- Up-to-date: /home/jmj/dream_ws/install/autoware_vehicle_msgs/include/autoware_vehicle_msgs/autoware_vehicle_msgs/msg/detail
[0.418s] -- Up-to-date: /home/jmj/dream_ws/install/autoware_vehicle_msgs/include/autoware_vehicle_msgs/autoware_vehicle_msgs/msg/detail/velocity_report__functions.h
[0.418s] -- Up-to-date: /home/jmj/dream_ws/install/autoware_vehicle_msgs/include/autoware_vehicle_msgs/autoware_vehicle_msgs/msg/detail/turn_indicators_command__struct.h
[0.418s] -- Up-to-date: /home/jmj/dream_ws/install/autoware_vehicle_msgs/include/autoware_vehicle_msgs/autoware_vehicle_msgs/msg/detail/turn_indicators_report__struct.h
[0.418s] -- Up-to-date: /home/jmj/dream_ws/install/autoware_vehicle_msgs/include/autoware_vehicle_msgs/autoware_vehicle_msgs/msg/detail/engage__struct.h
[0.418s] -- Up-to-date: /home/jmj/dream_ws/install/autoware_vehicle_msgs/include/autoware_vehicle_msgs/autoware_vehicle_msgs/msg/detail/gear_report__functions.c
[0.418s] -- Up-to-date: /home/jmj/dream_ws/install/autoware_vehicle_msgs/include/autoware_vehicle_msgs/autoware_vehicle_msgs/msg/detail/hazard_lights_report__type_support.h
[0.418s] -- Up-to-date: /home/jmj/dream_ws/install/autoware_vehicle_msgs/include/autoware_vehicle_msgs/autoware_vehicle_msgs/msg/detail/turn_indicators_command__functions.c
[0.418s] -- Up-to-date: /home/jmj/dream_ws/install/autoware_vehicle_msgs/include/autoware_vehicle_msgs/autoware_vehicle_msgs/msg/detail/velocity_report__struct.h
[0.418s] -- Up-to-date: /home/jmj/dream_ws/install/autoware_vehicle_msgs/include/autoware_vehicle_msgs/autoware_vehicle_msgs/msg/detail/turn_indicators_report__functions.h
[0.418s] -- Up-to-date: /home/jmj/dream_ws/install/autoware_vehicle_msgs/include/autoware_vehicle_msgs/autoware_vehicle_msgs/msg/detail/control_mode_report__struct.h
[0.418s] -- Up-to-date: /home/jmj/dream_ws/install/autoware_vehicle_msgs/include/autoware_vehicle_msgs/autoware_vehicle_msgs/msg/detail/engage__functions.h
[0.418s] -- Up-to-date: /home/jmj/dream_ws/install/autoware_vehicle_msgs/include/autoware_vehicle_msgs/autoware_vehicle_msgs/msg/detail/velocity_report__functions.c
[0.418s] -- Up-to-date: /home/jmj/dream_ws/install/autoware_vehicle_msgs/include/autoware_vehicle_msgs/autoware_vehicle_msgs/msg/detail/turn_indicators_command__functions.h
[0.418s] -- Up-to-date: /home/jmj/dream_ws/install/autoware_vehicle_msgs/include/autoware_vehicle_msgs/autoware_vehicle_msgs/msg/detail/gear_command__functions.h
[0.418s] -- Up-to-date: /home/jmj/dream_ws/install/autoware_vehicle_msgs/include/autoware_vehicle_msgs/autoware_vehicle_msgs/msg/detail/gear_command__struct.h
[0.419s] -- Up-to-date: /home/jmj/dream_ws/install/autoware_vehicle_msgs/include/autoware_vehicle_msgs/autoware_vehicle_msgs/msg/detail/turn_indicators_report__functions.c
[0.419s] -- Up-to-date: /home/jmj/dream_ws/install/autoware_vehicle_msgs/include/autoware_vehicle_msgs/autoware_vehicle_msgs/msg/detail/engage__type_support.h
[0.419s] -- Up-to-date: /home/jmj/dream_ws/install/autoware_vehicle_msgs/include/autoware_vehicle_msgs/autoware_vehicle_msgs/msg/detail/steering_report__functions.c
[0.419s] -- Up-to-date: /home/jmj/dream_ws/install/autoware_vehicle_msgs/include/autoware_vehicle_msgs/autoware_vehicle_msgs/msg/detail/turn_indicators_command__type_support.h
[0.419s] -- Up-to-date: /home/jmj/dream_ws/install/autoware_vehicle_msgs/include/autoware_vehicle_msgs/autoware_vehicle_msgs/msg/detail/steering_report__type_support.h
[0.419s] -- Up-to-date: /home/jmj/dream_ws/install/autoware_vehicle_msgs/include/autoware_vehicle_msgs/autoware_vehicle_msgs/msg/detail/steering_report__functions.h
[0.419s] -- Up-to-date: /home/jmj/dream_ws/install/autoware_vehicle_msgs/include/autoware_vehicle_msgs/autoware_vehicle_msgs/msg/detail/gear_report__functions.h
[0.419s] -- Up-to-date: /home/jmj/dream_ws/install/autoware_vehicle_msgs/include/autoware_vehicle_msgs/autoware_vehicle_msgs/msg/detail/engage__functions.c
[0.419s] -- Up-to-date: /home/jmj/dream_ws/install/autoware_vehicle_msgs/include/autoware_vehicle_msgs/autoware_vehicle_msgs/msg/detail/gear_command__type_support.h
[0.419s] -- Up-to-date: /home/jmj/dream_ws/install/autoware_vehicle_msgs/include/autoware_vehicle_msgs/autoware_vehicle_msgs/msg/detail/hazard_lights_command__functions.c
[0.419s] -- Up-to-date: /home/jmj/dream_ws/install/autoware_vehicle_msgs/include/autoware_vehicle_msgs/autoware_vehicle_msgs/msg/detail/hazard_lights_command__functions.h
[0.419s] -- Up-to-date: /home/jmj/dream_ws/install/autoware_vehicle_msgs/include/autoware_vehicle_msgs/autoware_vehicle_msgs/msg/detail/gear_report__struct.h
[0.419s] -- Up-to-date: /home/jmj/dream_ws/install/autoware_vehicle_msgs/include/autoware_vehicle_msgs/autoware_vehicle_msgs/msg/detail/gear_report__type_support.h
[0.419s] -- Up-to-date: /home/jmj/dream_ws/install/autoware_vehicle_msgs/include/autoware_vehicle_msgs/autoware_vehicle_msgs/msg/detail/hazard_lights_report__functions.h
[0.419s] -- Up-to-date: /home/jmj/dream_ws/install/autoware_vehicle_msgs/include/autoware_vehicle_msgs/autoware_vehicle_msgs/msg/detail/velocity_report__type_support.h
[0.419s] -- Up-to-date: /home/jmj/dream_ws/install/autoware_vehicle_msgs/include/autoware_vehicle_msgs/autoware_vehicle_msgs/msg/detail/hazard_lights_report__struct.h
[0.420s] -- Up-to-date: /home/jmj/dream_ws/install/autoware_vehicle_msgs/include/autoware_vehicle_msgs/autoware_vehicle_msgs/msg/detail/hazard_lights_command__type_support.h
[0.420s] -- Up-to-date: /home/jmj/dream_ws/install/autoware_vehicle_msgs/include/autoware_vehicle_msgs/autoware_vehicle_msgs/msg/detail/control_mode_report__functions.c
[0.420s] -- Up-to-date: /home/jmj/dream_ws/install/autoware_vehicle_msgs/include/autoware_vehicle_msgs/autoware_vehicle_msgs/msg/detail/control_mode_report__functions.h
[0.420s] -- Up-to-date: /home/jmj/dream_ws/install/autoware_vehicle_msgs/include/autoware_vehicle_msgs/autoware_vehicle_msgs/msg/detail/gear_command__functions.c
[0.420s] -- Up-to-date: /home/jmj/dream_ws/install/autoware_vehicle_msgs/include/autoware_vehicle_msgs/autoware_vehicle_msgs/msg/detail/hazard_lights_report__functions.c
[0.420s] -- Up-to-date: /home/jmj/dream_ws/install/autoware_vehicle_msgs/include/autoware_vehicle_msgs/autoware_vehicle_msgs/msg/detail/steering_report__struct.h
[0.420s] -- Up-to-date: /home/jmj/dream_ws/install/autoware_vehicle_msgs/include/autoware_vehicle_msgs/autoware_vehicle_msgs/msg/detail/control_mode_report__type_support.h
[0.420s] -- Up-to-date: /home/jmj/dream_ws/install/autoware_vehicle_msgs/include/autoware_vehicle_msgs/autoware_vehicle_msgs/msg/detail/hazard_lights_command__struct.h
[0.420s] -- Up-to-date: /home/jmj/dream_ws/install/autoware_vehicle_msgs/include/autoware_vehicle_msgs/autoware_vehicle_msgs/msg/detail/turn_indicators_report__type_support.h
[0.420s] -- Up-to-date: /home/jmj/dream_ws/install/autoware_vehicle_msgs/include/autoware_vehicle_msgs/autoware_vehicle_msgs/msg/turn_indicators_report.h
[0.420s] -- Up-to-date: /home/jmj/dream_ws/install/autoware_vehicle_msgs/include/autoware_vehicle_msgs/autoware_vehicle_msgs/msg/hazard_lights_report.h
[0.420s] -- Up-to-date: /home/jmj/dream_ws/install/autoware_vehicle_msgs/include/autoware_vehicle_msgs/autoware_vehicle_msgs/msg/control_mode_report.h
[0.420s] -- Up-to-date: /home/jmj/dream_ws/install/autoware_vehicle_msgs/include/autoware_vehicle_msgs/autoware_vehicle_msgs/msg/hazard_lights_command.h
[0.420s] -- Up-to-date: /home/jmj/dream_ws/install/autoware_vehicle_msgs/include/autoware_vehicle_msgs/autoware_vehicle_msgs/msg/turn_indicators_command.h
[0.420s] -- Up-to-date: /home/jmj/dream_ws/install/autoware_vehicle_msgs/include/autoware_vehicle_msgs/autoware_vehicle_msgs/msg/gear_command.h
[0.420s] -- Up-to-date: /home/jmj/dream_ws/install/autoware_vehicle_msgs/share/autoware_vehicle_msgs/environment/library_path.sh
[0.420s] -- Up-to-date: /home/jmj/dream_ws/install/autoware_vehicle_msgs/share/autoware_vehicle_msgs/environment/library_path.dsv
[0.420s] -- Up-to-date: /home/jmj/dream_ws/install/autoware_vehicle_msgs/lib/libautoware_vehicle_msgs__rosidl_generator_c.so
[0.420s] -- Up-to-date: /home/jmj/dream_ws/install/autoware_vehicle_msgs/include/autoware_vehicle_msgs/autoware_vehicle_msgs
[0.420s] -- Up-to-date: /home/jmj/dream_ws/install/autoware_vehicle_msgs/include/autoware_vehicle_msgs/autoware_vehicle_msgs/srv
[0.420s] -- Up-to-date: /home/jmj/dream_ws/install/autoware_vehicle_msgs/include/autoware_vehicle_msgs/autoware_vehicle_msgs/srv/detail
[0.420s] -- Up-to-date: /home/jmj/dream_ws/install/autoware_vehicle_msgs/include/autoware_vehicle_msgs/autoware_vehicle_msgs/srv/detail/control_mode_command__rosidl_typesupport_fastrtps_c.h
[0.420s] -- Up-to-date: /home/jmj/dream_ws/install/autoware_vehicle_msgs/include/autoware_vehicle_msgs/autoware_vehicle_msgs/msg
[0.420s] -- Up-to-date: /home/jmj/dream_ws/install/autoware_vehicle_msgs/include/autoware_vehicle_msgs/autoware_vehicle_msgs/msg/detail
[0.420s] -- Up-to-date: /home/jmj/dream_ws/install/autoware_vehicle_msgs/include/autoware_vehicle_msgs/autoware_vehicle_msgs/msg/detail/velocity_report__rosidl_typesupport_fastrtps_c.h
[0.421s] -- Up-to-date: /home/jmj/dream_ws/install/autoware_vehicle_msgs/include/autoware_vehicle_msgs/autoware_vehicle_msgs/msg/detail/hazard_lights_report__rosidl_typesupport_fastrtps_c.h
[0.421s] -- Up-to-date: /home/jmj/dream_ws/install/autoware_vehicle_msgs/include/autoware_vehicle_msgs/autoware_vehicle_msgs/msg/detail/gear_report__rosidl_typesupport_fastrtps_c.h
[0.421s] -- Up-to-date: /home/jmj/dream_ws/install/autoware_vehicle_msgs/include/autoware_vehicle_msgs/autoware_vehicle_msgs/msg/detail/steering_report__rosidl_typesupport_fastrtps_c.h
[0.421s] -- Up-to-date: /home/jmj/dream_ws/install/autoware_vehicle_msgs/include/autoware_vehicle_msgs/autoware_vehicle_msgs/msg/detail/hazard_lights_command__rosidl_typesupport_fastrtps_c.h
[0.421s] -- Up-to-date: /home/jmj/dream_ws/install/autoware_vehicle_msgs/include/autoware_vehicle_msgs/autoware_vehicle_msgs/msg/detail/gear_command__rosidl_typesupport_fastrtps_c.h
[0.421s] -- Up-to-date: /home/jmj/dream_ws/install/autoware_vehicle_msgs/include/autoware_vehicle_msgs/autoware_vehicle_msgs/msg/detail/turn_indicators_command__rosidl_typesupport_fastrtps_c.h
[0.421s] -- Up-to-date: /home/jmj/dream_ws/install/autoware_vehicle_msgs/include/autoware_vehicle_msgs/autoware_vehicle_msgs/msg/detail/turn_indicators_report__rosidl_typesupport_fastrtps_c.h
[0.421s] -- Up-to-date: /home/jmj/dream_ws/install/autoware_vehicle_msgs/include/autoware_vehicle_msgs/autoware_vehicle_msgs/msg/detail/engage__rosidl_typesupport_fastrtps_c.h
[0.421s] -- Up-to-date: /home/jmj/dream_ws/install/autoware_vehicle_msgs/include/autoware_vehicle_msgs/autoware_vehicle_msgs/msg/detail/control_mode_report__rosidl_typesupport_fastrtps_c.h
[0.421s] -- Up-to-date: /home/jmj/dream_ws/install/autoware_vehicle_msgs/include/autoware_vehicle_msgs/autoware_vehicle_msgs/msg/rosidl_typesupport_fastrtps_c__visibility_control.h
[0.421s] -- Up-to-date: /home/jmj/dream_ws/install/autoware_vehicle_msgs/lib/libautoware_vehicle_msgs__rosidl_typesupport_fastrtps_c.so
[0.421s] -- Up-to-date: /home/jmj/dream_ws/install/autoware_vehicle_msgs/include/autoware_vehicle_msgs/autoware_vehicle_msgs
[0.421s] -- Up-to-date: /home/jmj/dream_ws/install/autoware_vehicle_msgs/include/autoware_vehicle_msgs/autoware_vehicle_msgs/srv
[0.421s] -- Up-to-date: /home/jmj/dream_ws/install/autoware_vehicle_msgs/include/autoware_vehicle_msgs/autoware_vehicle_msgs/srv/detail
[0.421s] -- Up-to-date: /home/jmj/dream_ws/install/autoware_vehicle_msgs/include/autoware_vehicle_msgs/autoware_vehicle_msgs/srv/detail/control_mode_command__traits.hpp
[0.421s] -- Up-to-date: /home/jmj/dream_ws/install/autoware_vehicle_msgs/include/autoware_vehicle_msgs/autoware_vehicle_msgs/srv/detail/control_mode_command__builder.hpp
[0.421s] -- Up-to-date: /home/jmj/dream_ws/install/autoware_vehicle_msgs/include/autoware_vehicle_msgs/autoware_vehicle_msgs/srv/detail/control_mode_command__struct.hpp
[0.421s] -- Up-to-date: /home/jmj/dream_ws/install/autoware_vehicle_msgs/include/autoware_vehicle_msgs/autoware_vehicle_msgs/srv/detail/control_mode_command__type_support.hpp
[0.421s] -- Up-to-date: /home/jmj/dream_ws/install/autoware_vehicle_msgs/include/autoware_vehicle_msgs/autoware_vehicle_msgs/srv/control_mode_command.hpp
[0.421s] -- Up-to-date: /home/jmj/dream_ws/install/autoware_vehicle_msgs/include/autoware_vehicle_msgs/autoware_vehicle_msgs/msg
[0.421s] -- Up-to-date: /home/jmj/dream_ws/install/autoware_vehicle_msgs/include/autoware_vehicle_msgs/autoware_vehicle_msgs/msg/gear_report.hpp
[0.421s] -- Up-to-date: /home/jmj/dream_ws/install/autoware_vehicle_msgs/include/autoware_vehicle_msgs/autoware_vehicle_msgs/msg/hazard_lights_report.hpp
[0.421s] -- Up-to-date: /home/jmj/dream_ws/install/autoware_vehicle_msgs/include/autoware_vehicle_msgs/autoware_vehicle_msgs/msg/detail
[0.421s] -- Up-to-date: /home/jmj/dream_ws/install/autoware_vehicle_msgs/include/autoware_vehicle_msgs/autoware_vehicle_msgs/msg/detail/turn_indicators_report__builder.hpp
[0.421s] -- Up-to-date: /home/jmj/dream_ws/install/autoware_vehicle_msgs/include/autoware_vehicle_msgs/autoware_vehicle_msgs/msg/detail/gear_report__type_support.hpp
[0.421s] -- Up-to-date: /home/jmj/dream_ws/install/autoware_vehicle_msgs/include/autoware_vehicle_msgs/autoware_vehicle_msgs/msg/detail/gear_command__builder.hpp
[0.421s] -- Up-to-date: /home/jmj/dream_ws/install/autoware_vehicle_msgs/include/autoware_vehicle_msgs/autoware_vehicle_msgs/msg/detail/control_mode_report__traits.hpp
[0.421s] -- Up-to-date: /home/jmj/dream_ws/install/autoware_vehicle_msgs/include/autoware_vehicle_msgs/autoware_vehicle_msgs/msg/detail/hazard_lights_report__type_support.hpp
[0.421s] -- Up-to-date: /home/jmj/dream_ws/install/autoware_vehicle_msgs/include/autoware_vehicle_msgs/autoware_vehicle_msgs/msg/detail/turn_indicators_command__struct.hpp
[0.421s] -- Up-to-date: /home/jmj/dream_ws/install/autoware_vehicle_msgs/include/autoware_vehicle_msgs/autoware_vehicle_msgs/msg/detail/hazard_lights_report__builder.hpp
[0.421s] -- Up-to-date: /home/jmj/dream_ws/install/autoware_vehicle_msgs/include/autoware_vehicle_msgs/autoware_vehicle_msgs/msg/detail/engage__builder.hpp
[0.421s] -- Up-to-date: /home/jmj/dream_ws/install/autoware_vehicle_msgs/include/autoware_vehicle_msgs/autoware_vehicle_msgs/msg/detail/gear_command__struct.hpp
[0.421s] -- Up-to-date: /home/jmj/dream_ws/install/autoware_vehicle_msgs/include/autoware_vehicle_msgs/autoware_vehicle_msgs/msg/detail/steering_report__struct.hpp
[0.421s] -- Up-to-date: /home/jmj/dream_ws/install/autoware_vehicle_msgs/include/autoware_vehicle_msgs/autoware_vehicle_msgs/msg/detail/engage__traits.hpp
[0.421s] -- Up-to-date: /home/jmj/dream_ws/install/autoware_vehicle_msgs/include/autoware_vehicle_msgs/autoware_vehicle_msgs/msg/detail/steering_report__traits.hpp
[0.421s] -- Up-to-date: /home/jmj/dream_ws/install/autoware_vehicle_msgs/include/autoware_vehicle_msgs/autoware_vehicle_msgs/msg/detail/hazard_lights_command__struct.hpp
[0.421s] -- Up-to-date: /home/jmj/dream_ws/install/autoware_vehicle_msgs/include/autoware_vehicle_msgs/autoware_vehicle_msgs/msg/detail/control_mode_report__struct.hpp
[0.421s] -- Up-to-date: /home/jmj/dream_ws/install/autoware_vehicle_msgs/include/autoware_vehicle_msgs/autoware_vehicle_msgs/msg/detail/turn_indicators_command__builder.hpp
[0.421s] -- Up-to-date: /home/jmj/dream_ws/install/autoware_vehicle_msgs/include/autoware_vehicle_msgs/autoware_vehicle_msgs/msg/detail/velocity_report__type_support.hpp
[0.421s] -- Up-to-date: /home/jmj/dream_ws/install/autoware_vehicle_msgs/include/autoware_vehicle_msgs/autoware_vehicle_msgs/msg/detail/gear_report__builder.hpp
[0.421s] -- Up-to-date: /home/jmj/dream_ws/install/autoware_vehicle_msgs/include/autoware_vehicle_msgs/autoware_vehicle_msgs/msg/detail/turn_indicators_command__type_support.hpp
[0.421s] -- Up-to-date: /home/jmj/dream_ws/install/autoware_vehicle_msgs/include/autoware_vehicle_msgs/autoware_vehicle_msgs/msg/detail/engage__type_support.hpp
[0.421s] -- Up-to-date: /home/jmj/dream_ws/install/autoware_vehicle_msgs/include/autoware_vehicle_msgs/autoware_vehicle_msgs/msg/detail/steering_report__type_support.hpp
[0.422s] -- Up-to-date: /home/jmj/dream_ws/install/autoware_vehicle_msgs/include/autoware_vehicle_msgs/autoware_vehicle_msgs/msg/detail/turn_indicators_report__traits.hpp
[0.422s] -- Up-to-date: /home/jmj/dream_ws/install/autoware_vehicle_msgs/include/autoware_vehicle_msgs/autoware_vehicle_msgs/msg/detail/velocity_report__builder.hpp
[0.422s] -- Up-to-date: /home/jmj/dream_ws/install/autoware_vehicle_msgs/include/autoware_vehicle_msgs/autoware_vehicle_msgs/msg/detail/hazard_lights_report__struct.hpp
[0.422s] -- Up-to-date: /home/jmj/dream_ws/install/autoware_vehicle_msgs/include/autoware_vehicle_msgs/autoware_vehicle_msgs/msg/detail/turn_indicators_report__struct.hpp
[0.422s] -- Up-to-date: /home/jmj/dream_ws/install/autoware_vehicle_msgs/include/autoware_vehicle_msgs/autoware_vehicle_msgs/msg/detail/control_mode_report__type_support.hpp
[0.422s] -- Up-to-date: /home/jmj/dream_ws/install/autoware_vehicle_msgs/include/autoware_vehicle_msgs/autoware_vehicle_msgs/msg/detail/turn_indicators_command__traits.hpp
[0.422s] -- Up-to-date: /home/jmj/dream_ws/install/autoware_vehicle_msgs/include/autoware_vehicle_msgs/autoware_vehicle_msgs/msg/detail/velocity_report__traits.hpp
[0.422s] -- Up-to-date: /home/jmj/dream_ws/install/autoware_vehicle_msgs/include/autoware_vehicle_msgs/autoware_vehicle_msgs/msg/detail/turn_indicators_report__type_support.hpp
[0.422s] -- Up-to-date: /home/jmj/dream_ws/install/autoware_vehicle_msgs/include/autoware_vehicle_msgs/autoware_vehicle_msgs/msg/detail/gear_report__traits.hpp
[0.422s] -- Up-to-date: /home/jmj/dream_ws/install/autoware_vehicle_msgs/include/autoware_vehicle_msgs/autoware_vehicle_msgs/msg/detail/gear_command__type_support.hpp
[0.422s] -- Up-to-date: /home/jmj/dream_ws/install/autoware_vehicle_msgs/include/autoware_vehicle_msgs/autoware_vehicle_msgs/msg/detail/gear_report__struct.hpp
[0.422s] -- Up-to-date: /home/jmj/dream_ws/install/autoware_vehicle_msgs/include/autoware_vehicle_msgs/autoware_vehicle_msgs/msg/detail/hazard_lights_command__builder.hpp
[0.422s] -- Up-to-date: /home/jmj/dream_ws/install/autoware_vehicle_msgs/include/autoware_vehicle_msgs/autoware_vehicle_msgs/msg/detail/control_mode_report__builder.hpp
[0.422s] -- Up-to-date: /home/jmj/dream_ws/install/autoware_vehicle_msgs/include/autoware_vehicle_msgs/autoware_vehicle_msgs/msg/detail/gear_command__traits.hpp
[0.422s] -- Up-to-date: /home/jmj/dream_ws/install/autoware_vehicle_msgs/include/autoware_vehicle_msgs/autoware_vehicle_msgs/msg/detail/steering_report__builder.hpp
[0.422s] -- Up-to-date: /home/jmj/dream_ws/install/autoware_vehicle_msgs/include/autoware_vehicle_msgs/autoware_vehicle_msgs/msg/detail/hazard_lights_command__type_support.hpp
[0.422s] -- Up-to-date: /home/jmj/dream_ws/install/autoware_vehicle_msgs/include/autoware_vehicle_msgs/autoware_vehicle_msgs/msg/detail/hazard_lights_report__traits.hpp
[0.422s] -- Up-to-date: /home/jmj/dream_ws/install/autoware_vehicle_msgs/include/autoware_vehicle_msgs/autoware_vehicle_msgs/msg/detail/velocity_report__struct.hpp
[0.422s] -- Up-to-date: /home/jmj/dream_ws/install/autoware_vehicle_msgs/include/autoware_vehicle_msgs/autoware_vehicle_msgs/msg/detail/engage__struct.hpp
[0.422s] -- Up-to-date: /home/jmj/dream_ws/install/autoware_vehicle_msgs/include/autoware_vehicle_msgs/autoware_vehicle_msgs/msg/detail/hazard_lights_command__traits.hpp
[0.422s] -- Up-to-date: /home/jmj/dream_ws/install/autoware_vehicle_msgs/include/autoware_vehicle_msgs/autoware_vehicle_msgs/msg/velocity_report.hpp
[0.422s] -- Up-to-date: /home/jmj/dream_ws/install/autoware_vehicle_msgs/include/autoware_vehicle_msgs/autoware_vehicle_msgs/msg/turn_indicators_report.hpp
[0.422s] -- Up-to-date: /home/jmj/dream_ws/install/autoware_vehicle_msgs/include/autoware_vehicle_msgs/autoware_vehicle_msgs/msg/hazard_lights_command.hpp
[0.422s] -- Up-to-date: /home/jmj/dream_ws/install/autoware_vehicle_msgs/include/autoware_vehicle_msgs/autoware_vehicle_msgs/msg/gear_command.hpp
[0.422s] -- Up-to-date: /home/jmj/dream_ws/install/autoware_vehicle_msgs/include/autoware_vehicle_msgs/autoware_vehicle_msgs/msg/engage.hpp
[0.422s] -- Up-to-date: /home/jmj/dream_ws/install/autoware_vehicle_msgs/include/autoware_vehicle_msgs/autoware_vehicle_msgs/msg/control_mode_report.hpp
[0.422s] -- Up-to-date: /home/jmj/dream_ws/install/autoware_vehicle_msgs/include/autoware_vehicle_msgs/autoware_vehicle_msgs/msg/steering_report.hpp
[0.422s] -- Up-to-date: /home/jmj/dream_ws/install/autoware_vehicle_msgs/include/autoware_vehicle_msgs/autoware_vehicle_msgs/msg/rosidl_generator_cpp__visibility_control.hpp
[0.422s] -- Up-to-date: /home/jmj/dream_ws/install/autoware_vehicle_msgs/include/autoware_vehicle_msgs/autoware_vehicle_msgs/msg/turn_indicators_command.hpp
[0.422s] -- Up-to-date: /home/jmj/dream_ws/install/autoware_vehicle_msgs/include/autoware_vehicle_msgs/autoware_vehicle_msgs
[0.422s] -- Up-to-date: /home/jmj/dream_ws/install/autoware_vehicle_msgs/include/autoware_vehicle_msgs/autoware_vehicle_msgs/srv
[0.422s] -- Up-to-date: /home/jmj/dream_ws/install/autoware_vehicle_msgs/include/autoware_vehicle_msgs/autoware_vehicle_msgs/srv/detail
[0.422s] -- Up-to-date: /home/jmj/dream_ws/install/autoware_vehicle_msgs/include/autoware_vehicle_msgs/autoware_vehicle_msgs/srv/detail/dds_fastrtps
[0.422s] -- Up-to-date: /home/jmj/dream_ws/install/autoware_vehicle_msgs/include/autoware_vehicle_msgs/autoware_vehicle_msgs/srv/detail/control_mode_command__rosidl_typesupport_fastrtps_cpp.hpp
[0.422s] -- Up-to-date: /home/jmj/dream_ws/install/autoware_vehicle_msgs/include/autoware_vehicle_msgs/autoware_vehicle_msgs/msg
[0.422s] -- Up-to-date: /home/jmj/dream_ws/install/autoware_vehicle_msgs/include/autoware_vehicle_msgs/autoware_vehicle_msgs/msg/detail
[0.422s] -- Up-to-date: /home/jmj/dream_ws/install/autoware_vehicle_msgs/include/autoware_vehicle_msgs/autoware_vehicle_msgs/msg/detail/dds_fastrtps
[0.422s] -- Up-to-date: /home/jmj/dream_ws/install/autoware_vehicle_msgs/include/autoware_vehicle_msgs/autoware_vehicle_msgs/msg/detail/engage__rosidl_typesupport_fastrtps_cpp.hpp
[0.422s] -- Up-to-date: /home/jmj/dream_ws/install/autoware_vehicle_msgs/include/autoware_vehicle_msgs/autoware_vehicle_msgs/msg/detail/control_mode_report__rosidl_typesupport_fastrtps_cpp.hpp
[0.422s] -- Up-to-date: /home/jmj/dream_ws/install/autoware_vehicle_msgs/include/autoware_vehicle_msgs/autoware_vehicle_msgs/msg/detail/velocity_report__rosidl_typesupport_fastrtps_cpp.hpp
[0.422s] -- Up-to-date: /home/jmj/dream_ws/install/autoware_vehicle_msgs/include/autoware_vehicle_msgs/autoware_vehicle_msgs/msg/detail/hazard_lights_report__rosidl_typesupport_fastrtps_cpp.hpp
[0.422s] -- Up-to-date: /home/jmj/dream_ws/install/autoware_vehicle_msgs/include/autoware_vehicle_msgs/autoware_vehicle_msgs/msg/detail/steering_report__rosidl_typesupport_fastrtps_cpp.hpp
[0.422s] -- Up-to-date: /home/jmj/dream_ws/install/autoware_vehicle_msgs/include/autoware_vehicle_msgs/autoware_vehicle_msgs/msg/detail/gear_command__rosidl_typesupport_fastrtps_cpp.hpp
[0.422s] -- Up-to-date: /home/jmj/dream_ws/install/autoware_vehicle_msgs/include/autoware_vehicle_msgs/autoware_vehicle_msgs/msg/detail/turn_indicators_command__rosidl_typesupport_fastrtps_cpp.hpp
[0.422s] -- Up-to-date: /home/jmj/dream_ws/install/autoware_vehicle_msgs/include/autoware_vehicle_msgs/autoware_vehicle_msgs/msg/detail/turn_indicators_report__rosidl_typesupport_fastrtps_cpp.hpp
[0.422s] -- Up-to-date: /home/jmj/dream_ws/install/autoware_vehicle_msgs/include/autoware_vehicle_msgs/autoware_vehicle_msgs/msg/detail/gear_report__rosidl_typesupport_fastrtps_cpp.hpp
[0.422s] -- Up-to-date: /home/jmj/dream_ws/install/autoware_vehicle_msgs/include/autoware_vehicle_msgs/autoware_vehicle_msgs/msg/detail/hazard_lights_command__rosidl_typesupport_fastrtps_cpp.hpp
[0.423s] -- Up-to-date: /home/jmj/dream_ws/install/autoware_vehicle_msgs/include/autoware_vehicle_msgs/autoware_vehicle_msgs/msg/rosidl_typesupport_fastrtps_cpp__visibility_control.h
[0.423s] -- Up-to-date: /home/jmj/dream_ws/install/autoware_vehicle_msgs/lib/libautoware_vehicle_msgs__rosidl_typesupport_fastrtps_cpp.so
[0.423s] -- Up-to-date: /home/jmj/dream_ws/install/autoware_vehicle_msgs/include/autoware_vehicle_msgs/autoware_vehicle_msgs
[0.423s] -- Up-to-date: /home/jmj/dream_ws/install/autoware_vehicle_msgs/include/autoware_vehicle_msgs/autoware_vehicle_msgs/srv
[0.423s] -- Up-to-date: /home/jmj/dream_ws/install/autoware_vehicle_msgs/include/autoware_vehicle_msgs/autoware_vehicle_msgs/srv/detail
[0.423s] -- Up-to-date: /home/jmj/dream_ws/install/autoware_vehicle_msgs/include/autoware_vehicle_msgs/autoware_vehicle_msgs/srv/detail/control_mode_command__rosidl_typesupport_introspection_c.h
[0.423s] -- Up-to-date: /home/jmj/dream_ws/install/autoware_vehicle_msgs/include/autoware_vehicle_msgs/autoware_vehicle_msgs/srv/detail/control_mode_command__type_support.c
[0.423s] -- Up-to-date: /home/jmj/dream_ws/install/autoware_vehicle_msgs/include/autoware_vehicle_msgs/autoware_vehicle_msgs/msg
[0.423s] -- Up-to-date: /home/jmj/dream_ws/install/autoware_vehicle_msgs/include/autoware_vehicle_msgs/autoware_vehicle_msgs/msg/detail
[0.423s] -- Up-to-date: /home/jmj/dream_ws/install/autoware_vehicle_msgs/include/autoware_vehicle_msgs/autoware_vehicle_msgs/msg/detail/control_mode_report__rosidl_typesupport_introspection_c.h
[0.423s] -- Up-to-date: /home/jmj/dream_ws/install/autoware_vehicle_msgs/include/autoware_vehicle_msgs/autoware_vehicle_msgs/msg/detail/engage__type_support.c
[0.423s] -- Up-to-date: /home/jmj/dream_ws/install/autoware_vehicle_msgs/include/autoware_vehicle_msgs/autoware_vehicle_msgs/msg/detail/turn_indicators_report__rosidl_typesupport_introspection_c.h
[0.423s] -- Up-to-date: /home/jmj/dream_ws/install/autoware_vehicle_msgs/include/autoware_vehicle_msgs/autoware_vehicle_msgs/msg/detail/velocity_report__rosidl_typesupport_introspection_c.h
[0.423s] -- Up-to-date: /home/jmj/dream_ws/install/autoware_vehicle_msgs/include/autoware_vehicle_msgs/autoware_vehicle_msgs/msg/detail/control_mode_report__type_support.c
[0.423s] -- Up-to-date: /home/jmj/dream_ws/install/autoware_vehicle_msgs/include/autoware_vehicle_msgs/autoware_vehicle_msgs/msg/detail/gear_command__type_support.c
[0.423s] -- Up-to-date: /home/jmj/dream_ws/install/autoware_vehicle_msgs/include/autoware_vehicle_msgs/autoware_vehicle_msgs/msg/detail/hazard_lights_report__type_support.c
[0.423s] -- Up-to-date: /home/jmj/dream_ws/install/autoware_vehicle_msgs/include/autoware_vehicle_msgs/autoware_vehicle_msgs/msg/detail/turn_indicators_report__type_support.c
[0.423s] -- Up-to-date: /home/jmj/dream_ws/install/autoware_vehicle_msgs/include/autoware_vehicle_msgs/autoware_vehicle_msgs/msg/detail/turn_indicators_command__rosidl_typesupport_introspection_c.h
[0.423s] -- Up-to-date: /home/jmj/dream_ws/install/autoware_vehicle_msgs/include/autoware_vehicle_msgs/autoware_vehicle_msgs/msg/detail/turn_indicators_command__type_support.c
[0.423s] -- Up-to-date: /home/jmj/dream_ws/install/autoware_vehicle_msgs/include/autoware_vehicle_msgs/autoware_vehicle_msgs/msg/detail/velocity_report__type_support.c
[0.423s] -- Up-to-date: /home/jmj/dream_ws/install/autoware_vehicle_msgs/include/autoware_vehicle_msgs/autoware_vehicle_msgs/msg/detail/steering_report__rosidl_typesupport_introspection_c.h
[0.423s] -- Up-to-date: /home/jmj/dream_ws/install/autoware_vehicle_msgs/include/autoware_vehicle_msgs/autoware_vehicle_msgs/msg/detail/hazard_lights_command__type_support.c
[0.423s] -- Up-to-date: /home/jmj/dream_ws/install/autoware_vehicle_msgs/include/autoware_vehicle_msgs/autoware_vehicle_msgs/msg/detail/engage__rosidl_typesupport_introspection_c.h
[0.423s] -- Up-to-date: /home/jmj/dream_ws/install/autoware_vehicle_msgs/include/autoware_vehicle_msgs/autoware_vehicle_msgs/msg/detail/gear_command__rosidl_typesupport_introspection_c.h
[0.423s] -- Up-to-date: /home/jmj/dream_ws/install/autoware_vehicle_msgs/include/autoware_vehicle_msgs/autoware_vehicle_msgs/msg/detail/steering_report__type_support.c
[0.423s] -- Up-to-date: /home/jmj/dream_ws/install/autoware_vehicle_msgs/include/autoware_vehicle_msgs/autoware_vehicle_msgs/msg/detail/hazard_lights_report__rosidl_typesupport_introspection_c.h
[0.423s] -- Up-to-date: /home/jmj/dream_ws/install/autoware_vehicle_msgs/include/autoware_vehicle_msgs/autoware_vehicle_msgs/msg/detail/gear_report__type_support.c
[0.423s] -- Up-to-date: /home/jmj/dream_ws/install/autoware_vehicle_msgs/include/autoware_vehicle_msgs/autoware_vehicle_msgs/msg/detail/gear_report__rosidl_typesupport_introspection_c.h
[0.423s] -- Up-to-date: /home/jmj/dream_ws/install/autoware_vehicle_msgs/include/autoware_vehicle_msgs/autoware_vehicle_msgs/msg/detail/hazard_lights_command__rosidl_typesupport_introspection_c.h
[0.423s] -- Up-to-date: /home/jmj/dream_ws/install/autoware_vehicle_msgs/include/autoware_vehicle_msgs/autoware_vehicle_msgs/msg/rosidl_typesupport_introspection_c__visibility_control.h
[0.423s] -- Up-to-date: /home/jmj/dream_ws/install/autoware_vehicle_msgs/lib/libautoware_vehicle_msgs__rosidl_typesupport_introspection_c.so
[0.423s] -- Up-to-date: /home/jmj/dream_ws/install/autoware_vehicle_msgs/lib/libautoware_vehicle_msgs__rosidl_typesupport_c.so
[0.423s] -- Up-to-date: /home/jmj/dream_ws/install/autoware_vehicle_msgs/include/autoware_vehicle_msgs/autoware_vehicle_msgs
[0.423s] -- Up-to-date: /home/jmj/dream_ws/install/autoware_vehicle_msgs/include/autoware_vehicle_msgs/autoware_vehicle_msgs/srv
[0.423s] -- Up-to-date: /home/jmj/dream_ws/install/autoware_vehicle_msgs/include/autoware_vehicle_msgs/autoware_vehicle_msgs/srv/detail
[0.423s] -- Up-to-date: /home/jmj/dream_ws/install/autoware_vehicle_msgs/include/autoware_vehicle_msgs/autoware_vehicle_msgs/srv/detail/control_mode_command__type_support.cpp
[0.423s] -- Up-to-date: /home/jmj/dream_ws/install/autoware_vehicle_msgs/include/autoware_vehicle_msgs/autoware_vehicle_msgs/srv/detail/control_mode_command__rosidl_typesupport_introspection_cpp.hpp
[0.423s] -- Up-to-date: /home/jmj/dream_ws/install/autoware_vehicle_msgs/include/autoware_vehicle_msgs/autoware_vehicle_msgs/msg
[0.423s] -- Up-to-date: /home/jmj/dream_ws/install/autoware_vehicle_msgs/include/autoware_vehicle_msgs/autoware_vehicle_msgs/msg/detail
[0.423s] -- Up-to-date: /home/jmj/dream_ws/install/autoware_vehicle_msgs/include/autoware_vehicle_msgs/autoware_vehicle_msgs/msg/detail/steering_report__type_support.cpp
[0.423s] -- Up-to-date: /home/jmj/dream_ws/install/autoware_vehicle_msgs/include/autoware_vehicle_msgs/autoware_vehicle_msgs/msg/detail/gear_command__type_support.cpp
[0.423s] -- Up-to-date: /home/jmj/dream_ws/install/autoware_vehicle_msgs/include/autoware_vehicle_msgs/autoware_vehicle_msgs/msg/detail/control_mode_report__rosidl_typesupport_introspection_cpp.hpp
[0.423s] -- Up-to-date: /home/jmj/dream_ws/install/autoware_vehicle_msgs/include/autoware_vehicle_msgs/autoware_vehicle_msgs/msg/detail/hazard_lights_report__type_support.cpp
[0.423s] -- Up-to-date: /home/jmj/dream_ws/install/autoware_vehicle_msgs/include/autoware_vehicle_msgs/autoware_vehicle_msgs/msg/detail/hazard_lights_report__rosidl_typesupport_introspection_cpp.hpp
[0.423s] -- Up-to-date: /home/jmj/dream_ws/install/autoware_vehicle_msgs/include/autoware_vehicle_msgs/autoware_vehicle_msgs/msg/detail/turn_indicators_report__rosidl_typesupport_introspection_cpp.hpp
[0.423s] -- Up-to-date: /home/jmj/dream_ws/install/autoware_vehicle_msgs/include/autoware_vehicle_msgs/autoware_vehicle_msgs/msg/detail/hazard_lights_command__rosidl_typesupport_introspection_cpp.hpp
[0.424s] -- Up-to-date: /home/jmj/dream_ws/install/autoware_vehicle_msgs/include/autoware_vehicle_msgs/autoware_vehicle_msgs/msg/detail/velocity_report__type_support.cpp
[0.424s] -- Up-to-date: /home/jmj/dream_ws/install/autoware_vehicle_msgs/include/autoware_vehicle_msgs/autoware_vehicle_msgs/msg/detail/turn_indicators_command__type_support.cpp
[0.424s] -- Up-to-date: /home/jmj/dream_ws/install/autoware_vehicle_msgs/include/autoware_vehicle_msgs/autoware_vehicle_msgs/msg/detail/engage__type_support.cpp
[0.424s] -- Up-to-date: /home/jmj/dream_ws/install/autoware_vehicle_msgs/include/autoware_vehicle_msgs/autoware_vehicle_msgs/msg/detail/steering_report__rosidl_typesupport_introspection_cpp.hpp
[0.424s] -- Up-to-date: /home/jmj/dream_ws/install/autoware_vehicle_msgs/include/autoware_vehicle_msgs/autoware_vehicle_msgs/msg/detail/engage__rosidl_typesupport_introspection_cpp.hpp
[0.424s] -- Up-to-date: /home/jmj/dream_ws/install/autoware_vehicle_msgs/include/autoware_vehicle_msgs/autoware_vehicle_msgs/msg/detail/gear_command__rosidl_typesupport_introspection_cpp.hpp
[0.424s] -- Up-to-date: /home/jmj/dream_ws/install/autoware_vehicle_msgs/include/autoware_vehicle_msgs/autoware_vehicle_msgs/msg/detail/control_mode_report__type_support.cpp
[0.424s] -- Up-to-date: /home/jmj/dream_ws/install/autoware_vehicle_msgs/include/autoware_vehicle_msgs/autoware_vehicle_msgs/msg/detail/turn_indicators_report__type_support.cpp
[0.424s] -- Up-to-date: /home/jmj/dream_ws/install/autoware_vehicle_msgs/include/autoware_vehicle_msgs/autoware_vehicle_msgs/msg/detail/gear_report__type_support.cpp
[0.424s] -- Up-to-date: /home/jmj/dream_ws/install/autoware_vehicle_msgs/include/autoware_vehicle_msgs/autoware_vehicle_msgs/msg/detail/gear_report__rosidl_typesupport_introspection_cpp.hpp
[0.424s] -- Up-to-date: /home/jmj/dream_ws/install/autoware_vehicle_msgs/include/autoware_vehicle_msgs/autoware_vehicle_msgs/msg/detail/turn_indicators_command__rosidl_typesupport_introspection_cpp.hpp
[0.424s] -- Up-to-date: /home/jmj/dream_ws/install/autoware_vehicle_msgs/include/autoware_vehicle_msgs/autoware_vehicle_msgs/msg/detail/velocity_report__rosidl_typesupport_introspection_cpp.hpp
[0.424s] -- Up-to-date: /home/jmj/dream_ws/install/autoware_vehicle_msgs/include/autoware_vehicle_msgs/autoware_vehicle_msgs/msg/detail/hazard_lights_command__type_support.cpp
[0.424s] -- Up-to-date: /home/jmj/dream_ws/install/autoware_vehicle_msgs/lib/libautoware_vehicle_msgs__rosidl_typesupport_introspection_cpp.so
[0.424s] -- Up-to-date: /home/jmj/dream_ws/install/autoware_vehicle_msgs/lib/libautoware_vehicle_msgs__rosidl_typesupport_cpp.so
[0.424s] -- Up-to-date: /home/jmj/dream_ws/install/autoware_vehicle_msgs/share/autoware_vehicle_msgs/environment/pythonpath.sh
[0.424s] -- Up-to-date: /home/jmj/dream_ws/install/autoware_vehicle_msgs/share/autoware_vehicle_msgs/environment/pythonpath.dsv
[0.424s] -- Up-to-date: /home/jmj/dream_ws/install/autoware_vehicle_msgs/local/lib/python3.10/dist-packages/autoware_vehicle_msgs-1.8.0-py3.10.egg-info
[0.424s] -- Installing: /home/jmj/dream_ws/install/autoware_vehicle_msgs/local/lib/python3.10/dist-packages/autoware_vehicle_msgs-1.8.0-py3.10.egg-info/dependency_links.txt
[0.424s] -- Installing: /home/jmj/dream_ws/install/autoware_vehicle_msgs/local/lib/python3.10/dist-packages/autoware_vehicle_msgs-1.8.0-py3.10.egg-info/top_level.txt
[0.424s] -- Installing: /home/jmj/dream_ws/install/autoware_vehicle_msgs/local/lib/python3.10/dist-packages/autoware_vehicle_msgs-1.8.0-py3.10.egg-info/PKG-INFO
[0.424s] -- Installing: /home/jmj/dream_ws/install/autoware_vehicle_msgs/local/lib/python3.10/dist-packages/autoware_vehicle_msgs-1.8.0-py3.10.egg-info/SOURCES.txt
[0.424s] -- Up-to-date: /home/jmj/dream_ws/install/autoware_vehicle_msgs/local/lib/python3.10/dist-packages/autoware_vehicle_msgs
[0.424s] -- Up-to-date: /home/jmj/dream_ws/install/autoware_vehicle_msgs/local/lib/python3.10/dist-packages/autoware_vehicle_msgs/_autoware_vehicle_msgs_s.ep.rosidl_typesupport_c.c
[0.424s] -- Up-to-date: /home/jmj/dream_ws/install/autoware_vehicle_msgs/local/lib/python3.10/dist-packages/autoware_vehicle_msgs/__init__.py
[0.424s] -- Up-to-date: /home/jmj/dream_ws/install/autoware_vehicle_msgs/local/lib/python3.10/dist-packages/autoware_vehicle_msgs/srv
[0.424s] -- Up-to-date: /home/jmj/dream_ws/install/autoware_vehicle_msgs/local/lib/python3.10/dist-packages/autoware_vehicle_msgs/srv/__init__.py
[0.424s] -- Up-to-date: /home/jmj/dream_ws/install/autoware_vehicle_msgs/local/lib/python3.10/dist-packages/autoware_vehicle_msgs/srv/_control_mode_command_s.c
[0.424s] -- Up-to-date: /home/jmj/dream_ws/install/autoware_vehicle_msgs/local/lib/python3.10/dist-packages/autoware_vehicle_msgs/srv/_control_mode_command.py
[0.424s] -- Up-to-date: /home/jmj/dream_ws/install/autoware_vehicle_msgs/local/lib/python3.10/dist-packages/autoware_vehicle_msgs/_autoware_vehicle_msgs_s.ep.rosidl_typesupport_introspection_c.c
[0.424s] -- Up-to-date: /home/jmj/dream_ws/install/autoware_vehicle_msgs/local/lib/python3.10/dist-packages/autoware_vehicle_msgs/autoware_vehicle_msgs_s__rosidl_typesupport_c.cpython-310-x86_64-linux-gnu.so
[0.424s] -- Up-to-date: /home/jmj/dream_ws/install/autoware_vehicle_msgs/local/lib/python3.10/dist-packages/autoware_vehicle_msgs/libautoware_vehicle_msgs__rosidl_generator_py.so
[0.424s] -- Up-to-date: /home/jmj/dream_ws/install/autoware_vehicle_msgs/local/lib/python3.10/dist-packages/autoware_vehicle_msgs/autoware_vehicle_msgs_s__rosidl_typesupport_fastrtps_c.cpython-310-x86_64-linux-gnu.so
[0.424s] -- Up-to-date: /home/jmj/dream_ws/install/autoware_vehicle_msgs/local/lib/python3.10/dist-packages/autoware_vehicle_msgs/autoware_vehicle_msgs_s__rosidl_typesupport_introspection_c.cpython-310-x86_64-linux-gnu.so
[0.424s] -- Up-to-date: /home/jmj/dream_ws/install/autoware_vehicle_msgs/local/lib/python3.10/dist-packages/autoware_vehicle_msgs/msg
[0.424s] -- Up-to-date: /home/jmj/dream_ws/install/autoware_vehicle_msgs/local/lib/python3.10/dist-packages/autoware_vehicle_msgs/msg/_turn_indicators_report.py
[0.424s] -- Up-to-date: /home/jmj/dream_ws/install/autoware_vehicle_msgs/local/lib/python3.10/dist-packages/autoware_vehicle_msgs/msg/_gear_command_s.c
[0.424s] -- Up-to-date: /home/jmj/dream_ws/install/autoware_vehicle_msgs/local/lib/python3.10/dist-packages/autoware_vehicle_msgs/msg/_turn_indicators_report_s.c
[0.424s] -- Up-to-date: /home/jmj/dream_ws/install/autoware_vehicle_msgs/local/lib/python3.10/dist-packages/autoware_vehicle_msgs/msg/__init__.py
[0.424s] -- Up-to-date: /home/jmj/dream_ws/install/autoware_vehicle_msgs/local/lib/python3.10/dist-packages/autoware_vehicle_msgs/msg/_engage_s.c
[0.424s] -- Up-to-date: /home/jmj/dream_ws/install/autoware_vehicle_msgs/local/lib/python3.10/dist-packages/autoware_vehicle_msgs/msg/_turn_indicators_command_s.c
[0.424s] -- Up-to-date: /home/jmj/dream_ws/install/autoware_vehicle_msgs/local/lib/python3.10/dist-packages/autoware_vehicle_msgs/msg/_hazard_lights_report.py
[0.424s] -- Up-to-date: /home/jmj/dream_ws/install/autoware_vehicle_msgs/local/lib/python3.10/dist-packages/autoware_vehicle_msgs/msg/_steering_report.py
[0.424s] -- Up-to-date: /home/jmj/dream_ws/install/autoware_vehicle_msgs/local/lib/python3.10/dist-packages/autoware_vehicle_msgs/msg/_gear_command.py
[0.424s] -- Up-to-date: /home/jmj/dream_ws/install/autoware_vehicle_msgs/local/lib/python3.10/dist-packages/autoware_vehicle_msgs/msg/_engage.py
[0.425s] -- Up-to-date: /home/jmj/dream_ws/install/autoware_vehicle_msgs/local/lib/python3.10/dist-packages/autoware_vehicle_msgs/msg/_velocity_report.py
[0.425s] -- Up-to-date: /home/jmj/dream_ws/install/autoware_vehicle_msgs/local/lib/python3.10/dist-packages/autoware_vehicle_msgs/msg/_turn_indicators_command.py
[0.425s] -- Up-to-date: /home/jmj/dream_ws/install/autoware_vehicle_msgs/local/lib/python3.10/dist-packages/autoware_vehicle_msgs/msg/_hazard_lights_report_s.c
[0.425s] -- Up-to-date: /home/jmj/dream_ws/install/autoware_vehicle_msgs/local/lib/python3.10/dist-packages/autoware_vehicle_msgs/msg/_gear_report_s.c
[0.425s] -- Up-to-date: /home/jmj/dream_ws/install/autoware_vehicle_msgs/local/lib/python3.10/dist-packages/autoware_vehicle_msgs/msg/_control_mode_report.py
[0.425s] -- Up-to-date: /home/jmj/dream_ws/install/autoware_vehicle_msgs/local/lib/python3.10/dist-packages/autoware_vehicle_msgs/msg/_gear_report.py
[0.425s] -- Up-to-date: /home/jmj/dream_ws/install/autoware_vehicle_msgs/local/lib/python3.10/dist-packages/autoware_vehicle_msgs/msg/_hazard_lights_command_s.c
[0.425s] -- Up-to-date: /home/jmj/dream_ws/install/autoware_vehicle_msgs/local/lib/python3.10/dist-packages/autoware_vehicle_msgs/msg/_control_mode_report_s.c
[0.425s] -- Up-to-date: /home/jmj/dream_ws/install/autoware_vehicle_msgs/local/lib/python3.10/dist-packages/autoware_vehicle_msgs/msg/_steering_report_s.c
[0.425s] -- Up-to-date: /home/jmj/dream_ws/install/autoware_vehicle_msgs/local/lib/python3.10/dist-packages/autoware_vehicle_msgs/msg/_velocity_report_s.c
[0.425s] -- Up-to-date: /home/jmj/dream_ws/install/autoware_vehicle_msgs/local/lib/python3.10/dist-packages/autoware_vehicle_msgs/msg/_hazard_lights_command.py
[0.425s] -- Up-to-date: /home/jmj/dream_ws/install/autoware_vehicle_msgs/local/lib/python3.10/dist-packages/autoware_vehicle_msgs/_autoware_vehicle_msgs_s.ep.rosidl_typesupport_fastrtps_c.c
[0.442s] Listing '/home/jmj/dream_ws/install/autoware_vehicle_msgs/local/lib/python3.10/dist-packages/autoware_vehicle_msgs'...
[0.442s] Listing '/home/jmj/dream_ws/install/autoware_vehicle_msgs/local/lib/python3.10/dist-packages/autoware_vehicle_msgs/msg'...
[0.442s] Listing '/home/jmj/dream_ws/install/autoware_vehicle_msgs/local/lib/python3.10/dist-packages/autoware_vehicle_msgs/srv'...
[0.445s] -- Up-to-date: /home/jmj/dream_ws/install/autoware_vehicle_msgs/local/lib/python3.10/dist-packages/autoware_vehicle_msgs/autoware_vehicle_msgs_s__rosidl_typesupport_fastrtps_c.cpython-310-x86_64-linux-gnu.so
[0.445s] -- Up-to-date: /home/jmj/dream_ws/install/autoware_vehicle_msgs/local/lib/python3.10/dist-packages/autoware_vehicle_msgs/autoware_vehicle_msgs_s__rosidl_typesupport_introspection_c.cpython-310-x86_64-linux-gnu.so
[0.445s] -- Up-to-date: /home/jmj/dream_ws/install/autoware_vehicle_msgs/local/lib/python3.10/dist-packages/autoware_vehicle_msgs/autoware_vehicle_msgs_s__rosidl_typesupport_c.cpython-310-x86_64-linux-gnu.so
[0.445s] -- Up-to-date: /home/jmj/dream_ws/install/autoware_vehicle_msgs/lib/libautoware_vehicle_msgs__rosidl_generator_py.so
[0.445s] -- Up-to-date: /home/jmj/dream_ws/install/autoware_vehicle_msgs/share/autoware_vehicle_msgs/msg/ControlModeReport.idl
[0.445s] -- Up-to-date: /home/jmj/dream_ws/install/autoware_vehicle_msgs/share/autoware_vehicle_msgs/msg/Engage.idl
[0.445s] -- Up-to-date: /home/jmj/dream_ws/install/autoware_vehicle_msgs/share/autoware_vehicle_msgs/msg/GearCommand.idl
[0.445s] -- Up-to-date: /home/jmj/dream_ws/install/autoware_vehicle_msgs/share/autoware_vehicle_msgs/msg/GearReport.idl
[0.445s] -- Up-to-date: /home/jmj/dream_ws/install/autoware_vehicle_msgs/share/autoware_vehicle_msgs/msg/HazardLightsCommand.idl
[0.445s] -- Up-to-date: /home/jmj/dream_ws/install/autoware_vehicle_msgs/share/autoware_vehicle_msgs/msg/HazardLightsReport.idl
[0.445s] -- Up-to-date: /home/jmj/dream_ws/install/autoware_vehicle_msgs/share/autoware_vehicle_msgs/msg/SteeringReport.idl
[0.445s] -- Up-to-date: /home/jmj/dream_ws/install/autoware_vehicle_msgs/share/autoware_vehicle_msgs/msg/TurnIndicatorsCommand.idl
[0.445s] -- Up-to-date: /home/jmj/dream_ws/install/autoware_vehicle_msgs/share/autoware_vehicle_msgs/msg/TurnIndicatorsReport.idl
[0.445s] -- Up-to-date: /home/jmj/dream_ws/install/autoware_vehicle_msgs/share/autoware_vehicle_msgs/msg/VelocityReport.idl
[0.445s] -- Up-to-date: /home/jmj/dream_ws/install/autoware_vehicle_msgs/share/autoware_vehicle_msgs/srv/ControlModeCommand.idl
[0.445s] -- Up-to-date: /home/jmj/dream_ws/install/autoware_vehicle_msgs/share/autoware_vehicle_msgs/msg/ControlModeReport.msg
[0.445s] -- Up-to-date: /home/jmj/dream_ws/install/autoware_vehicle_msgs/share/autoware_vehicle_msgs/msg/Engage.msg
[0.445s] -- Up-to-date: /home/jmj/dream_ws/install/autoware_vehicle_msgs/share/autoware_vehicle_msgs/msg/GearCommand.msg
[0.445s] -- Up-to-date: /home/jmj/dream_ws/install/autoware_vehicle_msgs/share/autoware_vehicle_msgs/msg/GearReport.msg
[0.445s] -- Up-to-date: /home/jmj/dream_ws/install/autoware_vehicle_msgs/share/autoware_vehicle_msgs/msg/HazardLightsCommand.msg
[0.445s] -- Up-to-date: /home/jmj/dream_ws/install/autoware_vehicle_msgs/share/autoware_vehicle_msgs/msg/HazardLightsReport.msg
[0.445s] -- Up-to-date: /home/jmj/dream_ws/install/autoware_vehicle_msgs/share/autoware_vehicle_msgs/msg/SteeringReport.msg
[0.445s] -- Up-to-date: /home/jmj/dream_ws/install/autoware_vehicle_msgs/share/autoware_vehicle_msgs/msg/TurnIndicatorsCommand.msg
[0.446s] -- Up-to-date: /home/jmj/dream_ws/install/autoware_vehicle_msgs/share/autoware_vehicle_msgs/msg/TurnIndicatorsReport.msg
[0.446s] -- Up-to-date: /home/jmj/dream_ws/install/autoware_vehicle_msgs/share/autoware_vehicle_msgs/msg/VelocityReport.msg
[0.446s] -- Up-to-date: /home/jmj/dream_ws/install/autoware_vehicle_msgs/share/autoware_vehicle_msgs/srv/ControlModeCommand.srv
[0.446s] -- Up-to-date: /home/jmj/dream_ws/install/autoware_vehicle_msgs/share/autoware_vehicle_msgs/srv/ControlModeCommand_Request.msg
[0.446s] -- Up-to-date: /home/jmj/dream_ws/install/autoware_vehicle_msgs/share/autoware_vehicle_msgs/srv/ControlModeCommand_Response.msg
[0.446s] -- Up-to-date: /home/jmj/dream_ws/install/autoware_vehicle_msgs/share/ament_index/resource_index/package_run_dependencies/autoware_vehicle_msgs
[0.446s] -- Up-to-date: /home/jmj/dream_ws/install/autoware_vehicle_msgs/share/ament_index/resource_index/parent_prefix_path/autoware_vehicle_msgs
[0.446s] -- Up-to-date: /home/jmj/dream_ws/install/autoware_vehicle_msgs/share/autoware_vehicle_msgs/environment/ament_prefix_path.sh
[0.446s] -- Up-to-date: /home/jmj/dream_ws/install/autoware_vehicle_msgs/share/autoware_vehicle_msgs/environment/ament_prefix_path.dsv
[0.446s] -- Up-to-date: /home/jmj/dream_ws/install/autoware_vehicle_msgs/share/autoware_vehicle_msgs/environment/path.sh
[0.446s] -- Up-to-date: /home/jmj/dream_ws/install/autoware_vehicle_msgs/share/autoware_vehicle_msgs/environment/path.dsv
[0.446s] -- Up-to-date: /home/jmj/dream_ws/install/autoware_vehicle_msgs/share/autoware_vehicle_msgs/local_setup.bash
[0.446s] -- Up-to-date: /home/jmj/dream_ws/install/autoware_vehicle_msgs/share/autoware_vehicle_msgs/local_setup.sh
[0.446s] -- Up-to-date: /home/jmj/dream_ws/install/autoware_vehicle_msgs/share/autoware_vehicle_msgs/local_setup.zsh
[0.446s] -- Up-to-date: /home/jmj/dream_ws/install/autoware_vehicle_msgs/share/autoware_vehicle_msgs/local_setup.dsv
[0.446s] -- Installing: /home/jmj/dream_ws/install/autoware_vehicle_msgs/share/autoware_vehicle_msgs/package.dsv
[0.446s] -- Up-to-date: /home/jmj/dream_ws/install/autoware_vehicle_msgs/share/ament_index/resource_index/packages/autoware_vehicle_msgs
[0.446s] -- Up-to-date: /home/jmj/dream_ws/install/autoware_vehicle_msgs/share/autoware_vehicle_msgs/cmake/export_autoware_vehicle_msgs__rosidl_generator_cExport.cmake
[0.446s] -- Up-to-date: /home/jmj/dream_ws/install/autoware_vehicle_msgs/share/autoware_vehicle_msgs/cmake/export_autoware_vehicle_msgs__rosidl_generator_cExport-noconfig.cmake
[0.446s] -- Up-to-date: /home/jmj/dream_ws/install/autoware_vehicle_msgs/share/autoware_vehicle_msgs/cmake/export_autoware_vehicle_msgs__rosidl_typesupport_fastrtps_cExport.cmake
[0.446s] -- Up-to-date: /home/jmj/dream_ws/install/autoware_vehicle_msgs/share/autoware_vehicle_msgs/cmake/export_autoware_vehicle_msgs__rosidl_typesupport_fastrtps_cExport-noconfig.cmake
[0.446s] -- Up-to-date: /home/jmj/dream_ws/install/autoware_vehicle_msgs/share/autoware_vehicle_msgs/cmake/export_autoware_vehicle_msgs__rosidl_generator_cppExport.cmake
[0.446s] -- Up-to-date: /home/jmj/dream_ws/install/autoware_vehicle_msgs/share/autoware_vehicle_msgs/cmake/export_autoware_vehicle_msgs__rosidl_typesupport_fastrtps_cppExport.cmake
[0.446s] -- Up-to-date: /home/jmj/dream_ws/install/autoware_vehicle_msgs/share/autoware_vehicle_msgs/cmake/export_autoware_vehicle_msgs__rosidl_typesupport_fastrtps_cppExport-noconfig.cmake
[0.446s] -- Up-to-date: /home/jmj/dream_ws/install/autoware_vehicle_msgs/share/autoware_vehicle_msgs/cmake/autoware_vehicle_msgs__rosidl_typesupport_introspection_cExport.cmake
[0.446s] -- Up-to-date: /home/jmj/dream_ws/install/autoware_vehicle_msgs/share/autoware_vehicle_msgs/cmake/autoware_vehicle_msgs__rosidl_typesupport_introspection_cExport-noconfig.cmake
[0.446s] -- Up-to-date: /home/jmj/dream_ws/install/autoware_vehicle_msgs/share/autoware_vehicle_msgs/cmake/autoware_vehicle_msgs__rosidl_typesupport_cExport.cmake
[0.446s] -- Up-to-date: /home/jmj/dream_ws/install/autoware_vehicle_msgs/share/autoware_vehicle_msgs/cmake/autoware_vehicle_msgs__rosidl_typesupport_cExport-noconfig.cmake
[0.446s] -- Up-to-date: /home/jmj/dream_ws/install/autoware_vehicle_msgs/share/autoware_vehicle_msgs/cmake/autoware_vehicle_msgs__rosidl_typesupport_introspection_cppExport.cmake
[0.446s] -- Up-to-date: /home/jmj/dream_ws/install/autoware_vehicle_msgs/share/autoware_vehicle_msgs/cmake/autoware_vehicle_msgs__rosidl_typesupport_introspection_cppExport-noconfig.cmake
[0.446s] -- Up-to-date: /home/jmj/dream_ws/install/autoware_vehicle_msgs/share/autoware_vehicle_msgs/cmake/autoware_vehicle_msgs__rosidl_typesupport_cppExport.cmake
[0.446s] -- Up-to-date: /home/jmj/dream_ws/install/autoware_vehicle_msgs/share/autoware_vehicle_msgs/cmake/autoware_vehicle_msgs__rosidl_typesupport_cppExport-noconfig.cmake
[0.446s] -- Up-to-date: /home/jmj/dream_ws/install/autoware_vehicle_msgs/share/autoware_vehicle_msgs/cmake/export_autoware_vehicle_msgs__rosidl_generator_pyExport.cmake
[0.446s] -- Up-to-date: /home/jmj/dream_ws/install/autoware_vehicle_msgs/share/autoware_vehicle_msgs/cmake/export_autoware_vehicle_msgs__rosidl_generator_pyExport-noconfig.cmake
[0.446s] -- Up-to-date: /home/jmj/dream_ws/install/autoware_vehicle_msgs/share/autoware_vehicle_msgs/cmake/rosidl_cmake-extras.cmake
[0.446s] -- Up-to-date: /home/jmj/dream_ws/install/autoware_vehicle_msgs/share/autoware_vehicle_msgs/cmake/ament_cmake_export_dependencies-extras.cmake
[0.446s] -- Up-to-date: /home/jmj/dream_ws/install/autoware_vehicle_msgs/share/autoware_vehicle_msgs/cmake/ament_cmake_export_include_directories-extras.cmake
[0.446s] -- Up-to-date: /home/jmj/dream_ws/install/autoware_vehicle_msgs/share/autoware_vehicle_msgs/cmake/ament_cmake_export_libraries-extras.cmake
[0.446s] -- Up-to-date: /home/jmj/dream_ws/install/autoware_vehicle_msgs/share/autoware_vehicle_msgs/cmake/ament_cmake_export_targets-extras.cmake
[0.447s] -- Up-to-date: /home/jmj/dream_ws/install/autoware_vehicle_msgs/share/autoware_vehicle_msgs/cmake/rosidl_cmake_export_typesupport_targets-extras.cmake
[0.447s] -- Up-to-date: /home/jmj/dream_ws/install/autoware_vehicle_msgs/share/autoware_vehicle_msgs/cmake/rosidl_cmake_export_typesupport_libraries-extras.cmake
[0.447s] -- Up-to-date: /home/jmj/dream_ws/install/autoware_vehicle_msgs/share/autoware_vehicle_msgs/cmake/autoware_vehicle_msgsConfig.cmake
[0.447s] -- Up-to-date: /home/jmj/dream_ws/install/autoware_vehicle_msgs/share/autoware_vehicle_msgs/cmake/autoware_vehicle_msgsConfig-version.cmake
[0.447s] -- Up-to-date: /home/jmj/dream_ws/install/autoware_vehicle_msgs/share/autoware_vehicle_msgs/package.xml
[0.448s] Invoked command in '/home/jmj/dream_ws/build/autoware_vehicle_msgs' returned '0': CMAKE_PREFIX_PATH=/home/jmj/dream_ws/install/autoware_planning_msgs:/home/jmj/dream_ws/install/autoware_msgs:/home/jmj/dream_ws/install/autoware_vehicle_msgs:/home/jmj/dream_ws/install/autoware_v2x_msgs:/home/jmj/dream_ws/install/autoware_system_msgs:/home/jmj/dream_ws/install/autoware_sensing_msgs:/home/jmj/dream_ws/install/autoware_perception_msgs:/home/jmj/dream_ws/install/autoware_map_msgs:/home/jmj/dream_ws/install/autoware_localization_msgs:/home/jmj/dream_ws/install/autoware_control_msgs:/home/jmj/dream_ws/install/autoware_common_msgs:/home/jmj/dream_ws/install/dream:/opt/ros/humble LD_LIBRARY_PATH=/home/jmj/dream_ws/install/autoware_planning_msgs/lib:/home/jmj/dream_ws/install/autoware_vehicle_msgs/lib:/home/jmj/dream_ws/install/autoware_v2x_msgs/lib:/home/jmj/dream_ws/install/autoware_system_msgs/lib:/home/jmj/dream_ws/install/autoware_sensing_msgs/lib:/home/jmj/dream_ws/install/autoware_perception_msgs/lib:/home/jmj/dream_ws/install/autoware_map_msgs/lib:/home/jmj/dream_ws/install/autoware_localization_msgs/lib:/home/jmj/dream_ws/install/autoware_control_msgs/lib:/home/jmj/dream_ws/install/autoware_common_msgs/lib:/opt/ros/humble/opt/rviz_ogre_vendor/lib:/opt/ros/humble/lib/x86_64-linux-gnu:/opt/ros/humble/lib:/usr/local/cuda/lib64 /usr/bin/cmake --install /home/jmj/dream_ws/build/autoware_vehicle_msgs
