-- The C compiler identification is GNU 11.4.0
-- The CXX compiler identification is GNU 11.4.0
-- Detecting C compiler ABI info
-- Detecting C compiler ABI info - done
-- Check for working C compiler: /usr/lib/ccache/gcc - skipped
-- Detecting C compile features
-- Detecting C compile features - done
-- Detecting CXX compiler ABI info
-- Detecting CXX compiler ABI info - done
-- Check for working CXX compiler: /usr/lib/ccache/g++ - skipped
-- Detecting CXX compile features
-- Detecting CXX compile features - done
-- Found ament_cmake_auto: 1.3.11 (/opt/ros/humble/share/ament_cmake_auto/cmake)
-- Found Python3: /usr/bin/python3 (found version "3.10.12") found components: Interpreter 
-- Using all available rosidl_typesupport_c: rosidl_typesupport_fastrtps_c;rosidl_typesupport_introspection_c
-- Found rosidl_adapter: 3.1.6 (/opt/ros/humble/share/rosidl_adapter/cmake)
-- Using all available rosidl_typesupport_cpp: rosidl_typesupport_fastrtps_cpp;rosidl_typesupport_introspection_cpp
-- Found ament_cmake_ros: 0.10.0 (/opt/ros/humble/share/ament_cmake_ros/cmake)
-- Using all available rosidl_typesupport_c: rosidl_typesupport_fastrtps_c;rosidl_typesupport_introspection_c
-- Using all available rosidl_typesupport_cpp: rosidl_typesupport_fastrtps_cpp;rosidl_typesupport_introspection_cpp
-- Found PythonInterp: /usr/bin/python3 (found suitable version "3.10.12", minimum required is "3.6") 
-- Found python_cmake_module: 0.10.0 (/opt/ros/humble/share/python_cmake_module/cmake)
-- Found PythonLibs: /usr/lib/x86_64-linux-gnu/libpython3.10.so (found suitable version "3.10.12", minimum required is "3.5") 
-- Using PYTHON_EXECUTABLE: /usr/bin/python3
-- Using PYTHON_INCLUDE_DIRS: /usr/include/python3.10
-- Using PYTHON_LIBRARIES: /usr/lib/x86_64-linux-gnu/libpython3.10.so
-- Found PythonExtra: .so  
-- Found ament_lint_auto: 0.12.12 (/opt/ros/humble/share/ament_lint_auto/cmake)
-- Added test 'copyright' to check source files copyright and LICENSE
-- Added test 'lint_cmake' to check CMake code style
-- Added test 'xmllint' to check XML markup files
-- Configuring done
-- Generating done
-- Build files have been written to: /home/jmj/dream_ws/build/autoware_v2x_msgs
[  1%] [34m[1mGenerating C code for ROS interfaces[0m
[  3%] [34m[1mGenerating C++ code for ROS interfaces[0m
[  3%] Built target ament_cmake_python_copy_autoware_v2x_msgs
running egg_info
creating autoware_v2x_msgs.egg-info
writing autoware_v2x_msgs.egg-info/PKG-INFO
writing dependency_links to autoware_v2x_msgs.egg-info/dependency_links.txt
writing top-level names to autoware_v2x_msgs.egg-info/top_level.txt
writing manifest file 'autoware_v2x_msgs.egg-info/SOURCES.txt'
reading manifest file 'autoware_v2x_msgs.egg-info/SOURCES.txt'
writing manifest file 'autoware_v2x_msgs.egg-info/SOURCES.txt'
[  3%] Built target ament_cmake_python_build_autoware_v2x_msgs_egg
[  5%] [32mBuilding C object CMakeFiles/autoware_v2x_msgs__rosidl_generator_c.dir/rosidl_generator_c/autoware_v2x_msgs/msg/detail/virtual_gate_command__functions.c.o[0m
[  7%] [32mBuilding C object CMakeFiles/autoware_v2x_msgs__rosidl_generator_c.dir/rosidl_generator_c/autoware_v2x_msgs/msg/detail/virtual_gate_area_status__functions.c.o[0m
[  9%] [32mBuilding C object CMakeFiles/autoware_v2x_msgs__rosidl_generator_c.dir/rosidl_generator_c/autoware_v2x_msgs/msg/detail/virtual_gate_status__functions.c.o[0m
[ 10%] [32mBuilding C object CMakeFiles/autoware_v2x_msgs__rosidl_generator_c.dir/rosidl_generator_c/autoware_v2x_msgs/msg/detail/virtual_gate_area_command__functions.c.o[0m
[ 10%] Built target autoware_v2x_msgs__cpp
[ 12%] [34m[1mGenerating C++ introspection for ROS interfaces[0m
[ 14%] [34m[1mGenerating C++ type support for eProsima Fast-RTPS[0m
[ 16%] [34m[1mGenerating C++ type support dispatch for ROS interfaces[0m
[ 18%] [32m[1mLinking C shared library libautoware_v2x_msgs__rosidl_generator_c.so[0m
[ 18%] Built target autoware_v2x_msgs__rosidl_generator_c
[ 20%] [34m[1mGenerating C introspection for ROS interfaces[0m
[ 21%] [34m[1mGenerating C type support for eProsima Fast-RTPS[0m
[ 23%] [34m[1mGenerating C type support dispatch for ROS interfaces[0m
[ 27%] [32mBuilding CXX object CMakeFiles/autoware_v2x_msgs__rosidl_typesupport_cpp.dir/rosidl_typesupport_cpp/autoware_v2x_msgs/msg/virtual_gate_area_command__type_support.cpp.o[0m
[ 27%] [32mBuilding CXX object CMakeFiles/autoware_v2x_msgs__rosidl_typesupport_cpp.dir/rosidl_typesupport_cpp/autoware_v2x_msgs/msg/virtual_gate_area_status__type_support.cpp.o[0m
[ 29%] [32mBuilding CXX object CMakeFiles/autoware_v2x_msgs__rosidl_typesupport_cpp.dir/rosidl_typesupport_cpp/autoware_v2x_msgs/msg/virtual_gate_command__type_support.cpp.o[0m
[ 30%] [32mBuilding CXX object CMakeFiles/autoware_v2x_msgs__rosidl_typesupport_cpp.dir/rosidl_typesupport_cpp/autoware_v2x_msgs/msg/virtual_gate_status__type_support.cpp.o[0m
[ 32%] [32mBuilding CXX object CMakeFiles/autoware_v2x_msgs__rosidl_typesupport_introspection_cpp.dir/rosidl_typesupport_introspection_cpp/autoware_v2x_msgs/msg/detail/virtual_gate_area_command__type_support.cpp.o[0m
[ 34%] [32mBuilding CXX object CMakeFiles/autoware_v2x_msgs__rosidl_typesupport_introspection_cpp.dir/rosidl_typesupport_introspection_cpp/autoware_v2x_msgs/msg/detail/virtual_gate_area_status__type_support.cpp.o[0m
[ 36%] [32mBuilding CXX object CMakeFiles/autoware_v2x_msgs__rosidl_typesupport_introspection_cpp.dir/rosidl_typesupport_introspection_cpp/autoware_v2x_msgs/msg/detail/virtual_gate_status__type_support.cpp.o[0m
[ 38%] [32mBuilding CXX object CMakeFiles/autoware_v2x_msgs__rosidl_typesupport_introspection_cpp.dir/rosidl_typesupport_introspection_cpp/autoware_v2x_msgs/msg/detail/virtual_gate_command__type_support.cpp.o[0m
[ 40%] [32mBuilding C object CMakeFiles/autoware_v2x_msgs__rosidl_typesupport_introspection_c.dir/rosidl_typesupport_introspection_c/autoware_v2x_msgs/msg/detail/virtual_gate_area_command__type_support.c.o[0m
[ 41%] [32mBuilding C object CMakeFiles/autoware_v2x_msgs__rosidl_typesupport_introspection_c.dir/rosidl_typesupport_introspection_c/autoware_v2x_msgs/msg/detail/virtual_gate_area_status__type_support.c.o[0m
[ 43%] [32mBuilding C object CMakeFiles/autoware_v2x_msgs__rosidl_typesupport_introspection_c.dir/rosidl_typesupport_introspection_c/autoware_v2x_msgs/msg/detail/virtual_gate_status__type_support.c.o[0m
[ 45%] [32mBuilding C object CMakeFiles/autoware_v2x_msgs__rosidl_typesupport_introspection_c.dir/rosidl_typesupport_introspection_c/autoware_v2x_msgs/msg/detail/virtual_gate_command__type_support.c.o[0m
[ 47%] [32mBuilding CXX object CMakeFiles/autoware_v2x_msgs__rosidl_typesupport_fastrtps_cpp.dir/rosidl_typesupport_fastrtps_cpp/autoware_v2x_msgs/msg/detail/dds_fastrtps/virtual_gate_area_command__type_support.cpp.o[0m
[ 49%] [32mBuilding CXX object CMakeFiles/autoware_v2x_msgs__rosidl_typesupport_fastrtps_cpp.dir/rosidl_typesupport_fastrtps_cpp/autoware_v2x_msgs/msg/detail/dds_fastrtps/virtual_gate_area_status__type_support.cpp.o[0m
[ 50%] [32mBuilding CXX object CMakeFiles/autoware_v2x_msgs__rosidl_typesupport_fastrtps_cpp.dir/rosidl_typesupport_fastrtps_cpp/autoware_v2x_msgs/msg/detail/dds_fastrtps/virtual_gate_command__type_support.cpp.o[0m
[ 52%] [32mBuilding CXX object CMakeFiles/autoware_v2x_msgs__rosidl_typesupport_fastrtps_cpp.dir/rosidl_typesupport_fastrtps_cpp/autoware_v2x_msgs/msg/detail/dds_fastrtps/virtual_gate_status__type_support.cpp.o[0m
[ 54%] [32mBuilding CXX object CMakeFiles/autoware_v2x_msgs__rosidl_typesupport_fastrtps_c.dir/rosidl_typesupport_fastrtps_c/autoware_v2x_msgs/msg/detail/virtual_gate_area_command__type_support_c.cpp.o[0m
[ 56%] [32mBuilding CXX object CMakeFiles/autoware_v2x_msgs__rosidl_typesupport_fastrtps_c.dir/rosidl_typesupport_fastrtps_c/autoware_v2x_msgs/msg/detail/virtual_gate_area_status__type_support_c.cpp.o[0m
[ 58%] [32mBuilding CXX object CMakeFiles/autoware_v2x_msgs__rosidl_typesupport_fastrtps_c.dir/rosidl_typesupport_fastrtps_c/autoware_v2x_msgs/msg/detail/virtual_gate_command__type_support_c.cpp.o[0m
[ 60%] [32mBuilding CXX object CMakeFiles/autoware_v2x_msgs__rosidl_typesupport_fastrtps_c.dir/rosidl_typesupport_fastrtps_c/autoware_v2x_msgs/msg/detail/virtual_gate_status__type_support_c.cpp.o[0m
[ 61%] [32m[1mLinking C shared library libautoware_v2x_msgs__rosidl_typesupport_introspection_c.so[0m
[ 63%] [32m[1mLinking CXX shared library libautoware_v2x_msgs__rosidl_typesupport_cpp.so[0m
[ 65%] [32mBuilding CXX object CMakeFiles/autoware_v2x_msgs__rosidl_typesupport_c.dir/rosidl_typesupport_c/autoware_v2x_msgs/msg/virtual_gate_area_command__type_support.cpp.o[0m
[ 67%] [32mBuilding CXX object CMakeFiles/autoware_v2x_msgs__rosidl_typesupport_c.dir/rosidl_typesupport_c/autoware_v2x_msgs/msg/virtual_gate_area_status__type_support.cpp.o[0m
[ 69%] [32mBuilding CXX object CMakeFiles/autoware_v2x_msgs__rosidl_typesupport_c.dir/rosidl_typesupport_c/autoware_v2x_msgs/msg/virtual_gate_command__type_support.cpp.o[0m
[ 70%] [32mBuilding CXX object CMakeFiles/autoware_v2x_msgs__rosidl_typesupport_c.dir/rosidl_typesupport_c/autoware_v2x_msgs/msg/virtual_gate_status__type_support.cpp.o[0m
[ 70%] Built target autoware_v2x_msgs__rosidl_typesupport_introspection_c
[ 70%] Built target autoware_v2x_msgs__rosidl_typesupport_cpp
[ 72%] [32m[1mLinking CXX shared library libautoware_v2x_msgs__rosidl_typesupport_c.so[0m
[ 72%] Built target autoware_v2x_msgs__rosidl_typesupport_c
[ 74%] [32m[1mLinking CXX shared library libautoware_v2x_msgs__rosidl_typesupport_fastrtps_c.so[0m
[ 76%] [32m[1mLinking CXX shared library libautoware_v2x_msgs__rosidl_typesupport_introspection_cpp.so[0m
[ 76%] Built target autoware_v2x_msgs__rosidl_typesupport_fastrtps_c
[ 78%] [32m[1mLinking CXX shared library libautoware_v2x_msgs__rosidl_typesupport_fastrtps_cpp.so[0m
[ 78%] Built target autoware_v2x_msgs__rosidl_typesupport_introspection_cpp
[ 78%] Built target autoware_v2x_msgs__rosidl_typesupport_fastrtps_cpp
[ 78%] Built target autoware_v2x_msgs
[ 80%] [34m[1mGenerating Python code for ROS interfaces[0m
[ 80%] Built target autoware_v2x_msgs__py
[ 81%] [32mBuilding C object CMakeFiles/autoware_v2x_msgs__rosidl_generator_py.dir/rosidl_generator_py/autoware_v2x_msgs/msg/_virtual_gate_command_s.c.o[0m
[ 83%] [32mBuilding C object CMakeFiles/autoware_v2x_msgs__rosidl_generator_py.dir/rosidl_generator_py/autoware_v2x_msgs/msg/_virtual_gate_area_command_s.c.o[0m
[ 85%] [32mBuilding C object CMakeFiles/autoware_v2x_msgs__rosidl_generator_py.dir/rosidl_generator_py/autoware_v2x_msgs/msg/_virtual_gate_area_status_s.c.o[0m
[ 87%] [32mBuilding C object CMakeFiles/autoware_v2x_msgs__rosidl_generator_py.dir/rosidl_generator_py/autoware_v2x_msgs/msg/_virtual_gate_status_s.c.o[0m
[ 89%] [32m[1mLinking C shared library rosidl_generator_py/autoware_v2x_msgs/libautoware_v2x_msgs__rosidl_generator_py.so[0m
[ 89%] Built target autoware_v2x_msgs__rosidl_generator_py
[ 90%] [32mBuilding C object CMakeFiles/autoware_v2x_msgs__rosidl_typesupport_fastrtps_c__pyext.dir/rosidl_generator_py/autoware_v2x_msgs/_autoware_v2x_msgs_s.ep.rosidl_typesupport_fastrtps_c.c.o[0m
[ 92%] [32mBuilding C object CMakeFiles/autoware_v2x_msgs__rosidl_typesupport_introspection_c__pyext.dir/rosidl_generator_py/autoware_v2x_msgs/_autoware_v2x_msgs_s.ep.rosidl_typesupport_introspection_c.c.o[0m
[ 94%] [32mBuilding C object CMakeFiles/autoware_v2x_msgs__rosidl_typesupport_c__pyext.dir/rosidl_generator_py/autoware_v2x_msgs/_autoware_v2x_msgs_s.ep.rosidl_typesupport_c.c.o[0m
[ 96%] [32m[1mLinking C shared library rosidl_generator_py/autoware_v2x_msgs/autoware_v2x_msgs_s__rosidl_typesupport_c.cpython-310-x86_64-linux-gnu.so[0m
[ 98%] [32m[1mLinking C shared library rosidl_generator_py/autoware_v2x_msgs/autoware_v2x_msgs_s__rosidl_typesupport_introspection_c.cpython-310-x86_64-linux-gnu.so[0m
[100%] [32m[1mLinking C shared library rosidl_generator_py/autoware_v2x_msgs/autoware_v2x_msgs_s__rosidl_typesupport_fastrtps_c.cpython-310-x86_64-linux-gnu.so[0m
[100%] Built target autoware_v2x_msgs__rosidl_typesupport_introspection_c__pyext
[100%] Built target autoware_v2x_msgs__rosidl_typesupport_c__pyext
[100%] Built target autoware_v2x_msgs__rosidl_typesupport_fastrtps_c__pyext
-- Install configuration: ""
-- Installing: /home/jmj/dream_ws/install/autoware_v2x_msgs/share/ament_index/resource_index/rosidl_interfaces/autoware_v2x_msgs
-- Installing: /home/jmj/dream_ws/install/autoware_v2x_msgs/include/autoware_v2x_msgs/autoware_v2x_msgs
-- Installing: /home/jmj/dream_ws/install/autoware_v2x_msgs/include/autoware_v2x_msgs/autoware_v2x_msgs/msg
-- Installing: /home/jmj/dream_ws/install/autoware_v2x_msgs/include/autoware_v2x_msgs/autoware_v2x_msgs/msg/rosidl_generator_c__visibility_control.h
-- Installing: /home/jmj/dream_ws/install/autoware_v2x_msgs/include/autoware_v2x_msgs/autoware_v2x_msgs/msg/detail
-- Installing: /home/jmj/dream_ws/install/autoware_v2x_msgs/include/autoware_v2x_msgs/autoware_v2x_msgs/msg/detail/virtual_gate_area_command__functions.c
-- Installing: /home/jmj/dream_ws/install/autoware_v2x_msgs/include/autoware_v2x_msgs/autoware_v2x_msgs/msg/detail/virtual_gate_command__functions.h
-- Installing: /home/jmj/dream_ws/install/autoware_v2x_msgs/include/autoware_v2x_msgs/autoware_v2x_msgs/msg/detail/virtual_gate_area_status__struct.h
-- Installing: /home/jmj/dream_ws/install/autoware_v2x_msgs/include/autoware_v2x_msgs/autoware_v2x_msgs/msg/detail/virtual_gate_command__type_support.h
-- Installing: /home/jmj/dream_ws/install/autoware_v2x_msgs/include/autoware_v2x_msgs/autoware_v2x_msgs/msg/detail/virtual_gate_area_status__type_support.h
-- Installing: /home/jmj/dream_ws/install/autoware_v2x_msgs/include/autoware_v2x_msgs/autoware_v2x_msgs/msg/detail/virtual_gate_status__functions.c
-- Installing: /home/jmj/dream_ws/install/autoware_v2x_msgs/include/autoware_v2x_msgs/autoware_v2x_msgs/msg/detail/virtual_gate_area_command__functions.h
-- Installing: /home/jmj/dream_ws/install/autoware_v2x_msgs/include/autoware_v2x_msgs/autoware_v2x_msgs/msg/detail/virtual_gate_area_status__functions.h
-- Installing: /home/jmj/dream_ws/install/autoware_v2x_msgs/include/autoware_v2x_msgs/autoware_v2x_msgs/msg/detail/virtual_gate_command__struct.h
-- Installing: /home/jmj/dream_ws/install/autoware_v2x_msgs/include/autoware_v2x_msgs/autoware_v2x_msgs/msg/detail/virtual_gate_area_command__struct.h
-- Installing: /home/jmj/dream_ws/install/autoware_v2x_msgs/include/autoware_v2x_msgs/autoware_v2x_msgs/msg/detail/virtual_gate_area_status__functions.c
-- Installing: /home/jmj/dream_ws/install/autoware_v2x_msgs/include/autoware_v2x_msgs/autoware_v2x_msgs/msg/detail/virtual_gate_status__functions.h
-- Installing: /home/jmj/dream_ws/install/autoware_v2x_msgs/include/autoware_v2x_msgs/autoware_v2x_msgs/msg/detail/virtual_gate_status__struct.h
-- Installing: /home/jmj/dream_ws/install/autoware_v2x_msgs/include/autoware_v2x_msgs/autoware_v2x_msgs/msg/detail/virtual_gate_area_command__type_support.h
-- Installing: /home/jmj/dream_ws/install/autoware_v2x_msgs/include/autoware_v2x_msgs/autoware_v2x_msgs/msg/detail/virtual_gate_command__functions.c
-- Installing: /home/jmj/dream_ws/install/autoware_v2x_msgs/include/autoware_v2x_msgs/autoware_v2x_msgs/msg/detail/virtual_gate_status__type_support.h
-- Installing: /home/jmj/dream_ws/install/autoware_v2x_msgs/include/autoware_v2x_msgs/autoware_v2x_msgs/msg/virtual_gate_command.h
-- Installing: /home/jmj/dream_ws/install/autoware_v2x_msgs/include/autoware_v2x_msgs/autoware_v2x_msgs/msg/virtual_gate_status.h
-- Installing: /home/jmj/dream_ws/install/autoware_v2x_msgs/include/autoware_v2x_msgs/autoware_v2x_msgs/msg/virtual_gate_area_command.h
-- Installing: /home/jmj/dream_ws/install/autoware_v2x_msgs/include/autoware_v2x_msgs/autoware_v2x_msgs/msg/virtual_gate_area_status.h
-- Installing: /home/jmj/dream_ws/install/autoware_v2x_msgs/share/autoware_v2x_msgs/environment/library_path.sh
-- Installing: /home/jmj/dream_ws/install/autoware_v2x_msgs/share/autoware_v2x_msgs/environment/library_path.dsv
-- Installing: /home/jmj/dream_ws/install/autoware_v2x_msgs/lib/libautoware_v2x_msgs__rosidl_generator_c.so
-- Set runtime path of "/home/jmj/dream_ws/install/autoware_v2x_msgs/lib/libautoware_v2x_msgs__rosidl_generator_c.so" to ""
-- Up-to-date: /home/jmj/dream_ws/install/autoware_v2x_msgs/include/autoware_v2x_msgs/autoware_v2x_msgs
-- Up-to-date: /home/jmj/dream_ws/install/autoware_v2x_msgs/include/autoware_v2x_msgs/autoware_v2x_msgs/msg
-- Up-to-date: /home/jmj/dream_ws/install/autoware_v2x_msgs/include/autoware_v2x_msgs/autoware_v2x_msgs/msg/detail
-- Installing: /home/jmj/dream_ws/install/autoware_v2x_msgs/include/autoware_v2x_msgs/autoware_v2x_msgs/msg/detail/virtual_gate_status__rosidl_typesupport_fastrtps_c.h
-- Installing: /home/jmj/dream_ws/install/autoware_v2x_msgs/include/autoware_v2x_msgs/autoware_v2x_msgs/msg/detail/virtual_gate_area_status__rosidl_typesupport_fastrtps_c.h
-- Installing: /home/jmj/dream_ws/install/autoware_v2x_msgs/include/autoware_v2x_msgs/autoware_v2x_msgs/msg/detail/virtual_gate_command__rosidl_typesupport_fastrtps_c.h
-- Installing: /home/jmj/dream_ws/install/autoware_v2x_msgs/include/autoware_v2x_msgs/autoware_v2x_msgs/msg/detail/virtual_gate_area_command__rosidl_typesupport_fastrtps_c.h
-- Installing: /home/jmj/dream_ws/install/autoware_v2x_msgs/include/autoware_v2x_msgs/autoware_v2x_msgs/msg/rosidl_typesupport_fastrtps_c__visibility_control.h
-- Installing: /home/jmj/dream_ws/install/autoware_v2x_msgs/lib/libautoware_v2x_msgs__rosidl_typesupport_fastrtps_c.so
-- Set runtime path of "/home/jmj/dream_ws/install/autoware_v2x_msgs/lib/libautoware_v2x_msgs__rosidl_typesupport_fastrtps_c.so" to ""
-- Up-to-date: /home/jmj/dream_ws/install/autoware_v2x_msgs/include/autoware_v2x_msgs/autoware_v2x_msgs
-- Up-to-date: /home/jmj/dream_ws/install/autoware_v2x_msgs/include/autoware_v2x_msgs/autoware_v2x_msgs/msg
-- Up-to-date: /home/jmj/dream_ws/install/autoware_v2x_msgs/include/autoware_v2x_msgs/autoware_v2x_msgs/msg/detail
-- Installing: /home/jmj/dream_ws/install/autoware_v2x_msgs/include/autoware_v2x_msgs/autoware_v2x_msgs/msg/detail/virtual_gate_area_status__rosidl_typesupport_introspection_c.h
-- Installing: /home/jmj/dream_ws/install/autoware_v2x_msgs/include/autoware_v2x_msgs/autoware_v2x_msgs/msg/detail/virtual_gate_status__rosidl_typesupport_introspection_c.h
-- Installing: /home/jmj/dream_ws/install/autoware_v2x_msgs/include/autoware_v2x_msgs/autoware_v2x_msgs/msg/detail/virtual_gate_area_command__type_support.c
-- Installing: /home/jmj/dream_ws/install/autoware_v2x_msgs/include/autoware_v2x_msgs/autoware_v2x_msgs/msg/detail/virtual_gate_command__rosidl_typesupport_introspection_c.h
-- Installing: /home/jmj/dream_ws/install/autoware_v2x_msgs/include/autoware_v2x_msgs/autoware_v2x_msgs/msg/detail/virtual_gate_area_status__type_support.c
-- Installing: /home/jmj/dream_ws/install/autoware_v2x_msgs/include/autoware_v2x_msgs/autoware_v2x_msgs/msg/detail/virtual_gate_status__type_support.c
-- Installing: /home/jmj/dream_ws/install/autoware_v2x_msgs/include/autoware_v2x_msgs/autoware_v2x_msgs/msg/detail/virtual_gate_command__type_support.c
-- Installing: /home/jmj/dream_ws/install/autoware_v2x_msgs/include/autoware_v2x_msgs/autoware_v2x_msgs/msg/detail/virtual_gate_area_command__rosidl_typesupport_introspection_c.h
-- Installing: /home/jmj/dream_ws/install/autoware_v2x_msgs/include/autoware_v2x_msgs/autoware_v2x_msgs/msg/rosidl_typesupport_introspection_c__visibility_control.h
-- Installing: /home/jmj/dream_ws/install/autoware_v2x_msgs/lib/libautoware_v2x_msgs__rosidl_typesupport_introspection_c.so
-- Set runtime path of "/home/jmj/dream_ws/install/autoware_v2x_msgs/lib/libautoware_v2x_msgs__rosidl_typesupport_introspection_c.so" to ""
-- Installing: /home/jmj/dream_ws/install/autoware_v2x_msgs/lib/libautoware_v2x_msgs__rosidl_typesupport_c.so
-- Set runtime path of "/home/jmj/dream_ws/install/autoware_v2x_msgs/lib/libautoware_v2x_msgs__rosidl_typesupport_c.so" to ""
-- Up-to-date: /home/jmj/dream_ws/install/autoware_v2x_msgs/include/autoware_v2x_msgs/autoware_v2x_msgs
-- Up-to-date: /home/jmj/dream_ws/install/autoware_v2x_msgs/include/autoware_v2x_msgs/autoware_v2x_msgs/msg
-- Installing: /home/jmj/dream_ws/install/autoware_v2x_msgs/include/autoware_v2x_msgs/autoware_v2x_msgs/msg/virtual_gate_area_status.hpp
-- Installing: /home/jmj/dream_ws/install/autoware_v2x_msgs/include/autoware_v2x_msgs/autoware_v2x_msgs/msg/virtual_gate_command.hpp
-- Up-to-date: /home/jmj/dream_ws/install/autoware_v2x_msgs/include/autoware_v2x_msgs/autoware_v2x_msgs/msg/detail
-- Installing: /home/jmj/dream_ws/install/autoware_v2x_msgs/include/autoware_v2x_msgs/autoware_v2x_msgs/msg/detail/virtual_gate_area_command__type_support.hpp
-- Installing: /home/jmj/dream_ws/install/autoware_v2x_msgs/include/autoware_v2x_msgs/autoware_v2x_msgs/msg/detail/virtual_gate_command__type_support.hpp
-- Installing: /home/jmj/dream_ws/install/autoware_v2x_msgs/include/autoware_v2x_msgs/autoware_v2x_msgs/msg/detail/virtual_gate_area_status__type_support.hpp
-- Installing: /home/jmj/dream_ws/install/autoware_v2x_msgs/include/autoware_v2x_msgs/autoware_v2x_msgs/msg/detail/virtual_gate_command__traits.hpp
-- Installing: /home/jmj/dream_ws/install/autoware_v2x_msgs/include/autoware_v2x_msgs/autoware_v2x_msgs/msg/detail/virtual_gate_area_status__traits.hpp
-- Installing: /home/jmj/dream_ws/install/autoware_v2x_msgs/include/autoware_v2x_msgs/autoware_v2x_msgs/msg/detail/virtual_gate_area_status__builder.hpp
-- Installing: /home/jmj/dream_ws/install/autoware_v2x_msgs/include/autoware_v2x_msgs/autoware_v2x_msgs/msg/detail/virtual_gate_status__traits.hpp
-- Installing: /home/jmj/dream_ws/install/autoware_v2x_msgs/include/autoware_v2x_msgs/autoware_v2x_msgs/msg/detail/virtual_gate_area_command__struct.hpp
-- Installing: /home/jmj/dream_ws/install/autoware_v2x_msgs/include/autoware_v2x_msgs/autoware_v2x_msgs/msg/detail/virtual_gate_status__builder.hpp
-- Installing: /home/jmj/dream_ws/install/autoware_v2x_msgs/include/autoware_v2x_msgs/autoware_v2x_msgs/msg/detail/virtual_gate_area_command__builder.hpp
-- Installing: /home/jmj/dream_ws/install/autoware_v2x_msgs/include/autoware_v2x_msgs/autoware_v2x_msgs/msg/detail/virtual_gate_command__struct.hpp
-- Installing: /home/jmj/dream_ws/install/autoware_v2x_msgs/include/autoware_v2x_msgs/autoware_v2x_msgs/msg/detail/virtual_gate_area_status__struct.hpp
-- Installing: /home/jmj/dream_ws/install/autoware_v2x_msgs/include/autoware_v2x_msgs/autoware_v2x_msgs/msg/detail/virtual_gate_status__type_support.hpp
-- Installing: /home/jmj/dream_ws/install/autoware_v2x_msgs/include/autoware_v2x_msgs/autoware_v2x_msgs/msg/detail/virtual_gate_command__builder.hpp
-- Installing: /home/jmj/dream_ws/install/autoware_v2x_msgs/include/autoware_v2x_msgs/autoware_v2x_msgs/msg/detail/virtual_gate_status__struct.hpp
-- Installing: /home/jmj/dream_ws/install/autoware_v2x_msgs/include/autoware_v2x_msgs/autoware_v2x_msgs/msg/detail/virtual_gate_area_command__traits.hpp
-- Installing: /home/jmj/dream_ws/install/autoware_v2x_msgs/include/autoware_v2x_msgs/autoware_v2x_msgs/msg/virtual_gate_status.hpp
-- Installing: /home/jmj/dream_ws/install/autoware_v2x_msgs/include/autoware_v2x_msgs/autoware_v2x_msgs/msg/virtual_gate_area_command.hpp
-- Installing: /home/jmj/dream_ws/install/autoware_v2x_msgs/include/autoware_v2x_msgs/autoware_v2x_msgs/msg/rosidl_generator_cpp__visibility_control.hpp
-- Up-to-date: /home/jmj/dream_ws/install/autoware_v2x_msgs/include/autoware_v2x_msgs/autoware_v2x_msgs
-- Up-to-date: /home/jmj/dream_ws/install/autoware_v2x_msgs/include/autoware_v2x_msgs/autoware_v2x_msgs/msg
-- Up-to-date: /home/jmj/dream_ws/install/autoware_v2x_msgs/include/autoware_v2x_msgs/autoware_v2x_msgs/msg/detail
-- Installing: /home/jmj/dream_ws/install/autoware_v2x_msgs/include/autoware_v2x_msgs/autoware_v2x_msgs/msg/detail/virtual_gate_command__rosidl_typesupport_fastrtps_cpp.hpp
-- Installing: /home/jmj/dream_ws/install/autoware_v2x_msgs/include/autoware_v2x_msgs/autoware_v2x_msgs/msg/detail/dds_fastrtps
-- Installing: /home/jmj/dream_ws/install/autoware_v2x_msgs/include/autoware_v2x_msgs/autoware_v2x_msgs/msg/detail/virtual_gate_area_command__rosidl_typesupport_fastrtps_cpp.hpp
-- Installing: /home/jmj/dream_ws/install/autoware_v2x_msgs/include/autoware_v2x_msgs/autoware_v2x_msgs/msg/detail/virtual_gate_status__rosidl_typesupport_fastrtps_cpp.hpp
-- Installing: /home/jmj/dream_ws/install/autoware_v2x_msgs/include/autoware_v2x_msgs/autoware_v2x_msgs/msg/detail/virtual_gate_area_status__rosidl_typesupport_fastrtps_cpp.hpp
-- Installing: /home/jmj/dream_ws/install/autoware_v2x_msgs/include/autoware_v2x_msgs/autoware_v2x_msgs/msg/rosidl_typesupport_fastrtps_cpp__visibility_control.h
-- Installing: /home/jmj/dream_ws/install/autoware_v2x_msgs/lib/libautoware_v2x_msgs__rosidl_typesupport_fastrtps_cpp.so
-- Set runtime path of "/home/jmj/dream_ws/install/autoware_v2x_msgs/lib/libautoware_v2x_msgs__rosidl_typesupport_fastrtps_cpp.so" to ""
-- Up-to-date: /home/jmj/dream_ws/install/autoware_v2x_msgs/include/autoware_v2x_msgs/autoware_v2x_msgs
-- Up-to-date: /home/jmj/dream_ws/install/autoware_v2x_msgs/include/autoware_v2x_msgs/autoware_v2x_msgs/msg
-- Up-to-date: /home/jmj/dream_ws/install/autoware_v2x_msgs/include/autoware_v2x_msgs/autoware_v2x_msgs/msg/detail
-- Installing: /home/jmj/dream_ws/install/autoware_v2x_msgs/include/autoware_v2x_msgs/autoware_v2x_msgs/msg/detail/virtual_gate_area_status__rosidl_typesupport_introspection_cpp.hpp
-- Installing: /home/jmj/dream_ws/install/autoware_v2x_msgs/include/autoware_v2x_msgs/autoware_v2x_msgs/msg/detail/virtual_gate_command__type_support.cpp
-- Installing: /home/jmj/dream_ws/install/autoware_v2x_msgs/include/autoware_v2x_msgs/autoware_v2x_msgs/msg/detail/virtual_gate_status__type_support.cpp
-- Installing: /home/jmj/dream_ws/install/autoware_v2x_msgs/include/autoware_v2x_msgs/autoware_v2x_msgs/msg/detail/virtual_gate_area_status__type_support.cpp
-- Installing: /home/jmj/dream_ws/install/autoware_v2x_msgs/include/autoware_v2x_msgs/autoware_v2x_msgs/msg/detail/virtual_gate_area_command__rosidl_typesupport_introspection_cpp.hpp
-- Installing: /home/jmj/dream_ws/install/autoware_v2x_msgs/include/autoware_v2x_msgs/autoware_v2x_msgs/msg/detail/virtual_gate_command__rosidl_typesupport_introspection_cpp.hpp
-- Installing: /home/jmj/dream_ws/install/autoware_v2x_msgs/include/autoware_v2x_msgs/autoware_v2x_msgs/msg/detail/virtual_gate_status__rosidl_typesupport_introspection_cpp.hpp
-- Installing: /home/jmj/dream_ws/install/autoware_v2x_msgs/include/autoware_v2x_msgs/autoware_v2x_msgs/msg/detail/virtual_gate_area_command__type_support.cpp
-- Installing: /home/jmj/dream_ws/install/autoware_v2x_msgs/lib/libautoware_v2x_msgs__rosidl_typesupport_introspection_cpp.so
-- Set runtime path of "/home/jmj/dream_ws/install/autoware_v2x_msgs/lib/libautoware_v2x_msgs__rosidl_typesupport_introspection_cpp.so" to ""
-- Installing: /home/jmj/dream_ws/install/autoware_v2x_msgs/lib/libautoware_v2x_msgs__rosidl_typesupport_cpp.so
-- Set runtime path of "/home/jmj/dream_ws/install/autoware_v2x_msgs/lib/libautoware_v2x_msgs__rosidl_typesupport_cpp.so" to ""
-- Installing: /home/jmj/dream_ws/install/autoware_v2x_msgs/share/autoware_v2x_msgs/environment/pythonpath.sh
-- Installing: /home/jmj/dream_ws/install/autoware_v2x_msgs/share/autoware_v2x_msgs/environment/pythonpath.dsv
-- Installing: /home/jmj/dream_ws/install/autoware_v2x_msgs/local/lib/python3.10/dist-packages/autoware_v2x_msgs-1.8.0-py3.10.egg-info
-- Installing: /home/jmj/dream_ws/install/autoware_v2x_msgs/local/lib/python3.10/dist-packages/autoware_v2x_msgs-1.8.0-py3.10.egg-info/dependency_links.txt
-- Installing: /home/jmj/dream_ws/install/autoware_v2x_msgs/local/lib/python3.10/dist-packages/autoware_v2x_msgs-1.8.0-py3.10.egg-info/top_level.txt
-- Installing: /home/jmj/dream_ws/install/autoware_v2x_msgs/local/lib/python3.10/dist-packages/autoware_v2x_msgs-1.8.0-py3.10.egg-info/PKG-INFO
-- Installing: /home/jmj/dream_ws/install/autoware_v2x_msgs/local/lib/python3.10/dist-packages/autoware_v2x_msgs-1.8.0-py3.10.egg-info/SOURCES.txt
-- Installing: /home/jmj/dream_ws/install/autoware_v2x_msgs/local/lib/python3.10/dist-packages/autoware_v2x_msgs
-- Installing: /home/jmj/dream_ws/install/autoware_v2x_msgs/local/lib/python3.10/dist-packages/autoware_v2x_msgs/autoware_v2x_msgs_s__rosidl_typesupport_c.cpython-310-x86_64-linux-gnu.so
-- Installing: /home/jmj/dream_ws/install/autoware_v2x_msgs/local/lib/python3.10/dist-packages/autoware_v2x_msgs/_autoware_v2x_msgs_s.ep.rosidl_typesupport_introspection_c.c
-- Installing: /home/jmj/dream_ws/install/autoware_v2x_msgs/local/lib/python3.10/dist-packages/autoware_v2x_msgs/__init__.py
-- Installing: /home/jmj/dream_ws/install/autoware_v2x_msgs/local/lib/python3.10/dist-packages/autoware_v2x_msgs/_autoware_v2x_msgs_s.ep.rosidl_typesupport_c.c
-- Installing: /home/jmj/dream_ws/install/autoware_v2x_msgs/local/lib/python3.10/dist-packages/autoware_v2x_msgs/_autoware_v2x_msgs_s.ep.rosidl_typesupport_fastrtps_c.c
-- Installing: /home/jmj/dream_ws/install/autoware_v2x_msgs/local/lib/python3.10/dist-packages/autoware_v2x_msgs/autoware_v2x_msgs_s__rosidl_typesupport_introspection_c.cpython-310-x86_64-linux-gnu.so
-- Installing: /home/jmj/dream_ws/install/autoware_v2x_msgs/local/lib/python3.10/dist-packages/autoware_v2x_msgs/autoware_v2x_msgs_s__rosidl_typesupport_fastrtps_c.cpython-310-x86_64-linux-gnu.so
-- Installing: /home/jmj/dream_ws/install/autoware_v2x_msgs/local/lib/python3.10/dist-packages/autoware_v2x_msgs/libautoware_v2x_msgs__rosidl_generator_py.so
-- Installing: /home/jmj/dream_ws/install/autoware_v2x_msgs/local/lib/python3.10/dist-packages/autoware_v2x_msgs/msg
-- Installing: /home/jmj/dream_ws/install/autoware_v2x_msgs/local/lib/python3.10/dist-packages/autoware_v2x_msgs/msg/_virtual_gate_area_command.py
-- Installing: /home/jmj/dream_ws/install/autoware_v2x_msgs/local/lib/python3.10/dist-packages/autoware_v2x_msgs/msg/_virtual_gate_status.py
-- Installing: /home/jmj/dream_ws/install/autoware_v2x_msgs/local/lib/python3.10/dist-packages/autoware_v2x_msgs/msg/_virtual_gate_area_status.py
-- Installing: /home/jmj/dream_ws/install/autoware_v2x_msgs/local/lib/python3.10/dist-packages/autoware_v2x_msgs/msg/__init__.py
-- Installing: /home/jmj/dream_ws/install/autoware_v2x_msgs/local/lib/python3.10/dist-packages/autoware_v2x_msgs/msg/_virtual_gate_status_s.c
-- Installing: /home/jmj/dream_ws/install/autoware_v2x_msgs/local/lib/python3.10/dist-packages/autoware_v2x_msgs/msg/_virtual_gate_command.py
-- Installing: /home/jmj/dream_ws/install/autoware_v2x_msgs/local/lib/python3.10/dist-packages/autoware_v2x_msgs/msg/_virtual_gate_area_status_s.c
-- Installing: /home/jmj/dream_ws/install/autoware_v2x_msgs/local/lib/python3.10/dist-packages/autoware_v2x_msgs/msg/_virtual_gate_command_s.c
-- Installing: /home/jmj/dream_ws/install/autoware_v2x_msgs/local/lib/python3.10/dist-packages/autoware_v2x_msgs/msg/_virtual_gate_area_command_s.c
Listing '/home/jmj/dream_ws/install/autoware_v2x_msgs/local/lib/python3.10/dist-packages/autoware_v2x_msgs'...
Compiling '/home/jmj/dream_ws/install/autoware_v2x_msgs/local/lib/python3.10/dist-packages/autoware_v2x_msgs/__init__.py'...
Listing '/home/jmj/dream_ws/install/autoware_v2x_msgs/local/lib/python3.10/dist-packages/autoware_v2x_msgs/msg'...
Compiling '/home/jmj/dream_ws/install/autoware_v2x_msgs/local/lib/python3.10/dist-packages/autoware_v2x_msgs/msg/__init__.py'...
Compiling '/home/jmj/dream_ws/install/autoware_v2x_msgs/local/lib/python3.10/dist-packages/autoware_v2x_msgs/msg/_virtual_gate_area_command.py'...
Compiling '/home/jmj/dream_ws/install/autoware_v2x_msgs/local/lib/python3.10/dist-packages/autoware_v2x_msgs/msg/_virtual_gate_area_status.py'...
Compiling '/home/jmj/dream_ws/install/autoware_v2x_msgs/local/lib/python3.10/dist-packages/autoware_v2x_msgs/msg/_virtual_gate_command.py'...
Compiling '/home/jmj/dream_ws/install/autoware_v2x_msgs/local/lib/python3.10/dist-packages/autoware_v2x_msgs/msg/_virtual_gate_status.py'...
-- Installing: /home/jmj/dream_ws/install/autoware_v2x_msgs/local/lib/python3.10/dist-packages/autoware_v2x_msgs/autoware_v2x_msgs_s__rosidl_typesupport_fastrtps_c.cpython-310-x86_64-linux-gnu.so
-- Set runtime path of "/home/jmj/dream_ws/install/autoware_v2x_msgs/local/lib/python3.10/dist-packages/autoware_v2x_msgs/autoware_v2x_msgs_s__rosidl_typesupport_fastrtps_c.cpython-310-x86_64-linux-gnu.so" to ""
-- Installing: /home/jmj/dream_ws/install/autoware_v2x_msgs/local/lib/python3.10/dist-packages/autoware_v2x_msgs/autoware_v2x_msgs_s__rosidl_typesupport_introspection_c.cpython-310-x86_64-linux-gnu.so
-- Set runtime path of "/home/jmj/dream_ws/install/autoware_v2x_msgs/local/lib/python3.10/dist-packages/autoware_v2x_msgs/autoware_v2x_msgs_s__rosidl_typesupport_introspection_c.cpython-310-x86_64-linux-gnu.so" to ""
-- Installing: /home/jmj/dream_ws/install/autoware_v2x_msgs/local/lib/python3.10/dist-packages/autoware_v2x_msgs/autoware_v2x_msgs_s__rosidl_typesupport_c.cpython-310-x86_64-linux-gnu.so
-- Set runtime path of "/home/jmj/dream_ws/install/autoware_v2x_msgs/local/lib/python3.10/dist-packages/autoware_v2x_msgs/autoware_v2x_msgs_s__rosidl_typesupport_c.cpython-310-x86_64-linux-gnu.so" to ""
-- Installing: /home/jmj/dream_ws/install/autoware_v2x_msgs/lib/libautoware_v2x_msgs__rosidl_generator_py.so
-- Set runtime path of "/home/jmj/dream_ws/install/autoware_v2x_msgs/lib/libautoware_v2x_msgs__rosidl_generator_py.so" to ""
-- Installing: /home/jmj/dream_ws/install/autoware_v2x_msgs/share/autoware_v2x_msgs/msg/VirtualGateAreaCommand.idl
-- Installing: /home/jmj/dream_ws/install/autoware_v2x_msgs/share/autoware_v2x_msgs/msg/VirtualGateAreaStatus.idl
-- Installing: /home/jmj/dream_ws/install/autoware_v2x_msgs/share/autoware_v2x_msgs/msg/VirtualGateCommand.idl
-- Installing: /home/jmj/dream_ws/install/autoware_v2x_msgs/share/autoware_v2x_msgs/msg/VirtualGateStatus.idl
-- Installing: /home/jmj/dream_ws/install/autoware_v2x_msgs/share/autoware_v2x_msgs/msg/VirtualGateAreaCommand.msg
-- Installing: /home/jmj/dream_ws/install/autoware_v2x_msgs/share/autoware_v2x_msgs/msg/VirtualGateAreaStatus.msg
-- Installing: /home/jmj/dream_ws/install/autoware_v2x_msgs/share/autoware_v2x_msgs/msg/VirtualGateCommand.msg
-- Installing: /home/jmj/dream_ws/install/autoware_v2x_msgs/share/autoware_v2x_msgs/msg/VirtualGateStatus.msg
-- Installing: /home/jmj/dream_ws/install/autoware_v2x_msgs/share/ament_index/resource_index/package_run_dependencies/autoware_v2x_msgs
-- Installing: /home/jmj/dream_ws/install/autoware_v2x_msgs/share/ament_index/resource_index/parent_prefix_path/autoware_v2x_msgs
-- Installing: /home/jmj/dream_ws/install/autoware_v2x_msgs/share/autoware_v2x_msgs/environment/ament_prefix_path.sh
-- Installing: /home/jmj/dream_ws/install/autoware_v2x_msgs/share/autoware_v2x_msgs/environment/ament_prefix_path.dsv
-- Installing: /home/jmj/dream_ws/install/autoware_v2x_msgs/share/autoware_v2x_msgs/environment/path.sh
-- Installing: /home/jmj/dream_ws/install/autoware_v2x_msgs/share/autoware_v2x_msgs/environment/path.dsv
-- Installing: /home/jmj/dream_ws/install/autoware_v2x_msgs/share/autoware_v2x_msgs/local_setup.bash
-- Installing: /home/jmj/dream_ws/install/autoware_v2x_msgs/share/autoware_v2x_msgs/local_setup.sh
-- Installing: /home/jmj/dream_ws/install/autoware_v2x_msgs/share/autoware_v2x_msgs/local_setup.zsh
-- Installing: /home/jmj/dream_ws/install/autoware_v2x_msgs/share/autoware_v2x_msgs/local_setup.dsv
-- Installing: /home/jmj/dream_ws/install/autoware_v2x_msgs/share/autoware_v2x_msgs/package.dsv
-- Installing: /home/jmj/dream_ws/install/autoware_v2x_msgs/share/ament_index/resource_index/packages/autoware_v2x_msgs
-- Installing: /home/jmj/dream_ws/install/autoware_v2x_msgs/share/autoware_v2x_msgs/cmake/export_autoware_v2x_msgs__rosidl_generator_cExport.cmake
-- Installing: /home/jmj/dream_ws/install/autoware_v2x_msgs/share/autoware_v2x_msgs/cmake/export_autoware_v2x_msgs__rosidl_generator_cExport-noconfig.cmake
-- Installing: /home/jmj/dream_ws/install/autoware_v2x_msgs/share/autoware_v2x_msgs/cmake/export_autoware_v2x_msgs__rosidl_typesupport_fastrtps_cExport.cmake
-- Installing: /home/jmj/dream_ws/install/autoware_v2x_msgs/share/autoware_v2x_msgs/cmake/export_autoware_v2x_msgs__rosidl_typesupport_fastrtps_cExport-noconfig.cmake
-- Installing: /home/jmj/dream_ws/install/autoware_v2x_msgs/share/autoware_v2x_msgs/cmake/autoware_v2x_msgs__rosidl_typesupport_introspection_cExport.cmake
-- Installing: /home/jmj/dream_ws/install/autoware_v2x_msgs/share/autoware_v2x_msgs/cmake/autoware_v2x_msgs__rosidl_typesupport_introspection_cExport-noconfig.cmake
-- Installing: /home/jmj/dream_ws/install/autoware_v2x_msgs/share/autoware_v2x_msgs/cmake/autoware_v2x_msgs__rosidl_typesupport_cExport.cmake
-- Installing: /home/jmj/dream_ws/install/autoware_v2x_msgs/share/autoware_v2x_msgs/cmake/autoware_v2x_msgs__rosidl_typesupport_cExport-noconfig.cmake
-- Installing: /home/jmj/dream_ws/install/autoware_v2x_msgs/share/autoware_v2x_msgs/cmake/export_autoware_v2x_msgs__rosidl_generator_cppExport.cmake
-- Installing: /home/jmj/dream_ws/install/autoware_v2x_msgs/share/autoware_v2x_msgs/cmake/export_autoware_v2x_msgs__rosidl_typesupport_fastrtps_cppExport.cmake
-- Installing: /home/jmj/dream_ws/install/autoware_v2x_msgs/share/autoware_v2x_msgs/cmake/export_autoware_v2x_msgs__rosidl_typesupport_fastrtps_cppExport-noconfig.cmake
-- Installing: /home/jmj/dream_ws/install/autoware_v2x_msgs/share/autoware_v2x_msgs/cmake/autoware_v2x_msgs__rosidl_typesupport_introspection_cppExport.cmake
-- Installing: /home/jmj/dream_ws/install/autoware_v2x_msgs/share/autoware_v2x_msgs/cmake/autoware_v2x_msgs__rosidl_typesupport_introspection_cppExport-noconfig.cmake
-- Installing: /home/jmj/dream_ws/install/autoware_v2x_msgs/share/autoware_v2x_msgs/cmake/autoware_v2x_msgs__rosidl_typesupport_cppExport.cmake
-- Installing: /home/jmj/dream_ws/install/autoware_v2x_msgs/share/autoware_v2x_msgs/cmake/autoware_v2x_msgs__rosidl_typesupport_cppExport-noconfig.cmake
-- Installing: /home/jmj/dream_ws/install/autoware_v2x_msgs/share/autoware_v2x_msgs/cmake/export_autoware_v2x_msgs__rosidl_generator_pyExport.cmake
-- Installing: /home/jmj/dream_ws/install/autoware_v2x_msgs/share/autoware_v2x_msgs/cmake/export_autoware_v2x_msgs__rosidl_generator_pyExport-noconfig.cmake
-- Installing: /home/jmj/dream_ws/install/autoware_v2x_msgs/share/autoware_v2x_msgs/cmake/rosidl_cmake-extras.cmake
-- Installing: /home/jmj/dream_ws/install/autoware_v2x_msgs/share/autoware_v2x_msgs/cmake/ament_cmake_export_dependencies-extras.cmake
-- Installing: /home/jmj/dream_ws/install/autoware_v2x_msgs/share/autoware_v2x_msgs/cmake/ament_cmake_export_include_directories-extras.cmake
-- Installing: /home/jmj/dream_ws/install/autoware_v2x_msgs/share/autoware_v2x_msgs/cmake/ament_cmake_export_libraries-extras.cmake
-- Installing: /home/jmj/dream_ws/install/autoware_v2x_msgs/share/autoware_v2x_msgs/cmake/ament_cmake_export_targets-extras.cmake
-- Installing: /home/jmj/dream_ws/install/autoware_v2x_msgs/share/autoware_v2x_msgs/cmake/rosidl_cmake_export_typesupport_targets-extras.cmake
-- Installing: /home/jmj/dream_ws/install/autoware_v2x_msgs/share/autoware_v2x_msgs/cmake/rosidl_cmake_export_typesupport_libraries-extras.cmake
-- Installing: /home/jmj/dream_ws/install/autoware_v2x_msgs/share/autoware_v2x_msgs/cmake/autoware_v2x_msgsConfig.cmake
-- Installing: /home/jmj/dream_ws/install/autoware_v2x_msgs/share/autoware_v2x_msgs/cmake/autoware_v2x_msgsConfig-version.cmake
-- Installing: /home/jmj/dream_ws/install/autoware_v2x_msgs/share/autoware_v2x_msgs/package.xml
