[0.020s] Invoking command in '/home/jmj/dream_ws/build/autoware_v2x_msgs': CMAKE_PREFIX_PATH=${CMAKE_PREFIX_PATH}:/home/jmj/dream_ws/install/dream:/opt/ros/humble /usr/bin/cmake /home/jmj/dream_ws/autoware_msgs/autoware_v2x_msgs -DCMAKE_INSTALL_PREFIX=/home/jmj/dream_ws/install/autoware_v2x_msgs
[0.059s] -- The C compiler identification is GNU 11.4.0
[0.102s] -- The CXX compiler identification is GNU 11.4.0
[0.108s] -- Detecting C compiler ABI info
[0.144s] -- Detecting C compiler ABI info - done
[0.151s] -- Check for working C compiler: /usr/lib/ccache/gcc - skipped
[0.151s] -- Detecting C compile features
[0.151s] -- Detecting C compile features - done
[0.153s] -- Detecting CXX compiler ABI info
[0.193s] -- Detecting CXX compiler ABI info - done
[0.200s] -- Check for working CXX compiler: /usr/lib/ccache/g++ - skipped
[0.200s] -- Detecting CXX compile features
[0.200s] -- Detecting CXX compile features - done
[0.202s] -- Found ament_cmake_auto: 1.3.11 (/opt/ros/humble/share/ament_cmake_auto/cmake)
[0.305s] -- Found Python3: /usr/bin/python3 (found version "3.10.12") found components: Interpreter 
[0.430s] -- Using all available rosidl_typesupport_c: rosidl_typesupport_fastrtps_c;rosidl_typesupport_introspection_c
[0.436s] -- Found rosidl_adapter: 3.1.6 (/opt/ros/humble/share/rosidl_adapter/cmake)
[0.461s] -- Using all available rosidl_typesupport_cpp: rosidl_typesupport_fastrtps_cpp;rosidl_typesupport_introspection_cpp
[0.660s] -- Found ament_cmake_ros: 0.10.0 (/opt/ros/humble/share/ament_cmake_ros/cmake)
[0.816s] -- Using all available rosidl_typesupport_c: rosidl_typesupport_fastrtps_c;rosidl_typesupport_introspection_c
[1.042s] -- Using all available rosidl_typesupport_cpp: rosidl_typesupport_fastrtps_cpp;rosidl_typesupport_introspection_cpp
[1.058s] -- Found PythonInterp: /usr/bin/python3 (found suitable version "3.10.12", minimum required is "3.6") 
[1.059s] -- Found python_cmake_module: 0.10.0 (/opt/ros/humble/share/python_cmake_module/cmake)
[1.078s] -- Found PythonLibs: /usr/lib/x86_64-linux-gnu/libpython3.10.so (found suitable version "3.10.12", minimum required is "3.5") 
[1.079s] -- Using PYTHON_EXECUTABLE: /usr/bin/python3
[1.079s] -- Using PYTHON_INCLUDE_DIRS: /usr/include/python3.10
[1.079s] -- Using PYTHON_LIBRARIES: /usr/lib/x86_64-linux-gnu/libpython3.10.so
[1.093s] -- Found PythonExtra: .so  
[1.135s] -- Found ament_lint_auto: 0.12.12 (/opt/ros/humble/share/ament_lint_auto/cmake)
[1.148s] -- Added test 'copyright' to check source files copyright and LICENSE
[1.149s] -- Added test 'lint_cmake' to check CMake code style
[1.150s] -- Added test 'xmllint' to check XML markup files
[1.152s] -- Configuring done
[1.181s] -- Generating done
[1.188s] -- Build files have been written to: /home/jmj/dream_ws/build/autoware_v2x_msgs
[1.197s] Invoked command in '/home/jmj/dream_ws/build/autoware_v2x_msgs' returned '0': CMAKE_PREFIX_PATH=${CMAKE_PREFIX_PATH}:/home/jmj/dream_ws/install/dream:/opt/ros/humble /usr/bin/cmake /home/jmj/dream_ws/autoware_msgs/autoware_v2x_msgs -DCMAKE_INSTALL_PREFIX=/home/jmj/dream_ws/install/autoware_v2x_msgs
[1.199s] Invoking command in '/home/jmj/dream_ws/build/autoware_v2x_msgs': CMAKE_PREFIX_PATH=${CMAKE_PREFIX_PATH}:/home/jmj/dream_ws/install/dream:/opt/ros/humble /usr/bin/cmake --build /home/jmj/dream_ws/build/autoware_v2x_msgs -- -j20 -l20
[1.231s] [  1%] [34m[1mGenerating C code for ROS interfaces[0m
[1.248s] [  3%] [34m[1mGenerating C++ code for ROS interfaces[0m
[1.248s] [  3%] Built target ament_cmake_python_copy_autoware_v2x_msgs
[1.530s] running egg_info
[1.531s] creating autoware_v2x_msgs.egg-info
[1.531s] writing autoware_v2x_msgs.egg-info/PKG-INFO
[1.532s] writing dependency_links to autoware_v2x_msgs.egg-info/dependency_links.txt
[1.532s] writing top-level names to autoware_v2x_msgs.egg-info/top_level.txt
[1.533s] writing manifest file 'autoware_v2x_msgs.egg-info/SOURCES.txt'
[1.535s] reading manifest file 'autoware_v2x_msgs.egg-info/SOURCES.txt'
[1.536s] writing manifest file 'autoware_v2x_msgs.egg-info/SOURCES.txt'
[1.588s] [  3%] Built target ament_cmake_python_build_autoware_v2x_msgs_egg
[1.955s] [  5%] [32mBuilding C object CMakeFiles/autoware_v2x_msgs__rosidl_generator_c.dir/rosidl_generator_c/autoware_v2x_msgs/msg/detail/virtual_gate_command__functions.c.o[0m
[1.961s] [  7%] [32mBuilding C object CMakeFiles/autoware_v2x_msgs__rosidl_generator_c.dir/rosidl_generator_c/autoware_v2x_msgs/msg/detail/virtual_gate_area_status__functions.c.o[0m
[1.961s] [  9%] [32mBuilding C object CMakeFiles/autoware_v2x_msgs__rosidl_generator_c.dir/rosidl_generator_c/autoware_v2x_msgs/msg/detail/virtual_gate_status__functions.c.o[0m
[1.966s] [ 10%] [32mBuilding C object CMakeFiles/autoware_v2x_msgs__rosidl_generator_c.dir/rosidl_generator_c/autoware_v2x_msgs/msg/detail/virtual_gate_area_command__functions.c.o[0m
[1.971s] [ 10%] Built target autoware_v2x_msgs__cpp
[1.999s] [ 12%] [34m[1mGenerating C++ introspection for ROS interfaces[0m
[2.002s] [ 14%] [34m[1mGenerating C++ type support for eProsima Fast-RTPS[0m
[2.003s] [ 16%] [34m[1mGenerating C++ type support dispatch for ROS interfaces[0m
[2.125s] [ 18%] [32m[1mLinking C shared library libautoware_v2x_msgs__rosidl_generator_c.so[0m
[2.232s] [ 18%] Built target autoware_v2x_msgs__rosidl_generator_c
[2.253s] [ 20%] [34m[1mGenerating C introspection for ROS interfaces[0m
[2.253s] [ 21%] [34m[1mGenerating C type support for eProsima Fast-RTPS[0m
[2.259s] [ 23%] [34m[1mGenerating C type support dispatch for ROS interfaces[0m
[2.531s] [ 27%] [32mBuilding CXX object CMakeFiles/autoware_v2x_msgs__rosidl_typesupport_cpp.dir/rosidl_typesupport_cpp/autoware_v2x_msgs/msg/virtual_gate_area_command__type_support.cpp.o[0m
[2.531s] [ 27%] [32mBuilding CXX object CMakeFiles/autoware_v2x_msgs__rosidl_typesupport_cpp.dir/rosidl_typesupport_cpp/autoware_v2x_msgs/msg/virtual_gate_area_status__type_support.cpp.o[0m
[2.536s] [ 29%] [32mBuilding CXX object CMakeFiles/autoware_v2x_msgs__rosidl_typesupport_cpp.dir/rosidl_typesupport_cpp/autoware_v2x_msgs/msg/virtual_gate_command__type_support.cpp.o[0m
[2.541s] [ 30%] [32mBuilding CXX object CMakeFiles/autoware_v2x_msgs__rosidl_typesupport_cpp.dir/rosidl_typesupport_cpp/autoware_v2x_msgs/msg/virtual_gate_status__type_support.cpp.o[0m
[2.828s] [ 32%] [32mBuilding CXX object CMakeFiles/autoware_v2x_msgs__rosidl_typesupport_introspection_cpp.dir/rosidl_typesupport_introspection_cpp/autoware_v2x_msgs/msg/detail/virtual_gate_area_command__type_support.cpp.o[0m
[2.828s] [ 34%] [32mBuilding CXX object CMakeFiles/autoware_v2x_msgs__rosidl_typesupport_introspection_cpp.dir/rosidl_typesupport_introspection_cpp/autoware_v2x_msgs/msg/detail/virtual_gate_area_status__type_support.cpp.o[0m
[2.849s] [ 36%] [32mBuilding CXX object CMakeFiles/autoware_v2x_msgs__rosidl_typesupport_introspection_cpp.dir/rosidl_typesupport_introspection_cpp/autoware_v2x_msgs/msg/detail/virtual_gate_status__type_support.cpp.o[0m
[2.853s] [ 38%] [32mBuilding CXX object CMakeFiles/autoware_v2x_msgs__rosidl_typesupport_introspection_cpp.dir/rosidl_typesupport_introspection_cpp/autoware_v2x_msgs/msg/detail/virtual_gate_command__type_support.cpp.o[0m
[3.245s] [ 40%] [32mBuilding C object CMakeFiles/autoware_v2x_msgs__rosidl_typesupport_introspection_c.dir/rosidl_typesupport_introspection_c/autoware_v2x_msgs/msg/detail/virtual_gate_area_command__type_support.c.o[0m
[3.247s] [ 41%] [32mBuilding C object CMakeFiles/autoware_v2x_msgs__rosidl_typesupport_introspection_c.dir/rosidl_typesupport_introspection_c/autoware_v2x_msgs/msg/detail/virtual_gate_area_status__type_support.c.o[0m
[3.253s] [ 43%] [32mBuilding C object CMakeFiles/autoware_v2x_msgs__rosidl_typesupport_introspection_c.dir/rosidl_typesupport_introspection_c/autoware_v2x_msgs/msg/detail/virtual_gate_status__type_support.c.o[0m
[3.262s] [ 45%] [32mBuilding C object CMakeFiles/autoware_v2x_msgs__rosidl_typesupport_introspection_c.dir/rosidl_typesupport_introspection_c/autoware_v2x_msgs/msg/detail/virtual_gate_command__type_support.c.o[0m
[3.347s] [ 47%] [32mBuilding CXX object CMakeFiles/autoware_v2x_msgs__rosidl_typesupport_fastrtps_cpp.dir/rosidl_typesupport_fastrtps_cpp/autoware_v2x_msgs/msg/detail/dds_fastrtps/virtual_gate_area_command__type_support.cpp.o[0m
[3.347s] [ 49%] [32mBuilding CXX object CMakeFiles/autoware_v2x_msgs__rosidl_typesupport_fastrtps_cpp.dir/rosidl_typesupport_fastrtps_cpp/autoware_v2x_msgs/msg/detail/dds_fastrtps/virtual_gate_area_status__type_support.cpp.o[0m
[3.356s] [ 50%] [32mBuilding CXX object CMakeFiles/autoware_v2x_msgs__rosidl_typesupport_fastrtps_cpp.dir/rosidl_typesupport_fastrtps_cpp/autoware_v2x_msgs/msg/detail/dds_fastrtps/virtual_gate_command__type_support.cpp.o[0m
[3.359s] [ 52%] [32mBuilding CXX object CMakeFiles/autoware_v2x_msgs__rosidl_typesupport_fastrtps_cpp.dir/rosidl_typesupport_fastrtps_cpp/autoware_v2x_msgs/msg/detail/dds_fastrtps/virtual_gate_status__type_support.cpp.o[0m
[3.404s] [ 54%] [32mBuilding CXX object CMakeFiles/autoware_v2x_msgs__rosidl_typesupport_fastrtps_c.dir/rosidl_typesupport_fastrtps_c/autoware_v2x_msgs/msg/detail/virtual_gate_area_command__type_support_c.cpp.o[0m
[3.425s] [ 56%] [32mBuilding CXX object CMakeFiles/autoware_v2x_msgs__rosidl_typesupport_fastrtps_c.dir/rosidl_typesupport_fastrtps_c/autoware_v2x_msgs/msg/detail/virtual_gate_area_status__type_support_c.cpp.o[0m
[3.433s] [ 58%] [32mBuilding CXX object CMakeFiles/autoware_v2x_msgs__rosidl_typesupport_fastrtps_c.dir/rosidl_typesupport_fastrtps_c/autoware_v2x_msgs/msg/detail/virtual_gate_command__type_support_c.cpp.o[0m
[3.447s] [ 60%] [32mBuilding CXX object CMakeFiles/autoware_v2x_msgs__rosidl_typesupport_fastrtps_c.dir/rosidl_typesupport_fastrtps_c/autoware_v2x_msgs/msg/detail/virtual_gate_status__type_support_c.cpp.o[0m
[3.459s] [ 61%] [32m[1mLinking C shared library libautoware_v2x_msgs__rosidl_typesupport_introspection_c.so[0m
[3.523s] [ 63%] [32m[1mLinking CXX shared library libautoware_v2x_msgs__rosidl_typesupport_cpp.so[0m
[3.581s] [ 65%] [32mBuilding CXX object CMakeFiles/autoware_v2x_msgs__rosidl_typesupport_c.dir/rosidl_typesupport_c/autoware_v2x_msgs/msg/virtual_gate_area_command__type_support.cpp.o[0m
[3.582s] [ 67%] [32mBuilding CXX object CMakeFiles/autoware_v2x_msgs__rosidl_typesupport_c.dir/rosidl_typesupport_c/autoware_v2x_msgs/msg/virtual_gate_area_status__type_support.cpp.o[0m
[3.595s] [ 69%] [32mBuilding CXX object CMakeFiles/autoware_v2x_msgs__rosidl_typesupport_c.dir/rosidl_typesupport_c/autoware_v2x_msgs/msg/virtual_gate_command__type_support.cpp.o[0m
[3.633s] [ 70%] [32mBuilding CXX object CMakeFiles/autoware_v2x_msgs__rosidl_typesupport_c.dir/rosidl_typesupport_c/autoware_v2x_msgs/msg/virtual_gate_status__type_support.cpp.o[0m
[3.638s] [ 70%] Built target autoware_v2x_msgs__rosidl_typesupport_introspection_c
[3.688s] [ 70%] Built target autoware_v2x_msgs__rosidl_typesupport_cpp
[3.790s] [ 72%] [32m[1mLinking CXX shared library libautoware_v2x_msgs__rosidl_typesupport_c.so[0m
[3.951s] [ 72%] Built target autoware_v2x_msgs__rosidl_typesupport_c
[4.977s] [ 74%] [32m[1mLinking CXX shared library libautoware_v2x_msgs__rosidl_typesupport_fastrtps_c.so[0m
[5.060s] [ 76%] [32m[1mLinking CXX shared library libautoware_v2x_msgs__rosidl_typesupport_introspection_cpp.so[0m
[5.386s] [ 76%] Built target autoware_v2x_msgs__rosidl_typesupport_fastrtps_c
[5.524s] [ 78%] [32m[1mLinking CXX shared library libautoware_v2x_msgs__rosidl_typesupport_fastrtps_cpp.so[0m
[5.569s] [ 78%] Built target autoware_v2x_msgs__rosidl_typesupport_introspection_cpp
[5.945s] [ 78%] Built target autoware_v2x_msgs__rosidl_typesupport_fastrtps_cpp
[5.996s] [ 78%] Built target autoware_v2x_msgs
[6.045s] [ 80%] [34m[1mGenerating Python code for ROS interfaces[0m
[7.390s] [ 80%] Built target autoware_v2x_msgs__py
[7.432s] [ 81%] [32mBuilding C object CMakeFiles/autoware_v2x_msgs__rosidl_generator_py.dir/rosidl_generator_py/autoware_v2x_msgs/msg/_virtual_gate_command_s.c.o[0m
[7.436s] [ 83%] [32mBuilding C object CMakeFiles/autoware_v2x_msgs__rosidl_generator_py.dir/rosidl_generator_py/autoware_v2x_msgs/msg/_virtual_gate_area_command_s.c.o[0m
[7.439s] [ 85%] [32mBuilding C object CMakeFiles/autoware_v2x_msgs__rosidl_generator_py.dir/rosidl_generator_py/autoware_v2x_msgs/msg/_virtual_gate_area_status_s.c.o[0m
[7.441s] [ 87%] [32mBuilding C object CMakeFiles/autoware_v2x_msgs__rosidl_generator_py.dir/rosidl_generator_py/autoware_v2x_msgs/msg/_virtual_gate_status_s.c.o[0m
[7.844s] [ 89%] [32m[1mLinking C shared library rosidl_generator_py/autoware_v2x_msgs/libautoware_v2x_msgs__rosidl_generator_py.so[0m
[7.970s] [ 89%] Built target autoware_v2x_msgs__rosidl_generator_py
[8.016s] [ 90%] [32mBuilding C object CMakeFiles/autoware_v2x_msgs__rosidl_typesupport_fastrtps_c__pyext.dir/rosidl_generator_py/autoware_v2x_msgs/_autoware_v2x_msgs_s.ep.rosidl_typesupport_fastrtps_c.c.o[0m
[8.025s] [ 92%] [32mBuilding C object CMakeFiles/autoware_v2x_msgs__rosidl_typesupport_introspection_c__pyext.dir/rosidl_generator_py/autoware_v2x_msgs/_autoware_v2x_msgs_s.ep.rosidl_typesupport_introspection_c.c.o[0m
[8.045s] [ 94%] [32mBuilding C object CMakeFiles/autoware_v2x_msgs__rosidl_typesupport_c__pyext.dir/rosidl_generator_py/autoware_v2x_msgs/_autoware_v2x_msgs_s.ep.rosidl_typesupport_c.c.o[0m
[8.439s] [ 96%] [32m[1mLinking C shared library rosidl_generator_py/autoware_v2x_msgs/autoware_v2x_msgs_s__rosidl_typesupport_c.cpython-310-x86_64-linux-gnu.so[0m
[8.459s] [ 98%] [32m[1mLinking C shared library rosidl_generator_py/autoware_v2x_msgs/autoware_v2x_msgs_s__rosidl_typesupport_introspection_c.cpython-310-x86_64-linux-gnu.so[0m
[8.526s] [100%] [32m[1mLinking C shared library rosidl_generator_py/autoware_v2x_msgs/autoware_v2x_msgs_s__rosidl_typesupport_fastrtps_c.cpython-310-x86_64-linux-gnu.so[0m
[8.578s] [100%] Built target autoware_v2x_msgs__rosidl_typesupport_introspection_c__pyext
[8.579s] [100%] Built target autoware_v2x_msgs__rosidl_typesupport_c__pyext
[8.622s] [100%] Built target autoware_v2x_msgs__rosidl_typesupport_fastrtps_c__pyext
[8.671s] Invoked command in '/home/jmj/dream_ws/build/autoware_v2x_msgs' returned '0': CMAKE_PREFIX_PATH=${CMAKE_PREFIX_PATH}:/home/jmj/dream_ws/install/dream:/opt/ros/humble /usr/bin/cmake --build /home/jmj/dream_ws/build/autoware_v2x_msgs -- -j20 -l20
[8.672s] Invoking command in '/home/jmj/dream_ws/build/autoware_v2x_msgs': CMAKE_PREFIX_PATH=${CMAKE_PREFIX_PATH}:/home/jmj/dream_ws/install/dream:/opt/ros/humble /usr/bin/cmake --install /home/jmj/dream_ws/build/autoware_v2x_msgs
[8.692s] -- Install configuration: ""
[8.692s] -- Installing: /home/jmj/dream_ws/install/autoware_v2x_msgs/share/ament_index/resource_index/rosidl_interfaces/autoware_v2x_msgs
[8.692s] -- Installing: /home/jmj/dream_ws/install/autoware_v2x_msgs/include/autoware_v2x_msgs/autoware_v2x_msgs
[8.692s] -- Installing: /home/jmj/dream_ws/install/autoware_v2x_msgs/include/autoware_v2x_msgs/autoware_v2x_msgs/msg
[8.692s] -- Installing: /home/jmj/dream_ws/install/autoware_v2x_msgs/include/autoware_v2x_msgs/autoware_v2x_msgs/msg/rosidl_generator_c__visibility_control.h
[8.693s] -- Installing: /home/jmj/dream_ws/install/autoware_v2x_msgs/include/autoware_v2x_msgs/autoware_v2x_msgs/msg/detail
[8.693s] -- Installing: /home/jmj/dream_ws/install/autoware_v2x_msgs/include/autoware_v2x_msgs/autoware_v2x_msgs/msg/detail/virtual_gate_area_command__functions.c
[8.693s] -- Installing: /home/jmj/dream_ws/install/autoware_v2x_msgs/include/autoware_v2x_msgs/autoware_v2x_msgs/msg/detail/virtual_gate_command__functions.h
[8.693s] -- Installing: /home/jmj/dream_ws/install/autoware_v2x_msgs/include/autoware_v2x_msgs/autoware_v2x_msgs/msg/detail/virtual_gate_area_status__struct.h
[8.693s] -- Installing: /home/jmj/dream_ws/install/autoware_v2x_msgs/include/autoware_v2x_msgs/autoware_v2x_msgs/msg/detail/virtual_gate_command__type_support.h
[8.693s] -- Installing: /home/jmj/dream_ws/install/autoware_v2x_msgs/include/autoware_v2x_msgs/autoware_v2x_msgs/msg/detail/virtual_gate_area_status__type_support.h
[8.693s] -- Installing: /home/jmj/dream_ws/install/autoware_v2x_msgs/include/autoware_v2x_msgs/autoware_v2x_msgs/msg/detail/virtual_gate_status__functions.c
[8.693s] -- Installing: /home/jmj/dream_ws/install/autoware_v2x_msgs/include/autoware_v2x_msgs/autoware_v2x_msgs/msg/detail/virtual_gate_area_command__functions.h
[8.693s] -- Installing: /home/jmj/dream_ws/install/autoware_v2x_msgs/include/autoware_v2x_msgs/autoware_v2x_msgs/msg/detail/virtual_gate_area_status__functions.h
[8.693s] -- Installing: /home/jmj/dream_ws/install/autoware_v2x_msgs/include/autoware_v2x_msgs/autoware_v2x_msgs/msg/detail/virtual_gate_command__struct.h
[8.693s] -- Installing: /home/jmj/dream_ws/install/autoware_v2x_msgs/include/autoware_v2x_msgs/autoware_v2x_msgs/msg/detail/virtual_gate_area_command__struct.h
[8.693s] -- Installing: /home/jmj/dream_ws/install/autoware_v2x_msgs/include/autoware_v2x_msgs/autoware_v2x_msgs/msg/detail/virtual_gate_area_status__functions.c
[8.693s] -- Installing: /home/jmj/dream_ws/install/autoware_v2x_msgs/include/autoware_v2x_msgs/autoware_v2x_msgs/msg/detail/virtual_gate_status__functions.h
[8.693s] -- Installing: /home/jmj/dream_ws/install/autoware_v2x_msgs/include/autoware_v2x_msgs/autoware_v2x_msgs/msg/detail/virtual_gate_status__struct.h
[8.693s] -- Installing: /home/jmj/dream_ws/install/autoware_v2x_msgs/include/autoware_v2x_msgs/autoware_v2x_msgs/msg/detail/virtual_gate_area_command__type_support.h
[8.693s] -- Installing: /home/jmj/dream_ws/install/autoware_v2x_msgs/include/autoware_v2x_msgs/autoware_v2x_msgs/msg/detail/virtual_gate_command__functions.c
[8.693s] -- Installing: /home/jmj/dream_ws/install/autoware_v2x_msgs/include/autoware_v2x_msgs/autoware_v2x_msgs/msg/detail/virtual_gate_status__type_support.h
[8.693s] -- Installing: /home/jmj/dream_ws/install/autoware_v2x_msgs/include/autoware_v2x_msgs/autoware_v2x_msgs/msg/virtual_gate_command.h
[8.697s] -- Installing: /home/jmj/dream_ws/install/autoware_v2x_msgs/include/autoware_v2x_msgs/autoware_v2x_msgs/msg/virtual_gate_status.h
[8.697s] -- Installing: /home/jmj/dream_ws/install/autoware_v2x_msgs/include/autoware_v2x_msgs/autoware_v2x_msgs/msg/virtual_gate_area_command.h
[8.697s] -- Installing: /home/jmj/dream_ws/install/autoware_v2x_msgs/include/autoware_v2x_msgs/autoware_v2x_msgs/msg/virtual_gate_area_status.h
[8.697s] -- Installing: /home/jmj/dream_ws/install/autoware_v2x_msgs/share/autoware_v2x_msgs/environment/library_path.sh
[8.697s] -- Installing: /home/jmj/dream_ws/install/autoware_v2x_msgs/share/autoware_v2x_msgs/environment/library_path.dsv
[8.698s] -- Installing: /home/jmj/dream_ws/install/autoware_v2x_msgs/lib/libautoware_v2x_msgs__rosidl_generator_c.so
[8.698s] -- Set runtime path of "/home/jmj/dream_ws/install/autoware_v2x_msgs/lib/libautoware_v2x_msgs__rosidl_generator_c.so" to ""
[8.698s] -- Up-to-date: /home/jmj/dream_ws/install/autoware_v2x_msgs/include/autoware_v2x_msgs/autoware_v2x_msgs
[8.698s] -- Up-to-date: /home/jmj/dream_ws/install/autoware_v2x_msgs/include/autoware_v2x_msgs/autoware_v2x_msgs/msg
[8.698s] -- Up-to-date: /home/jmj/dream_ws/install/autoware_v2x_msgs/include/autoware_v2x_msgs/autoware_v2x_msgs/msg/detail
[8.698s] -- Installing: /home/jmj/dream_ws/install/autoware_v2x_msgs/include/autoware_v2x_msgs/autoware_v2x_msgs/msg/detail/virtual_gate_status__rosidl_typesupport_fastrtps_c.h
[8.698s] -- Installing: /home/jmj/dream_ws/install/autoware_v2x_msgs/include/autoware_v2x_msgs/autoware_v2x_msgs/msg/detail/virtual_gate_area_status__rosidl_typesupport_fastrtps_c.h
[8.698s] -- Installing: /home/jmj/dream_ws/install/autoware_v2x_msgs/include/autoware_v2x_msgs/autoware_v2x_msgs/msg/detail/virtual_gate_command__rosidl_typesupport_fastrtps_c.h
[8.698s] -- Installing: /home/jmj/dream_ws/install/autoware_v2x_msgs/include/autoware_v2x_msgs/autoware_v2x_msgs/msg/detail/virtual_gate_area_command__rosidl_typesupport_fastrtps_c.h
[8.698s] -- Installing: /home/jmj/dream_ws/install/autoware_v2x_msgs/include/autoware_v2x_msgs/autoware_v2x_msgs/msg/rosidl_typesupport_fastrtps_c__visibility_control.h
[8.698s] -- Installing: /home/jmj/dream_ws/install/autoware_v2x_msgs/lib/libautoware_v2x_msgs__rosidl_typesupport_fastrtps_c.so
[8.698s] -- Set runtime path of "/home/jmj/dream_ws/install/autoware_v2x_msgs/lib/libautoware_v2x_msgs__rosidl_typesupport_fastrtps_c.so" to ""
[8.698s] -- Up-to-date: /home/jmj/dream_ws/install/autoware_v2x_msgs/include/autoware_v2x_msgs/autoware_v2x_msgs
[8.698s] -- Up-to-date: /home/jmj/dream_ws/install/autoware_v2x_msgs/include/autoware_v2x_msgs/autoware_v2x_msgs/msg
[8.698s] -- Up-to-date: /home/jmj/dream_ws/install/autoware_v2x_msgs/include/autoware_v2x_msgs/autoware_v2x_msgs/msg/detail
[8.698s] -- Installing: /home/jmj/dream_ws/install/autoware_v2x_msgs/include/autoware_v2x_msgs/autoware_v2x_msgs/msg/detail/virtual_gate_area_status__rosidl_typesupport_introspection_c.h
[8.698s] -- Installing: /home/jmj/dream_ws/install/autoware_v2x_msgs/include/autoware_v2x_msgs/autoware_v2x_msgs/msg/detail/virtual_gate_status__rosidl_typesupport_introspection_c.h
[8.698s] -- Installing: /home/jmj/dream_ws/install/autoware_v2x_msgs/include/autoware_v2x_msgs/autoware_v2x_msgs/msg/detail/virtual_gate_area_command__type_support.c
[8.698s] -- Installing: /home/jmj/dream_ws/install/autoware_v2x_msgs/include/autoware_v2x_msgs/autoware_v2x_msgs/msg/detail/virtual_gate_command__rosidl_typesupport_introspection_c.h
[8.698s] -- Installing: /home/jmj/dream_ws/install/autoware_v2x_msgs/include/autoware_v2x_msgs/autoware_v2x_msgs/msg/detail/virtual_gate_area_status__type_support.c
[8.698s] -- Installing: /home/jmj/dream_ws/install/autoware_v2x_msgs/include/autoware_v2x_msgs/autoware_v2x_msgs/msg/detail/virtual_gate_status__type_support.c
[8.698s] -- Installing: /home/jmj/dream_ws/install/autoware_v2x_msgs/include/autoware_v2x_msgs/autoware_v2x_msgs/msg/detail/virtual_gate_command__type_support.c
[8.698s] -- Installing: /home/jmj/dream_ws/install/autoware_v2x_msgs/include/autoware_v2x_msgs/autoware_v2x_msgs/msg/detail/virtual_gate_area_command__rosidl_typesupport_introspection_c.h
[8.698s] -- Installing: /home/jmj/dream_ws/install/autoware_v2x_msgs/include/autoware_v2x_msgs/autoware_v2x_msgs/msg/rosidl_typesupport_introspection_c__visibility_control.h
[8.699s] -- Installing: /home/jmj/dream_ws/install/autoware_v2x_msgs/lib/libautoware_v2x_msgs__rosidl_typesupport_introspection_c.so
[8.699s] -- Set runtime path of "/home/jmj/dream_ws/install/autoware_v2x_msgs/lib/libautoware_v2x_msgs__rosidl_typesupport_introspection_c.so" to ""
[8.699s] -- Installing: /home/jmj/dream_ws/install/autoware_v2x_msgs/lib/libautoware_v2x_msgs__rosidl_typesupport_c.so
[8.699s] -- Set runtime path of "/home/jmj/dream_ws/install/autoware_v2x_msgs/lib/libautoware_v2x_msgs__rosidl_typesupport_c.so" to ""
[8.699s] -- Up-to-date: /home/jmj/dream_ws/install/autoware_v2x_msgs/include/autoware_v2x_msgs/autoware_v2x_msgs
[8.699s] -- Up-to-date: /home/jmj/dream_ws/install/autoware_v2x_msgs/include/autoware_v2x_msgs/autoware_v2x_msgs/msg
[8.699s] -- Installing: /home/jmj/dream_ws/install/autoware_v2x_msgs/include/autoware_v2x_msgs/autoware_v2x_msgs/msg/virtual_gate_area_status.hpp
[8.699s] -- Installing: /home/jmj/dream_ws/install/autoware_v2x_msgs/include/autoware_v2x_msgs/autoware_v2x_msgs/msg/virtual_gate_command.hpp
[8.699s] -- Up-to-date: /home/jmj/dream_ws/install/autoware_v2x_msgs/include/autoware_v2x_msgs/autoware_v2x_msgs/msg/detail
[8.699s] -- Installing: /home/jmj/dream_ws/install/autoware_v2x_msgs/include/autoware_v2x_msgs/autoware_v2x_msgs/msg/detail/virtual_gate_area_command__type_support.hpp
[8.699s] -- Installing: /home/jmj/dream_ws/install/autoware_v2x_msgs/include/autoware_v2x_msgs/autoware_v2x_msgs/msg/detail/virtual_gate_command__type_support.hpp
[8.699s] -- Installing: /home/jmj/dream_ws/install/autoware_v2x_msgs/include/autoware_v2x_msgs/autoware_v2x_msgs/msg/detail/virtual_gate_area_status__type_support.hpp
[8.699s] -- Installing: /home/jmj/dream_ws/install/autoware_v2x_msgs/include/autoware_v2x_msgs/autoware_v2x_msgs/msg/detail/virtual_gate_command__traits.hpp
[8.699s] -- Installing: /home/jmj/dream_ws/install/autoware_v2x_msgs/include/autoware_v2x_msgs/autoware_v2x_msgs/msg/detail/virtual_gate_area_status__traits.hpp
[8.699s] -- Installing: /home/jmj/dream_ws/install/autoware_v2x_msgs/include/autoware_v2x_msgs/autoware_v2x_msgs/msg/detail/virtual_gate_area_status__builder.hpp
[8.699s] -- Installing: /home/jmj/dream_ws/install/autoware_v2x_msgs/include/autoware_v2x_msgs/autoware_v2x_msgs/msg/detail/virtual_gate_status__traits.hpp
[8.699s] -- Installing: /home/jmj/dream_ws/install/autoware_v2x_msgs/include/autoware_v2x_msgs/autoware_v2x_msgs/msg/detail/virtual_gate_area_command__struct.hpp
[8.699s] -- Installing: /home/jmj/dream_ws/install/autoware_v2x_msgs/include/autoware_v2x_msgs/autoware_v2x_msgs/msg/detail/virtual_gate_status__builder.hpp
[8.699s] -- Installing: /home/jmj/dream_ws/install/autoware_v2x_msgs/include/autoware_v2x_msgs/autoware_v2x_msgs/msg/detail/virtual_gate_area_command__builder.hpp
[8.699s] -- Installing: /home/jmj/dream_ws/install/autoware_v2x_msgs/include/autoware_v2x_msgs/autoware_v2x_msgs/msg/detail/virtual_gate_command__struct.hpp
[8.700s] -- Installing: /home/jmj/dream_ws/install/autoware_v2x_msgs/include/autoware_v2x_msgs/autoware_v2x_msgs/msg/detail/virtual_gate_area_status__struct.hpp
[8.700s] -- Installing: /home/jmj/dream_ws/install/autoware_v2x_msgs/include/autoware_v2x_msgs/autoware_v2x_msgs/msg/detail/virtual_gate_status__type_support.hpp
[8.700s] -- Installing: /home/jmj/dream_ws/install/autoware_v2x_msgs/include/autoware_v2x_msgs/autoware_v2x_msgs/msg/detail/virtual_gate_command__builder.hpp
[8.700s] -- Installing: /home/jmj/dream_ws/install/autoware_v2x_msgs/include/autoware_v2x_msgs/autoware_v2x_msgs/msg/detail/virtual_gate_status__struct.hpp
[8.700s] -- Installing: /home/jmj/dream_ws/install/autoware_v2x_msgs/include/autoware_v2x_msgs/autoware_v2x_msgs/msg/detail/virtual_gate_area_command__traits.hpp
[8.700s] -- Installing: /home/jmj/dream_ws/install/autoware_v2x_msgs/include/autoware_v2x_msgs/autoware_v2x_msgs/msg/virtual_gate_status.hpp
[8.700s] -- Installing: /home/jmj/dream_ws/install/autoware_v2x_msgs/include/autoware_v2x_msgs/autoware_v2x_msgs/msg/virtual_gate_area_command.hpp
[8.701s] -- Installing: /home/jmj/dream_ws/install/autoware_v2x_msgs/include/autoware_v2x_msgs/autoware_v2x_msgs/msg/rosidl_generator_cpp__visibility_control.hpp
[8.701s] -- Up-to-date: /home/jmj/dream_ws/install/autoware_v2x_msgs/include/autoware_v2x_msgs/autoware_v2x_msgs
[8.701s] -- Up-to-date: /home/jmj/dream_ws/install/autoware_v2x_msgs/include/autoware_v2x_msgs/autoware_v2x_msgs/msg
[8.701s] -- Up-to-date: /home/jmj/dream_ws/install/autoware_v2x_msgs/include/autoware_v2x_msgs/autoware_v2x_msgs/msg/detail
[8.701s] -- Installing: /home/jmj/dream_ws/install/autoware_v2x_msgs/include/autoware_v2x_msgs/autoware_v2x_msgs/msg/detail/virtual_gate_command__rosidl_typesupport_fastrtps_cpp.hpp
[8.701s] -- Installing: /home/jmj/dream_ws/install/autoware_v2x_msgs/include/autoware_v2x_msgs/autoware_v2x_msgs/msg/detail/dds_fastrtps
[8.701s] -- Installing: /home/jmj/dream_ws/install/autoware_v2x_msgs/include/autoware_v2x_msgs/autoware_v2x_msgs/msg/detail/virtual_gate_area_command__rosidl_typesupport_fastrtps_cpp.hpp
[8.701s] -- Installing: /home/jmj/dream_ws/install/autoware_v2x_msgs/include/autoware_v2x_msgs/autoware_v2x_msgs/msg/detail/virtual_gate_status__rosidl_typesupport_fastrtps_cpp.hpp
[8.701s] -- Installing: /home/jmj/dream_ws/install/autoware_v2x_msgs/include/autoware_v2x_msgs/autoware_v2x_msgs/msg/detail/virtual_gate_area_status__rosidl_typesupport_fastrtps_cpp.hpp
[8.701s] -- Installing: /home/jmj/dream_ws/install/autoware_v2x_msgs/include/autoware_v2x_msgs/autoware_v2x_msgs/msg/rosidl_typesupport_fastrtps_cpp__visibility_control.h
[8.702s] -- Installing: /home/jmj/dream_ws/install/autoware_v2x_msgs/lib/libautoware_v2x_msgs__rosidl_typesupport_fastrtps_cpp.so
[8.702s] -- Set runtime path of "/home/jmj/dream_ws/install/autoware_v2x_msgs/lib/libautoware_v2x_msgs__rosidl_typesupport_fastrtps_cpp.so" to ""
[8.702s] -- Up-to-date: /home/jmj/dream_ws/install/autoware_v2x_msgs/include/autoware_v2x_msgs/autoware_v2x_msgs
[8.702s] -- Up-to-date: /home/jmj/dream_ws/install/autoware_v2x_msgs/include/autoware_v2x_msgs/autoware_v2x_msgs/msg
[8.702s] -- Up-to-date: /home/jmj/dream_ws/install/autoware_v2x_msgs/include/autoware_v2x_msgs/autoware_v2x_msgs/msg/detail
[8.702s] -- Installing: /home/jmj/dream_ws/install/autoware_v2x_msgs/include/autoware_v2x_msgs/autoware_v2x_msgs/msg/detail/virtual_gate_area_status__rosidl_typesupport_introspection_cpp.hpp
[8.702s] -- Installing: /home/jmj/dream_ws/install/autoware_v2x_msgs/include/autoware_v2x_msgs/autoware_v2x_msgs/msg/detail/virtual_gate_command__type_support.cpp
[8.702s] -- Installing: /home/jmj/dream_ws/install/autoware_v2x_msgs/include/autoware_v2x_msgs/autoware_v2x_msgs/msg/detail/virtual_gate_status__type_support.cpp
[8.702s] -- Installing: /home/jmj/dream_ws/install/autoware_v2x_msgs/include/autoware_v2x_msgs/autoware_v2x_msgs/msg/detail/virtual_gate_area_status__type_support.cpp
[8.703s] -- Installing: /home/jmj/dream_ws/install/autoware_v2x_msgs/include/autoware_v2x_msgs/autoware_v2x_msgs/msg/detail/virtual_gate_area_command__rosidl_typesupport_introspection_cpp.hpp
[8.703s] -- Installing: /home/jmj/dream_ws/install/autoware_v2x_msgs/include/autoware_v2x_msgs/autoware_v2x_msgs/msg/detail/virtual_gate_command__rosidl_typesupport_introspection_cpp.hpp
[8.703s] -- Installing: /home/jmj/dream_ws/install/autoware_v2x_msgs/include/autoware_v2x_msgs/autoware_v2x_msgs/msg/detail/virtual_gate_status__rosidl_typesupport_introspection_cpp.hpp
[8.703s] -- Installing: /home/jmj/dream_ws/install/autoware_v2x_msgs/include/autoware_v2x_msgs/autoware_v2x_msgs/msg/detail/virtual_gate_area_command__type_support.cpp
[8.710s] -- Installing: /home/jmj/dream_ws/install/autoware_v2x_msgs/lib/libautoware_v2x_msgs__rosidl_typesupport_introspection_cpp.so
[8.710s] -- Set runtime path of "/home/jmj/dream_ws/install/autoware_v2x_msgs/lib/libautoware_v2x_msgs__rosidl_typesupport_introspection_cpp.so" to ""
[8.710s] -- Installing: /home/jmj/dream_ws/install/autoware_v2x_msgs/lib/libautoware_v2x_msgs__rosidl_typesupport_cpp.so
[8.710s] -- Set runtime path of "/home/jmj/dream_ws/install/autoware_v2x_msgs/lib/libautoware_v2x_msgs__rosidl_typesupport_cpp.so" to ""
[8.710s] -- Installing: /home/jmj/dream_ws/install/autoware_v2x_msgs/share/autoware_v2x_msgs/environment/pythonpath.sh
[8.710s] -- Installing: /home/jmj/dream_ws/install/autoware_v2x_msgs/share/autoware_v2x_msgs/environment/pythonpath.dsv
[8.710s] -- Installing: /home/jmj/dream_ws/install/autoware_v2x_msgs/local/lib/python3.10/dist-packages/autoware_v2x_msgs-1.8.0-py3.10.egg-info
[8.711s] -- Installing: /home/jmj/dream_ws/install/autoware_v2x_msgs/local/lib/python3.10/dist-packages/autoware_v2x_msgs-1.8.0-py3.10.egg-info/dependency_links.txt
[8.711s] -- Installing: /home/jmj/dream_ws/install/autoware_v2x_msgs/local/lib/python3.10/dist-packages/autoware_v2x_msgs-1.8.0-py3.10.egg-info/top_level.txt
[8.711s] -- Installing: /home/jmj/dream_ws/install/autoware_v2x_msgs/local/lib/python3.10/dist-packages/autoware_v2x_msgs-1.8.0-py3.10.egg-info/PKG-INFO
[8.711s] -- Installing: /home/jmj/dream_ws/install/autoware_v2x_msgs/local/lib/python3.10/dist-packages/autoware_v2x_msgs-1.8.0-py3.10.egg-info/SOURCES.txt
[8.711s] -- Installing: /home/jmj/dream_ws/install/autoware_v2x_msgs/local/lib/python3.10/dist-packages/autoware_v2x_msgs
[8.711s] -- Installing: /home/jmj/dream_ws/install/autoware_v2x_msgs/local/lib/python3.10/dist-packages/autoware_v2x_msgs/autoware_v2x_msgs_s__rosidl_typesupport_c.cpython-310-x86_64-linux-gnu.so
[8.711s] -- Installing: /home/jmj/dream_ws/install/autoware_v2x_msgs/local/lib/python3.10/dist-packages/autoware_v2x_msgs/_autoware_v2x_msgs_s.ep.rosidl_typesupport_introspection_c.c
[8.711s] -- Installing: /home/jmj/dream_ws/install/autoware_v2x_msgs/local/lib/python3.10/dist-packages/autoware_v2x_msgs/__init__.py
[8.711s] -- Installing: /home/jmj/dream_ws/install/autoware_v2x_msgs/local/lib/python3.10/dist-packages/autoware_v2x_msgs/_autoware_v2x_msgs_s.ep.rosidl_typesupport_c.c
[8.711s] -- Installing: /home/jmj/dream_ws/install/autoware_v2x_msgs/local/lib/python3.10/dist-packages/autoware_v2x_msgs/_autoware_v2x_msgs_s.ep.rosidl_typesupport_fastrtps_c.c
[8.711s] -- Installing: /home/jmj/dream_ws/install/autoware_v2x_msgs/local/lib/python3.10/dist-packages/autoware_v2x_msgs/autoware_v2x_msgs_s__rosidl_typesupport_introspection_c.cpython-310-x86_64-linux-gnu.so
[8.711s] -- Installing: /home/jmj/dream_ws/install/autoware_v2x_msgs/local/lib/python3.10/dist-packages/autoware_v2x_msgs/autoware_v2x_msgs_s__rosidl_typesupport_fastrtps_c.cpython-310-x86_64-linux-gnu.so
[8.711s] -- Installing: /home/jmj/dream_ws/install/autoware_v2x_msgs/local/lib/python3.10/dist-packages/autoware_v2x_msgs/libautoware_v2x_msgs__rosidl_generator_py.so
[8.711s] -- Installing: /home/jmj/dream_ws/install/autoware_v2x_msgs/local/lib/python3.10/dist-packages/autoware_v2x_msgs/msg
[8.711s] -- Installing: /home/jmj/dream_ws/install/autoware_v2x_msgs/local/lib/python3.10/dist-packages/autoware_v2x_msgs/msg/_virtual_gate_area_command.py
[8.711s] -- Installing: /home/jmj/dream_ws/install/autoware_v2x_msgs/local/lib/python3.10/dist-packages/autoware_v2x_msgs/msg/_virtual_gate_status.py
[8.711s] -- Installing: /home/jmj/dream_ws/install/autoware_v2x_msgs/local/lib/python3.10/dist-packages/autoware_v2x_msgs/msg/_virtual_gate_area_status.py
[8.711s] -- Installing: /home/jmj/dream_ws/install/autoware_v2x_msgs/local/lib/python3.10/dist-packages/autoware_v2x_msgs/msg/__init__.py
[8.711s] -- Installing: /home/jmj/dream_ws/install/autoware_v2x_msgs/local/lib/python3.10/dist-packages/autoware_v2x_msgs/msg/_virtual_gate_status_s.c
[8.711s] -- Installing: /home/jmj/dream_ws/install/autoware_v2x_msgs/local/lib/python3.10/dist-packages/autoware_v2x_msgs/msg/_virtual_gate_command.py
[8.711s] -- Installing: /home/jmj/dream_ws/install/autoware_v2x_msgs/local/lib/python3.10/dist-packages/autoware_v2x_msgs/msg/_virtual_gate_area_status_s.c
[8.711s] -- Installing: /home/jmj/dream_ws/install/autoware_v2x_msgs/local/lib/python3.10/dist-packages/autoware_v2x_msgs/msg/_virtual_gate_command_s.c
[8.711s] -- Installing: /home/jmj/dream_ws/install/autoware_v2x_msgs/local/lib/python3.10/dist-packages/autoware_v2x_msgs/msg/_virtual_gate_area_command_s.c
[8.826s] Listing '/home/jmj/dream_ws/install/autoware_v2x_msgs/local/lib/python3.10/dist-packages/autoware_v2x_msgs'...
[8.826s] Compiling '/home/jmj/dream_ws/install/autoware_v2x_msgs/local/lib/python3.10/dist-packages/autoware_v2x_msgs/__init__.py'...
[8.826s] Listing '/home/jmj/dream_ws/install/autoware_v2x_msgs/local/lib/python3.10/dist-packages/autoware_v2x_msgs/msg'...
[8.826s] Compiling '/home/jmj/dream_ws/install/autoware_v2x_msgs/local/lib/python3.10/dist-packages/autoware_v2x_msgs/msg/__init__.py'...
[8.826s] Compiling '/home/jmj/dream_ws/install/autoware_v2x_msgs/local/lib/python3.10/dist-packages/autoware_v2x_msgs/msg/_virtual_gate_area_command.py'...
[8.826s] Compiling '/home/jmj/dream_ws/install/autoware_v2x_msgs/local/lib/python3.10/dist-packages/autoware_v2x_msgs/msg/_virtual_gate_area_status.py'...
[8.826s] Compiling '/home/jmj/dream_ws/install/autoware_v2x_msgs/local/lib/python3.10/dist-packages/autoware_v2x_msgs/msg/_virtual_gate_command.py'...
[8.826s] Compiling '/home/jmj/dream_ws/install/autoware_v2x_msgs/local/lib/python3.10/dist-packages/autoware_v2x_msgs/msg/_virtual_gate_status.py'...
[8.841s] -- Installing: /home/jmj/dream_ws/install/autoware_v2x_msgs/local/lib/python3.10/dist-packages/autoware_v2x_msgs/autoware_v2x_msgs_s__rosidl_typesupport_fastrtps_c.cpython-310-x86_64-linux-gnu.so
[8.845s] -- Set runtime path of "/home/jmj/dream_ws/install/autoware_v2x_msgs/local/lib/python3.10/dist-packages/autoware_v2x_msgs/autoware_v2x_msgs_s__rosidl_typesupport_fastrtps_c.cpython-310-x86_64-linux-gnu.so" to ""
[8.845s] -- Installing: /home/jmj/dream_ws/install/autoware_v2x_msgs/local/lib/python3.10/dist-packages/autoware_v2x_msgs/autoware_v2x_msgs_s__rosidl_typesupport_introspection_c.cpython-310-x86_64-linux-gnu.so
[8.845s] -- Set runtime path of "/home/jmj/dream_ws/install/autoware_v2x_msgs/local/lib/python3.10/dist-packages/autoware_v2x_msgs/autoware_v2x_msgs_s__rosidl_typesupport_introspection_c.cpython-310-x86_64-linux-gnu.so" to ""
[8.851s] -- Installing: /home/jmj/dream_ws/install/autoware_v2x_msgs/local/lib/python3.10/dist-packages/autoware_v2x_msgs/autoware_v2x_msgs_s__rosidl_typesupport_c.cpython-310-x86_64-linux-gnu.so
[8.851s] -- Set runtime path of "/home/jmj/dream_ws/install/autoware_v2x_msgs/local/lib/python3.10/dist-packages/autoware_v2x_msgs/autoware_v2x_msgs_s__rosidl_typesupport_c.cpython-310-x86_64-linux-gnu.so" to ""
[8.851s] -- Installing: /home/jmj/dream_ws/install/autoware_v2x_msgs/lib/libautoware_v2x_msgs__rosidl_generator_py.so
[8.851s] -- Set runtime path of "/home/jmj/dream_ws/install/autoware_v2x_msgs/lib/libautoware_v2x_msgs__rosidl_generator_py.so" to ""
[8.851s] -- Installing: /home/jmj/dream_ws/install/autoware_v2x_msgs/share/autoware_v2x_msgs/msg/VirtualGateAreaCommand.idl
[8.851s] -- Installing: /home/jmj/dream_ws/install/autoware_v2x_msgs/share/autoware_v2x_msgs/msg/VirtualGateAreaStatus.idl
[8.851s] -- Installing: /home/jmj/dream_ws/install/autoware_v2x_msgs/share/autoware_v2x_msgs/msg/VirtualGateCommand.idl
[8.852s] -- Installing: /home/jmj/dream_ws/install/autoware_v2x_msgs/share/autoware_v2x_msgs/msg/VirtualGateStatus.idl
[8.852s] -- Installing: /home/jmj/dream_ws/install/autoware_v2x_msgs/share/autoware_v2x_msgs/msg/VirtualGateAreaCommand.msg
[8.855s] -- Installing: /home/jmj/dream_ws/install/autoware_v2x_msgs/share/autoware_v2x_msgs/msg/VirtualGateAreaStatus.msg
[8.855s] -- Installing: /home/jmj/dream_ws/install/autoware_v2x_msgs/share/autoware_v2x_msgs/msg/VirtualGateCommand.msg
[8.855s] -- Installing: /home/jmj/dream_ws/install/autoware_v2x_msgs/share/autoware_v2x_msgs/msg/VirtualGateStatus.msg
[8.861s] -- Installing: /home/jmj/dream_ws/install/autoware_v2x_msgs/share/ament_index/resource_index/package_run_dependencies/autoware_v2x_msgs
[8.861s] -- Installing: /home/jmj/dream_ws/install/autoware_v2x_msgs/share/ament_index/resource_index/parent_prefix_path/autoware_v2x_msgs
[8.861s] -- Installing: /home/jmj/dream_ws/install/autoware_v2x_msgs/share/autoware_v2x_msgs/environment/ament_prefix_path.sh
[8.861s] -- Installing: /home/jmj/dream_ws/install/autoware_v2x_msgs/share/autoware_v2x_msgs/environment/ament_prefix_path.dsv
[8.861s] -- Installing: /home/jmj/dream_ws/install/autoware_v2x_msgs/share/autoware_v2x_msgs/environment/path.sh
[8.861s] -- Installing: /home/jmj/dream_ws/install/autoware_v2x_msgs/share/autoware_v2x_msgs/environment/path.dsv
[8.861s] -- Installing: /home/jmj/dream_ws/install/autoware_v2x_msgs/share/autoware_v2x_msgs/local_setup.bash
[8.862s] -- Installing: /home/jmj/dream_ws/install/autoware_v2x_msgs/share/autoware_v2x_msgs/local_setup.sh
[8.865s] -- Installing: /home/jmj/dream_ws/install/autoware_v2x_msgs/share/autoware_v2x_msgs/local_setup.zsh
[8.865s] -- Installing: /home/jmj/dream_ws/install/autoware_v2x_msgs/share/autoware_v2x_msgs/local_setup.dsv
[8.866s] -- Installing: /home/jmj/dream_ws/install/autoware_v2x_msgs/share/autoware_v2x_msgs/package.dsv
[8.866s] -- Installing: /home/jmj/dream_ws/install/autoware_v2x_msgs/share/ament_index/resource_index/packages/autoware_v2x_msgs
[8.866s] -- Installing: /home/jmj/dream_ws/install/autoware_v2x_msgs/share/autoware_v2x_msgs/cmake/export_autoware_v2x_msgs__rosidl_generator_cExport.cmake
[8.866s] -- Installing: /home/jmj/dream_ws/install/autoware_v2x_msgs/share/autoware_v2x_msgs/cmake/export_autoware_v2x_msgs__rosidl_generator_cExport-noconfig.cmake
[8.867s] -- Installing: /home/jmj/dream_ws/install/autoware_v2x_msgs/share/autoware_v2x_msgs/cmake/export_autoware_v2x_msgs__rosidl_typesupport_fastrtps_cExport.cmake
[8.867s] -- Installing: /home/jmj/dream_ws/install/autoware_v2x_msgs/share/autoware_v2x_msgs/cmake/export_autoware_v2x_msgs__rosidl_typesupport_fastrtps_cExport-noconfig.cmake
[8.867s] -- Installing: /home/jmj/dream_ws/install/autoware_v2x_msgs/share/autoware_v2x_msgs/cmake/autoware_v2x_msgs__rosidl_typesupport_introspection_cExport.cmake
[8.867s] -- Installing: /home/jmj/dream_ws/install/autoware_v2x_msgs/share/autoware_v2x_msgs/cmake/autoware_v2x_msgs__rosidl_typesupport_introspection_cExport-noconfig.cmake
[8.875s] -- Installing: /home/jmj/dream_ws/install/autoware_v2x_msgs/share/autoware_v2x_msgs/cmake/autoware_v2x_msgs__rosidl_typesupport_cExport.cmake
[8.875s] -- Installing: /home/jmj/dream_ws/install/autoware_v2x_msgs/share/autoware_v2x_msgs/cmake/autoware_v2x_msgs__rosidl_typesupport_cExport-noconfig.cmake
[8.875s] -- Installing: /home/jmj/dream_ws/install/autoware_v2x_msgs/share/autoware_v2x_msgs/cmake/export_autoware_v2x_msgs__rosidl_generator_cppExport.cmake
[8.875s] -- Installing: /home/jmj/dream_ws/install/autoware_v2x_msgs/share/autoware_v2x_msgs/cmake/export_autoware_v2x_msgs__rosidl_typesupport_fastrtps_cppExport.cmake
[8.875s] -- Installing: /home/jmj/dream_ws/install/autoware_v2x_msgs/share/autoware_v2x_msgs/cmake/export_autoware_v2x_msgs__rosidl_typesupport_fastrtps_cppExport-noconfig.cmake
[8.878s] -- Installing: /home/jmj/dream_ws/install/autoware_v2x_msgs/share/autoware_v2x_msgs/cmake/autoware_v2x_msgs__rosidl_typesupport_introspection_cppExport.cmake
[8.878s] -- Installing: /home/jmj/dream_ws/install/autoware_v2x_msgs/share/autoware_v2x_msgs/cmake/autoware_v2x_msgs__rosidl_typesupport_introspection_cppExport-noconfig.cmake
[8.878s] -- Installing: /home/jmj/dream_ws/install/autoware_v2x_msgs/share/autoware_v2x_msgs/cmake/autoware_v2x_msgs__rosidl_typesupport_cppExport.cmake
[8.878s] -- Installing: /home/jmj/dream_ws/install/autoware_v2x_msgs/share/autoware_v2x_msgs/cmake/autoware_v2x_msgs__rosidl_typesupport_cppExport-noconfig.cmake
[8.878s] -- Installing: /home/jmj/dream_ws/install/autoware_v2x_msgs/share/autoware_v2x_msgs/cmake/export_autoware_v2x_msgs__rosidl_generator_pyExport.cmake
[8.878s] -- Installing: /home/jmj/dream_ws/install/autoware_v2x_msgs/share/autoware_v2x_msgs/cmake/export_autoware_v2x_msgs__rosidl_generator_pyExport-noconfig.cmake
[8.879s] -- Installing: /home/jmj/dream_ws/install/autoware_v2x_msgs/share/autoware_v2x_msgs/cmake/rosidl_cmake-extras.cmake
[8.879s] -- Installing: /home/jmj/dream_ws/install/autoware_v2x_msgs/share/autoware_v2x_msgs/cmake/ament_cmake_export_dependencies-extras.cmake
[8.879s] -- Installing: /home/jmj/dream_ws/install/autoware_v2x_msgs/share/autoware_v2x_msgs/cmake/ament_cmake_export_include_directories-extras.cmake
[8.879s] -- Installing: /home/jmj/dream_ws/install/autoware_v2x_msgs/share/autoware_v2x_msgs/cmake/ament_cmake_export_libraries-extras.cmake
[8.879s] -- Installing: /home/jmj/dream_ws/install/autoware_v2x_msgs/share/autoware_v2x_msgs/cmake/ament_cmake_export_targets-extras.cmake
[8.879s] -- Installing: /home/jmj/dream_ws/install/autoware_v2x_msgs/share/autoware_v2x_msgs/cmake/rosidl_cmake_export_typesupport_targets-extras.cmake
[8.879s] -- Installing: /home/jmj/dream_ws/install/autoware_v2x_msgs/share/autoware_v2x_msgs/cmake/rosidl_cmake_export_typesupport_libraries-extras.cmake
[8.879s] -- Installing: /home/jmj/dream_ws/install/autoware_v2x_msgs/share/autoware_v2x_msgs/cmake/autoware_v2x_msgsConfig.cmake
[8.879s] -- Installing: /home/jmj/dream_ws/install/autoware_v2x_msgs/share/autoware_v2x_msgs/cmake/autoware_v2x_msgsConfig-version.cmake
[8.879s] -- Installing: /home/jmj/dream_ws/install/autoware_v2x_msgs/share/autoware_v2x_msgs/package.xml
[8.900s] Invoked command in '/home/jmj/dream_ws/build/autoware_v2x_msgs' returned '0': CMAKE_PREFIX_PATH=${CMAKE_PREFIX_PATH}:/home/jmj/dream_ws/install/dream:/opt/ros/humble /usr/bin/cmake --install /home/jmj/dream_ws/build/autoware_v2x_msgs
