[0.019s] Invoking command in '/home/jmj/dream_ws/build/autoware_common_msgs': CMAKE_PREFIX_PATH=${CMAKE_PREFIX_PATH}:/home/jmj/dream_ws/install/dream:/opt/ros/humble /usr/bin/cmake --build /home/jmj/dream_ws/build/autoware_common_msgs -- -j20 -l20
[0.053s] [  9%] Built target autoware_common_msgs__rosidl_generator_c
[0.053s] [ 12%] Built target autoware_common_msgs__cpp
[0.066s] [ 12%] Built target ament_cmake_python_copy_autoware_common_msgs
[0.106s] [ 22%] Built target autoware_common_msgs__rosidl_typesupport_fastrtps_cpp
[0.106s] [ 32%] Built target autoware_common_msgs__rosidl_typesupport_fastrtps_c
[0.106s] [ 41%] Built target autoware_common_msgs__rosidl_typesupport_introspection_c
[0.112s] [ 51%] Built target autoware_common_msgs__rosidl_typesupport_c
[0.113s] [ 61%] Built target autoware_common_msgs__rosidl_typesupport_introspection_cpp
[0.127s] [ 70%] Built target autoware_common_msgs__rosidl_typesupport_cpp
[0.153s] [ 70%] Built target autoware_common_msgs
[0.173s] [ 74%] Built target autoware_common_msgs__py
[0.195s] [ 80%] Built target autoware_common_msgs__rosidl_generator_py
[0.223s] [ 87%] Built target autoware_common_msgs__rosidl_typesupport_introspection_c__pyext
[0.223s] [ 93%] Built target autoware_common_msgs__rosidl_typesupport_fastrtps_c__pyext
[0.226s] [100%] Built target autoware_common_msgs__rosidl_typesupport_c__pyext
[0.333s] running egg_info
[0.333s] writing autoware_common_msgs.egg-info/PKG-INFO
[0.334s] writing dependency_links to autoware_common_msgs.egg-info/dependency_links.txt
[0.334s] writing top-level names to autoware_common_msgs.egg-info/top_level.txt
[0.336s] reading manifest file 'autoware_common_msgs.egg-info/SOURCES.txt'
[0.337s] writing manifest file 'autoware_common_msgs.egg-info/SOURCES.txt'
[0.371s] [100%] Built target ament_cmake_python_build_autoware_common_msgs_egg
[0.386s] Invoked command in '/home/jmj/dream_ws/build/autoware_common_msgs' returned '0': CMAKE_PREFIX_PATH=${CMAKE_PREFIX_PATH}:/home/jmj/dream_ws/install/dream:/opt/ros/humble /usr/bin/cmake --build /home/jmj/dream_ws/build/autoware_common_msgs -- -j20 -l20
[0.391s] Invoking command in '/home/jmj/dream_ws/build/autoware_common_msgs': CMAKE_PREFIX_PATH=${CMAKE_PREFIX_PATH}:/home/jmj/dream_ws/install/dream:/opt/ros/humble /usr/bin/cmake --install /home/jmj/dream_ws/build/autoware_common_msgs
[0.422s] -- Install configuration: ""
[0.422s] -- Up-to-date: /home/jmj/dream_ws/install/autoware_common_msgs/share/ament_index/resource_index/rosidl_interfaces/autoware_common_msgs
[0.423s] -- Up-to-date: /home/jmj/dream_ws/install/autoware_common_msgs/include/autoware_common_msgs/autoware_common_msgs
[0.423s] -- Up-to-date: /home/jmj/dream_ws/install/autoware_common_msgs/include/autoware_common_msgs/autoware_common_msgs/msg
[0.423s] -- Up-to-date: /home/jmj/dream_ws/install/autoware_common_msgs/include/autoware_common_msgs/autoware_common_msgs/msg/rosidl_generator_c__visibility_control.h
[0.423s] -- Up-to-date: /home/jmj/dream_ws/install/autoware_common_msgs/include/autoware_common_msgs/autoware_common_msgs/msg/detail
[0.423s] -- Up-to-date: /home/jmj/dream_ws/install/autoware_common_msgs/include/autoware_common_msgs/autoware_common_msgs/msg/detail/response_status__functions.c
[0.423s] -- Up-to-date: /home/jmj/dream_ws/install/autoware_common_msgs/include/autoware_common_msgs/autoware_common_msgs/msg/detail/response_status__type_support.h
[0.423s] -- Up-to-date: /home/jmj/dream_ws/install/autoware_common_msgs/include/autoware_common_msgs/autoware_common_msgs/msg/detail/response_status__functions.h
[0.423s] -- Up-to-date: /home/jmj/dream_ws/install/autoware_common_msgs/include/autoware_common_msgs/autoware_common_msgs/msg/detail/response_status__struct.h
[0.423s] -- Up-to-date: /home/jmj/dream_ws/install/autoware_common_msgs/include/autoware_common_msgs/autoware_common_msgs/msg/response_status.h
[0.424s] -- Up-to-date: /home/jmj/dream_ws/install/autoware_common_msgs/share/autoware_common_msgs/environment/library_path.sh
[0.424s] -- Up-to-date: /home/jmj/dream_ws/install/autoware_common_msgs/share/autoware_common_msgs/environment/library_path.dsv
[0.424s] -- Up-to-date: /home/jmj/dream_ws/install/autoware_common_msgs/lib/libautoware_common_msgs__rosidl_generator_c.so
[0.424s] -- Up-to-date: /home/jmj/dream_ws/install/autoware_common_msgs/include/autoware_common_msgs/autoware_common_msgs
[0.424s] -- Up-to-date: /home/jmj/dream_ws/install/autoware_common_msgs/include/autoware_common_msgs/autoware_common_msgs/msg
[0.424s] -- Up-to-date: /home/jmj/dream_ws/install/autoware_common_msgs/include/autoware_common_msgs/autoware_common_msgs/msg/detail
[0.424s] -- Up-to-date: /home/jmj/dream_ws/install/autoware_common_msgs/include/autoware_common_msgs/autoware_common_msgs/msg/detail/response_status__rosidl_typesupport_fastrtps_c.h
[0.424s] -- Up-to-date: /home/jmj/dream_ws/install/autoware_common_msgs/include/autoware_common_msgs/autoware_common_msgs/msg/rosidl_typesupport_fastrtps_c__visibility_control.h
[0.424s] -- Up-to-date: /home/jmj/dream_ws/install/autoware_common_msgs/lib/libautoware_common_msgs__rosidl_typesupport_fastrtps_c.so
[0.424s] -- Up-to-date: /home/jmj/dream_ws/install/autoware_common_msgs/include/autoware_common_msgs/autoware_common_msgs
[0.424s] -- Up-to-date: /home/jmj/dream_ws/install/autoware_common_msgs/include/autoware_common_msgs/autoware_common_msgs/msg
[0.424s] -- Up-to-date: /home/jmj/dream_ws/install/autoware_common_msgs/include/autoware_common_msgs/autoware_common_msgs/msg/detail
[0.424s] -- Up-to-date: /home/jmj/dream_ws/install/autoware_common_msgs/include/autoware_common_msgs/autoware_common_msgs/msg/detail/response_status__rosidl_typesupport_introspection_c.h
[0.424s] -- Up-to-date: /home/jmj/dream_ws/install/autoware_common_msgs/include/autoware_common_msgs/autoware_common_msgs/msg/detail/response_status__type_support.c
[0.424s] -- Up-to-date: /home/jmj/dream_ws/install/autoware_common_msgs/include/autoware_common_msgs/autoware_common_msgs/msg/rosidl_typesupport_introspection_c__visibility_control.h
[0.424s] -- Up-to-date: /home/jmj/dream_ws/install/autoware_common_msgs/lib/libautoware_common_msgs__rosidl_typesupport_introspection_c.so
[0.425s] -- Up-to-date: /home/jmj/dream_ws/install/autoware_common_msgs/lib/libautoware_common_msgs__rosidl_typesupport_c.so
[0.425s] -- Up-to-date: /home/jmj/dream_ws/install/autoware_common_msgs/include/autoware_common_msgs/autoware_common_msgs
[0.425s] -- Up-to-date: /home/jmj/dream_ws/install/autoware_common_msgs/include/autoware_common_msgs/autoware_common_msgs/msg
[0.425s] -- Up-to-date: /home/jmj/dream_ws/install/autoware_common_msgs/include/autoware_common_msgs/autoware_common_msgs/msg/detail
[0.425s] -- Up-to-date: /home/jmj/dream_ws/install/autoware_common_msgs/include/autoware_common_msgs/autoware_common_msgs/msg/detail/response_status__builder.hpp
[0.425s] -- Up-to-date: /home/jmj/dream_ws/install/autoware_common_msgs/include/autoware_common_msgs/autoware_common_msgs/msg/detail/response_status__type_support.hpp
[0.425s] -- Up-to-date: /home/jmj/dream_ws/install/autoware_common_msgs/include/autoware_common_msgs/autoware_common_msgs/msg/detail/response_status__traits.hpp
[0.425s] -- Up-to-date: /home/jmj/dream_ws/install/autoware_common_msgs/include/autoware_common_msgs/autoware_common_msgs/msg/detail/response_status__struct.hpp
[0.425s] -- Up-to-date: /home/jmj/dream_ws/install/autoware_common_msgs/include/autoware_common_msgs/autoware_common_msgs/msg/response_status.hpp
[0.425s] -- Up-to-date: /home/jmj/dream_ws/install/autoware_common_msgs/include/autoware_common_msgs/autoware_common_msgs/msg/rosidl_generator_cpp__visibility_control.hpp
[0.425s] -- Up-to-date: /home/jmj/dream_ws/install/autoware_common_msgs/include/autoware_common_msgs/autoware_common_msgs
[0.425s] -- Up-to-date: /home/jmj/dream_ws/install/autoware_common_msgs/include/autoware_common_msgs/autoware_common_msgs/msg
[0.425s] -- Up-to-date: /home/jmj/dream_ws/install/autoware_common_msgs/include/autoware_common_msgs/autoware_common_msgs/msg/detail
[0.425s] -- Up-to-date: /home/jmj/dream_ws/install/autoware_common_msgs/include/autoware_common_msgs/autoware_common_msgs/msg/detail/dds_fastrtps
[0.425s] -- Up-to-date: /home/jmj/dream_ws/install/autoware_common_msgs/include/autoware_common_msgs/autoware_common_msgs/msg/detail/response_status__rosidl_typesupport_fastrtps_cpp.hpp
[0.425s] -- Up-to-date: /home/jmj/dream_ws/install/autoware_common_msgs/include/autoware_common_msgs/autoware_common_msgs/msg/rosidl_typesupport_fastrtps_cpp__visibility_control.h
[0.425s] -- Up-to-date: /home/jmj/dream_ws/install/autoware_common_msgs/lib/libautoware_common_msgs__rosidl_typesupport_fastrtps_cpp.so
[0.425s] -- Up-to-date: /home/jmj/dream_ws/install/autoware_common_msgs/include/autoware_common_msgs/autoware_common_msgs
[0.425s] -- Up-to-date: /home/jmj/dream_ws/install/autoware_common_msgs/include/autoware_common_msgs/autoware_common_msgs/msg
[0.425s] -- Up-to-date: /home/jmj/dream_ws/install/autoware_common_msgs/include/autoware_common_msgs/autoware_common_msgs/msg/detail
[0.426s] -- Up-to-date: /home/jmj/dream_ws/install/autoware_common_msgs/include/autoware_common_msgs/autoware_common_msgs/msg/detail/response_status__type_support.cpp
[0.426s] -- Up-to-date: /home/jmj/dream_ws/install/autoware_common_msgs/include/autoware_common_msgs/autoware_common_msgs/msg/detail/response_status__rosidl_typesupport_introspection_cpp.hpp
[0.426s] -- Up-to-date: /home/jmj/dream_ws/install/autoware_common_msgs/lib/libautoware_common_msgs__rosidl_typesupport_introspection_cpp.so
[0.426s] -- Up-to-date: /home/jmj/dream_ws/install/autoware_common_msgs/lib/libautoware_common_msgs__rosidl_typesupport_cpp.so
[0.426s] -- Up-to-date: /home/jmj/dream_ws/install/autoware_common_msgs/share/autoware_common_msgs/environment/pythonpath.sh
[0.426s] -- Up-to-date: /home/jmj/dream_ws/install/autoware_common_msgs/share/autoware_common_msgs/environment/pythonpath.dsv
[0.426s] -- Up-to-date: /home/jmj/dream_ws/install/autoware_common_msgs/local/lib/python3.10/dist-packages/autoware_common_msgs-1.8.0-py3.10.egg-info
[0.426s] -- Installing: /home/jmj/dream_ws/install/autoware_common_msgs/local/lib/python3.10/dist-packages/autoware_common_msgs-1.8.0-py3.10.egg-info/dependency_links.txt
[0.426s] -- Installing: /home/jmj/dream_ws/install/autoware_common_msgs/local/lib/python3.10/dist-packages/autoware_common_msgs-1.8.0-py3.10.egg-info/top_level.txt
[0.426s] -- Installing: /home/jmj/dream_ws/install/autoware_common_msgs/local/lib/python3.10/dist-packages/autoware_common_msgs-1.8.0-py3.10.egg-info/PKG-INFO
[0.426s] -- Installing: /home/jmj/dream_ws/install/autoware_common_msgs/local/lib/python3.10/dist-packages/autoware_common_msgs-1.8.0-py3.10.egg-info/SOURCES.txt
[0.426s] -- Up-to-date: /home/jmj/dream_ws/install/autoware_common_msgs/local/lib/python3.10/dist-packages/autoware_common_msgs
[0.426s] -- Up-to-date: /home/jmj/dream_ws/install/autoware_common_msgs/local/lib/python3.10/dist-packages/autoware_common_msgs/libautoware_common_msgs__rosidl_generator_py.so
[0.426s] -- Up-to-date: /home/jmj/dream_ws/install/autoware_common_msgs/local/lib/python3.10/dist-packages/autoware_common_msgs/__init__.py
[0.426s] -- Up-to-date: /home/jmj/dream_ws/install/autoware_common_msgs/local/lib/python3.10/dist-packages/autoware_common_msgs/autoware_common_msgs_s__rosidl_typesupport_c.cpython-310-x86_64-linux-gnu.so
[0.426s] -- Up-to-date: /home/jmj/dream_ws/install/autoware_common_msgs/local/lib/python3.10/dist-packages/autoware_common_msgs/_autoware_common_msgs_s.ep.rosidl_typesupport_introspection_c.c
[0.426s] -- Up-to-date: /home/jmj/dream_ws/install/autoware_common_msgs/local/lib/python3.10/dist-packages/autoware_common_msgs/autoware_common_msgs_s__rosidl_typesupport_introspection_c.cpython-310-x86_64-linux-gnu.so
[0.426s] -- Up-to-date: /home/jmj/dream_ws/install/autoware_common_msgs/local/lib/python3.10/dist-packages/autoware_common_msgs/autoware_common_msgs_s__rosidl_typesupport_fastrtps_c.cpython-310-x86_64-linux-gnu.so
[0.426s] -- Up-to-date: /home/jmj/dream_ws/install/autoware_common_msgs/local/lib/python3.10/dist-packages/autoware_common_msgs/_autoware_common_msgs_s.ep.rosidl_typesupport_c.c
[0.426s] -- Up-to-date: /home/jmj/dream_ws/install/autoware_common_msgs/local/lib/python3.10/dist-packages/autoware_common_msgs/msg
[0.426s] -- Up-to-date: /home/jmj/dream_ws/install/autoware_common_msgs/local/lib/python3.10/dist-packages/autoware_common_msgs/msg/_response_status.py
[0.426s] -- Up-to-date: /home/jmj/dream_ws/install/autoware_common_msgs/local/lib/python3.10/dist-packages/autoware_common_msgs/msg/__init__.py
[0.426s] -- Up-to-date: /home/jmj/dream_ws/install/autoware_common_msgs/local/lib/python3.10/dist-packages/autoware_common_msgs/msg/_response_status_s.c
[0.426s] -- Up-to-date: /home/jmj/dream_ws/install/autoware_common_msgs/local/lib/python3.10/dist-packages/autoware_common_msgs/_autoware_common_msgs_s.ep.rosidl_typesupport_fastrtps_c.c
[0.438s] Listing '/home/jmj/dream_ws/install/autoware_common_msgs/local/lib/python3.10/dist-packages/autoware_common_msgs'...
[0.438s] Listing '/home/jmj/dream_ws/install/autoware_common_msgs/local/lib/python3.10/dist-packages/autoware_common_msgs/msg'...
[0.440s] -- Up-to-date: /home/jmj/dream_ws/install/autoware_common_msgs/local/lib/python3.10/dist-packages/autoware_common_msgs/autoware_common_msgs_s__rosidl_typesupport_fastrtps_c.cpython-310-x86_64-linux-gnu.so
[0.440s] -- Up-to-date: /home/jmj/dream_ws/install/autoware_common_msgs/local/lib/python3.10/dist-packages/autoware_common_msgs/autoware_common_msgs_s__rosidl_typesupport_introspection_c.cpython-310-x86_64-linux-gnu.so
[0.441s] -- Up-to-date: /home/jmj/dream_ws/install/autoware_common_msgs/local/lib/python3.10/dist-packages/autoware_common_msgs/autoware_common_msgs_s__rosidl_typesupport_c.cpython-310-x86_64-linux-gnu.so
[0.441s] -- Up-to-date: /home/jmj/dream_ws/install/autoware_common_msgs/lib/libautoware_common_msgs__rosidl_generator_py.so
[0.441s] -- Up-to-date: /home/jmj/dream_ws/install/autoware_common_msgs/share/autoware_common_msgs/msg/ResponseStatus.idl
[0.441s] -- Up-to-date: /home/jmj/dream_ws/install/autoware_common_msgs/share/autoware_common_msgs/msg/ResponseStatus.msg
[0.441s] -- Up-to-date: /home/jmj/dream_ws/install/autoware_common_msgs/share/ament_index/resource_index/package_run_dependencies/autoware_common_msgs
[0.441s] -- Up-to-date: /home/jmj/dream_ws/install/autoware_common_msgs/share/ament_index/resource_index/parent_prefix_path/autoware_common_msgs
[0.441s] -- Up-to-date: /home/jmj/dream_ws/install/autoware_common_msgs/share/autoware_common_msgs/environment/ament_prefix_path.sh
[0.441s] -- Up-to-date: /home/jmj/dream_ws/install/autoware_common_msgs/share/autoware_common_msgs/environment/ament_prefix_path.dsv
[0.441s] -- Up-to-date: /home/jmj/dream_ws/install/autoware_common_msgs/share/autoware_common_msgs/environment/path.sh
[0.441s] -- Up-to-date: /home/jmj/dream_ws/install/autoware_common_msgs/share/autoware_common_msgs/environment/path.dsv
[0.441s] -- Up-to-date: /home/jmj/dream_ws/install/autoware_common_msgs/share/autoware_common_msgs/local_setup.bash
[0.441s] -- Up-to-date: /home/jmj/dream_ws/install/autoware_common_msgs/share/autoware_common_msgs/local_setup.sh
[0.441s] -- Up-to-date: /home/jmj/dream_ws/install/autoware_common_msgs/share/autoware_common_msgs/local_setup.zsh
[0.441s] -- Up-to-date: /home/jmj/dream_ws/install/autoware_common_msgs/share/autoware_common_msgs/local_setup.dsv
[0.441s] -- Installing: /home/jmj/dream_ws/install/autoware_common_msgs/share/autoware_common_msgs/package.dsv
[0.441s] -- Up-to-date: /home/jmj/dream_ws/install/autoware_common_msgs/share/ament_index/resource_index/packages/autoware_common_msgs
[0.441s] -- Up-to-date: /home/jmj/dream_ws/install/autoware_common_msgs/share/autoware_common_msgs/cmake/export_autoware_common_msgs__rosidl_generator_cExport.cmake
[0.441s] -- Up-to-date: /home/jmj/dream_ws/install/autoware_common_msgs/share/autoware_common_msgs/cmake/export_autoware_common_msgs__rosidl_generator_cExport-noconfig.cmake
[0.441s] -- Up-to-date: /home/jmj/dream_ws/install/autoware_common_msgs/share/autoware_common_msgs/cmake/export_autoware_common_msgs__rosidl_typesupport_fastrtps_cExport.cmake
[0.441s] -- Up-to-date: /home/jmj/dream_ws/install/autoware_common_msgs/share/autoware_common_msgs/cmake/export_autoware_common_msgs__rosidl_typesupport_fastrtps_cExport-noconfig.cmake
[0.441s] -- Up-to-date: /home/jmj/dream_ws/install/autoware_common_msgs/share/autoware_common_msgs/cmake/autoware_common_msgs__rosidl_typesupport_introspection_cExport.cmake
[0.441s] -- Up-to-date: /home/jmj/dream_ws/install/autoware_common_msgs/share/autoware_common_msgs/cmake/autoware_common_msgs__rosidl_typesupport_introspection_cExport-noconfig.cmake
[0.441s] -- Up-to-date: /home/jmj/dream_ws/install/autoware_common_msgs/share/autoware_common_msgs/cmake/autoware_common_msgs__rosidl_typesupport_cExport.cmake
[0.441s] -- Up-to-date: /home/jmj/dream_ws/install/autoware_common_msgs/share/autoware_common_msgs/cmake/autoware_common_msgs__rosidl_typesupport_cExport-noconfig.cmake
[0.442s] -- Up-to-date: /home/jmj/dream_ws/install/autoware_common_msgs/share/autoware_common_msgs/cmake/export_autoware_common_msgs__rosidl_generator_cppExport.cmake
[0.442s] -- Up-to-date: /home/jmj/dream_ws/install/autoware_common_msgs/share/autoware_common_msgs/cmake/export_autoware_common_msgs__rosidl_typesupport_fastrtps_cppExport.cmake
[0.442s] -- Up-to-date: /home/jmj/dream_ws/install/autoware_common_msgs/share/autoware_common_msgs/cmake/export_autoware_common_msgs__rosidl_typesupport_fastrtps_cppExport-noconfig.cmake
[0.442s] -- Up-to-date: /home/jmj/dream_ws/install/autoware_common_msgs/share/autoware_common_msgs/cmake/autoware_common_msgs__rosidl_typesupport_introspection_cppExport.cmake
[0.442s] -- Up-to-date: /home/jmj/dream_ws/install/autoware_common_msgs/share/autoware_common_msgs/cmake/autoware_common_msgs__rosidl_typesupport_introspection_cppExport-noconfig.cmake
[0.442s] -- Up-to-date: /home/jmj/dream_ws/install/autoware_common_msgs/share/autoware_common_msgs/cmake/autoware_common_msgs__rosidl_typesupport_cppExport.cmake
[0.442s] -- Up-to-date: /home/jmj/dream_ws/install/autoware_common_msgs/share/autoware_common_msgs/cmake/autoware_common_msgs__rosidl_typesupport_cppExport-noconfig.cmake
[0.442s] -- Up-to-date: /home/jmj/dream_ws/install/autoware_common_msgs/share/autoware_common_msgs/cmake/export_autoware_common_msgs__rosidl_generator_pyExport.cmake
[0.442s] -- Up-to-date: /home/jmj/dream_ws/install/autoware_common_msgs/share/autoware_common_msgs/cmake/export_autoware_common_msgs__rosidl_generator_pyExport-noconfig.cmake
[0.442s] -- Up-to-date: /home/jmj/dream_ws/install/autoware_common_msgs/share/autoware_common_msgs/cmake/rosidl_cmake-extras.cmake
[0.442s] -- Up-to-date: /home/jmj/dream_ws/install/autoware_common_msgs/share/autoware_common_msgs/cmake/ament_cmake_export_include_directories-extras.cmake
[0.442s] -- Up-to-date: /home/jmj/dream_ws/install/autoware_common_msgs/share/autoware_common_msgs/cmake/ament_cmake_export_libraries-extras.cmake
[0.442s] -- Up-to-date: /home/jmj/dream_ws/install/autoware_common_msgs/share/autoware_common_msgs/cmake/ament_cmake_export_targets-extras.cmake
[0.443s] -- Up-to-date: /home/jmj/dream_ws/install/autoware_common_msgs/share/autoware_common_msgs/cmake/rosidl_cmake_export_typesupport_targets-extras.cmake
[0.443s] -- Up-to-date: /home/jmj/dream_ws/install/autoware_common_msgs/share/autoware_common_msgs/cmake/ament_cmake_export_dependencies-extras.cmake
[0.443s] -- Up-to-date: /home/jmj/dream_ws/install/autoware_common_msgs/share/autoware_common_msgs/cmake/rosidl_cmake_export_typesupport_libraries-extras.cmake
[0.443s] -- Up-to-date: /home/jmj/dream_ws/install/autoware_common_msgs/share/autoware_common_msgs/cmake/autoware_common_msgsConfig.cmake
[0.443s] -- Up-to-date: /home/jmj/dream_ws/install/autoware_common_msgs/share/autoware_common_msgs/cmake/autoware_common_msgsConfig-version.cmake
[0.443s] -- Up-to-date: /home/jmj/dream_ws/install/autoware_common_msgs/share/autoware_common_msgs/package.xml
[0.478s] Invoked command in '/home/jmj/dream_ws/build/autoware_common_msgs' returned '0': CMAKE_PREFIX_PATH=${CMAKE_PREFIX_PATH}:/home/jmj/dream_ws/install/dream:/opt/ros/humble /usr/bin/cmake --install /home/jmj/dream_ws/build/autoware_common_msgs
