[0.016s] Invoking command in '/home/jmj/dream_ws/build/autoware_localization_msgs': CMAKE_PREFIX_PATH=/opt/ros/humble /usr/bin/cmake --build /home/jmj/dream_ws/build/autoware_localization_msgs -- -j20 -l20
[0.037s] [35m[1mConsolidate compiler generated dependencies of target autoware_localization_msgs__rosidl_generator_c[0m
[0.047s] [  3%] Built target autoware_localization_msgs__cpp
[0.048s] [ 12%] Built target autoware_localization_msgs__rosidl_generator_c
[0.055s] [ 12%] Built target ament_cmake_python_copy_autoware_localization_msgs
[0.055s] [35m[1mConsolidate compiler generated dependencies of target autoware_localization_msgs__rosidl_typesupport_cpp[0m
[0.061s] [35m[1mConsolidate compiler generated dependencies of target autoware_localization_msgs__rosidl_typesupport_fastrtps_cpp[0m
[0.064s] [35m[1mConsolidate compiler generated dependencies of target autoware_localization_msgs__rosidl_typesupport_introspection_cpp[0m
[0.067s] [35m[1mConsolidate compiler generated dependencies of target autoware_localization_msgs__rosidl_typesupport_introspection_c[0m
[0.069s] [35m[1mConsolidate compiler generated dependencies of target autoware_localization_msgs__rosidl_typesupport_fastrtps_c[0m
[0.070s] [ 22%] Built target autoware_localization_msgs__rosidl_typesupport_cpp
[0.074s] [ 32%] Built target autoware_localization_msgs__rosidl_typesupport_fastrtps_cpp
[0.075s] [35m[1mConsolidate compiler generated dependencies of target autoware_localization_msgs__rosidl_typesupport_c[0m
[0.092s] [ 41%] Built target autoware_localization_msgs__rosidl_typesupport_introspection_c
[0.101s] [ 51%] Built target autoware_localization_msgs__rosidl_typesupport_fastrtps_c
[0.108s] [ 61%] Built target autoware_localization_msgs__rosidl_typesupport_introspection_cpp
[0.108s] [ 70%] Built target autoware_localization_msgs__rosidl_typesupport_c
[0.131s] [ 70%] Built target autoware_localization_msgs
[0.149s] [ 74%] Built target autoware_localization_msgs__py
[0.158s] [35m[1mConsolidate compiler generated dependencies of target autoware_localization_msgs__rosidl_generator_py[0m
[0.169s] [ 80%] Built target autoware_localization_msgs__rosidl_generator_py
[0.178s] [35m[1mConsolidate compiler generated dependencies of target autoware_localization_msgs__rosidl_typesupport_introspection_c__pyext[0m
[0.178s] [35m[1mConsolidate compiler generated dependencies of target autoware_localization_msgs__rosidl_typesupport_fastrtps_c__pyext[0m
[0.182s] [35m[1mConsolidate compiler generated dependencies of target autoware_localization_msgs__rosidl_typesupport_c__pyext[0m
[0.198s] [ 87%] Built target autoware_localization_msgs__rosidl_typesupport_introspection_c__pyext
[0.198s] [ 93%] Built target autoware_localization_msgs__rosidl_typesupport_fastrtps_c__pyext
[0.206s] [100%] Built target autoware_localization_msgs__rosidl_typesupport_c__pyext
[0.302s] running egg_info
[0.303s] writing autoware_localization_msgs.egg-info/PKG-INFO
[0.303s] writing dependency_links to autoware_localization_msgs.egg-info/dependency_links.txt
[0.303s] writing top-level names to autoware_localization_msgs.egg-info/top_level.txt
[0.305s] reading manifest file 'autoware_localization_msgs.egg-info/SOURCES.txt'
[0.305s] writing manifest file 'autoware_localization_msgs.egg-info/SOURCES.txt'
[0.326s] [100%] Built target ament_cmake_python_build_autoware_localization_msgs_egg
[0.340s] Invoked command in '/home/jmj/dream_ws/build/autoware_localization_msgs' returned '0': CMAKE_PREFIX_PATH=/opt/ros/humble /usr/bin/cmake --build /home/jmj/dream_ws/build/autoware_localization_msgs -- -j20 -l20
[0.341s] Invoking command in '/home/jmj/dream_ws/build/autoware_localization_msgs': CMAKE_PREFIX_PATH=/opt/ros/humble /usr/bin/cmake --install /home/jmj/dream_ws/build/autoware_localization_msgs
[0.351s] -- Install configuration: ""
[0.351s] -- Up-to-date: /home/jmj/dream_ws/install/autoware_localization_msgs/share/ament_index/resource_index/rosidl_interfaces/autoware_localization_msgs
[0.351s] -- Up-to-date: /home/jmj/dream_ws/install/autoware_localization_msgs/include/autoware_localization_msgs/autoware_localization_msgs
[0.351s] -- Up-to-date: /home/jmj/dream_ws/install/autoware_localization_msgs/include/autoware_localization_msgs/autoware_localization_msgs/msg
[0.351s] -- Up-to-date: /home/jmj/dream_ws/install/autoware_localization_msgs/include/autoware_localization_msgs/autoware_localization_msgs/msg/rosidl_generator_c__visibility_control.h
[0.351s] -- Up-to-date: /home/jmj/dream_ws/install/autoware_localization_msgs/include/autoware_localization_msgs/autoware_localization_msgs/msg/detail
[0.351s] -- Up-to-date: /home/jmj/dream_ws/install/autoware_localization_msgs/include/autoware_localization_msgs/autoware_localization_msgs/msg/detail/kinematic_state__functions.c
[0.351s] -- Up-to-date: /home/jmj/dream_ws/install/autoware_localization_msgs/include/autoware_localization_msgs/autoware_localization_msgs/msg/detail/kinematic_state__functions.h
[0.351s] -- Up-to-date: /home/jmj/dream_ws/install/autoware_localization_msgs/include/autoware_localization_msgs/autoware_localization_msgs/msg/detail/kinematic_state__struct.h
[0.351s] -- Up-to-date: /home/jmj/dream_ws/install/autoware_localization_msgs/include/autoware_localization_msgs/autoware_localization_msgs/msg/detail/kinematic_state__type_support.h
[0.351s] -- Up-to-date: /home/jmj/dream_ws/install/autoware_localization_msgs/include/autoware_localization_msgs/autoware_localization_msgs/msg/kinematic_state.h
[0.351s] -- Up-to-date: /home/jmj/dream_ws/install/autoware_localization_msgs/share/autoware_localization_msgs/environment/library_path.sh
[0.351s] -- Up-to-date: /home/jmj/dream_ws/install/autoware_localization_msgs/share/autoware_localization_msgs/environment/library_path.dsv
[0.351s] -- Up-to-date: /home/jmj/dream_ws/install/autoware_localization_msgs/lib/libautoware_localization_msgs__rosidl_generator_c.so
[0.351s] -- Up-to-date: /home/jmj/dream_ws/install/autoware_localization_msgs/include/autoware_localization_msgs/autoware_localization_msgs
[0.351s] -- Up-to-date: /home/jmj/dream_ws/install/autoware_localization_msgs/include/autoware_localization_msgs/autoware_localization_msgs/msg
[0.351s] -- Up-to-date: /home/jmj/dream_ws/install/autoware_localization_msgs/include/autoware_localization_msgs/autoware_localization_msgs/msg/detail
[0.351s] -- Up-to-date: /home/jmj/dream_ws/install/autoware_localization_msgs/include/autoware_localization_msgs/autoware_localization_msgs/msg/detail/kinematic_state__rosidl_typesupport_fastrtps_c.h
[0.351s] -- Up-to-date: /home/jmj/dream_ws/install/autoware_localization_msgs/include/autoware_localization_msgs/autoware_localization_msgs/msg/rosidl_typesupport_fastrtps_c__visibility_control.h
[0.351s] -- Up-to-date: /home/jmj/dream_ws/install/autoware_localization_msgs/lib/libautoware_localization_msgs__rosidl_typesupport_fastrtps_c.so
[0.351s] -- Up-to-date: /home/jmj/dream_ws/install/autoware_localization_msgs/include/autoware_localization_msgs/autoware_localization_msgs
[0.351s] -- Up-to-date: /home/jmj/dream_ws/install/autoware_localization_msgs/include/autoware_localization_msgs/autoware_localization_msgs/msg
[0.351s] -- Up-to-date: /home/jmj/dream_ws/install/autoware_localization_msgs/include/autoware_localization_msgs/autoware_localization_msgs/msg/detail
[0.351s] -- Up-to-date: /home/jmj/dream_ws/install/autoware_localization_msgs/include/autoware_localization_msgs/autoware_localization_msgs/msg/detail/kinematic_state__struct.hpp
[0.351s] -- Up-to-date: /home/jmj/dream_ws/install/autoware_localization_msgs/include/autoware_localization_msgs/autoware_localization_msgs/msg/detail/kinematic_state__traits.hpp
[0.351s] -- Up-to-date: /home/jmj/dream_ws/install/autoware_localization_msgs/include/autoware_localization_msgs/autoware_localization_msgs/msg/detail/kinematic_state__type_support.hpp
[0.351s] -- Up-to-date: /home/jmj/dream_ws/install/autoware_localization_msgs/include/autoware_localization_msgs/autoware_localization_msgs/msg/detail/kinematic_state__builder.hpp
[0.351s] -- Up-to-date: /home/jmj/dream_ws/install/autoware_localization_msgs/include/autoware_localization_msgs/autoware_localization_msgs/msg/kinematic_state.hpp
[0.351s] -- Up-to-date: /home/jmj/dream_ws/install/autoware_localization_msgs/include/autoware_localization_msgs/autoware_localization_msgs/msg/rosidl_generator_cpp__visibility_control.hpp
[0.351s] -- Up-to-date: /home/jmj/dream_ws/install/autoware_localization_msgs/include/autoware_localization_msgs/autoware_localization_msgs
[0.351s] -- Up-to-date: /home/jmj/dream_ws/install/autoware_localization_msgs/include/autoware_localization_msgs/autoware_localization_msgs/msg
[0.351s] -- Up-to-date: /home/jmj/dream_ws/install/autoware_localization_msgs/include/autoware_localization_msgs/autoware_localization_msgs/msg/detail
[0.351s] -- Up-to-date: /home/jmj/dream_ws/install/autoware_localization_msgs/include/autoware_localization_msgs/autoware_localization_msgs/msg/detail/dds_fastrtps
[0.352s] -- Up-to-date: /home/jmj/dream_ws/install/autoware_localization_msgs/include/autoware_localization_msgs/autoware_localization_msgs/msg/detail/kinematic_state__rosidl_typesupport_fastrtps_cpp.hpp
[0.352s] -- Up-to-date: /home/jmj/dream_ws/install/autoware_localization_msgs/include/autoware_localization_msgs/autoware_localization_msgs/msg/rosidl_typesupport_fastrtps_cpp__visibility_control.h
[0.352s] -- Up-to-date: /home/jmj/dream_ws/install/autoware_localization_msgs/lib/libautoware_localization_msgs__rosidl_typesupport_fastrtps_cpp.so
[0.352s] -- Up-to-date: /home/jmj/dream_ws/install/autoware_localization_msgs/include/autoware_localization_msgs/autoware_localization_msgs
[0.352s] -- Up-to-date: /home/jmj/dream_ws/install/autoware_localization_msgs/include/autoware_localization_msgs/autoware_localization_msgs/msg
[0.352s] -- Up-to-date: /home/jmj/dream_ws/install/autoware_localization_msgs/include/autoware_localization_msgs/autoware_localization_msgs/msg/detail
[0.352s] -- Up-to-date: /home/jmj/dream_ws/install/autoware_localization_msgs/include/autoware_localization_msgs/autoware_localization_msgs/msg/detail/kinematic_state__type_support.c
[0.352s] -- Up-to-date: /home/jmj/dream_ws/install/autoware_localization_msgs/include/autoware_localization_msgs/autoware_localization_msgs/msg/detail/kinematic_state__rosidl_typesupport_introspection_c.h
[0.352s] -- Up-to-date: /home/jmj/dream_ws/install/autoware_localization_msgs/include/autoware_localization_msgs/autoware_localization_msgs/msg/rosidl_typesupport_introspection_c__visibility_control.h
[0.352s] -- Up-to-date: /home/jmj/dream_ws/install/autoware_localization_msgs/lib/libautoware_localization_msgs__rosidl_typesupport_introspection_c.so
[0.352s] -- Up-to-date: /home/jmj/dream_ws/install/autoware_localization_msgs/lib/libautoware_localization_msgs__rosidl_typesupport_c.so
[0.352s] -- Up-to-date: /home/jmj/dream_ws/install/autoware_localization_msgs/include/autoware_localization_msgs/autoware_localization_msgs
[0.352s] -- Up-to-date: /home/jmj/dream_ws/install/autoware_localization_msgs/include/autoware_localization_msgs/autoware_localization_msgs/msg
[0.352s] -- Up-to-date: /home/jmj/dream_ws/install/autoware_localization_msgs/include/autoware_localization_msgs/autoware_localization_msgs/msg/detail
[0.352s] -- Up-to-date: /home/jmj/dream_ws/install/autoware_localization_msgs/include/autoware_localization_msgs/autoware_localization_msgs/msg/detail/kinematic_state__type_support.cpp
[0.352s] -- Up-to-date: /home/jmj/dream_ws/install/autoware_localization_msgs/include/autoware_localization_msgs/autoware_localization_msgs/msg/detail/kinematic_state__rosidl_typesupport_introspection_cpp.hpp
[0.352s] -- Up-to-date: /home/jmj/dream_ws/install/autoware_localization_msgs/lib/libautoware_localization_msgs__rosidl_typesupport_introspection_cpp.so
[0.352s] -- Up-to-date: /home/jmj/dream_ws/install/autoware_localization_msgs/lib/libautoware_localization_msgs__rosidl_typesupport_cpp.so
[0.352s] -- Up-to-date: /home/jmj/dream_ws/install/autoware_localization_msgs/share/autoware_localization_msgs/environment/pythonpath.sh
[0.352s] -- Up-to-date: /home/jmj/dream_ws/install/autoware_localization_msgs/share/autoware_localization_msgs/environment/pythonpath.dsv
[0.353s] -- Up-to-date: /home/jmj/dream_ws/install/autoware_localization_msgs/local/lib/python3.10/dist-packages/autoware_localization_msgs-1.8.0-py3.10.egg-info
[0.353s] -- Installing: /home/jmj/dream_ws/install/autoware_localization_msgs/local/lib/python3.10/dist-packages/autoware_localization_msgs-1.8.0-py3.10.egg-info/dependency_links.txt
[0.353s] -- Installing: /home/jmj/dream_ws/install/autoware_localization_msgs/local/lib/python3.10/dist-packages/autoware_localization_msgs-1.8.0-py3.10.egg-info/top_level.txt
[0.353s] -- Installing: /home/jmj/dream_ws/install/autoware_localization_msgs/local/lib/python3.10/dist-packages/autoware_localization_msgs-1.8.0-py3.10.egg-info/PKG-INFO
[0.353s] -- Installing: /home/jmj/dream_ws/install/autoware_localization_msgs/local/lib/python3.10/dist-packages/autoware_localization_msgs-1.8.0-py3.10.egg-info/SOURCES.txt
[0.353s] -- Up-to-date: /home/jmj/dream_ws/install/autoware_localization_msgs/local/lib/python3.10/dist-packages/autoware_localization_msgs
[0.353s] -- Up-to-date: /home/jmj/dream_ws/install/autoware_localization_msgs/local/lib/python3.10/dist-packages/autoware_localization_msgs/autoware_localization_msgs_s__rosidl_typesupport_introspection_c.cpython-310-x86_64-linux-gnu.so
[0.353s] -- Up-to-date: /home/jmj/dream_ws/install/autoware_localization_msgs/local/lib/python3.10/dist-packages/autoware_localization_msgs/_autoware_localization_msgs_s.ep.rosidl_typesupport_fastrtps_c.c
[0.353s] -- Up-to-date: /home/jmj/dream_ws/install/autoware_localization_msgs/local/lib/python3.10/dist-packages/autoware_localization_msgs/__init__.py
[0.353s] -- Up-to-date: /home/jmj/dream_ws/install/autoware_localization_msgs/local/lib/python3.10/dist-packages/autoware_localization_msgs/libautoware_localization_msgs__rosidl_generator_py.so
[0.353s] -- Up-to-date: /home/jmj/dream_ws/install/autoware_localization_msgs/local/lib/python3.10/dist-packages/autoware_localization_msgs/_autoware_localization_msgs_s.ep.rosidl_typesupport_introspection_c.c
[0.353s] -- Up-to-date: /home/jmj/dream_ws/install/autoware_localization_msgs/local/lib/python3.10/dist-packages/autoware_localization_msgs/_autoware_localization_msgs_s.ep.rosidl_typesupport_c.c
[0.353s] -- Up-to-date: /home/jmj/dream_ws/install/autoware_localization_msgs/local/lib/python3.10/dist-packages/autoware_localization_msgs/autoware_localization_msgs_s__rosidl_typesupport_fastrtps_c.cpython-310-x86_64-linux-gnu.so
[0.353s] -- Up-to-date: /home/jmj/dream_ws/install/autoware_localization_msgs/local/lib/python3.10/dist-packages/autoware_localization_msgs/autoware_localization_msgs_s__rosidl_typesupport_c.cpython-310-x86_64-linux-gnu.so
[0.353s] -- Up-to-date: /home/jmj/dream_ws/install/autoware_localization_msgs/local/lib/python3.10/dist-packages/autoware_localization_msgs/msg
[0.353s] -- Up-to-date: /home/jmj/dream_ws/install/autoware_localization_msgs/local/lib/python3.10/dist-packages/autoware_localization_msgs/msg/_kinematic_state_s.c
[0.353s] -- Up-to-date: /home/jmj/dream_ws/install/autoware_localization_msgs/local/lib/python3.10/dist-packages/autoware_localization_msgs/msg/__init__.py
[0.353s] -- Up-to-date: /home/jmj/dream_ws/install/autoware_localization_msgs/local/lib/python3.10/dist-packages/autoware_localization_msgs/msg/_kinematic_state.py
[0.394s] Listing '/home/jmj/dream_ws/install/autoware_localization_msgs/local/lib/python3.10/dist-packages/autoware_localization_msgs'...
[0.394s] Listing '/home/jmj/dream_ws/install/autoware_localization_msgs/local/lib/python3.10/dist-packages/autoware_localization_msgs/msg'...
[0.399s] -- Up-to-date: /home/jmj/dream_ws/install/autoware_localization_msgs/local/lib/python3.10/dist-packages/autoware_localization_msgs/autoware_localization_msgs_s__rosidl_typesupport_fastrtps_c.cpython-310-x86_64-linux-gnu.so
[0.399s] -- Up-to-date: /home/jmj/dream_ws/install/autoware_localization_msgs/local/lib/python3.10/dist-packages/autoware_localization_msgs/autoware_localization_msgs_s__rosidl_typesupport_introspection_c.cpython-310-x86_64-linux-gnu.so
[0.399s] -- Up-to-date: /home/jmj/dream_ws/install/autoware_localization_msgs/local/lib/python3.10/dist-packages/autoware_localization_msgs/autoware_localization_msgs_s__rosidl_typesupport_c.cpython-310-x86_64-linux-gnu.so
[0.399s] -- Up-to-date: /home/jmj/dream_ws/install/autoware_localization_msgs/lib/libautoware_localization_msgs__rosidl_generator_py.so
[0.399s] -- Up-to-date: /home/jmj/dream_ws/install/autoware_localization_msgs/share/autoware_localization_msgs/msg/KinematicState.idl
[0.399s] -- Up-to-date: /home/jmj/dream_ws/install/autoware_localization_msgs/share/autoware_localization_msgs/msg/KinematicState.msg
[0.399s] -- Up-to-date: /home/jmj/dream_ws/install/autoware_localization_msgs/share/ament_index/resource_index/package_run_dependencies/autoware_localization_msgs
[0.399s] -- Up-to-date: /home/jmj/dream_ws/install/autoware_localization_msgs/share/ament_index/resource_index/parent_prefix_path/autoware_localization_msgs
[0.399s] -- Up-to-date: /home/jmj/dream_ws/install/autoware_localization_msgs/share/autoware_localization_msgs/environment/ament_prefix_path.sh
[0.399s] -- Up-to-date: /home/jmj/dream_ws/install/autoware_localization_msgs/share/autoware_localization_msgs/environment/ament_prefix_path.dsv
[0.399s] -- Up-to-date: /home/jmj/dream_ws/install/autoware_localization_msgs/share/autoware_localization_msgs/environment/path.sh
[0.399s] -- Up-to-date: /home/jmj/dream_ws/install/autoware_localization_msgs/share/autoware_localization_msgs/environment/path.dsv
[0.399s] -- Up-to-date: /home/jmj/dream_ws/install/autoware_localization_msgs/share/autoware_localization_msgs/local_setup.bash
[0.399s] -- Up-to-date: /home/jmj/dream_ws/install/autoware_localization_msgs/share/autoware_localization_msgs/local_setup.sh
[0.399s] -- Up-to-date: /home/jmj/dream_ws/install/autoware_localization_msgs/share/autoware_localization_msgs/local_setup.zsh
[0.399s] -- Up-to-date: /home/jmj/dream_ws/install/autoware_localization_msgs/share/autoware_localization_msgs/local_setup.dsv
[0.399s] -- Installing: /home/jmj/dream_ws/install/autoware_localization_msgs/share/autoware_localization_msgs/package.dsv
[0.399s] -- Up-to-date: /home/jmj/dream_ws/install/autoware_localization_msgs/share/ament_index/resource_index/packages/autoware_localization_msgs
[0.400s] -- Up-to-date: /home/jmj/dream_ws/install/autoware_localization_msgs/share/autoware_localization_msgs/cmake/export_autoware_localization_msgs__rosidl_generator_cExport.cmake
[0.400s] -- Up-to-date: /home/jmj/dream_ws/install/autoware_localization_msgs/share/autoware_localization_msgs/cmake/export_autoware_localization_msgs__rosidl_generator_cExport-noconfig.cmake
[0.400s] -- Up-to-date: /home/jmj/dream_ws/install/autoware_localization_msgs/share/autoware_localization_msgs/cmake/export_autoware_localization_msgs__rosidl_typesupport_fastrtps_cExport.cmake
[0.400s] -- Up-to-date: /home/jmj/dream_ws/install/autoware_localization_msgs/share/autoware_localization_msgs/cmake/export_autoware_localization_msgs__rosidl_typesupport_fastrtps_cExport-noconfig.cmake
[0.400s] -- Up-to-date: /home/jmj/dream_ws/install/autoware_localization_msgs/share/autoware_localization_msgs/cmake/export_autoware_localization_msgs__rosidl_generator_cppExport.cmake
[0.400s] -- Up-to-date: /home/jmj/dream_ws/install/autoware_localization_msgs/share/autoware_localization_msgs/cmake/export_autoware_localization_msgs__rosidl_typesupport_fastrtps_cppExport.cmake
[0.400s] -- Up-to-date: /home/jmj/dream_ws/install/autoware_localization_msgs/share/autoware_localization_msgs/cmake/export_autoware_localization_msgs__rosidl_typesupport_fastrtps_cppExport-noconfig.cmake
[0.400s] -- Up-to-date: /home/jmj/dream_ws/install/autoware_localization_msgs/share/autoware_localization_msgs/cmake/autoware_localization_msgs__rosidl_typesupport_introspection_cExport.cmake
[0.400s] -- Up-to-date: /home/jmj/dream_ws/install/autoware_localization_msgs/share/autoware_localization_msgs/cmake/autoware_localization_msgs__rosidl_typesupport_introspection_cExport-noconfig.cmake
[0.400s] -- Up-to-date: /home/jmj/dream_ws/install/autoware_localization_msgs/share/autoware_localization_msgs/cmake/autoware_localization_msgs__rosidl_typesupport_cExport.cmake
[0.400s] -- Up-to-date: /home/jmj/dream_ws/install/autoware_localization_msgs/share/autoware_localization_msgs/cmake/autoware_localization_msgs__rosidl_typesupport_cExport-noconfig.cmake
[0.400s] -- Up-to-date: /home/jmj/dream_ws/install/autoware_localization_msgs/share/autoware_localization_msgs/cmake/autoware_localization_msgs__rosidl_typesupport_introspection_cppExport.cmake
[0.400s] -- Up-to-date: /home/jmj/dream_ws/install/autoware_localization_msgs/share/autoware_localization_msgs/cmake/autoware_localization_msgs__rosidl_typesupport_introspection_cppExport-noconfig.cmake
[0.400s] -- Up-to-date: /home/jmj/dream_ws/install/autoware_localization_msgs/share/autoware_localization_msgs/cmake/autoware_localization_msgs__rosidl_typesupport_cppExport.cmake
[0.400s] -- Up-to-date: /home/jmj/dream_ws/install/autoware_localization_msgs/share/autoware_localization_msgs/cmake/autoware_localization_msgs__rosidl_typesupport_cppExport-noconfig.cmake
[0.400s] -- Up-to-date: /home/jmj/dream_ws/install/autoware_localization_msgs/share/autoware_localization_msgs/cmake/export_autoware_localization_msgs__rosidl_generator_pyExport.cmake
[0.400s] -- Up-to-date: /home/jmj/dream_ws/install/autoware_localization_msgs/share/autoware_localization_msgs/cmake/export_autoware_localization_msgs__rosidl_generator_pyExport-noconfig.cmake
[0.400s] -- Up-to-date: /home/jmj/dream_ws/install/autoware_localization_msgs/share/autoware_localization_msgs/cmake/rosidl_cmake-extras.cmake
[0.400s] -- Up-to-date: /home/jmj/dream_ws/install/autoware_localization_msgs/share/autoware_localization_msgs/cmake/ament_cmake_export_dependencies-extras.cmake
[0.400s] -- Up-to-date: /home/jmj/dream_ws/install/autoware_localization_msgs/share/autoware_localization_msgs/cmake/ament_cmake_export_include_directories-extras.cmake
[0.400s] -- Up-to-date: /home/jmj/dream_ws/install/autoware_localization_msgs/share/autoware_localization_msgs/cmake/ament_cmake_export_libraries-extras.cmake
[0.400s] -- Up-to-date: /home/jmj/dream_ws/install/autoware_localization_msgs/share/autoware_localization_msgs/cmake/ament_cmake_export_targets-extras.cmake
[0.400s] -- Up-to-date: /home/jmj/dream_ws/install/autoware_localization_msgs/share/autoware_localization_msgs/cmake/rosidl_cmake_export_typesupport_targets-extras.cmake
[0.400s] -- Up-to-date: /home/jmj/dream_ws/install/autoware_localization_msgs/share/autoware_localization_msgs/cmake/rosidl_cmake_export_typesupport_libraries-extras.cmake
[0.400s] -- Up-to-date: /home/jmj/dream_ws/install/autoware_localization_msgs/share/autoware_localization_msgs/cmake/autoware_localization_msgsConfig.cmake
[0.400s] -- Up-to-date: /home/jmj/dream_ws/install/autoware_localization_msgs/share/autoware_localization_msgs/cmake/autoware_localization_msgsConfig-version.cmake
[0.400s] -- Up-to-date: /home/jmj/dream_ws/install/autoware_localization_msgs/share/autoware_localization_msgs/package.xml
[0.432s] Invoked command in '/home/jmj/dream_ws/build/autoware_localization_msgs' returned '0': CMAKE_PREFIX_PATH=/opt/ros/humble /usr/bin/cmake --install /home/jmj/dream_ws/build/autoware_localization_msgs
