-- The C compiler identification is GNU 11.4.0
-- The CXX compiler identification is GNU 11.4.0
-- Detecting C compiler ABI info
-- Detecting C compiler ABI info - done
-- Check for working C compiler: /usr/lib/ccache/gcc - skipped
-- Detecting C compile features
-- Detecting C compile features - done
-- Detecting CXX compiler ABI info
-- Detecting CXX compiler ABI info - done
-- Check for working CXX compiler: /usr/lib/ccache/g++ - skipped
-- Detecting CXX compile features
-- Detecting CXX compile features - done
-- Found ament_cmake_auto: 1.3.11 (/opt/ros/humble/share/ament_cmake_auto/cmake)
-- Found Python3: /usr/bin/python3 (found version "3.10.12") found components: Interpreter 
-- Using all available rosidl_typesupport_c: rosidl_typesupport_fastrtps_c;rosidl_typesupport_introspection_c
-- Found rosidl_adapter: 3.1.6 (/opt/ros/humble/share/rosidl_adapter/cmake)
-- Using all available rosidl_typesupport_cpp: rosidl_typesupport_fastrtps_cpp;rosidl_typesupport_introspection_cpp
-- Found ament_cmake_cppcheck: 0.12.12 (/opt/ros/humble/share/ament_cmake_cppcheck/cmake)
-- Found ament_cmake_cpplint: 0.12.12 (/opt/ros/humble/share/ament_cmake_cpplint/cmake)
-- Found ament_cmake_uncrustify: 0.12.12 (/opt/ros/humble/share/ament_cmake_uncrustify/cmake)
-- Found ament_cmake_ros: 0.10.0 (/opt/ros/humble/share/ament_cmake_ros/cmake)
-- Using all available rosidl_typesupport_c: rosidl_typesupport_fastrtps_c;rosidl_typesupport_introspection_c
-- Using all available rosidl_typesupport_cpp: rosidl_typesupport_fastrtps_cpp;rosidl_typesupport_introspection_cpp
-- Found PythonInterp: /usr/bin/python3 (found suitable version "3.10.12", minimum required is "3.6") 
-- Found python_cmake_module: 0.10.0 (/opt/ros/humble/share/python_cmake_module/cmake)
-- Found PythonLibs: /usr/lib/x86_64-linux-gnu/libpython3.10.so (found suitable version "3.10.12", minimum required is "3.5") 
-- Using PYTHON_EXECUTABLE: /usr/bin/python3
-- Using PYTHON_INCLUDE_DIRS: /usr/include/python3.10
-- Using PYTHON_LIBRARIES: /usr/lib/x86_64-linux-gnu/libpython3.10.so
-- Found PythonExtra: .so  
-- Found ament_cmake_flake8: 0.12.12 (/opt/ros/humble/share/ament_cmake_flake8/cmake)
-- Found ament_cmake_pep257: 0.12.12 (/opt/ros/humble/share/ament_cmake_pep257/cmake)
-- Found ament_lint_auto: 0.12.12 (/opt/ros/humble/share/ament_lint_auto/cmake)
-- Added test 'copyright' to check source files copyright and LICENSE
-- Added test 'lint_cmake' to check CMake code style
-- Added test 'xmllint' to check XML markup files
-- Configuring done
-- Generating done
-- Build files have been written to: /home/jmj/dream_ws/build/autoware_planning_msgs
[  1%] [34m[1mGenerating C code for ROS interfaces[0m
[  2%] [34m[1mGenerating C++ code for ROS interfaces[0m
[  2%] Built target ament_cmake_python_copy_autoware_planning_msgs
running egg_info
creating autoware_planning_msgs.egg-info
writing autoware_planning_msgs.egg-info/PKG-INFO
writing dependency_links to autoware_planning_msgs.egg-info/dependency_links.txt
writing top-level names to autoware_planning_msgs.egg-info/top_level.txt
writing manifest file 'autoware_planning_msgs.egg-info/SOURCES.txt'
reading manifest file 'autoware_planning_msgs.egg-info/SOURCES.txt'
writing manifest file 'autoware_planning_msgs.egg-info/SOURCES.txt'
[  2%] Built target ament_cmake_python_build_autoware_planning_msgs_egg
[  2%] Built target autoware_planning_msgs__cpp
[  3%] [34m[1mGenerating C++ type support dispatch for ROS interfaces[0m
[  4%] [34m[1mGenerating C++ type support for eProsima Fast-RTPS[0m
[  5%] [34m[1mGenerating C++ introspection for ROS interfaces[0m
[  8%] [32mBuilding C object CMakeFiles/autoware_planning_msgs__rosidl_generator_c.dir/rosidl_generator_c/autoware_planning_msgs/msg/detail/lanelet_route__functions.c.o[0m
[  8%] [32mBuilding C object CMakeFiles/autoware_planning_msgs__rosidl_generator_c.dir/rosidl_generator_c/autoware_planning_msgs/msg/detail/lanelet_primitive__functions.c.o[0m
[ 10%] [32mBuilding C object CMakeFiles/autoware_planning_msgs__rosidl_generator_c.dir/rosidl_generator_c/autoware_planning_msgs/msg/detail/trajectory__functions.c.o[0m
[ 10%] [32mBuilding C object CMakeFiles/autoware_planning_msgs__rosidl_generator_c.dir/rosidl_generator_c/autoware_planning_msgs/msg/detail/lanelet_segment__functions.c.o[0m
[ 11%] [32mBuilding C object CMakeFiles/autoware_planning_msgs__rosidl_generator_c.dir/rosidl_generator_c/autoware_planning_msgs/msg/detail/pose_with_uuid_stamped__functions.c.o[0m
[ 12%] [32mBuilding C object CMakeFiles/autoware_planning_msgs__rosidl_generator_c.dir/rosidl_generator_c/autoware_planning_msgs/msg/detail/path__functions.c.o[0m
[ 13%] [32mBuilding C object CMakeFiles/autoware_planning_msgs__rosidl_generator_c.dir/rosidl_generator_c/autoware_planning_msgs/msg/detail/trajectory_point__functions.c.o[0m
[ 14%] [32mBuilding C object CMakeFiles/autoware_planning_msgs__rosidl_generator_c.dir/rosidl_generator_c/autoware_planning_msgs/msg/detail/path_point__functions.c.o[0m
[ 16%] [32mBuilding CXX object CMakeFiles/autoware_planning_msgs__rosidl_typesupport_cpp.dir/rosidl_typesupport_cpp/autoware_planning_msgs/msg/lanelet_primitive__type_support.cpp.o[0m
[ 17%] [32mBuilding CXX object CMakeFiles/autoware_planning_msgs__rosidl_typesupport_cpp.dir/rosidl_typesupport_cpp/autoware_planning_msgs/msg/lanelet_route__type_support.cpp.o[0m
[ 18%] [32mBuilding CXX object CMakeFiles/autoware_planning_msgs__rosidl_typesupport_cpp.dir/rosidl_typesupport_cpp/autoware_planning_msgs/msg/lanelet_segment__type_support.cpp.o[0m
[ 20%] [32mBuilding CXX object CMakeFiles/autoware_planning_msgs__rosidl_typesupport_cpp.dir/rosidl_typesupport_cpp/autoware_planning_msgs/msg/trajectory__type_support.cpp.o[0m
[ 21%] [32mBuilding CXX object CMakeFiles/autoware_planning_msgs__rosidl_typesupport_cpp.dir/rosidl_typesupport_cpp/autoware_planning_msgs/msg/trajectory_point__type_support.cpp.o[0m
[ 21%] [32mBuilding CXX object CMakeFiles/autoware_planning_msgs__rosidl_typesupport_cpp.dir/rosidl_typesupport_cpp/autoware_planning_msgs/msg/pose_with_uuid_stamped__type_support.cpp.o[0m
[ 22%] [32mBuilding CXX object CMakeFiles/autoware_planning_msgs__rosidl_typesupport_cpp.dir/rosidl_typesupport_cpp/autoware_planning_msgs/msg/path__type_support.cpp.o[0m
[ 24%] [32mBuilding CXX object CMakeFiles/autoware_planning_msgs__rosidl_typesupport_cpp.dir/rosidl_typesupport_cpp/autoware_planning_msgs/msg/path_point__type_support.cpp.o[0m
[ 25%] [32m[1mLinking C shared library libautoware_planning_msgs__rosidl_generator_c.so[0m
[ 25%] Built target autoware_planning_msgs__rosidl_generator_c
[ 26%] [34m[1mGenerating C type support for eProsima Fast-RTPS[0m
[ 28%] [34m[1mGenerating C introspection for ROS interfaces[0m
[ 28%] [34m[1mGenerating C type support dispatch for ROS interfaces[0m
[ 29%] [32mBuilding CXX object CMakeFiles/autoware_planning_msgs__rosidl_typesupport_introspection_cpp.dir/rosidl_typesupport_introspection_cpp/autoware_planning_msgs/msg/detail/lanelet_primitive__type_support.cpp.o[0m
[ 31%] [32mBuilding CXX object CMakeFiles/autoware_planning_msgs__rosidl_typesupport_introspection_cpp.dir/rosidl_typesupport_introspection_cpp/autoware_planning_msgs/msg/detail/lanelet_route__type_support.cpp.o[0m
[ 32%] [32mBuilding CXX object CMakeFiles/autoware_planning_msgs__rosidl_typesupport_introspection_cpp.dir/rosidl_typesupport_introspection_cpp/autoware_planning_msgs/msg/detail/lanelet_segment__type_support.cpp.o[0m
[ 33%] [32mBuilding CXX object CMakeFiles/autoware_planning_msgs__rosidl_typesupport_introspection_cpp.dir/rosidl_typesupport_introspection_cpp/autoware_planning_msgs/msg/detail/trajectory__type_support.cpp.o[0m
[ 34%] [32mBuilding CXX object CMakeFiles/autoware_planning_msgs__rosidl_typesupport_introspection_cpp.dir/rosidl_typesupport_introspection_cpp/autoware_planning_msgs/msg/detail/pose_with_uuid_stamped__type_support.cpp.o[0m
[ 35%] [32mBuilding CXX object CMakeFiles/autoware_planning_msgs__rosidl_typesupport_introspection_cpp.dir/rosidl_typesupport_introspection_cpp/autoware_planning_msgs/msg/detail/trajectory_point__type_support.cpp.o[0m
[ 36%] [32mBuilding CXX object CMakeFiles/autoware_planning_msgs__rosidl_typesupport_introspection_cpp.dir/rosidl_typesupport_introspection_cpp/autoware_planning_msgs/msg/detail/path__type_support.cpp.o[0m
[ 37%] [32mBuilding CXX object CMakeFiles/autoware_planning_msgs__rosidl_typesupport_introspection_cpp.dir/rosidl_typesupport_introspection_cpp/autoware_planning_msgs/msg/detail/path_point__type_support.cpp.o[0m
[ 39%] [32mBuilding CXX object CMakeFiles/autoware_planning_msgs__rosidl_typesupport_fastrtps_cpp.dir/rosidl_typesupport_fastrtps_cpp/autoware_planning_msgs/msg/detail/dds_fastrtps/lanelet_primitive__type_support.cpp.o[0m
[ 40%] [32mBuilding CXX object CMakeFiles/autoware_planning_msgs__rosidl_typesupport_fastrtps_cpp.dir/rosidl_typesupport_fastrtps_cpp/autoware_planning_msgs/msg/detail/dds_fastrtps/lanelet_route__type_support.cpp.o[0m
[ 41%] [32mBuilding CXX object CMakeFiles/autoware_planning_msgs__rosidl_typesupport_fastrtps_cpp.dir/rosidl_typesupport_fastrtps_cpp/autoware_planning_msgs/msg/detail/dds_fastrtps/lanelet_segment__type_support.cpp.o[0m
[ 42%] [32mBuilding CXX object CMakeFiles/autoware_planning_msgs__rosidl_typesupport_fastrtps_cpp.dir/rosidl_typesupport_fastrtps_cpp/autoware_planning_msgs/msg/detail/dds_fastrtps/pose_with_uuid_stamped__type_support.cpp.o[0m
[ 43%] [32mBuilding CXX object CMakeFiles/autoware_planning_msgs__rosidl_typesupport_fastrtps_cpp.dir/rosidl_typesupport_fastrtps_cpp/autoware_planning_msgs/msg/detail/dds_fastrtps/trajectory__type_support.cpp.o[0m
[ 44%] [32mBuilding CXX object CMakeFiles/autoware_planning_msgs__rosidl_typesupport_fastrtps_cpp.dir/rosidl_typesupport_fastrtps_cpp/autoware_planning_msgs/msg/detail/dds_fastrtps/trajectory_point__type_support.cpp.o[0m
[ 45%] [32mBuilding CXX object CMakeFiles/autoware_planning_msgs__rosidl_typesupport_fastrtps_cpp.dir/rosidl_typesupport_fastrtps_cpp/autoware_planning_msgs/msg/detail/dds_fastrtps/path__type_support.cpp.o[0m
[ 47%] [32mBuilding CXX object CMakeFiles/autoware_planning_msgs__rosidl_typesupport_fastrtps_cpp.dir/rosidl_typesupport_fastrtps_cpp/autoware_planning_msgs/msg/detail/dds_fastrtps/path_point__type_support.cpp.o[0m
[ 48%] [32m[1mLinking CXX shared library libautoware_planning_msgs__rosidl_typesupport_cpp.so[0m
[ 48%] Built target autoware_planning_msgs__rosidl_typesupport_cpp
[ 49%] [32mBuilding CXX object CMakeFiles/autoware_planning_msgs__rosidl_typesupport_c.dir/rosidl_typesupport_c/autoware_planning_msgs/msg/lanelet_primitive__type_support.cpp.o[0m
[ 50%] [32mBuilding CXX object CMakeFiles/autoware_planning_msgs__rosidl_typesupport_c.dir/rosidl_typesupport_c/autoware_planning_msgs/msg/lanelet_route__type_support.cpp.o[0m
[ 51%] [32mBuilding CXX object CMakeFiles/autoware_planning_msgs__rosidl_typesupport_c.dir/rosidl_typesupport_c/autoware_planning_msgs/msg/lanelet_segment__type_support.cpp.o[0m
[ 52%] [32mBuilding CXX object CMakeFiles/autoware_planning_msgs__rosidl_typesupport_c.dir/rosidl_typesupport_c/autoware_planning_msgs/msg/pose_with_uuid_stamped__type_support.cpp.o[0m
[ 54%] [32mBuilding CXX object CMakeFiles/autoware_planning_msgs__rosidl_typesupport_c.dir/rosidl_typesupport_c/autoware_planning_msgs/msg/trajectory__type_support.cpp.o[0m
[ 55%] [32mBuilding CXX object CMakeFiles/autoware_planning_msgs__rosidl_typesupport_c.dir/rosidl_typesupport_c/autoware_planning_msgs/msg/trajectory_point__type_support.cpp.o[0m
[ 56%] [32mBuilding CXX object CMakeFiles/autoware_planning_msgs__rosidl_typesupport_c.dir/rosidl_typesupport_c/autoware_planning_msgs/msg/path__type_support.cpp.o[0m
[ 57%] [32mBuilding CXX object CMakeFiles/autoware_planning_msgs__rosidl_typesupport_c.dir/rosidl_typesupport_c/autoware_planning_msgs/msg/path_point__type_support.cpp.o[0m
[ 58%] [32m[1mLinking CXX shared library libautoware_planning_msgs__rosidl_typesupport_c.so[0m
[ 59%] [32mBuilding CXX object CMakeFiles/autoware_planning_msgs__rosidl_typesupport_fastrtps_c.dir/rosidl_typesupport_fastrtps_c/autoware_planning_msgs/msg/detail/lanelet_primitive__type_support_c.cpp.o[0m
[ 60%] [32mBuilding CXX object CMakeFiles/autoware_planning_msgs__rosidl_typesupport_fastrtps_c.dir/rosidl_typesupport_fastrtps_c/autoware_planning_msgs/msg/detail/lanelet_route__type_support_c.cpp.o[0m
[ 62%] [32mBuilding CXX object CMakeFiles/autoware_planning_msgs__rosidl_typesupport_fastrtps_c.dir/rosidl_typesupport_fastrtps_c/autoware_planning_msgs/msg/detail/pose_with_uuid_stamped__type_support_c.cpp.o[0m
[ 63%] [32mBuilding CXX object CMakeFiles/autoware_planning_msgs__rosidl_typesupport_fastrtps_c.dir/rosidl_typesupport_fastrtps_c/autoware_planning_msgs/msg/detail/lanelet_segment__type_support_c.cpp.o[0m
[ 64%] [32mBuilding CXX object CMakeFiles/autoware_planning_msgs__rosidl_typesupport_fastrtps_c.dir/rosidl_typesupport_fastrtps_c/autoware_planning_msgs/msg/detail/trajectory__type_support_c.cpp.o[0m
[ 65%] [32mBuilding C object CMakeFiles/autoware_planning_msgs__rosidl_typesupport_introspection_c.dir/rosidl_typesupport_introspection_c/autoware_planning_msgs/msg/detail/lanelet_primitive__type_support.c.o[0m
[ 65%] Built target autoware_planning_msgs__rosidl_typesupport_c
[ 66%] [32mBuilding CXX object CMakeFiles/autoware_planning_msgs__rosidl_typesupport_fastrtps_c.dir/rosidl_typesupport_fastrtps_c/autoware_planning_msgs/msg/detail/trajectory_point__type_support_c.cpp.o[0m
[ 67%] [32mBuilding C object CMakeFiles/autoware_planning_msgs__rosidl_typesupport_introspection_c.dir/rosidl_typesupport_introspection_c/autoware_planning_msgs/msg/detail/lanelet_route__type_support.c.o[0m
[ 68%] [32mBuilding CXX object CMakeFiles/autoware_planning_msgs__rosidl_typesupport_fastrtps_c.dir/rosidl_typesupport_fastrtps_c/autoware_planning_msgs/msg/detail/path__type_support_c.cpp.o[0m
[ 70%] [32mBuilding C object CMakeFiles/autoware_planning_msgs__rosidl_typesupport_introspection_c.dir/rosidl_typesupport_introspection_c/autoware_planning_msgs/msg/detail/lanelet_segment__type_support.c.o[0m
[ 71%] [32mBuilding CXX object CMakeFiles/autoware_planning_msgs__rosidl_typesupport_fastrtps_c.dir/rosidl_typesupport_fastrtps_c/autoware_planning_msgs/msg/detail/path_point__type_support_c.cpp.o[0m
[ 72%] [32mBuilding C object CMakeFiles/autoware_planning_msgs__rosidl_typesupport_introspection_c.dir/rosidl_typesupport_introspection_c/autoware_planning_msgs/msg/detail/pose_with_uuid_stamped__type_support.c.o[0m
[ 73%] [32mBuilding C object CMakeFiles/autoware_planning_msgs__rosidl_typesupport_introspection_c.dir/rosidl_typesupport_introspection_c/autoware_planning_msgs/msg/detail/trajectory__type_support.c.o[0m
[ 74%] [32mBuilding C object CMakeFiles/autoware_planning_msgs__rosidl_typesupport_introspection_c.dir/rosidl_typesupport_introspection_c/autoware_planning_msgs/msg/detail/trajectory_point__type_support.c.o[0m
[ 75%] [32mBuilding C object CMakeFiles/autoware_planning_msgs__rosidl_typesupport_introspection_c.dir/rosidl_typesupport_introspection_c/autoware_planning_msgs/msg/detail/path__type_support.c.o[0m
[ 77%] [32mBuilding C object CMakeFiles/autoware_planning_msgs__rosidl_typesupport_introspection_c.dir/rosidl_typesupport_introspection_c/autoware_planning_msgs/msg/detail/path_point__type_support.c.o[0m
[ 78%] [32m[1mLinking C shared library libautoware_planning_msgs__rosidl_typesupport_introspection_c.so[0m
[ 79%] [32m[1mLinking CXX shared library libautoware_planning_msgs__rosidl_typesupport_introspection_cpp.so[0m
[ 79%] Built target autoware_planning_msgs__rosidl_typesupport_introspection_c
[ 80%] [32m[1mLinking CXX shared library libautoware_planning_msgs__rosidl_typesupport_fastrtps_cpp.so[0m
[ 80%] Built target autoware_planning_msgs__rosidl_typesupport_introspection_cpp
[ 80%] Built target autoware_planning_msgs__rosidl_typesupport_fastrtps_cpp
[ 81%] [32m[1mLinking CXX shared library libautoware_planning_msgs__rosidl_typesupport_fastrtps_c.so[0m
[ 81%] Built target autoware_planning_msgs__rosidl_typesupport_fastrtps_c
[ 81%] Built target autoware_planning_msgs
[ 82%] [34m[1mGenerating Python code for ROS interfaces[0m
[ 82%] Built target autoware_planning_msgs__py
[ 83%] [32mBuilding C object CMakeFiles/autoware_planning_msgs__rosidl_generator_py.dir/rosidl_generator_py/autoware_planning_msgs/msg/_lanelet_primitive_s.c.o[0m
[ 85%] [32mBuilding C object CMakeFiles/autoware_planning_msgs__rosidl_generator_py.dir/rosidl_generator_py/autoware_planning_msgs/msg/_lanelet_segment_s.c.o[0m
[ 86%] [32mBuilding C object CMakeFiles/autoware_planning_msgs__rosidl_generator_py.dir/rosidl_generator_py/autoware_planning_msgs/msg/_lanelet_route_s.c.o[0m
[ 87%] [32mBuilding C object CMakeFiles/autoware_planning_msgs__rosidl_generator_py.dir/rosidl_generator_py/autoware_planning_msgs/msg/_pose_with_uuid_stamped_s.c.o[0m
[ 88%] [32mBuilding C object CMakeFiles/autoware_planning_msgs__rosidl_generator_py.dir/rosidl_generator_py/autoware_planning_msgs/msg/_trajectory_s.c.o[0m
[ 89%] [32mBuilding C object CMakeFiles/autoware_planning_msgs__rosidl_generator_py.dir/rosidl_generator_py/autoware_planning_msgs/msg/_trajectory_point_s.c.o[0m
[ 90%] [32mBuilding C object CMakeFiles/autoware_planning_msgs__rosidl_generator_py.dir/rosidl_generator_py/autoware_planning_msgs/msg/_path_point_s.c.o[0m
[ 91%] [32mBuilding C object CMakeFiles/autoware_planning_msgs__rosidl_generator_py.dir/rosidl_generator_py/autoware_planning_msgs/msg/_path_s.c.o[0m
[ 93%] [32m[1mLinking C shared library rosidl_generator_py/autoware_planning_msgs/libautoware_planning_msgs__rosidl_generator_py.so[0m
[ 93%] Built target autoware_planning_msgs__rosidl_generator_py
[ 94%] [32mBuilding C object CMakeFiles/autoware_planning_msgs__rosidl_typesupport_fastrtps_c__pyext.dir/rosidl_generator_py/autoware_planning_msgs/_autoware_planning_msgs_s.ep.rosidl_typesupport_fastrtps_c.c.o[0m
[ 95%] [32mBuilding C object CMakeFiles/autoware_planning_msgs__rosidl_typesupport_introspection_c__pyext.dir/rosidl_generator_py/autoware_planning_msgs/_autoware_planning_msgs_s.ep.rosidl_typesupport_introspection_c.c.o[0m
[ 96%] [32mBuilding C object CMakeFiles/autoware_planning_msgs__rosidl_typesupport_c__pyext.dir/rosidl_generator_py/autoware_planning_msgs/_autoware_planning_msgs_s.ep.rosidl_typesupport_c.c.o[0m
[ 97%] [32m[1mLinking C shared library rosidl_generator_py/autoware_planning_msgs/autoware_planning_msgs_s__rosidl_typesupport_introspection_c.cpython-310-x86_64-linux-gnu.so[0m
[ 98%] [32m[1mLinking C shared library rosidl_generator_py/autoware_planning_msgs/autoware_planning_msgs_s__rosidl_typesupport_c.cpython-310-x86_64-linux-gnu.so[0m
[ 98%] Built target autoware_planning_msgs__rosidl_typesupport_introspection_c__pyext
[100%] [32m[1mLinking C shared library rosidl_generator_py/autoware_planning_msgs/autoware_planning_msgs_s__rosidl_typesupport_fastrtps_c.cpython-310-x86_64-linux-gnu.so[0m
[100%] Built target autoware_planning_msgs__rosidl_typesupport_c__pyext
[100%] Built target autoware_planning_msgs__rosidl_typesupport_fastrtps_c__pyext
-- Install configuration: ""
-- Installing: /home/jmj/dream_ws/install/autoware_planning_msgs/share/ament_index/resource_index/rosidl_interfaces/autoware_planning_msgs
-- Installing: /home/jmj/dream_ws/install/autoware_planning_msgs/include/autoware_planning_msgs/autoware_planning_msgs
-- Installing: /home/jmj/dream_ws/install/autoware_planning_msgs/include/autoware_planning_msgs/autoware_planning_msgs/msg
-- Installing: /home/jmj/dream_ws/install/autoware_planning_msgs/include/autoware_planning_msgs/autoware_planning_msgs/msg/trajectory.h
-- Installing: /home/jmj/dream_ws/install/autoware_planning_msgs/include/autoware_planning_msgs/autoware_planning_msgs/msg/lanelet_segment.h
-- Installing: /home/jmj/dream_ws/install/autoware_planning_msgs/include/autoware_planning_msgs/autoware_planning_msgs/msg/rosidl_generator_c__visibility_control.h
-- Installing: /home/jmj/dream_ws/install/autoware_planning_msgs/include/autoware_planning_msgs/autoware_planning_msgs/msg/detail
-- Installing: /home/jmj/dream_ws/install/autoware_planning_msgs/include/autoware_planning_msgs/autoware_planning_msgs/msg/detail/lanelet_primitive__functions.h
-- Installing: /home/jmj/dream_ws/install/autoware_planning_msgs/include/autoware_planning_msgs/autoware_planning_msgs/msg/detail/trajectory_point__functions.c
-- Installing: /home/jmj/dream_ws/install/autoware_planning_msgs/include/autoware_planning_msgs/autoware_planning_msgs/msg/detail/path_point__functions.h
-- Installing: /home/jmj/dream_ws/install/autoware_planning_msgs/include/autoware_planning_msgs/autoware_planning_msgs/msg/detail/path__functions.h
-- Installing: /home/jmj/dream_ws/install/autoware_planning_msgs/include/autoware_planning_msgs/autoware_planning_msgs/msg/detail/lanelet_segment__struct.h
-- Installing: /home/jmj/dream_ws/install/autoware_planning_msgs/include/autoware_planning_msgs/autoware_planning_msgs/msg/detail/lanelet_segment__functions.c
-- Installing: /home/jmj/dream_ws/install/autoware_planning_msgs/include/autoware_planning_msgs/autoware_planning_msgs/msg/detail/lanelet_route__functions.h
-- Installing: /home/jmj/dream_ws/install/autoware_planning_msgs/include/autoware_planning_msgs/autoware_planning_msgs/msg/detail/lanelet_route__struct.h
-- Installing: /home/jmj/dream_ws/install/autoware_planning_msgs/include/autoware_planning_msgs/autoware_planning_msgs/msg/detail/path_point__struct.h
-- Installing: /home/jmj/dream_ws/install/autoware_planning_msgs/include/autoware_planning_msgs/autoware_planning_msgs/msg/detail/trajectory__functions.c
-- Installing: /home/jmj/dream_ws/install/autoware_planning_msgs/include/autoware_planning_msgs/autoware_planning_msgs/msg/detail/lanelet_segment__type_support.h
-- Installing: /home/jmj/dream_ws/install/autoware_planning_msgs/include/autoware_planning_msgs/autoware_planning_msgs/msg/detail/path__struct.h
-- Installing: /home/jmj/dream_ws/install/autoware_planning_msgs/include/autoware_planning_msgs/autoware_planning_msgs/msg/detail/lanelet_segment__functions.h
-- Installing: /home/jmj/dream_ws/install/autoware_planning_msgs/include/autoware_planning_msgs/autoware_planning_msgs/msg/detail/pose_with_uuid_stamped__type_support.h
-- Installing: /home/jmj/dream_ws/install/autoware_planning_msgs/include/autoware_planning_msgs/autoware_planning_msgs/msg/detail/trajectory_point__struct.h
-- Installing: /home/jmj/dream_ws/install/autoware_planning_msgs/include/autoware_planning_msgs/autoware_planning_msgs/msg/detail/lanelet_primitive__type_support.h
-- Installing: /home/jmj/dream_ws/install/autoware_planning_msgs/include/autoware_planning_msgs/autoware_planning_msgs/msg/detail/trajectory_point__functions.h
-- Installing: /home/jmj/dream_ws/install/autoware_planning_msgs/include/autoware_planning_msgs/autoware_planning_msgs/msg/detail/trajectory_point__type_support.h
-- Installing: /home/jmj/dream_ws/install/autoware_planning_msgs/include/autoware_planning_msgs/autoware_planning_msgs/msg/detail/pose_with_uuid_stamped__functions.c
-- Installing: /home/jmj/dream_ws/install/autoware_planning_msgs/include/autoware_planning_msgs/autoware_planning_msgs/msg/detail/pose_with_uuid_stamped__struct.h
-- Installing: /home/jmj/dream_ws/install/autoware_planning_msgs/include/autoware_planning_msgs/autoware_planning_msgs/msg/detail/trajectory__functions.h
-- Installing: /home/jmj/dream_ws/install/autoware_planning_msgs/include/autoware_planning_msgs/autoware_planning_msgs/msg/detail/lanelet_primitive__functions.c
-- Installing: /home/jmj/dream_ws/install/autoware_planning_msgs/include/autoware_planning_msgs/autoware_planning_msgs/msg/detail/pose_with_uuid_stamped__functions.h
-- Installing: /home/jmj/dream_ws/install/autoware_planning_msgs/include/autoware_planning_msgs/autoware_planning_msgs/msg/detail/trajectory__type_support.h
-- Installing: /home/jmj/dream_ws/install/autoware_planning_msgs/include/autoware_planning_msgs/autoware_planning_msgs/msg/detail/trajectory__struct.h
-- Installing: /home/jmj/dream_ws/install/autoware_planning_msgs/include/autoware_planning_msgs/autoware_planning_msgs/msg/detail/path__functions.c
-- Installing: /home/jmj/dream_ws/install/autoware_planning_msgs/include/autoware_planning_msgs/autoware_planning_msgs/msg/detail/path_point__functions.c
-- Installing: /home/jmj/dream_ws/install/autoware_planning_msgs/include/autoware_planning_msgs/autoware_planning_msgs/msg/detail/lanelet_route__type_support.h
-- Installing: /home/jmj/dream_ws/install/autoware_planning_msgs/include/autoware_planning_msgs/autoware_planning_msgs/msg/detail/lanelet_route__functions.c
-- Installing: /home/jmj/dream_ws/install/autoware_planning_msgs/include/autoware_planning_msgs/autoware_planning_msgs/msg/detail/lanelet_primitive__struct.h
-- Installing: /home/jmj/dream_ws/install/autoware_planning_msgs/include/autoware_planning_msgs/autoware_planning_msgs/msg/detail/path_point__type_support.h
-- Installing: /home/jmj/dream_ws/install/autoware_planning_msgs/include/autoware_planning_msgs/autoware_planning_msgs/msg/detail/path__type_support.h
-- Installing: /home/jmj/dream_ws/install/autoware_planning_msgs/include/autoware_planning_msgs/autoware_planning_msgs/msg/lanelet_route.h
-- Installing: /home/jmj/dream_ws/install/autoware_planning_msgs/include/autoware_planning_msgs/autoware_planning_msgs/msg/pose_with_uuid_stamped.h
-- Installing: /home/jmj/dream_ws/install/autoware_planning_msgs/include/autoware_planning_msgs/autoware_planning_msgs/msg/path_point.h
-- Installing: /home/jmj/dream_ws/install/autoware_planning_msgs/include/autoware_planning_msgs/autoware_planning_msgs/msg/path.h
-- Installing: /home/jmj/dream_ws/install/autoware_planning_msgs/include/autoware_planning_msgs/autoware_planning_msgs/msg/lanelet_primitive.h
-- Installing: /home/jmj/dream_ws/install/autoware_planning_msgs/include/autoware_planning_msgs/autoware_planning_msgs/msg/trajectory_point.h
-- Installing: /home/jmj/dream_ws/install/autoware_planning_msgs/share/autoware_planning_msgs/environment/library_path.sh
-- Installing: /home/jmj/dream_ws/install/autoware_planning_msgs/share/autoware_planning_msgs/environment/library_path.dsv
-- Installing: /home/jmj/dream_ws/install/autoware_planning_msgs/lib/libautoware_planning_msgs__rosidl_generator_c.so
-- Set runtime path of "/home/jmj/dream_ws/install/autoware_planning_msgs/lib/libautoware_planning_msgs__rosidl_generator_c.so" to ""
-- Up-to-date: /home/jmj/dream_ws/install/autoware_planning_msgs/include/autoware_planning_msgs/autoware_planning_msgs
-- Up-to-date: /home/jmj/dream_ws/install/autoware_planning_msgs/include/autoware_planning_msgs/autoware_planning_msgs/msg
-- Up-to-date: /home/jmj/dream_ws/install/autoware_planning_msgs/include/autoware_planning_msgs/autoware_planning_msgs/msg/detail
-- Installing: /home/jmj/dream_ws/install/autoware_planning_msgs/include/autoware_planning_msgs/autoware_planning_msgs/msg/detail/path__rosidl_typesupport_fastrtps_c.h
-- Installing: /home/jmj/dream_ws/install/autoware_planning_msgs/include/autoware_planning_msgs/autoware_planning_msgs/msg/detail/trajectory_point__rosidl_typesupport_fastrtps_c.h
-- Installing: /home/jmj/dream_ws/install/autoware_planning_msgs/include/autoware_planning_msgs/autoware_planning_msgs/msg/detail/pose_with_uuid_stamped__rosidl_typesupport_fastrtps_c.h
-- Installing: /home/jmj/dream_ws/install/autoware_planning_msgs/include/autoware_planning_msgs/autoware_planning_msgs/msg/detail/lanelet_primitive__rosidl_typesupport_fastrtps_c.h
-- Installing: /home/jmj/dream_ws/install/autoware_planning_msgs/include/autoware_planning_msgs/autoware_planning_msgs/msg/detail/lanelet_segment__rosidl_typesupport_fastrtps_c.h
-- Installing: /home/jmj/dream_ws/install/autoware_planning_msgs/include/autoware_planning_msgs/autoware_planning_msgs/msg/detail/lanelet_route__rosidl_typesupport_fastrtps_c.h
-- Installing: /home/jmj/dream_ws/install/autoware_planning_msgs/include/autoware_planning_msgs/autoware_planning_msgs/msg/detail/trajectory__rosidl_typesupport_fastrtps_c.h
-- Installing: /home/jmj/dream_ws/install/autoware_planning_msgs/include/autoware_planning_msgs/autoware_planning_msgs/msg/detail/path_point__rosidl_typesupport_fastrtps_c.h
-- Installing: /home/jmj/dream_ws/install/autoware_planning_msgs/include/autoware_planning_msgs/autoware_planning_msgs/msg/rosidl_typesupport_fastrtps_c__visibility_control.h
-- Installing: /home/jmj/dream_ws/install/autoware_planning_msgs/lib/libautoware_planning_msgs__rosidl_typesupport_fastrtps_c.so
-- Set runtime path of "/home/jmj/dream_ws/install/autoware_planning_msgs/lib/libautoware_planning_msgs__rosidl_typesupport_fastrtps_c.so" to ""
-- Up-to-date: /home/jmj/dream_ws/install/autoware_planning_msgs/include/autoware_planning_msgs/autoware_planning_msgs
-- Up-to-date: /home/jmj/dream_ws/install/autoware_planning_msgs/include/autoware_planning_msgs/autoware_planning_msgs/msg
-- Up-to-date: /home/jmj/dream_ws/install/autoware_planning_msgs/include/autoware_planning_msgs/autoware_planning_msgs/msg/detail
-- Installing: /home/jmj/dream_ws/install/autoware_planning_msgs/include/autoware_planning_msgs/autoware_planning_msgs/msg/detail/lanelet_route__type_support.c
-- Installing: /home/jmj/dream_ws/install/autoware_planning_msgs/include/autoware_planning_msgs/autoware_planning_msgs/msg/detail/trajectory__rosidl_typesupport_introspection_c.h
-- Installing: /home/jmj/dream_ws/install/autoware_planning_msgs/include/autoware_planning_msgs/autoware_planning_msgs/msg/detail/pose_with_uuid_stamped__rosidl_typesupport_introspection_c.h
-- Installing: /home/jmj/dream_ws/install/autoware_planning_msgs/include/autoware_planning_msgs/autoware_planning_msgs/msg/detail/trajectory_point__rosidl_typesupport_introspection_c.h
-- Installing: /home/jmj/dream_ws/install/autoware_planning_msgs/include/autoware_planning_msgs/autoware_planning_msgs/msg/detail/path_point__rosidl_typesupport_introspection_c.h
-- Installing: /home/jmj/dream_ws/install/autoware_planning_msgs/include/autoware_planning_msgs/autoware_planning_msgs/msg/detail/lanelet_route__rosidl_typesupport_introspection_c.h
-- Installing: /home/jmj/dream_ws/install/autoware_planning_msgs/include/autoware_planning_msgs/autoware_planning_msgs/msg/detail/path__rosidl_typesupport_introspection_c.h
-- Installing: /home/jmj/dream_ws/install/autoware_planning_msgs/include/autoware_planning_msgs/autoware_planning_msgs/msg/detail/lanelet_primitive__rosidl_typesupport_introspection_c.h
-- Installing: /home/jmj/dream_ws/install/autoware_planning_msgs/include/autoware_planning_msgs/autoware_planning_msgs/msg/detail/path__type_support.c
-- Installing: /home/jmj/dream_ws/install/autoware_planning_msgs/include/autoware_planning_msgs/autoware_planning_msgs/msg/detail/pose_with_uuid_stamped__type_support.c
-- Installing: /home/jmj/dream_ws/install/autoware_planning_msgs/include/autoware_planning_msgs/autoware_planning_msgs/msg/detail/trajectory_point__type_support.c
-- Installing: /home/jmj/dream_ws/install/autoware_planning_msgs/include/autoware_planning_msgs/autoware_planning_msgs/msg/detail/lanelet_primitive__type_support.c
-- Installing: /home/jmj/dream_ws/install/autoware_planning_msgs/include/autoware_planning_msgs/autoware_planning_msgs/msg/detail/trajectory__type_support.c
-- Installing: /home/jmj/dream_ws/install/autoware_planning_msgs/include/autoware_planning_msgs/autoware_planning_msgs/msg/detail/lanelet_segment__type_support.c
-- Installing: /home/jmj/dream_ws/install/autoware_planning_msgs/include/autoware_planning_msgs/autoware_planning_msgs/msg/detail/lanelet_segment__rosidl_typesupport_introspection_c.h
-- Installing: /home/jmj/dream_ws/install/autoware_planning_msgs/include/autoware_planning_msgs/autoware_planning_msgs/msg/detail/path_point__type_support.c
-- Installing: /home/jmj/dream_ws/install/autoware_planning_msgs/include/autoware_planning_msgs/autoware_planning_msgs/msg/rosidl_typesupport_introspection_c__visibility_control.h
-- Installing: /home/jmj/dream_ws/install/autoware_planning_msgs/lib/libautoware_planning_msgs__rosidl_typesupport_introspection_c.so
-- Set runtime path of "/home/jmj/dream_ws/install/autoware_planning_msgs/lib/libautoware_planning_msgs__rosidl_typesupport_introspection_c.so" to ""
-- Installing: /home/jmj/dream_ws/install/autoware_planning_msgs/lib/libautoware_planning_msgs__rosidl_typesupport_c.so
-- Set runtime path of "/home/jmj/dream_ws/install/autoware_planning_msgs/lib/libautoware_planning_msgs__rosidl_typesupport_c.so" to ""
-- Up-to-date: /home/jmj/dream_ws/install/autoware_planning_msgs/include/autoware_planning_msgs/autoware_planning_msgs
-- Up-to-date: /home/jmj/dream_ws/install/autoware_planning_msgs/include/autoware_planning_msgs/autoware_planning_msgs/msg
-- Installing: /home/jmj/dream_ws/install/autoware_planning_msgs/include/autoware_planning_msgs/autoware_planning_msgs/msg/lanelet_primitive.hpp
-- Up-to-date: /home/jmj/dream_ws/install/autoware_planning_msgs/include/autoware_planning_msgs/autoware_planning_msgs/msg/detail
-- Installing: /home/jmj/dream_ws/install/autoware_planning_msgs/include/autoware_planning_msgs/autoware_planning_msgs/msg/detail/pose_with_uuid_stamped__traits.hpp
-- Installing: /home/jmj/dream_ws/install/autoware_planning_msgs/include/autoware_planning_msgs/autoware_planning_msgs/msg/detail/lanelet_primitive__traits.hpp
-- Installing: /home/jmj/dream_ws/install/autoware_planning_msgs/include/autoware_planning_msgs/autoware_planning_msgs/msg/detail/path__traits.hpp
-- Installing: /home/jmj/dream_ws/install/autoware_planning_msgs/include/autoware_planning_msgs/autoware_planning_msgs/msg/detail/lanelet_route__type_support.hpp
-- Installing: /home/jmj/dream_ws/install/autoware_planning_msgs/include/autoware_planning_msgs/autoware_planning_msgs/msg/detail/trajectory__builder.hpp
-- Installing: /home/jmj/dream_ws/install/autoware_planning_msgs/include/autoware_planning_msgs/autoware_planning_msgs/msg/detail/lanelet_route__struct.hpp
-- Installing: /home/jmj/dream_ws/install/autoware_planning_msgs/include/autoware_planning_msgs/autoware_planning_msgs/msg/detail/trajectory_point__type_support.hpp
-- Installing: /home/jmj/dream_ws/install/autoware_planning_msgs/include/autoware_planning_msgs/autoware_planning_msgs/msg/detail/path__struct.hpp
-- Installing: /home/jmj/dream_ws/install/autoware_planning_msgs/include/autoware_planning_msgs/autoware_planning_msgs/msg/detail/lanelet_primitive__struct.hpp
-- Installing: /home/jmj/dream_ws/install/autoware_planning_msgs/include/autoware_planning_msgs/autoware_planning_msgs/msg/detail/path_point__type_support.hpp
-- Installing: /home/jmj/dream_ws/install/autoware_planning_msgs/include/autoware_planning_msgs/autoware_planning_msgs/msg/detail/trajectory_point__struct.hpp
-- Installing: /home/jmj/dream_ws/install/autoware_planning_msgs/include/autoware_planning_msgs/autoware_planning_msgs/msg/detail/pose_with_uuid_stamped__type_support.hpp
-- Installing: /home/jmj/dream_ws/install/autoware_planning_msgs/include/autoware_planning_msgs/autoware_planning_msgs/msg/detail/path__type_support.hpp
-- Installing: /home/jmj/dream_ws/install/autoware_planning_msgs/include/autoware_planning_msgs/autoware_planning_msgs/msg/detail/lanelet_segment__struct.hpp
-- Installing: /home/jmj/dream_ws/install/autoware_planning_msgs/include/autoware_planning_msgs/autoware_planning_msgs/msg/detail/trajectory_point__builder.hpp
-- Installing: /home/jmj/dream_ws/install/autoware_planning_msgs/include/autoware_planning_msgs/autoware_planning_msgs/msg/detail/lanelet_segment__builder.hpp
-- Installing: /home/jmj/dream_ws/install/autoware_planning_msgs/include/autoware_planning_msgs/autoware_planning_msgs/msg/detail/path_point__struct.hpp
-- Installing: /home/jmj/dream_ws/install/autoware_planning_msgs/include/autoware_planning_msgs/autoware_planning_msgs/msg/detail/trajectory__struct.hpp
-- Installing: /home/jmj/dream_ws/install/autoware_planning_msgs/include/autoware_planning_msgs/autoware_planning_msgs/msg/detail/lanelet_primitive__type_support.hpp
-- Installing: /home/jmj/dream_ws/install/autoware_planning_msgs/include/autoware_planning_msgs/autoware_planning_msgs/msg/detail/lanelet_route__builder.hpp
-- Installing: /home/jmj/dream_ws/install/autoware_planning_msgs/include/autoware_planning_msgs/autoware_planning_msgs/msg/detail/path__builder.hpp
-- Installing: /home/jmj/dream_ws/install/autoware_planning_msgs/include/autoware_planning_msgs/autoware_planning_msgs/msg/detail/pose_with_uuid_stamped__struct.hpp
-- Installing: /home/jmj/dream_ws/install/autoware_planning_msgs/include/autoware_planning_msgs/autoware_planning_msgs/msg/detail/pose_with_uuid_stamped__builder.hpp
-- Installing: /home/jmj/dream_ws/install/autoware_planning_msgs/include/autoware_planning_msgs/autoware_planning_msgs/msg/detail/trajectory__type_support.hpp
-- Installing: /home/jmj/dream_ws/install/autoware_planning_msgs/include/autoware_planning_msgs/autoware_planning_msgs/msg/detail/lanelet_route__traits.hpp
-- Installing: /home/jmj/dream_ws/install/autoware_planning_msgs/include/autoware_planning_msgs/autoware_planning_msgs/msg/detail/lanelet_segment__traits.hpp
-- Installing: /home/jmj/dream_ws/install/autoware_planning_msgs/include/autoware_planning_msgs/autoware_planning_msgs/msg/detail/trajectory__traits.hpp
-- Installing: /home/jmj/dream_ws/install/autoware_planning_msgs/include/autoware_planning_msgs/autoware_planning_msgs/msg/detail/trajectory_point__traits.hpp
-- Installing: /home/jmj/dream_ws/install/autoware_planning_msgs/include/autoware_planning_msgs/autoware_planning_msgs/msg/detail/path_point__builder.hpp
-- Installing: /home/jmj/dream_ws/install/autoware_planning_msgs/include/autoware_planning_msgs/autoware_planning_msgs/msg/detail/lanelet_primitive__builder.hpp
-- Installing: /home/jmj/dream_ws/install/autoware_planning_msgs/include/autoware_planning_msgs/autoware_planning_msgs/msg/detail/lanelet_segment__type_support.hpp
-- Installing: /home/jmj/dream_ws/install/autoware_planning_msgs/include/autoware_planning_msgs/autoware_planning_msgs/msg/detail/path_point__traits.hpp
-- Installing: /home/jmj/dream_ws/install/autoware_planning_msgs/include/autoware_planning_msgs/autoware_planning_msgs/msg/lanelet_route.hpp
-- Installing: /home/jmj/dream_ws/install/autoware_planning_msgs/include/autoware_planning_msgs/autoware_planning_msgs/msg/path.hpp
-- Installing: /home/jmj/dream_ws/install/autoware_planning_msgs/include/autoware_planning_msgs/autoware_planning_msgs/msg/lanelet_segment.hpp
-- Installing: /home/jmj/dream_ws/install/autoware_planning_msgs/include/autoware_planning_msgs/autoware_planning_msgs/msg/path_point.hpp
-- Installing: /home/jmj/dream_ws/install/autoware_planning_msgs/include/autoware_planning_msgs/autoware_planning_msgs/msg/rosidl_generator_cpp__visibility_control.hpp
-- Installing: /home/jmj/dream_ws/install/autoware_planning_msgs/include/autoware_planning_msgs/autoware_planning_msgs/msg/trajectory.hpp
-- Installing: /home/jmj/dream_ws/install/autoware_planning_msgs/include/autoware_planning_msgs/autoware_planning_msgs/msg/trajectory_point.hpp
-- Installing: /home/jmj/dream_ws/install/autoware_planning_msgs/include/autoware_planning_msgs/autoware_planning_msgs/msg/pose_with_uuid_stamped.hpp
-- Up-to-date: /home/jmj/dream_ws/install/autoware_planning_msgs/include/autoware_planning_msgs/autoware_planning_msgs
-- Up-to-date: /home/jmj/dream_ws/install/autoware_planning_msgs/include/autoware_planning_msgs/autoware_planning_msgs/msg
-- Up-to-date: /home/jmj/dream_ws/install/autoware_planning_msgs/include/autoware_planning_msgs/autoware_planning_msgs/msg/detail
-- Installing: /home/jmj/dream_ws/install/autoware_planning_msgs/include/autoware_planning_msgs/autoware_planning_msgs/msg/detail/dds_fastrtps
-- Installing: /home/jmj/dream_ws/install/autoware_planning_msgs/include/autoware_planning_msgs/autoware_planning_msgs/msg/detail/lanelet_segment__rosidl_typesupport_fastrtps_cpp.hpp
-- Installing: /home/jmj/dream_ws/install/autoware_planning_msgs/include/autoware_planning_msgs/autoware_planning_msgs/msg/detail/path_point__rosidl_typesupport_fastrtps_cpp.hpp
-- Installing: /home/jmj/dream_ws/install/autoware_planning_msgs/include/autoware_planning_msgs/autoware_planning_msgs/msg/detail/lanelet_route__rosidl_typesupport_fastrtps_cpp.hpp
-- Installing: /home/jmj/dream_ws/install/autoware_planning_msgs/include/autoware_planning_msgs/autoware_planning_msgs/msg/detail/path__rosidl_typesupport_fastrtps_cpp.hpp
-- Installing: /home/jmj/dream_ws/install/autoware_planning_msgs/include/autoware_planning_msgs/autoware_planning_msgs/msg/detail/trajectory__rosidl_typesupport_fastrtps_cpp.hpp
-- Installing: /home/jmj/dream_ws/install/autoware_planning_msgs/include/autoware_planning_msgs/autoware_planning_msgs/msg/detail/lanelet_primitive__rosidl_typesupport_fastrtps_cpp.hpp
-- Installing: /home/jmj/dream_ws/install/autoware_planning_msgs/include/autoware_planning_msgs/autoware_planning_msgs/msg/detail/trajectory_point__rosidl_typesupport_fastrtps_cpp.hpp
-- Installing: /home/jmj/dream_ws/install/autoware_planning_msgs/include/autoware_planning_msgs/autoware_planning_msgs/msg/detail/pose_with_uuid_stamped__rosidl_typesupport_fastrtps_cpp.hpp
-- Installing: /home/jmj/dream_ws/install/autoware_planning_msgs/include/autoware_planning_msgs/autoware_planning_msgs/msg/rosidl_typesupport_fastrtps_cpp__visibility_control.h
-- Installing: /home/jmj/dream_ws/install/autoware_planning_msgs/lib/libautoware_planning_msgs__rosidl_typesupport_fastrtps_cpp.so
-- Set runtime path of "/home/jmj/dream_ws/install/autoware_planning_msgs/lib/libautoware_planning_msgs__rosidl_typesupport_fastrtps_cpp.so" to ""
-- Up-to-date: /home/jmj/dream_ws/install/autoware_planning_msgs/include/autoware_planning_msgs/autoware_planning_msgs
-- Up-to-date: /home/jmj/dream_ws/install/autoware_planning_msgs/include/autoware_planning_msgs/autoware_planning_msgs/msg
-- Up-to-date: /home/jmj/dream_ws/install/autoware_planning_msgs/include/autoware_planning_msgs/autoware_planning_msgs/msg/detail
-- Installing: /home/jmj/dream_ws/install/autoware_planning_msgs/include/autoware_planning_msgs/autoware_planning_msgs/msg/detail/lanelet_route__type_support.cpp
-- Installing: /home/jmj/dream_ws/install/autoware_planning_msgs/include/autoware_planning_msgs/autoware_planning_msgs/msg/detail/path_point__rosidl_typesupport_introspection_cpp.hpp
-- Installing: /home/jmj/dream_ws/install/autoware_planning_msgs/include/autoware_planning_msgs/autoware_planning_msgs/msg/detail/path__type_support.cpp
-- Installing: /home/jmj/dream_ws/install/autoware_planning_msgs/include/autoware_planning_msgs/autoware_planning_msgs/msg/detail/lanelet_route__rosidl_typesupport_introspection_cpp.hpp
-- Installing: /home/jmj/dream_ws/install/autoware_planning_msgs/include/autoware_planning_msgs/autoware_planning_msgs/msg/detail/lanelet_primitive__rosidl_typesupport_introspection_cpp.hpp
-- Installing: /home/jmj/dream_ws/install/autoware_planning_msgs/include/autoware_planning_msgs/autoware_planning_msgs/msg/detail/trajectory_point__type_support.cpp
-- Installing: /home/jmj/dream_ws/install/autoware_planning_msgs/include/autoware_planning_msgs/autoware_planning_msgs/msg/detail/trajectory__rosidl_typesupport_introspection_cpp.hpp
-- Installing: /home/jmj/dream_ws/install/autoware_planning_msgs/include/autoware_planning_msgs/autoware_planning_msgs/msg/detail/trajectory_point__rosidl_typesupport_introspection_cpp.hpp
-- Installing: /home/jmj/dream_ws/install/autoware_planning_msgs/include/autoware_planning_msgs/autoware_planning_msgs/msg/detail/lanelet_primitive__type_support.cpp
-- Installing: /home/jmj/dream_ws/install/autoware_planning_msgs/include/autoware_planning_msgs/autoware_planning_msgs/msg/detail/path__rosidl_typesupport_introspection_cpp.hpp
-- Installing: /home/jmj/dream_ws/install/autoware_planning_msgs/include/autoware_planning_msgs/autoware_planning_msgs/msg/detail/lanelet_segment__rosidl_typesupport_introspection_cpp.hpp
-- Installing: /home/jmj/dream_ws/install/autoware_planning_msgs/include/autoware_planning_msgs/autoware_planning_msgs/msg/detail/trajectory__type_support.cpp
-- Installing: /home/jmj/dream_ws/install/autoware_planning_msgs/include/autoware_planning_msgs/autoware_planning_msgs/msg/detail/pose_with_uuid_stamped__rosidl_typesupport_introspection_cpp.hpp
-- Installing: /home/jmj/dream_ws/install/autoware_planning_msgs/include/autoware_planning_msgs/autoware_planning_msgs/msg/detail/path_point__type_support.cpp
-- Installing: /home/jmj/dream_ws/install/autoware_planning_msgs/include/autoware_planning_msgs/autoware_planning_msgs/msg/detail/lanelet_segment__type_support.cpp
-- Installing: /home/jmj/dream_ws/install/autoware_planning_msgs/include/autoware_planning_msgs/autoware_planning_msgs/msg/detail/pose_with_uuid_stamped__type_support.cpp
-- Installing: /home/jmj/dream_ws/install/autoware_planning_msgs/lib/libautoware_planning_msgs__rosidl_typesupport_introspection_cpp.so
-- Set runtime path of "/home/jmj/dream_ws/install/autoware_planning_msgs/lib/libautoware_planning_msgs__rosidl_typesupport_introspection_cpp.so" to ""
-- Installing: /home/jmj/dream_ws/install/autoware_planning_msgs/lib/libautoware_planning_msgs__rosidl_typesupport_cpp.so
-- Set runtime path of "/home/jmj/dream_ws/install/autoware_planning_msgs/lib/libautoware_planning_msgs__rosidl_typesupport_cpp.so" to ""
-- Installing: /home/jmj/dream_ws/install/autoware_planning_msgs/share/autoware_planning_msgs/environment/pythonpath.sh
-- Installing: /home/jmj/dream_ws/install/autoware_planning_msgs/share/autoware_planning_msgs/environment/pythonpath.dsv
-- Installing: /home/jmj/dream_ws/install/autoware_planning_msgs/local/lib/python3.10/dist-packages/autoware_planning_msgs-1.8.0-py3.10.egg-info
-- Installing: /home/jmj/dream_ws/install/autoware_planning_msgs/local/lib/python3.10/dist-packages/autoware_planning_msgs-1.8.0-py3.10.egg-info/dependency_links.txt
-- Installing: /home/jmj/dream_ws/install/autoware_planning_msgs/local/lib/python3.10/dist-packages/autoware_planning_msgs-1.8.0-py3.10.egg-info/top_level.txt
-- Installing: /home/jmj/dream_ws/install/autoware_planning_msgs/local/lib/python3.10/dist-packages/autoware_planning_msgs-1.8.0-py3.10.egg-info/PKG-INFO
-- Installing: /home/jmj/dream_ws/install/autoware_planning_msgs/local/lib/python3.10/dist-packages/autoware_planning_msgs-1.8.0-py3.10.egg-info/SOURCES.txt
-- Installing: /home/jmj/dream_ws/install/autoware_planning_msgs/local/lib/python3.10/dist-packages/autoware_planning_msgs
-- Installing: /home/jmj/dream_ws/install/autoware_planning_msgs/local/lib/python3.10/dist-packages/autoware_planning_msgs/_autoware_planning_msgs_s.ep.rosidl_typesupport_c.c
-- Installing: /home/jmj/dream_ws/install/autoware_planning_msgs/local/lib/python3.10/dist-packages/autoware_planning_msgs/__init__.py
-- Installing: /home/jmj/dream_ws/install/autoware_planning_msgs/local/lib/python3.10/dist-packages/autoware_planning_msgs/autoware_planning_msgs_s__rosidl_typesupport_introspection_c.cpython-310-x86_64-linux-gnu.so
-- Installing: /home/jmj/dream_ws/install/autoware_planning_msgs/local/lib/python3.10/dist-packages/autoware_planning_msgs/_autoware_planning_msgs_s.ep.rosidl_typesupport_introspection_c.c
-- Installing: /home/jmj/dream_ws/install/autoware_planning_msgs/local/lib/python3.10/dist-packages/autoware_planning_msgs/_autoware_planning_msgs_s.ep.rosidl_typesupport_fastrtps_c.c
-- Installing: /home/jmj/dream_ws/install/autoware_planning_msgs/local/lib/python3.10/dist-packages/autoware_planning_msgs/autoware_planning_msgs_s__rosidl_typesupport_c.cpython-310-x86_64-linux-gnu.so
-- Installing: /home/jmj/dream_ws/install/autoware_planning_msgs/local/lib/python3.10/dist-packages/autoware_planning_msgs/libautoware_planning_msgs__rosidl_generator_py.so
-- Installing: /home/jmj/dream_ws/install/autoware_planning_msgs/local/lib/python3.10/dist-packages/autoware_planning_msgs/autoware_planning_msgs_s__rosidl_typesupport_fastrtps_c.cpython-310-x86_64-linux-gnu.so
-- Installing: /home/jmj/dream_ws/install/autoware_planning_msgs/local/lib/python3.10/dist-packages/autoware_planning_msgs/msg
-- Installing: /home/jmj/dream_ws/install/autoware_planning_msgs/local/lib/python3.10/dist-packages/autoware_planning_msgs/msg/_lanelet_segment_s.c
-- Installing: /home/jmj/dream_ws/install/autoware_planning_msgs/local/lib/python3.10/dist-packages/autoware_planning_msgs/msg/__init__.py
-- Installing: /home/jmj/dream_ws/install/autoware_planning_msgs/local/lib/python3.10/dist-packages/autoware_planning_msgs/msg/_path_point_s.c
-- Installing: /home/jmj/dream_ws/install/autoware_planning_msgs/local/lib/python3.10/dist-packages/autoware_planning_msgs/msg/_path_s.c
-- Installing: /home/jmj/dream_ws/install/autoware_planning_msgs/local/lib/python3.10/dist-packages/autoware_planning_msgs/msg/_lanelet_route.py
-- Installing: /home/jmj/dream_ws/install/autoware_planning_msgs/local/lib/python3.10/dist-packages/autoware_planning_msgs/msg/_lanelet_segment.py
-- Installing: /home/jmj/dream_ws/install/autoware_planning_msgs/local/lib/python3.10/dist-packages/autoware_planning_msgs/msg/_pose_with_uuid_stamped.py
-- Installing: /home/jmj/dream_ws/install/autoware_planning_msgs/local/lib/python3.10/dist-packages/autoware_planning_msgs/msg/_lanelet_primitive_s.c
-- Installing: /home/jmj/dream_ws/install/autoware_planning_msgs/local/lib/python3.10/dist-packages/autoware_planning_msgs/msg/_pose_with_uuid_stamped_s.c
-- Installing: /home/jmj/dream_ws/install/autoware_planning_msgs/local/lib/python3.10/dist-packages/autoware_planning_msgs/msg/_path.py
-- Installing: /home/jmj/dream_ws/install/autoware_planning_msgs/local/lib/python3.10/dist-packages/autoware_planning_msgs/msg/_path_point.py
-- Installing: /home/jmj/dream_ws/install/autoware_planning_msgs/local/lib/python3.10/dist-packages/autoware_planning_msgs/msg/_lanelet_primitive.py
-- Installing: /home/jmj/dream_ws/install/autoware_planning_msgs/local/lib/python3.10/dist-packages/autoware_planning_msgs/msg/_trajectory.py
-- Installing: /home/jmj/dream_ws/install/autoware_planning_msgs/local/lib/python3.10/dist-packages/autoware_planning_msgs/msg/_trajectory_point_s.c
-- Installing: /home/jmj/dream_ws/install/autoware_planning_msgs/local/lib/python3.10/dist-packages/autoware_planning_msgs/msg/_trajectory_point.py
-- Installing: /home/jmj/dream_ws/install/autoware_planning_msgs/local/lib/python3.10/dist-packages/autoware_planning_msgs/msg/_lanelet_route_s.c
-- Installing: /home/jmj/dream_ws/install/autoware_planning_msgs/local/lib/python3.10/dist-packages/autoware_planning_msgs/msg/_trajectory_s.c
Listing '/home/jmj/dream_ws/install/autoware_planning_msgs/local/lib/python3.10/dist-packages/autoware_planning_msgs'...
Compiling '/home/jmj/dream_ws/install/autoware_planning_msgs/local/lib/python3.10/dist-packages/autoware_planning_msgs/__init__.py'...
Listing '/home/jmj/dream_ws/install/autoware_planning_msgs/local/lib/python3.10/dist-packages/autoware_planning_msgs/msg'...
Compiling '/home/jmj/dream_ws/install/autoware_planning_msgs/local/lib/python3.10/dist-packages/autoware_planning_msgs/msg/__init__.py'...
Compiling '/home/jmj/dream_ws/install/autoware_planning_msgs/local/lib/python3.10/dist-packages/autoware_planning_msgs/msg/_lanelet_primitive.py'...
Compiling '/home/jmj/dream_ws/install/autoware_planning_msgs/local/lib/python3.10/dist-packages/autoware_planning_msgs/msg/_lanelet_route.py'...
Compiling '/home/jmj/dream_ws/install/autoware_planning_msgs/local/lib/python3.10/dist-packages/autoware_planning_msgs/msg/_lanelet_segment.py'...
Compiling '/home/jmj/dream_ws/install/autoware_planning_msgs/local/lib/python3.10/dist-packages/autoware_planning_msgs/msg/_path.py'...
Compiling '/home/jmj/dream_ws/install/autoware_planning_msgs/local/lib/python3.10/dist-packages/autoware_planning_msgs/msg/_path_point.py'...
Compiling '/home/jmj/dream_ws/install/autoware_planning_msgs/local/lib/python3.10/dist-packages/autoware_planning_msgs/msg/_pose_with_uuid_stamped.py'...
Compiling '/home/jmj/dream_ws/install/autoware_planning_msgs/local/lib/python3.10/dist-packages/autoware_planning_msgs/msg/_trajectory.py'...
Compiling '/home/jmj/dream_ws/install/autoware_planning_msgs/local/lib/python3.10/dist-packages/autoware_planning_msgs/msg/_trajectory_point.py'...
-- Installing: /home/jmj/dream_ws/install/autoware_planning_msgs/local/lib/python3.10/dist-packages/autoware_planning_msgs/autoware_planning_msgs_s__rosidl_typesupport_fastrtps_c.cpython-310-x86_64-linux-gnu.so
-- Set runtime path of "/home/jmj/dream_ws/install/autoware_planning_msgs/local/lib/python3.10/dist-packages/autoware_planning_msgs/autoware_planning_msgs_s__rosidl_typesupport_fastrtps_c.cpython-310-x86_64-linux-gnu.so" to ""
-- Installing: /home/jmj/dream_ws/install/autoware_planning_msgs/local/lib/python3.10/dist-packages/autoware_planning_msgs/autoware_planning_msgs_s__rosidl_typesupport_introspection_c.cpython-310-x86_64-linux-gnu.so
-- Set runtime path of "/home/jmj/dream_ws/install/autoware_planning_msgs/local/lib/python3.10/dist-packages/autoware_planning_msgs/autoware_planning_msgs_s__rosidl_typesupport_introspection_c.cpython-310-x86_64-linux-gnu.so" to ""
-- Installing: /home/jmj/dream_ws/install/autoware_planning_msgs/local/lib/python3.10/dist-packages/autoware_planning_msgs/autoware_planning_msgs_s__rosidl_typesupport_c.cpython-310-x86_64-linux-gnu.so
-- Set runtime path of "/home/jmj/dream_ws/install/autoware_planning_msgs/local/lib/python3.10/dist-packages/autoware_planning_msgs/autoware_planning_msgs_s__rosidl_typesupport_c.cpython-310-x86_64-linux-gnu.so" to ""
-- Installing: /home/jmj/dream_ws/install/autoware_planning_msgs/lib/libautoware_planning_msgs__rosidl_generator_py.so
-- Set runtime path of "/home/jmj/dream_ws/install/autoware_planning_msgs/lib/libautoware_planning_msgs__rosidl_generator_py.so" to ""
-- Installing: /home/jmj/dream_ws/install/autoware_planning_msgs/share/autoware_planning_msgs/msg/LaneletPrimitive.idl
-- Installing: /home/jmj/dream_ws/install/autoware_planning_msgs/share/autoware_planning_msgs/msg/LaneletRoute.idl
-- Installing: /home/jmj/dream_ws/install/autoware_planning_msgs/share/autoware_planning_msgs/msg/LaneletSegment.idl
-- Installing: /home/jmj/dream_ws/install/autoware_planning_msgs/share/autoware_planning_msgs/msg/PoseWithUuidStamped.idl
-- Installing: /home/jmj/dream_ws/install/autoware_planning_msgs/share/autoware_planning_msgs/msg/Trajectory.idl
-- Installing: /home/jmj/dream_ws/install/autoware_planning_msgs/share/autoware_planning_msgs/msg/TrajectoryPoint.idl
-- Installing: /home/jmj/dream_ws/install/autoware_planning_msgs/share/autoware_planning_msgs/msg/Path.idl
-- Installing: /home/jmj/dream_ws/install/autoware_planning_msgs/share/autoware_planning_msgs/msg/PathPoint.idl
-- Installing: /home/jmj/dream_ws/install/autoware_planning_msgs/share/autoware_planning_msgs/msg/LaneletPrimitive.msg
-- Installing: /home/jmj/dream_ws/install/autoware_planning_msgs/share/autoware_planning_msgs/msg/LaneletRoute.msg
-- Installing: /home/jmj/dream_ws/install/autoware_planning_msgs/share/autoware_planning_msgs/msg/LaneletSegment.msg
-- Installing: /home/jmj/dream_ws/install/autoware_planning_msgs/share/autoware_planning_msgs/msg/PoseWithUuidStamped.msg
-- Installing: /home/jmj/dream_ws/install/autoware_planning_msgs/share/autoware_planning_msgs/msg/Trajectory.msg
-- Installing: /home/jmj/dream_ws/install/autoware_planning_msgs/share/autoware_planning_msgs/msg/TrajectoryPoint.msg
-- Installing: /home/jmj/dream_ws/install/autoware_planning_msgs/share/autoware_planning_msgs/msg/Path.msg
-- Installing: /home/jmj/dream_ws/install/autoware_planning_msgs/share/autoware_planning_msgs/msg/PathPoint.msg
-- Installing: /home/jmj/dream_ws/install/autoware_planning_msgs/share/ament_index/resource_index/package_run_dependencies/autoware_planning_msgs
-- Installing: /home/jmj/dream_ws/install/autoware_planning_msgs/share/ament_index/resource_index/parent_prefix_path/autoware_planning_msgs
-- Installing: /home/jmj/dream_ws/install/autoware_planning_msgs/share/autoware_planning_msgs/environment/ament_prefix_path.sh
-- Installing: /home/jmj/dream_ws/install/autoware_planning_msgs/share/autoware_planning_msgs/environment/ament_prefix_path.dsv
-- Installing: /home/jmj/dream_ws/install/autoware_planning_msgs/share/autoware_planning_msgs/environment/path.sh
-- Installing: /home/jmj/dream_ws/install/autoware_planning_msgs/share/autoware_planning_msgs/environment/path.dsv
-- Installing: /home/jmj/dream_ws/install/autoware_planning_msgs/share/autoware_planning_msgs/local_setup.bash
-- Installing: /home/jmj/dream_ws/install/autoware_planning_msgs/share/autoware_planning_msgs/local_setup.sh
-- Installing: /home/jmj/dream_ws/install/autoware_planning_msgs/share/autoware_planning_msgs/local_setup.zsh
-- Installing: /home/jmj/dream_ws/install/autoware_planning_msgs/share/autoware_planning_msgs/local_setup.dsv
-- Installing: /home/jmj/dream_ws/install/autoware_planning_msgs/share/autoware_planning_msgs/package.dsv
-- Installing: /home/jmj/dream_ws/install/autoware_planning_msgs/share/ament_index/resource_index/packages/autoware_planning_msgs
-- Installing: /home/jmj/dream_ws/install/autoware_planning_msgs/share/autoware_planning_msgs/cmake/export_autoware_planning_msgs__rosidl_generator_cExport.cmake
-- Installing: /home/jmj/dream_ws/install/autoware_planning_msgs/share/autoware_planning_msgs/cmake/export_autoware_planning_msgs__rosidl_generator_cExport-noconfig.cmake
-- Installing: /home/jmj/dream_ws/install/autoware_planning_msgs/share/autoware_planning_msgs/cmake/export_autoware_planning_msgs__rosidl_typesupport_fastrtps_cExport.cmake
-- Installing: /home/jmj/dream_ws/install/autoware_planning_msgs/share/autoware_planning_msgs/cmake/export_autoware_planning_msgs__rosidl_typesupport_fastrtps_cExport-noconfig.cmake
-- Installing: /home/jmj/dream_ws/install/autoware_planning_msgs/share/autoware_planning_msgs/cmake/autoware_planning_msgs__rosidl_typesupport_introspection_cExport.cmake
-- Installing: /home/jmj/dream_ws/install/autoware_planning_msgs/share/autoware_planning_msgs/cmake/autoware_planning_msgs__rosidl_typesupport_introspection_cExport-noconfig.cmake
-- Installing: /home/jmj/dream_ws/install/autoware_planning_msgs/share/autoware_planning_msgs/cmake/autoware_planning_msgs__rosidl_typesupport_cExport.cmake
-- Installing: /home/jmj/dream_ws/install/autoware_planning_msgs/share/autoware_planning_msgs/cmake/autoware_planning_msgs__rosidl_typesupport_cExport-noconfig.cmake
-- Installing: /home/jmj/dream_ws/install/autoware_planning_msgs/share/autoware_planning_msgs/cmake/export_autoware_planning_msgs__rosidl_generator_cppExport.cmake
-- Installing: /home/jmj/dream_ws/install/autoware_planning_msgs/share/autoware_planning_msgs/cmake/export_autoware_planning_msgs__rosidl_typesupport_fastrtps_cppExport.cmake
-- Installing: /home/jmj/dream_ws/install/autoware_planning_msgs/share/autoware_planning_msgs/cmake/export_autoware_planning_msgs__rosidl_typesupport_fastrtps_cppExport-noconfig.cmake
-- Installing: /home/jmj/dream_ws/install/autoware_planning_msgs/share/autoware_planning_msgs/cmake/autoware_planning_msgs__rosidl_typesupport_introspection_cppExport.cmake
-- Installing: /home/jmj/dream_ws/install/autoware_planning_msgs/share/autoware_planning_msgs/cmake/autoware_planning_msgs__rosidl_typesupport_introspection_cppExport-noconfig.cmake
-- Installing: /home/jmj/dream_ws/install/autoware_planning_msgs/share/autoware_planning_msgs/cmake/autoware_planning_msgs__rosidl_typesupport_cppExport.cmake
-- Installing: /home/jmj/dream_ws/install/autoware_planning_msgs/share/autoware_planning_msgs/cmake/autoware_planning_msgs__rosidl_typesupport_cppExport-noconfig.cmake
-- Installing: /home/jmj/dream_ws/install/autoware_planning_msgs/share/autoware_planning_msgs/cmake/export_autoware_planning_msgs__rosidl_generator_pyExport.cmake
-- Installing: /home/jmj/dream_ws/install/autoware_planning_msgs/share/autoware_planning_msgs/cmake/export_autoware_planning_msgs__rosidl_generator_pyExport-noconfig.cmake
-- Installing: /home/jmj/dream_ws/install/autoware_planning_msgs/share/autoware_planning_msgs/cmake/rosidl_cmake-extras.cmake
-- Installing: /home/jmj/dream_ws/install/autoware_planning_msgs/share/autoware_planning_msgs/cmake/ament_cmake_export_dependencies-extras.cmake
-- Installing: /home/jmj/dream_ws/install/autoware_planning_msgs/share/autoware_planning_msgs/cmake/ament_cmake_export_include_directories-extras.cmake
-- Installing: /home/jmj/dream_ws/install/autoware_planning_msgs/share/autoware_planning_msgs/cmake/ament_cmake_export_libraries-extras.cmake
-- Installing: /home/jmj/dream_ws/install/autoware_planning_msgs/share/autoware_planning_msgs/cmake/ament_cmake_export_targets-extras.cmake
-- Installing: /home/jmj/dream_ws/install/autoware_planning_msgs/share/autoware_planning_msgs/cmake/rosidl_cmake_export_typesupport_targets-extras.cmake
-- Installing: /home/jmj/dream_ws/install/autoware_planning_msgs/share/autoware_planning_msgs/cmake/rosidl_cmake_export_typesupport_libraries-extras.cmake
-- Installing: /home/jmj/dream_ws/install/autoware_planning_msgs/share/autoware_planning_msgs/cmake/autoware_planning_msgsConfig.cmake
-- Installing: /home/jmj/dream_ws/install/autoware_planning_msgs/share/autoware_planning_msgs/cmake/autoware_planning_msgsConfig-version.cmake
-- Installing: /home/jmj/dream_ws/install/autoware_planning_msgs/share/autoware_planning_msgs/package.xml
