[0.017s] Invoking command in '/home/jmj/dream_ws/build/autoware_planning_msgs': CMAKE_PREFIX_PATH=${CMAKE_PREFIX_PATH}:/home/jmj/dream_ws/install/dream:/opt/ros/humble /usr/bin/cmake /home/jmj/dream_ws/autoware_msgs/autoware_planning_msgs -DCMAKE_INSTALL_PREFIX=/home/jmj/dream_ws/install/autoware_planning_msgs
[0.057s] -- The C compiler identification is GNU 11.4.0
[0.094s] -- The CXX compiler identification is GNU 11.4.0
[0.102s] -- Detecting C compiler ABI info
[0.138s] -- Detecting C compiler ABI info - done
[0.142s] -- Check for working C compiler: /usr/lib/ccache/gcc - skipped
[0.142s] -- Detecting C compile features
[0.142s] -- Detecting C compile features - done
[0.144s] -- Detecting CXX compiler ABI info
[0.184s] -- Detecting CXX compiler ABI info - done
[0.189s] -- Check for working CXX compiler: /usr/lib/ccache/g++ - skipped
[0.189s] -- Detecting CXX compile features
[0.189s] -- Detecting CXX compile features - done
[0.190s] -- Found ament_cmake_auto: 1.3.11 (/opt/ros/humble/share/ament_cmake_auto/cmake)
[0.297s] -- Found Python3: /usr/bin/python3 (found version "3.10.12") found components: Interpreter 
[0.403s] -- Using all available rosidl_typesupport_c: rosidl_typesupport_fastrtps_c;rosidl_typesupport_introspection_c
[0.406s] -- Found rosidl_adapter: 3.1.6 (/opt/ros/humble/share/rosidl_adapter/cmake)
[0.429s] -- Using all available rosidl_typesupport_cpp: rosidl_typesupport_fastrtps_cpp;rosidl_typesupport_introspection_cpp
[0.651s] -- Found ament_cmake_cppcheck: 0.12.12 (/opt/ros/humble/share/ament_cmake_cppcheck/cmake)
[0.652s] -- Found ament_cmake_cpplint: 0.12.12 (/opt/ros/humble/share/ament_cmake_cpplint/cmake)
[0.653s] -- Found ament_cmake_uncrustify: 0.12.12 (/opt/ros/humble/share/ament_cmake_uncrustify/cmake)
[0.655s] -- Found ament_cmake_ros: 0.10.0 (/opt/ros/humble/share/ament_cmake_ros/cmake)
[0.827s] -- Using all available rosidl_typesupport_c: rosidl_typesupport_fastrtps_c;rosidl_typesupport_introspection_c
[1.057s] -- Using all available rosidl_typesupport_cpp: rosidl_typesupport_fastrtps_cpp;rosidl_typesupport_introspection_cpp
[1.072s] -- Found PythonInterp: /usr/bin/python3 (found suitable version "3.10.12", minimum required is "3.6") 
[1.073s] -- Found python_cmake_module: 0.10.0 (/opt/ros/humble/share/python_cmake_module/cmake)
[1.090s] -- Found PythonLibs: /usr/lib/x86_64-linux-gnu/libpython3.10.so (found suitable version "3.10.12", minimum required is "3.5") 
[1.090s] -- Using PYTHON_EXECUTABLE: /usr/bin/python3
[1.090s] -- Using PYTHON_INCLUDE_DIRS: /usr/include/python3.10
[1.090s] -- Using PYTHON_LIBRARIES: /usr/lib/x86_64-linux-gnu/libpython3.10.so
[1.105s] -- Found PythonExtra: .so  
[1.167s] -- Found ament_cmake_flake8: 0.12.12 (/opt/ros/humble/share/ament_cmake_flake8/cmake)
[1.169s] -- Found ament_cmake_pep257: 0.12.12 (/opt/ros/humble/share/ament_cmake_pep257/cmake)
[1.171s] -- Found ament_lint_auto: 0.12.12 (/opt/ros/humble/share/ament_lint_auto/cmake)
[1.182s] -- Added test 'copyright' to check source files copyright and LICENSE
[1.183s] -- Added test 'lint_cmake' to check CMake code style
[1.183s] -- Added test 'xmllint' to check XML markup files
[1.185s] -- Configuring done
[1.225s] -- Generating done
[1.237s] -- Build files have been written to: /home/jmj/dream_ws/build/autoware_planning_msgs
[1.255s] Invoked command in '/home/jmj/dream_ws/build/autoware_planning_msgs' returned '0': CMAKE_PREFIX_PATH=${CMAKE_PREFIX_PATH}:/home/jmj/dream_ws/install/dream:/opt/ros/humble /usr/bin/cmake /home/jmj/dream_ws/autoware_msgs/autoware_planning_msgs -DCMAKE_INSTALL_PREFIX=/home/jmj/dream_ws/install/autoware_planning_msgs
[1.258s] Invoking command in '/home/jmj/dream_ws/build/autoware_planning_msgs': CMAKE_PREFIX_PATH=${CMAKE_PREFIX_PATH}:/home/jmj/dream_ws/install/dream:/opt/ros/humble /usr/bin/cmake --build /home/jmj/dream_ws/build/autoware_planning_msgs -- -j20 -l20
[1.318s] [  1%] [34m[1mGenerating C code for ROS interfaces[0m
[1.336s] [  2%] [34m[1mGenerating C++ code for ROS interfaces[0m
[1.360s] [  2%] Built target ament_cmake_python_copy_autoware_planning_msgs
[1.755s] running egg_info
[1.756s] creating autoware_planning_msgs.egg-info
[1.757s] writing autoware_planning_msgs.egg-info/PKG-INFO
[1.757s] writing dependency_links to autoware_planning_msgs.egg-info/dependency_links.txt
[1.757s] writing top-level names to autoware_planning_msgs.egg-info/top_level.txt
[1.759s] writing manifest file 'autoware_planning_msgs.egg-info/SOURCES.txt'
[1.763s] reading manifest file 'autoware_planning_msgs.egg-info/SOURCES.txt'
[1.763s] writing manifest file 'autoware_planning_msgs.egg-info/SOURCES.txt'
[1.817s] [  2%] Built target ament_cmake_python_build_autoware_planning_msgs_egg
[2.227s] [  2%] Built target autoware_planning_msgs__cpp
[2.248s] [  3%] [34m[1mGenerating C++ type support dispatch for ROS interfaces[0m
[2.256s] [  4%] [34m[1mGenerating C++ type support for eProsima Fast-RTPS[0m
[2.265s] [  5%] [34m[1mGenerating C++ introspection for ROS interfaces[0m
[2.852s] [  8%] [32mBuilding C object CMakeFiles/autoware_planning_msgs__rosidl_generator_c.dir/rosidl_generator_c/autoware_planning_msgs/msg/detail/lanelet_route__functions.c.o[0m
[2.852s] [  8%] [32mBuilding C object CMakeFiles/autoware_planning_msgs__rosidl_generator_c.dir/rosidl_generator_c/autoware_planning_msgs/msg/detail/lanelet_primitive__functions.c.o[0m
[2.852s] [ 10%] [32mBuilding C object CMakeFiles/autoware_planning_msgs__rosidl_generator_c.dir/rosidl_generator_c/autoware_planning_msgs/msg/detail/trajectory__functions.c.o[0m
[2.852s] [ 10%] [32mBuilding C object CMakeFiles/autoware_planning_msgs__rosidl_generator_c.dir/rosidl_generator_c/autoware_planning_msgs/msg/detail/lanelet_segment__functions.c.o[0m
[2.855s] [ 11%] [32mBuilding C object CMakeFiles/autoware_planning_msgs__rosidl_generator_c.dir/rosidl_generator_c/autoware_planning_msgs/msg/detail/pose_with_uuid_stamped__functions.c.o[0m
[2.864s] [ 12%] [32mBuilding C object CMakeFiles/autoware_planning_msgs__rosidl_generator_c.dir/rosidl_generator_c/autoware_planning_msgs/msg/detail/path__functions.c.o[0m
[2.864s] [ 13%] [32mBuilding C object CMakeFiles/autoware_planning_msgs__rosidl_generator_c.dir/rosidl_generator_c/autoware_planning_msgs/msg/detail/trajectory_point__functions.c.o[0m
[2.865s] [ 14%] [32mBuilding C object CMakeFiles/autoware_planning_msgs__rosidl_generator_c.dir/rosidl_generator_c/autoware_planning_msgs/msg/detail/path_point__functions.c.o[0m
[2.893s] [ 16%] [32mBuilding CXX object CMakeFiles/autoware_planning_msgs__rosidl_typesupport_cpp.dir/rosidl_typesupport_cpp/autoware_planning_msgs/msg/lanelet_primitive__type_support.cpp.o[0m
[2.907s] [ 17%] [32mBuilding CXX object CMakeFiles/autoware_planning_msgs__rosidl_typesupport_cpp.dir/rosidl_typesupport_cpp/autoware_planning_msgs/msg/lanelet_route__type_support.cpp.o[0m
[2.908s] [ 18%] [32mBuilding CXX object CMakeFiles/autoware_planning_msgs__rosidl_typesupport_cpp.dir/rosidl_typesupport_cpp/autoware_planning_msgs/msg/lanelet_segment__type_support.cpp.o[0m
[2.925s] [ 20%] [32mBuilding CXX object CMakeFiles/autoware_planning_msgs__rosidl_typesupport_cpp.dir/rosidl_typesupport_cpp/autoware_planning_msgs/msg/trajectory__type_support.cpp.o[0m
[2.926s] [ 21%] [32mBuilding CXX object CMakeFiles/autoware_planning_msgs__rosidl_typesupport_cpp.dir/rosidl_typesupport_cpp/autoware_planning_msgs/msg/trajectory_point__type_support.cpp.o[0m
[2.928s] [ 21%] [32mBuilding CXX object CMakeFiles/autoware_planning_msgs__rosidl_typesupport_cpp.dir/rosidl_typesupport_cpp/autoware_planning_msgs/msg/pose_with_uuid_stamped__type_support.cpp.o[0m
[2.937s] [ 22%] [32mBuilding CXX object CMakeFiles/autoware_planning_msgs__rosidl_typesupport_cpp.dir/rosidl_typesupport_cpp/autoware_planning_msgs/msg/path__type_support.cpp.o[0m
[2.941s] [ 24%] [32mBuilding CXX object CMakeFiles/autoware_planning_msgs__rosidl_typesupport_cpp.dir/rosidl_typesupport_cpp/autoware_planning_msgs/msg/path_point__type_support.cpp.o[0m
[3.094s] [ 25%] [32m[1mLinking C shared library libautoware_planning_msgs__rosidl_generator_c.so[0m
[3.223s] [ 25%] Built target autoware_planning_msgs__rosidl_generator_c
[3.254s] [ 26%] [34m[1mGenerating C type support for eProsima Fast-RTPS[0m
[3.258s] [ 28%] [34m[1mGenerating C introspection for ROS interfaces[0m
[3.264s] [ 28%] [34m[1mGenerating C type support dispatch for ROS interfaces[0m
[3.660s] [ 29%] [32mBuilding CXX object CMakeFiles/autoware_planning_msgs__rosidl_typesupport_introspection_cpp.dir/rosidl_typesupport_introspection_cpp/autoware_planning_msgs/msg/detail/lanelet_primitive__type_support.cpp.o[0m
[3.673s] [ 31%] [32mBuilding CXX object CMakeFiles/autoware_planning_msgs__rosidl_typesupport_introspection_cpp.dir/rosidl_typesupport_introspection_cpp/autoware_planning_msgs/msg/detail/lanelet_route__type_support.cpp.o[0m
[3.691s] [ 32%] [32mBuilding CXX object CMakeFiles/autoware_planning_msgs__rosidl_typesupport_introspection_cpp.dir/rosidl_typesupport_introspection_cpp/autoware_planning_msgs/msg/detail/lanelet_segment__type_support.cpp.o[0m
[3.691s] [ 33%] [32mBuilding CXX object CMakeFiles/autoware_planning_msgs__rosidl_typesupport_introspection_cpp.dir/rosidl_typesupport_introspection_cpp/autoware_planning_msgs/msg/detail/trajectory__type_support.cpp.o[0m
[3.700s] [ 34%] [32mBuilding CXX object CMakeFiles/autoware_planning_msgs__rosidl_typesupport_introspection_cpp.dir/rosidl_typesupport_introspection_cpp/autoware_planning_msgs/msg/detail/pose_with_uuid_stamped__type_support.cpp.o[0m
[3.720s] [ 35%] [32mBuilding CXX object CMakeFiles/autoware_planning_msgs__rosidl_typesupport_introspection_cpp.dir/rosidl_typesupport_introspection_cpp/autoware_planning_msgs/msg/detail/trajectory_point__type_support.cpp.o[0m
[3.728s] [ 36%] [32mBuilding CXX object CMakeFiles/autoware_planning_msgs__rosidl_typesupport_introspection_cpp.dir/rosidl_typesupport_introspection_cpp/autoware_planning_msgs/msg/detail/path__type_support.cpp.o[0m
[3.739s] [ 37%] [32mBuilding CXX object CMakeFiles/autoware_planning_msgs__rosidl_typesupport_introspection_cpp.dir/rosidl_typesupport_introspection_cpp/autoware_planning_msgs/msg/detail/path_point__type_support.cpp.o[0m
[3.774s] [ 39%] [32mBuilding CXX object CMakeFiles/autoware_planning_msgs__rosidl_typesupport_fastrtps_cpp.dir/rosidl_typesupport_fastrtps_cpp/autoware_planning_msgs/msg/detail/dds_fastrtps/lanelet_primitive__type_support.cpp.o[0m
[3.781s] [ 40%] [32mBuilding CXX object CMakeFiles/autoware_planning_msgs__rosidl_typesupport_fastrtps_cpp.dir/rosidl_typesupport_fastrtps_cpp/autoware_planning_msgs/msg/detail/dds_fastrtps/lanelet_route__type_support.cpp.o[0m
[3.782s] [ 41%] [32mBuilding CXX object CMakeFiles/autoware_planning_msgs__rosidl_typesupport_fastrtps_cpp.dir/rosidl_typesupport_fastrtps_cpp/autoware_planning_msgs/msg/detail/dds_fastrtps/lanelet_segment__type_support.cpp.o[0m
[3.881s] [ 42%] [32mBuilding CXX object CMakeFiles/autoware_planning_msgs__rosidl_typesupport_fastrtps_cpp.dir/rosidl_typesupport_fastrtps_cpp/autoware_planning_msgs/msg/detail/dds_fastrtps/pose_with_uuid_stamped__type_support.cpp.o[0m
[3.985s] [ 43%] [32mBuilding CXX object CMakeFiles/autoware_planning_msgs__rosidl_typesupport_fastrtps_cpp.dir/rosidl_typesupport_fastrtps_cpp/autoware_planning_msgs/msg/detail/dds_fastrtps/trajectory__type_support.cpp.o[0m
[4.042s] [ 44%] [32mBuilding CXX object CMakeFiles/autoware_planning_msgs__rosidl_typesupport_fastrtps_cpp.dir/rosidl_typesupport_fastrtps_cpp/autoware_planning_msgs/msg/detail/dds_fastrtps/trajectory_point__type_support.cpp.o[0m
[4.155s] [ 45%] [32mBuilding CXX object CMakeFiles/autoware_planning_msgs__rosidl_typesupport_fastrtps_cpp.dir/rosidl_typesupport_fastrtps_cpp/autoware_planning_msgs/msg/detail/dds_fastrtps/path__type_support.cpp.o[0m
[4.167s] [ 47%] [32mBuilding CXX object CMakeFiles/autoware_planning_msgs__rosidl_typesupport_fastrtps_cpp.dir/rosidl_typesupport_fastrtps_cpp/autoware_planning_msgs/msg/detail/dds_fastrtps/path_point__type_support.cpp.o[0m
[4.173s] [ 48%] [32m[1mLinking CXX shared library libautoware_planning_msgs__rosidl_typesupport_cpp.so[0m
[4.347s] [ 48%] Built target autoware_planning_msgs__rosidl_typesupport_cpp
[5.002s] [ 49%] [32mBuilding CXX object CMakeFiles/autoware_planning_msgs__rosidl_typesupport_c.dir/rosidl_typesupport_c/autoware_planning_msgs/msg/lanelet_primitive__type_support.cpp.o[0m
[5.003s] [ 50%] [32mBuilding CXX object CMakeFiles/autoware_planning_msgs__rosidl_typesupport_c.dir/rosidl_typesupport_c/autoware_planning_msgs/msg/lanelet_route__type_support.cpp.o[0m
[5.024s] [ 51%] [32mBuilding CXX object CMakeFiles/autoware_planning_msgs__rosidl_typesupport_c.dir/rosidl_typesupport_c/autoware_planning_msgs/msg/lanelet_segment__type_support.cpp.o[0m
[5.133s] [ 52%] [32mBuilding CXX object CMakeFiles/autoware_planning_msgs__rosidl_typesupport_c.dir/rosidl_typesupport_c/autoware_planning_msgs/msg/pose_with_uuid_stamped__type_support.cpp.o[0m
[5.162s] [ 54%] [32mBuilding CXX object CMakeFiles/autoware_planning_msgs__rosidl_typesupport_c.dir/rosidl_typesupport_c/autoware_planning_msgs/msg/trajectory__type_support.cpp.o[0m
[5.192s] [ 55%] [32mBuilding CXX object CMakeFiles/autoware_planning_msgs__rosidl_typesupport_c.dir/rosidl_typesupport_c/autoware_planning_msgs/msg/trajectory_point__type_support.cpp.o[0m
[5.266s] [ 56%] [32mBuilding CXX object CMakeFiles/autoware_planning_msgs__rosidl_typesupport_c.dir/rosidl_typesupport_c/autoware_planning_msgs/msg/path__type_support.cpp.o[0m
[5.276s] [ 57%] [32mBuilding CXX object CMakeFiles/autoware_planning_msgs__rosidl_typesupport_c.dir/rosidl_typesupport_c/autoware_planning_msgs/msg/path_point__type_support.cpp.o[0m
[5.383s] [ 58%] [32m[1mLinking CXX shared library libautoware_planning_msgs__rosidl_typesupport_c.so[0m
[5.395s] [ 59%] [32mBuilding CXX object CMakeFiles/autoware_planning_msgs__rosidl_typesupport_fastrtps_c.dir/rosidl_typesupport_fastrtps_c/autoware_planning_msgs/msg/detail/lanelet_primitive__type_support_c.cpp.o[0m
[5.404s] [ 60%] [32mBuilding CXX object CMakeFiles/autoware_planning_msgs__rosidl_typesupport_fastrtps_c.dir/rosidl_typesupport_fastrtps_c/autoware_planning_msgs/msg/detail/lanelet_route__type_support_c.cpp.o[0m
[5.408s] [ 62%] [32mBuilding CXX object CMakeFiles/autoware_planning_msgs__rosidl_typesupport_fastrtps_c.dir/rosidl_typesupport_fastrtps_c/autoware_planning_msgs/msg/detail/pose_with_uuid_stamped__type_support_c.cpp.o[0m
[5.417s] [ 63%] [32mBuilding CXX object CMakeFiles/autoware_planning_msgs__rosidl_typesupport_fastrtps_c.dir/rosidl_typesupport_fastrtps_c/autoware_planning_msgs/msg/detail/lanelet_segment__type_support_c.cpp.o[0m
[5.417s] [ 64%] [32mBuilding CXX object CMakeFiles/autoware_planning_msgs__rosidl_typesupport_fastrtps_c.dir/rosidl_typesupport_fastrtps_c/autoware_planning_msgs/msg/detail/trajectory__type_support_c.cpp.o[0m
[5.433s] [ 65%] [32mBuilding C object CMakeFiles/autoware_planning_msgs__rosidl_typesupport_introspection_c.dir/rosidl_typesupport_introspection_c/autoware_planning_msgs/msg/detail/lanelet_primitive__type_support.c.o[0m
[5.475s] [ 65%] Built target autoware_planning_msgs__rosidl_typesupport_c
[5.487s] [ 66%] [32mBuilding CXX object CMakeFiles/autoware_planning_msgs__rosidl_typesupport_fastrtps_c.dir/rosidl_typesupport_fastrtps_c/autoware_planning_msgs/msg/detail/trajectory_point__type_support_c.cpp.o[0m
[5.508s] [ 67%] [32mBuilding C object CMakeFiles/autoware_planning_msgs__rosidl_typesupport_introspection_c.dir/rosidl_typesupport_introspection_c/autoware_planning_msgs/msg/detail/lanelet_route__type_support.c.o[0m
[5.513s] [ 68%] [32mBuilding CXX object CMakeFiles/autoware_planning_msgs__rosidl_typesupport_fastrtps_c.dir/rosidl_typesupport_fastrtps_c/autoware_planning_msgs/msg/detail/path__type_support_c.cpp.o[0m
[5.530s] [ 70%] [32mBuilding C object CMakeFiles/autoware_planning_msgs__rosidl_typesupport_introspection_c.dir/rosidl_typesupport_introspection_c/autoware_planning_msgs/msg/detail/lanelet_segment__type_support.c.o[0m
[5.536s] [ 71%] [32mBuilding CXX object CMakeFiles/autoware_planning_msgs__rosidl_typesupport_fastrtps_c.dir/rosidl_typesupport_fastrtps_c/autoware_planning_msgs/msg/detail/path_point__type_support_c.cpp.o[0m
[5.561s] [ 72%] [32mBuilding C object CMakeFiles/autoware_planning_msgs__rosidl_typesupport_introspection_c.dir/rosidl_typesupport_introspection_c/autoware_planning_msgs/msg/detail/pose_with_uuid_stamped__type_support.c.o[0m
[5.610s] [ 73%] [32mBuilding C object CMakeFiles/autoware_planning_msgs__rosidl_typesupport_introspection_c.dir/rosidl_typesupport_introspection_c/autoware_planning_msgs/msg/detail/trajectory__type_support.c.o[0m
[5.628s] [ 74%] [32mBuilding C object CMakeFiles/autoware_planning_msgs__rosidl_typesupport_introspection_c.dir/rosidl_typesupport_introspection_c/autoware_planning_msgs/msg/detail/trajectory_point__type_support.c.o[0m
[5.680s] [ 75%] [32mBuilding C object CMakeFiles/autoware_planning_msgs__rosidl_typesupport_introspection_c.dir/rosidl_typesupport_introspection_c/autoware_planning_msgs/msg/detail/path__type_support.c.o[0m
[5.719s] [ 77%] [32mBuilding C object CMakeFiles/autoware_planning_msgs__rosidl_typesupport_introspection_c.dir/rosidl_typesupport_introspection_c/autoware_planning_msgs/msg/detail/path_point__type_support.c.o[0m
[5.853s] [ 78%] [32m[1mLinking C shared library libautoware_planning_msgs__rosidl_typesupport_introspection_c.so[0m
[5.867s] [ 79%] [32m[1mLinking CXX shared library libautoware_planning_msgs__rosidl_typesupport_introspection_cpp.so[0m
[5.933s] [ 79%] Built target autoware_planning_msgs__rosidl_typesupport_introspection_c
[6.105s] [ 80%] [32m[1mLinking CXX shared library libautoware_planning_msgs__rosidl_typesupport_fastrtps_cpp.so[0m
[6.185s] [ 80%] Built target autoware_planning_msgs__rosidl_typesupport_introspection_cpp
[6.365s] [ 80%] Built target autoware_planning_msgs__rosidl_typesupport_fastrtps_cpp
[6.651s] [ 81%] [32m[1mLinking CXX shared library libautoware_planning_msgs__rosidl_typesupport_fastrtps_c.so[0m
[6.724s] [ 81%] Built target autoware_planning_msgs__rosidl_typesupport_fastrtps_c
[6.745s] [ 81%] Built target autoware_planning_msgs
[6.762s] [ 82%] [34m[1mGenerating Python code for ROS interfaces[0m
[8.622s] [ 82%] Built target autoware_planning_msgs__py
[8.689s] [ 83%] [32mBuilding C object CMakeFiles/autoware_planning_msgs__rosidl_generator_py.dir/rosidl_generator_py/autoware_planning_msgs/msg/_lanelet_primitive_s.c.o[0m
[8.690s] [ 85%] [32mBuilding C object CMakeFiles/autoware_planning_msgs__rosidl_generator_py.dir/rosidl_generator_py/autoware_planning_msgs/msg/_lanelet_segment_s.c.o[0m
[8.690s] [ 86%] [32mBuilding C object CMakeFiles/autoware_planning_msgs__rosidl_generator_py.dir/rosidl_generator_py/autoware_planning_msgs/msg/_lanelet_route_s.c.o[0m
[8.690s] [ 87%] [32mBuilding C object CMakeFiles/autoware_planning_msgs__rosidl_generator_py.dir/rosidl_generator_py/autoware_planning_msgs/msg/_pose_with_uuid_stamped_s.c.o[0m
[8.704s] [ 88%] [32mBuilding C object CMakeFiles/autoware_planning_msgs__rosidl_generator_py.dir/rosidl_generator_py/autoware_planning_msgs/msg/_trajectory_s.c.o[0m
[8.709s] [ 89%] [32mBuilding C object CMakeFiles/autoware_planning_msgs__rosidl_generator_py.dir/rosidl_generator_py/autoware_planning_msgs/msg/_trajectory_point_s.c.o[0m
[8.718s] [ 90%] [32mBuilding C object CMakeFiles/autoware_planning_msgs__rosidl_generator_py.dir/rosidl_generator_py/autoware_planning_msgs/msg/_path_point_s.c.o[0m
[8.719s] [ 91%] [32mBuilding C object CMakeFiles/autoware_planning_msgs__rosidl_generator_py.dir/rosidl_generator_py/autoware_planning_msgs/msg/_path_s.c.o[0m
[9.330s] [ 93%] [32m[1mLinking C shared library rosidl_generator_py/autoware_planning_msgs/libautoware_planning_msgs__rosidl_generator_py.so[0m
[9.415s] [ 93%] Built target autoware_planning_msgs__rosidl_generator_py
[9.462s] [ 94%] [32mBuilding C object CMakeFiles/autoware_planning_msgs__rosidl_typesupport_fastrtps_c__pyext.dir/rosidl_generator_py/autoware_planning_msgs/_autoware_planning_msgs_s.ep.rosidl_typesupport_fastrtps_c.c.o[0m
[9.463s] [ 95%] [32mBuilding C object CMakeFiles/autoware_planning_msgs__rosidl_typesupport_introspection_c__pyext.dir/rosidl_generator_py/autoware_planning_msgs/_autoware_planning_msgs_s.ep.rosidl_typesupport_introspection_c.c.o[0m
[9.471s] [ 96%] [32mBuilding C object CMakeFiles/autoware_planning_msgs__rosidl_typesupport_c__pyext.dir/rosidl_generator_py/autoware_planning_msgs/_autoware_planning_msgs_s.ep.rosidl_typesupport_c.c.o[0m
[9.908s] [ 97%] [32m[1mLinking C shared library rosidl_generator_py/autoware_planning_msgs/autoware_planning_msgs_s__rosidl_typesupport_introspection_c.cpython-310-x86_64-linux-gnu.so[0m
[9.917s] [ 98%] [32m[1mLinking C shared library rosidl_generator_py/autoware_planning_msgs/autoware_planning_msgs_s__rosidl_typesupport_c.cpython-310-x86_64-linux-gnu.so[0m
[10.002s] [ 98%] Built target autoware_planning_msgs__rosidl_typesupport_introspection_c__pyext
[10.007s] [100%] [32m[1mLinking C shared library rosidl_generator_py/autoware_planning_msgs/autoware_planning_msgs_s__rosidl_typesupport_fastrtps_c.cpython-310-x86_64-linux-gnu.so[0m
[10.034s] [100%] Built target autoware_planning_msgs__rosidl_typesupport_c__pyext
[10.116s] [100%] Built target autoware_planning_msgs__rosidl_typesupport_fastrtps_c__pyext
[10.159s] Invoked command in '/home/jmj/dream_ws/build/autoware_planning_msgs' returned '0': CMAKE_PREFIX_PATH=${CMAKE_PREFIX_PATH}:/home/jmj/dream_ws/install/dream:/opt/ros/humble /usr/bin/cmake --build /home/jmj/dream_ws/build/autoware_planning_msgs -- -j20 -l20
[10.161s] Invoking command in '/home/jmj/dream_ws/build/autoware_planning_msgs': CMAKE_PREFIX_PATH=${CMAKE_PREFIX_PATH}:/home/jmj/dream_ws/install/dream:/opt/ros/humble /usr/bin/cmake --install /home/jmj/dream_ws/build/autoware_planning_msgs
[10.175s] -- Install configuration: ""
[10.175s] -- Installing: /home/jmj/dream_ws/install/autoware_planning_msgs/share/ament_index/resource_index/rosidl_interfaces/autoware_planning_msgs
[10.175s] -- Installing: /home/jmj/dream_ws/install/autoware_planning_msgs/include/autoware_planning_msgs/autoware_planning_msgs
[10.178s] -- Installing: /home/jmj/dream_ws/install/autoware_planning_msgs/include/autoware_planning_msgs/autoware_planning_msgs/msg
[10.179s] -- Installing: /home/jmj/dream_ws/install/autoware_planning_msgs/include/autoware_planning_msgs/autoware_planning_msgs/msg/trajectory.h
[10.179s] -- Installing: /home/jmj/dream_ws/install/autoware_planning_msgs/include/autoware_planning_msgs/autoware_planning_msgs/msg/lanelet_segment.h
[10.179s] -- Installing: /home/jmj/dream_ws/install/autoware_planning_msgs/include/autoware_planning_msgs/autoware_planning_msgs/msg/rosidl_generator_c__visibility_control.h
[10.179s] -- Installing: /home/jmj/dream_ws/install/autoware_planning_msgs/include/autoware_planning_msgs/autoware_planning_msgs/msg/detail
[10.179s] -- Installing: /home/jmj/dream_ws/install/autoware_planning_msgs/include/autoware_planning_msgs/autoware_planning_msgs/msg/detail/lanelet_primitive__functions.h
[10.179s] -- Installing: /home/jmj/dream_ws/install/autoware_planning_msgs/include/autoware_planning_msgs/autoware_planning_msgs/msg/detail/trajectory_point__functions.c
[10.179s] -- Installing: /home/jmj/dream_ws/install/autoware_planning_msgs/include/autoware_planning_msgs/autoware_planning_msgs/msg/detail/path_point__functions.h
[10.179s] -- Installing: /home/jmj/dream_ws/install/autoware_planning_msgs/include/autoware_planning_msgs/autoware_planning_msgs/msg/detail/path__functions.h
[10.180s] -- Installing: /home/jmj/dream_ws/install/autoware_planning_msgs/include/autoware_planning_msgs/autoware_planning_msgs/msg/detail/lanelet_segment__struct.h
[10.180s] -- Installing: /home/jmj/dream_ws/install/autoware_planning_msgs/include/autoware_planning_msgs/autoware_planning_msgs/msg/detail/lanelet_segment__functions.c
[10.180s] -- Installing: /home/jmj/dream_ws/install/autoware_planning_msgs/include/autoware_planning_msgs/autoware_planning_msgs/msg/detail/lanelet_route__functions.h
[10.182s] -- Installing: /home/jmj/dream_ws/install/autoware_planning_msgs/include/autoware_planning_msgs/autoware_planning_msgs/msg/detail/lanelet_route__struct.h
[10.182s] -- Installing: /home/jmj/dream_ws/install/autoware_planning_msgs/include/autoware_planning_msgs/autoware_planning_msgs/msg/detail/path_point__struct.h
[10.182s] -- Installing: /home/jmj/dream_ws/install/autoware_planning_msgs/include/autoware_planning_msgs/autoware_planning_msgs/msg/detail/trajectory__functions.c
[10.182s] -- Installing: /home/jmj/dream_ws/install/autoware_planning_msgs/include/autoware_planning_msgs/autoware_planning_msgs/msg/detail/lanelet_segment__type_support.h
[10.182s] -- Installing: /home/jmj/dream_ws/install/autoware_planning_msgs/include/autoware_planning_msgs/autoware_planning_msgs/msg/detail/path__struct.h
[10.182s] -- Installing: /home/jmj/dream_ws/install/autoware_planning_msgs/include/autoware_planning_msgs/autoware_planning_msgs/msg/detail/lanelet_segment__functions.h
[10.182s] -- Installing: /home/jmj/dream_ws/install/autoware_planning_msgs/include/autoware_planning_msgs/autoware_planning_msgs/msg/detail/pose_with_uuid_stamped__type_support.h
[10.182s] -- Installing: /home/jmj/dream_ws/install/autoware_planning_msgs/include/autoware_planning_msgs/autoware_planning_msgs/msg/detail/trajectory_point__struct.h
[10.182s] -- Installing: /home/jmj/dream_ws/install/autoware_planning_msgs/include/autoware_planning_msgs/autoware_planning_msgs/msg/detail/lanelet_primitive__type_support.h
[10.182s] -- Installing: /home/jmj/dream_ws/install/autoware_planning_msgs/include/autoware_planning_msgs/autoware_planning_msgs/msg/detail/trajectory_point__functions.h
[10.182s] -- Installing: /home/jmj/dream_ws/install/autoware_planning_msgs/include/autoware_planning_msgs/autoware_planning_msgs/msg/detail/trajectory_point__type_support.h
[10.182s] -- Installing: /home/jmj/dream_ws/install/autoware_planning_msgs/include/autoware_planning_msgs/autoware_planning_msgs/msg/detail/pose_with_uuid_stamped__functions.c
[10.182s] -- Installing: /home/jmj/dream_ws/install/autoware_planning_msgs/include/autoware_planning_msgs/autoware_planning_msgs/msg/detail/pose_with_uuid_stamped__struct.h
[10.182s] -- Installing: /home/jmj/dream_ws/install/autoware_planning_msgs/include/autoware_planning_msgs/autoware_planning_msgs/msg/detail/trajectory__functions.h
[10.185s] -- Installing: /home/jmj/dream_ws/install/autoware_planning_msgs/include/autoware_planning_msgs/autoware_planning_msgs/msg/detail/lanelet_primitive__functions.c
[10.185s] -- Installing: /home/jmj/dream_ws/install/autoware_planning_msgs/include/autoware_planning_msgs/autoware_planning_msgs/msg/detail/pose_with_uuid_stamped__functions.h
[10.185s] -- Installing: /home/jmj/dream_ws/install/autoware_planning_msgs/include/autoware_planning_msgs/autoware_planning_msgs/msg/detail/trajectory__type_support.h
[10.185s] -- Installing: /home/jmj/dream_ws/install/autoware_planning_msgs/include/autoware_planning_msgs/autoware_planning_msgs/msg/detail/trajectory__struct.h
[10.185s] -- Installing: /home/jmj/dream_ws/install/autoware_planning_msgs/include/autoware_planning_msgs/autoware_planning_msgs/msg/detail/path__functions.c
[10.185s] -- Installing: /home/jmj/dream_ws/install/autoware_planning_msgs/include/autoware_planning_msgs/autoware_planning_msgs/msg/detail/path_point__functions.c
[10.185s] -- Installing: /home/jmj/dream_ws/install/autoware_planning_msgs/include/autoware_planning_msgs/autoware_planning_msgs/msg/detail/lanelet_route__type_support.h
[10.185s] -- Installing: /home/jmj/dream_ws/install/autoware_planning_msgs/include/autoware_planning_msgs/autoware_planning_msgs/msg/detail/lanelet_route__functions.c
[10.186s] -- Installing: /home/jmj/dream_ws/install/autoware_planning_msgs/include/autoware_planning_msgs/autoware_planning_msgs/msg/detail/lanelet_primitive__struct.h
[10.186s] -- Installing: /home/jmj/dream_ws/install/autoware_planning_msgs/include/autoware_planning_msgs/autoware_planning_msgs/msg/detail/path_point__type_support.h
[10.189s] -- Installing: /home/jmj/dream_ws/install/autoware_planning_msgs/include/autoware_planning_msgs/autoware_planning_msgs/msg/detail/path__type_support.h
[10.190s] -- Installing: /home/jmj/dream_ws/install/autoware_planning_msgs/include/autoware_planning_msgs/autoware_planning_msgs/msg/lanelet_route.h
[10.190s] -- Installing: /home/jmj/dream_ws/install/autoware_planning_msgs/include/autoware_planning_msgs/autoware_planning_msgs/msg/pose_with_uuid_stamped.h
[10.190s] -- Installing: /home/jmj/dream_ws/install/autoware_planning_msgs/include/autoware_planning_msgs/autoware_planning_msgs/msg/path_point.h
[10.190s] -- Installing: /home/jmj/dream_ws/install/autoware_planning_msgs/include/autoware_planning_msgs/autoware_planning_msgs/msg/path.h
[10.190s] -- Installing: /home/jmj/dream_ws/install/autoware_planning_msgs/include/autoware_planning_msgs/autoware_planning_msgs/msg/lanelet_primitive.h
[10.190s] -- Installing: /home/jmj/dream_ws/install/autoware_planning_msgs/include/autoware_planning_msgs/autoware_planning_msgs/msg/trajectory_point.h
[10.190s] -- Installing: /home/jmj/dream_ws/install/autoware_planning_msgs/share/autoware_planning_msgs/environment/library_path.sh
[10.190s] -- Installing: /home/jmj/dream_ws/install/autoware_planning_msgs/share/autoware_planning_msgs/environment/library_path.dsv
[10.190s] -- Installing: /home/jmj/dream_ws/install/autoware_planning_msgs/lib/libautoware_planning_msgs__rosidl_generator_c.so
[10.190s] -- Set runtime path of "/home/jmj/dream_ws/install/autoware_planning_msgs/lib/libautoware_planning_msgs__rosidl_generator_c.so" to ""
[10.190s] -- Up-to-date: /home/jmj/dream_ws/install/autoware_planning_msgs/include/autoware_planning_msgs/autoware_planning_msgs
[10.190s] -- Up-to-date: /home/jmj/dream_ws/install/autoware_planning_msgs/include/autoware_planning_msgs/autoware_planning_msgs/msg
[10.190s] -- Up-to-date: /home/jmj/dream_ws/install/autoware_planning_msgs/include/autoware_planning_msgs/autoware_planning_msgs/msg/detail
[10.190s] -- Installing: /home/jmj/dream_ws/install/autoware_planning_msgs/include/autoware_planning_msgs/autoware_planning_msgs/msg/detail/path__rosidl_typesupport_fastrtps_c.h
[10.190s] -- Installing: /home/jmj/dream_ws/install/autoware_planning_msgs/include/autoware_planning_msgs/autoware_planning_msgs/msg/detail/trajectory_point__rosidl_typesupport_fastrtps_c.h
[10.190s] -- Installing: /home/jmj/dream_ws/install/autoware_planning_msgs/include/autoware_planning_msgs/autoware_planning_msgs/msg/detail/pose_with_uuid_stamped__rosidl_typesupport_fastrtps_c.h
[10.191s] -- Installing: /home/jmj/dream_ws/install/autoware_planning_msgs/include/autoware_planning_msgs/autoware_planning_msgs/msg/detail/lanelet_primitive__rosidl_typesupport_fastrtps_c.h
[10.191s] -- Installing: /home/jmj/dream_ws/install/autoware_planning_msgs/include/autoware_planning_msgs/autoware_planning_msgs/msg/detail/lanelet_segment__rosidl_typesupport_fastrtps_c.h
[10.191s] -- Installing: /home/jmj/dream_ws/install/autoware_planning_msgs/include/autoware_planning_msgs/autoware_planning_msgs/msg/detail/lanelet_route__rosidl_typesupport_fastrtps_c.h
[10.191s] -- Installing: /home/jmj/dream_ws/install/autoware_planning_msgs/include/autoware_planning_msgs/autoware_planning_msgs/msg/detail/trajectory__rosidl_typesupport_fastrtps_c.h
[10.191s] -- Installing: /home/jmj/dream_ws/install/autoware_planning_msgs/include/autoware_planning_msgs/autoware_planning_msgs/msg/detail/path_point__rosidl_typesupport_fastrtps_c.h
[10.191s] -- Installing: /home/jmj/dream_ws/install/autoware_planning_msgs/include/autoware_planning_msgs/autoware_planning_msgs/msg/rosidl_typesupport_fastrtps_c__visibility_control.h
[10.191s] -- Installing: /home/jmj/dream_ws/install/autoware_planning_msgs/lib/libautoware_planning_msgs__rosidl_typesupport_fastrtps_c.so
[10.191s] -- Set runtime path of "/home/jmj/dream_ws/install/autoware_planning_msgs/lib/libautoware_planning_msgs__rosidl_typesupport_fastrtps_c.so" to ""
[10.191s] -- Up-to-date: /home/jmj/dream_ws/install/autoware_planning_msgs/include/autoware_planning_msgs/autoware_planning_msgs
[10.191s] -- Up-to-date: /home/jmj/dream_ws/install/autoware_planning_msgs/include/autoware_planning_msgs/autoware_planning_msgs/msg
[10.191s] -- Up-to-date: /home/jmj/dream_ws/install/autoware_planning_msgs/include/autoware_planning_msgs/autoware_planning_msgs/msg/detail
[10.191s] -- Installing: /home/jmj/dream_ws/install/autoware_planning_msgs/include/autoware_planning_msgs/autoware_planning_msgs/msg/detail/lanelet_route__type_support.c
[10.194s] -- Installing: /home/jmj/dream_ws/install/autoware_planning_msgs/include/autoware_planning_msgs/autoware_planning_msgs/msg/detail/trajectory__rosidl_typesupport_introspection_c.h
[10.194s] -- Installing: /home/jmj/dream_ws/install/autoware_planning_msgs/include/autoware_planning_msgs/autoware_planning_msgs/msg/detail/pose_with_uuid_stamped__rosidl_typesupport_introspection_c.h
[10.195s] -- Installing: /home/jmj/dream_ws/install/autoware_planning_msgs/include/autoware_planning_msgs/autoware_planning_msgs/msg/detail/trajectory_point__rosidl_typesupport_introspection_c.h
[10.195s] -- Installing: /home/jmj/dream_ws/install/autoware_planning_msgs/include/autoware_planning_msgs/autoware_planning_msgs/msg/detail/path_point__rosidl_typesupport_introspection_c.h
[10.195s] -- Installing: /home/jmj/dream_ws/install/autoware_planning_msgs/include/autoware_planning_msgs/autoware_planning_msgs/msg/detail/lanelet_route__rosidl_typesupport_introspection_c.h
[10.195s] -- Installing: /home/jmj/dream_ws/install/autoware_planning_msgs/include/autoware_planning_msgs/autoware_planning_msgs/msg/detail/path__rosidl_typesupport_introspection_c.h
[10.195s] -- Installing: /home/jmj/dream_ws/install/autoware_planning_msgs/include/autoware_planning_msgs/autoware_planning_msgs/msg/detail/lanelet_primitive__rosidl_typesupport_introspection_c.h
[10.195s] -- Installing: /home/jmj/dream_ws/install/autoware_planning_msgs/include/autoware_planning_msgs/autoware_planning_msgs/msg/detail/path__type_support.c
[10.195s] -- Installing: /home/jmj/dream_ws/install/autoware_planning_msgs/include/autoware_planning_msgs/autoware_planning_msgs/msg/detail/pose_with_uuid_stamped__type_support.c
[10.196s] -- Installing: /home/jmj/dream_ws/install/autoware_planning_msgs/include/autoware_planning_msgs/autoware_planning_msgs/msg/detail/trajectory_point__type_support.c
[10.196s] -- Installing: /home/jmj/dream_ws/install/autoware_planning_msgs/include/autoware_planning_msgs/autoware_planning_msgs/msg/detail/lanelet_primitive__type_support.c
[10.196s] -- Installing: /home/jmj/dream_ws/install/autoware_planning_msgs/include/autoware_planning_msgs/autoware_planning_msgs/msg/detail/trajectory__type_support.c
[10.196s] -- Installing: /home/jmj/dream_ws/install/autoware_planning_msgs/include/autoware_planning_msgs/autoware_planning_msgs/msg/detail/lanelet_segment__type_support.c
[10.197s] -- Installing: /home/jmj/dream_ws/install/autoware_planning_msgs/include/autoware_planning_msgs/autoware_planning_msgs/msg/detail/lanelet_segment__rosidl_typesupport_introspection_c.h
[10.197s] -- Installing: /home/jmj/dream_ws/install/autoware_planning_msgs/include/autoware_planning_msgs/autoware_planning_msgs/msg/detail/path_point__type_support.c
[10.197s] -- Installing: /home/jmj/dream_ws/install/autoware_planning_msgs/include/autoware_planning_msgs/autoware_planning_msgs/msg/rosidl_typesupport_introspection_c__visibility_control.h
[10.197s] -- Installing: /home/jmj/dream_ws/install/autoware_planning_msgs/lib/libautoware_planning_msgs__rosidl_typesupport_introspection_c.so
[10.197s] -- Set runtime path of "/home/jmj/dream_ws/install/autoware_planning_msgs/lib/libautoware_planning_msgs__rosidl_typesupport_introspection_c.so" to ""
[10.197s] -- Installing: /home/jmj/dream_ws/install/autoware_planning_msgs/lib/libautoware_planning_msgs__rosidl_typesupport_c.so
[10.200s] -- Set runtime path of "/home/jmj/dream_ws/install/autoware_planning_msgs/lib/libautoware_planning_msgs__rosidl_typesupport_c.so" to ""
[10.200s] -- Up-to-date: /home/jmj/dream_ws/install/autoware_planning_msgs/include/autoware_planning_msgs/autoware_planning_msgs
[10.200s] -- Up-to-date: /home/jmj/dream_ws/install/autoware_planning_msgs/include/autoware_planning_msgs/autoware_planning_msgs/msg
[10.200s] -- Installing: /home/jmj/dream_ws/install/autoware_planning_msgs/include/autoware_planning_msgs/autoware_planning_msgs/msg/lanelet_primitive.hpp
[10.200s] -- Up-to-date: /home/jmj/dream_ws/install/autoware_planning_msgs/include/autoware_planning_msgs/autoware_planning_msgs/msg/detail
[10.200s] -- Installing: /home/jmj/dream_ws/install/autoware_planning_msgs/include/autoware_planning_msgs/autoware_planning_msgs/msg/detail/pose_with_uuid_stamped__traits.hpp
[10.200s] -- Installing: /home/jmj/dream_ws/install/autoware_planning_msgs/include/autoware_planning_msgs/autoware_planning_msgs/msg/detail/lanelet_primitive__traits.hpp
[10.200s] -- Installing: /home/jmj/dream_ws/install/autoware_planning_msgs/include/autoware_planning_msgs/autoware_planning_msgs/msg/detail/path__traits.hpp
[10.200s] -- Installing: /home/jmj/dream_ws/install/autoware_planning_msgs/include/autoware_planning_msgs/autoware_planning_msgs/msg/detail/lanelet_route__type_support.hpp
[10.200s] -- Installing: /home/jmj/dream_ws/install/autoware_planning_msgs/include/autoware_planning_msgs/autoware_planning_msgs/msg/detail/trajectory__builder.hpp
[10.200s] -- Installing: /home/jmj/dream_ws/install/autoware_planning_msgs/include/autoware_planning_msgs/autoware_planning_msgs/msg/detail/lanelet_route__struct.hpp
[10.200s] -- Installing: /home/jmj/dream_ws/install/autoware_planning_msgs/include/autoware_planning_msgs/autoware_planning_msgs/msg/detail/trajectory_point__type_support.hpp
[10.200s] -- Installing: /home/jmj/dream_ws/install/autoware_planning_msgs/include/autoware_planning_msgs/autoware_planning_msgs/msg/detail/path__struct.hpp
[10.200s] -- Installing: /home/jmj/dream_ws/install/autoware_planning_msgs/include/autoware_planning_msgs/autoware_planning_msgs/msg/detail/lanelet_primitive__struct.hpp
[10.200s] -- Installing: /home/jmj/dream_ws/install/autoware_planning_msgs/include/autoware_planning_msgs/autoware_planning_msgs/msg/detail/path_point__type_support.hpp
[10.201s] -- Installing: /home/jmj/dream_ws/install/autoware_planning_msgs/include/autoware_planning_msgs/autoware_planning_msgs/msg/detail/trajectory_point__struct.hpp
[10.201s] -- Installing: /home/jmj/dream_ws/install/autoware_planning_msgs/include/autoware_planning_msgs/autoware_planning_msgs/msg/detail/pose_with_uuid_stamped__type_support.hpp
[10.201s] -- Installing: /home/jmj/dream_ws/install/autoware_planning_msgs/include/autoware_planning_msgs/autoware_planning_msgs/msg/detail/path__type_support.hpp
[10.201s] -- Installing: /home/jmj/dream_ws/install/autoware_planning_msgs/include/autoware_planning_msgs/autoware_planning_msgs/msg/detail/lanelet_segment__struct.hpp
[10.201s] -- Installing: /home/jmj/dream_ws/install/autoware_planning_msgs/include/autoware_planning_msgs/autoware_planning_msgs/msg/detail/trajectory_point__builder.hpp
[10.201s] -- Installing: /home/jmj/dream_ws/install/autoware_planning_msgs/include/autoware_planning_msgs/autoware_planning_msgs/msg/detail/lanelet_segment__builder.hpp
[10.201s] -- Installing: /home/jmj/dream_ws/install/autoware_planning_msgs/include/autoware_planning_msgs/autoware_planning_msgs/msg/detail/path_point__struct.hpp
[10.201s] -- Installing: /home/jmj/dream_ws/install/autoware_planning_msgs/include/autoware_planning_msgs/autoware_planning_msgs/msg/detail/trajectory__struct.hpp
[10.201s] -- Installing: /home/jmj/dream_ws/install/autoware_planning_msgs/include/autoware_planning_msgs/autoware_planning_msgs/msg/detail/lanelet_primitive__type_support.hpp
[10.204s] -- Installing: /home/jmj/dream_ws/install/autoware_planning_msgs/include/autoware_planning_msgs/autoware_planning_msgs/msg/detail/lanelet_route__builder.hpp
[10.204s] -- Installing: /home/jmj/dream_ws/install/autoware_planning_msgs/include/autoware_planning_msgs/autoware_planning_msgs/msg/detail/path__builder.hpp
[10.204s] -- Installing: /home/jmj/dream_ws/install/autoware_planning_msgs/include/autoware_planning_msgs/autoware_planning_msgs/msg/detail/pose_with_uuid_stamped__struct.hpp
[10.204s] -- Installing: /home/jmj/dream_ws/install/autoware_planning_msgs/include/autoware_planning_msgs/autoware_planning_msgs/msg/detail/pose_with_uuid_stamped__builder.hpp
[10.204s] -- Installing: /home/jmj/dream_ws/install/autoware_planning_msgs/include/autoware_planning_msgs/autoware_planning_msgs/msg/detail/trajectory__type_support.hpp
[10.204s] -- Installing: /home/jmj/dream_ws/install/autoware_planning_msgs/include/autoware_planning_msgs/autoware_planning_msgs/msg/detail/lanelet_route__traits.hpp
[10.204s] -- Installing: /home/jmj/dream_ws/install/autoware_planning_msgs/include/autoware_planning_msgs/autoware_planning_msgs/msg/detail/lanelet_segment__traits.hpp
[10.204s] -- Installing: /home/jmj/dream_ws/install/autoware_planning_msgs/include/autoware_planning_msgs/autoware_planning_msgs/msg/detail/trajectory__traits.hpp
[10.204s] -- Installing: /home/jmj/dream_ws/install/autoware_planning_msgs/include/autoware_planning_msgs/autoware_planning_msgs/msg/detail/trajectory_point__traits.hpp
[10.204s] -- Installing: /home/jmj/dream_ws/install/autoware_planning_msgs/include/autoware_planning_msgs/autoware_planning_msgs/msg/detail/path_point__builder.hpp
[10.204s] -- Installing: /home/jmj/dream_ws/install/autoware_planning_msgs/include/autoware_planning_msgs/autoware_planning_msgs/msg/detail/lanelet_primitive__builder.hpp
[10.204s] -- Installing: /home/jmj/dream_ws/install/autoware_planning_msgs/include/autoware_planning_msgs/autoware_planning_msgs/msg/detail/lanelet_segment__type_support.hpp
[10.204s] -- Installing: /home/jmj/dream_ws/install/autoware_planning_msgs/include/autoware_planning_msgs/autoware_planning_msgs/msg/detail/path_point__traits.hpp
[10.204s] -- Installing: /home/jmj/dream_ws/install/autoware_planning_msgs/include/autoware_planning_msgs/autoware_planning_msgs/msg/lanelet_route.hpp
[10.204s] -- Installing: /home/jmj/dream_ws/install/autoware_planning_msgs/include/autoware_planning_msgs/autoware_planning_msgs/msg/path.hpp
[10.204s] -- Installing: /home/jmj/dream_ws/install/autoware_planning_msgs/include/autoware_planning_msgs/autoware_planning_msgs/msg/lanelet_segment.hpp
[10.204s] -- Installing: /home/jmj/dream_ws/install/autoware_planning_msgs/include/autoware_planning_msgs/autoware_planning_msgs/msg/path_point.hpp
[10.204s] -- Installing: /home/jmj/dream_ws/install/autoware_planning_msgs/include/autoware_planning_msgs/autoware_planning_msgs/msg/rosidl_generator_cpp__visibility_control.hpp
[10.205s] -- Installing: /home/jmj/dream_ws/install/autoware_planning_msgs/include/autoware_planning_msgs/autoware_planning_msgs/msg/trajectory.hpp
[10.205s] -- Installing: /home/jmj/dream_ws/install/autoware_planning_msgs/include/autoware_planning_msgs/autoware_planning_msgs/msg/trajectory_point.hpp
[10.205s] -- Installing: /home/jmj/dream_ws/install/autoware_planning_msgs/include/autoware_planning_msgs/autoware_planning_msgs/msg/pose_with_uuid_stamped.hpp
[10.205s] -- Up-to-date: /home/jmj/dream_ws/install/autoware_planning_msgs/include/autoware_planning_msgs/autoware_planning_msgs
[10.208s] -- Up-to-date: /home/jmj/dream_ws/install/autoware_planning_msgs/include/autoware_planning_msgs/autoware_planning_msgs/msg
[10.209s] -- Up-to-date: /home/jmj/dream_ws/install/autoware_planning_msgs/include/autoware_planning_msgs/autoware_planning_msgs/msg/detail
[10.209s] -- Installing: /home/jmj/dream_ws/install/autoware_planning_msgs/include/autoware_planning_msgs/autoware_planning_msgs/msg/detail/dds_fastrtps
[10.209s] -- Installing: /home/jmj/dream_ws/install/autoware_planning_msgs/include/autoware_planning_msgs/autoware_planning_msgs/msg/detail/lanelet_segment__rosidl_typesupport_fastrtps_cpp.hpp
[10.209s] -- Installing: /home/jmj/dream_ws/install/autoware_planning_msgs/include/autoware_planning_msgs/autoware_planning_msgs/msg/detail/path_point__rosidl_typesupport_fastrtps_cpp.hpp
[10.209s] -- Installing: /home/jmj/dream_ws/install/autoware_planning_msgs/include/autoware_planning_msgs/autoware_planning_msgs/msg/detail/lanelet_route__rosidl_typesupport_fastrtps_cpp.hpp
[10.209s] -- Installing: /home/jmj/dream_ws/install/autoware_planning_msgs/include/autoware_planning_msgs/autoware_planning_msgs/msg/detail/path__rosidl_typesupport_fastrtps_cpp.hpp
[10.209s] -- Installing: /home/jmj/dream_ws/install/autoware_planning_msgs/include/autoware_planning_msgs/autoware_planning_msgs/msg/detail/trajectory__rosidl_typesupport_fastrtps_cpp.hpp
[10.209s] -- Installing: /home/jmj/dream_ws/install/autoware_planning_msgs/include/autoware_planning_msgs/autoware_planning_msgs/msg/detail/lanelet_primitive__rosidl_typesupport_fastrtps_cpp.hpp
[10.209s] -- Installing: /home/jmj/dream_ws/install/autoware_planning_msgs/include/autoware_planning_msgs/autoware_planning_msgs/msg/detail/trajectory_point__rosidl_typesupport_fastrtps_cpp.hpp
[10.209s] -- Installing: /home/jmj/dream_ws/install/autoware_planning_msgs/include/autoware_planning_msgs/autoware_planning_msgs/msg/detail/pose_with_uuid_stamped__rosidl_typesupport_fastrtps_cpp.hpp
[10.209s] -- Installing: /home/jmj/dream_ws/install/autoware_planning_msgs/include/autoware_planning_msgs/autoware_planning_msgs/msg/rosidl_typesupport_fastrtps_cpp__visibility_control.h
[10.209s] -- Installing: /home/jmj/dream_ws/install/autoware_planning_msgs/lib/libautoware_planning_msgs__rosidl_typesupport_fastrtps_cpp.so
[10.209s] -- Set runtime path of "/home/jmj/dream_ws/install/autoware_planning_msgs/lib/libautoware_planning_msgs__rosidl_typesupport_fastrtps_cpp.so" to ""
[10.209s] -- Up-to-date: /home/jmj/dream_ws/install/autoware_planning_msgs/include/autoware_planning_msgs/autoware_planning_msgs
[10.209s] -- Up-to-date: /home/jmj/dream_ws/install/autoware_planning_msgs/include/autoware_planning_msgs/autoware_planning_msgs/msg
[10.209s] -- Up-to-date: /home/jmj/dream_ws/install/autoware_planning_msgs/include/autoware_planning_msgs/autoware_planning_msgs/msg/detail
[10.209s] -- Installing: /home/jmj/dream_ws/install/autoware_planning_msgs/include/autoware_planning_msgs/autoware_planning_msgs/msg/detail/lanelet_route__type_support.cpp
[10.209s] -- Installing: /home/jmj/dream_ws/install/autoware_planning_msgs/include/autoware_planning_msgs/autoware_planning_msgs/msg/detail/path_point__rosidl_typesupport_introspection_cpp.hpp
[10.209s] -- Installing: /home/jmj/dream_ws/install/autoware_planning_msgs/include/autoware_planning_msgs/autoware_planning_msgs/msg/detail/path__type_support.cpp
[10.209s] -- Installing: /home/jmj/dream_ws/install/autoware_planning_msgs/include/autoware_planning_msgs/autoware_planning_msgs/msg/detail/lanelet_route__rosidl_typesupport_introspection_cpp.hpp
[10.209s] -- Installing: /home/jmj/dream_ws/install/autoware_planning_msgs/include/autoware_planning_msgs/autoware_planning_msgs/msg/detail/lanelet_primitive__rosidl_typesupport_introspection_cpp.hpp
[10.209s] -- Installing: /home/jmj/dream_ws/install/autoware_planning_msgs/include/autoware_planning_msgs/autoware_planning_msgs/msg/detail/trajectory_point__type_support.cpp
[10.210s] -- Installing: /home/jmj/dream_ws/install/autoware_planning_msgs/include/autoware_planning_msgs/autoware_planning_msgs/msg/detail/trajectory__rosidl_typesupport_introspection_cpp.hpp
[10.210s] -- Installing: /home/jmj/dream_ws/install/autoware_planning_msgs/include/autoware_planning_msgs/autoware_planning_msgs/msg/detail/trajectory_point__rosidl_typesupport_introspection_cpp.hpp
[10.210s] -- Installing: /home/jmj/dream_ws/install/autoware_planning_msgs/include/autoware_planning_msgs/autoware_planning_msgs/msg/detail/lanelet_primitive__type_support.cpp
[10.210s] -- Installing: /home/jmj/dream_ws/install/autoware_planning_msgs/include/autoware_planning_msgs/autoware_planning_msgs/msg/detail/path__rosidl_typesupport_introspection_cpp.hpp
[10.210s] -- Installing: /home/jmj/dream_ws/install/autoware_planning_msgs/include/autoware_planning_msgs/autoware_planning_msgs/msg/detail/lanelet_segment__rosidl_typesupport_introspection_cpp.hpp
[10.210s] -- Installing: /home/jmj/dream_ws/install/autoware_planning_msgs/include/autoware_planning_msgs/autoware_planning_msgs/msg/detail/trajectory__type_support.cpp
[10.210s] -- Installing: /home/jmj/dream_ws/install/autoware_planning_msgs/include/autoware_planning_msgs/autoware_planning_msgs/msg/detail/pose_with_uuid_stamped__rosidl_typesupport_introspection_cpp.hpp
[10.210s] -- Installing: /home/jmj/dream_ws/install/autoware_planning_msgs/include/autoware_planning_msgs/autoware_planning_msgs/msg/detail/path_point__type_support.cpp
[10.210s] -- Installing: /home/jmj/dream_ws/install/autoware_planning_msgs/include/autoware_planning_msgs/autoware_planning_msgs/msg/detail/lanelet_segment__type_support.cpp
[10.210s] -- Installing: /home/jmj/dream_ws/install/autoware_planning_msgs/include/autoware_planning_msgs/autoware_planning_msgs/msg/detail/pose_with_uuid_stamped__type_support.cpp
[10.210s] -- Installing: /home/jmj/dream_ws/install/autoware_planning_msgs/lib/libautoware_planning_msgs__rosidl_typesupport_introspection_cpp.so
[10.210s] -- Set runtime path of "/home/jmj/dream_ws/install/autoware_planning_msgs/lib/libautoware_planning_msgs__rosidl_typesupport_introspection_cpp.so" to ""
[10.210s] -- Installing: /home/jmj/dream_ws/install/autoware_planning_msgs/lib/libautoware_planning_msgs__rosidl_typesupport_cpp.so
[10.210s] -- Set runtime path of "/home/jmj/dream_ws/install/autoware_planning_msgs/lib/libautoware_planning_msgs__rosidl_typesupport_cpp.so" to ""
[10.210s] -- Installing: /home/jmj/dream_ws/install/autoware_planning_msgs/share/autoware_planning_msgs/environment/pythonpath.sh
[10.210s] -- Installing: /home/jmj/dream_ws/install/autoware_planning_msgs/share/autoware_planning_msgs/environment/pythonpath.dsv
[10.210s] -- Installing: /home/jmj/dream_ws/install/autoware_planning_msgs/local/lib/python3.10/dist-packages/autoware_planning_msgs-1.8.0-py3.10.egg-info
[10.210s] -- Installing: /home/jmj/dream_ws/install/autoware_planning_msgs/local/lib/python3.10/dist-packages/autoware_planning_msgs-1.8.0-py3.10.egg-info/dependency_links.txt
[10.210s] -- Installing: /home/jmj/dream_ws/install/autoware_planning_msgs/local/lib/python3.10/dist-packages/autoware_planning_msgs-1.8.0-py3.10.egg-info/top_level.txt
[10.210s] -- Installing: /home/jmj/dream_ws/install/autoware_planning_msgs/local/lib/python3.10/dist-packages/autoware_planning_msgs-1.8.0-py3.10.egg-info/PKG-INFO
[10.210s] -- Installing: /home/jmj/dream_ws/install/autoware_planning_msgs/local/lib/python3.10/dist-packages/autoware_planning_msgs-1.8.0-py3.10.egg-info/SOURCES.txt
[10.210s] -- Installing: /home/jmj/dream_ws/install/autoware_planning_msgs/local/lib/python3.10/dist-packages/autoware_planning_msgs
[10.210s] -- Installing: /home/jmj/dream_ws/install/autoware_planning_msgs/local/lib/python3.10/dist-packages/autoware_planning_msgs/_autoware_planning_msgs_s.ep.rosidl_typesupport_c.c
[10.211s] -- Installing: /home/jmj/dream_ws/install/autoware_planning_msgs/local/lib/python3.10/dist-packages/autoware_planning_msgs/__init__.py
[10.211s] -- Installing: /home/jmj/dream_ws/install/autoware_planning_msgs/local/lib/python3.10/dist-packages/autoware_planning_msgs/autoware_planning_msgs_s__rosidl_typesupport_introspection_c.cpython-310-x86_64-linux-gnu.so
[10.211s] -- Installing: /home/jmj/dream_ws/install/autoware_planning_msgs/local/lib/python3.10/dist-packages/autoware_planning_msgs/_autoware_planning_msgs_s.ep.rosidl_typesupport_introspection_c.c
[10.211s] -- Installing: /home/jmj/dream_ws/install/autoware_planning_msgs/local/lib/python3.10/dist-packages/autoware_planning_msgs/_autoware_planning_msgs_s.ep.rosidl_typesupport_fastrtps_c.c
[10.211s] -- Installing: /home/jmj/dream_ws/install/autoware_planning_msgs/local/lib/python3.10/dist-packages/autoware_planning_msgs/autoware_planning_msgs_s__rosidl_typesupport_c.cpython-310-x86_64-linux-gnu.so
[10.211s] -- Installing: /home/jmj/dream_ws/install/autoware_planning_msgs/local/lib/python3.10/dist-packages/autoware_planning_msgs/libautoware_planning_msgs__rosidl_generator_py.so
[10.211s] -- Installing: /home/jmj/dream_ws/install/autoware_planning_msgs/local/lib/python3.10/dist-packages/autoware_planning_msgs/autoware_planning_msgs_s__rosidl_typesupport_fastrtps_c.cpython-310-x86_64-linux-gnu.so
[10.211s] -- Installing: /home/jmj/dream_ws/install/autoware_planning_msgs/local/lib/python3.10/dist-packages/autoware_planning_msgs/msg
[10.211s] -- Installing: /home/jmj/dream_ws/install/autoware_planning_msgs/local/lib/python3.10/dist-packages/autoware_planning_msgs/msg/_lanelet_segment_s.c
[10.211s] -- Installing: /home/jmj/dream_ws/install/autoware_planning_msgs/local/lib/python3.10/dist-packages/autoware_planning_msgs/msg/__init__.py
[10.211s] -- Installing: /home/jmj/dream_ws/install/autoware_planning_msgs/local/lib/python3.10/dist-packages/autoware_planning_msgs/msg/_path_point_s.c
[10.211s] -- Installing: /home/jmj/dream_ws/install/autoware_planning_msgs/local/lib/python3.10/dist-packages/autoware_planning_msgs/msg/_path_s.c
[10.211s] -- Installing: /home/jmj/dream_ws/install/autoware_planning_msgs/local/lib/python3.10/dist-packages/autoware_planning_msgs/msg/_lanelet_route.py
[10.211s] -- Installing: /home/jmj/dream_ws/install/autoware_planning_msgs/local/lib/python3.10/dist-packages/autoware_planning_msgs/msg/_lanelet_segment.py
[10.211s] -- Installing: /home/jmj/dream_ws/install/autoware_planning_msgs/local/lib/python3.10/dist-packages/autoware_planning_msgs/msg/_pose_with_uuid_stamped.py
[10.211s] -- Installing: /home/jmj/dream_ws/install/autoware_planning_msgs/local/lib/python3.10/dist-packages/autoware_planning_msgs/msg/_lanelet_primitive_s.c
[10.212s] -- Installing: /home/jmj/dream_ws/install/autoware_planning_msgs/local/lib/python3.10/dist-packages/autoware_planning_msgs/msg/_pose_with_uuid_stamped_s.c
[10.212s] -- Installing: /home/jmj/dream_ws/install/autoware_planning_msgs/local/lib/python3.10/dist-packages/autoware_planning_msgs/msg/_path.py
[10.212s] -- Installing: /home/jmj/dream_ws/install/autoware_planning_msgs/local/lib/python3.10/dist-packages/autoware_planning_msgs/msg/_path_point.py
[10.212s] -- Installing: /home/jmj/dream_ws/install/autoware_planning_msgs/local/lib/python3.10/dist-packages/autoware_planning_msgs/msg/_lanelet_primitive.py
[10.212s] -- Installing: /home/jmj/dream_ws/install/autoware_planning_msgs/local/lib/python3.10/dist-packages/autoware_planning_msgs/msg/_trajectory.py
[10.212s] -- Installing: /home/jmj/dream_ws/install/autoware_planning_msgs/local/lib/python3.10/dist-packages/autoware_planning_msgs/msg/_trajectory_point_s.c
[10.212s] -- Installing: /home/jmj/dream_ws/install/autoware_planning_msgs/local/lib/python3.10/dist-packages/autoware_planning_msgs/msg/_trajectory_point.py
[10.212s] -- Installing: /home/jmj/dream_ws/install/autoware_planning_msgs/local/lib/python3.10/dist-packages/autoware_planning_msgs/msg/_lanelet_route_s.c
[10.212s] -- Installing: /home/jmj/dream_ws/install/autoware_planning_msgs/local/lib/python3.10/dist-packages/autoware_planning_msgs/msg/_trajectory_s.c
[10.264s] Listing '/home/jmj/dream_ws/install/autoware_planning_msgs/local/lib/python3.10/dist-packages/autoware_planning_msgs'...
[10.264s] Compiling '/home/jmj/dream_ws/install/autoware_planning_msgs/local/lib/python3.10/dist-packages/autoware_planning_msgs/__init__.py'...
[10.264s] Listing '/home/jmj/dream_ws/install/autoware_planning_msgs/local/lib/python3.10/dist-packages/autoware_planning_msgs/msg'...
[10.264s] Compiling '/home/jmj/dream_ws/install/autoware_planning_msgs/local/lib/python3.10/dist-packages/autoware_planning_msgs/msg/__init__.py'...
[10.264s] Compiling '/home/jmj/dream_ws/install/autoware_planning_msgs/local/lib/python3.10/dist-packages/autoware_planning_msgs/msg/_lanelet_primitive.py'...
[10.264s] Compiling '/home/jmj/dream_ws/install/autoware_planning_msgs/local/lib/python3.10/dist-packages/autoware_planning_msgs/msg/_lanelet_route.py'...
[10.264s] Compiling '/home/jmj/dream_ws/install/autoware_planning_msgs/local/lib/python3.10/dist-packages/autoware_planning_msgs/msg/_lanelet_segment.py'...
[10.264s] Compiling '/home/jmj/dream_ws/install/autoware_planning_msgs/local/lib/python3.10/dist-packages/autoware_planning_msgs/msg/_path.py'...
[10.264s] Compiling '/home/jmj/dream_ws/install/autoware_planning_msgs/local/lib/python3.10/dist-packages/autoware_planning_msgs/msg/_path_point.py'...
[10.264s] Compiling '/home/jmj/dream_ws/install/autoware_planning_msgs/local/lib/python3.10/dist-packages/autoware_planning_msgs/msg/_pose_with_uuid_stamped.py'...
[10.264s] Compiling '/home/jmj/dream_ws/install/autoware_planning_msgs/local/lib/python3.10/dist-packages/autoware_planning_msgs/msg/_trajectory.py'...
[10.264s] Compiling '/home/jmj/dream_ws/install/autoware_planning_msgs/local/lib/python3.10/dist-packages/autoware_planning_msgs/msg/_trajectory_point.py'...
[10.275s] -- Installing: /home/jmj/dream_ws/install/autoware_planning_msgs/local/lib/python3.10/dist-packages/autoware_planning_msgs/autoware_planning_msgs_s__rosidl_typesupport_fastrtps_c.cpython-310-x86_64-linux-gnu.so
[10.275s] -- Set runtime path of "/home/jmj/dream_ws/install/autoware_planning_msgs/local/lib/python3.10/dist-packages/autoware_planning_msgs/autoware_planning_msgs_s__rosidl_typesupport_fastrtps_c.cpython-310-x86_64-linux-gnu.so" to ""
[10.275s] -- Installing: /home/jmj/dream_ws/install/autoware_planning_msgs/local/lib/python3.10/dist-packages/autoware_planning_msgs/autoware_planning_msgs_s__rosidl_typesupport_introspection_c.cpython-310-x86_64-linux-gnu.so
[10.276s] -- Set runtime path of "/home/jmj/dream_ws/install/autoware_planning_msgs/local/lib/python3.10/dist-packages/autoware_planning_msgs/autoware_planning_msgs_s__rosidl_typesupport_introspection_c.cpython-310-x86_64-linux-gnu.so" to ""
[10.276s] -- Installing: /home/jmj/dream_ws/install/autoware_planning_msgs/local/lib/python3.10/dist-packages/autoware_planning_msgs/autoware_planning_msgs_s__rosidl_typesupport_c.cpython-310-x86_64-linux-gnu.so
[10.277s] -- Set runtime path of "/home/jmj/dream_ws/install/autoware_planning_msgs/local/lib/python3.10/dist-packages/autoware_planning_msgs/autoware_planning_msgs_s__rosidl_typesupport_c.cpython-310-x86_64-linux-gnu.so" to ""
[10.277s] -- Installing: /home/jmj/dream_ws/install/autoware_planning_msgs/lib/libautoware_planning_msgs__rosidl_generator_py.so
[10.277s] -- Set runtime path of "/home/jmj/dream_ws/install/autoware_planning_msgs/lib/libautoware_planning_msgs__rosidl_generator_py.so" to ""
[10.277s] -- Installing: /home/jmj/dream_ws/install/autoware_planning_msgs/share/autoware_planning_msgs/msg/LaneletPrimitive.idl
[10.278s] -- Installing: /home/jmj/dream_ws/install/autoware_planning_msgs/share/autoware_planning_msgs/msg/LaneletRoute.idl
[10.278s] -- Installing: /home/jmj/dream_ws/install/autoware_planning_msgs/share/autoware_planning_msgs/msg/LaneletSegment.idl
[10.278s] -- Installing: /home/jmj/dream_ws/install/autoware_planning_msgs/share/autoware_planning_msgs/msg/PoseWithUuidStamped.idl
[10.278s] -- Installing: /home/jmj/dream_ws/install/autoware_planning_msgs/share/autoware_planning_msgs/msg/Trajectory.idl
[10.278s] -- Installing: /home/jmj/dream_ws/install/autoware_planning_msgs/share/autoware_planning_msgs/msg/TrajectoryPoint.idl
[10.278s] -- Installing: /home/jmj/dream_ws/install/autoware_planning_msgs/share/autoware_planning_msgs/msg/Path.idl
[10.278s] -- Installing: /home/jmj/dream_ws/install/autoware_planning_msgs/share/autoware_planning_msgs/msg/PathPoint.idl
[10.278s] -- Installing: /home/jmj/dream_ws/install/autoware_planning_msgs/share/autoware_planning_msgs/msg/LaneletPrimitive.msg
[10.285s] -- Installing: /home/jmj/dream_ws/install/autoware_planning_msgs/share/autoware_planning_msgs/msg/LaneletRoute.msg
[10.285s] -- Installing: /home/jmj/dream_ws/install/autoware_planning_msgs/share/autoware_planning_msgs/msg/LaneletSegment.msg
[10.285s] -- Installing: /home/jmj/dream_ws/install/autoware_planning_msgs/share/autoware_planning_msgs/msg/PoseWithUuidStamped.msg
[10.285s] -- Installing: /home/jmj/dream_ws/install/autoware_planning_msgs/share/autoware_planning_msgs/msg/Trajectory.msg
[10.285s] -- Installing: /home/jmj/dream_ws/install/autoware_planning_msgs/share/autoware_planning_msgs/msg/TrajectoryPoint.msg
[10.285s] -- Installing: /home/jmj/dream_ws/install/autoware_planning_msgs/share/autoware_planning_msgs/msg/Path.msg
[10.285s] -- Installing: /home/jmj/dream_ws/install/autoware_planning_msgs/share/autoware_planning_msgs/msg/PathPoint.msg
[10.285s] -- Installing: /home/jmj/dream_ws/install/autoware_planning_msgs/share/ament_index/resource_index/package_run_dependencies/autoware_planning_msgs
[10.285s] -- Installing: /home/jmj/dream_ws/install/autoware_planning_msgs/share/ament_index/resource_index/parent_prefix_path/autoware_planning_msgs
[10.285s] -- Installing: /home/jmj/dream_ws/install/autoware_planning_msgs/share/autoware_planning_msgs/environment/ament_prefix_path.sh
[10.285s] -- Installing: /home/jmj/dream_ws/install/autoware_planning_msgs/share/autoware_planning_msgs/environment/ament_prefix_path.dsv
[10.285s] -- Installing: /home/jmj/dream_ws/install/autoware_planning_msgs/share/autoware_planning_msgs/environment/path.sh
[10.285s] -- Installing: /home/jmj/dream_ws/install/autoware_planning_msgs/share/autoware_planning_msgs/environment/path.dsv
[10.285s] -- Installing: /home/jmj/dream_ws/install/autoware_planning_msgs/share/autoware_planning_msgs/local_setup.bash
[10.285s] -- Installing: /home/jmj/dream_ws/install/autoware_planning_msgs/share/autoware_planning_msgs/local_setup.sh
[10.285s] -- Installing: /home/jmj/dream_ws/install/autoware_planning_msgs/share/autoware_planning_msgs/local_setup.zsh
[10.285s] -- Installing: /home/jmj/dream_ws/install/autoware_planning_msgs/share/autoware_planning_msgs/local_setup.dsv
[10.285s] -- Installing: /home/jmj/dream_ws/install/autoware_planning_msgs/share/autoware_planning_msgs/package.dsv
[10.285s] -- Installing: /home/jmj/dream_ws/install/autoware_planning_msgs/share/ament_index/resource_index/packages/autoware_planning_msgs
[10.285s] -- Installing: /home/jmj/dream_ws/install/autoware_planning_msgs/share/autoware_planning_msgs/cmake/export_autoware_planning_msgs__rosidl_generator_cExport.cmake
[10.285s] -- Installing: /home/jmj/dream_ws/install/autoware_planning_msgs/share/autoware_planning_msgs/cmake/export_autoware_planning_msgs__rosidl_generator_cExport-noconfig.cmake
[10.285s] -- Installing: /home/jmj/dream_ws/install/autoware_planning_msgs/share/autoware_planning_msgs/cmake/export_autoware_planning_msgs__rosidl_typesupport_fastrtps_cExport.cmake
[10.285s] -- Installing: /home/jmj/dream_ws/install/autoware_planning_msgs/share/autoware_planning_msgs/cmake/export_autoware_planning_msgs__rosidl_typesupport_fastrtps_cExport-noconfig.cmake
[10.285s] -- Installing: /home/jmj/dream_ws/install/autoware_planning_msgs/share/autoware_planning_msgs/cmake/autoware_planning_msgs__rosidl_typesupport_introspection_cExport.cmake
[10.288s] -- Installing: /home/jmj/dream_ws/install/autoware_planning_msgs/share/autoware_planning_msgs/cmake/autoware_planning_msgs__rosidl_typesupport_introspection_cExport-noconfig.cmake
[10.288s] -- Installing: /home/jmj/dream_ws/install/autoware_planning_msgs/share/autoware_planning_msgs/cmake/autoware_planning_msgs__rosidl_typesupport_cExport.cmake
[10.289s] -- Installing: /home/jmj/dream_ws/install/autoware_planning_msgs/share/autoware_planning_msgs/cmake/autoware_planning_msgs__rosidl_typesupport_cExport-noconfig.cmake
[10.290s] -- Installing: /home/jmj/dream_ws/install/autoware_planning_msgs/share/autoware_planning_msgs/cmake/export_autoware_planning_msgs__rosidl_generator_cppExport.cmake
[10.290s] -- Installing: /home/jmj/dream_ws/install/autoware_planning_msgs/share/autoware_planning_msgs/cmake/export_autoware_planning_msgs__rosidl_typesupport_fastrtps_cppExport.cmake
[10.291s] -- Installing: /home/jmj/dream_ws/install/autoware_planning_msgs/share/autoware_planning_msgs/cmake/export_autoware_planning_msgs__rosidl_typesupport_fastrtps_cppExport-noconfig.cmake
[10.292s] -- Installing: /home/jmj/dream_ws/install/autoware_planning_msgs/share/autoware_planning_msgs/cmake/autoware_planning_msgs__rosidl_typesupport_introspection_cppExport.cmake
[10.292s] -- Installing: /home/jmj/dream_ws/install/autoware_planning_msgs/share/autoware_planning_msgs/cmake/autoware_planning_msgs__rosidl_typesupport_introspection_cppExport-noconfig.cmake
[10.292s] -- Installing: /home/jmj/dream_ws/install/autoware_planning_msgs/share/autoware_planning_msgs/cmake/autoware_planning_msgs__rosidl_typesupport_cppExport.cmake
[10.293s] -- Installing: /home/jmj/dream_ws/install/autoware_planning_msgs/share/autoware_planning_msgs/cmake/autoware_planning_msgs__rosidl_typesupport_cppExport-noconfig.cmake
[10.293s] -- Installing: /home/jmj/dream_ws/install/autoware_planning_msgs/share/autoware_planning_msgs/cmake/export_autoware_planning_msgs__rosidl_generator_pyExport.cmake
[10.293s] -- Installing: /home/jmj/dream_ws/install/autoware_planning_msgs/share/autoware_planning_msgs/cmake/export_autoware_planning_msgs__rosidl_generator_pyExport-noconfig.cmake
[10.294s] -- Installing: /home/jmj/dream_ws/install/autoware_planning_msgs/share/autoware_planning_msgs/cmake/rosidl_cmake-extras.cmake
[10.294s] -- Installing: /home/jmj/dream_ws/install/autoware_planning_msgs/share/autoware_planning_msgs/cmake/ament_cmake_export_dependencies-extras.cmake
[10.294s] -- Installing: /home/jmj/dream_ws/install/autoware_planning_msgs/share/autoware_planning_msgs/cmake/ament_cmake_export_include_directories-extras.cmake
[10.294s] -- Installing: /home/jmj/dream_ws/install/autoware_planning_msgs/share/autoware_planning_msgs/cmake/ament_cmake_export_libraries-extras.cmake
[10.294s] -- Installing: /home/jmj/dream_ws/install/autoware_planning_msgs/share/autoware_planning_msgs/cmake/ament_cmake_export_targets-extras.cmake
[10.294s] -- Installing: /home/jmj/dream_ws/install/autoware_planning_msgs/share/autoware_planning_msgs/cmake/rosidl_cmake_export_typesupport_targets-extras.cmake
[10.294s] -- Installing: /home/jmj/dream_ws/install/autoware_planning_msgs/share/autoware_planning_msgs/cmake/rosidl_cmake_export_typesupport_libraries-extras.cmake
[10.294s] -- Installing: /home/jmj/dream_ws/install/autoware_planning_msgs/share/autoware_planning_msgs/cmake/autoware_planning_msgsConfig.cmake
[10.294s] -- Installing: /home/jmj/dream_ws/install/autoware_planning_msgs/share/autoware_planning_msgs/cmake/autoware_planning_msgsConfig-version.cmake
[10.297s] -- Installing: /home/jmj/dream_ws/install/autoware_planning_msgs/share/autoware_planning_msgs/package.xml
[10.312s] Invoked command in '/home/jmj/dream_ws/build/autoware_planning_msgs' returned '0': CMAKE_PREFIX_PATH=${CMAKE_PREFIX_PATH}:/home/jmj/dream_ws/install/dream:/opt/ros/humble /usr/bin/cmake --install /home/jmj/dream_ws/build/autoware_planning_msgs
