[0.429s] Invoking command in '/home/jmj/dream_ws/dream': AMENT_PREFIX_PATH=/home/jmj/dream_ws/install/autoware_control_msgs:${AMENT_PREFIX_PATH} CMAKE_PREFIX_PATH=/home/jmj/dream_ws/install/autoware_control_msgs LD_LIBRARY_PATH=/home/jmj/dream_ws/install/autoware_control_msgs/lib:${LD_LIBRARY_PATH} PYTHONPATH=/home/jmj/dream_ws/build/dream/prefix_override:/usr/lib/python3/dist-packages/colcon_core/task/python/colcon_distutils_commands:/home/jmj/dream_ws/install/dream/lib/python3.10/site-packages:/home/jmj/dream_ws/install/autoware_control_msgs/local/lib/python3.10/dist-packages:${PYTHONPATH} /usr/bin/python3 -W ignore:setup.py install is deprecated -W ignore:easy_install command is deprecated setup.py egg_info --egg-base ../build/dream build --build-base /home/jmj/dream_ws/build/dream/build install --record /home/jmj/dream_ws/build/dream/install.log --single-version-externally-managed install_data
[0.566s] running egg_info
[0.567s] writing ../build/dream/dream.egg-info/PKG-INFO
[0.567s] writing dependency_links to ../build/dream/dream.egg-info/dependency_links.txt
[0.567s] writing entry points to ../build/dream/dream.egg-info/entry_points.txt
[0.567s] writing requirements to ../build/dream/dream.egg-info/requires.txt
[0.567s] writing top-level names to ../build/dream/dream.egg-info/top_level.txt
[0.569s] reading manifest file '../build/dream/dream.egg-info/SOURCES.txt'
[0.569s] writing manifest file '../build/dream/dream.egg-info/SOURCES.txt'
[0.569s] running build
[0.569s] running build_py
[0.569s] copying dream/mapper.py -> /home/jmj/dream_ws/build/dream/build/lib/dream
[0.569s] running install
[0.569s] running install_lib
[0.570s] copying /home/jmj/dream_ws/build/dream/build/lib/dream/mapper.py -> /home/jmj/dream_ws/install/dream/lib/python3.10/site-packages/dream
[0.570s] byte-compiling /home/jmj/dream_ws/install/dream/lib/python3.10/site-packages/dream/mapper.py to mapper.cpython-310.pyc
[0.571s] running install_data
[0.571s] running install_egg_info
[0.572s] removing '/home/jmj/dream_ws/install/dream/lib/python3.10/site-packages/dream-0.0.0-py3.10.egg-info' (and everything under it)
[0.572s] Copying ../build/dream/dream.egg-info to /home/jmj/dream_ws/install/dream/lib/python3.10/site-packages/dream-0.0.0-py3.10.egg-info
[0.572s] running install_scripts
[0.583s] Installing bridge_node script to /home/jmj/dream_ws/install/dream/lib/dream
[0.583s] Installing mapper script to /home/jmj/dream_ws/install/dream/lib/dream
[0.583s] writing list of installed files to '/home/jmj/dream_ws/build/dream/install.log'
[0.596s] Invoked command in '/home/jmj/dream_ws/dream' returned '0': AMENT_PREFIX_PATH=/home/jmj/dream_ws/install/autoware_control_msgs:${AMENT_PREFIX_PATH} CMAKE_PREFIX_PATH=/home/jmj/dream_ws/install/autoware_control_msgs LD_LIBRARY_PATH=/home/jmj/dream_ws/install/autoware_control_msgs/lib:${LD_LIBRARY_PATH} PYTHONPATH=/home/jmj/dream_ws/build/dream/prefix_override:/usr/lib/python3/dist-packages/colcon_core/task/python/colcon_distutils_commands:/home/jmj/dream_ws/install/dream/lib/python3.10/site-packages:/home/jmj/dream_ws/install/autoware_control_msgs/local/lib/python3.10/dist-packages:${PYTHONPATH} /usr/bin/python3 -W ignore:setup.py install is deprecated -W ignore:easy_install command is deprecated setup.py egg_info --egg-base ../build/dream build --build-base /home/jmj/dream_ws/build/dream/build install --record /home/jmj/dream_ws/build/dream/install.log --single-version-externally-managed install_data
