[0.022s] Invoking command in '/home/jmj/dream_ws/build/autoware_system_msgs': CMAKE_PREFIX_PATH=${CMAKE_PREFIX_PATH}:/home/jmj/dream_ws/install/dream:/opt/ros/humble /usr/bin/cmake --build /home/jmj/dream_ws/build/autoware_system_msgs -- -j20 -l20
[0.084s] [  2%] Built target autoware_system_msgs__cpp
[0.095s] [ 12%] Built target autoware_system_msgs__rosidl_generator_c
[0.110s] [ 12%] Built target ament_cmake_python_copy_autoware_system_msgs
[0.124s] [ 23%] Built target autoware_system_msgs__rosidl_typesupport_cpp
[0.138s] [ 34%] Built target autoware_system_msgs__rosidl_typesupport_fastrtps_c
[0.141s] [ 44%] Built target autoware_system_msgs__rosidl_typesupport_introspection_cpp
[0.141s] [ 55%] Built target autoware_system_msgs__rosidl_typesupport_fastrtps_cpp
[0.143s] [ 65%] Built target autoware_system_msgs__rosidl_typesupport_c
[0.143s] [ 76%] Built target autoware_system_msgs__rosidl_typesupport_introspection_c
[0.162s] [ 76%] Built target autoware_system_msgs
[0.182s] [ 78%] Built target autoware_system_msgs__py
[0.210s] [ 87%] Built target autoware_system_msgs__rosidl_generator_py
[0.237s] [ 91%] Built target autoware_system_msgs__rosidl_typesupport_fastrtps_c__pyext
[0.248s] [ 95%] Built target autoware_system_msgs__rosidl_typesupport_c__pyext
[0.250s] [100%] Built target autoware_system_msgs__rosidl_typesupport_introspection_c__pyext
[0.333s] running egg_info
[0.333s] writing autoware_system_msgs.egg-info/PKG-INFO
[0.333s] writing dependency_links to autoware_system_msgs.egg-info/dependency_links.txt
[0.333s] writing top-level names to autoware_system_msgs.egg-info/top_level.txt
[0.336s] reading manifest file 'autoware_system_msgs.egg-info/SOURCES.txt'
[0.336s] writing manifest file 'autoware_system_msgs.egg-info/SOURCES.txt'
[0.360s] [100%] Built target ament_cmake_python_build_autoware_system_msgs_egg
[0.383s] Invoked command in '/home/jmj/dream_ws/build/autoware_system_msgs' returned '0': CMAKE_PREFIX_PATH=${CMAKE_PREFIX_PATH}:/home/jmj/dream_ws/install/dream:/opt/ros/humble /usr/bin/cmake --build /home/jmj/dream_ws/build/autoware_system_msgs -- -j20 -l20
[0.384s] Invoking command in '/home/jmj/dream_ws/build/autoware_system_msgs': CMAKE_PREFIX_PATH=${CMAKE_PREFIX_PATH}:/home/jmj/dream_ws/install/dream:/opt/ros/humble /usr/bin/cmake --install /home/jmj/dream_ws/build/autoware_system_msgs
[0.407s] -- Install configuration: ""
[0.408s] -- Up-to-date: /home/jmj/dream_ws/install/autoware_system_msgs/share/ament_index/resource_index/rosidl_interfaces/autoware_system_msgs
[0.408s] -- Up-to-date: /home/jmj/dream_ws/install/autoware_system_msgs/include/autoware_system_msgs/autoware_system_msgs
[0.408s] -- Up-to-date: /home/jmj/dream_ws/install/autoware_system_msgs/include/autoware_system_msgs/autoware_system_msgs/msg
[0.408s] -- Up-to-date: /home/jmj/dream_ws/install/autoware_system_msgs/include/autoware_system_msgs/autoware_system_msgs/msg/hazard_status_stamped.h
[0.408s] -- Up-to-date: /home/jmj/dream_ws/install/autoware_system_msgs/include/autoware_system_msgs/autoware_system_msgs/msg/rosidl_generator_c__visibility_control.h
[0.408s] -- Up-to-date: /home/jmj/dream_ws/install/autoware_system_msgs/include/autoware_system_msgs/autoware_system_msgs/msg/detail
[0.408s] -- Up-to-date: /home/jmj/dream_ws/install/autoware_system_msgs/include/autoware_system_msgs/autoware_system_msgs/msg/detail/hazard_status_stamped__type_support.h
[0.408s] -- Up-to-date: /home/jmj/dream_ws/install/autoware_system_msgs/include/autoware_system_msgs/autoware_system_msgs/msg/detail/autoware_state__struct.h
[0.408s] -- Up-to-date: /home/jmj/dream_ws/install/autoware_system_msgs/include/autoware_system_msgs/autoware_system_msgs/msg/detail/autoware_state__type_support.h
[0.408s] -- Up-to-date: /home/jmj/dream_ws/install/autoware_system_msgs/include/autoware_system_msgs/autoware_system_msgs/msg/detail/autoware_state__functions.h
[0.408s] -- Up-to-date: /home/jmj/dream_ws/install/autoware_system_msgs/include/autoware_system_msgs/autoware_system_msgs/msg/detail/autoware_state__functions.c
[0.408s] -- Up-to-date: /home/jmj/dream_ws/install/autoware_system_msgs/include/autoware_system_msgs/autoware_system_msgs/msg/detail/hazard_status__struct.h
[0.408s] -- Up-to-date: /home/jmj/dream_ws/install/autoware_system_msgs/include/autoware_system_msgs/autoware_system_msgs/msg/detail/hazard_status_stamped__struct.h
[0.408s] -- Up-to-date: /home/jmj/dream_ws/install/autoware_system_msgs/include/autoware_system_msgs/autoware_system_msgs/msg/detail/hazard_status__functions.c
[0.408s] -- Up-to-date: /home/jmj/dream_ws/install/autoware_system_msgs/include/autoware_system_msgs/autoware_system_msgs/msg/detail/hazard_status_stamped__functions.c
[0.408s] -- Up-to-date: /home/jmj/dream_ws/install/autoware_system_msgs/include/autoware_system_msgs/autoware_system_msgs/msg/detail/hazard_status__type_support.h
[0.408s] -- Up-to-date: /home/jmj/dream_ws/install/autoware_system_msgs/include/autoware_system_msgs/autoware_system_msgs/msg/detail/hazard_status_stamped__functions.h
[0.408s] -- Up-to-date: /home/jmj/dream_ws/install/autoware_system_msgs/include/autoware_system_msgs/autoware_system_msgs/msg/detail/hazard_status__functions.h
[0.408s] -- Up-to-date: /home/jmj/dream_ws/install/autoware_system_msgs/include/autoware_system_msgs/autoware_system_msgs/msg/autoware_state.h
[0.408s] -- Up-to-date: /home/jmj/dream_ws/install/autoware_system_msgs/include/autoware_system_msgs/autoware_system_msgs/msg/hazard_status.h
[0.408s] -- Up-to-date: /home/jmj/dream_ws/install/autoware_system_msgs/share/autoware_system_msgs/environment/library_path.sh
[0.408s] -- Up-to-date: /home/jmj/dream_ws/install/autoware_system_msgs/share/autoware_system_msgs/environment/library_path.dsv
[0.409s] -- Up-to-date: /home/jmj/dream_ws/install/autoware_system_msgs/lib/libautoware_system_msgs__rosidl_generator_c.so
[0.409s] -- Up-to-date: /home/jmj/dream_ws/install/autoware_system_msgs/include/autoware_system_msgs/autoware_system_msgs
[0.409s] -- Up-to-date: /home/jmj/dream_ws/install/autoware_system_msgs/include/autoware_system_msgs/autoware_system_msgs/msg
[0.409s] -- Up-to-date: /home/jmj/dream_ws/install/autoware_system_msgs/include/autoware_system_msgs/autoware_system_msgs/msg/detail
[0.409s] -- Up-to-date: /home/jmj/dream_ws/install/autoware_system_msgs/include/autoware_system_msgs/autoware_system_msgs/msg/detail/autoware_state__rosidl_typesupport_fastrtps_c.h
[0.409s] -- Up-to-date: /home/jmj/dream_ws/install/autoware_system_msgs/include/autoware_system_msgs/autoware_system_msgs/msg/detail/hazard_status__rosidl_typesupport_fastrtps_c.h
[0.409s] -- Up-to-date: /home/jmj/dream_ws/install/autoware_system_msgs/include/autoware_system_msgs/autoware_system_msgs/msg/detail/hazard_status_stamped__rosidl_typesupport_fastrtps_c.h
[0.409s] -- Up-to-date: /home/jmj/dream_ws/install/autoware_system_msgs/include/autoware_system_msgs/autoware_system_msgs/msg/rosidl_typesupport_fastrtps_c__visibility_control.h
[0.409s] -- Up-to-date: /home/jmj/dream_ws/install/autoware_system_msgs/lib/libautoware_system_msgs__rosidl_typesupport_fastrtps_c.so
[0.409s] -- Up-to-date: /home/jmj/dream_ws/install/autoware_system_msgs/include/autoware_system_msgs/autoware_system_msgs
[0.409s] -- Up-to-date: /home/jmj/dream_ws/install/autoware_system_msgs/include/autoware_system_msgs/autoware_system_msgs/msg
[0.409s] -- Up-to-date: /home/jmj/dream_ws/install/autoware_system_msgs/include/autoware_system_msgs/autoware_system_msgs/msg/detail
[0.409s] -- Up-to-date: /home/jmj/dream_ws/install/autoware_system_msgs/include/autoware_system_msgs/autoware_system_msgs/msg/detail/autoware_state__rosidl_typesupport_introspection_c.h
[0.409s] -- Up-to-date: /home/jmj/dream_ws/install/autoware_system_msgs/include/autoware_system_msgs/autoware_system_msgs/msg/detail/autoware_state__type_support.c
[0.409s] -- Up-to-date: /home/jmj/dream_ws/install/autoware_system_msgs/include/autoware_system_msgs/autoware_system_msgs/msg/detail/hazard_status_stamped__type_support.c
[0.409s] -- Up-to-date: /home/jmj/dream_ws/install/autoware_system_msgs/include/autoware_system_msgs/autoware_system_msgs/msg/detail/hazard_status__type_support.c
[0.409s] -- Up-to-date: /home/jmj/dream_ws/install/autoware_system_msgs/include/autoware_system_msgs/autoware_system_msgs/msg/detail/hazard_status__rosidl_typesupport_introspection_c.h
[0.409s] -- Up-to-date: /home/jmj/dream_ws/install/autoware_system_msgs/include/autoware_system_msgs/autoware_system_msgs/msg/detail/hazard_status_stamped__rosidl_typesupport_introspection_c.h
[0.409s] -- Up-to-date: /home/jmj/dream_ws/install/autoware_system_msgs/include/autoware_system_msgs/autoware_system_msgs/msg/rosidl_typesupport_introspection_c__visibility_control.h
[0.409s] -- Up-to-date: /home/jmj/dream_ws/install/autoware_system_msgs/lib/libautoware_system_msgs__rosidl_typesupport_introspection_c.so
[0.410s] -- Up-to-date: /home/jmj/dream_ws/install/autoware_system_msgs/lib/libautoware_system_msgs__rosidl_typesupport_c.so
[0.410s] -- Up-to-date: /home/jmj/dream_ws/install/autoware_system_msgs/include/autoware_system_msgs/autoware_system_msgs
[0.410s] -- Up-to-date: /home/jmj/dream_ws/install/autoware_system_msgs/include/autoware_system_msgs/autoware_system_msgs/msg
[0.410s] -- Up-to-date: /home/jmj/dream_ws/install/autoware_system_msgs/include/autoware_system_msgs/autoware_system_msgs/msg/detail
[0.410s] -- Up-to-date: /home/jmj/dream_ws/install/autoware_system_msgs/include/autoware_system_msgs/autoware_system_msgs/msg/detail/autoware_state__traits.hpp
[0.411s] -- Up-to-date: /home/jmj/dream_ws/install/autoware_system_msgs/include/autoware_system_msgs/autoware_system_msgs/msg/detail/hazard_status__traits.hpp
[0.411s] -- Up-to-date: /home/jmj/dream_ws/install/autoware_system_msgs/include/autoware_system_msgs/autoware_system_msgs/msg/detail/autoware_state__struct.hpp
[0.411s] -- Up-to-date: /home/jmj/dream_ws/install/autoware_system_msgs/include/autoware_system_msgs/autoware_system_msgs/msg/detail/hazard_status_stamped__struct.hpp
[0.411s] -- Up-to-date: /home/jmj/dream_ws/install/autoware_system_msgs/include/autoware_system_msgs/autoware_system_msgs/msg/detail/hazard_status__type_support.hpp
[0.411s] -- Up-to-date: /home/jmj/dream_ws/install/autoware_system_msgs/include/autoware_system_msgs/autoware_system_msgs/msg/detail/hazard_status_stamped__builder.hpp
[0.411s] -- Up-to-date: /home/jmj/dream_ws/install/autoware_system_msgs/include/autoware_system_msgs/autoware_system_msgs/msg/detail/hazard_status__struct.hpp
[0.411s] -- Up-to-date: /home/jmj/dream_ws/install/autoware_system_msgs/include/autoware_system_msgs/autoware_system_msgs/msg/detail/hazard_status_stamped__traits.hpp
[0.411s] -- Up-to-date: /home/jmj/dream_ws/install/autoware_system_msgs/include/autoware_system_msgs/autoware_system_msgs/msg/detail/hazard_status__builder.hpp
[0.411s] -- Up-to-date: /home/jmj/dream_ws/install/autoware_system_msgs/include/autoware_system_msgs/autoware_system_msgs/msg/detail/autoware_state__builder.hpp
[0.411s] -- Up-to-date: /home/jmj/dream_ws/install/autoware_system_msgs/include/autoware_system_msgs/autoware_system_msgs/msg/detail/autoware_state__type_support.hpp
[0.411s] -- Up-to-date: /home/jmj/dream_ws/install/autoware_system_msgs/include/autoware_system_msgs/autoware_system_msgs/msg/detail/hazard_status_stamped__type_support.hpp
[0.411s] -- Up-to-date: /home/jmj/dream_ws/install/autoware_system_msgs/include/autoware_system_msgs/autoware_system_msgs/msg/hazard_status_stamped.hpp
[0.411s] -- Up-to-date: /home/jmj/dream_ws/install/autoware_system_msgs/include/autoware_system_msgs/autoware_system_msgs/msg/hazard_status.hpp
[0.411s] -- Up-to-date: /home/jmj/dream_ws/install/autoware_system_msgs/include/autoware_system_msgs/autoware_system_msgs/msg/rosidl_generator_cpp__visibility_control.hpp
[0.411s] -- Up-to-date: /home/jmj/dream_ws/install/autoware_system_msgs/include/autoware_system_msgs/autoware_system_msgs/msg/autoware_state.hpp
[0.411s] -- Up-to-date: /home/jmj/dream_ws/install/autoware_system_msgs/include/autoware_system_msgs/autoware_system_msgs
[0.411s] -- Up-to-date: /home/jmj/dream_ws/install/autoware_system_msgs/include/autoware_system_msgs/autoware_system_msgs/msg
[0.411s] -- Up-to-date: /home/jmj/dream_ws/install/autoware_system_msgs/include/autoware_system_msgs/autoware_system_msgs/msg/detail
[0.412s] -- Up-to-date: /home/jmj/dream_ws/install/autoware_system_msgs/include/autoware_system_msgs/autoware_system_msgs/msg/detail/dds_fastrtps
[0.412s] -- Up-to-date: /home/jmj/dream_ws/install/autoware_system_msgs/include/autoware_system_msgs/autoware_system_msgs/msg/detail/hazard_status_stamped__rosidl_typesupport_fastrtps_cpp.hpp
[0.412s] -- Up-to-date: /home/jmj/dream_ws/install/autoware_system_msgs/include/autoware_system_msgs/autoware_system_msgs/msg/detail/hazard_status__rosidl_typesupport_fastrtps_cpp.hpp
[0.412s] -- Up-to-date: /home/jmj/dream_ws/install/autoware_system_msgs/include/autoware_system_msgs/autoware_system_msgs/msg/detail/autoware_state__rosidl_typesupport_fastrtps_cpp.hpp
[0.412s] -- Up-to-date: /home/jmj/dream_ws/install/autoware_system_msgs/include/autoware_system_msgs/autoware_system_msgs/msg/rosidl_typesupport_fastrtps_cpp__visibility_control.h
[0.412s] -- Up-to-date: /home/jmj/dream_ws/install/autoware_system_msgs/lib/libautoware_system_msgs__rosidl_typesupport_fastrtps_cpp.so
[0.412s] -- Up-to-date: /home/jmj/dream_ws/install/autoware_system_msgs/include/autoware_system_msgs/autoware_system_msgs
[0.412s] -- Up-to-date: /home/jmj/dream_ws/install/autoware_system_msgs/include/autoware_system_msgs/autoware_system_msgs/msg
[0.412s] -- Up-to-date: /home/jmj/dream_ws/install/autoware_system_msgs/include/autoware_system_msgs/autoware_system_msgs/msg/detail
[0.412s] -- Up-to-date: /home/jmj/dream_ws/install/autoware_system_msgs/include/autoware_system_msgs/autoware_system_msgs/msg/detail/hazard_status__type_support.cpp
[0.412s] -- Up-to-date: /home/jmj/dream_ws/install/autoware_system_msgs/include/autoware_system_msgs/autoware_system_msgs/msg/detail/hazard_status__rosidl_typesupport_introspection_cpp.hpp
[0.412s] -- Up-to-date: /home/jmj/dream_ws/install/autoware_system_msgs/include/autoware_system_msgs/autoware_system_msgs/msg/detail/hazard_status_stamped__type_support.cpp
[0.412s] -- Up-to-date: /home/jmj/dream_ws/install/autoware_system_msgs/include/autoware_system_msgs/autoware_system_msgs/msg/detail/hazard_status_stamped__rosidl_typesupport_introspection_cpp.hpp
[0.412s] -- Up-to-date: /home/jmj/dream_ws/install/autoware_system_msgs/include/autoware_system_msgs/autoware_system_msgs/msg/detail/autoware_state__type_support.cpp
[0.412s] -- Up-to-date: /home/jmj/dream_ws/install/autoware_system_msgs/include/autoware_system_msgs/autoware_system_msgs/msg/detail/autoware_state__rosidl_typesupport_introspection_cpp.hpp
[0.412s] -- Up-to-date: /home/jmj/dream_ws/install/autoware_system_msgs/lib/libautoware_system_msgs__rosidl_typesupport_introspection_cpp.so
[0.415s] -- Up-to-date: /home/jmj/dream_ws/install/autoware_system_msgs/lib/libautoware_system_msgs__rosidl_typesupport_cpp.so
[0.418s] -- Up-to-date: /home/jmj/dream_ws/install/autoware_system_msgs/share/autoware_system_msgs/environment/pythonpath.sh
[0.418s] -- Up-to-date: /home/jmj/dream_ws/install/autoware_system_msgs/share/autoware_system_msgs/environment/pythonpath.dsv
[0.418s] -- Up-to-date: /home/jmj/dream_ws/install/autoware_system_msgs/local/lib/python3.10/dist-packages/autoware_system_msgs-1.8.0-py3.10.egg-info
[0.418s] -- Installing: /home/jmj/dream_ws/install/autoware_system_msgs/local/lib/python3.10/dist-packages/autoware_system_msgs-1.8.0-py3.10.egg-info/dependency_links.txt
[0.418s] -- Installing: /home/jmj/dream_ws/install/autoware_system_msgs/local/lib/python3.10/dist-packages/autoware_system_msgs-1.8.0-py3.10.egg-info/top_level.txt
[0.418s] -- Installing: /home/jmj/dream_ws/install/autoware_system_msgs/local/lib/python3.10/dist-packages/autoware_system_msgs-1.8.0-py3.10.egg-info/PKG-INFO
[0.418s] -- Installing: /home/jmj/dream_ws/install/autoware_system_msgs/local/lib/python3.10/dist-packages/autoware_system_msgs-1.8.0-py3.10.egg-info/SOURCES.txt
[0.418s] -- Up-to-date: /home/jmj/dream_ws/install/autoware_system_msgs/local/lib/python3.10/dist-packages/autoware_system_msgs
[0.418s] -- Up-to-date: /home/jmj/dream_ws/install/autoware_system_msgs/local/lib/python3.10/dist-packages/autoware_system_msgs/libautoware_system_msgs__rosidl_generator_py.so
[0.418s] -- Up-to-date: /home/jmj/dream_ws/install/autoware_system_msgs/local/lib/python3.10/dist-packages/autoware_system_msgs/_autoware_system_msgs_s.ep.rosidl_typesupport_c.c
[0.418s] -- Up-to-date: /home/jmj/dream_ws/install/autoware_system_msgs/local/lib/python3.10/dist-packages/autoware_system_msgs/__init__.py
[0.418s] -- Up-to-date: /home/jmj/dream_ws/install/autoware_system_msgs/local/lib/python3.10/dist-packages/autoware_system_msgs/autoware_system_msgs_s__rosidl_typesupport_c.cpython-310-x86_64-linux-gnu.so
[0.418s] -- Up-to-date: /home/jmj/dream_ws/install/autoware_system_msgs/local/lib/python3.10/dist-packages/autoware_system_msgs/autoware_system_msgs_s__rosidl_typesupport_fastrtps_c.cpython-310-x86_64-linux-gnu.so
[0.418s] -- Up-to-date: /home/jmj/dream_ws/install/autoware_system_msgs/local/lib/python3.10/dist-packages/autoware_system_msgs/_autoware_system_msgs_s.ep.rosidl_typesupport_fastrtps_c.c
[0.418s] -- Up-to-date: /home/jmj/dream_ws/install/autoware_system_msgs/local/lib/python3.10/dist-packages/autoware_system_msgs/_autoware_system_msgs_s.ep.rosidl_typesupport_introspection_c.c
[0.418s] -- Up-to-date: /home/jmj/dream_ws/install/autoware_system_msgs/local/lib/python3.10/dist-packages/autoware_system_msgs/autoware_system_msgs_s__rosidl_typesupport_introspection_c.cpython-310-x86_64-linux-gnu.so
[0.418s] -- Up-to-date: /home/jmj/dream_ws/install/autoware_system_msgs/local/lib/python3.10/dist-packages/autoware_system_msgs/msg
[0.418s] -- Up-to-date: /home/jmj/dream_ws/install/autoware_system_msgs/local/lib/python3.10/dist-packages/autoware_system_msgs/msg/_autoware_state_s.c
[0.418s] -- Up-to-date: /home/jmj/dream_ws/install/autoware_system_msgs/local/lib/python3.10/dist-packages/autoware_system_msgs/msg/__init__.py
[0.418s] -- Up-to-date: /home/jmj/dream_ws/install/autoware_system_msgs/local/lib/python3.10/dist-packages/autoware_system_msgs/msg/_hazard_status_s.c
[0.418s] -- Up-to-date: /home/jmj/dream_ws/install/autoware_system_msgs/local/lib/python3.10/dist-packages/autoware_system_msgs/msg/_hazard_status_stamped.py
[0.418s] -- Up-to-date: /home/jmj/dream_ws/install/autoware_system_msgs/local/lib/python3.10/dist-packages/autoware_system_msgs/msg/_hazard_status.py
[0.418s] -- Up-to-date: /home/jmj/dream_ws/install/autoware_system_msgs/local/lib/python3.10/dist-packages/autoware_system_msgs/msg/_autoware_state.py
[0.418s] -- Up-to-date: /home/jmj/dream_ws/install/autoware_system_msgs/local/lib/python3.10/dist-packages/autoware_system_msgs/msg/_hazard_status_stamped_s.c
[0.441s] Listing '/home/jmj/dream_ws/install/autoware_system_msgs/local/lib/python3.10/dist-packages/autoware_system_msgs'...
[0.441s] Listing '/home/jmj/dream_ws/install/autoware_system_msgs/local/lib/python3.10/dist-packages/autoware_system_msgs/msg'...
[0.444s] -- Up-to-date: /home/jmj/dream_ws/install/autoware_system_msgs/local/lib/python3.10/dist-packages/autoware_system_msgs/autoware_system_msgs_s__rosidl_typesupport_fastrtps_c.cpython-310-x86_64-linux-gnu.so
[0.444s] -- Up-to-date: /home/jmj/dream_ws/install/autoware_system_msgs/local/lib/python3.10/dist-packages/autoware_system_msgs/autoware_system_msgs_s__rosidl_typesupport_introspection_c.cpython-310-x86_64-linux-gnu.so
[0.445s] -- Up-to-date: /home/jmj/dream_ws/install/autoware_system_msgs/local/lib/python3.10/dist-packages/autoware_system_msgs/autoware_system_msgs_s__rosidl_typesupport_c.cpython-310-x86_64-linux-gnu.so
[0.445s] -- Up-to-date: /home/jmj/dream_ws/install/autoware_system_msgs/lib/libautoware_system_msgs__rosidl_generator_py.so
[0.445s] -- Up-to-date: /home/jmj/dream_ws/install/autoware_system_msgs/share/autoware_system_msgs/msg/AutowareState.idl
[0.445s] -- Up-to-date: /home/jmj/dream_ws/install/autoware_system_msgs/share/autoware_system_msgs/msg/HazardStatus.idl
[0.445s] -- Up-to-date: /home/jmj/dream_ws/install/autoware_system_msgs/share/autoware_system_msgs/msg/HazardStatusStamped.idl
[0.445s] -- Up-to-date: /home/jmj/dream_ws/install/autoware_system_msgs/share/autoware_system_msgs/msg/AutowareState.msg
[0.445s] -- Up-to-date: /home/jmj/dream_ws/install/autoware_system_msgs/share/autoware_system_msgs/msg/HazardStatus.msg
[0.445s] -- Up-to-date: /home/jmj/dream_ws/install/autoware_system_msgs/share/autoware_system_msgs/msg/HazardStatusStamped.msg
[0.445s] -- Up-to-date: /home/jmj/dream_ws/install/autoware_system_msgs/share/ament_index/resource_index/package_run_dependencies/autoware_system_msgs
[0.445s] -- Up-to-date: /home/jmj/dream_ws/install/autoware_system_msgs/share/ament_index/resource_index/parent_prefix_path/autoware_system_msgs
[0.445s] -- Up-to-date: /home/jmj/dream_ws/install/autoware_system_msgs/share/autoware_system_msgs/environment/ament_prefix_path.sh
[0.445s] -- Up-to-date: /home/jmj/dream_ws/install/autoware_system_msgs/share/autoware_system_msgs/environment/ament_prefix_path.dsv
[0.445s] -- Up-to-date: /home/jmj/dream_ws/install/autoware_system_msgs/share/autoware_system_msgs/environment/path.sh
[0.445s] -- Up-to-date: /home/jmj/dream_ws/install/autoware_system_msgs/share/autoware_system_msgs/environment/path.dsv
[0.445s] -- Up-to-date: /home/jmj/dream_ws/install/autoware_system_msgs/share/autoware_system_msgs/local_setup.bash
[0.445s] -- Up-to-date: /home/jmj/dream_ws/install/autoware_system_msgs/share/autoware_system_msgs/local_setup.sh
[0.445s] -- Up-to-date: /home/jmj/dream_ws/install/autoware_system_msgs/share/autoware_system_msgs/local_setup.zsh
[0.445s] -- Up-to-date: /home/jmj/dream_ws/install/autoware_system_msgs/share/autoware_system_msgs/local_setup.dsv
[0.445s] -- Installing: /home/jmj/dream_ws/install/autoware_system_msgs/share/autoware_system_msgs/package.dsv
[0.445s] -- Up-to-date: /home/jmj/dream_ws/install/autoware_system_msgs/share/ament_index/resource_index/packages/autoware_system_msgs
[0.445s] -- Up-to-date: /home/jmj/dream_ws/install/autoware_system_msgs/share/autoware_system_msgs/cmake/export_autoware_system_msgs__rosidl_generator_cExport.cmake
[0.445s] -- Up-to-date: /home/jmj/dream_ws/install/autoware_system_msgs/share/autoware_system_msgs/cmake/export_autoware_system_msgs__rosidl_generator_cExport-noconfig.cmake
[0.445s] -- Up-to-date: /home/jmj/dream_ws/install/autoware_system_msgs/share/autoware_system_msgs/cmake/export_autoware_system_msgs__rosidl_typesupport_fastrtps_cExport.cmake
[0.445s] -- Up-to-date: /home/jmj/dream_ws/install/autoware_system_msgs/share/autoware_system_msgs/cmake/export_autoware_system_msgs__rosidl_typesupport_fastrtps_cExport-noconfig.cmake
[0.445s] -- Up-to-date: /home/jmj/dream_ws/install/autoware_system_msgs/share/autoware_system_msgs/cmake/autoware_system_msgs__rosidl_typesupport_introspection_cExport.cmake
[0.445s] -- Up-to-date: /home/jmj/dream_ws/install/autoware_system_msgs/share/autoware_system_msgs/cmake/autoware_system_msgs__rosidl_typesupport_introspection_cExport-noconfig.cmake
[0.445s] -- Up-to-date: /home/jmj/dream_ws/install/autoware_system_msgs/share/autoware_system_msgs/cmake/autoware_system_msgs__rosidl_typesupport_cExport.cmake
[0.445s] -- Up-to-date: /home/jmj/dream_ws/install/autoware_system_msgs/share/autoware_system_msgs/cmake/autoware_system_msgs__rosidl_typesupport_cExport-noconfig.cmake
[0.445s] -- Up-to-date: /home/jmj/dream_ws/install/autoware_system_msgs/share/autoware_system_msgs/cmake/export_autoware_system_msgs__rosidl_generator_cppExport.cmake
[0.445s] -- Up-to-date: /home/jmj/dream_ws/install/autoware_system_msgs/share/autoware_system_msgs/cmake/export_autoware_system_msgs__rosidl_typesupport_fastrtps_cppExport.cmake
[0.445s] -- Up-to-date: /home/jmj/dream_ws/install/autoware_system_msgs/share/autoware_system_msgs/cmake/export_autoware_system_msgs__rosidl_typesupport_fastrtps_cppExport-noconfig.cmake
[0.446s] -- Up-to-date: /home/jmj/dream_ws/install/autoware_system_msgs/share/autoware_system_msgs/cmake/autoware_system_msgs__rosidl_typesupport_introspection_cppExport.cmake
[0.446s] -- Up-to-date: /home/jmj/dream_ws/install/autoware_system_msgs/share/autoware_system_msgs/cmake/autoware_system_msgs__rosidl_typesupport_introspection_cppExport-noconfig.cmake
[0.446s] -- Up-to-date: /home/jmj/dream_ws/install/autoware_system_msgs/share/autoware_system_msgs/cmake/autoware_system_msgs__rosidl_typesupport_cppExport.cmake
[0.446s] -- Up-to-date: /home/jmj/dream_ws/install/autoware_system_msgs/share/autoware_system_msgs/cmake/autoware_system_msgs__rosidl_typesupport_cppExport-noconfig.cmake
[0.446s] -- Up-to-date: /home/jmj/dream_ws/install/autoware_system_msgs/share/autoware_system_msgs/cmake/export_autoware_system_msgs__rosidl_generator_pyExport.cmake
[0.446s] -- Up-to-date: /home/jmj/dream_ws/install/autoware_system_msgs/share/autoware_system_msgs/cmake/export_autoware_system_msgs__rosidl_generator_pyExport-noconfig.cmake
[0.446s] -- Up-to-date: /home/jmj/dream_ws/install/autoware_system_msgs/share/autoware_system_msgs/cmake/rosidl_cmake-extras.cmake
[0.446s] -- Up-to-date: /home/jmj/dream_ws/install/autoware_system_msgs/share/autoware_system_msgs/cmake/ament_cmake_export_dependencies-extras.cmake
[0.446s] -- Up-to-date: /home/jmj/dream_ws/install/autoware_system_msgs/share/autoware_system_msgs/cmake/ament_cmake_export_include_directories-extras.cmake
[0.446s] -- Up-to-date: /home/jmj/dream_ws/install/autoware_system_msgs/share/autoware_system_msgs/cmake/ament_cmake_export_libraries-extras.cmake
[0.446s] -- Up-to-date: /home/jmj/dream_ws/install/autoware_system_msgs/share/autoware_system_msgs/cmake/ament_cmake_export_targets-extras.cmake
[0.446s] -- Up-to-date: /home/jmj/dream_ws/install/autoware_system_msgs/share/autoware_system_msgs/cmake/rosidl_cmake_export_typesupport_targets-extras.cmake
[0.446s] -- Up-to-date: /home/jmj/dream_ws/install/autoware_system_msgs/share/autoware_system_msgs/cmake/rosidl_cmake_export_typesupport_libraries-extras.cmake
[0.446s] -- Up-to-date: /home/jmj/dream_ws/install/autoware_system_msgs/share/autoware_system_msgs/cmake/autoware_system_msgsConfig.cmake
[0.446s] -- Up-to-date: /home/jmj/dream_ws/install/autoware_system_msgs/share/autoware_system_msgs/cmake/autoware_system_msgsConfig-version.cmake
[0.446s] -- Up-to-date: /home/jmj/dream_ws/install/autoware_system_msgs/share/autoware_system_msgs/package.xml
[0.482s] Invoked command in '/home/jmj/dream_ws/build/autoware_system_msgs' returned '0': CMAKE_PREFIX_PATH=${CMAKE_PREFIX_PATH}:/home/jmj/dream_ws/install/dream:/opt/ros/humble /usr/bin/cmake --install /home/jmj/dream_ws/build/autoware_system_msgs
