[0.077s] DEBUG:colcon:Command line arguments: ['/usr/bin/colcon', 'build', '--packages-select', 'dream']
[0.077s] DEBUG:colcon:Parsed command line arguments: Namespace(log_base=None, log_level=None, verb_name='build', build_base='build', install_base='install', merge_install=False, symlink_install=False, test_result_base=None, continue_on_error=False, executor='parallel', parallel_workers=20, event_handlers=None, ignore_user_meta=False, metas=['./colcon.meta'], base_paths=['.'], packages_ignore=None, packages_ignore_regex=None, paths=None, packages_up_to=None, packages_up_to_regex=None, packages_above=None, packages_above_and_dependencies=None, packages_above_depth=None, packages_select_by_dep=None, packages_skip_by_dep=None, packages_skip_up_to=None, packages_select_build_failed=False, packages_skip_build_finished=False, packages_select_test_failures=False, packages_skip_test_passed=False, packages_select=['dream'], packages_skip=None, packages_select_regex=None, packages_skip_regex=None, packages_start=None, packages_end=None, allow_overriding=[], cmake_args=None, cmake_target=None, cmake_target_skip_unavailable=False, cmake_clean_cache=False, cmake_clean_first=False, cmake_force_configure=False, ament_cmake_args=None, catkin_cmake_args=None, catkin_skip_building_tests=False, mixin_files=None, mixin=None, verb_parser=<colcon_mixin.mixin.mixin_argument.MixinArgumentDecorator object at 0x7d122cd045b0>, verb_extension=<colcon_core.verb.build.BuildVerb object at 0x7d122ce696c0>, main=<bound method BuildVerb.main of <colcon_core.verb.build.BuildVerb object at 0x7d122ce696c0>>, mixin_verb=('build',))
[0.184s] Level 1:colcon.colcon_core.package_discovery:discover_packages(colcon_meta) check parameters
[0.184s] Level 1:colcon.colcon_core.package_discovery:discover_packages(recursive) check parameters
[0.184s] Level 1:colcon.colcon_core.package_discovery:discover_packages(ignore) check parameters
[0.184s] Level 1:colcon.colcon_core.package_discovery:discover_packages(path) check parameters
[0.184s] Level 1:colcon.colcon_core.package_discovery:discover_packages(colcon_meta) discover
[0.184s] Level 1:colcon.colcon_core.package_discovery:discover_packages(recursive) discover
[0.184s] INFO:colcon.colcon_core.package_discovery:Crawling recursively for packages in '/home/jmj/dream_ws'
[0.184s] Level 1:colcon.colcon_core.package_identification:_identify(.) by extensions ['ignore', 'ignore_ament_install']
[0.184s] Level 1:colcon.colcon_core.package_identification:_identify(.) by extension 'ignore'
[0.184s] Level 1:colcon.colcon_core.package_identification:_identify(.) by extension 'ignore_ament_install'
[0.184s] Level 1:colcon.colcon_core.package_identification:_identify(.) by extensions ['colcon_pkg']
[0.184s] Level 1:colcon.colcon_core.package_identification:_identify(.) by extension 'colcon_pkg'
[0.184s] Level 1:colcon.colcon_core.package_identification:_identify(.) by extensions ['colcon_meta']
[0.184s] Level 1:colcon.colcon_core.package_identification:_identify(.) by extension 'colcon_meta'
[0.184s] Level 1:colcon.colcon_core.package_identification:_identify(.) by extensions ['ros']
[0.184s] Level 1:colcon.colcon_core.package_identification:_identify(.) by extension 'ros'
[0.195s] Level 1:colcon.colcon_core.package_identification:_identify(.) by extensions ['cmake', 'python']
[0.195s] Level 1:colcon.colcon_core.package_identification:_identify(.) by extension 'cmake'
[0.195s] Level 1:colcon.colcon_core.package_identification:_identify(.) by extension 'python'
[0.195s] Level 1:colcon.colcon_core.package_identification:_identify(.) by extensions ['python_setup_py']
[0.195s] Level 1:colcon.colcon_core.package_identification:_identify(.) by extension 'python_setup_py'
[0.195s] Level 1:colcon.colcon_core.package_identification:_identify(autoware_msgs) by extensions ['ignore', 'ignore_ament_install']
[0.195s] Level 1:colcon.colcon_core.package_identification:_identify(autoware_msgs) by extension 'ignore'
[0.195s] Level 1:colcon.colcon_core.package_identification:_identify(autoware_msgs) by extension 'ignore_ament_install'
[0.195s] Level 1:colcon.colcon_core.package_identification:_identify(autoware_msgs) by extensions ['colcon_pkg']
[0.195s] Level 1:colcon.colcon_core.package_identification:_identify(autoware_msgs) by extension 'colcon_pkg'
[0.195s] Level 1:colcon.colcon_core.package_identification:_identify(autoware_msgs) by extensions ['colcon_meta']
[0.195s] Level 1:colcon.colcon_core.package_identification:_identify(autoware_msgs) by extension 'colcon_meta'
[0.195s] Level 1:colcon.colcon_core.package_identification:_identify(autoware_msgs) by extensions ['ros']
[0.195s] Level 1:colcon.colcon_core.package_identification:_identify(autoware_msgs) by extension 'ros'
[0.195s] Level 1:colcon.colcon_core.package_identification:_identify(autoware_msgs) by extensions ['cmake', 'python']
[0.195s] Level 1:colcon.colcon_core.package_identification:_identify(autoware_msgs) by extension 'cmake'
[0.195s] Level 1:colcon.colcon_core.package_identification:_identify(autoware_msgs) by extension 'python'
[0.196s] Level 1:colcon.colcon_core.package_identification:_identify(autoware_msgs) by extensions ['python_setup_py']
[0.196s] Level 1:colcon.colcon_core.package_identification:_identify(autoware_msgs) by extension 'python_setup_py'
[0.196s] Level 1:colcon.colcon_core.package_identification:_identify(autoware_msgs/autoware_common_msgs) by extensions ['ignore', 'ignore_ament_install']
[0.196s] Level 1:colcon.colcon_core.package_identification:_identify(autoware_msgs/autoware_common_msgs) by extension 'ignore'
[0.196s] Level 1:colcon.colcon_core.package_identification:_identify(autoware_msgs/autoware_common_msgs) by extension 'ignore_ament_install'
[0.196s] Level 1:colcon.colcon_core.package_identification:_identify(autoware_msgs/autoware_common_msgs) by extensions ['colcon_pkg']
[0.196s] Level 1:colcon.colcon_core.package_identification:_identify(autoware_msgs/autoware_common_msgs) by extension 'colcon_pkg'
[0.196s] Level 1:colcon.colcon_core.package_identification:_identify(autoware_msgs/autoware_common_msgs) by extensions ['colcon_meta']
[0.196s] Level 1:colcon.colcon_core.package_identification:_identify(autoware_msgs/autoware_common_msgs) by extension 'colcon_meta'
[0.196s] Level 1:colcon.colcon_core.package_identification:_identify(autoware_msgs/autoware_common_msgs) by extensions ['ros']
[0.196s] Level 1:colcon.colcon_core.package_identification:_identify(autoware_msgs/autoware_common_msgs) by extension 'ros'
[0.197s] DEBUG:colcon.colcon_core.package_identification:Package 'autoware_msgs/autoware_common_msgs' with type 'ros.ament_cmake' and name 'autoware_common_msgs'
[0.198s] Level 1:colcon.colcon_core.package_identification:_identify(autoware_msgs/autoware_control_msgs) by extensions ['ignore', 'ignore_ament_install']
[0.198s] Level 1:colcon.colcon_core.package_identification:_identify(autoware_msgs/autoware_control_msgs) by extension 'ignore'
[0.198s] Level 1:colcon.colcon_core.package_identification:_identify(autoware_msgs/autoware_control_msgs) by extension 'ignore_ament_install'
[0.198s] Level 1:colcon.colcon_core.package_identification:_identify(autoware_msgs/autoware_control_msgs) by extensions ['colcon_pkg']
[0.198s] Level 1:colcon.colcon_core.package_identification:_identify(autoware_msgs/autoware_control_msgs) by extension 'colcon_pkg'
[0.198s] Level 1:colcon.colcon_core.package_identification:_identify(autoware_msgs/autoware_control_msgs) by extensions ['colcon_meta']
[0.198s] Level 1:colcon.colcon_core.package_identification:_identify(autoware_msgs/autoware_control_msgs) by extension 'colcon_meta'
[0.198s] Level 1:colcon.colcon_core.package_identification:_identify(autoware_msgs/autoware_control_msgs) by extensions ['ros']
[0.198s] Level 1:colcon.colcon_core.package_identification:_identify(autoware_msgs/autoware_control_msgs) by extension 'ros'
[0.198s] DEBUG:colcon.colcon_core.package_identification:Package 'autoware_msgs/autoware_control_msgs' with type 'ros.ament_cmake' and name 'autoware_control_msgs'
[0.198s] Level 1:colcon.colcon_core.package_identification:_identify(autoware_msgs/autoware_localization_msgs) by extensions ['ignore', 'ignore_ament_install']
[0.198s] Level 1:colcon.colcon_core.package_identification:_identify(autoware_msgs/autoware_localization_msgs) by extension 'ignore'
[0.198s] Level 1:colcon.colcon_core.package_identification:_identify(autoware_msgs/autoware_localization_msgs) by extension 'ignore_ament_install'
[0.198s] Level 1:colcon.colcon_core.package_identification:_identify(autoware_msgs/autoware_localization_msgs) by extensions ['colcon_pkg']
[0.198s] Level 1:colcon.colcon_core.package_identification:_identify(autoware_msgs/autoware_localization_msgs) by extension 'colcon_pkg'
[0.198s] Level 1:colcon.colcon_core.package_identification:_identify(autoware_msgs/autoware_localization_msgs) by extensions ['colcon_meta']
[0.198s] Level 1:colcon.colcon_core.package_identification:_identify(autoware_msgs/autoware_localization_msgs) by extension 'colcon_meta'
[0.198s] Level 1:colcon.colcon_core.package_identification:_identify(autoware_msgs/autoware_localization_msgs) by extensions ['ros']
[0.198s] Level 1:colcon.colcon_core.package_identification:_identify(autoware_msgs/autoware_localization_msgs) by extension 'ros'
[0.199s] DEBUG:colcon.colcon_core.package_identification:Package 'autoware_msgs/autoware_localization_msgs' with type 'ros.ament_cmake' and name 'autoware_localization_msgs'
[0.199s] Level 1:colcon.colcon_core.package_identification:_identify(autoware_msgs/autoware_map_msgs) by extensions ['ignore', 'ignore_ament_install']
[0.199s] Level 1:colcon.colcon_core.package_identification:_identify(autoware_msgs/autoware_map_msgs) by extension 'ignore'
[0.199s] Level 1:colcon.colcon_core.package_identification:_identify(autoware_msgs/autoware_map_msgs) by extension 'ignore_ament_install'
[0.199s] Level 1:colcon.colcon_core.package_identification:_identify(autoware_msgs/autoware_map_msgs) by extensions ['colcon_pkg']
[0.199s] Level 1:colcon.colcon_core.package_identification:_identify(autoware_msgs/autoware_map_msgs) by extension 'colcon_pkg'
[0.199s] Level 1:colcon.colcon_core.package_identification:_identify(autoware_msgs/autoware_map_msgs) by extensions ['colcon_meta']
[0.199s] Level 1:colcon.colcon_core.package_identification:_identify(autoware_msgs/autoware_map_msgs) by extension 'colcon_meta'
[0.199s] Level 1:colcon.colcon_core.package_identification:_identify(autoware_msgs/autoware_map_msgs) by extensions ['ros']
[0.199s] Level 1:colcon.colcon_core.package_identification:_identify(autoware_msgs/autoware_map_msgs) by extension 'ros'
[0.199s] DEBUG:colcon.colcon_core.package_identification:Package 'autoware_msgs/autoware_map_msgs' with type 'ros.ament_cmake' and name 'autoware_map_msgs'
[0.199s] Level 1:colcon.colcon_core.package_identification:_identify(autoware_msgs/autoware_msgs) by extensions ['ignore', 'ignore_ament_install']
[0.199s] Level 1:colcon.colcon_core.package_identification:_identify(autoware_msgs/autoware_msgs) by extension 'ignore'
[0.199s] Level 1:colcon.colcon_core.package_identification:_identify(autoware_msgs/autoware_msgs) by extension 'ignore_ament_install'
[0.199s] Level 1:colcon.colcon_core.package_identification:_identify(autoware_msgs/autoware_msgs) by extensions ['colcon_pkg']
[0.200s] Level 1:colcon.colcon_core.package_identification:_identify(autoware_msgs/autoware_msgs) by extension 'colcon_pkg'
[0.200s] Level 1:colcon.colcon_core.package_identification:_identify(autoware_msgs/autoware_msgs) by extensions ['colcon_meta']
[0.200s] Level 1:colcon.colcon_core.package_identification:_identify(autoware_msgs/autoware_msgs) by extension 'colcon_meta'
[0.200s] Level 1:colcon.colcon_core.package_identification:_identify(autoware_msgs/autoware_msgs) by extensions ['ros']
[0.200s] Level 1:colcon.colcon_core.package_identification:_identify(autoware_msgs/autoware_msgs) by extension 'ros'
[0.200s] DEBUG:colcon.colcon_core.package_identification:Package 'autoware_msgs/autoware_msgs' with type 'ros.ament_cmake' and name 'autoware_msgs'
[0.200s] Level 1:colcon.colcon_core.package_identification:_identify(autoware_msgs/autoware_perception_msgs) by extensions ['ignore', 'ignore_ament_install']
[0.200s] Level 1:colcon.colcon_core.package_identification:_identify(autoware_msgs/autoware_perception_msgs) by extension 'ignore'
[0.200s] Level 1:colcon.colcon_core.package_identification:_identify(autoware_msgs/autoware_perception_msgs) by extension 'ignore_ament_install'
[0.200s] Level 1:colcon.colcon_core.package_identification:_identify(autoware_msgs/autoware_perception_msgs) by extensions ['colcon_pkg']
[0.200s] Level 1:colcon.colcon_core.package_identification:_identify(autoware_msgs/autoware_perception_msgs) by extension 'colcon_pkg'
[0.200s] Level 1:colcon.colcon_core.package_identification:_identify(autoware_msgs/autoware_perception_msgs) by extensions ['colcon_meta']
[0.200s] Level 1:colcon.colcon_core.package_identification:_identify(autoware_msgs/autoware_perception_msgs) by extension 'colcon_meta'
[0.200s] Level 1:colcon.colcon_core.package_identification:_identify(autoware_msgs/autoware_perception_msgs) by extensions ['ros']
[0.200s] Level 1:colcon.colcon_core.package_identification:_identify(autoware_msgs/autoware_perception_msgs) by extension 'ros'
[0.201s] DEBUG:colcon.colcon_core.package_identification:Package 'autoware_msgs/autoware_perception_msgs' with type 'ros.ament_cmake' and name 'autoware_perception_msgs'
[0.201s] Level 1:colcon.colcon_core.package_identification:_identify(autoware_msgs/autoware_planning_msgs) by extensions ['ignore', 'ignore_ament_install']
[0.201s] Level 1:colcon.colcon_core.package_identification:_identify(autoware_msgs/autoware_planning_msgs) by extension 'ignore'
[0.201s] Level 1:colcon.colcon_core.package_identification:_identify(autoware_msgs/autoware_planning_msgs) by extension 'ignore_ament_install'
[0.201s] Level 1:colcon.colcon_core.package_identification:_identify(autoware_msgs/autoware_planning_msgs) by extensions ['colcon_pkg']
[0.201s] Level 1:colcon.colcon_core.package_identification:_identify(autoware_msgs/autoware_planning_msgs) by extension 'colcon_pkg'
[0.201s] Level 1:colcon.colcon_core.package_identification:_identify(autoware_msgs/autoware_planning_msgs) by extensions ['colcon_meta']
[0.201s] Level 1:colcon.colcon_core.package_identification:_identify(autoware_msgs/autoware_planning_msgs) by extension 'colcon_meta'
[0.201s] Level 1:colcon.colcon_core.package_identification:_identify(autoware_msgs/autoware_planning_msgs) by extensions ['ros']
[0.201s] Level 1:colcon.colcon_core.package_identification:_identify(autoware_msgs/autoware_planning_msgs) by extension 'ros'
[0.201s] DEBUG:colcon.colcon_core.package_identification:Package 'autoware_msgs/autoware_planning_msgs' with type 'ros.ament_cmake' and name 'autoware_planning_msgs'
[0.201s] Level 1:colcon.colcon_core.package_identification:_identify(autoware_msgs/autoware_sensing_msgs) by extensions ['ignore', 'ignore_ament_install']
[0.201s] Level 1:colcon.colcon_core.package_identification:_identify(autoware_msgs/autoware_sensing_msgs) by extension 'ignore'
[0.201s] Level 1:colcon.colcon_core.package_identification:_identify(autoware_msgs/autoware_sensing_msgs) by extension 'ignore_ament_install'
[0.201s] Level 1:colcon.colcon_core.package_identification:_identify(autoware_msgs/autoware_sensing_msgs) by extensions ['colcon_pkg']
[0.201s] Level 1:colcon.colcon_core.package_identification:_identify(autoware_msgs/autoware_sensing_msgs) by extension 'colcon_pkg'
[0.201s] Level 1:colcon.colcon_core.package_identification:_identify(autoware_msgs/autoware_sensing_msgs) by extensions ['colcon_meta']
[0.201s] Level 1:colcon.colcon_core.package_identification:_identify(autoware_msgs/autoware_sensing_msgs) by extension 'colcon_meta'
[0.201s] Level 1:colcon.colcon_core.package_identification:_identify(autoware_msgs/autoware_sensing_msgs) by extensions ['ros']
[0.201s] Level 1:colcon.colcon_core.package_identification:_identify(autoware_msgs/autoware_sensing_msgs) by extension 'ros'
[0.202s] DEBUG:colcon.colcon_core.package_identification:Package 'autoware_msgs/autoware_sensing_msgs' with type 'ros.ament_cmake' and name 'autoware_sensing_msgs'
[0.202s] Level 1:colcon.colcon_core.package_identification:_identify(autoware_msgs/autoware_system_msgs) by extensions ['ignore', 'ignore_ament_install']
[0.202s] Level 1:colcon.colcon_core.package_identification:_identify(autoware_msgs/autoware_system_msgs) by extension 'ignore'
[0.202s] Level 1:colcon.colcon_core.package_identification:_identify(autoware_msgs/autoware_system_msgs) by extension 'ignore_ament_install'
[0.202s] Level 1:colcon.colcon_core.package_identification:_identify(autoware_msgs/autoware_system_msgs) by extensions ['colcon_pkg']
[0.202s] Level 1:colcon.colcon_core.package_identification:_identify(autoware_msgs/autoware_system_msgs) by extension 'colcon_pkg'
[0.202s] Level 1:colcon.colcon_core.package_identification:_identify(autoware_msgs/autoware_system_msgs) by extensions ['colcon_meta']
[0.202s] Level 1:colcon.colcon_core.package_identification:_identify(autoware_msgs/autoware_system_msgs) by extension 'colcon_meta'
[0.202s] Level 1:colcon.colcon_core.package_identification:_identify(autoware_msgs/autoware_system_msgs) by extensions ['ros']
[0.202s] Level 1:colcon.colcon_core.package_identification:_identify(autoware_msgs/autoware_system_msgs) by extension 'ros'
[0.203s] DEBUG:colcon.colcon_core.package_identification:Package 'autoware_msgs/autoware_system_msgs' with type 'ros.ament_cmake' and name 'autoware_system_msgs'
[0.203s] Level 1:colcon.colcon_core.package_identification:_identify(autoware_msgs/autoware_v2x_msgs) by extensions ['ignore', 'ignore_ament_install']
[0.203s] Level 1:colcon.colcon_core.package_identification:_identify(autoware_msgs/autoware_v2x_msgs) by extension 'ignore'
[0.203s] Level 1:colcon.colcon_core.package_identification:_identify(autoware_msgs/autoware_v2x_msgs) by extension 'ignore_ament_install'
[0.203s] Level 1:colcon.colcon_core.package_identification:_identify(autoware_msgs/autoware_v2x_msgs) by extensions ['colcon_pkg']
[0.203s] Level 1:colcon.colcon_core.package_identification:_identify(autoware_msgs/autoware_v2x_msgs) by extension 'colcon_pkg'
[0.203s] Level 1:colcon.colcon_core.package_identification:_identify(autoware_msgs/autoware_v2x_msgs) by extensions ['colcon_meta']
[0.203s] Level 1:colcon.colcon_core.package_identification:_identify(autoware_msgs/autoware_v2x_msgs) by extension 'colcon_meta'
[0.203s] Level 1:colcon.colcon_core.package_identification:_identify(autoware_msgs/autoware_v2x_msgs) by extensions ['ros']
[0.203s] Level 1:colcon.colcon_core.package_identification:_identify(autoware_msgs/autoware_v2x_msgs) by extension 'ros'
[0.203s] DEBUG:colcon.colcon_core.package_identification:Package 'autoware_msgs/autoware_v2x_msgs' with type 'ros.ament_cmake' and name 'autoware_v2x_msgs'
[0.203s] Level 1:colcon.colcon_core.package_identification:_identify(autoware_msgs/autoware_vehicle_msgs) by extensions ['ignore', 'ignore_ament_install']
[0.203s] Level 1:colcon.colcon_core.package_identification:_identify(autoware_msgs/autoware_vehicle_msgs) by extension 'ignore'
[0.203s] Level 1:colcon.colcon_core.package_identification:_identify(autoware_msgs/autoware_vehicle_msgs) by extension 'ignore_ament_install'
[0.203s] Level 1:colcon.colcon_core.package_identification:_identify(autoware_msgs/autoware_vehicle_msgs) by extensions ['colcon_pkg']
[0.203s] Level 1:colcon.colcon_core.package_identification:_identify(autoware_msgs/autoware_vehicle_msgs) by extension 'colcon_pkg'
[0.203s] Level 1:colcon.colcon_core.package_identification:_identify(autoware_msgs/autoware_vehicle_msgs) by extensions ['colcon_meta']
[0.203s] Level 1:colcon.colcon_core.package_identification:_identify(autoware_msgs/autoware_vehicle_msgs) by extension 'colcon_meta'
[0.203s] Level 1:colcon.colcon_core.package_identification:_identify(autoware_msgs/autoware_vehicle_msgs) by extensions ['ros']
[0.203s] Level 1:colcon.colcon_core.package_identification:_identify(autoware_msgs/autoware_vehicle_msgs) by extension 'ros'
[0.204s] DEBUG:colcon.colcon_core.package_identification:Package 'autoware_msgs/autoware_vehicle_msgs' with type 'ros.ament_cmake' and name 'autoware_vehicle_msgs'
[0.204s] Level 1:colcon.colcon_core.package_identification:_identify(autoware_msgs/build) by extensions ['ignore', 'ignore_ament_install']
[0.204s] Level 1:colcon.colcon_core.package_identification:_identify(autoware_msgs/build) by extension 'ignore'
[0.204s] Level 1:colcon.colcon_core.package_identification:_identify(autoware_msgs/build) ignored
[0.204s] Level 1:colcon.colcon_core.package_identification:_identify(autoware_msgs/install) by extensions ['ignore', 'ignore_ament_install']
[0.204s] Level 1:colcon.colcon_core.package_identification:_identify(autoware_msgs/install) by extension 'ignore'
[0.204s] Level 1:colcon.colcon_core.package_identification:_identify(autoware_msgs/install) ignored
[0.204s] Level 1:colcon.colcon_core.package_identification:_identify(autoware_msgs/log) by extensions ['ignore', 'ignore_ament_install']
[0.204s] Level 1:colcon.colcon_core.package_identification:_identify(autoware_msgs/log) by extension 'ignore'
[0.204s] Level 1:colcon.colcon_core.package_identification:_identify(autoware_msgs/log) ignored
[0.204s] Level 1:colcon.colcon_core.package_identification:_identify(build) by extensions ['ignore', 'ignore_ament_install']
[0.204s] Level 1:colcon.colcon_core.package_identification:_identify(build) by extension 'ignore'
[0.204s] Level 1:colcon.colcon_core.package_identification:_identify(build) ignored
[0.204s] Level 1:colcon.colcon_core.package_identification:_identify(dream) by extensions ['ignore', 'ignore_ament_install']
[0.204s] Level 1:colcon.colcon_core.package_identification:_identify(dream) by extension 'ignore'
[0.204s] Level 1:colcon.colcon_core.package_identification:_identify(dream) by extension 'ignore_ament_install'
[0.204s] Level 1:colcon.colcon_core.package_identification:_identify(dream) by extensions ['colcon_pkg']
[0.204s] Level 1:colcon.colcon_core.package_identification:_identify(dream) by extension 'colcon_pkg'
[0.204s] Level 1:colcon.colcon_core.package_identification:_identify(dream) by extensions ['colcon_meta']
[0.204s] Level 1:colcon.colcon_core.package_identification:_identify(dream) by extension 'colcon_meta'
[0.204s] Level 1:colcon.colcon_core.package_identification:_identify(dream) by extensions ['ros']
[0.204s] Level 1:colcon.colcon_core.package_identification:_identify(dream) by extension 'ros'
[0.205s] DEBUG:colcon.colcon_core.package_identification:Package 'dream' with type 'ros.ament_python' and name 'dream'
[0.205s] Level 1:colcon.colcon_core.package_identification:_identify(install) by extensions ['ignore', 'ignore_ament_install']
[0.205s] Level 1:colcon.colcon_core.package_identification:_identify(install) by extension 'ignore'
[0.205s] Level 1:colcon.colcon_core.package_identification:_identify(install) ignored
[0.205s] Level 1:colcon.colcon_core.package_identification:_identify(log) by extensions ['ignore', 'ignore_ament_install']
[0.205s] Level 1:colcon.colcon_core.package_identification:_identify(log) by extension 'ignore'
[0.205s] Level 1:colcon.colcon_core.package_identification:_identify(log) ignored
[0.205s] Level 1:colcon.colcon_core.package_discovery:discover_packages(recursive) using defaults
[0.205s] Level 1:colcon.colcon_core.package_discovery:discover_packages(ignore) discover
[0.205s] Level 1:colcon.colcon_core.package_discovery:discover_packages(ignore) using defaults
[0.205s] Level 1:colcon.colcon_core.package_discovery:discover_packages(path) discover
[0.205s] Level 1:colcon.colcon_core.package_discovery:discover_packages(path) using defaults
[0.218s] INFO:colcon.colcon_core.package_selection:Skipping not selected package 'autoware_common_msgs' in 'autoware_msgs/autoware_common_msgs'
[0.218s] INFO:colcon.colcon_core.package_selection:Skipping not selected package 'autoware_control_msgs' in 'autoware_msgs/autoware_control_msgs'
[0.218s] INFO:colcon.colcon_core.package_selection:Skipping not selected package 'autoware_localization_msgs' in 'autoware_msgs/autoware_localization_msgs'
[0.219s] INFO:colcon.colcon_core.package_selection:Skipping not selected package 'autoware_map_msgs' in 'autoware_msgs/autoware_map_msgs'
[0.219s] INFO:colcon.colcon_core.package_selection:Skipping not selected package 'autoware_perception_msgs' in 'autoware_msgs/autoware_perception_msgs'
[0.219s] INFO:colcon.colcon_core.package_selection:Skipping not selected package 'autoware_planning_msgs' in 'autoware_msgs/autoware_planning_msgs'
[0.219s] INFO:colcon.colcon_core.package_selection:Skipping not selected package 'autoware_sensing_msgs' in 'autoware_msgs/autoware_sensing_msgs'
[0.219s] INFO:colcon.colcon_core.package_selection:Skipping not selected package 'autoware_system_msgs' in 'autoware_msgs/autoware_system_msgs'
[0.219s] INFO:colcon.colcon_core.package_selection:Skipping not selected package 'autoware_v2x_msgs' in 'autoware_msgs/autoware_v2x_msgs'
[0.219s] INFO:colcon.colcon_core.package_selection:Skipping not selected package 'autoware_vehicle_msgs' in 'autoware_msgs/autoware_vehicle_msgs'
[0.219s] INFO:colcon.colcon_core.package_selection:Skipping not selected package 'autoware_msgs' in 'autoware_msgs/autoware_msgs'
[0.219s] Level 1:colcon.colcon_core.package_discovery:discover_packages(prefix_path) check parameters
[0.219s] Level 1:colcon.colcon_core.package_discovery:discover_packages(prefix_path) discover
[0.221s] DEBUG:colcon.colcon_installed_package_information.package_discovery:Found 11 installed packages in /home/jmj/dream_ws/autoware_msgs/install
[0.221s] DEBUG:colcon.colcon_installed_package_information.package_discovery:Found 1 installed packages in /home/jmj/dream_ws/install
[0.222s] DEBUG:colcon.colcon_installed_package_information.package_discovery:Found 367 installed packages in /opt/ros/humble
[0.222s] Level 1:colcon.colcon_core.package_discovery:discover_packages(prefix_path) using defaults
[0.244s] Level 5:colcon.colcon_core.verb:set package 'dream' build argument 'cmake_args' from command line to 'None'
[0.244s] Level 5:colcon.colcon_core.verb:set package 'dream' build argument 'cmake_target' from command line to 'None'
[0.244s] Level 5:colcon.colcon_core.verb:set package 'dream' build argument 'cmake_target_skip_unavailable' from command line to 'False'
[0.244s] Level 5:colcon.colcon_core.verb:set package 'dream' build argument 'cmake_clean_cache' from command line to 'False'
[0.244s] Level 5:colcon.colcon_core.verb:set package 'dream' build argument 'cmake_clean_first' from command line to 'False'
[0.244s] Level 5:colcon.colcon_core.verb:set package 'dream' build argument 'cmake_force_configure' from command line to 'False'
[0.244s] Level 5:colcon.colcon_core.verb:set package 'dream' build argument 'ament_cmake_args' from command line to 'None'
[0.244s] Level 5:colcon.colcon_core.verb:set package 'dream' build argument 'catkin_cmake_args' from command line to 'None'
[0.244s] Level 5:colcon.colcon_core.verb:set package 'dream' build argument 'catkin_skip_building_tests' from command line to 'False'
[0.244s] DEBUG:colcon.colcon_core.verb:Building package 'dream' with the following arguments: {'ament_cmake_args': None, 'build_base': '/home/jmj/dream_ws/build/dream', 'catkin_cmake_args': None, 'catkin_skip_building_tests': False, 'cmake_args': None, 'cmake_clean_cache': False, 'cmake_clean_first': False, 'cmake_force_configure': False, 'cmake_target': None, 'cmake_target_skip_unavailable': False, 'install_base': '/home/jmj/dream_ws/install/dream', 'merge_install': False, 'path': '/home/jmj/dream_ws/dream', 'symlink_install': False, 'test_result_base': None}
[0.244s] INFO:colcon.colcon_core.executor:Executing jobs using 'parallel' executor
[0.245s] DEBUG:colcon.colcon_parallel_executor.executor.parallel:run_until_complete
[0.245s] INFO:colcon.colcon_ros.task.ament_python.build:Building ROS package in '/home/jmj/dream_ws/dream' with build type 'ament_python'
[0.245s] Level 1:colcon.colcon_core.shell:create_environment_hook('dream', 'ament_prefix_path')
[0.247s] INFO:colcon.colcon_core.plugin_system:Skipping extension 'colcon_core.shell.bat': Not used on non-Windows systems
[0.247s] INFO:colcon.colcon_core.shell:Creating environment hook '/home/jmj/dream_ws/install/dream/share/dream/hook/ament_prefix_path.ps1'
[0.248s] INFO:colcon.colcon_core.shell:Creating environment descriptor '/home/jmj/dream_ws/install/dream/share/dream/hook/ament_prefix_path.dsv'
[0.248s] INFO:colcon.colcon_core.shell:Creating environment hook '/home/jmj/dream_ws/install/dream/share/dream/hook/ament_prefix_path.sh'
[0.248s] INFO:colcon.colcon_core.shell:Skip shell extension 'powershell' for command environment: Not usable outside of PowerShell
[0.248s] DEBUG:colcon.colcon_core.shell:Skip shell extension 'dsv' for command environment
[0.250s] WARNING:colcon.colcon_core.shell:The following packages are in the workspace but haven't been built:
- autoware_control_msgs
They are being used from the following locations instead:
- /home/jmj/dream_ws/autoware_msgs/install/autoware_control_msgs
To suppress this warning ignore these packages in the workspace:
--packages-ignore autoware_control_msgs
[0.416s] INFO:colcon.colcon_core.task.python.build:Building Python package in '/home/jmj/dream_ws/dream'
[0.416s] INFO:colcon.colcon_core.shell:Skip shell extension 'powershell' for command environment: Not usable outside of PowerShell
[0.416s] DEBUG:colcon.colcon_core.shell:Skip shell extension 'dsv' for command environment
[0.673s] DEBUG:colcon.colcon_core.event_handler.log_command:Invoking command in '/home/jmj/dream_ws/dream': PYTHONPATH=/home/jmj/dream_ws/build/dream/prefix_override:/usr/lib/python3/dist-packages/colcon_core/task/python/colcon_distutils_commands:/home/jmj/dream_ws/install/dream/lib/python3.10/site-packages:${PYTHONPATH} /usr/bin/python3 -W ignore:setup.py install is deprecated -W ignore:easy_install command is deprecated setup.py egg_info --egg-base ../build/dream build --build-base /home/jmj/dream_ws/build/dream/build install --record /home/jmj/dream_ws/build/dream/install.log --single-version-externally-managed install_data
[0.853s] DEBUG:colcon.colcon_core.event_handler.log_command:Invoked command in '/home/jmj/dream_ws/dream' returned '0': PYTHONPATH=/home/jmj/dream_ws/build/dream/prefix_override:/usr/lib/python3/dist-packages/colcon_core/task/python/colcon_distutils_commands:/home/jmj/dream_ws/install/dream/lib/python3.10/site-packages:${PYTHONPATH} /usr/bin/python3 -W ignore:setup.py install is deprecated -W ignore:easy_install command is deprecated setup.py egg_info --egg-base ../build/dream build --build-base /home/jmj/dream_ws/build/dream/build install --record /home/jmj/dream_ws/build/dream/install.log --single-version-externally-managed install_data
[0.854s] Level 1:colcon.colcon_core.environment:checking '/home/jmj/dream_ws/install/dream' for CMake module files
[0.855s] Level 1:colcon.colcon_core.environment:checking '/home/jmj/dream_ws/install/dream' for CMake config files
[0.855s] Level 1:colcon.colcon_core.environment:checking '/home/jmj/dream_ws/install/dream/lib'
[0.855s] Level 1:colcon.colcon_core.environment:checking '/home/jmj/dream_ws/install/dream/bin'
[0.855s] Level 1:colcon.colcon_core.environment:checking '/home/jmj/dream_ws/install/dream/lib/pkgconfig/dream.pc'
[0.855s] Level 1:colcon.colcon_core.environment:checking '/home/jmj/dream_ws/install/dream/lib/python3.10/site-packages'
[0.855s] Level 1:colcon.colcon_core.shell:create_environment_hook('dream', 'pythonpath')
[0.855s] INFO:colcon.colcon_core.shell:Creating environment hook '/home/jmj/dream_ws/install/dream/share/dream/hook/pythonpath.ps1'
[0.856s] INFO:colcon.colcon_core.shell:Creating environment descriptor '/home/jmj/dream_ws/install/dream/share/dream/hook/pythonpath.dsv'
[0.856s] INFO:colcon.colcon_core.shell:Creating environment hook '/home/jmj/dream_ws/install/dream/share/dream/hook/pythonpath.sh'
[0.856s] Level 1:colcon.colcon_core.environment:checking '/home/jmj/dream_ws/install/dream/bin'
[0.856s] Level 1:colcon.colcon_core.environment:create_environment_scripts_only(dream)
[0.856s] INFO:colcon.colcon_core.shell:Creating package script '/home/jmj/dream_ws/install/dream/share/dream/package.ps1'
[0.857s] INFO:colcon.colcon_core.shell:Creating package descriptor '/home/jmj/dream_ws/install/dream/share/dream/package.dsv'
[0.857s] INFO:colcon.colcon_core.shell:Creating package script '/home/jmj/dream_ws/install/dream/share/dream/package.sh'
[0.857s] INFO:colcon.colcon_core.shell:Creating package script '/home/jmj/dream_ws/install/dream/share/dream/package.bash'
[0.858s] INFO:colcon.colcon_core.shell:Creating package script '/home/jmj/dream_ws/install/dream/share/dream/package.zsh'
[0.858s] Level 1:colcon.colcon_core.environment:create_file_with_runtime_dependencies(/home/jmj/dream_ws/install/dream/share/colcon-core/packages/dream)
[0.858s] DEBUG:colcon.colcon_parallel_executor.executor.parallel:closing loop
[0.858s] DEBUG:colcon.colcon_parallel_executor.executor.parallel:loop closed
[0.858s] DEBUG:colcon.colcon_parallel_executor.executor.parallel:run_until_complete finished with '0'
[0.858s] DEBUG:colcon.colcon_core.event_reactor:joining thread
[0.863s] INFO:colcon.colcon_core.plugin_system:Skipping extension 'colcon_notification.desktop_notification.terminal_notifier': Not used on non-Darwin systems
[0.863s] INFO:colcon.colcon_core.plugin_system:Skipping extension 'colcon_notification.desktop_notification.win32': Not used on non-Windows systems
[0.863s] INFO:colcon.colcon_notification.desktop_notification:Sending desktop notification using 'notify2'
[0.870s] DEBUG:colcon.colcon_core.event_reactor:joined thread
[0.870s] INFO:colcon.colcon_core.shell:Creating prefix script '/home/jmj/dream_ws/install/local_setup.ps1'
[0.870s] INFO:colcon.colcon_core.shell:Creating prefix util module '/home/jmj/dream_ws/install/_local_setup_util_ps1.py'
[0.871s] INFO:colcon.colcon_core.shell:Creating prefix chain script '/home/jmj/dream_ws/install/setup.ps1'
[0.872s] INFO:colcon.colcon_core.shell:Creating prefix script '/home/jmj/dream_ws/install/local_setup.sh'
[0.872s] INFO:colcon.colcon_core.shell:Creating prefix util module '/home/jmj/dream_ws/install/_local_setup_util_sh.py'
[0.872s] INFO:colcon.colcon_core.shell:Creating prefix chain script '/home/jmj/dream_ws/install/setup.sh'
[0.873s] INFO:colcon.colcon_core.shell:Creating prefix script '/home/jmj/dream_ws/install/local_setup.bash'
[0.873s] INFO:colcon.colcon_core.shell:Creating prefix chain script '/home/jmj/dream_ws/install/setup.bash'
[0.874s] INFO:colcon.colcon_core.shell:Creating prefix script '/home/jmj/dream_ws/install/local_setup.zsh'
[0.874s] INFO:colcon.colcon_core.shell:Creating prefix chain script '/home/jmj/dream_ws/install/setup.zsh'
