[0.024s] Invoking command in '/home/jmj/dream_ws/build/autoware_vehicle_msgs': AMENT_PREFIX_PATH=/home/jmj/dream_ws/install/autoware_planning_msgs:${AMENT_PREFIX_PATH} CMAKE_PREFIX_PATH=/home/jmj/dream_ws/install/autoware_planning_msgs:/home/jmj/aw_data_ws/install/autoware_msgs:/home/jmj/aw_data_ws/install/autoware_vehicle_msgs:/home/jmj/aw_data_ws/install/autoware_v2x_msgs:/home/jmj/aw_data_ws/install/autoware_system_msgs:/home/jmj/aw_data_ws/install/autoware_sensing_msgs:/home/jmj/aw_data_ws/install/autoware_planning_msgs:/home/jmj/aw_data_ws/install/autoware_perception_msgs:/home/jmj/aw_data_ws/install/autoware_map_msgs:/home/jmj/aw_data_ws/install/autoware_localization_msgs:/home/jmj/aw_data_ws/install/autoware_control_msgs:/home/jmj/aw_data_ws/install/autoware_common_msgs:/home/jmj/dream_ws/install/dream:/opt/ros/humble LD_LIBRARY_PATH=/home/jmj/dream_ws/install/autoware_planning_msgs/lib:${LD_LIBRARY_PATH} PYTHONPATH=/home/jmj/dream_ws/install/autoware_planning_msgs/local/lib/python3.10/dist-packages:${PYTHONPATH} /usr/bin/cmake /home/jmj/dream_ws/autoware_msgs/autoware_vehicle_msgs -DCMAKE_INSTALL_PREFIX=/home/jmj/dream_ws/install/autoware_vehicle_msgs
[0.139s] -- The C compiler identification is GNU 11.4.0
[0.207s] -- The CXX compiler identification is GNU 11.4.0
[0.231s] -- Detecting C compiler ABI info
[0.339s] -- Detecting C compiler ABI info - done
[0.350s] -- Check for working C compiler: /usr/lib/ccache/gcc - skipped
[0.351s] -- Detecting C compile features
[0.351s] -- Detecting C compile features - done
[0.356s] -- Detecting CXX compiler ABI info
[0.492s] -- Detecting CXX compiler ABI info - done
[0.504s] -- Check for working CXX compiler: /usr/lib/ccache/g++ - skipped
[0.504s] -- Detecting CXX compile features
[0.505s] -- Detecting CXX compile features - done
[0.510s] -- Found ament_cmake_auto: 1.3.11 (/opt/ros/humble/share/ament_cmake_auto/cmake)
[0.805s] -- Found Python3: /usr/bin/python3 (found version "3.10.12") found components: Interpreter 
[0.971s] -- Found rosidl_generator_c: 3.1.6 (/opt/ros/humble/share/rosidl_generator_c/cmake)
[0.973s] -- Found rosidl_adapter: 3.1.6 (/opt/ros/humble/share/rosidl_adapter/cmake)
[0.978s] -- Found rosidl_generator_cpp: 3.1.6 (/opt/ros/humble/share/rosidl_generator_cpp/cmake)
[0.985s] -- Using all available rosidl_typesupport_c: rosidl_typesupport_fastrtps_c;rosidl_typesupport_introspection_c
[0.994s] -- Using all available rosidl_typesupport_cpp: rosidl_typesupport_fastrtps_cpp;rosidl_typesupport_introspection_cpp
[1.205s] -- Found ament_cmake_cppcheck: 0.12.12 (/opt/ros/humble/share/ament_cmake_cppcheck/cmake)
[1.206s] -- Found ament_cmake_cpplint: 0.12.12 (/opt/ros/humble/share/ament_cmake_cpplint/cmake)
[1.207s] -- Found ament_cmake_uncrustify: 0.12.12 (/opt/ros/humble/share/ament_cmake_uncrustify/cmake)
[1.208s] -- Found ament_cmake_ros: 0.10.0 (/opt/ros/humble/share/ament_cmake_ros/cmake)
[1.473s] -- Using all available rosidl_typesupport_c: rosidl_typesupport_fastrtps_c;rosidl_typesupport_introspection_c
[1.578s] -- Using all available rosidl_typesupport_cpp: rosidl_typesupport_fastrtps_cpp;rosidl_typesupport_introspection_cpp
[1.592s] -- Found PythonInterp: /usr/bin/python3 (found suitable version "3.10.12", minimum required is "3.6") 
[1.593s] -- Found python_cmake_module: 0.10.0 (/opt/ros/humble/share/python_cmake_module/cmake)
[1.609s] -- Found PythonLibs: /usr/lib/x86_64-linux-gnu/libpython3.10.so (found suitable version "3.10.12", minimum required is "3.5") 
[1.609s] -- Using PYTHON_EXECUTABLE: /usr/bin/python3
[1.609s] -- Using PYTHON_INCLUDE_DIRS: /usr/include/python3.10
[1.609s] -- Using PYTHON_LIBRARIES: /usr/lib/x86_64-linux-gnu/libpython3.10.so
[1.622s] -- Found PythonExtra: .so  
[1.672s] -- Found ament_cmake_flake8: 0.12.12 (/opt/ros/humble/share/ament_cmake_flake8/cmake)
[1.675s] -- Found ament_cmake_pep257: 0.12.12 (/opt/ros/humble/share/ament_cmake_pep257/cmake)
[1.680s] -- Found ament_lint_auto: 0.12.12 (/opt/ros/humble/share/ament_lint_auto/cmake)
[1.690s] -- Added test 'copyright' to check source files copyright and LICENSE
[1.691s] -- Added test 'lint_cmake' to check CMake code style
[1.691s] -- Added test 'xmllint' to check XML markup files
[1.692s] -- Configuring done
[1.724s] -- Generating done
[1.735s] -- Build files have been written to: /home/jmj/dream_ws/build/autoware_vehicle_msgs
[1.748s] Invoked command in '/home/jmj/dream_ws/build/autoware_vehicle_msgs' returned '0': AMENT_PREFIX_PATH=/home/jmj/dream_ws/install/autoware_planning_msgs:${AMENT_PREFIX_PATH} CMAKE_PREFIX_PATH=/home/jmj/dream_ws/install/autoware_planning_msgs:/home/jmj/aw_data_ws/install/autoware_msgs:/home/jmj/aw_data_ws/install/autoware_vehicle_msgs:/home/jmj/aw_data_ws/install/autoware_v2x_msgs:/home/jmj/aw_data_ws/install/autoware_system_msgs:/home/jmj/aw_data_ws/install/autoware_sensing_msgs:/home/jmj/aw_data_ws/install/autoware_planning_msgs:/home/jmj/aw_data_ws/install/autoware_perception_msgs:/home/jmj/aw_data_ws/install/autoware_map_msgs:/home/jmj/aw_data_ws/install/autoware_localization_msgs:/home/jmj/aw_data_ws/install/autoware_control_msgs:/home/jmj/aw_data_ws/install/autoware_common_msgs:/home/jmj/dream_ws/install/dream:/opt/ros/humble LD_LIBRARY_PATH=/home/jmj/dream_ws/install/autoware_planning_msgs/lib:${LD_LIBRARY_PATH} PYTHONPATH=/home/jmj/dream_ws/install/autoware_planning_msgs/local/lib/python3.10/dist-packages:${PYTHONPATH} /usr/bin/cmake /home/jmj/dream_ws/autoware_msgs/autoware_vehicle_msgs -DCMAKE_INSTALL_PREFIX=/home/jmj/dream_ws/install/autoware_vehicle_msgs
[1.748s] Invoking command in '/home/jmj/dream_ws/build/autoware_vehicle_msgs': AMENT_PREFIX_PATH=/home/jmj/dream_ws/install/autoware_planning_msgs:${AMENT_PREFIX_PATH} CMAKE_PREFIX_PATH=/home/jmj/dream_ws/install/autoware_planning_msgs:/home/jmj/aw_data_ws/install/autoware_msgs:/home/jmj/aw_data_ws/install/autoware_vehicle_msgs:/home/jmj/aw_data_ws/install/autoware_v2x_msgs:/home/jmj/aw_data_ws/install/autoware_system_msgs:/home/jmj/aw_data_ws/install/autoware_sensing_msgs:/home/jmj/aw_data_ws/install/autoware_planning_msgs:/home/jmj/aw_data_ws/install/autoware_perception_msgs:/home/jmj/aw_data_ws/install/autoware_map_msgs:/home/jmj/aw_data_ws/install/autoware_localization_msgs:/home/jmj/aw_data_ws/install/autoware_control_msgs:/home/jmj/aw_data_ws/install/autoware_common_msgs:/home/jmj/dream_ws/install/dream:/opt/ros/humble LD_LIBRARY_PATH=/home/jmj/dream_ws/install/autoware_planning_msgs/lib:${LD_LIBRARY_PATH} PYTHONPATH=/home/jmj/dream_ws/install/autoware_planning_msgs/local/lib/python3.10/dist-packages:${PYTHONPATH} /usr/bin/cmake --build /home/jmj/dream_ws/build/autoware_vehicle_msgs -- -j20 -l20
[1.785s] [  1%] [34m[1mGenerating C code for ROS interfaces[0m
[1.795s] [  1%] [34m[1mGenerating C++ code for ROS interfaces[0m
[1.801s] [  1%] Built target ament_cmake_python_copy_autoware_vehicle_msgs
[1.958s] running egg_info
[1.959s] creating autoware_vehicle_msgs.egg-info
[1.959s] writing autoware_vehicle_msgs.egg-info/PKG-INFO
[1.959s] writing dependency_links to autoware_vehicle_msgs.egg-info/dependency_links.txt
[1.959s] writing top-level names to autoware_vehicle_msgs.egg-info/top_level.txt
[1.960s] writing manifest file 'autoware_vehicle_msgs.egg-info/SOURCES.txt'
[1.961s] reading manifest file 'autoware_vehicle_msgs.egg-info/SOURCES.txt'
[1.961s] writing manifest file 'autoware_vehicle_msgs.egg-info/SOURCES.txt'
[1.978s] [  1%] Built target ament_cmake_python_build_autoware_vehicle_msgs_egg
[2.337s] [  2%] [32mBuilding C object CMakeFiles/autoware_vehicle_msgs__rosidl_generator_c.dir/rosidl_generator_c/autoware_vehicle_msgs/msg/detail/control_mode_report__functions.c.o[0m
[2.337s] [  3%] [32mBuilding C object CMakeFiles/autoware_vehicle_msgs__rosidl_generator_c.dir/rosidl_generator_c/autoware_vehicle_msgs/msg/detail/engage__functions.c.o[0m
[2.337s] [  4%] [32mBuilding C object CMakeFiles/autoware_vehicle_msgs__rosidl_generator_c.dir/rosidl_generator_c/autoware_vehicle_msgs/msg/detail/gear_command__functions.c.o[0m
[2.337s] [  5%] [32mBuilding C object CMakeFiles/autoware_vehicle_msgs__rosidl_generator_c.dir/rosidl_generator_c/autoware_vehicle_msgs/msg/detail/gear_report__functions.c.o[0m
[2.337s] [  6%] [32mBuilding C object CMakeFiles/autoware_vehicle_msgs__rosidl_generator_c.dir/rosidl_generator_c/autoware_vehicle_msgs/msg/detail/hazard_lights_command__functions.c.o[0m
[2.338s] [  7%] [32mBuilding C object CMakeFiles/autoware_vehicle_msgs__rosidl_generator_c.dir/rosidl_generator_c/autoware_vehicle_msgs/msg/detail/steering_report__functions.c.o[0m
[2.338s] [  8%] [32mBuilding C object CMakeFiles/autoware_vehicle_msgs__rosidl_generator_c.dir/rosidl_generator_c/autoware_vehicle_msgs/msg/detail/hazard_lights_report__functions.c.o[0m
[2.338s] [  8%] [32mBuilding C object CMakeFiles/autoware_vehicle_msgs__rosidl_generator_c.dir/rosidl_generator_c/autoware_vehicle_msgs/msg/detail/turn_indicators_command__functions.c.o[0m
[2.339s] [  9%] [32mBuilding C object CMakeFiles/autoware_vehicle_msgs__rosidl_generator_c.dir/rosidl_generator_c/autoware_vehicle_msgs/msg/detail/turn_indicators_report__functions.c.o[0m
[2.340s] [ 10%] [32mBuilding C object CMakeFiles/autoware_vehicle_msgs__rosidl_generator_c.dir/rosidl_generator_c/autoware_vehicle_msgs/msg/detail/velocity_report__functions.c.o[0m
[2.341s] [ 11%] [32mBuilding C object CMakeFiles/autoware_vehicle_msgs__rosidl_generator_c.dir/rosidl_generator_c/autoware_vehicle_msgs/srv/detail/control_mode_command__functions.c.o[0m
[2.346s] [ 11%] Built target autoware_vehicle_msgs__cpp
[2.353s] [ 11%] [34m[1mGenerating C++ type support for eProsima Fast-RTPS[0m
[2.354s] [ 12%] [34m[1mGenerating C++ introspection for ROS interfaces[0m
[2.354s] [ 13%] [34m[1mGenerating C++ type support dispatch for ROS interfaces[0m
[2.397s] [ 14%] [32m[1mLinking C shared library libautoware_vehicle_msgs__rosidl_generator_c.so[0m
[2.421s] [ 14%] Built target autoware_vehicle_msgs__rosidl_generator_c
[2.428s] [ 15%] [34m[1mGenerating C type support dispatch for ROS interfaces[0m
[2.431s] [ 17%] [34m[1mGenerating C type support for eProsima Fast-RTPS[0m
[2.431s] [ 17%] [34m[1mGenerating C introspection for ROS interfaces[0m
[2.856s] [ 19%] [32mBuilding CXX object CMakeFiles/autoware_vehicle_msgs__rosidl_typesupport_cpp.dir/rosidl_typesupport_cpp/autoware_vehicle_msgs/msg/control_mode_report__type_support.cpp.o[0m
[2.856s] [ 19%] [32mBuilding CXX object CMakeFiles/autoware_vehicle_msgs__rosidl_typesupport_cpp.dir/rosidl_typesupport_cpp/autoware_vehicle_msgs/msg/engage__type_support.cpp.o[0m
[2.856s] [ 20%] [32mBuilding CXX object CMakeFiles/autoware_vehicle_msgs__rosidl_typesupport_cpp.dir/rosidl_typesupport_cpp/autoware_vehicle_msgs/msg/gear_command__type_support.cpp.o[0m
[2.856s] [ 21%] [32mBuilding CXX object CMakeFiles/autoware_vehicle_msgs__rosidl_typesupport_cpp.dir/rosidl_typesupport_cpp/autoware_vehicle_msgs/msg/gear_report__type_support.cpp.o[0m
[2.856s] [ 22%] [32mBuilding CXX object CMakeFiles/autoware_vehicle_msgs__rosidl_typesupport_cpp.dir/rosidl_typesupport_cpp/autoware_vehicle_msgs/msg/hazard_lights_command__type_support.cpp.o[0m
[2.856s] [ 23%] [32mBuilding CXX object CMakeFiles/autoware_vehicle_msgs__rosidl_typesupport_cpp.dir/rosidl_typesupport_cpp/autoware_vehicle_msgs/msg/steering_report__type_support.cpp.o[0m
[2.857s] [ 23%] [32mBuilding CXX object CMakeFiles/autoware_vehicle_msgs__rosidl_typesupport_cpp.dir/rosidl_typesupport_cpp/autoware_vehicle_msgs/msg/turn_indicators_command__type_support.cpp.o[0m
[2.857s] [ 24%] [32mBuilding CXX object CMakeFiles/autoware_vehicle_msgs__rosidl_typesupport_cpp.dir/rosidl_typesupport_cpp/autoware_vehicle_msgs/msg/velocity_report__type_support.cpp.o[0m
[2.857s] [ 25%] [32mBuilding CXX object CMakeFiles/autoware_vehicle_msgs__rosidl_typesupport_cpp.dir/rosidl_typesupport_cpp/autoware_vehicle_msgs/msg/hazard_lights_report__type_support.cpp.o[0m
[2.858s] [ 26%] [32mBuilding CXX object CMakeFiles/autoware_vehicle_msgs__rosidl_typesupport_cpp.dir/rosidl_typesupport_cpp/autoware_vehicle_msgs/msg/turn_indicators_report__type_support.cpp.o[0m
[2.860s] [ 27%] [32mBuilding CXX object CMakeFiles/autoware_vehicle_msgs__rosidl_typesupport_cpp.dir/rosidl_typesupport_cpp/autoware_vehicle_msgs/srv/control_mode_command__type_support.cpp.o[0m
[2.943s] [ 28%] [32mBuilding CXX object CMakeFiles/autoware_vehicle_msgs__rosidl_typesupport_c.dir/rosidl_typesupport_c/autoware_vehicle_msgs/msg/gear_report__type_support.cpp.o[0m
[2.943s] [ 29%] [32mBuilding CXX object CMakeFiles/autoware_vehicle_msgs__rosidl_typesupport_c.dir/rosidl_typesupport_c/autoware_vehicle_msgs/msg/control_mode_report__type_support.cpp.o[0m
[2.943s] [ 29%] [32mBuilding CXX object CMakeFiles/autoware_vehicle_msgs__rosidl_typesupport_c.dir/rosidl_typesupport_c/autoware_vehicle_msgs/msg/gear_command__type_support.cpp.o[0m
[2.943s] [ 31%] [32mBuilding CXX object CMakeFiles/autoware_vehicle_msgs__rosidl_typesupport_introspection_cpp.dir/rosidl_typesupport_introspection_cpp/autoware_vehicle_msgs/msg/detail/control_mode_report__type_support.cpp.o[0m
[2.944s] [ 30%] [32mBuilding CXX object CMakeFiles/autoware_vehicle_msgs__rosidl_typesupport_c.dir/rosidl_typesupport_c/autoware_vehicle_msgs/msg/engage__type_support.cpp.o[0m
[2.947s] [ 32%] [32mBuilding CXX object CMakeFiles/autoware_vehicle_msgs__rosidl_typesupport_c.dir/rosidl_typesupport_c/autoware_vehicle_msgs/msg/hazard_lights_command__type_support.cpp.o[0m
[2.995s] [ 33%] [32mBuilding CXX object CMakeFiles/autoware_vehicle_msgs__rosidl_typesupport_c.dir/rosidl_typesupport_c/autoware_vehicle_msgs/msg/hazard_lights_report__type_support.cpp.o[0m
[2.995s] [ 33%] [32mBuilding CXX object CMakeFiles/autoware_vehicle_msgs__rosidl_typesupport_introspection_cpp.dir/rosidl_typesupport_introspection_cpp/autoware_vehicle_msgs/msg/detail/engage__type_support.cpp.o[0m
[3.004s] [ 34%] [32mBuilding CXX object CMakeFiles/autoware_vehicle_msgs__rosidl_typesupport_introspection_cpp.dir/rosidl_typesupport_introspection_cpp/autoware_vehicle_msgs/msg/detail/gear_report__type_support.cpp.o[0m
[3.005s] [ 35%] [32mBuilding CXX object CMakeFiles/autoware_vehicle_msgs__rosidl_typesupport_introspection_cpp.dir/rosidl_typesupport_introspection_cpp/autoware_vehicle_msgs/msg/detail/gear_command__type_support.cpp.o[0m
[3.017s] [ 36%] [32mBuilding CXX object CMakeFiles/autoware_vehicle_msgs__rosidl_typesupport_c.dir/rosidl_typesupport_c/autoware_vehicle_msgs/msg/steering_report__type_support.cpp.o[0m
[3.074s] [ 37%] [32mBuilding CXX object CMakeFiles/autoware_vehicle_msgs__rosidl_typesupport_introspection_cpp.dir/rosidl_typesupport_introspection_cpp/autoware_vehicle_msgs/msg/detail/hazard_lights_command__type_support.cpp.o[0m
[3.099s] [ 38%] [32mBuilding CXX object CMakeFiles/autoware_vehicle_msgs__rosidl_typesupport_c.dir/rosidl_typesupport_c/autoware_vehicle_msgs/msg/turn_indicators_command__type_support.cpp.o[0m
[3.147s] [ 39%] [32mBuilding CXX object CMakeFiles/autoware_vehicle_msgs__rosidl_typesupport_introspection_cpp.dir/rosidl_typesupport_introspection_cpp/autoware_vehicle_msgs/msg/detail/hazard_lights_report__type_support.cpp.o[0m
[3.155s] [ 40%] [32mBuilding CXX object CMakeFiles/autoware_vehicle_msgs__rosidl_typesupport_introspection_cpp.dir/rosidl_typesupport_introspection_cpp/autoware_vehicle_msgs/msg/detail/steering_report__type_support.cpp.o[0m
[3.159s] [ 41%] [32mBuilding CXX object CMakeFiles/autoware_vehicle_msgs__rosidl_typesupport_c.dir/rosidl_typesupport_c/autoware_vehicle_msgs/msg/turn_indicators_report__type_support.cpp.o[0m
[3.165s] [ 42%] [32mBuilding CXX object CMakeFiles/autoware_vehicle_msgs__rosidl_typesupport_introspection_cpp.dir/rosidl_typesupport_introspection_cpp/autoware_vehicle_msgs/msg/detail/turn_indicators_command__type_support.cpp.o[0m
[3.167s] [ 43%] [32mBuilding CXX object CMakeFiles/autoware_vehicle_msgs__rosidl_typesupport_introspection_cpp.dir/rosidl_typesupport_introspection_cpp/autoware_vehicle_msgs/msg/detail/turn_indicators_report__type_support.cpp.o[0m
[3.169s] [ 44%] [32mBuilding CXX object CMakeFiles/autoware_vehicle_msgs__rosidl_typesupport_c.dir/rosidl_typesupport_c/autoware_vehicle_msgs/msg/velocity_report__type_support.cpp.o[0m
[3.172s] [ 45%] [32mBuilding CXX object CMakeFiles/autoware_vehicle_msgs__rosidl_typesupport_c.dir/rosidl_typesupport_c/autoware_vehicle_msgs/srv/control_mode_command__type_support.cpp.o[0m
[3.182s] [ 46%] [32mBuilding CXX object CMakeFiles/autoware_vehicle_msgs__rosidl_typesupport_introspection_cpp.dir/rosidl_typesupport_introspection_cpp/autoware_vehicle_msgs/msg/detail/velocity_report__type_support.cpp.o[0m
[3.206s] [ 47%] [32mBuilding CXX object CMakeFiles/autoware_vehicle_msgs__rosidl_typesupport_introspection_cpp.dir/rosidl_typesupport_introspection_cpp/autoware_vehicle_msgs/srv/detail/control_mode_command__type_support.cpp.o[0m
[3.211s] [ 48%] [32mBuilding CXX object CMakeFiles/autoware_vehicle_msgs__rosidl_typesupport_fastrtps_cpp.dir/rosidl_typesupport_fastrtps_cpp/autoware_vehicle_msgs/msg/detail/dds_fastrtps/control_mode_report__type_support.cpp.o[0m
[3.215s] [ 49%] [32mBuilding CXX object CMakeFiles/autoware_vehicle_msgs__rosidl_typesupport_fastrtps_cpp.dir/rosidl_typesupport_fastrtps_cpp/autoware_vehicle_msgs/msg/detail/dds_fastrtps/engage__type_support.cpp.o[0m
[3.221s] [ 50%] [32mBuilding CXX object CMakeFiles/autoware_vehicle_msgs__rosidl_typesupport_fastrtps_cpp.dir/rosidl_typesupport_fastrtps_cpp/autoware_vehicle_msgs/msg/detail/dds_fastrtps/gear_command__type_support.cpp.o[0m
[3.225s] [ 51%] [32mBuilding CXX object CMakeFiles/autoware_vehicle_msgs__rosidl_typesupport_fastrtps_cpp.dir/rosidl_typesupport_fastrtps_cpp/autoware_vehicle_msgs/msg/detail/dds_fastrtps/gear_report__type_support.cpp.o[0m
[3.232s] [ 52%] [32mBuilding CXX object CMakeFiles/autoware_vehicle_msgs__rosidl_typesupport_fastrtps_cpp.dir/rosidl_typesupport_fastrtps_cpp/autoware_vehicle_msgs/msg/detail/dds_fastrtps/hazard_lights_command__type_support.cpp.o[0m
[3.238s] [ 53%] [32m[1mLinking CXX shared library libautoware_vehicle_msgs__rosidl_typesupport_c.so[0m
[3.280s] [ 54%] [32m[1mLinking CXX shared library libautoware_vehicle_msgs__rosidl_typesupport_cpp.so[0m
[3.292s] [ 55%] [32mBuilding C object CMakeFiles/autoware_vehicle_msgs__rosidl_typesupport_introspection_c.dir/rosidl_typesupport_introspection_c/autoware_vehicle_msgs/msg/detail/control_mode_report__type_support.c.o[0m
[3.299s] [ 55%] Built target autoware_vehicle_msgs__rosidl_typesupport_c
[3.306s] [ 56%] [32mBuilding CXX object CMakeFiles/autoware_vehicle_msgs__rosidl_typesupport_fastrtps_c.dir/rosidl_typesupport_fastrtps_c/autoware_vehicle_msgs/msg/detail/control_mode_report__type_support_c.cpp.o[0m
[3.308s] [ 57%] [32mBuilding CXX object CMakeFiles/autoware_vehicle_msgs__rosidl_typesupport_fastrtps_cpp.dir/rosidl_typesupport_fastrtps_cpp/autoware_vehicle_msgs/msg/detail/dds_fastrtps/hazard_lights_report__type_support.cpp.o[0m
[3.341s] [ 57%] Built target autoware_vehicle_msgs__rosidl_typesupport_cpp
[3.349s] [ 58%] [32mBuilding CXX object CMakeFiles/autoware_vehicle_msgs__rosidl_typesupport_fastrtps_c.dir/rosidl_typesupport_fastrtps_c/autoware_vehicle_msgs/msg/detail/engage__type_support_c.cpp.o[0m
[3.363s] [ 59%] [32mBuilding C object CMakeFiles/autoware_vehicle_msgs__rosidl_typesupport_introspection_c.dir/rosidl_typesupport_introspection_c/autoware_vehicle_msgs/msg/detail/engage__type_support.c.o[0m
[3.430s] [ 60%] [32mBuilding C object CMakeFiles/autoware_vehicle_msgs__rosidl_typesupport_introspection_c.dir/rosidl_typesupport_introspection_c/autoware_vehicle_msgs/msg/detail/gear_command__type_support.c.o[0m
[3.437s] [ 61%] [32mBuilding C object CMakeFiles/autoware_vehicle_msgs__rosidl_typesupport_introspection_c.dir/rosidl_typesupport_introspection_c/autoware_vehicle_msgs/msg/detail/gear_report__type_support.c.o[0m
[3.459s] [ 62%] [32mBuilding CXX object CMakeFiles/autoware_vehicle_msgs__rosidl_typesupport_fastrtps_cpp.dir/rosidl_typesupport_fastrtps_cpp/autoware_vehicle_msgs/msg/detail/dds_fastrtps/steering_report__type_support.cpp.o[0m
[3.465s] [ 63%] [32mBuilding CXX object CMakeFiles/autoware_vehicle_msgs__rosidl_typesupport_fastrtps_cpp.dir/rosidl_typesupport_fastrtps_cpp/autoware_vehicle_msgs/msg/detail/dds_fastrtps/turn_indicators_command__type_support.cpp.o[0m
[3.499s] [ 64%] [32mBuilding C object CMakeFiles/autoware_vehicle_msgs__rosidl_typesupport_introspection_c.dir/rosidl_typesupport_introspection_c/autoware_vehicle_msgs/msg/detail/hazard_lights_command__type_support.c.o[0m
[3.499s] [ 65%] [32mBuilding C object CMakeFiles/autoware_vehicle_msgs__rosidl_typesupport_introspection_c.dir/rosidl_typesupport_introspection_c/autoware_vehicle_msgs/msg/detail/hazard_lights_report__type_support.c.o[0m
[3.504s] [ 65%] [32mBuilding C object CMakeFiles/autoware_vehicle_msgs__rosidl_typesupport_introspection_c.dir/rosidl_typesupport_introspection_c/autoware_vehicle_msgs/msg/detail/steering_report__type_support.c.o[0m
[3.547s] [ 66%] [32mBuilding C object CMakeFiles/autoware_vehicle_msgs__rosidl_typesupport_introspection_c.dir/rosidl_typesupport_introspection_c/autoware_vehicle_msgs/msg/detail/turn_indicators_command__type_support.c.o[0m
[3.554s] [ 67%] [32mBuilding CXX object CMakeFiles/autoware_vehicle_msgs__rosidl_typesupport_fastrtps_cpp.dir/rosidl_typesupport_fastrtps_cpp/autoware_vehicle_msgs/msg/detail/dds_fastrtps/turn_indicators_report__type_support.cpp.o[0m
[3.562s] [ 68%] [32mBuilding C object CMakeFiles/autoware_vehicle_msgs__rosidl_typesupport_introspection_c.dir/rosidl_typesupport_introspection_c/autoware_vehicle_msgs/msg/detail/turn_indicators_report__type_support.c.o[0m
[3.564s] [ 69%] [32mBuilding CXX object CMakeFiles/autoware_vehicle_msgs__rosidl_typesupport_fastrtps_cpp.dir/rosidl_typesupport_fastrtps_cpp/autoware_vehicle_msgs/msg/detail/dds_fastrtps/velocity_report__type_support.cpp.o[0m
[3.565s] [ 69%] [32mBuilding CXX object CMakeFiles/autoware_vehicle_msgs__rosidl_typesupport_fastrtps_c.dir/rosidl_typesupport_fastrtps_c/autoware_vehicle_msgs/msg/detail/gear_command__type_support_c.cpp.o[0m
[3.571s] [ 70%] [32mBuilding CXX object CMakeFiles/autoware_vehicle_msgs__rosidl_typesupport_fastrtps_c.dir/rosidl_typesupport_fastrtps_c/autoware_vehicle_msgs/msg/detail/gear_report__type_support_c.cpp.o[0m
[3.602s] [ 70%] [32mBuilding CXX object CMakeFiles/autoware_vehicle_msgs__rosidl_typesupport_fastrtps_c.dir/rosidl_typesupport_fastrtps_c/autoware_vehicle_msgs/msg/detail/hazard_lights_command__type_support_c.cpp.o[0m
[3.608s] [ 71%] [32mBuilding CXX object CMakeFiles/autoware_vehicle_msgs__rosidl_typesupport_fastrtps_c.dir/rosidl_typesupport_fastrtps_c/autoware_vehicle_msgs/msg/detail/hazard_lights_report__type_support_c.cpp.o[0m
[3.610s] [ 72%] [32mBuilding C object CMakeFiles/autoware_vehicle_msgs__rosidl_typesupport_introspection_c.dir/rosidl_typesupport_introspection_c/autoware_vehicle_msgs/msg/detail/velocity_report__type_support.c.o[0m
[3.614s] [ 73%] [32mBuilding CXX object CMakeFiles/autoware_vehicle_msgs__rosidl_typesupport_fastrtps_cpp.dir/rosidl_typesupport_fastrtps_cpp/autoware_vehicle_msgs/srv/detail/dds_fastrtps/control_mode_command__type_support.cpp.o[0m
[3.627s] [ 74%] [32mBuilding CXX object CMakeFiles/autoware_vehicle_msgs__rosidl_typesupport_fastrtps_c.dir/rosidl_typesupport_fastrtps_c/autoware_vehicle_msgs/msg/detail/steering_report__type_support_c.cpp.o[0m
[3.647s] [ 75%] [32mBuilding CXX object CMakeFiles/autoware_vehicle_msgs__rosidl_typesupport_fastrtps_c.dir/rosidl_typesupport_fastrtps_c/autoware_vehicle_msgs/msg/detail/turn_indicators_command__type_support_c.cpp.o[0m
[3.653s] [ 76%] [32mBuilding CXX object CMakeFiles/autoware_vehicle_msgs__rosidl_typesupport_fastrtps_c.dir/rosidl_typesupport_fastrtps_c/autoware_vehicle_msgs/msg/detail/turn_indicators_report__type_support_c.cpp.o[0m
[3.658s] [ 77%] [32mBuilding C object CMakeFiles/autoware_vehicle_msgs__rosidl_typesupport_introspection_c.dir/rosidl_typesupport_introspection_c/autoware_vehicle_msgs/srv/detail/control_mode_command__type_support.c.o[0m
[3.694s] [ 78%] [32mBuilding CXX object CMakeFiles/autoware_vehicle_msgs__rosidl_typesupport_fastrtps_c.dir/rosidl_typesupport_fastrtps_c/autoware_vehicle_msgs/msg/detail/velocity_report__type_support_c.cpp.o[0m
[3.715s] [ 79%] [32m[1mLinking C shared library libautoware_vehicle_msgs__rosidl_typesupport_introspection_c.so[0m
[3.721s] [ 80%] [32mBuilding CXX object CMakeFiles/autoware_vehicle_msgs__rosidl_typesupport_fastrtps_c.dir/rosidl_typesupport_fastrtps_c/autoware_vehicle_msgs/srv/detail/control_mode_command__type_support_c.cpp.o[0m
[3.736s] [ 81%] [32m[1mLinking CXX shared library libautoware_vehicle_msgs__rosidl_typesupport_introspection_cpp.so[0m
[3.752s] [ 81%] Built target autoware_vehicle_msgs__rosidl_typesupport_introspection_c
[3.831s] [ 81%] Built target autoware_vehicle_msgs__rosidl_typesupport_introspection_cpp
[3.998s] [ 82%] [32m[1mLinking CXX shared library libautoware_vehicle_msgs__rosidl_typesupport_fastrtps_cpp.so[0m
[4.023s] [ 83%] [32m[1mLinking CXX shared library libautoware_vehicle_msgs__rosidl_typesupport_fastrtps_c.so[0m
[4.045s] [ 83%] Built target autoware_vehicle_msgs__rosidl_typesupport_fastrtps_cpp
[4.080s] [ 83%] Built target autoware_vehicle_msgs__rosidl_typesupport_fastrtps_c
[4.098s] [ 83%] Built target autoware_vehicle_msgs
[4.131s] [ 84%] [34m[1mGenerating Python code for ROS interfaces[0m
[4.985s] [ 84%] Built target autoware_vehicle_msgs__py
[5.003s] [ 86%] [32mBuilding C object CMakeFiles/autoware_vehicle_msgs__rosidl_generator_py.dir/rosidl_generator_py/autoware_vehicle_msgs/msg/_engage_s.c.o[0m
[5.003s] [ 86%] [32mBuilding C object CMakeFiles/autoware_vehicle_msgs__rosidl_generator_py.dir/rosidl_generator_py/autoware_vehicle_msgs/msg/_control_mode_report_s.c.o[0m
[5.003s] [ 87%] [32mBuilding C object CMakeFiles/autoware_vehicle_msgs__rosidl_generator_py.dir/rosidl_generator_py/autoware_vehicle_msgs/msg/_gear_command_s.c.o[0m
[5.003s] [ 88%] [32mBuilding C object CMakeFiles/autoware_vehicle_msgs__rosidl_generator_py.dir/rosidl_generator_py/autoware_vehicle_msgs/msg/_gear_report_s.c.o[0m
[5.004s] [ 89%] [32mBuilding C object CMakeFiles/autoware_vehicle_msgs__rosidl_generator_py.dir/rosidl_generator_py/autoware_vehicle_msgs/msg/_hazard_lights_command_s.c.o[0m
[5.005s] [ 89%] [32mBuilding C object CMakeFiles/autoware_vehicle_msgs__rosidl_generator_py.dir/rosidl_generator_py/autoware_vehicle_msgs/msg/_hazard_lights_report_s.c.o[0m
[5.005s] [ 90%] [32mBuilding C object CMakeFiles/autoware_vehicle_msgs__rosidl_generator_py.dir/rosidl_generator_py/autoware_vehicle_msgs/msg/_steering_report_s.c.o[0m
[5.006s] [ 91%] [32mBuilding C object CMakeFiles/autoware_vehicle_msgs__rosidl_generator_py.dir/rosidl_generator_py/autoware_vehicle_msgs/msg/_turn_indicators_command_s.c.o[0m
[5.011s] [ 92%] [32mBuilding C object CMakeFiles/autoware_vehicle_msgs__rosidl_generator_py.dir/rosidl_generator_py/autoware_vehicle_msgs/msg/_velocity_report_s.c.o[0m
[5.014s] [ 93%] [32mBuilding C object CMakeFiles/autoware_vehicle_msgs__rosidl_generator_py.dir/rosidl_generator_py/autoware_vehicle_msgs/msg/_turn_indicators_report_s.c.o[0m
[5.014s] [ 94%] [32mBuilding C object CMakeFiles/autoware_vehicle_msgs__rosidl_generator_py.dir/rosidl_generator_py/autoware_vehicle_msgs/srv/_control_mode_command_s.c.o[0m
[5.156s] [ 95%] [32m[1mLinking C shared library rosidl_generator_py/autoware_vehicle_msgs/libautoware_vehicle_msgs__rosidl_generator_py.so[0m
[5.197s] [ 95%] Built target autoware_vehicle_msgs__rosidl_generator_py
[5.227s] [ 95%] [32mBuilding C object CMakeFiles/autoware_vehicle_msgs__rosidl_typesupport_c__pyext.dir/rosidl_generator_py/autoware_vehicle_msgs/_autoware_vehicle_msgs_s.ep.rosidl_typesupport_c.c.o[0m
[5.227s] [ 96%] [32mBuilding C object CMakeFiles/autoware_vehicle_msgs__rosidl_typesupport_introspection_c__pyext.dir/rosidl_generator_py/autoware_vehicle_msgs/_autoware_vehicle_msgs_s.ep.rosidl_typesupport_introspection_c.c.o[0m
[5.228s] [ 97%] [32mBuilding C object CMakeFiles/autoware_vehicle_msgs__rosidl_typesupport_fastrtps_c__pyext.dir/rosidl_generator_py/autoware_vehicle_msgs/_autoware_vehicle_msgs_s.ep.rosidl_typesupport_fastrtps_c.c.o[0m
[5.345s] [ 98%] [32m[1mLinking C shared library rosidl_generator_py/autoware_vehicle_msgs/autoware_vehicle_msgs_s__rosidl_typesupport_c.cpython-310-x86_64-linux-gnu.so[0m
[5.346s] [ 99%] [32m[1mLinking C shared library rosidl_generator_py/autoware_vehicle_msgs/autoware_vehicle_msgs_s__rosidl_typesupport_fastrtps_c.cpython-310-x86_64-linux-gnu.so[0m
[5.350s] [100%] [32m[1mLinking C shared library rosidl_generator_py/autoware_vehicle_msgs/autoware_vehicle_msgs_s__rosidl_typesupport_introspection_c.cpython-310-x86_64-linux-gnu.so[0m
[5.374s] [100%] Built target autoware_vehicle_msgs__rosidl_typesupport_fastrtps_c__pyext
[5.376s] [100%] Built target autoware_vehicle_msgs__rosidl_typesupport_c__pyext
[5.381s] [100%] Built target autoware_vehicle_msgs__rosidl_typesupport_introspection_c__pyext
[5.391s] Invoked command in '/home/jmj/dream_ws/build/autoware_vehicle_msgs' returned '0': AMENT_PREFIX_PATH=/home/jmj/dream_ws/install/autoware_planning_msgs:${AMENT_PREFIX_PATH} CMAKE_PREFIX_PATH=/home/jmj/dream_ws/install/autoware_planning_msgs:/home/jmj/aw_data_ws/install/autoware_msgs:/home/jmj/aw_data_ws/install/autoware_vehicle_msgs:/home/jmj/aw_data_ws/install/autoware_v2x_msgs:/home/jmj/aw_data_ws/install/autoware_system_msgs:/home/jmj/aw_data_ws/install/autoware_sensing_msgs:/home/jmj/aw_data_ws/install/autoware_planning_msgs:/home/jmj/aw_data_ws/install/autoware_perception_msgs:/home/jmj/aw_data_ws/install/autoware_map_msgs:/home/jmj/aw_data_ws/install/autoware_localization_msgs:/home/jmj/aw_data_ws/install/autoware_control_msgs:/home/jmj/aw_data_ws/install/autoware_common_msgs:/home/jmj/dream_ws/install/dream:/opt/ros/humble LD_LIBRARY_PATH=/home/jmj/dream_ws/install/autoware_planning_msgs/lib:${LD_LIBRARY_PATH} PYTHONPATH=/home/jmj/dream_ws/install/autoware_planning_msgs/local/lib/python3.10/dist-packages:${PYTHONPATH} /usr/bin/cmake --build /home/jmj/dream_ws/build/autoware_vehicle_msgs -- -j20 -l20
[5.393s] Invoking command in '/home/jmj/dream_ws/build/autoware_vehicle_msgs': AMENT_PREFIX_PATH=/home/jmj/dream_ws/install/autoware_planning_msgs:${AMENT_PREFIX_PATH} CMAKE_PREFIX_PATH=/home/jmj/dream_ws/install/autoware_planning_msgs:/home/jmj/aw_data_ws/install/autoware_msgs:/home/jmj/aw_data_ws/install/autoware_vehicle_msgs:/home/jmj/aw_data_ws/install/autoware_v2x_msgs:/home/jmj/aw_data_ws/install/autoware_system_msgs:/home/jmj/aw_data_ws/install/autoware_sensing_msgs:/home/jmj/aw_data_ws/install/autoware_planning_msgs:/home/jmj/aw_data_ws/install/autoware_perception_msgs:/home/jmj/aw_data_ws/install/autoware_map_msgs:/home/jmj/aw_data_ws/install/autoware_localization_msgs:/home/jmj/aw_data_ws/install/autoware_control_msgs:/home/jmj/aw_data_ws/install/autoware_common_msgs:/home/jmj/dream_ws/install/dream:/opt/ros/humble LD_LIBRARY_PATH=/home/jmj/dream_ws/install/autoware_planning_msgs/lib:${LD_LIBRARY_PATH} PYTHONPATH=/home/jmj/dream_ws/install/autoware_planning_msgs/local/lib/python3.10/dist-packages:${PYTHONPATH} /usr/bin/cmake --install /home/jmj/dream_ws/build/autoware_vehicle_msgs
[5.404s] -- Install configuration: ""
[5.404s] -- Installing: /home/jmj/dream_ws/install/autoware_vehicle_msgs/share/ament_index/resource_index/rosidl_interfaces/autoware_vehicle_msgs
[5.405s] -- Installing: /home/jmj/dream_ws/install/autoware_vehicle_msgs/include/autoware_vehicle_msgs/autoware_vehicle_msgs
[5.405s] -- Installing: /home/jmj/dream_ws/install/autoware_vehicle_msgs/include/autoware_vehicle_msgs/autoware_vehicle_msgs/srv
[5.405s] -- Installing: /home/jmj/dream_ws/install/autoware_vehicle_msgs/include/autoware_vehicle_msgs/autoware_vehicle_msgs/srv/detail
[5.405s] -- Installing: /home/jmj/dream_ws/install/autoware_vehicle_msgs/include/autoware_vehicle_msgs/autoware_vehicle_msgs/srv/detail/control_mode_command__functions.h
[5.405s] -- Installing: /home/jmj/dream_ws/install/autoware_vehicle_msgs/include/autoware_vehicle_msgs/autoware_vehicle_msgs/srv/detail/control_mode_command__functions.c
[5.405s] -- Installing: /home/jmj/dream_ws/install/autoware_vehicle_msgs/include/autoware_vehicle_msgs/autoware_vehicle_msgs/srv/detail/control_mode_command__struct.h
[5.405s] -- Installing: /home/jmj/dream_ws/install/autoware_vehicle_msgs/include/autoware_vehicle_msgs/autoware_vehicle_msgs/srv/detail/control_mode_command__type_support.h
[5.405s] -- Installing: /home/jmj/dream_ws/install/autoware_vehicle_msgs/include/autoware_vehicle_msgs/autoware_vehicle_msgs/srv/control_mode_command.h
[5.405s] -- Installing: /home/jmj/dream_ws/install/autoware_vehicle_msgs/include/autoware_vehicle_msgs/autoware_vehicle_msgs/msg
[5.405s] -- Installing: /home/jmj/dream_ws/install/autoware_vehicle_msgs/include/autoware_vehicle_msgs/autoware_vehicle_msgs/msg/velocity_report.h
[5.406s] -- Installing: /home/jmj/dream_ws/install/autoware_vehicle_msgs/include/autoware_vehicle_msgs/autoware_vehicle_msgs/msg/engage.h
[5.406s] -- Installing: /home/jmj/dream_ws/install/autoware_vehicle_msgs/include/autoware_vehicle_msgs/autoware_vehicle_msgs/msg/gear_report.h
[5.406s] -- Installing: /home/jmj/dream_ws/install/autoware_vehicle_msgs/include/autoware_vehicle_msgs/autoware_vehicle_msgs/msg/steering_report.h
[5.406s] -- Installing: /home/jmj/dream_ws/install/autoware_vehicle_msgs/include/autoware_vehicle_msgs/autoware_vehicle_msgs/msg/rosidl_generator_c__visibility_control.h
[5.406s] -- Installing: /home/jmj/dream_ws/install/autoware_vehicle_msgs/include/autoware_vehicle_msgs/autoware_vehicle_msgs/msg/detail
[5.406s] -- Installing: /home/jmj/dream_ws/install/autoware_vehicle_msgs/include/autoware_vehicle_msgs/autoware_vehicle_msgs/msg/detail/velocity_report__functions.h
[5.406s] -- Installing: /home/jmj/dream_ws/install/autoware_vehicle_msgs/include/autoware_vehicle_msgs/autoware_vehicle_msgs/msg/detail/turn_indicators_command__struct.h
[5.406s] -- Installing: /home/jmj/dream_ws/install/autoware_vehicle_msgs/include/autoware_vehicle_msgs/autoware_vehicle_msgs/msg/detail/turn_indicators_report__struct.h
[5.406s] -- Installing: /home/jmj/dream_ws/install/autoware_vehicle_msgs/include/autoware_vehicle_msgs/autoware_vehicle_msgs/msg/detail/engage__struct.h
[5.406s] -- Installing: /home/jmj/dream_ws/install/autoware_vehicle_msgs/include/autoware_vehicle_msgs/autoware_vehicle_msgs/msg/detail/gear_report__functions.c
[5.406s] -- Installing: /home/jmj/dream_ws/install/autoware_vehicle_msgs/include/autoware_vehicle_msgs/autoware_vehicle_msgs/msg/detail/hazard_lights_report__type_support.h
[5.406s] -- Installing: /home/jmj/dream_ws/install/autoware_vehicle_msgs/include/autoware_vehicle_msgs/autoware_vehicle_msgs/msg/detail/turn_indicators_command__functions.c
[5.406s] -- Installing: /home/jmj/dream_ws/install/autoware_vehicle_msgs/include/autoware_vehicle_msgs/autoware_vehicle_msgs/msg/detail/velocity_report__struct.h
[5.406s] -- Installing: /home/jmj/dream_ws/install/autoware_vehicle_msgs/include/autoware_vehicle_msgs/autoware_vehicle_msgs/msg/detail/turn_indicators_report__functions.h
[5.407s] -- Installing: /home/jmj/dream_ws/install/autoware_vehicle_msgs/include/autoware_vehicle_msgs/autoware_vehicle_msgs/msg/detail/control_mode_report__struct.h
[5.407s] -- Installing: /home/jmj/dream_ws/install/autoware_vehicle_msgs/include/autoware_vehicle_msgs/autoware_vehicle_msgs/msg/detail/engage__functions.h
[5.407s] -- Installing: /home/jmj/dream_ws/install/autoware_vehicle_msgs/include/autoware_vehicle_msgs/autoware_vehicle_msgs/msg/detail/velocity_report__functions.c
[5.407s] -- Installing: /home/jmj/dream_ws/install/autoware_vehicle_msgs/include/autoware_vehicle_msgs/autoware_vehicle_msgs/msg/detail/turn_indicators_command__functions.h
[5.407s] -- Installing: /home/jmj/dream_ws/install/autoware_vehicle_msgs/include/autoware_vehicle_msgs/autoware_vehicle_msgs/msg/detail/gear_command__functions.h
[5.407s] -- Installing: /home/jmj/dream_ws/install/autoware_vehicle_msgs/include/autoware_vehicle_msgs/autoware_vehicle_msgs/msg/detail/gear_command__struct.h
[5.407s] -- Installing: /home/jmj/dream_ws/install/autoware_vehicle_msgs/include/autoware_vehicle_msgs/autoware_vehicle_msgs/msg/detail/turn_indicators_report__functions.c
[5.407s] -- Installing: /home/jmj/dream_ws/install/autoware_vehicle_msgs/include/autoware_vehicle_msgs/autoware_vehicle_msgs/msg/detail/engage__type_support.h
[5.407s] -- Installing: /home/jmj/dream_ws/install/autoware_vehicle_msgs/include/autoware_vehicle_msgs/autoware_vehicle_msgs/msg/detail/steering_report__functions.c
[5.407s] -- Installing: /home/jmj/dream_ws/install/autoware_vehicle_msgs/include/autoware_vehicle_msgs/autoware_vehicle_msgs/msg/detail/turn_indicators_command__type_support.h
[5.407s] -- Installing: /home/jmj/dream_ws/install/autoware_vehicle_msgs/include/autoware_vehicle_msgs/autoware_vehicle_msgs/msg/detail/steering_report__type_support.h
[5.407s] -- Installing: /home/jmj/dream_ws/install/autoware_vehicle_msgs/include/autoware_vehicle_msgs/autoware_vehicle_msgs/msg/detail/steering_report__functions.h
[5.407s] -- Installing: /home/jmj/dream_ws/install/autoware_vehicle_msgs/include/autoware_vehicle_msgs/autoware_vehicle_msgs/msg/detail/gear_report__functions.h
[5.408s] -- Installing: /home/jmj/dream_ws/install/autoware_vehicle_msgs/include/autoware_vehicle_msgs/autoware_vehicle_msgs/msg/detail/engage__functions.c
[5.408s] -- Installing: /home/jmj/dream_ws/install/autoware_vehicle_msgs/include/autoware_vehicle_msgs/autoware_vehicle_msgs/msg/detail/gear_command__type_support.h
[5.408s] -- Installing: /home/jmj/dream_ws/install/autoware_vehicle_msgs/include/autoware_vehicle_msgs/autoware_vehicle_msgs/msg/detail/hazard_lights_command__functions.c
[5.408s] -- Installing: /home/jmj/dream_ws/install/autoware_vehicle_msgs/include/autoware_vehicle_msgs/autoware_vehicle_msgs/msg/detail/hazard_lights_command__functions.h
[5.408s] -- Installing: /home/jmj/dream_ws/install/autoware_vehicle_msgs/include/autoware_vehicle_msgs/autoware_vehicle_msgs/msg/detail/gear_report__struct.h
[5.408s] -- Installing: /home/jmj/dream_ws/install/autoware_vehicle_msgs/include/autoware_vehicle_msgs/autoware_vehicle_msgs/msg/detail/gear_report__type_support.h
[5.408s] -- Installing: /home/jmj/dream_ws/install/autoware_vehicle_msgs/include/autoware_vehicle_msgs/autoware_vehicle_msgs/msg/detail/hazard_lights_report__functions.h
[5.408s] -- Installing: /home/jmj/dream_ws/install/autoware_vehicle_msgs/include/autoware_vehicle_msgs/autoware_vehicle_msgs/msg/detail/velocity_report__type_support.h
[5.408s] -- Installing: /home/jmj/dream_ws/install/autoware_vehicle_msgs/include/autoware_vehicle_msgs/autoware_vehicle_msgs/msg/detail/hazard_lights_report__struct.h
[5.408s] -- Installing: /home/jmj/dream_ws/install/autoware_vehicle_msgs/include/autoware_vehicle_msgs/autoware_vehicle_msgs/msg/detail/hazard_lights_command__type_support.h
[5.408s] -- Installing: /home/jmj/dream_ws/install/autoware_vehicle_msgs/include/autoware_vehicle_msgs/autoware_vehicle_msgs/msg/detail/control_mode_report__functions.c
[5.408s] -- Installing: /home/jmj/dream_ws/install/autoware_vehicle_msgs/include/autoware_vehicle_msgs/autoware_vehicle_msgs/msg/detail/control_mode_report__functions.h
[5.408s] -- Installing: /home/jmj/dream_ws/install/autoware_vehicle_msgs/include/autoware_vehicle_msgs/autoware_vehicle_msgs/msg/detail/gear_command__functions.c
[5.408s] -- Installing: /home/jmj/dream_ws/install/autoware_vehicle_msgs/include/autoware_vehicle_msgs/autoware_vehicle_msgs/msg/detail/hazard_lights_report__functions.c
[5.408s] -- Installing: /home/jmj/dream_ws/install/autoware_vehicle_msgs/include/autoware_vehicle_msgs/autoware_vehicle_msgs/msg/detail/steering_report__struct.h
[5.408s] -- Installing: /home/jmj/dream_ws/install/autoware_vehicle_msgs/include/autoware_vehicle_msgs/autoware_vehicle_msgs/msg/detail/control_mode_report__type_support.h
[5.409s] -- Installing: /home/jmj/dream_ws/install/autoware_vehicle_msgs/include/autoware_vehicle_msgs/autoware_vehicle_msgs/msg/detail/hazard_lights_command__struct.h
[5.409s] -- Installing: /home/jmj/dream_ws/install/autoware_vehicle_msgs/include/autoware_vehicle_msgs/autoware_vehicle_msgs/msg/detail/turn_indicators_report__type_support.h
[5.409s] -- Installing: /home/jmj/dream_ws/install/autoware_vehicle_msgs/include/autoware_vehicle_msgs/autoware_vehicle_msgs/msg/turn_indicators_report.h
[5.409s] -- Installing: /home/jmj/dream_ws/install/autoware_vehicle_msgs/include/autoware_vehicle_msgs/autoware_vehicle_msgs/msg/hazard_lights_report.h
[5.409s] -- Installing: /home/jmj/dream_ws/install/autoware_vehicle_msgs/include/autoware_vehicle_msgs/autoware_vehicle_msgs/msg/control_mode_report.h
[5.409s] -- Installing: /home/jmj/dream_ws/install/autoware_vehicle_msgs/include/autoware_vehicle_msgs/autoware_vehicle_msgs/msg/hazard_lights_command.h
[5.409s] -- Installing: /home/jmj/dream_ws/install/autoware_vehicle_msgs/include/autoware_vehicle_msgs/autoware_vehicle_msgs/msg/turn_indicators_command.h
[5.409s] -- Installing: /home/jmj/dream_ws/install/autoware_vehicle_msgs/include/autoware_vehicle_msgs/autoware_vehicle_msgs/msg/gear_command.h
[5.409s] -- Installing: /home/jmj/dream_ws/install/autoware_vehicle_msgs/share/autoware_vehicle_msgs/environment/library_path.sh
[5.409s] -- Installing: /home/jmj/dream_ws/install/autoware_vehicle_msgs/share/autoware_vehicle_msgs/environment/library_path.dsv
[5.409s] -- Installing: /home/jmj/dream_ws/install/autoware_vehicle_msgs/lib/libautoware_vehicle_msgs__rosidl_generator_c.so
[5.410s] -- Set runtime path of "/home/jmj/dream_ws/install/autoware_vehicle_msgs/lib/libautoware_vehicle_msgs__rosidl_generator_c.so" to ""
[5.410s] -- Up-to-date: /home/jmj/dream_ws/install/autoware_vehicle_msgs/include/autoware_vehicle_msgs/autoware_vehicle_msgs
[5.410s] -- Up-to-date: /home/jmj/dream_ws/install/autoware_vehicle_msgs/include/autoware_vehicle_msgs/autoware_vehicle_msgs/srv
[5.410s] -- Up-to-date: /home/jmj/dream_ws/install/autoware_vehicle_msgs/include/autoware_vehicle_msgs/autoware_vehicle_msgs/srv/detail
[5.410s] -- Installing: /home/jmj/dream_ws/install/autoware_vehicle_msgs/include/autoware_vehicle_msgs/autoware_vehicle_msgs/srv/detail/control_mode_command__rosidl_typesupport_fastrtps_c.h
[5.410s] -- Up-to-date: /home/jmj/dream_ws/install/autoware_vehicle_msgs/include/autoware_vehicle_msgs/autoware_vehicle_msgs/msg
[5.410s] -- Up-to-date: /home/jmj/dream_ws/install/autoware_vehicle_msgs/include/autoware_vehicle_msgs/autoware_vehicle_msgs/msg/detail
[5.410s] -- Installing: /home/jmj/dream_ws/install/autoware_vehicle_msgs/include/autoware_vehicle_msgs/autoware_vehicle_msgs/msg/detail/velocity_report__rosidl_typesupport_fastrtps_c.h
[5.410s] -- Installing: /home/jmj/dream_ws/install/autoware_vehicle_msgs/include/autoware_vehicle_msgs/autoware_vehicle_msgs/msg/detail/hazard_lights_report__rosidl_typesupport_fastrtps_c.h
[5.410s] -- Installing: /home/jmj/dream_ws/install/autoware_vehicle_msgs/include/autoware_vehicle_msgs/autoware_vehicle_msgs/msg/detail/gear_report__rosidl_typesupport_fastrtps_c.h
[5.410s] -- Installing: /home/jmj/dream_ws/install/autoware_vehicle_msgs/include/autoware_vehicle_msgs/autoware_vehicle_msgs/msg/detail/steering_report__rosidl_typesupport_fastrtps_c.h
[5.410s] -- Installing: /home/jmj/dream_ws/install/autoware_vehicle_msgs/include/autoware_vehicle_msgs/autoware_vehicle_msgs/msg/detail/hazard_lights_command__rosidl_typesupport_fastrtps_c.h
[5.410s] -- Installing: /home/jmj/dream_ws/install/autoware_vehicle_msgs/include/autoware_vehicle_msgs/autoware_vehicle_msgs/msg/detail/gear_command__rosidl_typesupport_fastrtps_c.h
[5.410s] -- Installing: /home/jmj/dream_ws/install/autoware_vehicle_msgs/include/autoware_vehicle_msgs/autoware_vehicle_msgs/msg/detail/turn_indicators_command__rosidl_typesupport_fastrtps_c.h
[5.410s] -- Installing: /home/jmj/dream_ws/install/autoware_vehicle_msgs/include/autoware_vehicle_msgs/autoware_vehicle_msgs/msg/detail/turn_indicators_report__rosidl_typesupport_fastrtps_c.h
[5.410s] -- Installing: /home/jmj/dream_ws/install/autoware_vehicle_msgs/include/autoware_vehicle_msgs/autoware_vehicle_msgs/msg/detail/engage__rosidl_typesupport_fastrtps_c.h
[5.410s] -- Installing: /home/jmj/dream_ws/install/autoware_vehicle_msgs/include/autoware_vehicle_msgs/autoware_vehicle_msgs/msg/detail/control_mode_report__rosidl_typesupport_fastrtps_c.h
[5.410s] -- Installing: /home/jmj/dream_ws/install/autoware_vehicle_msgs/include/autoware_vehicle_msgs/autoware_vehicle_msgs/msg/rosidl_typesupport_fastrtps_c__visibility_control.h
[5.410s] -- Installing: /home/jmj/dream_ws/install/autoware_vehicle_msgs/lib/libautoware_vehicle_msgs__rosidl_typesupport_fastrtps_c.so
[5.411s] -- Set runtime path of "/home/jmj/dream_ws/install/autoware_vehicle_msgs/lib/libautoware_vehicle_msgs__rosidl_typesupport_fastrtps_c.so" to ""
[5.411s] -- Up-to-date: /home/jmj/dream_ws/install/autoware_vehicle_msgs/include/autoware_vehicle_msgs/autoware_vehicle_msgs
[5.411s] -- Up-to-date: /home/jmj/dream_ws/install/autoware_vehicle_msgs/include/autoware_vehicle_msgs/autoware_vehicle_msgs/srv
[5.411s] -- Up-to-date: /home/jmj/dream_ws/install/autoware_vehicle_msgs/include/autoware_vehicle_msgs/autoware_vehicle_msgs/srv/detail
[5.411s] -- Installing: /home/jmj/dream_ws/install/autoware_vehicle_msgs/include/autoware_vehicle_msgs/autoware_vehicle_msgs/srv/detail/control_mode_command__traits.hpp
[5.411s] -- Installing: /home/jmj/dream_ws/install/autoware_vehicle_msgs/include/autoware_vehicle_msgs/autoware_vehicle_msgs/srv/detail/control_mode_command__builder.hpp
[5.411s] -- Installing: /home/jmj/dream_ws/install/autoware_vehicle_msgs/include/autoware_vehicle_msgs/autoware_vehicle_msgs/srv/detail/control_mode_command__struct.hpp
[5.411s] -- Installing: /home/jmj/dream_ws/install/autoware_vehicle_msgs/include/autoware_vehicle_msgs/autoware_vehicle_msgs/srv/detail/control_mode_command__type_support.hpp
[5.411s] -- Installing: /home/jmj/dream_ws/install/autoware_vehicle_msgs/include/autoware_vehicle_msgs/autoware_vehicle_msgs/srv/control_mode_command.hpp
[5.411s] -- Up-to-date: /home/jmj/dream_ws/install/autoware_vehicle_msgs/include/autoware_vehicle_msgs/autoware_vehicle_msgs/msg
[5.411s] -- Installing: /home/jmj/dream_ws/install/autoware_vehicle_msgs/include/autoware_vehicle_msgs/autoware_vehicle_msgs/msg/gear_report.hpp
[5.411s] -- Installing: /home/jmj/dream_ws/install/autoware_vehicle_msgs/include/autoware_vehicle_msgs/autoware_vehicle_msgs/msg/hazard_lights_report.hpp
[5.411s] -- Up-to-date: /home/jmj/dream_ws/install/autoware_vehicle_msgs/include/autoware_vehicle_msgs/autoware_vehicle_msgs/msg/detail
[5.411s] -- Installing: /home/jmj/dream_ws/install/autoware_vehicle_msgs/include/autoware_vehicle_msgs/autoware_vehicle_msgs/msg/detail/turn_indicators_report__builder.hpp
[5.411s] -- Installing: /home/jmj/dream_ws/install/autoware_vehicle_msgs/include/autoware_vehicle_msgs/autoware_vehicle_msgs/msg/detail/gear_report__type_support.hpp
[5.411s] -- Installing: /home/jmj/dream_ws/install/autoware_vehicle_msgs/include/autoware_vehicle_msgs/autoware_vehicle_msgs/msg/detail/gear_command__builder.hpp
[5.411s] -- Installing: /home/jmj/dream_ws/install/autoware_vehicle_msgs/include/autoware_vehicle_msgs/autoware_vehicle_msgs/msg/detail/control_mode_report__traits.hpp
[5.411s] -- Installing: /home/jmj/dream_ws/install/autoware_vehicle_msgs/include/autoware_vehicle_msgs/autoware_vehicle_msgs/msg/detail/hazard_lights_report__type_support.hpp
[5.411s] -- Installing: /home/jmj/dream_ws/install/autoware_vehicle_msgs/include/autoware_vehicle_msgs/autoware_vehicle_msgs/msg/detail/turn_indicators_command__struct.hpp
[5.411s] -- Installing: /home/jmj/dream_ws/install/autoware_vehicle_msgs/include/autoware_vehicle_msgs/autoware_vehicle_msgs/msg/detail/hazard_lights_report__builder.hpp
[5.411s] -- Installing: /home/jmj/dream_ws/install/autoware_vehicle_msgs/include/autoware_vehicle_msgs/autoware_vehicle_msgs/msg/detail/engage__builder.hpp
[5.411s] -- Installing: /home/jmj/dream_ws/install/autoware_vehicle_msgs/include/autoware_vehicle_msgs/autoware_vehicle_msgs/msg/detail/gear_command__struct.hpp
[5.411s] -- Installing: /home/jmj/dream_ws/install/autoware_vehicle_msgs/include/autoware_vehicle_msgs/autoware_vehicle_msgs/msg/detail/steering_report__struct.hpp
[5.412s] -- Installing: /home/jmj/dream_ws/install/autoware_vehicle_msgs/include/autoware_vehicle_msgs/autoware_vehicle_msgs/msg/detail/engage__traits.hpp
[5.412s] -- Installing: /home/jmj/dream_ws/install/autoware_vehicle_msgs/include/autoware_vehicle_msgs/autoware_vehicle_msgs/msg/detail/steering_report__traits.hpp
[5.412s] -- Installing: /home/jmj/dream_ws/install/autoware_vehicle_msgs/include/autoware_vehicle_msgs/autoware_vehicle_msgs/msg/detail/hazard_lights_command__struct.hpp
[5.412s] -- Installing: /home/jmj/dream_ws/install/autoware_vehicle_msgs/include/autoware_vehicle_msgs/autoware_vehicle_msgs/msg/detail/control_mode_report__struct.hpp
[5.412s] -- Installing: /home/jmj/dream_ws/install/autoware_vehicle_msgs/include/autoware_vehicle_msgs/autoware_vehicle_msgs/msg/detail/turn_indicators_command__builder.hpp
[5.412s] -- Installing: /home/jmj/dream_ws/install/autoware_vehicle_msgs/include/autoware_vehicle_msgs/autoware_vehicle_msgs/msg/detail/velocity_report__type_support.hpp
[5.412s] -- Installing: /home/jmj/dream_ws/install/autoware_vehicle_msgs/include/autoware_vehicle_msgs/autoware_vehicle_msgs/msg/detail/gear_report__builder.hpp
[5.412s] -- Installing: /home/jmj/dream_ws/install/autoware_vehicle_msgs/include/autoware_vehicle_msgs/autoware_vehicle_msgs/msg/detail/turn_indicators_command__type_support.hpp
[5.412s] -- Installing: /home/jmj/dream_ws/install/autoware_vehicle_msgs/include/autoware_vehicle_msgs/autoware_vehicle_msgs/msg/detail/engage__type_support.hpp
[5.412s] -- Installing: /home/jmj/dream_ws/install/autoware_vehicle_msgs/include/autoware_vehicle_msgs/autoware_vehicle_msgs/msg/detail/steering_report__type_support.hpp
[5.412s] -- Installing: /home/jmj/dream_ws/install/autoware_vehicle_msgs/include/autoware_vehicle_msgs/autoware_vehicle_msgs/msg/detail/turn_indicators_report__traits.hpp
[5.412s] -- Installing: /home/jmj/dream_ws/install/autoware_vehicle_msgs/include/autoware_vehicle_msgs/autoware_vehicle_msgs/msg/detail/velocity_report__builder.hpp
[5.412s] -- Installing: /home/jmj/dream_ws/install/autoware_vehicle_msgs/include/autoware_vehicle_msgs/autoware_vehicle_msgs/msg/detail/hazard_lights_report__struct.hpp
[5.412s] -- Installing: /home/jmj/dream_ws/install/autoware_vehicle_msgs/include/autoware_vehicle_msgs/autoware_vehicle_msgs/msg/detail/turn_indicators_report__struct.hpp
[5.412s] -- Installing: /home/jmj/dream_ws/install/autoware_vehicle_msgs/include/autoware_vehicle_msgs/autoware_vehicle_msgs/msg/detail/control_mode_report__type_support.hpp
[5.412s] -- Installing: /home/jmj/dream_ws/install/autoware_vehicle_msgs/include/autoware_vehicle_msgs/autoware_vehicle_msgs/msg/detail/turn_indicators_command__traits.hpp
[5.412s] -- Installing: /home/jmj/dream_ws/install/autoware_vehicle_msgs/include/autoware_vehicle_msgs/autoware_vehicle_msgs/msg/detail/velocity_report__traits.hpp
[5.412s] -- Installing: /home/jmj/dream_ws/install/autoware_vehicle_msgs/include/autoware_vehicle_msgs/autoware_vehicle_msgs/msg/detail/turn_indicators_report__type_support.hpp
[5.412s] -- Installing: /home/jmj/dream_ws/install/autoware_vehicle_msgs/include/autoware_vehicle_msgs/autoware_vehicle_msgs/msg/detail/gear_report__traits.hpp
[5.412s] -- Installing: /home/jmj/dream_ws/install/autoware_vehicle_msgs/include/autoware_vehicle_msgs/autoware_vehicle_msgs/msg/detail/gear_command__type_support.hpp
[5.412s] -- Installing: /home/jmj/dream_ws/install/autoware_vehicle_msgs/include/autoware_vehicle_msgs/autoware_vehicle_msgs/msg/detail/gear_report__struct.hpp
[5.412s] -- Installing: /home/jmj/dream_ws/install/autoware_vehicle_msgs/include/autoware_vehicle_msgs/autoware_vehicle_msgs/msg/detail/hazard_lights_command__builder.hpp
[5.413s] -- Installing: /home/jmj/dream_ws/install/autoware_vehicle_msgs/include/autoware_vehicle_msgs/autoware_vehicle_msgs/msg/detail/control_mode_report__builder.hpp
[5.413s] -- Installing: /home/jmj/dream_ws/install/autoware_vehicle_msgs/include/autoware_vehicle_msgs/autoware_vehicle_msgs/msg/detail/gear_command__traits.hpp
[5.413s] -- Installing: /home/jmj/dream_ws/install/autoware_vehicle_msgs/include/autoware_vehicle_msgs/autoware_vehicle_msgs/msg/detail/steering_report__builder.hpp
[5.413s] -- Installing: /home/jmj/dream_ws/install/autoware_vehicle_msgs/include/autoware_vehicle_msgs/autoware_vehicle_msgs/msg/detail/hazard_lights_command__type_support.hpp
[5.413s] -- Installing: /home/jmj/dream_ws/install/autoware_vehicle_msgs/include/autoware_vehicle_msgs/autoware_vehicle_msgs/msg/detail/hazard_lights_report__traits.hpp
[5.413s] -- Installing: /home/jmj/dream_ws/install/autoware_vehicle_msgs/include/autoware_vehicle_msgs/autoware_vehicle_msgs/msg/detail/velocity_report__struct.hpp
[5.413s] -- Installing: /home/jmj/dream_ws/install/autoware_vehicle_msgs/include/autoware_vehicle_msgs/autoware_vehicle_msgs/msg/detail/engage__struct.hpp
[5.413s] -- Installing: /home/jmj/dream_ws/install/autoware_vehicle_msgs/include/autoware_vehicle_msgs/autoware_vehicle_msgs/msg/detail/hazard_lights_command__traits.hpp
[5.413s] -- Installing: /home/jmj/dream_ws/install/autoware_vehicle_msgs/include/autoware_vehicle_msgs/autoware_vehicle_msgs/msg/velocity_report.hpp
[5.413s] -- Installing: /home/jmj/dream_ws/install/autoware_vehicle_msgs/include/autoware_vehicle_msgs/autoware_vehicle_msgs/msg/turn_indicators_report.hpp
[5.413s] -- Installing: /home/jmj/dream_ws/install/autoware_vehicle_msgs/include/autoware_vehicle_msgs/autoware_vehicle_msgs/msg/hazard_lights_command.hpp
[5.413s] -- Installing: /home/jmj/dream_ws/install/autoware_vehicle_msgs/include/autoware_vehicle_msgs/autoware_vehicle_msgs/msg/gear_command.hpp
[5.413s] -- Installing: /home/jmj/dream_ws/install/autoware_vehicle_msgs/include/autoware_vehicle_msgs/autoware_vehicle_msgs/msg/engage.hpp
[5.413s] -- Installing: /home/jmj/dream_ws/install/autoware_vehicle_msgs/include/autoware_vehicle_msgs/autoware_vehicle_msgs/msg/control_mode_report.hpp
[5.413s] -- Installing: /home/jmj/dream_ws/install/autoware_vehicle_msgs/include/autoware_vehicle_msgs/autoware_vehicle_msgs/msg/steering_report.hpp
[5.413s] -- Installing: /home/jmj/dream_ws/install/autoware_vehicle_msgs/include/autoware_vehicle_msgs/autoware_vehicle_msgs/msg/rosidl_generator_cpp__visibility_control.hpp
[5.413s] -- Installing: /home/jmj/dream_ws/install/autoware_vehicle_msgs/include/autoware_vehicle_msgs/autoware_vehicle_msgs/msg/turn_indicators_command.hpp
[5.413s] -- Up-to-date: /home/jmj/dream_ws/install/autoware_vehicle_msgs/include/autoware_vehicle_msgs/autoware_vehicle_msgs
[5.413s] -- Up-to-date: /home/jmj/dream_ws/install/autoware_vehicle_msgs/include/autoware_vehicle_msgs/autoware_vehicle_msgs/srv
[5.413s] -- Up-to-date: /home/jmj/dream_ws/install/autoware_vehicle_msgs/include/autoware_vehicle_msgs/autoware_vehicle_msgs/srv/detail
[5.413s] -- Installing: /home/jmj/dream_ws/install/autoware_vehicle_msgs/include/autoware_vehicle_msgs/autoware_vehicle_msgs/srv/detail/dds_fastrtps
[5.413s] -- Installing: /home/jmj/dream_ws/install/autoware_vehicle_msgs/include/autoware_vehicle_msgs/autoware_vehicle_msgs/srv/detail/control_mode_command__rosidl_typesupport_fastrtps_cpp.hpp
[5.413s] -- Up-to-date: /home/jmj/dream_ws/install/autoware_vehicle_msgs/include/autoware_vehicle_msgs/autoware_vehicle_msgs/msg
[5.413s] -- Up-to-date: /home/jmj/dream_ws/install/autoware_vehicle_msgs/include/autoware_vehicle_msgs/autoware_vehicle_msgs/msg/detail
[5.414s] -- Installing: /home/jmj/dream_ws/install/autoware_vehicle_msgs/include/autoware_vehicle_msgs/autoware_vehicle_msgs/msg/detail/dds_fastrtps
[5.414s] -- Installing: /home/jmj/dream_ws/install/autoware_vehicle_msgs/include/autoware_vehicle_msgs/autoware_vehicle_msgs/msg/detail/engage__rosidl_typesupport_fastrtps_cpp.hpp
[5.414s] -- Installing: /home/jmj/dream_ws/install/autoware_vehicle_msgs/include/autoware_vehicle_msgs/autoware_vehicle_msgs/msg/detail/control_mode_report__rosidl_typesupport_fastrtps_cpp.hpp
[5.414s] -- Installing: /home/jmj/dream_ws/install/autoware_vehicle_msgs/include/autoware_vehicle_msgs/autoware_vehicle_msgs/msg/detail/velocity_report__rosidl_typesupport_fastrtps_cpp.hpp
[5.414s] -- Installing: /home/jmj/dream_ws/install/autoware_vehicle_msgs/include/autoware_vehicle_msgs/autoware_vehicle_msgs/msg/detail/hazard_lights_report__rosidl_typesupport_fastrtps_cpp.hpp
[5.414s] -- Installing: /home/jmj/dream_ws/install/autoware_vehicle_msgs/include/autoware_vehicle_msgs/autoware_vehicle_msgs/msg/detail/steering_report__rosidl_typesupport_fastrtps_cpp.hpp
[5.414s] -- Installing: /home/jmj/dream_ws/install/autoware_vehicle_msgs/include/autoware_vehicle_msgs/autoware_vehicle_msgs/msg/detail/gear_command__rosidl_typesupport_fastrtps_cpp.hpp
[5.414s] -- Installing: /home/jmj/dream_ws/install/autoware_vehicle_msgs/include/autoware_vehicle_msgs/autoware_vehicle_msgs/msg/detail/turn_indicators_command__rosidl_typesupport_fastrtps_cpp.hpp
[5.414s] -- Installing: /home/jmj/dream_ws/install/autoware_vehicle_msgs/include/autoware_vehicle_msgs/autoware_vehicle_msgs/msg/detail/turn_indicators_report__rosidl_typesupport_fastrtps_cpp.hpp
[5.414s] -- Installing: /home/jmj/dream_ws/install/autoware_vehicle_msgs/include/autoware_vehicle_msgs/autoware_vehicle_msgs/msg/detail/gear_report__rosidl_typesupport_fastrtps_cpp.hpp
[5.414s] -- Installing: /home/jmj/dream_ws/install/autoware_vehicle_msgs/include/autoware_vehicle_msgs/autoware_vehicle_msgs/msg/detail/hazard_lights_command__rosidl_typesupport_fastrtps_cpp.hpp
[5.414s] -- Installing: /home/jmj/dream_ws/install/autoware_vehicle_msgs/include/autoware_vehicle_msgs/autoware_vehicle_msgs/msg/rosidl_typesupport_fastrtps_cpp__visibility_control.h
[5.414s] -- Installing: /home/jmj/dream_ws/install/autoware_vehicle_msgs/lib/libautoware_vehicle_msgs__rosidl_typesupport_fastrtps_cpp.so
[5.414s] -- Set runtime path of "/home/jmj/dream_ws/install/autoware_vehicle_msgs/lib/libautoware_vehicle_msgs__rosidl_typesupport_fastrtps_cpp.so" to ""
[5.414s] -- Up-to-date: /home/jmj/dream_ws/install/autoware_vehicle_msgs/include/autoware_vehicle_msgs/autoware_vehicle_msgs
[5.414s] -- Up-to-date: /home/jmj/dream_ws/install/autoware_vehicle_msgs/include/autoware_vehicle_msgs/autoware_vehicle_msgs/srv
[5.414s] -- Up-to-date: /home/jmj/dream_ws/install/autoware_vehicle_msgs/include/autoware_vehicle_msgs/autoware_vehicle_msgs/srv/detail
[5.414s] -- Installing: /home/jmj/dream_ws/install/autoware_vehicle_msgs/include/autoware_vehicle_msgs/autoware_vehicle_msgs/srv/detail/control_mode_command__rosidl_typesupport_introspection_c.h
[5.414s] -- Installing: /home/jmj/dream_ws/install/autoware_vehicle_msgs/include/autoware_vehicle_msgs/autoware_vehicle_msgs/srv/detail/control_mode_command__type_support.c
[5.414s] -- Up-to-date: /home/jmj/dream_ws/install/autoware_vehicle_msgs/include/autoware_vehicle_msgs/autoware_vehicle_msgs/msg
[5.414s] -- Up-to-date: /home/jmj/dream_ws/install/autoware_vehicle_msgs/include/autoware_vehicle_msgs/autoware_vehicle_msgs/msg/detail
[5.414s] -- Installing: /home/jmj/dream_ws/install/autoware_vehicle_msgs/include/autoware_vehicle_msgs/autoware_vehicle_msgs/msg/detail/control_mode_report__rosidl_typesupport_introspection_c.h
[5.414s] -- Installing: /home/jmj/dream_ws/install/autoware_vehicle_msgs/include/autoware_vehicle_msgs/autoware_vehicle_msgs/msg/detail/engage__type_support.c
[5.414s] -- Installing: /home/jmj/dream_ws/install/autoware_vehicle_msgs/include/autoware_vehicle_msgs/autoware_vehicle_msgs/msg/detail/turn_indicators_report__rosidl_typesupport_introspection_c.h
[5.414s] -- Installing: /home/jmj/dream_ws/install/autoware_vehicle_msgs/include/autoware_vehicle_msgs/autoware_vehicle_msgs/msg/detail/velocity_report__rosidl_typesupport_introspection_c.h
[5.415s] -- Installing: /home/jmj/dream_ws/install/autoware_vehicle_msgs/include/autoware_vehicle_msgs/autoware_vehicle_msgs/msg/detail/control_mode_report__type_support.c
[5.415s] -- Installing: /home/jmj/dream_ws/install/autoware_vehicle_msgs/include/autoware_vehicle_msgs/autoware_vehicle_msgs/msg/detail/gear_command__type_support.c
[5.415s] -- Installing: /home/jmj/dream_ws/install/autoware_vehicle_msgs/include/autoware_vehicle_msgs/autoware_vehicle_msgs/msg/detail/hazard_lights_report__type_support.c
[5.415s] -- Installing: /home/jmj/dream_ws/install/autoware_vehicle_msgs/include/autoware_vehicle_msgs/autoware_vehicle_msgs/msg/detail/turn_indicators_report__type_support.c
[5.415s] -- Installing: /home/jmj/dream_ws/install/autoware_vehicle_msgs/include/autoware_vehicle_msgs/autoware_vehicle_msgs/msg/detail/turn_indicators_command__rosidl_typesupport_introspection_c.h
[5.415s] -- Installing: /home/jmj/dream_ws/install/autoware_vehicle_msgs/include/autoware_vehicle_msgs/autoware_vehicle_msgs/msg/detail/turn_indicators_command__type_support.c
[5.415s] -- Installing: /home/jmj/dream_ws/install/autoware_vehicle_msgs/include/autoware_vehicle_msgs/autoware_vehicle_msgs/msg/detail/velocity_report__type_support.c
[5.415s] -- Installing: /home/jmj/dream_ws/install/autoware_vehicle_msgs/include/autoware_vehicle_msgs/autoware_vehicle_msgs/msg/detail/steering_report__rosidl_typesupport_introspection_c.h
[5.415s] -- Installing: /home/jmj/dream_ws/install/autoware_vehicle_msgs/include/autoware_vehicle_msgs/autoware_vehicle_msgs/msg/detail/hazard_lights_command__type_support.c
[5.415s] -- Installing: /home/jmj/dream_ws/install/autoware_vehicle_msgs/include/autoware_vehicle_msgs/autoware_vehicle_msgs/msg/detail/engage__rosidl_typesupport_introspection_c.h
[5.415s] -- Installing: /home/jmj/dream_ws/install/autoware_vehicle_msgs/include/autoware_vehicle_msgs/autoware_vehicle_msgs/msg/detail/gear_command__rosidl_typesupport_introspection_c.h
[5.415s] -- Installing: /home/jmj/dream_ws/install/autoware_vehicle_msgs/include/autoware_vehicle_msgs/autoware_vehicle_msgs/msg/detail/steering_report__type_support.c
[5.415s] -- Installing: /home/jmj/dream_ws/install/autoware_vehicle_msgs/include/autoware_vehicle_msgs/autoware_vehicle_msgs/msg/detail/hazard_lights_report__rosidl_typesupport_introspection_c.h
[5.415s] -- Installing: /home/jmj/dream_ws/install/autoware_vehicle_msgs/include/autoware_vehicle_msgs/autoware_vehicle_msgs/msg/detail/gear_report__type_support.c
[5.415s] -- Installing: /home/jmj/dream_ws/install/autoware_vehicle_msgs/include/autoware_vehicle_msgs/autoware_vehicle_msgs/msg/detail/gear_report__rosidl_typesupport_introspection_c.h
[5.415s] -- Installing: /home/jmj/dream_ws/install/autoware_vehicle_msgs/include/autoware_vehicle_msgs/autoware_vehicle_msgs/msg/detail/hazard_lights_command__rosidl_typesupport_introspection_c.h
[5.415s] -- Installing: /home/jmj/dream_ws/install/autoware_vehicle_msgs/include/autoware_vehicle_msgs/autoware_vehicle_msgs/msg/rosidl_typesupport_introspection_c__visibility_control.h
[5.415s] -- Installing: /home/jmj/dream_ws/install/autoware_vehicle_msgs/lib/libautoware_vehicle_msgs__rosidl_typesupport_introspection_c.so
[5.415s] -- Set runtime path of "/home/jmj/dream_ws/install/autoware_vehicle_msgs/lib/libautoware_vehicle_msgs__rosidl_typesupport_introspection_c.so" to ""
[5.415s] -- Installing: /home/jmj/dream_ws/install/autoware_vehicle_msgs/lib/libautoware_vehicle_msgs__rosidl_typesupport_c.so
[5.415s] -- Set runtime path of "/home/jmj/dream_ws/install/autoware_vehicle_msgs/lib/libautoware_vehicle_msgs__rosidl_typesupport_c.so" to ""
[5.416s] -- Up-to-date: /home/jmj/dream_ws/install/autoware_vehicle_msgs/include/autoware_vehicle_msgs/autoware_vehicle_msgs
[5.416s] -- Up-to-date: /home/jmj/dream_ws/install/autoware_vehicle_msgs/include/autoware_vehicle_msgs/autoware_vehicle_msgs/srv
[5.416s] -- Up-to-date: /home/jmj/dream_ws/install/autoware_vehicle_msgs/include/autoware_vehicle_msgs/autoware_vehicle_msgs/srv/detail
[5.416s] -- Installing: /home/jmj/dream_ws/install/autoware_vehicle_msgs/include/autoware_vehicle_msgs/autoware_vehicle_msgs/srv/detail/control_mode_command__type_support.cpp
[5.416s] -- Installing: /home/jmj/dream_ws/install/autoware_vehicle_msgs/include/autoware_vehicle_msgs/autoware_vehicle_msgs/srv/detail/control_mode_command__rosidl_typesupport_introspection_cpp.hpp
[5.416s] -- Up-to-date: /home/jmj/dream_ws/install/autoware_vehicle_msgs/include/autoware_vehicle_msgs/autoware_vehicle_msgs/msg
[5.416s] -- Up-to-date: /home/jmj/dream_ws/install/autoware_vehicle_msgs/include/autoware_vehicle_msgs/autoware_vehicle_msgs/msg/detail
[5.416s] -- Installing: /home/jmj/dream_ws/install/autoware_vehicle_msgs/include/autoware_vehicle_msgs/autoware_vehicle_msgs/msg/detail/steering_report__type_support.cpp
[5.416s] -- Installing: /home/jmj/dream_ws/install/autoware_vehicle_msgs/include/autoware_vehicle_msgs/autoware_vehicle_msgs/msg/detail/gear_command__type_support.cpp
[5.416s] -- Installing: /home/jmj/dream_ws/install/autoware_vehicle_msgs/include/autoware_vehicle_msgs/autoware_vehicle_msgs/msg/detail/control_mode_report__rosidl_typesupport_introspection_cpp.hpp
[5.416s] -- Installing: /home/jmj/dream_ws/install/autoware_vehicle_msgs/include/autoware_vehicle_msgs/autoware_vehicle_msgs/msg/detail/hazard_lights_report__type_support.cpp
[5.416s] -- Installing: /home/jmj/dream_ws/install/autoware_vehicle_msgs/include/autoware_vehicle_msgs/autoware_vehicle_msgs/msg/detail/hazard_lights_report__rosidl_typesupport_introspection_cpp.hpp
[5.416s] -- Installing: /home/jmj/dream_ws/install/autoware_vehicle_msgs/include/autoware_vehicle_msgs/autoware_vehicle_msgs/msg/detail/turn_indicators_report__rosidl_typesupport_introspection_cpp.hpp
[5.416s] -- Installing: /home/jmj/dream_ws/install/autoware_vehicle_msgs/include/autoware_vehicle_msgs/autoware_vehicle_msgs/msg/detail/hazard_lights_command__rosidl_typesupport_introspection_cpp.hpp
[5.416s] -- Installing: /home/jmj/dream_ws/install/autoware_vehicle_msgs/include/autoware_vehicle_msgs/autoware_vehicle_msgs/msg/detail/velocity_report__type_support.cpp
[5.416s] -- Installing: /home/jmj/dream_ws/install/autoware_vehicle_msgs/include/autoware_vehicle_msgs/autoware_vehicle_msgs/msg/detail/turn_indicators_command__type_support.cpp
[5.416s] -- Installing: /home/jmj/dream_ws/install/autoware_vehicle_msgs/include/autoware_vehicle_msgs/autoware_vehicle_msgs/msg/detail/engage__type_support.cpp
[5.416s] -- Installing: /home/jmj/dream_ws/install/autoware_vehicle_msgs/include/autoware_vehicle_msgs/autoware_vehicle_msgs/msg/detail/steering_report__rosidl_typesupport_introspection_cpp.hpp
[5.416s] -- Installing: /home/jmj/dream_ws/install/autoware_vehicle_msgs/include/autoware_vehicle_msgs/autoware_vehicle_msgs/msg/detail/engage__rosidl_typesupport_introspection_cpp.hpp
[5.416s] -- Installing: /home/jmj/dream_ws/install/autoware_vehicle_msgs/include/autoware_vehicle_msgs/autoware_vehicle_msgs/msg/detail/gear_command__rosidl_typesupport_introspection_cpp.hpp
[5.416s] -- Installing: /home/jmj/dream_ws/install/autoware_vehicle_msgs/include/autoware_vehicle_msgs/autoware_vehicle_msgs/msg/detail/control_mode_report__type_support.cpp
[5.416s] -- Installing: /home/jmj/dream_ws/install/autoware_vehicle_msgs/include/autoware_vehicle_msgs/autoware_vehicle_msgs/msg/detail/turn_indicators_report__type_support.cpp
[5.416s] -- Installing: /home/jmj/dream_ws/install/autoware_vehicle_msgs/include/autoware_vehicle_msgs/autoware_vehicle_msgs/msg/detail/gear_report__type_support.cpp
[5.416s] -- Installing: /home/jmj/dream_ws/install/autoware_vehicle_msgs/include/autoware_vehicle_msgs/autoware_vehicle_msgs/msg/detail/gear_report__rosidl_typesupport_introspection_cpp.hpp
[5.416s] -- Installing: /home/jmj/dream_ws/install/autoware_vehicle_msgs/include/autoware_vehicle_msgs/autoware_vehicle_msgs/msg/detail/turn_indicators_command__rosidl_typesupport_introspection_cpp.hpp
[5.416s] -- Installing: /home/jmj/dream_ws/install/autoware_vehicle_msgs/include/autoware_vehicle_msgs/autoware_vehicle_msgs/msg/detail/velocity_report__rosidl_typesupport_introspection_cpp.hpp
[5.416s] -- Installing: /home/jmj/dream_ws/install/autoware_vehicle_msgs/include/autoware_vehicle_msgs/autoware_vehicle_msgs/msg/detail/hazard_lights_command__type_support.cpp
[5.417s] -- Installing: /home/jmj/dream_ws/install/autoware_vehicle_msgs/lib/libautoware_vehicle_msgs__rosidl_typesupport_introspection_cpp.so
[5.417s] -- Set runtime path of "/home/jmj/dream_ws/install/autoware_vehicle_msgs/lib/libautoware_vehicle_msgs__rosidl_typesupport_introspection_cpp.so" to ""
[5.417s] -- Installing: /home/jmj/dream_ws/install/autoware_vehicle_msgs/lib/libautoware_vehicle_msgs__rosidl_typesupport_cpp.so
[5.417s] -- Set runtime path of "/home/jmj/dream_ws/install/autoware_vehicle_msgs/lib/libautoware_vehicle_msgs__rosidl_typesupport_cpp.so" to ""
[5.417s] -- Installing: /home/jmj/dream_ws/install/autoware_vehicle_msgs/share/autoware_vehicle_msgs/environment/pythonpath.sh
[5.417s] -- Installing: /home/jmj/dream_ws/install/autoware_vehicle_msgs/share/autoware_vehicle_msgs/environment/pythonpath.dsv
[5.417s] -- Installing: /home/jmj/dream_ws/install/autoware_vehicle_msgs/local/lib/python3.10/dist-packages/autoware_vehicle_msgs-1.8.0-py3.10.egg-info
[5.417s] -- Installing: /home/jmj/dream_ws/install/autoware_vehicle_msgs/local/lib/python3.10/dist-packages/autoware_vehicle_msgs-1.8.0-py3.10.egg-info/dependency_links.txt
[5.417s] -- Installing: /home/jmj/dream_ws/install/autoware_vehicle_msgs/local/lib/python3.10/dist-packages/autoware_vehicle_msgs-1.8.0-py3.10.egg-info/top_level.txt
[5.417s] -- Installing: /home/jmj/dream_ws/install/autoware_vehicle_msgs/local/lib/python3.10/dist-packages/autoware_vehicle_msgs-1.8.0-py3.10.egg-info/PKG-INFO
[5.417s] -- Installing: /home/jmj/dream_ws/install/autoware_vehicle_msgs/local/lib/python3.10/dist-packages/autoware_vehicle_msgs-1.8.0-py3.10.egg-info/SOURCES.txt
[5.417s] -- Installing: /home/jmj/dream_ws/install/autoware_vehicle_msgs/local/lib/python3.10/dist-packages/autoware_vehicle_msgs
[5.417s] -- Installing: /home/jmj/dream_ws/install/autoware_vehicle_msgs/local/lib/python3.10/dist-packages/autoware_vehicle_msgs/_autoware_vehicle_msgs_s.ep.rosidl_typesupport_c.c
[5.417s] -- Installing: /home/jmj/dream_ws/install/autoware_vehicle_msgs/local/lib/python3.10/dist-packages/autoware_vehicle_msgs/__init__.py
[5.417s] -- Installing: /home/jmj/dream_ws/install/autoware_vehicle_msgs/local/lib/python3.10/dist-packages/autoware_vehicle_msgs/srv
[5.417s] -- Installing: /home/jmj/dream_ws/install/autoware_vehicle_msgs/local/lib/python3.10/dist-packages/autoware_vehicle_msgs/srv/__init__.py
[5.417s] -- Installing: /home/jmj/dream_ws/install/autoware_vehicle_msgs/local/lib/python3.10/dist-packages/autoware_vehicle_msgs/srv/_control_mode_command_s.c
[5.417s] -- Installing: /home/jmj/dream_ws/install/autoware_vehicle_msgs/local/lib/python3.10/dist-packages/autoware_vehicle_msgs/srv/_control_mode_command.py
[5.417s] -- Installing: /home/jmj/dream_ws/install/autoware_vehicle_msgs/local/lib/python3.10/dist-packages/autoware_vehicle_msgs/_autoware_vehicle_msgs_s.ep.rosidl_typesupport_introspection_c.c
[5.417s] -- Installing: /home/jmj/dream_ws/install/autoware_vehicle_msgs/local/lib/python3.10/dist-packages/autoware_vehicle_msgs/autoware_vehicle_msgs_s__rosidl_typesupport_c.cpython-310-x86_64-linux-gnu.so
[5.418s] -- Installing: /home/jmj/dream_ws/install/autoware_vehicle_msgs/local/lib/python3.10/dist-packages/autoware_vehicle_msgs/libautoware_vehicle_msgs__rosidl_generator_py.so
[5.418s] -- Installing: /home/jmj/dream_ws/install/autoware_vehicle_msgs/local/lib/python3.10/dist-packages/autoware_vehicle_msgs/autoware_vehicle_msgs_s__rosidl_typesupport_fastrtps_c.cpython-310-x86_64-linux-gnu.so
[5.418s] -- Installing: /home/jmj/dream_ws/install/autoware_vehicle_msgs/local/lib/python3.10/dist-packages/autoware_vehicle_msgs/autoware_vehicle_msgs_s__rosidl_typesupport_introspection_c.cpython-310-x86_64-linux-gnu.so
[5.418s] -- Installing: /home/jmj/dream_ws/install/autoware_vehicle_msgs/local/lib/python3.10/dist-packages/autoware_vehicle_msgs/msg
[5.418s] -- Installing: /home/jmj/dream_ws/install/autoware_vehicle_msgs/local/lib/python3.10/dist-packages/autoware_vehicle_msgs/msg/_turn_indicators_report.py
[5.418s] -- Installing: /home/jmj/dream_ws/install/autoware_vehicle_msgs/local/lib/python3.10/dist-packages/autoware_vehicle_msgs/msg/_gear_command_s.c
[5.418s] -- Installing: /home/jmj/dream_ws/install/autoware_vehicle_msgs/local/lib/python3.10/dist-packages/autoware_vehicle_msgs/msg/_turn_indicators_report_s.c
[5.418s] -- Installing: /home/jmj/dream_ws/install/autoware_vehicle_msgs/local/lib/python3.10/dist-packages/autoware_vehicle_msgs/msg/__init__.py
[5.418s] -- Installing: /home/jmj/dream_ws/install/autoware_vehicle_msgs/local/lib/python3.10/dist-packages/autoware_vehicle_msgs/msg/_engage_s.c
[5.418s] -- Installing: /home/jmj/dream_ws/install/autoware_vehicle_msgs/local/lib/python3.10/dist-packages/autoware_vehicle_msgs/msg/_turn_indicators_command_s.c
[5.418s] -- Installing: /home/jmj/dream_ws/install/autoware_vehicle_msgs/local/lib/python3.10/dist-packages/autoware_vehicle_msgs/msg/_hazard_lights_report.py
[5.418s] -- Installing: /home/jmj/dream_ws/install/autoware_vehicle_msgs/local/lib/python3.10/dist-packages/autoware_vehicle_msgs/msg/_steering_report.py
[5.418s] -- Installing: /home/jmj/dream_ws/install/autoware_vehicle_msgs/local/lib/python3.10/dist-packages/autoware_vehicle_msgs/msg/_gear_command.py
[5.418s] -- Installing: /home/jmj/dream_ws/install/autoware_vehicle_msgs/local/lib/python3.10/dist-packages/autoware_vehicle_msgs/msg/_engage.py
[5.418s] -- Installing: /home/jmj/dream_ws/install/autoware_vehicle_msgs/local/lib/python3.10/dist-packages/autoware_vehicle_msgs/msg/_velocity_report.py
[5.418s] -- Installing: /home/jmj/dream_ws/install/autoware_vehicle_msgs/local/lib/python3.10/dist-packages/autoware_vehicle_msgs/msg/_turn_indicators_command.py
[5.418s] -- Installing: /home/jmj/dream_ws/install/autoware_vehicle_msgs/local/lib/python3.10/dist-packages/autoware_vehicle_msgs/msg/_hazard_lights_report_s.c
[5.418s] -- Installing: /home/jmj/dream_ws/install/autoware_vehicle_msgs/local/lib/python3.10/dist-packages/autoware_vehicle_msgs/msg/_gear_report_s.c
[5.418s] -- Installing: /home/jmj/dream_ws/install/autoware_vehicle_msgs/local/lib/python3.10/dist-packages/autoware_vehicle_msgs/msg/_control_mode_report.py
[5.418s] -- Installing: /home/jmj/dream_ws/install/autoware_vehicle_msgs/local/lib/python3.10/dist-packages/autoware_vehicle_msgs/msg/_gear_report.py
[5.418s] -- Installing: /home/jmj/dream_ws/install/autoware_vehicle_msgs/local/lib/python3.10/dist-packages/autoware_vehicle_msgs/msg/_hazard_lights_command_s.c
[5.418s] -- Installing: /home/jmj/dream_ws/install/autoware_vehicle_msgs/local/lib/python3.10/dist-packages/autoware_vehicle_msgs/msg/_control_mode_report_s.c
[5.418s] -- Installing: /home/jmj/dream_ws/install/autoware_vehicle_msgs/local/lib/python3.10/dist-packages/autoware_vehicle_msgs/msg/_steering_report_s.c
[5.418s] -- Installing: /home/jmj/dream_ws/install/autoware_vehicle_msgs/local/lib/python3.10/dist-packages/autoware_vehicle_msgs/msg/_velocity_report_s.c
[5.419s] -- Installing: /home/jmj/dream_ws/install/autoware_vehicle_msgs/local/lib/python3.10/dist-packages/autoware_vehicle_msgs/msg/_hazard_lights_command.py
[5.419s] -- Installing: /home/jmj/dream_ws/install/autoware_vehicle_msgs/local/lib/python3.10/dist-packages/autoware_vehicle_msgs/_autoware_vehicle_msgs_s.ep.rosidl_typesupport_fastrtps_c.c
[5.445s] Listing '/home/jmj/dream_ws/install/autoware_vehicle_msgs/local/lib/python3.10/dist-packages/autoware_vehicle_msgs'...
[5.445s] Compiling '/home/jmj/dream_ws/install/autoware_vehicle_msgs/local/lib/python3.10/dist-packages/autoware_vehicle_msgs/__init__.py'...
[5.445s] Listing '/home/jmj/dream_ws/install/autoware_vehicle_msgs/local/lib/python3.10/dist-packages/autoware_vehicle_msgs/msg'...
[5.445s] Compiling '/home/jmj/dream_ws/install/autoware_vehicle_msgs/local/lib/python3.10/dist-packages/autoware_vehicle_msgs/msg/__init__.py'...
[5.445s] Compiling '/home/jmj/dream_ws/install/autoware_vehicle_msgs/local/lib/python3.10/dist-packages/autoware_vehicle_msgs/msg/_control_mode_report.py'...
[5.445s] Compiling '/home/jmj/dream_ws/install/autoware_vehicle_msgs/local/lib/python3.10/dist-packages/autoware_vehicle_msgs/msg/_engage.py'...
[5.445s] Compiling '/home/jmj/dream_ws/install/autoware_vehicle_msgs/local/lib/python3.10/dist-packages/autoware_vehicle_msgs/msg/_gear_command.py'...
[5.445s] Compiling '/home/jmj/dream_ws/install/autoware_vehicle_msgs/local/lib/python3.10/dist-packages/autoware_vehicle_msgs/msg/_gear_report.py'...
[5.445s] Compiling '/home/jmj/dream_ws/install/autoware_vehicle_msgs/local/lib/python3.10/dist-packages/autoware_vehicle_msgs/msg/_hazard_lights_command.py'...
[5.446s] Compiling '/home/jmj/dream_ws/install/autoware_vehicle_msgs/local/lib/python3.10/dist-packages/autoware_vehicle_msgs/msg/_hazard_lights_report.py'...
[5.446s] Compiling '/home/jmj/dream_ws/install/autoware_vehicle_msgs/local/lib/python3.10/dist-packages/autoware_vehicle_msgs/msg/_steering_report.py'...
[5.446s] Compiling '/home/jmj/dream_ws/install/autoware_vehicle_msgs/local/lib/python3.10/dist-packages/autoware_vehicle_msgs/msg/_turn_indicators_command.py'...
[5.446s] Compiling '/home/jmj/dream_ws/install/autoware_vehicle_msgs/local/lib/python3.10/dist-packages/autoware_vehicle_msgs/msg/_turn_indicators_report.py'...
[5.446s] Compiling '/home/jmj/dream_ws/install/autoware_vehicle_msgs/local/lib/python3.10/dist-packages/autoware_vehicle_msgs/msg/_velocity_report.py'...
[5.446s] Listing '/home/jmj/dream_ws/install/autoware_vehicle_msgs/local/lib/python3.10/dist-packages/autoware_vehicle_msgs/srv'...
[5.446s] Compiling '/home/jmj/dream_ws/install/autoware_vehicle_msgs/local/lib/python3.10/dist-packages/autoware_vehicle_msgs/srv/__init__.py'...
[5.446s] Compiling '/home/jmj/dream_ws/install/autoware_vehicle_msgs/local/lib/python3.10/dist-packages/autoware_vehicle_msgs/srv/_control_mode_command.py'...
[5.448s] -- Installing: /home/jmj/dream_ws/install/autoware_vehicle_msgs/local/lib/python3.10/dist-packages/autoware_vehicle_msgs/autoware_vehicle_msgs_s__rosidl_typesupport_fastrtps_c.cpython-310-x86_64-linux-gnu.so
[5.448s] -- Set runtime path of "/home/jmj/dream_ws/install/autoware_vehicle_msgs/local/lib/python3.10/dist-packages/autoware_vehicle_msgs/autoware_vehicle_msgs_s__rosidl_typesupport_fastrtps_c.cpython-310-x86_64-linux-gnu.so" to ""
[5.448s] -- Installing: /home/jmj/dream_ws/install/autoware_vehicle_msgs/local/lib/python3.10/dist-packages/autoware_vehicle_msgs/autoware_vehicle_msgs_s__rosidl_typesupport_introspection_c.cpython-310-x86_64-linux-gnu.so
[5.448s] -- Set runtime path of "/home/jmj/dream_ws/install/autoware_vehicle_msgs/local/lib/python3.10/dist-packages/autoware_vehicle_msgs/autoware_vehicle_msgs_s__rosidl_typesupport_introspection_c.cpython-310-x86_64-linux-gnu.so" to ""
[5.448s] -- Installing: /home/jmj/dream_ws/install/autoware_vehicle_msgs/local/lib/python3.10/dist-packages/autoware_vehicle_msgs/autoware_vehicle_msgs_s__rosidl_typesupport_c.cpython-310-x86_64-linux-gnu.so
[5.449s] -- Set runtime path of "/home/jmj/dream_ws/install/autoware_vehicle_msgs/local/lib/python3.10/dist-packages/autoware_vehicle_msgs/autoware_vehicle_msgs_s__rosidl_typesupport_c.cpython-310-x86_64-linux-gnu.so" to ""
[5.449s] -- Installing: /home/jmj/dream_ws/install/autoware_vehicle_msgs/lib/libautoware_vehicle_msgs__rosidl_generator_py.so
[5.449s] -- Set runtime path of "/home/jmj/dream_ws/install/autoware_vehicle_msgs/lib/libautoware_vehicle_msgs__rosidl_generator_py.so" to ""
[5.449s] -- Installing: /home/jmj/dream_ws/install/autoware_vehicle_msgs/share/autoware_vehicle_msgs/msg/ControlModeReport.idl
[5.449s] -- Installing: /home/jmj/dream_ws/install/autoware_vehicle_msgs/share/autoware_vehicle_msgs/msg/Engage.idl
[5.449s] -- Installing: /home/jmj/dream_ws/install/autoware_vehicle_msgs/share/autoware_vehicle_msgs/msg/GearCommand.idl
[5.449s] -- Installing: /home/jmj/dream_ws/install/autoware_vehicle_msgs/share/autoware_vehicle_msgs/msg/GearReport.idl
[5.449s] -- Installing: /home/jmj/dream_ws/install/autoware_vehicle_msgs/share/autoware_vehicle_msgs/msg/HazardLightsCommand.idl
[5.449s] -- Installing: /home/jmj/dream_ws/install/autoware_vehicle_msgs/share/autoware_vehicle_msgs/msg/HazardLightsReport.idl
[5.449s] -- Installing: /home/jmj/dream_ws/install/autoware_vehicle_msgs/share/autoware_vehicle_msgs/msg/SteeringReport.idl
[5.449s] -- Installing: /home/jmj/dream_ws/install/autoware_vehicle_msgs/share/autoware_vehicle_msgs/msg/TurnIndicatorsCommand.idl
[5.449s] -- Installing: /home/jmj/dream_ws/install/autoware_vehicle_msgs/share/autoware_vehicle_msgs/msg/TurnIndicatorsReport.idl
[5.449s] -- Installing: /home/jmj/dream_ws/install/autoware_vehicle_msgs/share/autoware_vehicle_msgs/msg/VelocityReport.idl
[5.449s] -- Installing: /home/jmj/dream_ws/install/autoware_vehicle_msgs/share/autoware_vehicle_msgs/srv/ControlModeCommand.idl
[5.449s] -- Installing: /home/jmj/dream_ws/install/autoware_vehicle_msgs/share/autoware_vehicle_msgs/msg/ControlModeReport.msg
[5.449s] -- Installing: /home/jmj/dream_ws/install/autoware_vehicle_msgs/share/autoware_vehicle_msgs/msg/Engage.msg
[5.449s] -- Installing: /home/jmj/dream_ws/install/autoware_vehicle_msgs/share/autoware_vehicle_msgs/msg/GearCommand.msg
[5.449s] -- Installing: /home/jmj/dream_ws/install/autoware_vehicle_msgs/share/autoware_vehicle_msgs/msg/GearReport.msg
[5.449s] -- Installing: /home/jmj/dream_ws/install/autoware_vehicle_msgs/share/autoware_vehicle_msgs/msg/HazardLightsCommand.msg
[5.450s] -- Installing: /home/jmj/dream_ws/install/autoware_vehicle_msgs/share/autoware_vehicle_msgs/msg/HazardLightsReport.msg
[5.450s] -- Installing: /home/jmj/dream_ws/install/autoware_vehicle_msgs/share/autoware_vehicle_msgs/msg/SteeringReport.msg
[5.450s] -- Installing: /home/jmj/dream_ws/install/autoware_vehicle_msgs/share/autoware_vehicle_msgs/msg/TurnIndicatorsCommand.msg
[5.450s] -- Installing: /home/jmj/dream_ws/install/autoware_vehicle_msgs/share/autoware_vehicle_msgs/msg/TurnIndicatorsReport.msg
[5.450s] -- Installing: /home/jmj/dream_ws/install/autoware_vehicle_msgs/share/autoware_vehicle_msgs/msg/VelocityReport.msg
[5.450s] -- Installing: /home/jmj/dream_ws/install/autoware_vehicle_msgs/share/autoware_vehicle_msgs/srv/ControlModeCommand.srv
[5.450s] -- Installing: /home/jmj/dream_ws/install/autoware_vehicle_msgs/share/autoware_vehicle_msgs/srv/ControlModeCommand_Request.msg
[5.450s] -- Installing: /home/jmj/dream_ws/install/autoware_vehicle_msgs/share/autoware_vehicle_msgs/srv/ControlModeCommand_Response.msg
[5.450s] -- Installing: /home/jmj/dream_ws/install/autoware_vehicle_msgs/share/ament_index/resource_index/package_run_dependencies/autoware_vehicle_msgs
[5.450s] -- Installing: /home/jmj/dream_ws/install/autoware_vehicle_msgs/share/ament_index/resource_index/parent_prefix_path/autoware_vehicle_msgs
[5.450s] -- Installing: /home/jmj/dream_ws/install/autoware_vehicle_msgs/share/autoware_vehicle_msgs/environment/ament_prefix_path.sh
[5.450s] -- Installing: /home/jmj/dream_ws/install/autoware_vehicle_msgs/share/autoware_vehicle_msgs/environment/ament_prefix_path.dsv
[5.450s] -- Installing: /home/jmj/dream_ws/install/autoware_vehicle_msgs/share/autoware_vehicle_msgs/environment/path.sh
[5.450s] -- Installing: /home/jmj/dream_ws/install/autoware_vehicle_msgs/share/autoware_vehicle_msgs/environment/path.dsv
[5.450s] -- Installing: /home/jmj/dream_ws/install/autoware_vehicle_msgs/share/autoware_vehicle_msgs/local_setup.bash
[5.450s] -- Installing: /home/jmj/dream_ws/install/autoware_vehicle_msgs/share/autoware_vehicle_msgs/local_setup.sh
[5.450s] -- Installing: /home/jmj/dream_ws/install/autoware_vehicle_msgs/share/autoware_vehicle_msgs/local_setup.zsh
[5.450s] -- Installing: /home/jmj/dream_ws/install/autoware_vehicle_msgs/share/autoware_vehicle_msgs/local_setup.dsv
[5.450s] -- Installing: /home/jmj/dream_ws/install/autoware_vehicle_msgs/share/autoware_vehicle_msgs/package.dsv
[5.450s] -- Installing: /home/jmj/dream_ws/install/autoware_vehicle_msgs/share/ament_index/resource_index/packages/autoware_vehicle_msgs
[5.451s] -- Installing: /home/jmj/dream_ws/install/autoware_vehicle_msgs/share/autoware_vehicle_msgs/cmake/export_autoware_vehicle_msgs__rosidl_generator_cExport.cmake
[5.451s] -- Installing: /home/jmj/dream_ws/install/autoware_vehicle_msgs/share/autoware_vehicle_msgs/cmake/export_autoware_vehicle_msgs__rosidl_generator_cExport-noconfig.cmake
[5.451s] -- Installing: /home/jmj/dream_ws/install/autoware_vehicle_msgs/share/autoware_vehicle_msgs/cmake/export_autoware_vehicle_msgs__rosidl_typesupport_fastrtps_cExport.cmake
[5.451s] -- Installing: /home/jmj/dream_ws/install/autoware_vehicle_msgs/share/autoware_vehicle_msgs/cmake/export_autoware_vehicle_msgs__rosidl_typesupport_fastrtps_cExport-noconfig.cmake
[5.451s] -- Installing: /home/jmj/dream_ws/install/autoware_vehicle_msgs/share/autoware_vehicle_msgs/cmake/export_autoware_vehicle_msgs__rosidl_generator_cppExport.cmake
[5.451s] -- Installing: /home/jmj/dream_ws/install/autoware_vehicle_msgs/share/autoware_vehicle_msgs/cmake/export_autoware_vehicle_msgs__rosidl_typesupport_fastrtps_cppExport.cmake
[5.451s] -- Installing: /home/jmj/dream_ws/install/autoware_vehicle_msgs/share/autoware_vehicle_msgs/cmake/export_autoware_vehicle_msgs__rosidl_typesupport_fastrtps_cppExport-noconfig.cmake
[5.451s] -- Installing: /home/jmj/dream_ws/install/autoware_vehicle_msgs/share/autoware_vehicle_msgs/cmake/autoware_vehicle_msgs__rosidl_typesupport_introspection_cExport.cmake
[5.451s] -- Installing: /home/jmj/dream_ws/install/autoware_vehicle_msgs/share/autoware_vehicle_msgs/cmake/autoware_vehicle_msgs__rosidl_typesupport_introspection_cExport-noconfig.cmake
[5.451s] -- Installing: /home/jmj/dream_ws/install/autoware_vehicle_msgs/share/autoware_vehicle_msgs/cmake/autoware_vehicle_msgs__rosidl_typesupport_cExport.cmake
[5.451s] -- Installing: /home/jmj/dream_ws/install/autoware_vehicle_msgs/share/autoware_vehicle_msgs/cmake/autoware_vehicle_msgs__rosidl_typesupport_cExport-noconfig.cmake
[5.451s] -- Installing: /home/jmj/dream_ws/install/autoware_vehicle_msgs/share/autoware_vehicle_msgs/cmake/autoware_vehicle_msgs__rosidl_typesupport_introspection_cppExport.cmake
[5.451s] -- Installing: /home/jmj/dream_ws/install/autoware_vehicle_msgs/share/autoware_vehicle_msgs/cmake/autoware_vehicle_msgs__rosidl_typesupport_introspection_cppExport-noconfig.cmake
[5.451s] -- Installing: /home/jmj/dream_ws/install/autoware_vehicle_msgs/share/autoware_vehicle_msgs/cmake/autoware_vehicle_msgs__rosidl_typesupport_cppExport.cmake
[5.451s] -- Installing: /home/jmj/dream_ws/install/autoware_vehicle_msgs/share/autoware_vehicle_msgs/cmake/autoware_vehicle_msgs__rosidl_typesupport_cppExport-noconfig.cmake
[5.451s] -- Installing: /home/jmj/dream_ws/install/autoware_vehicle_msgs/share/autoware_vehicle_msgs/cmake/export_autoware_vehicle_msgs__rosidl_generator_pyExport.cmake
[5.451s] -- Installing: /home/jmj/dream_ws/install/autoware_vehicle_msgs/share/autoware_vehicle_msgs/cmake/export_autoware_vehicle_msgs__rosidl_generator_pyExport-noconfig.cmake
[5.452s] -- Installing: /home/jmj/dream_ws/install/autoware_vehicle_msgs/share/autoware_vehicle_msgs/cmake/rosidl_cmake-extras.cmake
[5.452s] -- Installing: /home/jmj/dream_ws/install/autoware_vehicle_msgs/share/autoware_vehicle_msgs/cmake/ament_cmake_export_dependencies-extras.cmake
[5.452s] -- Installing: /home/jmj/dream_ws/install/autoware_vehicle_msgs/share/autoware_vehicle_msgs/cmake/ament_cmake_export_include_directories-extras.cmake
[5.452s] -- Installing: /home/jmj/dream_ws/install/autoware_vehicle_msgs/share/autoware_vehicle_msgs/cmake/ament_cmake_export_libraries-extras.cmake
[5.452s] -- Installing: /home/jmj/dream_ws/install/autoware_vehicle_msgs/share/autoware_vehicle_msgs/cmake/ament_cmake_export_targets-extras.cmake
[5.452s] -- Installing: /home/jmj/dream_ws/install/autoware_vehicle_msgs/share/autoware_vehicle_msgs/cmake/rosidl_cmake_export_typesupport_targets-extras.cmake
[5.452s] -- Installing: /home/jmj/dream_ws/install/autoware_vehicle_msgs/share/autoware_vehicle_msgs/cmake/rosidl_cmake_export_typesupport_libraries-extras.cmake
[5.452s] -- Installing: /home/jmj/dream_ws/install/autoware_vehicle_msgs/share/autoware_vehicle_msgs/cmake/autoware_vehicle_msgsConfig.cmake
[5.452s] -- Installing: /home/jmj/dream_ws/install/autoware_vehicle_msgs/share/autoware_vehicle_msgs/cmake/autoware_vehicle_msgsConfig-version.cmake
[5.452s] -- Installing: /home/jmj/dream_ws/install/autoware_vehicle_msgs/share/autoware_vehicle_msgs/package.xml
[5.454s] Invoked command in '/home/jmj/dream_ws/build/autoware_vehicle_msgs' returned '0': AMENT_PREFIX_PATH=/home/jmj/dream_ws/install/autoware_planning_msgs:${AMENT_PREFIX_PATH} CMAKE_PREFIX_PATH=/home/jmj/dream_ws/install/autoware_planning_msgs:/home/jmj/aw_data_ws/install/autoware_msgs:/home/jmj/aw_data_ws/install/autoware_vehicle_msgs:/home/jmj/aw_data_ws/install/autoware_v2x_msgs:/home/jmj/aw_data_ws/install/autoware_system_msgs:/home/jmj/aw_data_ws/install/autoware_sensing_msgs:/home/jmj/aw_data_ws/install/autoware_planning_msgs:/home/jmj/aw_data_ws/install/autoware_perception_msgs:/home/jmj/aw_data_ws/install/autoware_map_msgs:/home/jmj/aw_data_ws/install/autoware_localization_msgs:/home/jmj/aw_data_ws/install/autoware_control_msgs:/home/jmj/aw_data_ws/install/autoware_common_msgs:/home/jmj/dream_ws/install/dream:/opt/ros/humble LD_LIBRARY_PATH=/home/jmj/dream_ws/install/autoware_planning_msgs/lib:${LD_LIBRARY_PATH} PYTHONPATH=/home/jmj/dream_ws/install/autoware_planning_msgs/local/lib/python3.10/dist-packages:${PYTHONPATH} /usr/bin/cmake --install /home/jmj/dream_ws/build/autoware_vehicle_msgs
