[0.017s] Invoking command in '/home/jmj/dream_ws/build/autoware_system_msgs': CMAKE_PREFIX_PATH=/opt/ros/humble /usr/bin/cmake --build /home/jmj/dream_ws/build/autoware_system_msgs -- -j20 -l20
[0.043s] [35m[1mConsolidate compiler generated dependencies of target autoware_system_msgs__rosidl_generator_c[0m
[0.055s] [ 10%] Built target autoware_system_msgs__rosidl_generator_c
[0.057s] [ 12%] Built target autoware_system_msgs__cpp
[0.068s] [35m[1mConsolidate compiler generated dependencies of target autoware_system_msgs__rosidl_typesupport_fastrtps_c[0m
[0.072s] [ 12%] Built target ament_cmake_python_copy_autoware_system_msgs
[0.076s] [35m[1mConsolidate compiler generated dependencies of target autoware_system_msgs__rosidl_typesupport_introspection_c[0m
[0.079s] [35m[1mConsolidate compiler generated dependencies of target autoware_system_msgs__rosidl_typesupport_fastrtps_cpp[0m
[0.086s] [35m[1mConsolidate compiler generated dependencies of target autoware_system_msgs__rosidl_typesupport_c[0m
[0.089s] [35m[1mConsolidate compiler generated dependencies of target autoware_system_msgs__rosidl_typesupport_introspection_cpp[0m
[0.090s] [35m[1mConsolidate compiler generated dependencies of target autoware_system_msgs__rosidl_typesupport_cpp[0m
[0.094s] [ 23%] Built target autoware_system_msgs__rosidl_typesupport_fastrtps_c
[0.102s] [ 34%] Built target autoware_system_msgs__rosidl_typesupport_c
[0.102s] [ 44%] Built target autoware_system_msgs__rosidl_typesupport_introspection_c
[0.109s] [ 55%] Built target autoware_system_msgs__rosidl_typesupport_fastrtps_cpp
[0.113s] [ 65%] Built target autoware_system_msgs__rosidl_typesupport_introspection_cpp
[0.113s] [ 76%] Built target autoware_system_msgs__rosidl_typesupport_cpp
[0.138s] [ 76%] Built target autoware_system_msgs
[0.157s] [ 78%] Built target autoware_system_msgs__py
[0.166s] [35m[1mConsolidate compiler generated dependencies of target autoware_system_msgs__rosidl_generator_py[0m
[0.178s] [ 87%] Built target autoware_system_msgs__rosidl_generator_py
[0.189s] [35m[1mConsolidate compiler generated dependencies of target autoware_system_msgs__rosidl_typesupport_fastrtps_c__pyext[0m
[0.190s] [35m[1mConsolidate compiler generated dependencies of target autoware_system_msgs__rosidl_typesupport_introspection_c__pyext[0m
[0.196s] [35m[1mConsolidate compiler generated dependencies of target autoware_system_msgs__rosidl_typesupport_c__pyext[0m
[0.205s] [ 91%] Built target autoware_system_msgs__rosidl_typesupport_introspection_c__pyext
[0.209s] [100%] Built target autoware_system_msgs__rosidl_typesupport_fastrtps_c__pyext
[0.209s] [100%] Built target autoware_system_msgs__rosidl_typesupport_c__pyext
[0.308s] running egg_info
[0.309s] writing autoware_system_msgs.egg-info/PKG-INFO
[0.309s] writing dependency_links to autoware_system_msgs.egg-info/dependency_links.txt
[0.309s] writing top-level names to autoware_system_msgs.egg-info/top_level.txt
[0.311s] reading manifest file 'autoware_system_msgs.egg-info/SOURCES.txt'
[0.312s] writing manifest file 'autoware_system_msgs.egg-info/SOURCES.txt'
[0.343s] [100%] Built target ament_cmake_python_build_autoware_system_msgs_egg
[0.372s] Invoked command in '/home/jmj/dream_ws/build/autoware_system_msgs' returned '0': CMAKE_PREFIX_PATH=/opt/ros/humble /usr/bin/cmake --build /home/jmj/dream_ws/build/autoware_system_msgs -- -j20 -l20
[0.386s] Invoking command in '/home/jmj/dream_ws/build/autoware_system_msgs': CMAKE_PREFIX_PATH=/opt/ros/humble /usr/bin/cmake --install /home/jmj/dream_ws/build/autoware_system_msgs
[0.388s] -- Install configuration: ""
[0.388s] -- Up-to-date: /home/jmj/dream_ws/install/autoware_system_msgs/share/ament_index/resource_index/rosidl_interfaces/autoware_system_msgs
[0.388s] -- Up-to-date: /home/jmj/dream_ws/install/autoware_system_msgs/include/autoware_system_msgs/autoware_system_msgs
[0.388s] -- Up-to-date: /home/jmj/dream_ws/install/autoware_system_msgs/include/autoware_system_msgs/autoware_system_msgs/msg
[0.388s] -- Up-to-date: /home/jmj/dream_ws/install/autoware_system_msgs/include/autoware_system_msgs/autoware_system_msgs/msg/hazard_status_stamped.h
[0.388s] -- Up-to-date: /home/jmj/dream_ws/install/autoware_system_msgs/include/autoware_system_msgs/autoware_system_msgs/msg/rosidl_generator_c__visibility_control.h
[0.388s] -- Up-to-date: /home/jmj/dream_ws/install/autoware_system_msgs/include/autoware_system_msgs/autoware_system_msgs/msg/detail
[0.388s] -- Up-to-date: /home/jmj/dream_ws/install/autoware_system_msgs/include/autoware_system_msgs/autoware_system_msgs/msg/detail/hazard_status_stamped__type_support.h
[0.388s] -- Up-to-date: /home/jmj/dream_ws/install/autoware_system_msgs/include/autoware_system_msgs/autoware_system_msgs/msg/detail/autoware_state__struct.h
[0.388s] -- Up-to-date: /home/jmj/dream_ws/install/autoware_system_msgs/include/autoware_system_msgs/autoware_system_msgs/msg/detail/autoware_state__type_support.h
[0.388s] -- Up-to-date: /home/jmj/dream_ws/install/autoware_system_msgs/include/autoware_system_msgs/autoware_system_msgs/msg/detail/autoware_state__functions.h
[0.388s] -- Up-to-date: /home/jmj/dream_ws/install/autoware_system_msgs/include/autoware_system_msgs/autoware_system_msgs/msg/detail/autoware_state__functions.c
[0.388s] -- Up-to-date: /home/jmj/dream_ws/install/autoware_system_msgs/include/autoware_system_msgs/autoware_system_msgs/msg/detail/hazard_status__struct.h
[0.388s] -- Up-to-date: /home/jmj/dream_ws/install/autoware_system_msgs/include/autoware_system_msgs/autoware_system_msgs/msg/detail/hazard_status_stamped__struct.h
[0.388s] -- Up-to-date: /home/jmj/dream_ws/install/autoware_system_msgs/include/autoware_system_msgs/autoware_system_msgs/msg/detail/hazard_status__functions.c
[0.388s] -- Up-to-date: /home/jmj/dream_ws/install/autoware_system_msgs/include/autoware_system_msgs/autoware_system_msgs/msg/detail/hazard_status_stamped__functions.c
[0.388s] -- Up-to-date: /home/jmj/dream_ws/install/autoware_system_msgs/include/autoware_system_msgs/autoware_system_msgs/msg/detail/hazard_status__type_support.h
[0.388s] -- Up-to-date: /home/jmj/dream_ws/install/autoware_system_msgs/include/autoware_system_msgs/autoware_system_msgs/msg/detail/hazard_status_stamped__functions.h
[0.388s] -- Up-to-date: /home/jmj/dream_ws/install/autoware_system_msgs/include/autoware_system_msgs/autoware_system_msgs/msg/detail/hazard_status__functions.h
[0.388s] -- Up-to-date: /home/jmj/dream_ws/install/autoware_system_msgs/include/autoware_system_msgs/autoware_system_msgs/msg/autoware_state.h
[0.388s] -- Up-to-date: /home/jmj/dream_ws/install/autoware_system_msgs/include/autoware_system_msgs/autoware_system_msgs/msg/hazard_status.h
[0.389s] -- Up-to-date: /home/jmj/dream_ws/install/autoware_system_msgs/share/autoware_system_msgs/environment/library_path.sh
[0.389s] -- Up-to-date: /home/jmj/dream_ws/install/autoware_system_msgs/share/autoware_system_msgs/environment/library_path.dsv
[0.389s] -- Up-to-date: /home/jmj/dream_ws/install/autoware_system_msgs/lib/libautoware_system_msgs__rosidl_generator_c.so
[0.390s] -- Up-to-date: /home/jmj/dream_ws/install/autoware_system_msgs/include/autoware_system_msgs/autoware_system_msgs
[0.390s] -- Up-to-date: /home/jmj/dream_ws/install/autoware_system_msgs/include/autoware_system_msgs/autoware_system_msgs/msg
[0.390s] -- Up-to-date: /home/jmj/dream_ws/install/autoware_system_msgs/include/autoware_system_msgs/autoware_system_msgs/msg/detail
[0.390s] -- Up-to-date: /home/jmj/dream_ws/install/autoware_system_msgs/include/autoware_system_msgs/autoware_system_msgs/msg/detail/autoware_state__rosidl_typesupport_fastrtps_c.h
[0.390s] -- Up-to-date: /home/jmj/dream_ws/install/autoware_system_msgs/include/autoware_system_msgs/autoware_system_msgs/msg/detail/hazard_status__rosidl_typesupport_fastrtps_c.h
[0.390s] -- Up-to-date: /home/jmj/dream_ws/install/autoware_system_msgs/include/autoware_system_msgs/autoware_system_msgs/msg/detail/hazard_status_stamped__rosidl_typesupport_fastrtps_c.h
[0.390s] -- Up-to-date: /home/jmj/dream_ws/install/autoware_system_msgs/include/autoware_system_msgs/autoware_system_msgs/msg/rosidl_typesupport_fastrtps_c__visibility_control.h
[0.390s] -- Up-to-date: /home/jmj/dream_ws/install/autoware_system_msgs/lib/libautoware_system_msgs__rosidl_typesupport_fastrtps_c.so
[0.390s] -- Up-to-date: /home/jmj/dream_ws/install/autoware_system_msgs/include/autoware_system_msgs/autoware_system_msgs
[0.390s] -- Up-to-date: /home/jmj/dream_ws/install/autoware_system_msgs/include/autoware_system_msgs/autoware_system_msgs/msg
[0.390s] -- Up-to-date: /home/jmj/dream_ws/install/autoware_system_msgs/include/autoware_system_msgs/autoware_system_msgs/msg/detail
[0.390s] -- Up-to-date: /home/jmj/dream_ws/install/autoware_system_msgs/include/autoware_system_msgs/autoware_system_msgs/msg/detail/autoware_state__rosidl_typesupport_introspection_c.h
[0.390s] -- Up-to-date: /home/jmj/dream_ws/install/autoware_system_msgs/include/autoware_system_msgs/autoware_system_msgs/msg/detail/autoware_state__type_support.c
[0.390s] -- Up-to-date: /home/jmj/dream_ws/install/autoware_system_msgs/include/autoware_system_msgs/autoware_system_msgs/msg/detail/hazard_status_stamped__type_support.c
[0.390s] -- Up-to-date: /home/jmj/dream_ws/install/autoware_system_msgs/include/autoware_system_msgs/autoware_system_msgs/msg/detail/hazard_status__type_support.c
[0.390s] -- Up-to-date: /home/jmj/dream_ws/install/autoware_system_msgs/include/autoware_system_msgs/autoware_system_msgs/msg/detail/hazard_status__rosidl_typesupport_introspection_c.h
[0.390s] -- Up-to-date: /home/jmj/dream_ws/install/autoware_system_msgs/include/autoware_system_msgs/autoware_system_msgs/msg/detail/hazard_status_stamped__rosidl_typesupport_introspection_c.h
[0.390s] -- Up-to-date: /home/jmj/dream_ws/install/autoware_system_msgs/include/autoware_system_msgs/autoware_system_msgs/msg/rosidl_typesupport_introspection_c__visibility_control.h
[0.390s] -- Up-to-date: /home/jmj/dream_ws/install/autoware_system_msgs/lib/libautoware_system_msgs__rosidl_typesupport_introspection_c.so
[0.390s] -- Up-to-date: /home/jmj/dream_ws/install/autoware_system_msgs/lib/libautoware_system_msgs__rosidl_typesupport_c.so
[0.390s] -- Up-to-date: /home/jmj/dream_ws/install/autoware_system_msgs/include/autoware_system_msgs/autoware_system_msgs
[0.391s] -- Up-to-date: /home/jmj/dream_ws/install/autoware_system_msgs/include/autoware_system_msgs/autoware_system_msgs/msg
[0.391s] -- Up-to-date: /home/jmj/dream_ws/install/autoware_system_msgs/include/autoware_system_msgs/autoware_system_msgs/msg/detail
[0.391s] -- Up-to-date: /home/jmj/dream_ws/install/autoware_system_msgs/include/autoware_system_msgs/autoware_system_msgs/msg/detail/autoware_state__traits.hpp
[0.391s] -- Up-to-date: /home/jmj/dream_ws/install/autoware_system_msgs/include/autoware_system_msgs/autoware_system_msgs/msg/detail/hazard_status__traits.hpp
[0.391s] -- Up-to-date: /home/jmj/dream_ws/install/autoware_system_msgs/include/autoware_system_msgs/autoware_system_msgs/msg/detail/autoware_state__struct.hpp
[0.391s] -- Up-to-date: /home/jmj/dream_ws/install/autoware_system_msgs/include/autoware_system_msgs/autoware_system_msgs/msg/detail/hazard_status_stamped__struct.hpp
[0.391s] -- Up-to-date: /home/jmj/dream_ws/install/autoware_system_msgs/include/autoware_system_msgs/autoware_system_msgs/msg/detail/hazard_status__type_support.hpp
[0.391s] -- Up-to-date: /home/jmj/dream_ws/install/autoware_system_msgs/include/autoware_system_msgs/autoware_system_msgs/msg/detail/hazard_status_stamped__builder.hpp
[0.391s] -- Up-to-date: /home/jmj/dream_ws/install/autoware_system_msgs/include/autoware_system_msgs/autoware_system_msgs/msg/detail/hazard_status__struct.hpp
[0.391s] -- Up-to-date: /home/jmj/dream_ws/install/autoware_system_msgs/include/autoware_system_msgs/autoware_system_msgs/msg/detail/hazard_status_stamped__traits.hpp
[0.391s] -- Up-to-date: /home/jmj/dream_ws/install/autoware_system_msgs/include/autoware_system_msgs/autoware_system_msgs/msg/detail/hazard_status__builder.hpp
[0.391s] -- Up-to-date: /home/jmj/dream_ws/install/autoware_system_msgs/include/autoware_system_msgs/autoware_system_msgs/msg/detail/autoware_state__builder.hpp
[0.391s] -- Up-to-date: /home/jmj/dream_ws/install/autoware_system_msgs/include/autoware_system_msgs/autoware_system_msgs/msg/detail/autoware_state__type_support.hpp
[0.391s] -- Up-to-date: /home/jmj/dream_ws/install/autoware_system_msgs/include/autoware_system_msgs/autoware_system_msgs/msg/detail/hazard_status_stamped__type_support.hpp
[0.391s] -- Up-to-date: /home/jmj/dream_ws/install/autoware_system_msgs/include/autoware_system_msgs/autoware_system_msgs/msg/hazard_status_stamped.hpp
[0.391s] -- Up-to-date: /home/jmj/dream_ws/install/autoware_system_msgs/include/autoware_system_msgs/autoware_system_msgs/msg/hazard_status.hpp
[0.391s] -- Up-to-date: /home/jmj/dream_ws/install/autoware_system_msgs/include/autoware_system_msgs/autoware_system_msgs/msg/rosidl_generator_cpp__visibility_control.hpp
[0.391s] -- Up-to-date: /home/jmj/dream_ws/install/autoware_system_msgs/include/autoware_system_msgs/autoware_system_msgs/msg/autoware_state.hpp
[0.391s] -- Up-to-date: /home/jmj/dream_ws/install/autoware_system_msgs/include/autoware_system_msgs/autoware_system_msgs
[0.391s] -- Up-to-date: /home/jmj/dream_ws/install/autoware_system_msgs/include/autoware_system_msgs/autoware_system_msgs/msg
[0.391s] -- Up-to-date: /home/jmj/dream_ws/install/autoware_system_msgs/include/autoware_system_msgs/autoware_system_msgs/msg/detail
[0.391s] -- Up-to-date: /home/jmj/dream_ws/install/autoware_system_msgs/include/autoware_system_msgs/autoware_system_msgs/msg/detail/dds_fastrtps
[0.391s] -- Up-to-date: /home/jmj/dream_ws/install/autoware_system_msgs/include/autoware_system_msgs/autoware_system_msgs/msg/detail/hazard_status_stamped__rosidl_typesupport_fastrtps_cpp.hpp
[0.391s] -- Up-to-date: /home/jmj/dream_ws/install/autoware_system_msgs/include/autoware_system_msgs/autoware_system_msgs/msg/detail/hazard_status__rosidl_typesupport_fastrtps_cpp.hpp
[0.391s] -- Up-to-date: /home/jmj/dream_ws/install/autoware_system_msgs/include/autoware_system_msgs/autoware_system_msgs/msg/detail/autoware_state__rosidl_typesupport_fastrtps_cpp.hpp
[0.391s] -- Up-to-date: /home/jmj/dream_ws/install/autoware_system_msgs/include/autoware_system_msgs/autoware_system_msgs/msg/rosidl_typesupport_fastrtps_cpp__visibility_control.h
[0.391s] -- Up-to-date: /home/jmj/dream_ws/install/autoware_system_msgs/lib/libautoware_system_msgs__rosidl_typesupport_fastrtps_cpp.so
[0.391s] -- Up-to-date: /home/jmj/dream_ws/install/autoware_system_msgs/include/autoware_system_msgs/autoware_system_msgs
[0.391s] -- Up-to-date: /home/jmj/dream_ws/install/autoware_system_msgs/include/autoware_system_msgs/autoware_system_msgs/msg
[0.391s] -- Up-to-date: /home/jmj/dream_ws/install/autoware_system_msgs/include/autoware_system_msgs/autoware_system_msgs/msg/detail
[0.391s] -- Up-to-date: /home/jmj/dream_ws/install/autoware_system_msgs/include/autoware_system_msgs/autoware_system_msgs/msg/detail/hazard_status__type_support.cpp
[0.391s] -- Up-to-date: /home/jmj/dream_ws/install/autoware_system_msgs/include/autoware_system_msgs/autoware_system_msgs/msg/detail/hazard_status__rosidl_typesupport_introspection_cpp.hpp
[0.392s] -- Up-to-date: /home/jmj/dream_ws/install/autoware_system_msgs/include/autoware_system_msgs/autoware_system_msgs/msg/detail/hazard_status_stamped__type_support.cpp
[0.392s] -- Up-to-date: /home/jmj/dream_ws/install/autoware_system_msgs/include/autoware_system_msgs/autoware_system_msgs/msg/detail/hazard_status_stamped__rosidl_typesupport_introspection_cpp.hpp
[0.392s] -- Up-to-date: /home/jmj/dream_ws/install/autoware_system_msgs/include/autoware_system_msgs/autoware_system_msgs/msg/detail/autoware_state__type_support.cpp
[0.392s] -- Up-to-date: /home/jmj/dream_ws/install/autoware_system_msgs/include/autoware_system_msgs/autoware_system_msgs/msg/detail/autoware_state__rosidl_typesupport_introspection_cpp.hpp
[0.392s] -- Up-to-date: /home/jmj/dream_ws/install/autoware_system_msgs/lib/libautoware_system_msgs__rosidl_typesupport_introspection_cpp.so
[0.392s] -- Up-to-date: /home/jmj/dream_ws/install/autoware_system_msgs/lib/libautoware_system_msgs__rosidl_typesupport_cpp.so
[0.392s] -- Up-to-date: /home/jmj/dream_ws/install/autoware_system_msgs/share/autoware_system_msgs/environment/pythonpath.sh
[0.392s] -- Up-to-date: /home/jmj/dream_ws/install/autoware_system_msgs/share/autoware_system_msgs/environment/pythonpath.dsv
[0.392s] -- Up-to-date: /home/jmj/dream_ws/install/autoware_system_msgs/local/lib/python3.10/dist-packages/autoware_system_msgs-1.8.0-py3.10.egg-info
[0.392s] -- Installing: /home/jmj/dream_ws/install/autoware_system_msgs/local/lib/python3.10/dist-packages/autoware_system_msgs-1.8.0-py3.10.egg-info/dependency_links.txt
[0.392s] -- Installing: /home/jmj/dream_ws/install/autoware_system_msgs/local/lib/python3.10/dist-packages/autoware_system_msgs-1.8.0-py3.10.egg-info/top_level.txt
[0.392s] -- Installing: /home/jmj/dream_ws/install/autoware_system_msgs/local/lib/python3.10/dist-packages/autoware_system_msgs-1.8.0-py3.10.egg-info/PKG-INFO
[0.392s] -- Installing: /home/jmj/dream_ws/install/autoware_system_msgs/local/lib/python3.10/dist-packages/autoware_system_msgs-1.8.0-py3.10.egg-info/SOURCES.txt
[0.392s] -- Up-to-date: /home/jmj/dream_ws/install/autoware_system_msgs/local/lib/python3.10/dist-packages/autoware_system_msgs
[0.392s] -- Up-to-date: /home/jmj/dream_ws/install/autoware_system_msgs/local/lib/python3.10/dist-packages/autoware_system_msgs/libautoware_system_msgs__rosidl_generator_py.so
[0.392s] -- Up-to-date: /home/jmj/dream_ws/install/autoware_system_msgs/local/lib/python3.10/dist-packages/autoware_system_msgs/_autoware_system_msgs_s.ep.rosidl_typesupport_c.c
[0.392s] -- Up-to-date: /home/jmj/dream_ws/install/autoware_system_msgs/local/lib/python3.10/dist-packages/autoware_system_msgs/__init__.py
[0.392s] -- Up-to-date: /home/jmj/dream_ws/install/autoware_system_msgs/local/lib/python3.10/dist-packages/autoware_system_msgs/autoware_system_msgs_s__rosidl_typesupport_c.cpython-310-x86_64-linux-gnu.so
[0.392s] -- Up-to-date: /home/jmj/dream_ws/install/autoware_system_msgs/local/lib/python3.10/dist-packages/autoware_system_msgs/autoware_system_msgs_s__rosidl_typesupport_fastrtps_c.cpython-310-x86_64-linux-gnu.so
[0.392s] -- Up-to-date: /home/jmj/dream_ws/install/autoware_system_msgs/local/lib/python3.10/dist-packages/autoware_system_msgs/_autoware_system_msgs_s.ep.rosidl_typesupport_fastrtps_c.c
[0.392s] -- Up-to-date: /home/jmj/dream_ws/install/autoware_system_msgs/local/lib/python3.10/dist-packages/autoware_system_msgs/_autoware_system_msgs_s.ep.rosidl_typesupport_introspection_c.c
[0.392s] -- Up-to-date: /home/jmj/dream_ws/install/autoware_system_msgs/local/lib/python3.10/dist-packages/autoware_system_msgs/autoware_system_msgs_s__rosidl_typesupport_introspection_c.cpython-310-x86_64-linux-gnu.so
[0.392s] -- Up-to-date: /home/jmj/dream_ws/install/autoware_system_msgs/local/lib/python3.10/dist-packages/autoware_system_msgs/msg
[0.392s] -- Up-to-date: /home/jmj/dream_ws/install/autoware_system_msgs/local/lib/python3.10/dist-packages/autoware_system_msgs/msg/_autoware_state_s.c
[0.392s] -- Up-to-date: /home/jmj/dream_ws/install/autoware_system_msgs/local/lib/python3.10/dist-packages/autoware_system_msgs/msg/__init__.py
[0.392s] -- Up-to-date: /home/jmj/dream_ws/install/autoware_system_msgs/local/lib/python3.10/dist-packages/autoware_system_msgs/msg/_hazard_status_s.c
[0.392s] -- Up-to-date: /home/jmj/dream_ws/install/autoware_system_msgs/local/lib/python3.10/dist-packages/autoware_system_msgs/msg/_hazard_status_stamped.py
[0.392s] -- Up-to-date: /home/jmj/dream_ws/install/autoware_system_msgs/local/lib/python3.10/dist-packages/autoware_system_msgs/msg/_hazard_status.py
[0.392s] -- Up-to-date: /home/jmj/dream_ws/install/autoware_system_msgs/local/lib/python3.10/dist-packages/autoware_system_msgs/msg/_autoware_state.py
[0.392s] -- Up-to-date: /home/jmj/dream_ws/install/autoware_system_msgs/local/lib/python3.10/dist-packages/autoware_system_msgs/msg/_hazard_status_stamped_s.c
[0.415s] Listing '/home/jmj/dream_ws/install/autoware_system_msgs/local/lib/python3.10/dist-packages/autoware_system_msgs'...
[0.415s] Listing '/home/jmj/dream_ws/install/autoware_system_msgs/local/lib/python3.10/dist-packages/autoware_system_msgs/msg'...
[0.415s] -- Up-to-date: /home/jmj/dream_ws/install/autoware_system_msgs/local/lib/python3.10/dist-packages/autoware_system_msgs/autoware_system_msgs_s__rosidl_typesupport_fastrtps_c.cpython-310-x86_64-linux-gnu.so
[0.415s] -- Up-to-date: /home/jmj/dream_ws/install/autoware_system_msgs/local/lib/python3.10/dist-packages/autoware_system_msgs/autoware_system_msgs_s__rosidl_typesupport_introspection_c.cpython-310-x86_64-linux-gnu.so
[0.415s] -- Up-to-date: /home/jmj/dream_ws/install/autoware_system_msgs/local/lib/python3.10/dist-packages/autoware_system_msgs/autoware_system_msgs_s__rosidl_typesupport_c.cpython-310-x86_64-linux-gnu.so
[0.415s] -- Up-to-date: /home/jmj/dream_ws/install/autoware_system_msgs/lib/libautoware_system_msgs__rosidl_generator_py.so
[0.415s] -- Up-to-date: /home/jmj/dream_ws/install/autoware_system_msgs/share/autoware_system_msgs/msg/AutowareState.idl
[0.415s] -- Up-to-date: /home/jmj/dream_ws/install/autoware_system_msgs/share/autoware_system_msgs/msg/HazardStatus.idl
[0.415s] -- Up-to-date: /home/jmj/dream_ws/install/autoware_system_msgs/share/autoware_system_msgs/msg/HazardStatusStamped.idl
[0.415s] -- Up-to-date: /home/jmj/dream_ws/install/autoware_system_msgs/share/autoware_system_msgs/msg/AutowareState.msg
[0.415s] -- Up-to-date: /home/jmj/dream_ws/install/autoware_system_msgs/share/autoware_system_msgs/msg/HazardStatus.msg
[0.415s] -- Up-to-date: /home/jmj/dream_ws/install/autoware_system_msgs/share/autoware_system_msgs/msg/HazardStatusStamped.msg
[0.415s] -- Up-to-date: /home/jmj/dream_ws/install/autoware_system_msgs/share/ament_index/resource_index/package_run_dependencies/autoware_system_msgs
[0.415s] -- Up-to-date: /home/jmj/dream_ws/install/autoware_system_msgs/share/ament_index/resource_index/parent_prefix_path/autoware_system_msgs
[0.415s] -- Up-to-date: /home/jmj/dream_ws/install/autoware_system_msgs/share/autoware_system_msgs/environment/ament_prefix_path.sh
[0.416s] -- Up-to-date: /home/jmj/dream_ws/install/autoware_system_msgs/share/autoware_system_msgs/environment/ament_prefix_path.dsv
[0.416s] -- Up-to-date: /home/jmj/dream_ws/install/autoware_system_msgs/share/autoware_system_msgs/environment/path.sh
[0.416s] -- Up-to-date: /home/jmj/dream_ws/install/autoware_system_msgs/share/autoware_system_msgs/environment/path.dsv
[0.416s] -- Up-to-date: /home/jmj/dream_ws/install/autoware_system_msgs/share/autoware_system_msgs/local_setup.bash
[0.416s] -- Up-to-date: /home/jmj/dream_ws/install/autoware_system_msgs/share/autoware_system_msgs/local_setup.sh
[0.416s] -- Up-to-date: /home/jmj/dream_ws/install/autoware_system_msgs/share/autoware_system_msgs/local_setup.zsh
[0.416s] -- Up-to-date: /home/jmj/dream_ws/install/autoware_system_msgs/share/autoware_system_msgs/local_setup.dsv
[0.416s] -- Installing: /home/jmj/dream_ws/install/autoware_system_msgs/share/autoware_system_msgs/package.dsv
[0.416s] -- Up-to-date: /home/jmj/dream_ws/install/autoware_system_msgs/share/ament_index/resource_index/packages/autoware_system_msgs
[0.416s] -- Up-to-date: /home/jmj/dream_ws/install/autoware_system_msgs/share/autoware_system_msgs/cmake/export_autoware_system_msgs__rosidl_generator_cExport.cmake
[0.416s] -- Up-to-date: /home/jmj/dream_ws/install/autoware_system_msgs/share/autoware_system_msgs/cmake/export_autoware_system_msgs__rosidl_generator_cExport-noconfig.cmake
[0.416s] -- Up-to-date: /home/jmj/dream_ws/install/autoware_system_msgs/share/autoware_system_msgs/cmake/export_autoware_system_msgs__rosidl_typesupport_fastrtps_cExport.cmake
[0.416s] -- Up-to-date: /home/jmj/dream_ws/install/autoware_system_msgs/share/autoware_system_msgs/cmake/export_autoware_system_msgs__rosidl_typesupport_fastrtps_cExport-noconfig.cmake
[0.416s] -- Up-to-date: /home/jmj/dream_ws/install/autoware_system_msgs/share/autoware_system_msgs/cmake/autoware_system_msgs__rosidl_typesupport_introspection_cExport.cmake
[0.416s] -- Up-to-date: /home/jmj/dream_ws/install/autoware_system_msgs/share/autoware_system_msgs/cmake/autoware_system_msgs__rosidl_typesupport_introspection_cExport-noconfig.cmake
[0.416s] -- Up-to-date: /home/jmj/dream_ws/install/autoware_system_msgs/share/autoware_system_msgs/cmake/autoware_system_msgs__rosidl_typesupport_cExport.cmake
[0.416s] -- Up-to-date: /home/jmj/dream_ws/install/autoware_system_msgs/share/autoware_system_msgs/cmake/autoware_system_msgs__rosidl_typesupport_cExport-noconfig.cmake
[0.416s] -- Up-to-date: /home/jmj/dream_ws/install/autoware_system_msgs/share/autoware_system_msgs/cmake/export_autoware_system_msgs__rosidl_generator_cppExport.cmake
[0.416s] -- Up-to-date: /home/jmj/dream_ws/install/autoware_system_msgs/share/autoware_system_msgs/cmake/export_autoware_system_msgs__rosidl_typesupport_fastrtps_cppExport.cmake
[0.416s] -- Up-to-date: /home/jmj/dream_ws/install/autoware_system_msgs/share/autoware_system_msgs/cmake/export_autoware_system_msgs__rosidl_typesupport_fastrtps_cppExport-noconfig.cmake
[0.416s] -- Up-to-date: /home/jmj/dream_ws/install/autoware_system_msgs/share/autoware_system_msgs/cmake/autoware_system_msgs__rosidl_typesupport_introspection_cppExport.cmake
[0.416s] -- Up-to-date: /home/jmj/dream_ws/install/autoware_system_msgs/share/autoware_system_msgs/cmake/autoware_system_msgs__rosidl_typesupport_introspection_cppExport-noconfig.cmake
[0.416s] -- Up-to-date: /home/jmj/dream_ws/install/autoware_system_msgs/share/autoware_system_msgs/cmake/autoware_system_msgs__rosidl_typesupport_cppExport.cmake
[0.416s] -- Up-to-date: /home/jmj/dream_ws/install/autoware_system_msgs/share/autoware_system_msgs/cmake/autoware_system_msgs__rosidl_typesupport_cppExport-noconfig.cmake
[0.416s] -- Up-to-date: /home/jmj/dream_ws/install/autoware_system_msgs/share/autoware_system_msgs/cmake/export_autoware_system_msgs__rosidl_generator_pyExport.cmake
[0.417s] -- Up-to-date: /home/jmj/dream_ws/install/autoware_system_msgs/share/autoware_system_msgs/cmake/export_autoware_system_msgs__rosidl_generator_pyExport-noconfig.cmake
[0.417s] -- Up-to-date: /home/jmj/dream_ws/install/autoware_system_msgs/share/autoware_system_msgs/cmake/rosidl_cmake-extras.cmake
[0.417s] -- Up-to-date: /home/jmj/dream_ws/install/autoware_system_msgs/share/autoware_system_msgs/cmake/ament_cmake_export_dependencies-extras.cmake
[0.417s] -- Up-to-date: /home/jmj/dream_ws/install/autoware_system_msgs/share/autoware_system_msgs/cmake/ament_cmake_export_include_directories-extras.cmake
[0.417s] -- Up-to-date: /home/jmj/dream_ws/install/autoware_system_msgs/share/autoware_system_msgs/cmake/ament_cmake_export_libraries-extras.cmake
[0.417s] -- Up-to-date: /home/jmj/dream_ws/install/autoware_system_msgs/share/autoware_system_msgs/cmake/ament_cmake_export_targets-extras.cmake
[0.417s] -- Up-to-date: /home/jmj/dream_ws/install/autoware_system_msgs/share/autoware_system_msgs/cmake/rosidl_cmake_export_typesupport_targets-extras.cmake
[0.417s] -- Up-to-date: /home/jmj/dream_ws/install/autoware_system_msgs/share/autoware_system_msgs/cmake/rosidl_cmake_export_typesupport_libraries-extras.cmake
[0.417s] -- Up-to-date: /home/jmj/dream_ws/install/autoware_system_msgs/share/autoware_system_msgs/cmake/autoware_system_msgsConfig.cmake
[0.417s] -- Up-to-date: /home/jmj/dream_ws/install/autoware_system_msgs/share/autoware_system_msgs/cmake/autoware_system_msgsConfig-version.cmake
[0.417s] -- Up-to-date: /home/jmj/dream_ws/install/autoware_system_msgs/share/autoware_system_msgs/package.xml
[0.457s] Invoked command in '/home/jmj/dream_ws/build/autoware_system_msgs' returned '0': CMAKE_PREFIX_PATH=/opt/ros/humble /usr/bin/cmake --install /home/jmj/dream_ws/build/autoware_system_msgs
