[35m[1mConsolidate compiler generated dependencies of target autoware_sensing_msgs__rosidl_generator_c[0m
[  1%] Built target autoware_sensing_msgs__cpp
[ 12%] Built target autoware_sensing_msgs__rosidl_generator_c
[ 12%] Built target ament_cmake_python_copy_autoware_sensing_msgs
[35m[1mConsolidate compiler generated dependencies of target autoware_sensing_msgs__rosidl_typesupport_fastrtps_cpp[0m
[35m[1mConsolidate compiler generated dependencies of target autoware_sensing_msgs__rosidl_typesupport_c[0m
[35m[1mConsolidate compiler generated dependencies of target autoware_sensing_msgs__rosidl_typesupport_introspection_cpp[0m
[35m[1mConsolidate compiler generated dependencies of target autoware_sensing_msgs__rosidl_typesupport_introspection_c[0m
[35m[1mConsolidate compiler generated dependencies of target autoware_sensing_msgs__rosidl_typesupport_fastrtps_c[0m
[35m[1mConsolidate compiler generated dependencies of target autoware_sensing_msgs__rosidl_typesupport_cpp[0m
[ 24%] Built target autoware_sensing_msgs__rosidl_typesupport_introspection_cpp
[ 35%] Built target autoware_sensing_msgs__rosidl_typesupport_fastrtps_c
[ 46%] Built target autoware_sensing_msgs__rosidl_typesupport_cpp
[ 58%] Built target autoware_sensing_msgs__rosidl_typesupport_fastrtps_cpp
[ 69%] Built target autoware_sensing_msgs__rosidl_typesupport_c
[ 81%] Built target autoware_sensing_msgs__rosidl_typesupport_introspection_c
[ 81%] Built target autoware_sensing_msgs
[ 82%] Built target autoware_sensing_msgs__py
[35m[1mConsolidate compiler generated dependencies of target autoware_sensing_msgs__rosidl_generator_py[0m
[ 92%] Built target autoware_sensing_msgs__rosidl_generator_py
[35m[1mConsolidate compiler generated dependencies of target autoware_sensing_msgs__rosidl_typesupport_introspection_c__pyext[0m
[35m[1mConsolidate compiler generated dependencies of target autoware_sensing_msgs__rosidl_typesupport_fastrtps_c__pyext[0m
[35m[1mConsolidate compiler generated dependencies of target autoware_sensing_msgs__rosidl_typesupport_c__pyext[0m
[ 94%] Built target autoware_sensing_msgs__rosidl_typesupport_introspection_c__pyext
[ 97%] Built target autoware_sensing_msgs__rosidl_typesupport_fastrtps_c__pyext
[100%] Built target autoware_sensing_msgs__rosidl_typesupport_c__pyext
running egg_info
writing autoware_sensing_msgs.egg-info/PKG-INFO
writing dependency_links to autoware_sensing_msgs.egg-info/dependency_links.txt
writing top-level names to autoware_sensing_msgs.egg-info/top_level.txt
reading manifest file 'autoware_sensing_msgs.egg-info/SOURCES.txt'
writing manifest file 'autoware_sensing_msgs.egg-info/SOURCES.txt'
[100%] Built target ament_cmake_python_build_autoware_sensing_msgs_egg
-- Install configuration: ""
-- Up-to-date: /home/jmj/dream_ws/install/autoware_sensing_msgs/share/ament_index/resource_index/rosidl_interfaces/autoware_sensing_msgs
-- Up-to-date: /home/jmj/dream_ws/install/autoware_sensing_msgs/include/autoware_sensing_msgs/autoware_sensing_msgs
-- Up-to-date: /home/jmj/dream_ws/install/autoware_sensing_msgs/include/autoware_sensing_msgs/autoware_sensing_msgs/msg
-- Up-to-date: /home/jmj/dream_ws/install/autoware_sensing_msgs/include/autoware_sensing_msgs/autoware_sensing_msgs/msg/rosidl_generator_c__visibility_control.h
-- Up-to-date: /home/jmj/dream_ws/install/autoware_sensing_msgs/include/autoware_sensing_msgs/autoware_sensing_msgs/msg/detail
-- Up-to-date: /home/jmj/dream_ws/install/autoware_sensing_msgs/include/autoware_sensing_msgs/autoware_sensing_msgs/msg/detail/radar_object__type_support.h
-- Up-to-date: /home/jmj/dream_ws/install/autoware_sensing_msgs/include/autoware_sensing_msgs/autoware_sensing_msgs/msg/detail/gnss_ins_orientation_stamped__functions.h
-- Up-to-date: /home/jmj/dream_ws/install/autoware_sensing_msgs/include/autoware_sensing_msgs/autoware_sensing_msgs/msg/detail/radar_classification__functions.c
-- Up-to-date: /home/jmj/dream_ws/install/autoware_sensing_msgs/include/autoware_sensing_msgs/autoware_sensing_msgs/msg/detail/gnss_ins_orientation__type_support.h
-- Up-to-date: /home/jmj/dream_ws/install/autoware_sensing_msgs/include/autoware_sensing_msgs/autoware_sensing_msgs/msg/detail/radar_info__functions.h
-- Up-to-date: /home/jmj/dream_ws/install/autoware_sensing_msgs/include/autoware_sensing_msgs/autoware_sensing_msgs/msg/detail/gnss_ins_orientation_stamped__type_support.h
-- Up-to-date: /home/jmj/dream_ws/install/autoware_sensing_msgs/include/autoware_sensing_msgs/autoware_sensing_msgs/msg/detail/radar_field_info__functions.c
-- Up-to-date: /home/jmj/dream_ws/install/autoware_sensing_msgs/include/autoware_sensing_msgs/autoware_sensing_msgs/msg/detail/radar_classification__functions.h
-- Up-to-date: /home/jmj/dream_ws/install/autoware_sensing_msgs/include/autoware_sensing_msgs/autoware_sensing_msgs/msg/detail/radar_field_info__struct.h
-- Up-to-date: /home/jmj/dream_ws/install/autoware_sensing_msgs/include/autoware_sensing_msgs/autoware_sensing_msgs/msg/detail/gnss_ins_orientation__functions.h
-- Up-to-date: /home/jmj/dream_ws/install/autoware_sensing_msgs/include/autoware_sensing_msgs/autoware_sensing_msgs/msg/detail/gnss_ins_orientation_stamped__struct.h
-- Up-to-date: /home/jmj/dream_ws/install/autoware_sensing_msgs/include/autoware_sensing_msgs/autoware_sensing_msgs/msg/detail/radar_object__struct.h
-- Up-to-date: /home/jmj/dream_ws/install/autoware_sensing_msgs/include/autoware_sensing_msgs/autoware_sensing_msgs/msg/detail/radar_object__functions.h
-- Up-to-date: /home/jmj/dream_ws/install/autoware_sensing_msgs/include/autoware_sensing_msgs/autoware_sensing_msgs/msg/detail/radar_objects__functions.h
-- Up-to-date: /home/jmj/dream_ws/install/autoware_sensing_msgs/include/autoware_sensing_msgs/autoware_sensing_msgs/msg/detail/radar_classification__struct.h
-- Up-to-date: /home/jmj/dream_ws/install/autoware_sensing_msgs/include/autoware_sensing_msgs/autoware_sensing_msgs/msg/detail/gnss_ins_orientation__functions.c
-- Up-to-date: /home/jmj/dream_ws/install/autoware_sensing_msgs/include/autoware_sensing_msgs/autoware_sensing_msgs/msg/detail/radar_info__type_support.h
-- Up-to-date: /home/jmj/dream_ws/install/autoware_sensing_msgs/include/autoware_sensing_msgs/autoware_sensing_msgs/msg/detail/radar_object__functions.c
-- Up-to-date: /home/jmj/dream_ws/install/autoware_sensing_msgs/include/autoware_sensing_msgs/autoware_sensing_msgs/msg/detail/radar_info__functions.c
-- Up-to-date: /home/jmj/dream_ws/install/autoware_sensing_msgs/include/autoware_sensing_msgs/autoware_sensing_msgs/msg/detail/radar_classification__type_support.h
-- Up-to-date: /home/jmj/dream_ws/install/autoware_sensing_msgs/include/autoware_sensing_msgs/autoware_sensing_msgs/msg/detail/radar_info__struct.h
-- Up-to-date: /home/jmj/dream_ws/install/autoware_sensing_msgs/include/autoware_sensing_msgs/autoware_sensing_msgs/msg/detail/radar_objects__type_support.h
-- Up-to-date: /home/jmj/dream_ws/install/autoware_sensing_msgs/include/autoware_sensing_msgs/autoware_sensing_msgs/msg/detail/radar_objects__functions.c
-- Up-to-date: /home/jmj/dream_ws/install/autoware_sensing_msgs/include/autoware_sensing_msgs/autoware_sensing_msgs/msg/detail/radar_objects__struct.h
-- Up-to-date: /home/jmj/dream_ws/install/autoware_sensing_msgs/include/autoware_sensing_msgs/autoware_sensing_msgs/msg/detail/radar_field_info__type_support.h
-- Up-to-date: /home/jmj/dream_ws/install/autoware_sensing_msgs/include/autoware_sensing_msgs/autoware_sensing_msgs/msg/detail/gnss_ins_orientation__struct.h
-- Up-to-date: /home/jmj/dream_ws/install/autoware_sensing_msgs/include/autoware_sensing_msgs/autoware_sensing_msgs/msg/detail/gnss_ins_orientation_stamped__functions.c
-- Up-to-date: /home/jmj/dream_ws/install/autoware_sensing_msgs/include/autoware_sensing_msgs/autoware_sensing_msgs/msg/detail/radar_field_info__functions.h
-- Up-to-date: /home/jmj/dream_ws/install/autoware_sensing_msgs/include/autoware_sensing_msgs/autoware_sensing_msgs/msg/radar_field_info.h
-- Up-to-date: /home/jmj/dream_ws/install/autoware_sensing_msgs/include/autoware_sensing_msgs/autoware_sensing_msgs/msg/gnss_ins_orientation.h
-- Up-to-date: /home/jmj/dream_ws/install/autoware_sensing_msgs/include/autoware_sensing_msgs/autoware_sensing_msgs/msg/gnss_ins_orientation_stamped.h
-- Up-to-date: /home/jmj/dream_ws/install/autoware_sensing_msgs/include/autoware_sensing_msgs/autoware_sensing_msgs/msg/radar_objects.h
-- Up-to-date: /home/jmj/dream_ws/install/autoware_sensing_msgs/include/autoware_sensing_msgs/autoware_sensing_msgs/msg/radar_info.h
-- Up-to-date: /home/jmj/dream_ws/install/autoware_sensing_msgs/include/autoware_sensing_msgs/autoware_sensing_msgs/msg/radar_classification.h
-- Up-to-date: /home/jmj/dream_ws/install/autoware_sensing_msgs/include/autoware_sensing_msgs/autoware_sensing_msgs/msg/radar_object.h
-- Up-to-date: /home/jmj/dream_ws/install/autoware_sensing_msgs/share/autoware_sensing_msgs/environment/library_path.sh
-- Up-to-date: /home/jmj/dream_ws/install/autoware_sensing_msgs/share/autoware_sensing_msgs/environment/library_path.dsv
-- Up-to-date: /home/jmj/dream_ws/install/autoware_sensing_msgs/lib/libautoware_sensing_msgs__rosidl_generator_c.so
-- Up-to-date: /home/jmj/dream_ws/install/autoware_sensing_msgs/include/autoware_sensing_msgs/autoware_sensing_msgs
-- Up-to-date: /home/jmj/dream_ws/install/autoware_sensing_msgs/include/autoware_sensing_msgs/autoware_sensing_msgs/msg
-- Up-to-date: /home/jmj/dream_ws/install/autoware_sensing_msgs/include/autoware_sensing_msgs/autoware_sensing_msgs/msg/detail
-- Up-to-date: /home/jmj/dream_ws/install/autoware_sensing_msgs/include/autoware_sensing_msgs/autoware_sensing_msgs/msg/detail/radar_field_info__rosidl_typesupport_fastrtps_c.h
-- Up-to-date: /home/jmj/dream_ws/install/autoware_sensing_msgs/include/autoware_sensing_msgs/autoware_sensing_msgs/msg/detail/radar_objects__rosidl_typesupport_fastrtps_c.h
-- Up-to-date: /home/jmj/dream_ws/install/autoware_sensing_msgs/include/autoware_sensing_msgs/autoware_sensing_msgs/msg/detail/radar_object__rosidl_typesupport_fastrtps_c.h
-- Up-to-date: /home/jmj/dream_ws/install/autoware_sensing_msgs/include/autoware_sensing_msgs/autoware_sensing_msgs/msg/detail/gnss_ins_orientation__rosidl_typesupport_fastrtps_c.h
-- Up-to-date: /home/jmj/dream_ws/install/autoware_sensing_msgs/include/autoware_sensing_msgs/autoware_sensing_msgs/msg/detail/radar_classification__rosidl_typesupport_fastrtps_c.h
-- Up-to-date: /home/jmj/dream_ws/install/autoware_sensing_msgs/include/autoware_sensing_msgs/autoware_sensing_msgs/msg/detail/radar_info__rosidl_typesupport_fastrtps_c.h
-- Up-to-date: /home/jmj/dream_ws/install/autoware_sensing_msgs/include/autoware_sensing_msgs/autoware_sensing_msgs/msg/detail/gnss_ins_orientation_stamped__rosidl_typesupport_fastrtps_c.h
-- Up-to-date: /home/jmj/dream_ws/install/autoware_sensing_msgs/include/autoware_sensing_msgs/autoware_sensing_msgs/msg/rosidl_typesupport_fastrtps_c__visibility_control.h
-- Up-to-date: /home/jmj/dream_ws/install/autoware_sensing_msgs/lib/libautoware_sensing_msgs__rosidl_typesupport_fastrtps_c.so
-- Up-to-date: /home/jmj/dream_ws/install/autoware_sensing_msgs/include/autoware_sensing_msgs/autoware_sensing_msgs
-- Up-to-date: /home/jmj/dream_ws/install/autoware_sensing_msgs/include/autoware_sensing_msgs/autoware_sensing_msgs/msg
-- Up-to-date: /home/jmj/dream_ws/install/autoware_sensing_msgs/include/autoware_sensing_msgs/autoware_sensing_msgs/msg/radar_objects.hpp
-- Up-to-date: /home/jmj/dream_ws/install/autoware_sensing_msgs/include/autoware_sensing_msgs/autoware_sensing_msgs/msg/gnss_ins_orientation_stamped.hpp
-- Up-to-date: /home/jmj/dream_ws/install/autoware_sensing_msgs/include/autoware_sensing_msgs/autoware_sensing_msgs/msg/detail
-- Up-to-date: /home/jmj/dream_ws/install/autoware_sensing_msgs/include/autoware_sensing_msgs/autoware_sensing_msgs/msg/detail/radar_object__traits.hpp
-- Up-to-date: /home/jmj/dream_ws/install/autoware_sensing_msgs/include/autoware_sensing_msgs/autoware_sensing_msgs/msg/detail/radar_object__builder.hpp
-- Up-to-date: /home/jmj/dream_ws/install/autoware_sensing_msgs/include/autoware_sensing_msgs/autoware_sensing_msgs/msg/detail/radar_info__type_support.hpp
-- Up-to-date: /home/jmj/dream_ws/install/autoware_sensing_msgs/include/autoware_sensing_msgs/autoware_sensing_msgs/msg/detail/radar_object__type_support.hpp
-- Up-to-date: /home/jmj/dream_ws/install/autoware_sensing_msgs/include/autoware_sensing_msgs/autoware_sensing_msgs/msg/detail/radar_classification__struct.hpp
-- Up-to-date: /home/jmj/dream_ws/install/autoware_sensing_msgs/include/autoware_sensing_msgs/autoware_sensing_msgs/msg/detail/gnss_ins_orientation_stamped__type_support.hpp
-- Up-to-date: /home/jmj/dream_ws/install/autoware_sensing_msgs/include/autoware_sensing_msgs/autoware_sensing_msgs/msg/detail/radar_classification__type_support.hpp
-- Up-to-date: /home/jmj/dream_ws/install/autoware_sensing_msgs/include/autoware_sensing_msgs/autoware_sensing_msgs/msg/detail/radar_field_info__type_support.hpp
-- Up-to-date: /home/jmj/dream_ws/install/autoware_sensing_msgs/include/autoware_sensing_msgs/autoware_sensing_msgs/msg/detail/radar_info__struct.hpp
-- Up-to-date: /home/jmj/dream_ws/install/autoware_sensing_msgs/include/autoware_sensing_msgs/autoware_sensing_msgs/msg/detail/radar_classification__traits.hpp
-- Up-to-date: /home/jmj/dream_ws/install/autoware_sensing_msgs/include/autoware_sensing_msgs/autoware_sensing_msgs/msg/detail/radar_objects__builder.hpp
-- Up-to-date: /home/jmj/dream_ws/install/autoware_sensing_msgs/include/autoware_sensing_msgs/autoware_sensing_msgs/msg/detail/radar_field_info__traits.hpp
-- Up-to-date: /home/jmj/dream_ws/install/autoware_sensing_msgs/include/autoware_sensing_msgs/autoware_sensing_msgs/msg/detail/gnss_ins_orientation__traits.hpp
-- Up-to-date: /home/jmj/dream_ws/install/autoware_sensing_msgs/include/autoware_sensing_msgs/autoware_sensing_msgs/msg/detail/gnss_ins_orientation_stamped__struct.hpp
-- Up-to-date: /home/jmj/dream_ws/install/autoware_sensing_msgs/include/autoware_sensing_msgs/autoware_sensing_msgs/msg/detail/gnss_ins_orientation__type_support.hpp
-- Up-to-date: /home/jmj/dream_ws/install/autoware_sensing_msgs/include/autoware_sensing_msgs/autoware_sensing_msgs/msg/detail/radar_object__struct.hpp
-- Up-to-date: /home/jmj/dream_ws/install/autoware_sensing_msgs/include/autoware_sensing_msgs/autoware_sensing_msgs/msg/detail/radar_classification__builder.hpp
-- Up-to-date: /home/jmj/dream_ws/install/autoware_sensing_msgs/include/autoware_sensing_msgs/autoware_sensing_msgs/msg/detail/radar_field_info__struct.hpp
-- Up-to-date: /home/jmj/dream_ws/install/autoware_sensing_msgs/include/autoware_sensing_msgs/autoware_sensing_msgs/msg/detail/gnss_ins_orientation_stamped__builder.hpp
-- Up-to-date: /home/jmj/dream_ws/install/autoware_sensing_msgs/include/autoware_sensing_msgs/autoware_sensing_msgs/msg/detail/radar_info__builder.hpp
-- Up-to-date: /home/jmj/dream_ws/install/autoware_sensing_msgs/include/autoware_sensing_msgs/autoware_sensing_msgs/msg/detail/radar_field_info__builder.hpp
-- Up-to-date: /home/jmj/dream_ws/install/autoware_sensing_msgs/include/autoware_sensing_msgs/autoware_sensing_msgs/msg/detail/radar_objects__struct.hpp
-- Up-to-date: /home/jmj/dream_ws/install/autoware_sensing_msgs/include/autoware_sensing_msgs/autoware_sensing_msgs/msg/detail/radar_objects__type_support.hpp
-- Up-to-date: /home/jmj/dream_ws/install/autoware_sensing_msgs/include/autoware_sensing_msgs/autoware_sensing_msgs/msg/detail/radar_objects__traits.hpp
-- Up-to-date: /home/jmj/dream_ws/install/autoware_sensing_msgs/include/autoware_sensing_msgs/autoware_sensing_msgs/msg/detail/gnss_ins_orientation__struct.hpp
-- Up-to-date: /home/jmj/dream_ws/install/autoware_sensing_msgs/include/autoware_sensing_msgs/autoware_sensing_msgs/msg/detail/radar_info__traits.hpp
-- Up-to-date: /home/jmj/dream_ws/install/autoware_sensing_msgs/include/autoware_sensing_msgs/autoware_sensing_msgs/msg/detail/gnss_ins_orientation_stamped__traits.hpp
-- Up-to-date: /home/jmj/dream_ws/install/autoware_sensing_msgs/include/autoware_sensing_msgs/autoware_sensing_msgs/msg/detail/gnss_ins_orientation__builder.hpp
-- Up-to-date: /home/jmj/dream_ws/install/autoware_sensing_msgs/include/autoware_sensing_msgs/autoware_sensing_msgs/msg/gnss_ins_orientation.hpp
-- Up-to-date: /home/jmj/dream_ws/install/autoware_sensing_msgs/include/autoware_sensing_msgs/autoware_sensing_msgs/msg/radar_field_info.hpp
-- Up-to-date: /home/jmj/dream_ws/install/autoware_sensing_msgs/include/autoware_sensing_msgs/autoware_sensing_msgs/msg/rosidl_generator_cpp__visibility_control.hpp
-- Up-to-date: /home/jmj/dream_ws/install/autoware_sensing_msgs/include/autoware_sensing_msgs/autoware_sensing_msgs/msg/radar_info.hpp
-- Up-to-date: /home/jmj/dream_ws/install/autoware_sensing_msgs/include/autoware_sensing_msgs/autoware_sensing_msgs/msg/radar_object.hpp
-- Up-to-date: /home/jmj/dream_ws/install/autoware_sensing_msgs/include/autoware_sensing_msgs/autoware_sensing_msgs/msg/radar_classification.hpp
-- Up-to-date: /home/jmj/dream_ws/install/autoware_sensing_msgs/include/autoware_sensing_msgs/autoware_sensing_msgs
-- Up-to-date: /home/jmj/dream_ws/install/autoware_sensing_msgs/include/autoware_sensing_msgs/autoware_sensing_msgs/msg
-- Up-to-date: /home/jmj/dream_ws/install/autoware_sensing_msgs/include/autoware_sensing_msgs/autoware_sensing_msgs/msg/detail
-- Up-to-date: /home/jmj/dream_ws/install/autoware_sensing_msgs/include/autoware_sensing_msgs/autoware_sensing_msgs/msg/detail/dds_fastrtps
-- Up-to-date: /home/jmj/dream_ws/install/autoware_sensing_msgs/include/autoware_sensing_msgs/autoware_sensing_msgs/msg/detail/radar_field_info__rosidl_typesupport_fastrtps_cpp.hpp
-- Up-to-date: /home/jmj/dream_ws/install/autoware_sensing_msgs/include/autoware_sensing_msgs/autoware_sensing_msgs/msg/detail/gnss_ins_orientation_stamped__rosidl_typesupport_fastrtps_cpp.hpp
-- Up-to-date: /home/jmj/dream_ws/install/autoware_sensing_msgs/include/autoware_sensing_msgs/autoware_sensing_msgs/msg/detail/radar_info__rosidl_typesupport_fastrtps_cpp.hpp
-- Up-to-date: /home/jmj/dream_ws/install/autoware_sensing_msgs/include/autoware_sensing_msgs/autoware_sensing_msgs/msg/detail/gnss_ins_orientation__rosidl_typesupport_fastrtps_cpp.hpp
-- Up-to-date: /home/jmj/dream_ws/install/autoware_sensing_msgs/include/autoware_sensing_msgs/autoware_sensing_msgs/msg/detail/radar_object__rosidl_typesupport_fastrtps_cpp.hpp
-- Up-to-date: /home/jmj/dream_ws/install/autoware_sensing_msgs/include/autoware_sensing_msgs/autoware_sensing_msgs/msg/detail/radar_classification__rosidl_typesupport_fastrtps_cpp.hpp
-- Up-to-date: /home/jmj/dream_ws/install/autoware_sensing_msgs/include/autoware_sensing_msgs/autoware_sensing_msgs/msg/detail/radar_objects__rosidl_typesupport_fastrtps_cpp.hpp
-- Up-to-date: /home/jmj/dream_ws/install/autoware_sensing_msgs/include/autoware_sensing_msgs/autoware_sensing_msgs/msg/rosidl_typesupport_fastrtps_cpp__visibility_control.h
-- Up-to-date: /home/jmj/dream_ws/install/autoware_sensing_msgs/lib/libautoware_sensing_msgs__rosidl_typesupport_fastrtps_cpp.so
-- Up-to-date: /home/jmj/dream_ws/install/autoware_sensing_msgs/include/autoware_sensing_msgs/autoware_sensing_msgs
-- Up-to-date: /home/jmj/dream_ws/install/autoware_sensing_msgs/include/autoware_sensing_msgs/autoware_sensing_msgs/msg
-- Up-to-date: /home/jmj/dream_ws/install/autoware_sensing_msgs/include/autoware_sensing_msgs/autoware_sensing_msgs/msg/detail
-- Up-to-date: /home/jmj/dream_ws/install/autoware_sensing_msgs/include/autoware_sensing_msgs/autoware_sensing_msgs/msg/detail/radar_field_info__type_support.c
-- Up-to-date: /home/jmj/dream_ws/install/autoware_sensing_msgs/include/autoware_sensing_msgs/autoware_sensing_msgs/msg/detail/radar_info__rosidl_typesupport_introspection_c.h
-- Up-to-date: /home/jmj/dream_ws/install/autoware_sensing_msgs/include/autoware_sensing_msgs/autoware_sensing_msgs/msg/detail/radar_classification__type_support.c
-- Up-to-date: /home/jmj/dream_ws/install/autoware_sensing_msgs/include/autoware_sensing_msgs/autoware_sensing_msgs/msg/detail/gnss_ins_orientation_stamped__rosidl_typesupport_introspection_c.h
-- Up-to-date: /home/jmj/dream_ws/install/autoware_sensing_msgs/include/autoware_sensing_msgs/autoware_sensing_msgs/msg/detail/radar_field_info__rosidl_typesupport_introspection_c.h
-- Up-to-date: /home/jmj/dream_ws/install/autoware_sensing_msgs/include/autoware_sensing_msgs/autoware_sensing_msgs/msg/detail/radar_info__type_support.c
-- Up-to-date: /home/jmj/dream_ws/install/autoware_sensing_msgs/include/autoware_sensing_msgs/autoware_sensing_msgs/msg/detail/gnss_ins_orientation__rosidl_typesupport_introspection_c.h
-- Up-to-date: /home/jmj/dream_ws/install/autoware_sensing_msgs/include/autoware_sensing_msgs/autoware_sensing_msgs/msg/detail/gnss_ins_orientation_stamped__type_support.c
-- Up-to-date: /home/jmj/dream_ws/install/autoware_sensing_msgs/include/autoware_sensing_msgs/autoware_sensing_msgs/msg/detail/radar_object__rosidl_typesupport_introspection_c.h
-- Up-to-date: /home/jmj/dream_ws/install/autoware_sensing_msgs/include/autoware_sensing_msgs/autoware_sensing_msgs/msg/detail/gnss_ins_orientation__type_support.c
-- Up-to-date: /home/jmj/dream_ws/install/autoware_sensing_msgs/include/autoware_sensing_msgs/autoware_sensing_msgs/msg/detail/radar_classification__rosidl_typesupport_introspection_c.h
-- Up-to-date: /home/jmj/dream_ws/install/autoware_sensing_msgs/include/autoware_sensing_msgs/autoware_sensing_msgs/msg/detail/radar_objects__type_support.c
-- Up-to-date: /home/jmj/dream_ws/install/autoware_sensing_msgs/include/autoware_sensing_msgs/autoware_sensing_msgs/msg/detail/radar_objects__rosidl_typesupport_introspection_c.h
-- Up-to-date: /home/jmj/dream_ws/install/autoware_sensing_msgs/include/autoware_sensing_msgs/autoware_sensing_msgs/msg/detail/radar_object__type_support.c
-- Up-to-date: /home/jmj/dream_ws/install/autoware_sensing_msgs/include/autoware_sensing_msgs/autoware_sensing_msgs/msg/rosidl_typesupport_introspection_c__visibility_control.h
-- Up-to-date: /home/jmj/dream_ws/install/autoware_sensing_msgs/lib/libautoware_sensing_msgs__rosidl_typesupport_introspection_c.so
-- Up-to-date: /home/jmj/dream_ws/install/autoware_sensing_msgs/lib/libautoware_sensing_msgs__rosidl_typesupport_c.so
-- Up-to-date: /home/jmj/dream_ws/install/autoware_sensing_msgs/include/autoware_sensing_msgs/autoware_sensing_msgs
-- Up-to-date: /home/jmj/dream_ws/install/autoware_sensing_msgs/include/autoware_sensing_msgs/autoware_sensing_msgs/msg
-- Up-to-date: /home/jmj/dream_ws/install/autoware_sensing_msgs/include/autoware_sensing_msgs/autoware_sensing_msgs/msg/detail
-- Up-to-date: /home/jmj/dream_ws/install/autoware_sensing_msgs/include/autoware_sensing_msgs/autoware_sensing_msgs/msg/detail/radar_classification__type_support.cpp
-- Up-to-date: /home/jmj/dream_ws/install/autoware_sensing_msgs/include/autoware_sensing_msgs/autoware_sensing_msgs/msg/detail/radar_info__rosidl_typesupport_introspection_cpp.hpp
-- Up-to-date: /home/jmj/dream_ws/install/autoware_sensing_msgs/include/autoware_sensing_msgs/autoware_sensing_msgs/msg/detail/radar_info__type_support.cpp
-- Up-to-date: /home/jmj/dream_ws/install/autoware_sensing_msgs/include/autoware_sensing_msgs/autoware_sensing_msgs/msg/detail/radar_object__type_support.cpp
-- Up-to-date: /home/jmj/dream_ws/install/autoware_sensing_msgs/include/autoware_sensing_msgs/autoware_sensing_msgs/msg/detail/radar_object__rosidl_typesupport_introspection_cpp.hpp
-- Up-to-date: /home/jmj/dream_ws/install/autoware_sensing_msgs/include/autoware_sensing_msgs/autoware_sensing_msgs/msg/detail/gnss_ins_orientation__type_support.cpp
-- Up-to-date: /home/jmj/dream_ws/install/autoware_sensing_msgs/include/autoware_sensing_msgs/autoware_sensing_msgs/msg/detail/gnss_ins_orientation_stamped__rosidl_typesupport_introspection_cpp.hpp
-- Up-to-date: /home/jmj/dream_ws/install/autoware_sensing_msgs/include/autoware_sensing_msgs/autoware_sensing_msgs/msg/detail/gnss_ins_orientation_stamped__type_support.cpp
-- Up-to-date: /home/jmj/dream_ws/install/autoware_sensing_msgs/include/autoware_sensing_msgs/autoware_sensing_msgs/msg/detail/radar_field_info__type_support.cpp
-- Up-to-date: /home/jmj/dream_ws/install/autoware_sensing_msgs/include/autoware_sensing_msgs/autoware_sensing_msgs/msg/detail/radar_classification__rosidl_typesupport_introspection_cpp.hpp
-- Up-to-date: /home/jmj/dream_ws/install/autoware_sensing_msgs/include/autoware_sensing_msgs/autoware_sensing_msgs/msg/detail/radar_objects__type_support.cpp
-- Up-to-date: /home/jmj/dream_ws/install/autoware_sensing_msgs/include/autoware_sensing_msgs/autoware_sensing_msgs/msg/detail/gnss_ins_orientation__rosidl_typesupport_introspection_cpp.hpp
-- Up-to-date: /home/jmj/dream_ws/install/autoware_sensing_msgs/include/autoware_sensing_msgs/autoware_sensing_msgs/msg/detail/radar_field_info__rosidl_typesupport_introspection_cpp.hpp
-- Up-to-date: /home/jmj/dream_ws/install/autoware_sensing_msgs/include/autoware_sensing_msgs/autoware_sensing_msgs/msg/detail/radar_objects__rosidl_typesupport_introspection_cpp.hpp
-- Up-to-date: /home/jmj/dream_ws/install/autoware_sensing_msgs/lib/libautoware_sensing_msgs__rosidl_typesupport_introspection_cpp.so
-- Up-to-date: /home/jmj/dream_ws/install/autoware_sensing_msgs/lib/libautoware_sensing_msgs__rosidl_typesupport_cpp.so
-- Up-to-date: /home/jmj/dream_ws/install/autoware_sensing_msgs/share/autoware_sensing_msgs/environment/pythonpath.sh
-- Up-to-date: /home/jmj/dream_ws/install/autoware_sensing_msgs/share/autoware_sensing_msgs/environment/pythonpath.dsv
-- Up-to-date: /home/jmj/dream_ws/install/autoware_sensing_msgs/local/lib/python3.10/dist-packages/autoware_sensing_msgs-1.8.0-py3.10.egg-info
-- Installing: /home/jmj/dream_ws/install/autoware_sensing_msgs/local/lib/python3.10/dist-packages/autoware_sensing_msgs-1.8.0-py3.10.egg-info/dependency_links.txt
-- Installing: /home/jmj/dream_ws/install/autoware_sensing_msgs/local/lib/python3.10/dist-packages/autoware_sensing_msgs-1.8.0-py3.10.egg-info/top_level.txt
-- Installing: /home/jmj/dream_ws/install/autoware_sensing_msgs/local/lib/python3.10/dist-packages/autoware_sensing_msgs-1.8.0-py3.10.egg-info/PKG-INFO
-- Installing: /home/jmj/dream_ws/install/autoware_sensing_msgs/local/lib/python3.10/dist-packages/autoware_sensing_msgs-1.8.0-py3.10.egg-info/SOURCES.txt
-- Up-to-date: /home/jmj/dream_ws/install/autoware_sensing_msgs/local/lib/python3.10/dist-packages/autoware_sensing_msgs
-- Up-to-date: /home/jmj/dream_ws/install/autoware_sensing_msgs/local/lib/python3.10/dist-packages/autoware_sensing_msgs/__init__.py
-- Up-to-date: /home/jmj/dream_ws/install/autoware_sensing_msgs/local/lib/python3.10/dist-packages/autoware_sensing_msgs/autoware_sensing_msgs_s__rosidl_typesupport_introspection_c.cpython-310-x86_64-linux-gnu.so
-- Up-to-date: /home/jmj/dream_ws/install/autoware_sensing_msgs/local/lib/python3.10/dist-packages/autoware_sensing_msgs/_autoware_sensing_msgs_s.ep.rosidl_typesupport_fastrtps_c.c
-- Up-to-date: /home/jmj/dream_ws/install/autoware_sensing_msgs/local/lib/python3.10/dist-packages/autoware_sensing_msgs/_autoware_sensing_msgs_s.ep.rosidl_typesupport_introspection_c.c
-- Up-to-date: /home/jmj/dream_ws/install/autoware_sensing_msgs/local/lib/python3.10/dist-packages/autoware_sensing_msgs/autoware_sensing_msgs_s__rosidl_typesupport_fastrtps_c.cpython-310-x86_64-linux-gnu.so
-- Up-to-date: /home/jmj/dream_ws/install/autoware_sensing_msgs/local/lib/python3.10/dist-packages/autoware_sensing_msgs/autoware_sensing_msgs_s__rosidl_typesupport_c.cpython-310-x86_64-linux-gnu.so
-- Up-to-date: /home/jmj/dream_ws/install/autoware_sensing_msgs/local/lib/python3.10/dist-packages/autoware_sensing_msgs/libautoware_sensing_msgs__rosidl_generator_py.so
-- Up-to-date: /home/jmj/dream_ws/install/autoware_sensing_msgs/local/lib/python3.10/dist-packages/autoware_sensing_msgs/_autoware_sensing_msgs_s.ep.rosidl_typesupport_c.c
-- Up-to-date: /home/jmj/dream_ws/install/autoware_sensing_msgs/local/lib/python3.10/dist-packages/autoware_sensing_msgs/msg
-- Up-to-date: /home/jmj/dream_ws/install/autoware_sensing_msgs/local/lib/python3.10/dist-packages/autoware_sensing_msgs/msg/_radar_info.py
-- Up-to-date: /home/jmj/dream_ws/install/autoware_sensing_msgs/local/lib/python3.10/dist-packages/autoware_sensing_msgs/msg/_gnss_ins_orientation_stamped_s.c
-- Up-to-date: /home/jmj/dream_ws/install/autoware_sensing_msgs/local/lib/python3.10/dist-packages/autoware_sensing_msgs/msg/__init__.py
-- Up-to-date: /home/jmj/dream_ws/install/autoware_sensing_msgs/local/lib/python3.10/dist-packages/autoware_sensing_msgs/msg/_gnss_ins_orientation_s.c
-- Up-to-date: /home/jmj/dream_ws/install/autoware_sensing_msgs/local/lib/python3.10/dist-packages/autoware_sensing_msgs/msg/_radar_object_s.c
-- Up-to-date: /home/jmj/dream_ws/install/autoware_sensing_msgs/local/lib/python3.10/dist-packages/autoware_sensing_msgs/msg/_gnss_ins_orientation_stamped.py
-- Up-to-date: /home/jmj/dream_ws/install/autoware_sensing_msgs/local/lib/python3.10/dist-packages/autoware_sensing_msgs/msg/_radar_object.py
-- Up-to-date: /home/jmj/dream_ws/install/autoware_sensing_msgs/local/lib/python3.10/dist-packages/autoware_sensing_msgs/msg/_radar_objects.py
-- Up-to-date: /home/jmj/dream_ws/install/autoware_sensing_msgs/local/lib/python3.10/dist-packages/autoware_sensing_msgs/msg/_radar_objects_s.c
-- Up-to-date: /home/jmj/dream_ws/install/autoware_sensing_msgs/local/lib/python3.10/dist-packages/autoware_sensing_msgs/msg/_radar_classification_s.c
-- Up-to-date: /home/jmj/dream_ws/install/autoware_sensing_msgs/local/lib/python3.10/dist-packages/autoware_sensing_msgs/msg/_radar_field_info_s.c
-- Up-to-date: /home/jmj/dream_ws/install/autoware_sensing_msgs/local/lib/python3.10/dist-packages/autoware_sensing_msgs/msg/_radar_field_info.py
-- Up-to-date: /home/jmj/dream_ws/install/autoware_sensing_msgs/local/lib/python3.10/dist-packages/autoware_sensing_msgs/msg/_gnss_ins_orientation.py
-- Up-to-date: /home/jmj/dream_ws/install/autoware_sensing_msgs/local/lib/python3.10/dist-packages/autoware_sensing_msgs/msg/_radar_info_s.c
-- Up-to-date: /home/jmj/dream_ws/install/autoware_sensing_msgs/local/lib/python3.10/dist-packages/autoware_sensing_msgs/msg/_radar_classification.py
Listing '/home/jmj/dream_ws/install/autoware_sensing_msgs/local/lib/python3.10/dist-packages/autoware_sensing_msgs'...
Listing '/home/jmj/dream_ws/install/autoware_sensing_msgs/local/lib/python3.10/dist-packages/autoware_sensing_msgs/msg'...
-- Up-to-date: /home/jmj/dream_ws/install/autoware_sensing_msgs/local/lib/python3.10/dist-packages/autoware_sensing_msgs/autoware_sensing_msgs_s__rosidl_typesupport_fastrtps_c.cpython-310-x86_64-linux-gnu.so
-- Up-to-date: /home/jmj/dream_ws/install/autoware_sensing_msgs/local/lib/python3.10/dist-packages/autoware_sensing_msgs/autoware_sensing_msgs_s__rosidl_typesupport_introspection_c.cpython-310-x86_64-linux-gnu.so
-- Up-to-date: /home/jmj/dream_ws/install/autoware_sensing_msgs/local/lib/python3.10/dist-packages/autoware_sensing_msgs/autoware_sensing_msgs_s__rosidl_typesupport_c.cpython-310-x86_64-linux-gnu.so
-- Up-to-date: /home/jmj/dream_ws/install/autoware_sensing_msgs/lib/libautoware_sensing_msgs__rosidl_generator_py.so
-- Up-to-date: /home/jmj/dream_ws/install/autoware_sensing_msgs/share/autoware_sensing_msgs/msg/GnssInsOrientation.idl
-- Up-to-date: /home/jmj/dream_ws/install/autoware_sensing_msgs/share/autoware_sensing_msgs/msg/GnssInsOrientationStamped.idl
-- Up-to-date: /home/jmj/dream_ws/install/autoware_sensing_msgs/share/autoware_sensing_msgs/msg/RadarClassification.idl
-- Up-to-date: /home/jmj/dream_ws/install/autoware_sensing_msgs/share/autoware_sensing_msgs/msg/RadarFieldInfo.idl
-- Up-to-date: /home/jmj/dream_ws/install/autoware_sensing_msgs/share/autoware_sensing_msgs/msg/RadarInfo.idl
-- Up-to-date: /home/jmj/dream_ws/install/autoware_sensing_msgs/share/autoware_sensing_msgs/msg/RadarObject.idl
-- Up-to-date: /home/jmj/dream_ws/install/autoware_sensing_msgs/share/autoware_sensing_msgs/msg/RadarObjects.idl
-- Up-to-date: /home/jmj/dream_ws/install/autoware_sensing_msgs/share/autoware_sensing_msgs/msg/GnssInsOrientation.msg
-- Up-to-date: /home/jmj/dream_ws/install/autoware_sensing_msgs/share/autoware_sensing_msgs/msg/GnssInsOrientationStamped.msg
-- Up-to-date: /home/jmj/dream_ws/install/autoware_sensing_msgs/share/autoware_sensing_msgs/msg/RadarClassification.msg
-- Up-to-date: /home/jmj/dream_ws/install/autoware_sensing_msgs/share/autoware_sensing_msgs/msg/RadarFieldInfo.msg
-- Up-to-date: /home/jmj/dream_ws/install/autoware_sensing_msgs/share/autoware_sensing_msgs/msg/RadarInfo.msg
-- Up-to-date: /home/jmj/dream_ws/install/autoware_sensing_msgs/share/autoware_sensing_msgs/msg/RadarObject.msg
-- Up-to-date: /home/jmj/dream_ws/install/autoware_sensing_msgs/share/autoware_sensing_msgs/msg/RadarObjects.msg
-- Up-to-date: /home/jmj/dream_ws/install/autoware_sensing_msgs/share/ament_index/resource_index/package_run_dependencies/autoware_sensing_msgs
-- Up-to-date: /home/jmj/dream_ws/install/autoware_sensing_msgs/share/ament_index/resource_index/parent_prefix_path/autoware_sensing_msgs
-- Up-to-date: /home/jmj/dream_ws/install/autoware_sensing_msgs/share/autoware_sensing_msgs/environment/ament_prefix_path.sh
-- Up-to-date: /home/jmj/dream_ws/install/autoware_sensing_msgs/share/autoware_sensing_msgs/environment/ament_prefix_path.dsv
-- Up-to-date: /home/jmj/dream_ws/install/autoware_sensing_msgs/share/autoware_sensing_msgs/environment/path.sh
-- Up-to-date: /home/jmj/dream_ws/install/autoware_sensing_msgs/share/autoware_sensing_msgs/environment/path.dsv
-- Up-to-date: /home/jmj/dream_ws/install/autoware_sensing_msgs/share/autoware_sensing_msgs/local_setup.bash
-- Up-to-date: /home/jmj/dream_ws/install/autoware_sensing_msgs/share/autoware_sensing_msgs/local_setup.sh
-- Up-to-date: /home/jmj/dream_ws/install/autoware_sensing_msgs/share/autoware_sensing_msgs/local_setup.zsh
-- Up-to-date: /home/jmj/dream_ws/install/autoware_sensing_msgs/share/autoware_sensing_msgs/local_setup.dsv
-- Installing: /home/jmj/dream_ws/install/autoware_sensing_msgs/share/autoware_sensing_msgs/package.dsv
-- Up-to-date: /home/jmj/dream_ws/install/autoware_sensing_msgs/share/ament_index/resource_index/packages/autoware_sensing_msgs
-- Up-to-date: /home/jmj/dream_ws/install/autoware_sensing_msgs/share/autoware_sensing_msgs/cmake/export_autoware_sensing_msgs__rosidl_generator_cExport.cmake
-- Up-to-date: /home/jmj/dream_ws/install/autoware_sensing_msgs/share/autoware_sensing_msgs/cmake/export_autoware_sensing_msgs__rosidl_generator_cExport-noconfig.cmake
-- Up-to-date: /home/jmj/dream_ws/install/autoware_sensing_msgs/share/autoware_sensing_msgs/cmake/export_autoware_sensing_msgs__rosidl_typesupport_fastrtps_cExport.cmake
-- Up-to-date: /home/jmj/dream_ws/install/autoware_sensing_msgs/share/autoware_sensing_msgs/cmake/export_autoware_sensing_msgs__rosidl_typesupport_fastrtps_cExport-noconfig.cmake
-- Up-to-date: /home/jmj/dream_ws/install/autoware_sensing_msgs/share/autoware_sensing_msgs/cmake/export_autoware_sensing_msgs__rosidl_generator_cppExport.cmake
-- Up-to-date: /home/jmj/dream_ws/install/autoware_sensing_msgs/share/autoware_sensing_msgs/cmake/export_autoware_sensing_msgs__rosidl_typesupport_fastrtps_cppExport.cmake
-- Up-to-date: /home/jmj/dream_ws/install/autoware_sensing_msgs/share/autoware_sensing_msgs/cmake/export_autoware_sensing_msgs__rosidl_typesupport_fastrtps_cppExport-noconfig.cmake
-- Up-to-date: /home/jmj/dream_ws/install/autoware_sensing_msgs/share/autoware_sensing_msgs/cmake/autoware_sensing_msgs__rosidl_typesupport_introspection_cExport.cmake
-- Up-to-date: /home/jmj/dream_ws/install/autoware_sensing_msgs/share/autoware_sensing_msgs/cmake/autoware_sensing_msgs__rosidl_typesupport_introspection_cExport-noconfig.cmake
-- Up-to-date: /home/jmj/dream_ws/install/autoware_sensing_msgs/share/autoware_sensing_msgs/cmake/autoware_sensing_msgs__rosidl_typesupport_cExport.cmake
-- Up-to-date: /home/jmj/dream_ws/install/autoware_sensing_msgs/share/autoware_sensing_msgs/cmake/autoware_sensing_msgs__rosidl_typesupport_cExport-noconfig.cmake
-- Up-to-date: /home/jmj/dream_ws/install/autoware_sensing_msgs/share/autoware_sensing_msgs/cmake/autoware_sensing_msgs__rosidl_typesupport_introspection_cppExport.cmake
-- Up-to-date: /home/jmj/dream_ws/install/autoware_sensing_msgs/share/autoware_sensing_msgs/cmake/autoware_sensing_msgs__rosidl_typesupport_introspection_cppExport-noconfig.cmake
-- Up-to-date: /home/jmj/dream_ws/install/autoware_sensing_msgs/share/autoware_sensing_msgs/cmake/autoware_sensing_msgs__rosidl_typesupport_cppExport.cmake
-- Up-to-date: /home/jmj/dream_ws/install/autoware_sensing_msgs/share/autoware_sensing_msgs/cmake/autoware_sensing_msgs__rosidl_typesupport_cppExport-noconfig.cmake
-- Up-to-date: /home/jmj/dream_ws/install/autoware_sensing_msgs/share/autoware_sensing_msgs/cmake/export_autoware_sensing_msgs__rosidl_generator_pyExport.cmake
-- Up-to-date: /home/jmj/dream_ws/install/autoware_sensing_msgs/share/autoware_sensing_msgs/cmake/export_autoware_sensing_msgs__rosidl_generator_pyExport-noconfig.cmake
-- Up-to-date: /home/jmj/dream_ws/install/autoware_sensing_msgs/share/autoware_sensing_msgs/cmake/rosidl_cmake-extras.cmake
-- Up-to-date: /home/jmj/dream_ws/install/autoware_sensing_msgs/share/autoware_sensing_msgs/cmake/ament_cmake_export_dependencies-extras.cmake
-- Up-to-date: /home/jmj/dream_ws/install/autoware_sensing_msgs/share/autoware_sensing_msgs/cmake/ament_cmake_export_include_directories-extras.cmake
-- Up-to-date: /home/jmj/dream_ws/install/autoware_sensing_msgs/share/autoware_sensing_msgs/cmake/ament_cmake_export_libraries-extras.cmake
-- Up-to-date: /home/jmj/dream_ws/install/autoware_sensing_msgs/share/autoware_sensing_msgs/cmake/ament_cmake_export_targets-extras.cmake
-- Up-to-date: /home/jmj/dream_ws/install/autoware_sensing_msgs/share/autoware_sensing_msgs/cmake/rosidl_cmake_export_typesupport_targets-extras.cmake
-- Up-to-date: /home/jmj/dream_ws/install/autoware_sensing_msgs/share/autoware_sensing_msgs/cmake/rosidl_cmake_export_typesupport_libraries-extras.cmake
-- Up-to-date: /home/jmj/dream_ws/install/autoware_sensing_msgs/share/autoware_sensing_msgs/cmake/autoware_sensing_msgsConfig.cmake
-- Up-to-date: /home/jmj/dream_ws/install/autoware_sensing_msgs/share/autoware_sensing_msgs/cmake/autoware_sensing_msgsConfig-version.cmake
-- Up-to-date: /home/jmj/dream_ws/install/autoware_sensing_msgs/share/autoware_sensing_msgs/package.xml
