[0.023s] Invoking command in '/home/jmj/dream_ws/build/autoware_control_msgs': CMAKE_PREFIX_PATH=${CMAKE_PREFIX_PATH}:/home/jmj/dream_ws/install/dream:/opt/ros/humble /usr/bin/cmake --build /home/jmj/dream_ws/build/autoware_control_msgs -- -j20 -l20
[0.078s] [  1%] Built target autoware_control_msgs__cpp
[0.078s] [ 12%] Built target autoware_control_msgs__rosidl_generator_c
[0.084s] [ 12%] Built target ament_cmake_python_copy_autoware_control_msgs
[0.111s] [ 25%] Built target autoware_control_msgs__rosidl_typesupport_fastrtps_cpp
[0.111s] [ 34%] Built target autoware_control_msgs__rosidl_typesupport_cpp
[0.126s] [ 45%] Built target autoware_control_msgs__rosidl_typesupport_introspection_c
[0.142s] [ 56%] Built target autoware_control_msgs__rosidl_typesupport_introspection_cpp
[0.151s] [ 67%] Built target autoware_control_msgs__rosidl_typesupport_c
[0.154s] [ 78%] Built target autoware_control_msgs__rosidl_typesupport_fastrtps_c
[0.173s] [ 78%] Built target autoware_control_msgs
[0.192s] [ 80%] Built target autoware_control_msgs__py
[0.212s] [ 89%] Built target autoware_control_msgs__rosidl_generator_py
[0.233s] [ 92%] Built target autoware_control_msgs__rosidl_typesupport_fastrtps_c__pyext
[0.238s] [ 96%] Built target autoware_control_msgs__rosidl_typesupport_introspection_c__pyext
[0.242s] [100%] Built target autoware_control_msgs__rosidl_typesupport_c__pyext
[0.344s] running egg_info
[0.345s] writing autoware_control_msgs.egg-info/PKG-INFO
[0.345s] writing dependency_links to autoware_control_msgs.egg-info/dependency_links.txt
[0.345s] writing top-level names to autoware_control_msgs.egg-info/top_level.txt
[0.347s] reading manifest file 'autoware_control_msgs.egg-info/SOURCES.txt'
[0.348s] writing manifest file 'autoware_control_msgs.egg-info/SOURCES.txt'
[0.371s] [100%] Built target ament_cmake_python_build_autoware_control_msgs_egg
[0.387s] Invoked command in '/home/jmj/dream_ws/build/autoware_control_msgs' returned '0': CMAKE_PREFIX_PATH=${CMAKE_PREFIX_PATH}:/home/jmj/dream_ws/install/dream:/opt/ros/humble /usr/bin/cmake --build /home/jmj/dream_ws/build/autoware_control_msgs -- -j20 -l20
[0.388s] Invoking command in '/home/jmj/dream_ws/build/autoware_control_msgs': CMAKE_PREFIX_PATH=${CMAKE_PREFIX_PATH}:/home/jmj/dream_ws/install/dream:/opt/ros/humble /usr/bin/cmake --install /home/jmj/dream_ws/build/autoware_control_msgs
[0.407s] -- Install configuration: ""
[0.407s] -- Up-to-date: /home/jmj/dream_ws/install/autoware_control_msgs/share/ament_index/resource_index/rosidl_interfaces/autoware_control_msgs
[0.407s] -- Up-to-date: /home/jmj/dream_ws/install/autoware_control_msgs/include/autoware_control_msgs/autoware_control_msgs
[0.407s] -- Up-to-date: /home/jmj/dream_ws/install/autoware_control_msgs/include/autoware_control_msgs/autoware_control_msgs/msg
[0.407s] -- Up-to-date: /home/jmj/dream_ws/install/autoware_control_msgs/include/autoware_control_msgs/autoware_control_msgs/msg/lateral.h
[0.407s] -- Up-to-date: /home/jmj/dream_ws/install/autoware_control_msgs/include/autoware_control_msgs/autoware_control_msgs/msg/longitudinal.h
[0.407s] -- Up-to-date: /home/jmj/dream_ws/install/autoware_control_msgs/include/autoware_control_msgs/autoware_control_msgs/msg/rosidl_generator_c__visibility_control.h
[0.407s] -- Up-to-date: /home/jmj/dream_ws/install/autoware_control_msgs/include/autoware_control_msgs/autoware_control_msgs/msg/detail
[0.407s] -- Up-to-date: /home/jmj/dream_ws/install/autoware_control_msgs/include/autoware_control_msgs/autoware_control_msgs/msg/detail/lateral__functions.h
[0.407s] -- Up-to-date: /home/jmj/dream_ws/install/autoware_control_msgs/include/autoware_control_msgs/autoware_control_msgs/msg/detail/control__functions.c
[0.407s] -- Up-to-date: /home/jmj/dream_ws/install/autoware_control_msgs/include/autoware_control_msgs/autoware_control_msgs/msg/detail/longitudinal__functions.h
[0.407s] -- Up-to-date: /home/jmj/dream_ws/install/autoware_control_msgs/include/autoware_control_msgs/autoware_control_msgs/msg/detail/control__struct.h
[0.407s] -- Up-to-date: /home/jmj/dream_ws/install/autoware_control_msgs/include/autoware_control_msgs/autoware_control_msgs/msg/detail/control__functions.h
[0.408s] -- Up-to-date: /home/jmj/dream_ws/install/autoware_control_msgs/include/autoware_control_msgs/autoware_control_msgs/msg/detail/lateral__functions.c
[0.408s] -- Up-to-date: /home/jmj/dream_ws/install/autoware_control_msgs/include/autoware_control_msgs/autoware_control_msgs/msg/detail/control_horizon__functions.h
[0.408s] -- Up-to-date: /home/jmj/dream_ws/install/autoware_control_msgs/include/autoware_control_msgs/autoware_control_msgs/msg/detail/lateral__struct.h
[0.408s] -- Up-to-date: /home/jmj/dream_ws/install/autoware_control_msgs/include/autoware_control_msgs/autoware_control_msgs/msg/detail/control_horizon__struct.h
[0.408s] -- Up-to-date: /home/jmj/dream_ws/install/autoware_control_msgs/include/autoware_control_msgs/autoware_control_msgs/msg/detail/longitudinal__type_support.h
[0.408s] -- Up-to-date: /home/jmj/dream_ws/install/autoware_control_msgs/include/autoware_control_msgs/autoware_control_msgs/msg/detail/longitudinal__functions.c
[0.408s] -- Up-to-date: /home/jmj/dream_ws/install/autoware_control_msgs/include/autoware_control_msgs/autoware_control_msgs/msg/detail/control_horizon__functions.c
[0.408s] -- Up-to-date: /home/jmj/dream_ws/install/autoware_control_msgs/include/autoware_control_msgs/autoware_control_msgs/msg/detail/lateral__type_support.h
[0.408s] -- Up-to-date: /home/jmj/dream_ws/install/autoware_control_msgs/include/autoware_control_msgs/autoware_control_msgs/msg/detail/control_horizon__type_support.h
[0.408s] -- Up-to-date: /home/jmj/dream_ws/install/autoware_control_msgs/include/autoware_control_msgs/autoware_control_msgs/msg/detail/control__type_support.h
[0.408s] -- Up-to-date: /home/jmj/dream_ws/install/autoware_control_msgs/include/autoware_control_msgs/autoware_control_msgs/msg/detail/longitudinal__struct.h
[0.408s] -- Up-to-date: /home/jmj/dream_ws/install/autoware_control_msgs/include/autoware_control_msgs/autoware_control_msgs/msg/control_horizon.h
[0.408s] -- Up-to-date: /home/jmj/dream_ws/install/autoware_control_msgs/include/autoware_control_msgs/autoware_control_msgs/msg/control.h
[0.408s] -- Up-to-date: /home/jmj/dream_ws/install/autoware_control_msgs/share/autoware_control_msgs/environment/library_path.sh
[0.408s] -- Up-to-date: /home/jmj/dream_ws/install/autoware_control_msgs/share/autoware_control_msgs/environment/library_path.dsv
[0.408s] -- Up-to-date: /home/jmj/dream_ws/install/autoware_control_msgs/lib/libautoware_control_msgs__rosidl_generator_c.so
[0.408s] -- Up-to-date: /home/jmj/dream_ws/install/autoware_control_msgs/include/autoware_control_msgs/autoware_control_msgs
[0.408s] -- Up-to-date: /home/jmj/dream_ws/install/autoware_control_msgs/include/autoware_control_msgs/autoware_control_msgs/msg
[0.408s] -- Up-to-date: /home/jmj/dream_ws/install/autoware_control_msgs/include/autoware_control_msgs/autoware_control_msgs/msg/detail
[0.408s] -- Up-to-date: /home/jmj/dream_ws/install/autoware_control_msgs/include/autoware_control_msgs/autoware_control_msgs/msg/detail/control_horizon__rosidl_typesupport_fastrtps_c.h
[0.408s] -- Up-to-date: /home/jmj/dream_ws/install/autoware_control_msgs/include/autoware_control_msgs/autoware_control_msgs/msg/detail/lateral__rosidl_typesupport_fastrtps_c.h
[0.408s] -- Up-to-date: /home/jmj/dream_ws/install/autoware_control_msgs/include/autoware_control_msgs/autoware_control_msgs/msg/detail/longitudinal__rosidl_typesupport_fastrtps_c.h
[0.409s] -- Up-to-date: /home/jmj/dream_ws/install/autoware_control_msgs/include/autoware_control_msgs/autoware_control_msgs/msg/detail/control__rosidl_typesupport_fastrtps_c.h
[0.409s] -- Up-to-date: /home/jmj/dream_ws/install/autoware_control_msgs/include/autoware_control_msgs/autoware_control_msgs/msg/rosidl_typesupport_fastrtps_c__visibility_control.h
[0.409s] -- Up-to-date: /home/jmj/dream_ws/install/autoware_control_msgs/lib/libautoware_control_msgs__rosidl_typesupport_fastrtps_c.so
[0.409s] -- Up-to-date: /home/jmj/dream_ws/install/autoware_control_msgs/include/autoware_control_msgs/autoware_control_msgs
[0.409s] -- Up-to-date: /home/jmj/dream_ws/install/autoware_control_msgs/include/autoware_control_msgs/autoware_control_msgs/msg
[0.409s] -- Up-to-date: /home/jmj/dream_ws/install/autoware_control_msgs/include/autoware_control_msgs/autoware_control_msgs/msg/control.hpp
[0.409s] -- Up-to-date: /home/jmj/dream_ws/install/autoware_control_msgs/include/autoware_control_msgs/autoware_control_msgs/msg/lateral.hpp
[0.409s] -- Up-to-date: /home/jmj/dream_ws/install/autoware_control_msgs/include/autoware_control_msgs/autoware_control_msgs/msg/detail
[0.409s] -- Up-to-date: /home/jmj/dream_ws/install/autoware_control_msgs/include/autoware_control_msgs/autoware_control_msgs/msg/detail/control__traits.hpp
[0.409s] -- Up-to-date: /home/jmj/dream_ws/install/autoware_control_msgs/include/autoware_control_msgs/autoware_control_msgs/msg/detail/control__type_support.hpp
[0.409s] -- Up-to-date: /home/jmj/dream_ws/install/autoware_control_msgs/include/autoware_control_msgs/autoware_control_msgs/msg/detail/lateral__traits.hpp
[0.409s] -- Up-to-date: /home/jmj/dream_ws/install/autoware_control_msgs/include/autoware_control_msgs/autoware_control_msgs/msg/detail/lateral__type_support.hpp
[0.409s] -- Up-to-date: /home/jmj/dream_ws/install/autoware_control_msgs/include/autoware_control_msgs/autoware_control_msgs/msg/detail/longitudinal__struct.hpp
[0.409s] -- Up-to-date: /home/jmj/dream_ws/install/autoware_control_msgs/include/autoware_control_msgs/autoware_control_msgs/msg/detail/control_horizon__builder.hpp
[0.409s] -- Up-to-date: /home/jmj/dream_ws/install/autoware_control_msgs/include/autoware_control_msgs/autoware_control_msgs/msg/detail/control_horizon__type_support.hpp
[0.409s] -- Up-to-date: /home/jmj/dream_ws/install/autoware_control_msgs/include/autoware_control_msgs/autoware_control_msgs/msg/detail/longitudinal__builder.hpp
[0.409s] -- Up-to-date: /home/jmj/dream_ws/install/autoware_control_msgs/include/autoware_control_msgs/autoware_control_msgs/msg/detail/lateral__builder.hpp
[0.409s] -- Up-to-date: /home/jmj/dream_ws/install/autoware_control_msgs/include/autoware_control_msgs/autoware_control_msgs/msg/detail/control__builder.hpp
[0.409s] -- Up-to-date: /home/jmj/dream_ws/install/autoware_control_msgs/include/autoware_control_msgs/autoware_control_msgs/msg/detail/longitudinal__traits.hpp
[0.409s] -- Up-to-date: /home/jmj/dream_ws/install/autoware_control_msgs/include/autoware_control_msgs/autoware_control_msgs/msg/detail/control_horizon__traits.hpp
[0.409s] -- Up-to-date: /home/jmj/dream_ws/install/autoware_control_msgs/include/autoware_control_msgs/autoware_control_msgs/msg/detail/control__struct.hpp
[0.409s] -- Up-to-date: /home/jmj/dream_ws/install/autoware_control_msgs/include/autoware_control_msgs/autoware_control_msgs/msg/detail/lateral__struct.hpp
[0.412s] -- Up-to-date: /home/jmj/dream_ws/install/autoware_control_msgs/include/autoware_control_msgs/autoware_control_msgs/msg/detail/control_horizon__struct.hpp
[0.412s] -- Up-to-date: /home/jmj/dream_ws/install/autoware_control_msgs/include/autoware_control_msgs/autoware_control_msgs/msg/detail/longitudinal__type_support.hpp
[0.412s] -- Up-to-date: /home/jmj/dream_ws/install/autoware_control_msgs/include/autoware_control_msgs/autoware_control_msgs/msg/control_horizon.hpp
[0.412s] -- Up-to-date: /home/jmj/dream_ws/install/autoware_control_msgs/include/autoware_control_msgs/autoware_control_msgs/msg/longitudinal.hpp
[0.412s] -- Up-to-date: /home/jmj/dream_ws/install/autoware_control_msgs/include/autoware_control_msgs/autoware_control_msgs/msg/rosidl_generator_cpp__visibility_control.hpp
[0.412s] -- Up-to-date: /home/jmj/dream_ws/install/autoware_control_msgs/include/autoware_control_msgs/autoware_control_msgs
[0.412s] -- Up-to-date: /home/jmj/dream_ws/install/autoware_control_msgs/include/autoware_control_msgs/autoware_control_msgs/msg
[0.412s] -- Up-to-date: /home/jmj/dream_ws/install/autoware_control_msgs/include/autoware_control_msgs/autoware_control_msgs/msg/detail
[0.412s] -- Up-to-date: /home/jmj/dream_ws/install/autoware_control_msgs/include/autoware_control_msgs/autoware_control_msgs/msg/detail/dds_fastrtps
[0.412s] -- Up-to-date: /home/jmj/dream_ws/install/autoware_control_msgs/include/autoware_control_msgs/autoware_control_msgs/msg/detail/lateral__rosidl_typesupport_fastrtps_cpp.hpp
[0.412s] -- Up-to-date: /home/jmj/dream_ws/install/autoware_control_msgs/include/autoware_control_msgs/autoware_control_msgs/msg/detail/control_horizon__rosidl_typesupport_fastrtps_cpp.hpp
[0.412s] -- Up-to-date: /home/jmj/dream_ws/install/autoware_control_msgs/include/autoware_control_msgs/autoware_control_msgs/msg/detail/control__rosidl_typesupport_fastrtps_cpp.hpp
[0.412s] -- Up-to-date: /home/jmj/dream_ws/install/autoware_control_msgs/include/autoware_control_msgs/autoware_control_msgs/msg/detail/longitudinal__rosidl_typesupport_fastrtps_cpp.hpp
[0.413s] -- Up-to-date: /home/jmj/dream_ws/install/autoware_control_msgs/include/autoware_control_msgs/autoware_control_msgs/msg/rosidl_typesupport_fastrtps_cpp__visibility_control.h
[0.413s] -- Up-to-date: /home/jmj/dream_ws/install/autoware_control_msgs/lib/libautoware_control_msgs__rosidl_typesupport_fastrtps_cpp.so
[0.413s] -- Up-to-date: /home/jmj/dream_ws/install/autoware_control_msgs/include/autoware_control_msgs/autoware_control_msgs
[0.413s] -- Up-to-date: /home/jmj/dream_ws/install/autoware_control_msgs/include/autoware_control_msgs/autoware_control_msgs/msg
[0.413s] -- Up-to-date: /home/jmj/dream_ws/install/autoware_control_msgs/include/autoware_control_msgs/autoware_control_msgs/msg/detail
[0.413s] -- Up-to-date: /home/jmj/dream_ws/install/autoware_control_msgs/include/autoware_control_msgs/autoware_control_msgs/msg/detail/lateral__rosidl_typesupport_introspection_c.h
[0.413s] -- Up-to-date: /home/jmj/dream_ws/install/autoware_control_msgs/include/autoware_control_msgs/autoware_control_msgs/msg/detail/longitudinal__type_support.c
[0.413s] -- Up-to-date: /home/jmj/dream_ws/install/autoware_control_msgs/include/autoware_control_msgs/autoware_control_msgs/msg/detail/control__rosidl_typesupport_introspection_c.h
[0.413s] -- Up-to-date: /home/jmj/dream_ws/install/autoware_control_msgs/include/autoware_control_msgs/autoware_control_msgs/msg/detail/longitudinal__rosidl_typesupport_introspection_c.h
[0.413s] -- Up-to-date: /home/jmj/dream_ws/install/autoware_control_msgs/include/autoware_control_msgs/autoware_control_msgs/msg/detail/control__type_support.c
[0.414s] -- Up-to-date: /home/jmj/dream_ws/install/autoware_control_msgs/include/autoware_control_msgs/autoware_control_msgs/msg/detail/control_horizon__type_support.c
[0.414s] -- Up-to-date: /home/jmj/dream_ws/install/autoware_control_msgs/include/autoware_control_msgs/autoware_control_msgs/msg/detail/control_horizon__rosidl_typesupport_introspection_c.h
[0.414s] -- Up-to-date: /home/jmj/dream_ws/install/autoware_control_msgs/include/autoware_control_msgs/autoware_control_msgs/msg/detail/lateral__type_support.c
[0.416s] -- Up-to-date: /home/jmj/dream_ws/install/autoware_control_msgs/include/autoware_control_msgs/autoware_control_msgs/msg/rosidl_typesupport_introspection_c__visibility_control.h
[0.416s] -- Up-to-date: /home/jmj/dream_ws/install/autoware_control_msgs/lib/libautoware_control_msgs__rosidl_typesupport_introspection_c.so
[0.416s] -- Up-to-date: /home/jmj/dream_ws/install/autoware_control_msgs/lib/libautoware_control_msgs__rosidl_typesupport_c.so
[0.416s] -- Up-to-date: /home/jmj/dream_ws/install/autoware_control_msgs/include/autoware_control_msgs/autoware_control_msgs
[0.416s] -- Up-to-date: /home/jmj/dream_ws/install/autoware_control_msgs/include/autoware_control_msgs/autoware_control_msgs/msg
[0.416s] -- Up-to-date: /home/jmj/dream_ws/install/autoware_control_msgs/include/autoware_control_msgs/autoware_control_msgs/msg/detail
[0.416s] -- Up-to-date: /home/jmj/dream_ws/install/autoware_control_msgs/include/autoware_control_msgs/autoware_control_msgs/msg/detail/longitudinal__type_support.cpp
[0.416s] -- Up-to-date: /home/jmj/dream_ws/install/autoware_control_msgs/include/autoware_control_msgs/autoware_control_msgs/msg/detail/control__rosidl_typesupport_introspection_cpp.hpp
[0.417s] -- Up-to-date: /home/jmj/dream_ws/install/autoware_control_msgs/include/autoware_control_msgs/autoware_control_msgs/msg/detail/control_horizon__rosidl_typesupport_introspection_cpp.hpp
[0.417s] -- Up-to-date: /home/jmj/dream_ws/install/autoware_control_msgs/include/autoware_control_msgs/autoware_control_msgs/msg/detail/control__type_support.cpp
[0.417s] -- Up-to-date: /home/jmj/dream_ws/install/autoware_control_msgs/include/autoware_control_msgs/autoware_control_msgs/msg/detail/control_horizon__type_support.cpp
[0.417s] -- Up-to-date: /home/jmj/dream_ws/install/autoware_control_msgs/include/autoware_control_msgs/autoware_control_msgs/msg/detail/lateral__rosidl_typesupport_introspection_cpp.hpp
[0.417s] -- Up-to-date: /home/jmj/dream_ws/install/autoware_control_msgs/include/autoware_control_msgs/autoware_control_msgs/msg/detail/lateral__type_support.cpp
[0.417s] -- Up-to-date: /home/jmj/dream_ws/install/autoware_control_msgs/include/autoware_control_msgs/autoware_control_msgs/msg/detail/longitudinal__rosidl_typesupport_introspection_cpp.hpp
[0.417s] -- Up-to-date: /home/jmj/dream_ws/install/autoware_control_msgs/lib/libautoware_control_msgs__rosidl_typesupport_introspection_cpp.so
[0.417s] -- Up-to-date: /home/jmj/dream_ws/install/autoware_control_msgs/lib/libautoware_control_msgs__rosidl_typesupport_cpp.so
[0.417s] -- Up-to-date: /home/jmj/dream_ws/install/autoware_control_msgs/share/autoware_control_msgs/environment/pythonpath.sh
[0.417s] -- Up-to-date: /home/jmj/dream_ws/install/autoware_control_msgs/share/autoware_control_msgs/environment/pythonpath.dsv
[0.417s] -- Up-to-date: /home/jmj/dream_ws/install/autoware_control_msgs/local/lib/python3.10/dist-packages/autoware_control_msgs-1.8.0-py3.10.egg-info
[0.417s] -- Installing: /home/jmj/dream_ws/install/autoware_control_msgs/local/lib/python3.10/dist-packages/autoware_control_msgs-1.8.0-py3.10.egg-info/dependency_links.txt
[0.417s] -- Installing: /home/jmj/dream_ws/install/autoware_control_msgs/local/lib/python3.10/dist-packages/autoware_control_msgs-1.8.0-py3.10.egg-info/top_level.txt
[0.417s] -- Installing: /home/jmj/dream_ws/install/autoware_control_msgs/local/lib/python3.10/dist-packages/autoware_control_msgs-1.8.0-py3.10.egg-info/PKG-INFO
[0.417s] -- Installing: /home/jmj/dream_ws/install/autoware_control_msgs/local/lib/python3.10/dist-packages/autoware_control_msgs-1.8.0-py3.10.egg-info/SOURCES.txt
[0.417s] -- Up-to-date: /home/jmj/dream_ws/install/autoware_control_msgs/local/lib/python3.10/dist-packages/autoware_control_msgs
[0.417s] -- Up-to-date: /home/jmj/dream_ws/install/autoware_control_msgs/local/lib/python3.10/dist-packages/autoware_control_msgs/_autoware_control_msgs_s.ep.rosidl_typesupport_fastrtps_c.c
[0.417s] -- Up-to-date: /home/jmj/dream_ws/install/autoware_control_msgs/local/lib/python3.10/dist-packages/autoware_control_msgs/__init__.py
[0.417s] -- Up-to-date: /home/jmj/dream_ws/install/autoware_control_msgs/local/lib/python3.10/dist-packages/autoware_control_msgs/_autoware_control_msgs_s.ep.rosidl_typesupport_c.c
[0.418s] -- Up-to-date: /home/jmj/dream_ws/install/autoware_control_msgs/local/lib/python3.10/dist-packages/autoware_control_msgs/autoware_control_msgs_s__rosidl_typesupport_fastrtps_c.cpython-310-x86_64-linux-gnu.so
[0.419s] -- Up-to-date: /home/jmj/dream_ws/install/autoware_control_msgs/local/lib/python3.10/dist-packages/autoware_control_msgs/autoware_control_msgs_s__rosidl_typesupport_introspection_c.cpython-310-x86_64-linux-gnu.so
[0.419s] -- Up-to-date: /home/jmj/dream_ws/install/autoware_control_msgs/local/lib/python3.10/dist-packages/autoware_control_msgs/libautoware_control_msgs__rosidl_generator_py.so
[0.419s] -- Up-to-date: /home/jmj/dream_ws/install/autoware_control_msgs/local/lib/python3.10/dist-packages/autoware_control_msgs/autoware_control_msgs_s__rosidl_typesupport_c.cpython-310-x86_64-linux-gnu.so
[0.419s] -- Up-to-date: /home/jmj/dream_ws/install/autoware_control_msgs/local/lib/python3.10/dist-packages/autoware_control_msgs/msg
[0.419s] -- Up-to-date: /home/jmj/dream_ws/install/autoware_control_msgs/local/lib/python3.10/dist-packages/autoware_control_msgs/msg/_lateral_s.c
[0.419s] -- Up-to-date: /home/jmj/dream_ws/install/autoware_control_msgs/local/lib/python3.10/dist-packages/autoware_control_msgs/msg/_longitudinal.py
[0.419s] -- Up-to-date: /home/jmj/dream_ws/install/autoware_control_msgs/local/lib/python3.10/dist-packages/autoware_control_msgs/msg/__init__.py
[0.419s] -- Up-to-date: /home/jmj/dream_ws/install/autoware_control_msgs/local/lib/python3.10/dist-packages/autoware_control_msgs/msg/_control_horizon_s.c
[0.419s] -- Up-to-date: /home/jmj/dream_ws/install/autoware_control_msgs/local/lib/python3.10/dist-packages/autoware_control_msgs/msg/_control_s.c
[0.419s] -- Up-to-date: /home/jmj/dream_ws/install/autoware_control_msgs/local/lib/python3.10/dist-packages/autoware_control_msgs/msg/_lateral.py
[0.419s] -- Up-to-date: /home/jmj/dream_ws/install/autoware_control_msgs/local/lib/python3.10/dist-packages/autoware_control_msgs/msg/_control.py
[0.419s] -- Up-to-date: /home/jmj/dream_ws/install/autoware_control_msgs/local/lib/python3.10/dist-packages/autoware_control_msgs/msg/_control_horizon.py
[0.419s] -- Up-to-date: /home/jmj/dream_ws/install/autoware_control_msgs/local/lib/python3.10/dist-packages/autoware_control_msgs/msg/_longitudinal_s.c
[0.419s] -- Up-to-date: /home/jmj/dream_ws/install/autoware_control_msgs/local/lib/python3.10/dist-packages/autoware_control_msgs/_autoware_control_msgs_s.ep.rosidl_typesupport_introspection_c.c
[0.449s] Listing '/home/jmj/dream_ws/install/autoware_control_msgs/local/lib/python3.10/dist-packages/autoware_control_msgs'...
[0.449s] Listing '/home/jmj/dream_ws/install/autoware_control_msgs/local/lib/python3.10/dist-packages/autoware_control_msgs/msg'...
[0.456s] -- Up-to-date: /home/jmj/dream_ws/install/autoware_control_msgs/local/lib/python3.10/dist-packages/autoware_control_msgs/autoware_control_msgs_s__rosidl_typesupport_fastrtps_c.cpython-310-x86_64-linux-gnu.so
[0.457s] -- Up-to-date: /home/jmj/dream_ws/install/autoware_control_msgs/local/lib/python3.10/dist-packages/autoware_control_msgs/autoware_control_msgs_s__rosidl_typesupport_introspection_c.cpython-310-x86_64-linux-gnu.so
[0.457s] -- Up-to-date: /home/jmj/dream_ws/install/autoware_control_msgs/local/lib/python3.10/dist-packages/autoware_control_msgs/autoware_control_msgs_s__rosidl_typesupport_c.cpython-310-x86_64-linux-gnu.so
[0.457s] -- Up-to-date: /home/jmj/dream_ws/install/autoware_control_msgs/lib/libautoware_control_msgs__rosidl_generator_py.so
[0.457s] -- Up-to-date: /home/jmj/dream_ws/install/autoware_control_msgs/share/autoware_control_msgs/msg/Control.idl
[0.457s] -- Up-to-date: /home/jmj/dream_ws/install/autoware_control_msgs/share/autoware_control_msgs/msg/ControlHorizon.idl
[0.457s] -- Up-to-date: /home/jmj/dream_ws/install/autoware_control_msgs/share/autoware_control_msgs/msg/Lateral.idl
[0.457s] -- Up-to-date: /home/jmj/dream_ws/install/autoware_control_msgs/share/autoware_control_msgs/msg/Longitudinal.idl
[0.457s] -- Up-to-date: /home/jmj/dream_ws/install/autoware_control_msgs/share/autoware_control_msgs/msg/Control.msg
[0.457s] -- Up-to-date: /home/jmj/dream_ws/install/autoware_control_msgs/share/autoware_control_msgs/msg/ControlHorizon.msg
[0.457s] -- Up-to-date: /home/jmj/dream_ws/install/autoware_control_msgs/share/autoware_control_msgs/msg/Lateral.msg
[0.457s] -- Up-to-date: /home/jmj/dream_ws/install/autoware_control_msgs/share/autoware_control_msgs/msg/Longitudinal.msg
[0.457s] -- Up-to-date: /home/jmj/dream_ws/install/autoware_control_msgs/share/ament_index/resource_index/package_run_dependencies/autoware_control_msgs
[0.457s] -- Up-to-date: /home/jmj/dream_ws/install/autoware_control_msgs/share/ament_index/resource_index/parent_prefix_path/autoware_control_msgs
[0.457s] -- Up-to-date: /home/jmj/dream_ws/install/autoware_control_msgs/share/autoware_control_msgs/environment/ament_prefix_path.sh
[0.457s] -- Up-to-date: /home/jmj/dream_ws/install/autoware_control_msgs/share/autoware_control_msgs/environment/ament_prefix_path.dsv
[0.457s] -- Up-to-date: /home/jmj/dream_ws/install/autoware_control_msgs/share/autoware_control_msgs/environment/path.sh
[0.457s] -- Up-to-date: /home/jmj/dream_ws/install/autoware_control_msgs/share/autoware_control_msgs/environment/path.dsv
[0.457s] -- Up-to-date: /home/jmj/dream_ws/install/autoware_control_msgs/share/autoware_control_msgs/local_setup.bash
[0.458s] -- Up-to-date: /home/jmj/dream_ws/install/autoware_control_msgs/share/autoware_control_msgs/local_setup.sh
[0.458s] -- Up-to-date: /home/jmj/dream_ws/install/autoware_control_msgs/share/autoware_control_msgs/local_setup.zsh
[0.458s] -- Up-to-date: /home/jmj/dream_ws/install/autoware_control_msgs/share/autoware_control_msgs/local_setup.dsv
[0.458s] -- Installing: /home/jmj/dream_ws/install/autoware_control_msgs/share/autoware_control_msgs/package.dsv
[0.458s] -- Up-to-date: /home/jmj/dream_ws/install/autoware_control_msgs/share/ament_index/resource_index/packages/autoware_control_msgs
[0.458s] -- Up-to-date: /home/jmj/dream_ws/install/autoware_control_msgs/share/autoware_control_msgs/cmake/export_autoware_control_msgs__rosidl_generator_cExport.cmake
[0.458s] -- Up-to-date: /home/jmj/dream_ws/install/autoware_control_msgs/share/autoware_control_msgs/cmake/export_autoware_control_msgs__rosidl_generator_cExport-noconfig.cmake
[0.458s] -- Up-to-date: /home/jmj/dream_ws/install/autoware_control_msgs/share/autoware_control_msgs/cmake/export_autoware_control_msgs__rosidl_typesupport_fastrtps_cExport.cmake
[0.458s] -- Up-to-date: /home/jmj/dream_ws/install/autoware_control_msgs/share/autoware_control_msgs/cmake/export_autoware_control_msgs__rosidl_typesupport_fastrtps_cExport-noconfig.cmake
[0.458s] -- Up-to-date: /home/jmj/dream_ws/install/autoware_control_msgs/share/autoware_control_msgs/cmake/export_autoware_control_msgs__rosidl_generator_cppExport.cmake
[0.458s] -- Up-to-date: /home/jmj/dream_ws/install/autoware_control_msgs/share/autoware_control_msgs/cmake/export_autoware_control_msgs__rosidl_typesupport_fastrtps_cppExport.cmake
[0.458s] -- Up-to-date: /home/jmj/dream_ws/install/autoware_control_msgs/share/autoware_control_msgs/cmake/export_autoware_control_msgs__rosidl_typesupport_fastrtps_cppExport-noconfig.cmake
[0.458s] -- Up-to-date: /home/jmj/dream_ws/install/autoware_control_msgs/share/autoware_control_msgs/cmake/autoware_control_msgs__rosidl_typesupport_introspection_cExport.cmake
[0.458s] -- Up-to-date: /home/jmj/dream_ws/install/autoware_control_msgs/share/autoware_control_msgs/cmake/autoware_control_msgs__rosidl_typesupport_introspection_cExport-noconfig.cmake
[0.458s] -- Up-to-date: /home/jmj/dream_ws/install/autoware_control_msgs/share/autoware_control_msgs/cmake/autoware_control_msgs__rosidl_typesupport_cExport.cmake
[0.458s] -- Up-to-date: /home/jmj/dream_ws/install/autoware_control_msgs/share/autoware_control_msgs/cmake/autoware_control_msgs__rosidl_typesupport_cExport-noconfig.cmake
[0.458s] -- Up-to-date: /home/jmj/dream_ws/install/autoware_control_msgs/share/autoware_control_msgs/cmake/autoware_control_msgs__rosidl_typesupport_introspection_cppExport.cmake
[0.458s] -- Up-to-date: /home/jmj/dream_ws/install/autoware_control_msgs/share/autoware_control_msgs/cmake/autoware_control_msgs__rosidl_typesupport_introspection_cppExport-noconfig.cmake
[0.458s] -- Up-to-date: /home/jmj/dream_ws/install/autoware_control_msgs/share/autoware_control_msgs/cmake/autoware_control_msgs__rosidl_typesupport_cppExport.cmake
[0.458s] -- Up-to-date: /home/jmj/dream_ws/install/autoware_control_msgs/share/autoware_control_msgs/cmake/autoware_control_msgs__rosidl_typesupport_cppExport-noconfig.cmake
[0.458s] -- Up-to-date: /home/jmj/dream_ws/install/autoware_control_msgs/share/autoware_control_msgs/cmake/export_autoware_control_msgs__rosidl_generator_pyExport.cmake
[0.458s] -- Up-to-date: /home/jmj/dream_ws/install/autoware_control_msgs/share/autoware_control_msgs/cmake/export_autoware_control_msgs__rosidl_generator_pyExport-noconfig.cmake
[0.458s] -- Up-to-date: /home/jmj/dream_ws/install/autoware_control_msgs/share/autoware_control_msgs/cmake/rosidl_cmake-extras.cmake
[0.458s] -- Up-to-date: /home/jmj/dream_ws/install/autoware_control_msgs/share/autoware_control_msgs/cmake/ament_cmake_export_dependencies-extras.cmake
[0.458s] -- Up-to-date: /home/jmj/dream_ws/install/autoware_control_msgs/share/autoware_control_msgs/cmake/ament_cmake_export_include_directories-extras.cmake
[0.458s] -- Up-to-date: /home/jmj/dream_ws/install/autoware_control_msgs/share/autoware_control_msgs/cmake/ament_cmake_export_libraries-extras.cmake
[0.458s] -- Up-to-date: /home/jmj/dream_ws/install/autoware_control_msgs/share/autoware_control_msgs/cmake/ament_cmake_export_targets-extras.cmake
[0.458s] -- Up-to-date: /home/jmj/dream_ws/install/autoware_control_msgs/share/autoware_control_msgs/cmake/rosidl_cmake_export_typesupport_targets-extras.cmake
[0.458s] -- Up-to-date: /home/jmj/dream_ws/install/autoware_control_msgs/share/autoware_control_msgs/cmake/rosidl_cmake_export_typesupport_libraries-extras.cmake
[0.458s] -- Up-to-date: /home/jmj/dream_ws/install/autoware_control_msgs/share/autoware_control_msgs/cmake/autoware_control_msgsConfig.cmake
[0.458s] -- Up-to-date: /home/jmj/dream_ws/install/autoware_control_msgs/share/autoware_control_msgs/cmake/autoware_control_msgsConfig-version.cmake
[0.458s] -- Up-to-date: /home/jmj/dream_ws/install/autoware_control_msgs/share/autoware_control_msgs/package.xml
[0.477s] Invoked command in '/home/jmj/dream_ws/build/autoware_control_msgs' returned '0': CMAKE_PREFIX_PATH=${CMAKE_PREFIX_PATH}:/home/jmj/dream_ws/install/dream:/opt/ros/humble /usr/bin/cmake --install /home/jmj/dream_ws/build/autoware_control_msgs
