[0.510s] Invoking command in '/home/jmj/dream_ws/dream': CMAKE_PREFIX_PATH=/home/jmj/dream_ws/install/autoware_control_msgs:/home/jmj/dream_ws/install/autoware_msgs:/home/jmj/dream_ws/install/autoware_vehicle_msgs:/home/jmj/dream_ws/install/autoware_v2x_msgs:/home/jmj/dream_ws/install/autoware_system_msgs:/home/jmj/dream_ws/install/autoware_sensing_msgs:/home/jmj/dream_ws/install/autoware_planning_msgs:/home/jmj/dream_ws/install/autoware_perception_msgs:/home/jmj/dream_ws/install/autoware_map_msgs:/home/jmj/dream_ws/install/autoware_localization_msgs:/home/jmj/dream_ws/install/autoware_common_msgs LD_LIBRARY_PATH=/home/jmj/dream_ws/install/autoware_control_msgs/lib:/home/jmj/dream_ws/install/autoware_vehicle_msgs/lib:/home/jmj/dream_ws/install/autoware_v2x_msgs/lib:/home/jmj/dream_ws/install/autoware_system_msgs/lib:/home/jmj/dream_ws/install/autoware_sensing_msgs/lib:/home/jmj/dream_ws/install/autoware_planning_msgs/lib:/home/jmj/dream_ws/install/autoware_perception_msgs/lib:/home/jmj/dream_ws/install/autoware_map_msgs/lib:/home/jmj/dream_ws/install/autoware_localization_msgs/lib:/home/jmj/dream_ws/install/autoware_common_msgs/lib:/opt/ros/humble/opt/rviz_ogre_vendor/lib:/opt/ros/humble/lib/x86_64-linux-gnu:/opt/ros/humble/lib:/usr/local/cuda/lib64 PYTHONPATH=/home/jmj/dream_ws/build/dream/prefix_override:/usr/lib/python3/dist-packages/colcon_core/task/python/colcon_distutils_commands:/home/jmj/dream_ws/install/dream/lib/python3.10/site-packages:${PYTHONPATH} /usr/bin/python3 -W ignore:setup.py install is deprecated -W ignore:easy_install command is deprecated setup.py egg_info --egg-base ../build/dream build --build-base /home/jmj/dream_ws/build/dream/build install --record /home/jmj/dream_ws/build/dream/install.log --single-version-externally-managed install_data
[0.659s] running egg_info
[0.660s] writing ../build/dream/dream.egg-info/PKG-INFO
[0.660s] writing dependency_links to ../build/dream/dream.egg-info/dependency_links.txt
[0.660s] writing entry points to ../build/dream/dream.egg-info/entry_points.txt
[0.660s] writing requirements to ../build/dream/dream.egg-info/requires.txt
[0.660s] writing top-level names to ../build/dream/dream.egg-info/top_level.txt
[0.662s] reading manifest file '../build/dream/dream.egg-info/SOURCES.txt'
[0.662s] writing manifest file '../build/dream/dream.egg-info/SOURCES.txt'
[0.662s] running build
[0.662s] running build_py
[0.662s] copying dream/mapper.py -> /home/jmj/dream_ws/build/dream/build/lib/dream
[0.662s] running install
[0.662s] running install_lib
[0.663s] copying /home/jmj/dream_ws/build/dream/build/lib/dream/mapper.py -> /home/jmj/dream_ws/install/dream/lib/python3.10/site-packages/dream
[0.663s] byte-compiling /home/jmj/dream_ws/install/dream/lib/python3.10/site-packages/dream/mapper.py to mapper.cpython-310.pyc
[0.663s] running install_data
[0.664s] running install_egg_info
[0.665s] removing '/home/jmj/dream_ws/install/dream/lib/python3.10/site-packages/dream-0.0.0-py3.10.egg-info' (and everything under it)
[0.665s] Copying ../build/dream/dream.egg-info to /home/jmj/dream_ws/install/dream/lib/python3.10/site-packages/dream-0.0.0-py3.10.egg-info
[0.665s] running install_scripts
[0.677s] Installing bridge_node script to /home/jmj/dream_ws/install/dream/lib/dream
[0.677s] Installing mapper script to /home/jmj/dream_ws/install/dream/lib/dream
[0.677s] writing list of installed files to '/home/jmj/dream_ws/build/dream/install.log'
[0.691s] Invoked command in '/home/jmj/dream_ws/dream' returned '0': CMAKE_PREFIX_PATH=/home/jmj/dream_ws/install/autoware_control_msgs:/home/jmj/dream_ws/install/autoware_msgs:/home/jmj/dream_ws/install/autoware_vehicle_msgs:/home/jmj/dream_ws/install/autoware_v2x_msgs:/home/jmj/dream_ws/install/autoware_system_msgs:/home/jmj/dream_ws/install/autoware_sensing_msgs:/home/jmj/dream_ws/install/autoware_planning_msgs:/home/jmj/dream_ws/install/autoware_perception_msgs:/home/jmj/dream_ws/install/autoware_map_msgs:/home/jmj/dream_ws/install/autoware_localization_msgs:/home/jmj/dream_ws/install/autoware_common_msgs LD_LIBRARY_PATH=/home/jmj/dream_ws/install/autoware_control_msgs/lib:/home/jmj/dream_ws/install/autoware_vehicle_msgs/lib:/home/jmj/dream_ws/install/autoware_v2x_msgs/lib:/home/jmj/dream_ws/install/autoware_system_msgs/lib:/home/jmj/dream_ws/install/autoware_sensing_msgs/lib:/home/jmj/dream_ws/install/autoware_planning_msgs/lib:/home/jmj/dream_ws/install/autoware_perception_msgs/lib:/home/jmj/dream_ws/install/autoware_map_msgs/lib:/home/jmj/dream_ws/install/autoware_localization_msgs/lib:/home/jmj/dream_ws/install/autoware_common_msgs/lib:/opt/ros/humble/opt/rviz_ogre_vendor/lib:/opt/ros/humble/lib/x86_64-linux-gnu:/opt/ros/humble/lib:/usr/local/cuda/lib64 PYTHONPATH=/home/jmj/dream_ws/build/dream/prefix_override:/usr/lib/python3/dist-packages/colcon_core/task/python/colcon_distutils_commands:/home/jmj/dream_ws/install/dream/lib/python3.10/site-packages:${PYTHONPATH} /usr/bin/python3 -W ignore:setup.py install is deprecated -W ignore:easy_install command is deprecated setup.py egg_info --egg-base ../build/dream build --build-base /home/jmj/dream_ws/build/dream/build install --record /home/jmj/dream_ws/build/dream/install.log --single-version-externally-managed install_data
