[ 11%] Built target autoware_planning_msgs__rosidl_generator_c
[ 12%] Built target autoware_planning_msgs__cpp
[ 12%] Built target ament_cmake_python_copy_autoware_planning_msgs
[ 24%] Built target autoware_planning_msgs__rosidl_typesupport_cpp
[ 35%] Built target autoware_planning_msgs__rosidl_typesupport_fastrtps_cpp
[ 47%] Built target autoware_planning_msgs__rosidl_typesupport_introspection_c
[ 58%] Built target autoware_planning_msgs__rosidl_typesupport_c
[ 70%] Built target autoware_planning_msgs__rosidl_typesupport_fastrtps_c
[ 81%] Built target autoware_planning_msgs__rosidl_typesupport_introspection_cpp
[ 81%] Built target autoware_planning_msgs
[ 82%] Built target autoware_planning_msgs__py
[ 93%] Built target autoware_planning_msgs__rosidl_generator_py
[ 95%] Built target autoware_planning_msgs__rosidl_typesupport_fastrtps_c__pyext
[ 97%] Built target autoware_planning_msgs__rosidl_typesupport_introspection_c__pyext
[100%] Built target autoware_planning_msgs__rosidl_typesupport_c__pyext
running egg_info
writing autoware_planning_msgs.egg-info/PKG-INFO
writing dependency_links to autoware_planning_msgs.egg-info/dependency_links.txt
writing top-level names to autoware_planning_msgs.egg-info/top_level.txt
reading manifest file 'autoware_planning_msgs.egg-info/SOURCES.txt'
writing manifest file 'autoware_planning_msgs.egg-info/SOURCES.txt'
[100%] Built target ament_cmake_python_build_autoware_planning_msgs_egg
-- Install configuration: ""
-- Up-to-date: /home/jmj/dream_ws/install/autoware_planning_msgs/share/ament_index/resource_index/rosidl_interfaces/autoware_planning_msgs
-- Up-to-date: /home/jmj/dream_ws/install/autoware_planning_msgs/include/autoware_planning_msgs/autoware_planning_msgs
-- Up-to-date: /home/jmj/dream_ws/install/autoware_planning_msgs/include/autoware_planning_msgs/autoware_planning_msgs/msg
-- Up-to-date: /home/jmj/dream_ws/install/autoware_planning_msgs/include/autoware_planning_msgs/autoware_planning_msgs/msg/trajectory.h
-- Up-to-date: /home/jmj/dream_ws/install/autoware_planning_msgs/include/autoware_planning_msgs/autoware_planning_msgs/msg/lanelet_segment.h
-- Up-to-date: /home/jmj/dream_ws/install/autoware_planning_msgs/include/autoware_planning_msgs/autoware_planning_msgs/msg/rosidl_generator_c__visibility_control.h
-- Up-to-date: /home/jmj/dream_ws/install/autoware_planning_msgs/include/autoware_planning_msgs/autoware_planning_msgs/msg/detail
-- Up-to-date: /home/jmj/dream_ws/install/autoware_planning_msgs/include/autoware_planning_msgs/autoware_planning_msgs/msg/detail/lanelet_primitive__functions.h
-- Up-to-date: /home/jmj/dream_ws/install/autoware_planning_msgs/include/autoware_planning_msgs/autoware_planning_msgs/msg/detail/trajectory_point__functions.c
-- Up-to-date: /home/jmj/dream_ws/install/autoware_planning_msgs/include/autoware_planning_msgs/autoware_planning_msgs/msg/detail/path_point__functions.h
-- Up-to-date: /home/jmj/dream_ws/install/autoware_planning_msgs/include/autoware_planning_msgs/autoware_planning_msgs/msg/detail/path__functions.h
-- Up-to-date: /home/jmj/dream_ws/install/autoware_planning_msgs/include/autoware_planning_msgs/autoware_planning_msgs/msg/detail/lanelet_segment__struct.h
-- Up-to-date: /home/jmj/dream_ws/install/autoware_planning_msgs/include/autoware_planning_msgs/autoware_planning_msgs/msg/detail/lanelet_segment__functions.c
-- Up-to-date: /home/jmj/dream_ws/install/autoware_planning_msgs/include/autoware_planning_msgs/autoware_planning_msgs/msg/detail/lanelet_route__functions.h
-- Up-to-date: /home/jmj/dream_ws/install/autoware_planning_msgs/include/autoware_planning_msgs/autoware_planning_msgs/msg/detail/lanelet_route__struct.h
-- Up-to-date: /home/jmj/dream_ws/install/autoware_planning_msgs/include/autoware_planning_msgs/autoware_planning_msgs/msg/detail/path_point__struct.h
-- Up-to-date: /home/jmj/dream_ws/install/autoware_planning_msgs/include/autoware_planning_msgs/autoware_planning_msgs/msg/detail/trajectory__functions.c
-- Up-to-date: /home/jmj/dream_ws/install/autoware_planning_msgs/include/autoware_planning_msgs/autoware_planning_msgs/msg/detail/lanelet_segment__type_support.h
-- Up-to-date: /home/jmj/dream_ws/install/autoware_planning_msgs/include/autoware_planning_msgs/autoware_planning_msgs/msg/detail/path__struct.h
-- Up-to-date: /home/jmj/dream_ws/install/autoware_planning_msgs/include/autoware_planning_msgs/autoware_planning_msgs/msg/detail/lanelet_segment__functions.h
-- Up-to-date: /home/jmj/dream_ws/install/autoware_planning_msgs/include/autoware_planning_msgs/autoware_planning_msgs/msg/detail/pose_with_uuid_stamped__type_support.h
-- Up-to-date: /home/jmj/dream_ws/install/autoware_planning_msgs/include/autoware_planning_msgs/autoware_planning_msgs/msg/detail/trajectory_point__struct.h
-- Up-to-date: /home/jmj/dream_ws/install/autoware_planning_msgs/include/autoware_planning_msgs/autoware_planning_msgs/msg/detail/lanelet_primitive__type_support.h
-- Up-to-date: /home/jmj/dream_ws/install/autoware_planning_msgs/include/autoware_planning_msgs/autoware_planning_msgs/msg/detail/trajectory_point__functions.h
-- Up-to-date: /home/jmj/dream_ws/install/autoware_planning_msgs/include/autoware_planning_msgs/autoware_planning_msgs/msg/detail/trajectory_point__type_support.h
-- Up-to-date: /home/jmj/dream_ws/install/autoware_planning_msgs/include/autoware_planning_msgs/autoware_planning_msgs/msg/detail/pose_with_uuid_stamped__functions.c
-- Up-to-date: /home/jmj/dream_ws/install/autoware_planning_msgs/include/autoware_planning_msgs/autoware_planning_msgs/msg/detail/pose_with_uuid_stamped__struct.h
-- Up-to-date: /home/jmj/dream_ws/install/autoware_planning_msgs/include/autoware_planning_msgs/autoware_planning_msgs/msg/detail/trajectory__functions.h
-- Up-to-date: /home/jmj/dream_ws/install/autoware_planning_msgs/include/autoware_planning_msgs/autoware_planning_msgs/msg/detail/lanelet_primitive__functions.c
-- Up-to-date: /home/jmj/dream_ws/install/autoware_planning_msgs/include/autoware_planning_msgs/autoware_planning_msgs/msg/detail/pose_with_uuid_stamped__functions.h
-- Up-to-date: /home/jmj/dream_ws/install/autoware_planning_msgs/include/autoware_planning_msgs/autoware_planning_msgs/msg/detail/trajectory__type_support.h
-- Up-to-date: /home/jmj/dream_ws/install/autoware_planning_msgs/include/autoware_planning_msgs/autoware_planning_msgs/msg/detail/trajectory__struct.h
-- Up-to-date: /home/jmj/dream_ws/install/autoware_planning_msgs/include/autoware_planning_msgs/autoware_planning_msgs/msg/detail/path__functions.c
-- Up-to-date: /home/jmj/dream_ws/install/autoware_planning_msgs/include/autoware_planning_msgs/autoware_planning_msgs/msg/detail/path_point__functions.c
-- Up-to-date: /home/jmj/dream_ws/install/autoware_planning_msgs/include/autoware_planning_msgs/autoware_planning_msgs/msg/detail/lanelet_route__type_support.h
-- Up-to-date: /home/jmj/dream_ws/install/autoware_planning_msgs/include/autoware_planning_msgs/autoware_planning_msgs/msg/detail/lanelet_route__functions.c
-- Up-to-date: /home/jmj/dream_ws/install/autoware_planning_msgs/include/autoware_planning_msgs/autoware_planning_msgs/msg/detail/lanelet_primitive__struct.h
-- Up-to-date: /home/jmj/dream_ws/install/autoware_planning_msgs/include/autoware_planning_msgs/autoware_planning_msgs/msg/detail/path_point__type_support.h
-- Up-to-date: /home/jmj/dream_ws/install/autoware_planning_msgs/include/autoware_planning_msgs/autoware_planning_msgs/msg/detail/path__type_support.h
-- Up-to-date: /home/jmj/dream_ws/install/autoware_planning_msgs/include/autoware_planning_msgs/autoware_planning_msgs/msg/lanelet_route.h
-- Up-to-date: /home/jmj/dream_ws/install/autoware_planning_msgs/include/autoware_planning_msgs/autoware_planning_msgs/msg/pose_with_uuid_stamped.h
-- Up-to-date: /home/jmj/dream_ws/install/autoware_planning_msgs/include/autoware_planning_msgs/autoware_planning_msgs/msg/path_point.h
-- Up-to-date: /home/jmj/dream_ws/install/autoware_planning_msgs/include/autoware_planning_msgs/autoware_planning_msgs/msg/path.h
-- Up-to-date: /home/jmj/dream_ws/install/autoware_planning_msgs/include/autoware_planning_msgs/autoware_planning_msgs/msg/lanelet_primitive.h
-- Up-to-date: /home/jmj/dream_ws/install/autoware_planning_msgs/include/autoware_planning_msgs/autoware_planning_msgs/msg/trajectory_point.h
-- Up-to-date: /home/jmj/dream_ws/install/autoware_planning_msgs/share/autoware_planning_msgs/environment/library_path.sh
-- Up-to-date: /home/jmj/dream_ws/install/autoware_planning_msgs/share/autoware_planning_msgs/environment/library_path.dsv
-- Up-to-date: /home/jmj/dream_ws/install/autoware_planning_msgs/lib/libautoware_planning_msgs__rosidl_generator_c.so
-- Up-to-date: /home/jmj/dream_ws/install/autoware_planning_msgs/include/autoware_planning_msgs/autoware_planning_msgs
-- Up-to-date: /home/jmj/dream_ws/install/autoware_planning_msgs/include/autoware_planning_msgs/autoware_planning_msgs/msg
-- Up-to-date: /home/jmj/dream_ws/install/autoware_planning_msgs/include/autoware_planning_msgs/autoware_planning_msgs/msg/detail
-- Up-to-date: /home/jmj/dream_ws/install/autoware_planning_msgs/include/autoware_planning_msgs/autoware_planning_msgs/msg/detail/path__rosidl_typesupport_fastrtps_c.h
-- Up-to-date: /home/jmj/dream_ws/install/autoware_planning_msgs/include/autoware_planning_msgs/autoware_planning_msgs/msg/detail/trajectory_point__rosidl_typesupport_fastrtps_c.h
-- Up-to-date: /home/jmj/dream_ws/install/autoware_planning_msgs/include/autoware_planning_msgs/autoware_planning_msgs/msg/detail/pose_with_uuid_stamped__rosidl_typesupport_fastrtps_c.h
-- Up-to-date: /home/jmj/dream_ws/install/autoware_planning_msgs/include/autoware_planning_msgs/autoware_planning_msgs/msg/detail/lanelet_primitive__rosidl_typesupport_fastrtps_c.h
-- Up-to-date: /home/jmj/dream_ws/install/autoware_planning_msgs/include/autoware_planning_msgs/autoware_planning_msgs/msg/detail/lanelet_segment__rosidl_typesupport_fastrtps_c.h
-- Up-to-date: /home/jmj/dream_ws/install/autoware_planning_msgs/include/autoware_planning_msgs/autoware_planning_msgs/msg/detail/lanelet_route__rosidl_typesupport_fastrtps_c.h
-- Up-to-date: /home/jmj/dream_ws/install/autoware_planning_msgs/include/autoware_planning_msgs/autoware_planning_msgs/msg/detail/trajectory__rosidl_typesupport_fastrtps_c.h
-- Up-to-date: /home/jmj/dream_ws/install/autoware_planning_msgs/include/autoware_planning_msgs/autoware_planning_msgs/msg/detail/path_point__rosidl_typesupport_fastrtps_c.h
-- Up-to-date: /home/jmj/dream_ws/install/autoware_planning_msgs/include/autoware_planning_msgs/autoware_planning_msgs/msg/rosidl_typesupport_fastrtps_c__visibility_control.h
-- Up-to-date: /home/jmj/dream_ws/install/autoware_planning_msgs/lib/libautoware_planning_msgs__rosidl_typesupport_fastrtps_c.so
-- Up-to-date: /home/jmj/dream_ws/install/autoware_planning_msgs/include/autoware_planning_msgs/autoware_planning_msgs
-- Up-to-date: /home/jmj/dream_ws/install/autoware_planning_msgs/include/autoware_planning_msgs/autoware_planning_msgs/msg
-- Up-to-date: /home/jmj/dream_ws/install/autoware_planning_msgs/include/autoware_planning_msgs/autoware_planning_msgs/msg/detail
-- Up-to-date: /home/jmj/dream_ws/install/autoware_planning_msgs/include/autoware_planning_msgs/autoware_planning_msgs/msg/detail/lanelet_route__type_support.c
-- Up-to-date: /home/jmj/dream_ws/install/autoware_planning_msgs/include/autoware_planning_msgs/autoware_planning_msgs/msg/detail/trajectory__rosidl_typesupport_introspection_c.h
-- Up-to-date: /home/jmj/dream_ws/install/autoware_planning_msgs/include/autoware_planning_msgs/autoware_planning_msgs/msg/detail/pose_with_uuid_stamped__rosidl_typesupport_introspection_c.h
-- Up-to-date: /home/jmj/dream_ws/install/autoware_planning_msgs/include/autoware_planning_msgs/autoware_planning_msgs/msg/detail/trajectory_point__rosidl_typesupport_introspection_c.h
-- Up-to-date: /home/jmj/dream_ws/install/autoware_planning_msgs/include/autoware_planning_msgs/autoware_planning_msgs/msg/detail/path_point__rosidl_typesupport_introspection_c.h
-- Up-to-date: /home/jmj/dream_ws/install/autoware_planning_msgs/include/autoware_planning_msgs/autoware_planning_msgs/msg/detail/lanelet_route__rosidl_typesupport_introspection_c.h
-- Up-to-date: /home/jmj/dream_ws/install/autoware_planning_msgs/include/autoware_planning_msgs/autoware_planning_msgs/msg/detail/path__rosidl_typesupport_introspection_c.h
-- Up-to-date: /home/jmj/dream_ws/install/autoware_planning_msgs/include/autoware_planning_msgs/autoware_planning_msgs/msg/detail/lanelet_primitive__rosidl_typesupport_introspection_c.h
-- Up-to-date: /home/jmj/dream_ws/install/autoware_planning_msgs/include/autoware_planning_msgs/autoware_planning_msgs/msg/detail/path__type_support.c
-- Up-to-date: /home/jmj/dream_ws/install/autoware_planning_msgs/include/autoware_planning_msgs/autoware_planning_msgs/msg/detail/pose_with_uuid_stamped__type_support.c
-- Up-to-date: /home/jmj/dream_ws/install/autoware_planning_msgs/include/autoware_planning_msgs/autoware_planning_msgs/msg/detail/trajectory_point__type_support.c
-- Up-to-date: /home/jmj/dream_ws/install/autoware_planning_msgs/include/autoware_planning_msgs/autoware_planning_msgs/msg/detail/lanelet_primitive__type_support.c
-- Up-to-date: /home/jmj/dream_ws/install/autoware_planning_msgs/include/autoware_planning_msgs/autoware_planning_msgs/msg/detail/trajectory__type_support.c
-- Up-to-date: /home/jmj/dream_ws/install/autoware_planning_msgs/include/autoware_planning_msgs/autoware_planning_msgs/msg/detail/lanelet_segment__type_support.c
-- Up-to-date: /home/jmj/dream_ws/install/autoware_planning_msgs/include/autoware_planning_msgs/autoware_planning_msgs/msg/detail/lanelet_segment__rosidl_typesupport_introspection_c.h
-- Up-to-date: /home/jmj/dream_ws/install/autoware_planning_msgs/include/autoware_planning_msgs/autoware_planning_msgs/msg/detail/path_point__type_support.c
-- Up-to-date: /home/jmj/dream_ws/install/autoware_planning_msgs/include/autoware_planning_msgs/autoware_planning_msgs/msg/rosidl_typesupport_introspection_c__visibility_control.h
-- Up-to-date: /home/jmj/dream_ws/install/autoware_planning_msgs/lib/libautoware_planning_msgs__rosidl_typesupport_introspection_c.so
-- Up-to-date: /home/jmj/dream_ws/install/autoware_planning_msgs/lib/libautoware_planning_msgs__rosidl_typesupport_c.so
-- Up-to-date: /home/jmj/dream_ws/install/autoware_planning_msgs/include/autoware_planning_msgs/autoware_planning_msgs
-- Up-to-date: /home/jmj/dream_ws/install/autoware_planning_msgs/include/autoware_planning_msgs/autoware_planning_msgs/msg
-- Up-to-date: /home/jmj/dream_ws/install/autoware_planning_msgs/include/autoware_planning_msgs/autoware_planning_msgs/msg/lanelet_primitive.hpp
-- Up-to-date: /home/jmj/dream_ws/install/autoware_planning_msgs/include/autoware_planning_msgs/autoware_planning_msgs/msg/detail
-- Up-to-date: /home/jmj/dream_ws/install/autoware_planning_msgs/include/autoware_planning_msgs/autoware_planning_msgs/msg/detail/pose_with_uuid_stamped__traits.hpp
-- Up-to-date: /home/jmj/dream_ws/install/autoware_planning_msgs/include/autoware_planning_msgs/autoware_planning_msgs/msg/detail/lanelet_primitive__traits.hpp
-- Up-to-date: /home/jmj/dream_ws/install/autoware_planning_msgs/include/autoware_planning_msgs/autoware_planning_msgs/msg/detail/path__traits.hpp
-- Up-to-date: /home/jmj/dream_ws/install/autoware_planning_msgs/include/autoware_planning_msgs/autoware_planning_msgs/msg/detail/lanelet_route__type_support.hpp
-- Up-to-date: /home/jmj/dream_ws/install/autoware_planning_msgs/include/autoware_planning_msgs/autoware_planning_msgs/msg/detail/trajectory__builder.hpp
-- Up-to-date: /home/jmj/dream_ws/install/autoware_planning_msgs/include/autoware_planning_msgs/autoware_planning_msgs/msg/detail/lanelet_route__struct.hpp
-- Up-to-date: /home/jmj/dream_ws/install/autoware_planning_msgs/include/autoware_planning_msgs/autoware_planning_msgs/msg/detail/trajectory_point__type_support.hpp
-- Up-to-date: /home/jmj/dream_ws/install/autoware_planning_msgs/include/autoware_planning_msgs/autoware_planning_msgs/msg/detail/path__struct.hpp
-- Up-to-date: /home/jmj/dream_ws/install/autoware_planning_msgs/include/autoware_planning_msgs/autoware_planning_msgs/msg/detail/lanelet_primitive__struct.hpp
-- Up-to-date: /home/jmj/dream_ws/install/autoware_planning_msgs/include/autoware_planning_msgs/autoware_planning_msgs/msg/detail/path_point__type_support.hpp
-- Up-to-date: /home/jmj/dream_ws/install/autoware_planning_msgs/include/autoware_planning_msgs/autoware_planning_msgs/msg/detail/trajectory_point__struct.hpp
-- Up-to-date: /home/jmj/dream_ws/install/autoware_planning_msgs/include/autoware_planning_msgs/autoware_planning_msgs/msg/detail/pose_with_uuid_stamped__type_support.hpp
-- Up-to-date: /home/jmj/dream_ws/install/autoware_planning_msgs/include/autoware_planning_msgs/autoware_planning_msgs/msg/detail/path__type_support.hpp
-- Up-to-date: /home/jmj/dream_ws/install/autoware_planning_msgs/include/autoware_planning_msgs/autoware_planning_msgs/msg/detail/lanelet_segment__struct.hpp
-- Up-to-date: /home/jmj/dream_ws/install/autoware_planning_msgs/include/autoware_planning_msgs/autoware_planning_msgs/msg/detail/trajectory_point__builder.hpp
-- Up-to-date: /home/jmj/dream_ws/install/autoware_planning_msgs/include/autoware_planning_msgs/autoware_planning_msgs/msg/detail/lanelet_segment__builder.hpp
-- Up-to-date: /home/jmj/dream_ws/install/autoware_planning_msgs/include/autoware_planning_msgs/autoware_planning_msgs/msg/detail/path_point__struct.hpp
-- Up-to-date: /home/jmj/dream_ws/install/autoware_planning_msgs/include/autoware_planning_msgs/autoware_planning_msgs/msg/detail/trajectory__struct.hpp
-- Up-to-date: /home/jmj/dream_ws/install/autoware_planning_msgs/include/autoware_planning_msgs/autoware_planning_msgs/msg/detail/lanelet_primitive__type_support.hpp
-- Up-to-date: /home/jmj/dream_ws/install/autoware_planning_msgs/include/autoware_planning_msgs/autoware_planning_msgs/msg/detail/lanelet_route__builder.hpp
-- Up-to-date: /home/jmj/dream_ws/install/autoware_planning_msgs/include/autoware_planning_msgs/autoware_planning_msgs/msg/detail/path__builder.hpp
-- Up-to-date: /home/jmj/dream_ws/install/autoware_planning_msgs/include/autoware_planning_msgs/autoware_planning_msgs/msg/detail/pose_with_uuid_stamped__struct.hpp
-- Up-to-date: /home/jmj/dream_ws/install/autoware_planning_msgs/include/autoware_planning_msgs/autoware_planning_msgs/msg/detail/pose_with_uuid_stamped__builder.hpp
-- Up-to-date: /home/jmj/dream_ws/install/autoware_planning_msgs/include/autoware_planning_msgs/autoware_planning_msgs/msg/detail/trajectory__type_support.hpp
-- Up-to-date: /home/jmj/dream_ws/install/autoware_planning_msgs/include/autoware_planning_msgs/autoware_planning_msgs/msg/detail/lanelet_route__traits.hpp
-- Up-to-date: /home/jmj/dream_ws/install/autoware_planning_msgs/include/autoware_planning_msgs/autoware_planning_msgs/msg/detail/lanelet_segment__traits.hpp
-- Up-to-date: /home/jmj/dream_ws/install/autoware_planning_msgs/include/autoware_planning_msgs/autoware_planning_msgs/msg/detail/trajectory__traits.hpp
-- Up-to-date: /home/jmj/dream_ws/install/autoware_planning_msgs/include/autoware_planning_msgs/autoware_planning_msgs/msg/detail/trajectory_point__traits.hpp
-- Up-to-date: /home/jmj/dream_ws/install/autoware_planning_msgs/include/autoware_planning_msgs/autoware_planning_msgs/msg/detail/path_point__builder.hpp
-- Up-to-date: /home/jmj/dream_ws/install/autoware_planning_msgs/include/autoware_planning_msgs/autoware_planning_msgs/msg/detail/lanelet_primitive__builder.hpp
-- Up-to-date: /home/jmj/dream_ws/install/autoware_planning_msgs/include/autoware_planning_msgs/autoware_planning_msgs/msg/detail/lanelet_segment__type_support.hpp
-- Up-to-date: /home/jmj/dream_ws/install/autoware_planning_msgs/include/autoware_planning_msgs/autoware_planning_msgs/msg/detail/path_point__traits.hpp
-- Up-to-date: /home/jmj/dream_ws/install/autoware_planning_msgs/include/autoware_planning_msgs/autoware_planning_msgs/msg/lanelet_route.hpp
-- Up-to-date: /home/jmj/dream_ws/install/autoware_planning_msgs/include/autoware_planning_msgs/autoware_planning_msgs/msg/path.hpp
-- Up-to-date: /home/jmj/dream_ws/install/autoware_planning_msgs/include/autoware_planning_msgs/autoware_planning_msgs/msg/lanelet_segment.hpp
-- Up-to-date: /home/jmj/dream_ws/install/autoware_planning_msgs/include/autoware_planning_msgs/autoware_planning_msgs/msg/path_point.hpp
-- Up-to-date: /home/jmj/dream_ws/install/autoware_planning_msgs/include/autoware_planning_msgs/autoware_planning_msgs/msg/rosidl_generator_cpp__visibility_control.hpp
-- Up-to-date: /home/jmj/dream_ws/install/autoware_planning_msgs/include/autoware_planning_msgs/autoware_planning_msgs/msg/trajectory.hpp
-- Up-to-date: /home/jmj/dream_ws/install/autoware_planning_msgs/include/autoware_planning_msgs/autoware_planning_msgs/msg/trajectory_point.hpp
-- Up-to-date: /home/jmj/dream_ws/install/autoware_planning_msgs/include/autoware_planning_msgs/autoware_planning_msgs/msg/pose_with_uuid_stamped.hpp
-- Up-to-date: /home/jmj/dream_ws/install/autoware_planning_msgs/include/autoware_planning_msgs/autoware_planning_msgs
-- Up-to-date: /home/jmj/dream_ws/install/autoware_planning_msgs/include/autoware_planning_msgs/autoware_planning_msgs/msg
-- Up-to-date: /home/jmj/dream_ws/install/autoware_planning_msgs/include/autoware_planning_msgs/autoware_planning_msgs/msg/detail
-- Up-to-date: /home/jmj/dream_ws/install/autoware_planning_msgs/include/autoware_planning_msgs/autoware_planning_msgs/msg/detail/dds_fastrtps
-- Up-to-date: /home/jmj/dream_ws/install/autoware_planning_msgs/include/autoware_planning_msgs/autoware_planning_msgs/msg/detail/lanelet_segment__rosidl_typesupport_fastrtps_cpp.hpp
-- Up-to-date: /home/jmj/dream_ws/install/autoware_planning_msgs/include/autoware_planning_msgs/autoware_planning_msgs/msg/detail/path_point__rosidl_typesupport_fastrtps_cpp.hpp
-- Up-to-date: /home/jmj/dream_ws/install/autoware_planning_msgs/include/autoware_planning_msgs/autoware_planning_msgs/msg/detail/lanelet_route__rosidl_typesupport_fastrtps_cpp.hpp
-- Up-to-date: /home/jmj/dream_ws/install/autoware_planning_msgs/include/autoware_planning_msgs/autoware_planning_msgs/msg/detail/path__rosidl_typesupport_fastrtps_cpp.hpp
-- Up-to-date: /home/jmj/dream_ws/install/autoware_planning_msgs/include/autoware_planning_msgs/autoware_planning_msgs/msg/detail/trajectory__rosidl_typesupport_fastrtps_cpp.hpp
-- Up-to-date: /home/jmj/dream_ws/install/autoware_planning_msgs/include/autoware_planning_msgs/autoware_planning_msgs/msg/detail/lanelet_primitive__rosidl_typesupport_fastrtps_cpp.hpp
-- Up-to-date: /home/jmj/dream_ws/install/autoware_planning_msgs/include/autoware_planning_msgs/autoware_planning_msgs/msg/detail/trajectory_point__rosidl_typesupport_fastrtps_cpp.hpp
-- Up-to-date: /home/jmj/dream_ws/install/autoware_planning_msgs/include/autoware_planning_msgs/autoware_planning_msgs/msg/detail/pose_with_uuid_stamped__rosidl_typesupport_fastrtps_cpp.hpp
-- Up-to-date: /home/jmj/dream_ws/install/autoware_planning_msgs/include/autoware_planning_msgs/autoware_planning_msgs/msg/rosidl_typesupport_fastrtps_cpp__visibility_control.h
-- Up-to-date: /home/jmj/dream_ws/install/autoware_planning_msgs/lib/libautoware_planning_msgs__rosidl_typesupport_fastrtps_cpp.so
-- Up-to-date: /home/jmj/dream_ws/install/autoware_planning_msgs/include/autoware_planning_msgs/autoware_planning_msgs
-- Up-to-date: /home/jmj/dream_ws/install/autoware_planning_msgs/include/autoware_planning_msgs/autoware_planning_msgs/msg
-- Up-to-date: /home/jmj/dream_ws/install/autoware_planning_msgs/include/autoware_planning_msgs/autoware_planning_msgs/msg/detail
-- Up-to-date: /home/jmj/dream_ws/install/autoware_planning_msgs/include/autoware_planning_msgs/autoware_planning_msgs/msg/detail/lanelet_route__type_support.cpp
-- Up-to-date: /home/jmj/dream_ws/install/autoware_planning_msgs/include/autoware_planning_msgs/autoware_planning_msgs/msg/detail/path_point__rosidl_typesupport_introspection_cpp.hpp
-- Up-to-date: /home/jmj/dream_ws/install/autoware_planning_msgs/include/autoware_planning_msgs/autoware_planning_msgs/msg/detail/path__type_support.cpp
-- Up-to-date: /home/jmj/dream_ws/install/autoware_planning_msgs/include/autoware_planning_msgs/autoware_planning_msgs/msg/detail/lanelet_route__rosidl_typesupport_introspection_cpp.hpp
-- Up-to-date: /home/jmj/dream_ws/install/autoware_planning_msgs/include/autoware_planning_msgs/autoware_planning_msgs/msg/detail/lanelet_primitive__rosidl_typesupport_introspection_cpp.hpp
-- Up-to-date: /home/jmj/dream_ws/install/autoware_planning_msgs/include/autoware_planning_msgs/autoware_planning_msgs/msg/detail/trajectory_point__type_support.cpp
-- Up-to-date: /home/jmj/dream_ws/install/autoware_planning_msgs/include/autoware_planning_msgs/autoware_planning_msgs/msg/detail/trajectory__rosidl_typesupport_introspection_cpp.hpp
-- Up-to-date: /home/jmj/dream_ws/install/autoware_planning_msgs/include/autoware_planning_msgs/autoware_planning_msgs/msg/detail/trajectory_point__rosidl_typesupport_introspection_cpp.hpp
-- Up-to-date: /home/jmj/dream_ws/install/autoware_planning_msgs/include/autoware_planning_msgs/autoware_planning_msgs/msg/detail/lanelet_primitive__type_support.cpp
-- Up-to-date: /home/jmj/dream_ws/install/autoware_planning_msgs/include/autoware_planning_msgs/autoware_planning_msgs/msg/detail/path__rosidl_typesupport_introspection_cpp.hpp
-- Up-to-date: /home/jmj/dream_ws/install/autoware_planning_msgs/include/autoware_planning_msgs/autoware_planning_msgs/msg/detail/lanelet_segment__rosidl_typesupport_introspection_cpp.hpp
-- Up-to-date: /home/jmj/dream_ws/install/autoware_planning_msgs/include/autoware_planning_msgs/autoware_planning_msgs/msg/detail/trajectory__type_support.cpp
-- Up-to-date: /home/jmj/dream_ws/install/autoware_planning_msgs/include/autoware_planning_msgs/autoware_planning_msgs/msg/detail/pose_with_uuid_stamped__rosidl_typesupport_introspection_cpp.hpp
-- Up-to-date: /home/jmj/dream_ws/install/autoware_planning_msgs/include/autoware_planning_msgs/autoware_planning_msgs/msg/detail/path_point__type_support.cpp
-- Up-to-date: /home/jmj/dream_ws/install/autoware_planning_msgs/include/autoware_planning_msgs/autoware_planning_msgs/msg/detail/lanelet_segment__type_support.cpp
-- Up-to-date: /home/jmj/dream_ws/install/autoware_planning_msgs/include/autoware_planning_msgs/autoware_planning_msgs/msg/detail/pose_with_uuid_stamped__type_support.cpp
-- Up-to-date: /home/jmj/dream_ws/install/autoware_planning_msgs/lib/libautoware_planning_msgs__rosidl_typesupport_introspection_cpp.so
-- Up-to-date: /home/jmj/dream_ws/install/autoware_planning_msgs/lib/libautoware_planning_msgs__rosidl_typesupport_cpp.so
-- Up-to-date: /home/jmj/dream_ws/install/autoware_planning_msgs/share/autoware_planning_msgs/environment/pythonpath.sh
-- Up-to-date: /home/jmj/dream_ws/install/autoware_planning_msgs/share/autoware_planning_msgs/environment/pythonpath.dsv
-- Up-to-date: /home/jmj/dream_ws/install/autoware_planning_msgs/local/lib/python3.10/dist-packages/autoware_planning_msgs-1.8.0-py3.10.egg-info
-- Installing: /home/jmj/dream_ws/install/autoware_planning_msgs/local/lib/python3.10/dist-packages/autoware_planning_msgs-1.8.0-py3.10.egg-info/dependency_links.txt
-- Installing: /home/jmj/dream_ws/install/autoware_planning_msgs/local/lib/python3.10/dist-packages/autoware_planning_msgs-1.8.0-py3.10.egg-info/top_level.txt
-- Installing: /home/jmj/dream_ws/install/autoware_planning_msgs/local/lib/python3.10/dist-packages/autoware_planning_msgs-1.8.0-py3.10.egg-info/PKG-INFO
-- Installing: /home/jmj/dream_ws/install/autoware_planning_msgs/local/lib/python3.10/dist-packages/autoware_planning_msgs-1.8.0-py3.10.egg-info/SOURCES.txt
-- Up-to-date: /home/jmj/dream_ws/install/autoware_planning_msgs/local/lib/python3.10/dist-packages/autoware_planning_msgs
-- Up-to-date: /home/jmj/dream_ws/install/autoware_planning_msgs/local/lib/python3.10/dist-packages/autoware_planning_msgs/_autoware_planning_msgs_s.ep.rosidl_typesupport_c.c
-- Up-to-date: /home/jmj/dream_ws/install/autoware_planning_msgs/local/lib/python3.10/dist-packages/autoware_planning_msgs/__init__.py
-- Up-to-date: /home/jmj/dream_ws/install/autoware_planning_msgs/local/lib/python3.10/dist-packages/autoware_planning_msgs/autoware_planning_msgs_s__rosidl_typesupport_introspection_c.cpython-310-x86_64-linux-gnu.so
-- Up-to-date: /home/jmj/dream_ws/install/autoware_planning_msgs/local/lib/python3.10/dist-packages/autoware_planning_msgs/_autoware_planning_msgs_s.ep.rosidl_typesupport_introspection_c.c
-- Up-to-date: /home/jmj/dream_ws/install/autoware_planning_msgs/local/lib/python3.10/dist-packages/autoware_planning_msgs/_autoware_planning_msgs_s.ep.rosidl_typesupport_fastrtps_c.c
-- Up-to-date: /home/jmj/dream_ws/install/autoware_planning_msgs/local/lib/python3.10/dist-packages/autoware_planning_msgs/autoware_planning_msgs_s__rosidl_typesupport_c.cpython-310-x86_64-linux-gnu.so
-- Up-to-date: /home/jmj/dream_ws/install/autoware_planning_msgs/local/lib/python3.10/dist-packages/autoware_planning_msgs/libautoware_planning_msgs__rosidl_generator_py.so
-- Up-to-date: /home/jmj/dream_ws/install/autoware_planning_msgs/local/lib/python3.10/dist-packages/autoware_planning_msgs/autoware_planning_msgs_s__rosidl_typesupport_fastrtps_c.cpython-310-x86_64-linux-gnu.so
-- Up-to-date: /home/jmj/dream_ws/install/autoware_planning_msgs/local/lib/python3.10/dist-packages/autoware_planning_msgs/msg
-- Up-to-date: /home/jmj/dream_ws/install/autoware_planning_msgs/local/lib/python3.10/dist-packages/autoware_planning_msgs/msg/_lanelet_segment_s.c
-- Up-to-date: /home/jmj/dream_ws/install/autoware_planning_msgs/local/lib/python3.10/dist-packages/autoware_planning_msgs/msg/__init__.py
-- Up-to-date: /home/jmj/dream_ws/install/autoware_planning_msgs/local/lib/python3.10/dist-packages/autoware_planning_msgs/msg/_path_point_s.c
-- Up-to-date: /home/jmj/dream_ws/install/autoware_planning_msgs/local/lib/python3.10/dist-packages/autoware_planning_msgs/msg/_path_s.c
-- Up-to-date: /home/jmj/dream_ws/install/autoware_planning_msgs/local/lib/python3.10/dist-packages/autoware_planning_msgs/msg/_lanelet_route.py
-- Up-to-date: /home/jmj/dream_ws/install/autoware_planning_msgs/local/lib/python3.10/dist-packages/autoware_planning_msgs/msg/_lanelet_segment.py
-- Up-to-date: /home/jmj/dream_ws/install/autoware_planning_msgs/local/lib/python3.10/dist-packages/autoware_planning_msgs/msg/_pose_with_uuid_stamped.py
-- Up-to-date: /home/jmj/dream_ws/install/autoware_planning_msgs/local/lib/python3.10/dist-packages/autoware_planning_msgs/msg/_lanelet_primitive_s.c
-- Up-to-date: /home/jmj/dream_ws/install/autoware_planning_msgs/local/lib/python3.10/dist-packages/autoware_planning_msgs/msg/_pose_with_uuid_stamped_s.c
-- Up-to-date: /home/jmj/dream_ws/install/autoware_planning_msgs/local/lib/python3.10/dist-packages/autoware_planning_msgs/msg/_path.py
-- Up-to-date: /home/jmj/dream_ws/install/autoware_planning_msgs/local/lib/python3.10/dist-packages/autoware_planning_msgs/msg/_path_point.py
-- Up-to-date: /home/jmj/dream_ws/install/autoware_planning_msgs/local/lib/python3.10/dist-packages/autoware_planning_msgs/msg/_lanelet_primitive.py
-- Up-to-date: /home/jmj/dream_ws/install/autoware_planning_msgs/local/lib/python3.10/dist-packages/autoware_planning_msgs/msg/_trajectory.py
-- Up-to-date: /home/jmj/dream_ws/install/autoware_planning_msgs/local/lib/python3.10/dist-packages/autoware_planning_msgs/msg/_trajectory_point_s.c
-- Up-to-date: /home/jmj/dream_ws/install/autoware_planning_msgs/local/lib/python3.10/dist-packages/autoware_planning_msgs/msg/_trajectory_point.py
-- Up-to-date: /home/jmj/dream_ws/install/autoware_planning_msgs/local/lib/python3.10/dist-packages/autoware_planning_msgs/msg/_lanelet_route_s.c
-- Up-to-date: /home/jmj/dream_ws/install/autoware_planning_msgs/local/lib/python3.10/dist-packages/autoware_planning_msgs/msg/_trajectory_s.c
Listing '/home/jmj/dream_ws/install/autoware_planning_msgs/local/lib/python3.10/dist-packages/autoware_planning_msgs'...
Listing '/home/jmj/dream_ws/install/autoware_planning_msgs/local/lib/python3.10/dist-packages/autoware_planning_msgs/msg'...
-- Up-to-date: /home/jmj/dream_ws/install/autoware_planning_msgs/local/lib/python3.10/dist-packages/autoware_planning_msgs/autoware_planning_msgs_s__rosidl_typesupport_fastrtps_c.cpython-310-x86_64-linux-gnu.so
-- Up-to-date: /home/jmj/dream_ws/install/autoware_planning_msgs/local/lib/python3.10/dist-packages/autoware_planning_msgs/autoware_planning_msgs_s__rosidl_typesupport_introspection_c.cpython-310-x86_64-linux-gnu.so
-- Up-to-date: /home/jmj/dream_ws/install/autoware_planning_msgs/local/lib/python3.10/dist-packages/autoware_planning_msgs/autoware_planning_msgs_s__rosidl_typesupport_c.cpython-310-x86_64-linux-gnu.so
-- Up-to-date: /home/jmj/dream_ws/install/autoware_planning_msgs/lib/libautoware_planning_msgs__rosidl_generator_py.so
-- Up-to-date: /home/jmj/dream_ws/install/autoware_planning_msgs/share/autoware_planning_msgs/msg/LaneletPrimitive.idl
-- Up-to-date: /home/jmj/dream_ws/install/autoware_planning_msgs/share/autoware_planning_msgs/msg/LaneletRoute.idl
-- Up-to-date: /home/jmj/dream_ws/install/autoware_planning_msgs/share/autoware_planning_msgs/msg/LaneletSegment.idl
-- Up-to-date: /home/jmj/dream_ws/install/autoware_planning_msgs/share/autoware_planning_msgs/msg/PoseWithUuidStamped.idl
-- Up-to-date: /home/jmj/dream_ws/install/autoware_planning_msgs/share/autoware_planning_msgs/msg/Trajectory.idl
-- Up-to-date: /home/jmj/dream_ws/install/autoware_planning_msgs/share/autoware_planning_msgs/msg/TrajectoryPoint.idl
-- Up-to-date: /home/jmj/dream_ws/install/autoware_planning_msgs/share/autoware_planning_msgs/msg/Path.idl
-- Up-to-date: /home/jmj/dream_ws/install/autoware_planning_msgs/share/autoware_planning_msgs/msg/PathPoint.idl
-- Up-to-date: /home/jmj/dream_ws/install/autoware_planning_msgs/share/autoware_planning_msgs/msg/LaneletPrimitive.msg
-- Up-to-date: /home/jmj/dream_ws/install/autoware_planning_msgs/share/autoware_planning_msgs/msg/LaneletRoute.msg
-- Up-to-date: /home/jmj/dream_ws/install/autoware_planning_msgs/share/autoware_planning_msgs/msg/LaneletSegment.msg
-- Up-to-date: /home/jmj/dream_ws/install/autoware_planning_msgs/share/autoware_planning_msgs/msg/PoseWithUuidStamped.msg
-- Up-to-date: /home/jmj/dream_ws/install/autoware_planning_msgs/share/autoware_planning_msgs/msg/Trajectory.msg
-- Up-to-date: /home/jmj/dream_ws/install/autoware_planning_msgs/share/autoware_planning_msgs/msg/TrajectoryPoint.msg
-- Up-to-date: /home/jmj/dream_ws/install/autoware_planning_msgs/share/autoware_planning_msgs/msg/Path.msg
-- Up-to-date: /home/jmj/dream_ws/install/autoware_planning_msgs/share/autoware_planning_msgs/msg/PathPoint.msg
-- Up-to-date: /home/jmj/dream_ws/install/autoware_planning_msgs/share/ament_index/resource_index/package_run_dependencies/autoware_planning_msgs
-- Up-to-date: /home/jmj/dream_ws/install/autoware_planning_msgs/share/ament_index/resource_index/parent_prefix_path/autoware_planning_msgs
-- Up-to-date: /home/jmj/dream_ws/install/autoware_planning_msgs/share/autoware_planning_msgs/environment/ament_prefix_path.sh
-- Up-to-date: /home/jmj/dream_ws/install/autoware_planning_msgs/share/autoware_planning_msgs/environment/ament_prefix_path.dsv
-- Up-to-date: /home/jmj/dream_ws/install/autoware_planning_msgs/share/autoware_planning_msgs/environment/path.sh
-- Up-to-date: /home/jmj/dream_ws/install/autoware_planning_msgs/share/autoware_planning_msgs/environment/path.dsv
-- Up-to-date: /home/jmj/dream_ws/install/autoware_planning_msgs/share/autoware_planning_msgs/local_setup.bash
-- Up-to-date: /home/jmj/dream_ws/install/autoware_planning_msgs/share/autoware_planning_msgs/local_setup.sh
-- Up-to-date: /home/jmj/dream_ws/install/autoware_planning_msgs/share/autoware_planning_msgs/local_setup.zsh
-- Up-to-date: /home/jmj/dream_ws/install/autoware_planning_msgs/share/autoware_planning_msgs/local_setup.dsv
-- Installing: /home/jmj/dream_ws/install/autoware_planning_msgs/share/autoware_planning_msgs/package.dsv
-- Up-to-date: /home/jmj/dream_ws/install/autoware_planning_msgs/share/ament_index/resource_index/packages/autoware_planning_msgs
-- Up-to-date: /home/jmj/dream_ws/install/autoware_planning_msgs/share/autoware_planning_msgs/cmake/export_autoware_planning_msgs__rosidl_generator_cExport.cmake
-- Up-to-date: /home/jmj/dream_ws/install/autoware_planning_msgs/share/autoware_planning_msgs/cmake/export_autoware_planning_msgs__rosidl_generator_cExport-noconfig.cmake
-- Up-to-date: /home/jmj/dream_ws/install/autoware_planning_msgs/share/autoware_planning_msgs/cmake/export_autoware_planning_msgs__rosidl_typesupport_fastrtps_cExport.cmake
-- Up-to-date: /home/jmj/dream_ws/install/autoware_planning_msgs/share/autoware_planning_msgs/cmake/export_autoware_planning_msgs__rosidl_typesupport_fastrtps_cExport-noconfig.cmake
-- Up-to-date: /home/jmj/dream_ws/install/autoware_planning_msgs/share/autoware_planning_msgs/cmake/autoware_planning_msgs__rosidl_typesupport_introspection_cExport.cmake
-- Up-to-date: /home/jmj/dream_ws/install/autoware_planning_msgs/share/autoware_planning_msgs/cmake/autoware_planning_msgs__rosidl_typesupport_introspection_cExport-noconfig.cmake
-- Up-to-date: /home/jmj/dream_ws/install/autoware_planning_msgs/share/autoware_planning_msgs/cmake/autoware_planning_msgs__rosidl_typesupport_cExport.cmake
-- Up-to-date: /home/jmj/dream_ws/install/autoware_planning_msgs/share/autoware_planning_msgs/cmake/autoware_planning_msgs__rosidl_typesupport_cExport-noconfig.cmake
-- Up-to-date: /home/jmj/dream_ws/install/autoware_planning_msgs/share/autoware_planning_msgs/cmake/export_autoware_planning_msgs__rosidl_generator_cppExport.cmake
-- Up-to-date: /home/jmj/dream_ws/install/autoware_planning_msgs/share/autoware_planning_msgs/cmake/export_autoware_planning_msgs__rosidl_typesupport_fastrtps_cppExport.cmake
-- Up-to-date: /home/jmj/dream_ws/install/autoware_planning_msgs/share/autoware_planning_msgs/cmake/export_autoware_planning_msgs__rosidl_typesupport_fastrtps_cppExport-noconfig.cmake
-- Up-to-date: /home/jmj/dream_ws/install/autoware_planning_msgs/share/autoware_planning_msgs/cmake/autoware_planning_msgs__rosidl_typesupport_introspection_cppExport.cmake
-- Up-to-date: /home/jmj/dream_ws/install/autoware_planning_msgs/share/autoware_planning_msgs/cmake/autoware_planning_msgs__rosidl_typesupport_introspection_cppExport-noconfig.cmake
-- Up-to-date: /home/jmj/dream_ws/install/autoware_planning_msgs/share/autoware_planning_msgs/cmake/autoware_planning_msgs__rosidl_typesupport_cppExport.cmake
-- Up-to-date: /home/jmj/dream_ws/install/autoware_planning_msgs/share/autoware_planning_msgs/cmake/autoware_planning_msgs__rosidl_typesupport_cppExport-noconfig.cmake
-- Up-to-date: /home/jmj/dream_ws/install/autoware_planning_msgs/share/autoware_planning_msgs/cmake/export_autoware_planning_msgs__rosidl_generator_pyExport.cmake
-- Up-to-date: /home/jmj/dream_ws/install/autoware_planning_msgs/share/autoware_planning_msgs/cmake/export_autoware_planning_msgs__rosidl_generator_pyExport-noconfig.cmake
-- Up-to-date: /home/jmj/dream_ws/install/autoware_planning_msgs/share/autoware_planning_msgs/cmake/rosidl_cmake-extras.cmake
-- Up-to-date: /home/jmj/dream_ws/install/autoware_planning_msgs/share/autoware_planning_msgs/cmake/ament_cmake_export_dependencies-extras.cmake
-- Up-to-date: /home/jmj/dream_ws/install/autoware_planning_msgs/share/autoware_planning_msgs/cmake/ament_cmake_export_include_directories-extras.cmake
-- Up-to-date: /home/jmj/dream_ws/install/autoware_planning_msgs/share/autoware_planning_msgs/cmake/ament_cmake_export_libraries-extras.cmake
-- Up-to-date: /home/jmj/dream_ws/install/autoware_planning_msgs/share/autoware_planning_msgs/cmake/ament_cmake_export_targets-extras.cmake
-- Up-to-date: /home/jmj/dream_ws/install/autoware_planning_msgs/share/autoware_planning_msgs/cmake/rosidl_cmake_export_typesupport_targets-extras.cmake
-- Up-to-date: /home/jmj/dream_ws/install/autoware_planning_msgs/share/autoware_planning_msgs/cmake/rosidl_cmake_export_typesupport_libraries-extras.cmake
-- Up-to-date: /home/jmj/dream_ws/install/autoware_planning_msgs/share/autoware_planning_msgs/cmake/autoware_planning_msgsConfig.cmake
-- Up-to-date: /home/jmj/dream_ws/install/autoware_planning_msgs/share/autoware_planning_msgs/cmake/autoware_planning_msgsConfig-version.cmake
-- Up-to-date: /home/jmj/dream_ws/install/autoware_planning_msgs/share/autoware_planning_msgs/package.xml
