[0.021s] Invoking command in '/home/jmj/dream_ws/build/autoware_planning_msgs': CMAKE_PREFIX_PATH=${CMAKE_PREFIX_PATH}:/home/jmj/dream_ws/install/dream:/opt/ros/humble /usr/bin/cmake --build /home/jmj/dream_ws/build/autoware_planning_msgs -- -j20 -l20
[0.063s] [ 11%] Built target autoware_planning_msgs__rosidl_generator_c
[0.067s] [ 12%] Built target autoware_planning_msgs__cpp
[0.075s] [ 12%] Built target ament_cmake_python_copy_autoware_planning_msgs
[0.109s] [ 24%] Built target autoware_planning_msgs__rosidl_typesupport_cpp
[0.109s] [ 35%] Built target autoware_planning_msgs__rosidl_typesupport_fastrtps_cpp
[0.109s] [ 47%] Built target autoware_planning_msgs__rosidl_typesupport_introspection_c
[0.110s] [ 58%] Built target autoware_planning_msgs__rosidl_typesupport_c
[0.125s] [ 70%] Built target autoware_planning_msgs__rosidl_typesupport_fastrtps_c
[0.126s] [ 81%] Built target autoware_planning_msgs__rosidl_typesupport_introspection_cpp
[0.155s] [ 81%] Built target autoware_planning_msgs
[0.177s] [ 82%] Built target autoware_planning_msgs__py
[0.199s] [ 93%] Built target autoware_planning_msgs__rosidl_generator_py
[0.221s] [ 95%] Built target autoware_planning_msgs__rosidl_typesupport_fastrtps_c__pyext
[0.229s] [ 97%] Built target autoware_planning_msgs__rosidl_typesupport_introspection_c__pyext
[0.244s] [100%] Built target autoware_planning_msgs__rosidl_typesupport_c__pyext
[0.348s] running egg_info
[0.349s] writing autoware_planning_msgs.egg-info/PKG-INFO
[0.349s] writing dependency_links to autoware_planning_msgs.egg-info/dependency_links.txt
[0.349s] writing top-level names to autoware_planning_msgs.egg-info/top_level.txt
[0.351s] reading manifest file 'autoware_planning_msgs.egg-info/SOURCES.txt'
[0.351s] writing manifest file 'autoware_planning_msgs.egg-info/SOURCES.txt'
[0.379s] [100%] Built target ament_cmake_python_build_autoware_planning_msgs_egg
[0.395s] Invoked command in '/home/jmj/dream_ws/build/autoware_planning_msgs' returned '0': CMAKE_PREFIX_PATH=${CMAKE_PREFIX_PATH}:/home/jmj/dream_ws/install/dream:/opt/ros/humble /usr/bin/cmake --build /home/jmj/dream_ws/build/autoware_planning_msgs -- -j20 -l20
[0.399s] Invoking command in '/home/jmj/dream_ws/build/autoware_planning_msgs': CMAKE_PREFIX_PATH=${CMAKE_PREFIX_PATH}:/home/jmj/dream_ws/install/dream:/opt/ros/humble /usr/bin/cmake --install /home/jmj/dream_ws/build/autoware_planning_msgs
[0.409s] -- Install configuration: ""
[0.409s] -- Up-to-date: /home/jmj/dream_ws/install/autoware_planning_msgs/share/ament_index/resource_index/rosidl_interfaces/autoware_planning_msgs
[0.409s] -- Up-to-date: /home/jmj/dream_ws/install/autoware_planning_msgs/include/autoware_planning_msgs/autoware_planning_msgs
[0.409s] -- Up-to-date: /home/jmj/dream_ws/install/autoware_planning_msgs/include/autoware_planning_msgs/autoware_planning_msgs/msg
[0.409s] -- Up-to-date: /home/jmj/dream_ws/install/autoware_planning_msgs/include/autoware_planning_msgs/autoware_planning_msgs/msg/trajectory.h
[0.409s] -- Up-to-date: /home/jmj/dream_ws/install/autoware_planning_msgs/include/autoware_planning_msgs/autoware_planning_msgs/msg/lanelet_segment.h
[0.409s] -- Up-to-date: /home/jmj/dream_ws/install/autoware_planning_msgs/include/autoware_planning_msgs/autoware_planning_msgs/msg/rosidl_generator_c__visibility_control.h
[0.409s] -- Up-to-date: /home/jmj/dream_ws/install/autoware_planning_msgs/include/autoware_planning_msgs/autoware_planning_msgs/msg/detail
[0.409s] -- Up-to-date: /home/jmj/dream_ws/install/autoware_planning_msgs/include/autoware_planning_msgs/autoware_planning_msgs/msg/detail/lanelet_primitive__functions.h
[0.409s] -- Up-to-date: /home/jmj/dream_ws/install/autoware_planning_msgs/include/autoware_planning_msgs/autoware_planning_msgs/msg/detail/trajectory_point__functions.c
[0.409s] -- Up-to-date: /home/jmj/dream_ws/install/autoware_planning_msgs/include/autoware_planning_msgs/autoware_planning_msgs/msg/detail/path_point__functions.h
[0.409s] -- Up-to-date: /home/jmj/dream_ws/install/autoware_planning_msgs/include/autoware_planning_msgs/autoware_planning_msgs/msg/detail/path__functions.h
[0.409s] -- Up-to-date: /home/jmj/dream_ws/install/autoware_planning_msgs/include/autoware_planning_msgs/autoware_planning_msgs/msg/detail/lanelet_segment__struct.h
[0.413s] -- Up-to-date: /home/jmj/dream_ws/install/autoware_planning_msgs/include/autoware_planning_msgs/autoware_planning_msgs/msg/detail/lanelet_segment__functions.c
[0.414s] -- Up-to-date: /home/jmj/dream_ws/install/autoware_planning_msgs/include/autoware_planning_msgs/autoware_planning_msgs/msg/detail/lanelet_route__functions.h
[0.414s] -- Up-to-date: /home/jmj/dream_ws/install/autoware_planning_msgs/include/autoware_planning_msgs/autoware_planning_msgs/msg/detail/lanelet_route__struct.h
[0.414s] -- Up-to-date: /home/jmj/dream_ws/install/autoware_planning_msgs/include/autoware_planning_msgs/autoware_planning_msgs/msg/detail/path_point__struct.h
[0.414s] -- Up-to-date: /home/jmj/dream_ws/install/autoware_planning_msgs/include/autoware_planning_msgs/autoware_planning_msgs/msg/detail/trajectory__functions.c
[0.414s] -- Up-to-date: /home/jmj/dream_ws/install/autoware_planning_msgs/include/autoware_planning_msgs/autoware_planning_msgs/msg/detail/lanelet_segment__type_support.h
[0.414s] -- Up-to-date: /home/jmj/dream_ws/install/autoware_planning_msgs/include/autoware_planning_msgs/autoware_planning_msgs/msg/detail/path__struct.h
[0.414s] -- Up-to-date: /home/jmj/dream_ws/install/autoware_planning_msgs/include/autoware_planning_msgs/autoware_planning_msgs/msg/detail/lanelet_segment__functions.h
[0.414s] -- Up-to-date: /home/jmj/dream_ws/install/autoware_planning_msgs/include/autoware_planning_msgs/autoware_planning_msgs/msg/detail/pose_with_uuid_stamped__type_support.h
[0.414s] -- Up-to-date: /home/jmj/dream_ws/install/autoware_planning_msgs/include/autoware_planning_msgs/autoware_planning_msgs/msg/detail/trajectory_point__struct.h
[0.414s] -- Up-to-date: /home/jmj/dream_ws/install/autoware_planning_msgs/include/autoware_planning_msgs/autoware_planning_msgs/msg/detail/lanelet_primitive__type_support.h
[0.414s] -- Up-to-date: /home/jmj/dream_ws/install/autoware_planning_msgs/include/autoware_planning_msgs/autoware_planning_msgs/msg/detail/trajectory_point__functions.h
[0.414s] -- Up-to-date: /home/jmj/dream_ws/install/autoware_planning_msgs/include/autoware_planning_msgs/autoware_planning_msgs/msg/detail/trajectory_point__type_support.h
[0.414s] -- Up-to-date: /home/jmj/dream_ws/install/autoware_planning_msgs/include/autoware_planning_msgs/autoware_planning_msgs/msg/detail/pose_with_uuid_stamped__functions.c
[0.414s] -- Up-to-date: /home/jmj/dream_ws/install/autoware_planning_msgs/include/autoware_planning_msgs/autoware_planning_msgs/msg/detail/pose_with_uuid_stamped__struct.h
[0.414s] -- Up-to-date: /home/jmj/dream_ws/install/autoware_planning_msgs/include/autoware_planning_msgs/autoware_planning_msgs/msg/detail/trajectory__functions.h
[0.414s] -- Up-to-date: /home/jmj/dream_ws/install/autoware_planning_msgs/include/autoware_planning_msgs/autoware_planning_msgs/msg/detail/lanelet_primitive__functions.c
[0.415s] -- Up-to-date: /home/jmj/dream_ws/install/autoware_planning_msgs/include/autoware_planning_msgs/autoware_planning_msgs/msg/detail/pose_with_uuid_stamped__functions.h
[0.415s] -- Up-to-date: /home/jmj/dream_ws/install/autoware_planning_msgs/include/autoware_planning_msgs/autoware_planning_msgs/msg/detail/trajectory__type_support.h
[0.415s] -- Up-to-date: /home/jmj/dream_ws/install/autoware_planning_msgs/include/autoware_planning_msgs/autoware_planning_msgs/msg/detail/trajectory__struct.h
[0.415s] -- Up-to-date: /home/jmj/dream_ws/install/autoware_planning_msgs/include/autoware_planning_msgs/autoware_planning_msgs/msg/detail/path__functions.c
[0.415s] -- Up-to-date: /home/jmj/dream_ws/install/autoware_planning_msgs/include/autoware_planning_msgs/autoware_planning_msgs/msg/detail/path_point__functions.c
[0.415s] -- Up-to-date: /home/jmj/dream_ws/install/autoware_planning_msgs/include/autoware_planning_msgs/autoware_planning_msgs/msg/detail/lanelet_route__type_support.h
[0.415s] -- Up-to-date: /home/jmj/dream_ws/install/autoware_planning_msgs/include/autoware_planning_msgs/autoware_planning_msgs/msg/detail/lanelet_route__functions.c
[0.415s] -- Up-to-date: /home/jmj/dream_ws/install/autoware_planning_msgs/include/autoware_planning_msgs/autoware_planning_msgs/msg/detail/lanelet_primitive__struct.h
[0.415s] -- Up-to-date: /home/jmj/dream_ws/install/autoware_planning_msgs/include/autoware_planning_msgs/autoware_planning_msgs/msg/detail/path_point__type_support.h
[0.415s] -- Up-to-date: /home/jmj/dream_ws/install/autoware_planning_msgs/include/autoware_planning_msgs/autoware_planning_msgs/msg/detail/path__type_support.h
[0.416s] -- Up-to-date: /home/jmj/dream_ws/install/autoware_planning_msgs/include/autoware_planning_msgs/autoware_planning_msgs/msg/lanelet_route.h
[0.416s] -- Up-to-date: /home/jmj/dream_ws/install/autoware_planning_msgs/include/autoware_planning_msgs/autoware_planning_msgs/msg/pose_with_uuid_stamped.h
[0.416s] -- Up-to-date: /home/jmj/dream_ws/install/autoware_planning_msgs/include/autoware_planning_msgs/autoware_planning_msgs/msg/path_point.h
[0.416s] -- Up-to-date: /home/jmj/dream_ws/install/autoware_planning_msgs/include/autoware_planning_msgs/autoware_planning_msgs/msg/path.h
[0.416s] -- Up-to-date: /home/jmj/dream_ws/install/autoware_planning_msgs/include/autoware_planning_msgs/autoware_planning_msgs/msg/lanelet_primitive.h
[0.416s] -- Up-to-date: /home/jmj/dream_ws/install/autoware_planning_msgs/include/autoware_planning_msgs/autoware_planning_msgs/msg/trajectory_point.h
[0.418s] -- Up-to-date: /home/jmj/dream_ws/install/autoware_planning_msgs/share/autoware_planning_msgs/environment/library_path.sh
[0.418s] -- Up-to-date: /home/jmj/dream_ws/install/autoware_planning_msgs/share/autoware_planning_msgs/environment/library_path.dsv
[0.418s] -- Up-to-date: /home/jmj/dream_ws/install/autoware_planning_msgs/lib/libautoware_planning_msgs__rosidl_generator_c.so
[0.418s] -- Up-to-date: /home/jmj/dream_ws/install/autoware_planning_msgs/include/autoware_planning_msgs/autoware_planning_msgs
[0.418s] -- Up-to-date: /home/jmj/dream_ws/install/autoware_planning_msgs/include/autoware_planning_msgs/autoware_planning_msgs/msg
[0.418s] -- Up-to-date: /home/jmj/dream_ws/install/autoware_planning_msgs/include/autoware_planning_msgs/autoware_planning_msgs/msg/detail
[0.418s] -- Up-to-date: /home/jmj/dream_ws/install/autoware_planning_msgs/include/autoware_planning_msgs/autoware_planning_msgs/msg/detail/path__rosidl_typesupport_fastrtps_c.h
[0.418s] -- Up-to-date: /home/jmj/dream_ws/install/autoware_planning_msgs/include/autoware_planning_msgs/autoware_planning_msgs/msg/detail/trajectory_point__rosidl_typesupport_fastrtps_c.h
[0.418s] -- Up-to-date: /home/jmj/dream_ws/install/autoware_planning_msgs/include/autoware_planning_msgs/autoware_planning_msgs/msg/detail/pose_with_uuid_stamped__rosidl_typesupport_fastrtps_c.h
[0.418s] -- Up-to-date: /home/jmj/dream_ws/install/autoware_planning_msgs/include/autoware_planning_msgs/autoware_planning_msgs/msg/detail/lanelet_primitive__rosidl_typesupport_fastrtps_c.h
[0.419s] -- Up-to-date: /home/jmj/dream_ws/install/autoware_planning_msgs/include/autoware_planning_msgs/autoware_planning_msgs/msg/detail/lanelet_segment__rosidl_typesupport_fastrtps_c.h
[0.419s] -- Up-to-date: /home/jmj/dream_ws/install/autoware_planning_msgs/include/autoware_planning_msgs/autoware_planning_msgs/msg/detail/lanelet_route__rosidl_typesupport_fastrtps_c.h
[0.419s] -- Up-to-date: /home/jmj/dream_ws/install/autoware_planning_msgs/include/autoware_planning_msgs/autoware_planning_msgs/msg/detail/trajectory__rosidl_typesupport_fastrtps_c.h
[0.419s] -- Up-to-date: /home/jmj/dream_ws/install/autoware_planning_msgs/include/autoware_planning_msgs/autoware_planning_msgs/msg/detail/path_point__rosidl_typesupport_fastrtps_c.h
[0.419s] -- Up-to-date: /home/jmj/dream_ws/install/autoware_planning_msgs/include/autoware_planning_msgs/autoware_planning_msgs/msg/rosidl_typesupport_fastrtps_c__visibility_control.h
[0.419s] -- Up-to-date: /home/jmj/dream_ws/install/autoware_planning_msgs/lib/libautoware_planning_msgs__rosidl_typesupport_fastrtps_c.so
[0.419s] -- Up-to-date: /home/jmj/dream_ws/install/autoware_planning_msgs/include/autoware_planning_msgs/autoware_planning_msgs
[0.419s] -- Up-to-date: /home/jmj/dream_ws/install/autoware_planning_msgs/include/autoware_planning_msgs/autoware_planning_msgs/msg
[0.419s] -- Up-to-date: /home/jmj/dream_ws/install/autoware_planning_msgs/include/autoware_planning_msgs/autoware_planning_msgs/msg/detail
[0.419s] -- Up-to-date: /home/jmj/dream_ws/install/autoware_planning_msgs/include/autoware_planning_msgs/autoware_planning_msgs/msg/detail/lanelet_route__type_support.c
[0.419s] -- Up-to-date: /home/jmj/dream_ws/install/autoware_planning_msgs/include/autoware_planning_msgs/autoware_planning_msgs/msg/detail/trajectory__rosidl_typesupport_introspection_c.h
[0.419s] -- Up-to-date: /home/jmj/dream_ws/install/autoware_planning_msgs/include/autoware_planning_msgs/autoware_planning_msgs/msg/detail/pose_with_uuid_stamped__rosidl_typesupport_introspection_c.h
[0.420s] -- Up-to-date: /home/jmj/dream_ws/install/autoware_planning_msgs/include/autoware_planning_msgs/autoware_planning_msgs/msg/detail/trajectory_point__rosidl_typesupport_introspection_c.h
[0.420s] -- Up-to-date: /home/jmj/dream_ws/install/autoware_planning_msgs/include/autoware_planning_msgs/autoware_planning_msgs/msg/detail/path_point__rosidl_typesupport_introspection_c.h
[0.420s] -- Up-to-date: /home/jmj/dream_ws/install/autoware_planning_msgs/include/autoware_planning_msgs/autoware_planning_msgs/msg/detail/lanelet_route__rosidl_typesupport_introspection_c.h
[0.420s] -- Up-to-date: /home/jmj/dream_ws/install/autoware_planning_msgs/include/autoware_planning_msgs/autoware_planning_msgs/msg/detail/path__rosidl_typesupport_introspection_c.h
[0.420s] -- Up-to-date: /home/jmj/dream_ws/install/autoware_planning_msgs/include/autoware_planning_msgs/autoware_planning_msgs/msg/detail/lanelet_primitive__rosidl_typesupport_introspection_c.h
[0.420s] -- Up-to-date: /home/jmj/dream_ws/install/autoware_planning_msgs/include/autoware_planning_msgs/autoware_planning_msgs/msg/detail/path__type_support.c
[0.420s] -- Up-to-date: /home/jmj/dream_ws/install/autoware_planning_msgs/include/autoware_planning_msgs/autoware_planning_msgs/msg/detail/pose_with_uuid_stamped__type_support.c
[0.420s] -- Up-to-date: /home/jmj/dream_ws/install/autoware_planning_msgs/include/autoware_planning_msgs/autoware_planning_msgs/msg/detail/trajectory_point__type_support.c
[0.420s] -- Up-to-date: /home/jmj/dream_ws/install/autoware_planning_msgs/include/autoware_planning_msgs/autoware_planning_msgs/msg/detail/lanelet_primitive__type_support.c
[0.420s] -- Up-to-date: /home/jmj/dream_ws/install/autoware_planning_msgs/include/autoware_planning_msgs/autoware_planning_msgs/msg/detail/trajectory__type_support.c
[0.420s] -- Up-to-date: /home/jmj/dream_ws/install/autoware_planning_msgs/include/autoware_planning_msgs/autoware_planning_msgs/msg/detail/lanelet_segment__type_support.c
[0.421s] -- Up-to-date: /home/jmj/dream_ws/install/autoware_planning_msgs/include/autoware_planning_msgs/autoware_planning_msgs/msg/detail/lanelet_segment__rosidl_typesupport_introspection_c.h
[0.421s] -- Up-to-date: /home/jmj/dream_ws/install/autoware_planning_msgs/include/autoware_planning_msgs/autoware_planning_msgs/msg/detail/path_point__type_support.c
[0.421s] -- Up-to-date: /home/jmj/dream_ws/install/autoware_planning_msgs/include/autoware_planning_msgs/autoware_planning_msgs/msg/rosidl_typesupport_introspection_c__visibility_control.h
[0.422s] -- Up-to-date: /home/jmj/dream_ws/install/autoware_planning_msgs/lib/libautoware_planning_msgs__rosidl_typesupport_introspection_c.so
[0.422s] -- Up-to-date: /home/jmj/dream_ws/install/autoware_planning_msgs/lib/libautoware_planning_msgs__rosidl_typesupport_c.so
[0.422s] -- Up-to-date: /home/jmj/dream_ws/install/autoware_planning_msgs/include/autoware_planning_msgs/autoware_planning_msgs
[0.422s] -- Up-to-date: /home/jmj/dream_ws/install/autoware_planning_msgs/include/autoware_planning_msgs/autoware_planning_msgs/msg
[0.422s] -- Up-to-date: /home/jmj/dream_ws/install/autoware_planning_msgs/include/autoware_planning_msgs/autoware_planning_msgs/msg/lanelet_primitive.hpp
[0.422s] -- Up-to-date: /home/jmj/dream_ws/install/autoware_planning_msgs/include/autoware_planning_msgs/autoware_planning_msgs/msg/detail
[0.422s] -- Up-to-date: /home/jmj/dream_ws/install/autoware_planning_msgs/include/autoware_planning_msgs/autoware_planning_msgs/msg/detail/pose_with_uuid_stamped__traits.hpp
[0.422s] -- Up-to-date: /home/jmj/dream_ws/install/autoware_planning_msgs/include/autoware_planning_msgs/autoware_planning_msgs/msg/detail/lanelet_primitive__traits.hpp
[0.422s] -- Up-to-date: /home/jmj/dream_ws/install/autoware_planning_msgs/include/autoware_planning_msgs/autoware_planning_msgs/msg/detail/path__traits.hpp
[0.423s] -- Up-to-date: /home/jmj/dream_ws/install/autoware_planning_msgs/include/autoware_planning_msgs/autoware_planning_msgs/msg/detail/lanelet_route__type_support.hpp
[0.423s] -- Up-to-date: /home/jmj/dream_ws/install/autoware_planning_msgs/include/autoware_planning_msgs/autoware_planning_msgs/msg/detail/trajectory__builder.hpp
[0.423s] -- Up-to-date: /home/jmj/dream_ws/install/autoware_planning_msgs/include/autoware_planning_msgs/autoware_planning_msgs/msg/detail/lanelet_route__struct.hpp
[0.423s] -- Up-to-date: /home/jmj/dream_ws/install/autoware_planning_msgs/include/autoware_planning_msgs/autoware_planning_msgs/msg/detail/trajectory_point__type_support.hpp
[0.423s] -- Up-to-date: /home/jmj/dream_ws/install/autoware_planning_msgs/include/autoware_planning_msgs/autoware_planning_msgs/msg/detail/path__struct.hpp
[0.423s] -- Up-to-date: /home/jmj/dream_ws/install/autoware_planning_msgs/include/autoware_planning_msgs/autoware_planning_msgs/msg/detail/lanelet_primitive__struct.hpp
[0.423s] -- Up-to-date: /home/jmj/dream_ws/install/autoware_planning_msgs/include/autoware_planning_msgs/autoware_planning_msgs/msg/detail/path_point__type_support.hpp
[0.423s] -- Up-to-date: /home/jmj/dream_ws/install/autoware_planning_msgs/include/autoware_planning_msgs/autoware_planning_msgs/msg/detail/trajectory_point__struct.hpp
[0.423s] -- Up-to-date: /home/jmj/dream_ws/install/autoware_planning_msgs/include/autoware_planning_msgs/autoware_planning_msgs/msg/detail/pose_with_uuid_stamped__type_support.hpp
[0.423s] -- Up-to-date: /home/jmj/dream_ws/install/autoware_planning_msgs/include/autoware_planning_msgs/autoware_planning_msgs/msg/detail/path__type_support.hpp
[0.423s] -- Up-to-date: /home/jmj/dream_ws/install/autoware_planning_msgs/include/autoware_planning_msgs/autoware_planning_msgs/msg/detail/lanelet_segment__struct.hpp
[0.423s] -- Up-to-date: /home/jmj/dream_ws/install/autoware_planning_msgs/include/autoware_planning_msgs/autoware_planning_msgs/msg/detail/trajectory_point__builder.hpp
[0.423s] -- Up-to-date: /home/jmj/dream_ws/install/autoware_planning_msgs/include/autoware_planning_msgs/autoware_planning_msgs/msg/detail/lanelet_segment__builder.hpp
[0.423s] -- Up-to-date: /home/jmj/dream_ws/install/autoware_planning_msgs/include/autoware_planning_msgs/autoware_planning_msgs/msg/detail/path_point__struct.hpp
[0.423s] -- Up-to-date: /home/jmj/dream_ws/install/autoware_planning_msgs/include/autoware_planning_msgs/autoware_planning_msgs/msg/detail/trajectory__struct.hpp
[0.423s] -- Up-to-date: /home/jmj/dream_ws/install/autoware_planning_msgs/include/autoware_planning_msgs/autoware_planning_msgs/msg/detail/lanelet_primitive__type_support.hpp
[0.423s] -- Up-to-date: /home/jmj/dream_ws/install/autoware_planning_msgs/include/autoware_planning_msgs/autoware_planning_msgs/msg/detail/lanelet_route__builder.hpp
[0.423s] -- Up-to-date: /home/jmj/dream_ws/install/autoware_planning_msgs/include/autoware_planning_msgs/autoware_planning_msgs/msg/detail/path__builder.hpp
[0.423s] -- Up-to-date: /home/jmj/dream_ws/install/autoware_planning_msgs/include/autoware_planning_msgs/autoware_planning_msgs/msg/detail/pose_with_uuid_stamped__struct.hpp
[0.423s] -- Up-to-date: /home/jmj/dream_ws/install/autoware_planning_msgs/include/autoware_planning_msgs/autoware_planning_msgs/msg/detail/pose_with_uuid_stamped__builder.hpp
[0.423s] -- Up-to-date: /home/jmj/dream_ws/install/autoware_planning_msgs/include/autoware_planning_msgs/autoware_planning_msgs/msg/detail/trajectory__type_support.hpp
[0.424s] -- Up-to-date: /home/jmj/dream_ws/install/autoware_planning_msgs/include/autoware_planning_msgs/autoware_planning_msgs/msg/detail/lanelet_route__traits.hpp
[0.424s] -- Up-to-date: /home/jmj/dream_ws/install/autoware_planning_msgs/include/autoware_planning_msgs/autoware_planning_msgs/msg/detail/lanelet_segment__traits.hpp
[0.424s] -- Up-to-date: /home/jmj/dream_ws/install/autoware_planning_msgs/include/autoware_planning_msgs/autoware_planning_msgs/msg/detail/trajectory__traits.hpp
[0.424s] -- Up-to-date: /home/jmj/dream_ws/install/autoware_planning_msgs/include/autoware_planning_msgs/autoware_planning_msgs/msg/detail/trajectory_point__traits.hpp
[0.424s] -- Up-to-date: /home/jmj/dream_ws/install/autoware_planning_msgs/include/autoware_planning_msgs/autoware_planning_msgs/msg/detail/path_point__builder.hpp
[0.424s] -- Up-to-date: /home/jmj/dream_ws/install/autoware_planning_msgs/include/autoware_planning_msgs/autoware_planning_msgs/msg/detail/lanelet_primitive__builder.hpp
[0.424s] -- Up-to-date: /home/jmj/dream_ws/install/autoware_planning_msgs/include/autoware_planning_msgs/autoware_planning_msgs/msg/detail/lanelet_segment__type_support.hpp
[0.424s] -- Up-to-date: /home/jmj/dream_ws/install/autoware_planning_msgs/include/autoware_planning_msgs/autoware_planning_msgs/msg/detail/path_point__traits.hpp
[0.424s] -- Up-to-date: /home/jmj/dream_ws/install/autoware_planning_msgs/include/autoware_planning_msgs/autoware_planning_msgs/msg/lanelet_route.hpp
[0.424s] -- Up-to-date: /home/jmj/dream_ws/install/autoware_planning_msgs/include/autoware_planning_msgs/autoware_planning_msgs/msg/path.hpp
[0.424s] -- Up-to-date: /home/jmj/dream_ws/install/autoware_planning_msgs/include/autoware_planning_msgs/autoware_planning_msgs/msg/lanelet_segment.hpp
[0.424s] -- Up-to-date: /home/jmj/dream_ws/install/autoware_planning_msgs/include/autoware_planning_msgs/autoware_planning_msgs/msg/path_point.hpp
[0.424s] -- Up-to-date: /home/jmj/dream_ws/install/autoware_planning_msgs/include/autoware_planning_msgs/autoware_planning_msgs/msg/rosidl_generator_cpp__visibility_control.hpp
[0.424s] -- Up-to-date: /home/jmj/dream_ws/install/autoware_planning_msgs/include/autoware_planning_msgs/autoware_planning_msgs/msg/trajectory.hpp
[0.424s] -- Up-to-date: /home/jmj/dream_ws/install/autoware_planning_msgs/include/autoware_planning_msgs/autoware_planning_msgs/msg/trajectory_point.hpp
[0.424s] -- Up-to-date: /home/jmj/dream_ws/install/autoware_planning_msgs/include/autoware_planning_msgs/autoware_planning_msgs/msg/pose_with_uuid_stamped.hpp
[0.424s] -- Up-to-date: /home/jmj/dream_ws/install/autoware_planning_msgs/include/autoware_planning_msgs/autoware_planning_msgs
[0.424s] -- Up-to-date: /home/jmj/dream_ws/install/autoware_planning_msgs/include/autoware_planning_msgs/autoware_planning_msgs/msg
[0.425s] -- Up-to-date: /home/jmj/dream_ws/install/autoware_planning_msgs/include/autoware_planning_msgs/autoware_planning_msgs/msg/detail
[0.425s] -- Up-to-date: /home/jmj/dream_ws/install/autoware_planning_msgs/include/autoware_planning_msgs/autoware_planning_msgs/msg/detail/dds_fastrtps
[0.425s] -- Up-to-date: /home/jmj/dream_ws/install/autoware_planning_msgs/include/autoware_planning_msgs/autoware_planning_msgs/msg/detail/lanelet_segment__rosidl_typesupport_fastrtps_cpp.hpp
[0.425s] -- Up-to-date: /home/jmj/dream_ws/install/autoware_planning_msgs/include/autoware_planning_msgs/autoware_planning_msgs/msg/detail/path_point__rosidl_typesupport_fastrtps_cpp.hpp
[0.426s] -- Up-to-date: /home/jmj/dream_ws/install/autoware_planning_msgs/include/autoware_planning_msgs/autoware_planning_msgs/msg/detail/lanelet_route__rosidl_typesupport_fastrtps_cpp.hpp
[0.426s] -- Up-to-date: /home/jmj/dream_ws/install/autoware_planning_msgs/include/autoware_planning_msgs/autoware_planning_msgs/msg/detail/path__rosidl_typesupport_fastrtps_cpp.hpp
[0.426s] -- Up-to-date: /home/jmj/dream_ws/install/autoware_planning_msgs/include/autoware_planning_msgs/autoware_planning_msgs/msg/detail/trajectory__rosidl_typesupport_fastrtps_cpp.hpp
[0.426s] -- Up-to-date: /home/jmj/dream_ws/install/autoware_planning_msgs/include/autoware_planning_msgs/autoware_planning_msgs/msg/detail/lanelet_primitive__rosidl_typesupport_fastrtps_cpp.hpp
[0.426s] -- Up-to-date: /home/jmj/dream_ws/install/autoware_planning_msgs/include/autoware_planning_msgs/autoware_planning_msgs/msg/detail/trajectory_point__rosidl_typesupport_fastrtps_cpp.hpp
[0.426s] -- Up-to-date: /home/jmj/dream_ws/install/autoware_planning_msgs/include/autoware_planning_msgs/autoware_planning_msgs/msg/detail/pose_with_uuid_stamped__rosidl_typesupport_fastrtps_cpp.hpp
[0.426s] -- Up-to-date: /home/jmj/dream_ws/install/autoware_planning_msgs/include/autoware_planning_msgs/autoware_planning_msgs/msg/rosidl_typesupport_fastrtps_cpp__visibility_control.h
[0.426s] -- Up-to-date: /home/jmj/dream_ws/install/autoware_planning_msgs/lib/libautoware_planning_msgs__rosidl_typesupport_fastrtps_cpp.so
[0.426s] -- Up-to-date: /home/jmj/dream_ws/install/autoware_planning_msgs/include/autoware_planning_msgs/autoware_planning_msgs
[0.426s] -- Up-to-date: /home/jmj/dream_ws/install/autoware_planning_msgs/include/autoware_planning_msgs/autoware_planning_msgs/msg
[0.426s] -- Up-to-date: /home/jmj/dream_ws/install/autoware_planning_msgs/include/autoware_planning_msgs/autoware_planning_msgs/msg/detail
[0.426s] -- Up-to-date: /home/jmj/dream_ws/install/autoware_planning_msgs/include/autoware_planning_msgs/autoware_planning_msgs/msg/detail/lanelet_route__type_support.cpp
[0.427s] -- Up-to-date: /home/jmj/dream_ws/install/autoware_planning_msgs/include/autoware_planning_msgs/autoware_planning_msgs/msg/detail/path_point__rosidl_typesupport_introspection_cpp.hpp
[0.427s] -- Up-to-date: /home/jmj/dream_ws/install/autoware_planning_msgs/include/autoware_planning_msgs/autoware_planning_msgs/msg/detail/path__type_support.cpp
[0.427s] -- Up-to-date: /home/jmj/dream_ws/install/autoware_planning_msgs/include/autoware_planning_msgs/autoware_planning_msgs/msg/detail/lanelet_route__rosidl_typesupport_introspection_cpp.hpp
[0.427s] -- Up-to-date: /home/jmj/dream_ws/install/autoware_planning_msgs/include/autoware_planning_msgs/autoware_planning_msgs/msg/detail/lanelet_primitive__rosidl_typesupport_introspection_cpp.hpp
[0.427s] -- Up-to-date: /home/jmj/dream_ws/install/autoware_planning_msgs/include/autoware_planning_msgs/autoware_planning_msgs/msg/detail/trajectory_point__type_support.cpp
[0.427s] -- Up-to-date: /home/jmj/dream_ws/install/autoware_planning_msgs/include/autoware_planning_msgs/autoware_planning_msgs/msg/detail/trajectory__rosidl_typesupport_introspection_cpp.hpp
[0.427s] -- Up-to-date: /home/jmj/dream_ws/install/autoware_planning_msgs/include/autoware_planning_msgs/autoware_planning_msgs/msg/detail/trajectory_point__rosidl_typesupport_introspection_cpp.hpp
[0.427s] -- Up-to-date: /home/jmj/dream_ws/install/autoware_planning_msgs/include/autoware_planning_msgs/autoware_planning_msgs/msg/detail/lanelet_primitive__type_support.cpp
[0.427s] -- Up-to-date: /home/jmj/dream_ws/install/autoware_planning_msgs/include/autoware_planning_msgs/autoware_planning_msgs/msg/detail/path__rosidl_typesupport_introspection_cpp.hpp
[0.427s] -- Up-to-date: /home/jmj/dream_ws/install/autoware_planning_msgs/include/autoware_planning_msgs/autoware_planning_msgs/msg/detail/lanelet_segment__rosidl_typesupport_introspection_cpp.hpp
[0.427s] -- Up-to-date: /home/jmj/dream_ws/install/autoware_planning_msgs/include/autoware_planning_msgs/autoware_planning_msgs/msg/detail/trajectory__type_support.cpp
[0.427s] -- Up-to-date: /home/jmj/dream_ws/install/autoware_planning_msgs/include/autoware_planning_msgs/autoware_planning_msgs/msg/detail/pose_with_uuid_stamped__rosidl_typesupport_introspection_cpp.hpp
[0.427s] -- Up-to-date: /home/jmj/dream_ws/install/autoware_planning_msgs/include/autoware_planning_msgs/autoware_planning_msgs/msg/detail/path_point__type_support.cpp
[0.427s] -- Up-to-date: /home/jmj/dream_ws/install/autoware_planning_msgs/include/autoware_planning_msgs/autoware_planning_msgs/msg/detail/lanelet_segment__type_support.cpp
[0.427s] -- Up-to-date: /home/jmj/dream_ws/install/autoware_planning_msgs/include/autoware_planning_msgs/autoware_planning_msgs/msg/detail/pose_with_uuid_stamped__type_support.cpp
[0.428s] -- Up-to-date: /home/jmj/dream_ws/install/autoware_planning_msgs/lib/libautoware_planning_msgs__rosidl_typesupport_introspection_cpp.so
[0.430s] -- Up-to-date: /home/jmj/dream_ws/install/autoware_planning_msgs/lib/libautoware_planning_msgs__rosidl_typesupport_cpp.so
[0.430s] -- Up-to-date: /home/jmj/dream_ws/install/autoware_planning_msgs/share/autoware_planning_msgs/environment/pythonpath.sh
[0.431s] -- Up-to-date: /home/jmj/dream_ws/install/autoware_planning_msgs/share/autoware_planning_msgs/environment/pythonpath.dsv
[0.431s] -- Up-to-date: /home/jmj/dream_ws/install/autoware_planning_msgs/local/lib/python3.10/dist-packages/autoware_planning_msgs-1.8.0-py3.10.egg-info
[0.431s] -- Installing: /home/jmj/dream_ws/install/autoware_planning_msgs/local/lib/python3.10/dist-packages/autoware_planning_msgs-1.8.0-py3.10.egg-info/dependency_links.txt
[0.431s] -- Installing: /home/jmj/dream_ws/install/autoware_planning_msgs/local/lib/python3.10/dist-packages/autoware_planning_msgs-1.8.0-py3.10.egg-info/top_level.txt
[0.431s] -- Installing: /home/jmj/dream_ws/install/autoware_planning_msgs/local/lib/python3.10/dist-packages/autoware_planning_msgs-1.8.0-py3.10.egg-info/PKG-INFO
[0.431s] -- Installing: /home/jmj/dream_ws/install/autoware_planning_msgs/local/lib/python3.10/dist-packages/autoware_planning_msgs-1.8.0-py3.10.egg-info/SOURCES.txt
[0.431s] -- Up-to-date: /home/jmj/dream_ws/install/autoware_planning_msgs/local/lib/python3.10/dist-packages/autoware_planning_msgs
[0.431s] -- Up-to-date: /home/jmj/dream_ws/install/autoware_planning_msgs/local/lib/python3.10/dist-packages/autoware_planning_msgs/_autoware_planning_msgs_s.ep.rosidl_typesupport_c.c
[0.431s] -- Up-to-date: /home/jmj/dream_ws/install/autoware_planning_msgs/local/lib/python3.10/dist-packages/autoware_planning_msgs/__init__.py
[0.431s] -- Up-to-date: /home/jmj/dream_ws/install/autoware_planning_msgs/local/lib/python3.10/dist-packages/autoware_planning_msgs/autoware_planning_msgs_s__rosidl_typesupport_introspection_c.cpython-310-x86_64-linux-gnu.so
[0.431s] -- Up-to-date: /home/jmj/dream_ws/install/autoware_planning_msgs/local/lib/python3.10/dist-packages/autoware_planning_msgs/_autoware_planning_msgs_s.ep.rosidl_typesupport_introspection_c.c
[0.431s] -- Up-to-date: /home/jmj/dream_ws/install/autoware_planning_msgs/local/lib/python3.10/dist-packages/autoware_planning_msgs/_autoware_planning_msgs_s.ep.rosidl_typesupport_fastrtps_c.c
[0.431s] -- Up-to-date: /home/jmj/dream_ws/install/autoware_planning_msgs/local/lib/python3.10/dist-packages/autoware_planning_msgs/autoware_planning_msgs_s__rosidl_typesupport_c.cpython-310-x86_64-linux-gnu.so
[0.431s] -- Up-to-date: /home/jmj/dream_ws/install/autoware_planning_msgs/local/lib/python3.10/dist-packages/autoware_planning_msgs/libautoware_planning_msgs__rosidl_generator_py.so
[0.431s] -- Up-to-date: /home/jmj/dream_ws/install/autoware_planning_msgs/local/lib/python3.10/dist-packages/autoware_planning_msgs/autoware_planning_msgs_s__rosidl_typesupport_fastrtps_c.cpython-310-x86_64-linux-gnu.so
[0.431s] -- Up-to-date: /home/jmj/dream_ws/install/autoware_planning_msgs/local/lib/python3.10/dist-packages/autoware_planning_msgs/msg
[0.432s] -- Up-to-date: /home/jmj/dream_ws/install/autoware_planning_msgs/local/lib/python3.10/dist-packages/autoware_planning_msgs/msg/_lanelet_segment_s.c
[0.432s] -- Up-to-date: /home/jmj/dream_ws/install/autoware_planning_msgs/local/lib/python3.10/dist-packages/autoware_planning_msgs/msg/__init__.py
[0.432s] -- Up-to-date: /home/jmj/dream_ws/install/autoware_planning_msgs/local/lib/python3.10/dist-packages/autoware_planning_msgs/msg/_path_point_s.c
[0.432s] -- Up-to-date: /home/jmj/dream_ws/install/autoware_planning_msgs/local/lib/python3.10/dist-packages/autoware_planning_msgs/msg/_path_s.c
[0.432s] -- Up-to-date: /home/jmj/dream_ws/install/autoware_planning_msgs/local/lib/python3.10/dist-packages/autoware_planning_msgs/msg/_lanelet_route.py
[0.432s] -- Up-to-date: /home/jmj/dream_ws/install/autoware_planning_msgs/local/lib/python3.10/dist-packages/autoware_planning_msgs/msg/_lanelet_segment.py
[0.432s] -- Up-to-date: /home/jmj/dream_ws/install/autoware_planning_msgs/local/lib/python3.10/dist-packages/autoware_planning_msgs/msg/_pose_with_uuid_stamped.py
[0.432s] -- Up-to-date: /home/jmj/dream_ws/install/autoware_planning_msgs/local/lib/python3.10/dist-packages/autoware_planning_msgs/msg/_lanelet_primitive_s.c
[0.432s] -- Up-to-date: /home/jmj/dream_ws/install/autoware_planning_msgs/local/lib/python3.10/dist-packages/autoware_planning_msgs/msg/_pose_with_uuid_stamped_s.c
[0.432s] -- Up-to-date: /home/jmj/dream_ws/install/autoware_planning_msgs/local/lib/python3.10/dist-packages/autoware_planning_msgs/msg/_path.py
[0.432s] -- Up-to-date: /home/jmj/dream_ws/install/autoware_planning_msgs/local/lib/python3.10/dist-packages/autoware_planning_msgs/msg/_path_point.py
[0.432s] -- Up-to-date: /home/jmj/dream_ws/install/autoware_planning_msgs/local/lib/python3.10/dist-packages/autoware_planning_msgs/msg/_lanelet_primitive.py
[0.432s] -- Up-to-date: /home/jmj/dream_ws/install/autoware_planning_msgs/local/lib/python3.10/dist-packages/autoware_planning_msgs/msg/_trajectory.py
[0.432s] -- Up-to-date: /home/jmj/dream_ws/install/autoware_planning_msgs/local/lib/python3.10/dist-packages/autoware_planning_msgs/msg/_trajectory_point_s.c
[0.432s] -- Up-to-date: /home/jmj/dream_ws/install/autoware_planning_msgs/local/lib/python3.10/dist-packages/autoware_planning_msgs/msg/_trajectory_point.py
[0.432s] -- Up-to-date: /home/jmj/dream_ws/install/autoware_planning_msgs/local/lib/python3.10/dist-packages/autoware_planning_msgs/msg/_lanelet_route_s.c
[0.432s] -- Up-to-date: /home/jmj/dream_ws/install/autoware_planning_msgs/local/lib/python3.10/dist-packages/autoware_planning_msgs/msg/_trajectory_s.c
[0.437s] Listing '/home/jmj/dream_ws/install/autoware_planning_msgs/local/lib/python3.10/dist-packages/autoware_planning_msgs'...
[0.437s] Listing '/home/jmj/dream_ws/install/autoware_planning_msgs/local/lib/python3.10/dist-packages/autoware_planning_msgs/msg'...
[0.441s] -- Up-to-date: /home/jmj/dream_ws/install/autoware_planning_msgs/local/lib/python3.10/dist-packages/autoware_planning_msgs/autoware_planning_msgs_s__rosidl_typesupport_fastrtps_c.cpython-310-x86_64-linux-gnu.so
[0.441s] -- Up-to-date: /home/jmj/dream_ws/install/autoware_planning_msgs/local/lib/python3.10/dist-packages/autoware_planning_msgs/autoware_planning_msgs_s__rosidl_typesupport_introspection_c.cpython-310-x86_64-linux-gnu.so
[0.441s] -- Up-to-date: /home/jmj/dream_ws/install/autoware_planning_msgs/local/lib/python3.10/dist-packages/autoware_planning_msgs/autoware_planning_msgs_s__rosidl_typesupport_c.cpython-310-x86_64-linux-gnu.so
[0.441s] -- Up-to-date: /home/jmj/dream_ws/install/autoware_planning_msgs/lib/libautoware_planning_msgs__rosidl_generator_py.so
[0.441s] -- Up-to-date: /home/jmj/dream_ws/install/autoware_planning_msgs/share/autoware_planning_msgs/msg/LaneletPrimitive.idl
[0.441s] -- Up-to-date: /home/jmj/dream_ws/install/autoware_planning_msgs/share/autoware_planning_msgs/msg/LaneletRoute.idl
[0.441s] -- Up-to-date: /home/jmj/dream_ws/install/autoware_planning_msgs/share/autoware_planning_msgs/msg/LaneletSegment.idl
[0.441s] -- Up-to-date: /home/jmj/dream_ws/install/autoware_planning_msgs/share/autoware_planning_msgs/msg/PoseWithUuidStamped.idl
[0.441s] -- Up-to-date: /home/jmj/dream_ws/install/autoware_planning_msgs/share/autoware_planning_msgs/msg/Trajectory.idl
[0.441s] -- Up-to-date: /home/jmj/dream_ws/install/autoware_planning_msgs/share/autoware_planning_msgs/msg/TrajectoryPoint.idl
[0.442s] -- Up-to-date: /home/jmj/dream_ws/install/autoware_planning_msgs/share/autoware_planning_msgs/msg/Path.idl
[0.442s] -- Up-to-date: /home/jmj/dream_ws/install/autoware_planning_msgs/share/autoware_planning_msgs/msg/PathPoint.idl
[0.442s] -- Up-to-date: /home/jmj/dream_ws/install/autoware_planning_msgs/share/autoware_planning_msgs/msg/LaneletPrimitive.msg
[0.442s] -- Up-to-date: /home/jmj/dream_ws/install/autoware_planning_msgs/share/autoware_planning_msgs/msg/LaneletRoute.msg
[0.442s] -- Up-to-date: /home/jmj/dream_ws/install/autoware_planning_msgs/share/autoware_planning_msgs/msg/LaneletSegment.msg
[0.442s] -- Up-to-date: /home/jmj/dream_ws/install/autoware_planning_msgs/share/autoware_planning_msgs/msg/PoseWithUuidStamped.msg
[0.442s] -- Up-to-date: /home/jmj/dream_ws/install/autoware_planning_msgs/share/autoware_planning_msgs/msg/Trajectory.msg
[0.442s] -- Up-to-date: /home/jmj/dream_ws/install/autoware_planning_msgs/share/autoware_planning_msgs/msg/TrajectoryPoint.msg
[0.442s] -- Up-to-date: /home/jmj/dream_ws/install/autoware_planning_msgs/share/autoware_planning_msgs/msg/Path.msg
[0.442s] -- Up-to-date: /home/jmj/dream_ws/install/autoware_planning_msgs/share/autoware_planning_msgs/msg/PathPoint.msg
[0.442s] -- Up-to-date: /home/jmj/dream_ws/install/autoware_planning_msgs/share/ament_index/resource_index/package_run_dependencies/autoware_planning_msgs
[0.442s] -- Up-to-date: /home/jmj/dream_ws/install/autoware_planning_msgs/share/ament_index/resource_index/parent_prefix_path/autoware_planning_msgs
[0.442s] -- Up-to-date: /home/jmj/dream_ws/install/autoware_planning_msgs/share/autoware_planning_msgs/environment/ament_prefix_path.sh
[0.442s] -- Up-to-date: /home/jmj/dream_ws/install/autoware_planning_msgs/share/autoware_planning_msgs/environment/ament_prefix_path.dsv
[0.442s] -- Up-to-date: /home/jmj/dream_ws/install/autoware_planning_msgs/share/autoware_planning_msgs/environment/path.sh
[0.442s] -- Up-to-date: /home/jmj/dream_ws/install/autoware_planning_msgs/share/autoware_planning_msgs/environment/path.dsv
[0.442s] -- Up-to-date: /home/jmj/dream_ws/install/autoware_planning_msgs/share/autoware_planning_msgs/local_setup.bash
[0.442s] -- Up-to-date: /home/jmj/dream_ws/install/autoware_planning_msgs/share/autoware_planning_msgs/local_setup.sh
[0.442s] -- Up-to-date: /home/jmj/dream_ws/install/autoware_planning_msgs/share/autoware_planning_msgs/local_setup.zsh
[0.442s] -- Up-to-date: /home/jmj/dream_ws/install/autoware_planning_msgs/share/autoware_planning_msgs/local_setup.dsv
[0.442s] -- Installing: /home/jmj/dream_ws/install/autoware_planning_msgs/share/autoware_planning_msgs/package.dsv
[0.442s] -- Up-to-date: /home/jmj/dream_ws/install/autoware_planning_msgs/share/ament_index/resource_index/packages/autoware_planning_msgs
[0.442s] -- Up-to-date: /home/jmj/dream_ws/install/autoware_planning_msgs/share/autoware_planning_msgs/cmake/export_autoware_planning_msgs__rosidl_generator_cExport.cmake
[0.442s] -- Up-to-date: /home/jmj/dream_ws/install/autoware_planning_msgs/share/autoware_planning_msgs/cmake/export_autoware_planning_msgs__rosidl_generator_cExport-noconfig.cmake
[0.442s] -- Up-to-date: /home/jmj/dream_ws/install/autoware_planning_msgs/share/autoware_planning_msgs/cmake/export_autoware_planning_msgs__rosidl_typesupport_fastrtps_cExport.cmake
[0.442s] -- Up-to-date: /home/jmj/dream_ws/install/autoware_planning_msgs/share/autoware_planning_msgs/cmake/export_autoware_planning_msgs__rosidl_typesupport_fastrtps_cExport-noconfig.cmake
[0.442s] -- Up-to-date: /home/jmj/dream_ws/install/autoware_planning_msgs/share/autoware_planning_msgs/cmake/autoware_planning_msgs__rosidl_typesupport_introspection_cExport.cmake
[0.442s] -- Up-to-date: /home/jmj/dream_ws/install/autoware_planning_msgs/share/autoware_planning_msgs/cmake/autoware_planning_msgs__rosidl_typesupport_introspection_cExport-noconfig.cmake
[0.442s] -- Up-to-date: /home/jmj/dream_ws/install/autoware_planning_msgs/share/autoware_planning_msgs/cmake/autoware_planning_msgs__rosidl_typesupport_cExport.cmake
[0.442s] -- Up-to-date: /home/jmj/dream_ws/install/autoware_planning_msgs/share/autoware_planning_msgs/cmake/autoware_planning_msgs__rosidl_typesupport_cExport-noconfig.cmake
[0.442s] -- Up-to-date: /home/jmj/dream_ws/install/autoware_planning_msgs/share/autoware_planning_msgs/cmake/export_autoware_planning_msgs__rosidl_generator_cppExport.cmake
[0.442s] -- Up-to-date: /home/jmj/dream_ws/install/autoware_planning_msgs/share/autoware_planning_msgs/cmake/export_autoware_planning_msgs__rosidl_typesupport_fastrtps_cppExport.cmake
[0.442s] -- Up-to-date: /home/jmj/dream_ws/install/autoware_planning_msgs/share/autoware_planning_msgs/cmake/export_autoware_planning_msgs__rosidl_typesupport_fastrtps_cppExport-noconfig.cmake
[0.442s] -- Up-to-date: /home/jmj/dream_ws/install/autoware_planning_msgs/share/autoware_planning_msgs/cmake/autoware_planning_msgs__rosidl_typesupport_introspection_cppExport.cmake
[0.443s] -- Up-to-date: /home/jmj/dream_ws/install/autoware_planning_msgs/share/autoware_planning_msgs/cmake/autoware_planning_msgs__rosidl_typesupport_introspection_cppExport-noconfig.cmake
[0.443s] -- Up-to-date: /home/jmj/dream_ws/install/autoware_planning_msgs/share/autoware_planning_msgs/cmake/autoware_planning_msgs__rosidl_typesupport_cppExport.cmake
[0.443s] -- Up-to-date: /home/jmj/dream_ws/install/autoware_planning_msgs/share/autoware_planning_msgs/cmake/autoware_planning_msgs__rosidl_typesupport_cppExport-noconfig.cmake
[0.443s] -- Up-to-date: /home/jmj/dream_ws/install/autoware_planning_msgs/share/autoware_planning_msgs/cmake/export_autoware_planning_msgs__rosidl_generator_pyExport.cmake
[0.443s] -- Up-to-date: /home/jmj/dream_ws/install/autoware_planning_msgs/share/autoware_planning_msgs/cmake/export_autoware_planning_msgs__rosidl_generator_pyExport-noconfig.cmake
[0.443s] -- Up-to-date: /home/jmj/dream_ws/install/autoware_planning_msgs/share/autoware_planning_msgs/cmake/rosidl_cmake-extras.cmake
[0.443s] -- Up-to-date: /home/jmj/dream_ws/install/autoware_planning_msgs/share/autoware_planning_msgs/cmake/ament_cmake_export_dependencies-extras.cmake
[0.443s] -- Up-to-date: /home/jmj/dream_ws/install/autoware_planning_msgs/share/autoware_planning_msgs/cmake/ament_cmake_export_include_directories-extras.cmake
[0.443s] -- Up-to-date: /home/jmj/dream_ws/install/autoware_planning_msgs/share/autoware_planning_msgs/cmake/ament_cmake_export_libraries-extras.cmake
[0.443s] -- Up-to-date: /home/jmj/dream_ws/install/autoware_planning_msgs/share/autoware_planning_msgs/cmake/ament_cmake_export_targets-extras.cmake
[0.443s] -- Up-to-date: /home/jmj/dream_ws/install/autoware_planning_msgs/share/autoware_planning_msgs/cmake/rosidl_cmake_export_typesupport_targets-extras.cmake
[0.443s] -- Up-to-date: /home/jmj/dream_ws/install/autoware_planning_msgs/share/autoware_planning_msgs/cmake/rosidl_cmake_export_typesupport_libraries-extras.cmake
[0.443s] -- Up-to-date: /home/jmj/dream_ws/install/autoware_planning_msgs/share/autoware_planning_msgs/cmake/autoware_planning_msgsConfig.cmake
[0.443s] -- Up-to-date: /home/jmj/dream_ws/install/autoware_planning_msgs/share/autoware_planning_msgs/cmake/autoware_planning_msgsConfig-version.cmake
[0.443s] -- Up-to-date: /home/jmj/dream_ws/install/autoware_planning_msgs/share/autoware_planning_msgs/package.xml
[0.485s] Invoked command in '/home/jmj/dream_ws/build/autoware_planning_msgs' returned '0': CMAKE_PREFIX_PATH=${CMAKE_PREFIX_PATH}:/home/jmj/dream_ws/install/dream:/opt/ros/humble /usr/bin/cmake --install /home/jmj/dream_ws/build/autoware_planning_msgs
