[0.006s] Invoking command in '/home/jmj/dream_ws/build/autoware_vehicle_msgs': AMENT_PREFIX_PATH=/home/jmj/dream_ws/install/autoware_planning_msgs:${AMENT_PREFIX_PATH} CMAKE_PREFIX_PATH=/home/jmj/dream_ws/install/autoware_planning_msgs:/opt/ros/humble LD_LIBRARY_PATH=/home/jmj/dream_ws/install/autoware_planning_msgs/lib:${LD_LIBRARY_PATH} PYTHONPATH=/home/jmj/dream_ws/install/autoware_planning_msgs/local/lib/python3.10/dist-packages:${PYTHONPATH} /usr/bin/cmake --build /home/jmj/dream_ws/build/autoware_vehicle_msgs -- -j20 -l20
[0.040s] [35m[1mConsolidate compiler generated dependencies of target autoware_vehicle_msgs__rosidl_generator_c[0m
[0.043s] [  0%] Built target autoware_vehicle_msgs__cpp
[0.048s] [  0%] Built target ament_cmake_python_copy_autoware_vehicle_msgs
[0.050s] [ 12%] Built target autoware_vehicle_msgs__rosidl_generator_c
[0.050s] [35m[1mConsolidate compiler generated dependencies of target autoware_vehicle_msgs__rosidl_typesupport_introspection_cpp[0m
[0.050s] [35m[1mConsolidate compiler generated dependencies of target autoware_vehicle_msgs__rosidl_typesupport_fastrtps_cpp[0m
[0.051s] [35m[1mConsolidate compiler generated dependencies of target autoware_vehicle_msgs__rosidl_typesupport_cpp[0m
[0.056s] [35m[1mConsolidate compiler generated dependencies of target autoware_vehicle_msgs__rosidl_typesupport_c[0m
[0.057s] [35m[1mConsolidate compiler generated dependencies of target autoware_vehicle_msgs__rosidl_typesupport_fastrtps_c[0m
[0.059s] [35m[1mConsolidate compiler generated dependencies of target autoware_vehicle_msgs__rosidl_typesupport_introspection_c[0m
[0.059s] [ 24%] Built target autoware_vehicle_msgs__rosidl_typesupport_introspection_cpp
[0.060s] [ 35%] Built target autoware_vehicle_msgs__rosidl_typesupport_fastrtps_cpp
[0.063s] [ 47%] Built target autoware_vehicle_msgs__rosidl_typesupport_cpp
[0.063s] [ 59%] Built target autoware_vehicle_msgs__rosidl_typesupport_c
[0.067s] [ 71%] Built target autoware_vehicle_msgs__rosidl_typesupport_fastrtps_c
[0.070s] [ 83%] Built target autoware_vehicle_msgs__rosidl_typesupport_introspection_c
[0.083s] [ 83%] Built target autoware_vehicle_msgs
[0.097s] [ 84%] Built target autoware_vehicle_msgs__py
[0.104s] [35m[1mConsolidate compiler generated dependencies of target autoware_vehicle_msgs__rosidl_generator_py[0m
[0.116s] [ 95%] Built target autoware_vehicle_msgs__rosidl_generator_py
[0.121s] [35m[1mConsolidate compiler generated dependencies of target autoware_vehicle_msgs__rosidl_typesupport_c__pyext[0m
[0.123s] [35m[1mConsolidate compiler generated dependencies of target autoware_vehicle_msgs__rosidl_typesupport_introspection_c__pyext[0m
[0.123s] [35m[1mConsolidate compiler generated dependencies of target autoware_vehicle_msgs__rosidl_typesupport_fastrtps_c__pyext[0m
[0.128s] [ 96%] Built target autoware_vehicle_msgs__rosidl_typesupport_c__pyext
[0.131s] [ 98%] Built target autoware_vehicle_msgs__rosidl_typesupport_introspection_c__pyext
[0.131s] [100%] Built target autoware_vehicle_msgs__rosidl_typesupport_fastrtps_c__pyext
[0.196s] running egg_info
[0.196s] writing autoware_vehicle_msgs.egg-info/PKG-INFO
[0.196s] writing dependency_links to autoware_vehicle_msgs.egg-info/dependency_links.txt
[0.197s] writing top-level names to autoware_vehicle_msgs.egg-info/top_level.txt
[0.198s] reading manifest file 'autoware_vehicle_msgs.egg-info/SOURCES.txt'
[0.199s] writing manifest file 'autoware_vehicle_msgs.egg-info/SOURCES.txt'
[0.214s] [100%] Built target ament_cmake_python_build_autoware_vehicle_msgs_egg
[0.223s] Invoked command in '/home/jmj/dream_ws/build/autoware_vehicle_msgs' returned '0': AMENT_PREFIX_PATH=/home/jmj/dream_ws/install/autoware_planning_msgs:${AMENT_PREFIX_PATH} CMAKE_PREFIX_PATH=/home/jmj/dream_ws/install/autoware_planning_msgs:/opt/ros/humble LD_LIBRARY_PATH=/home/jmj/dream_ws/install/autoware_planning_msgs/lib:${LD_LIBRARY_PATH} PYTHONPATH=/home/jmj/dream_ws/install/autoware_planning_msgs/local/lib/python3.10/dist-packages:${PYTHONPATH} /usr/bin/cmake --build /home/jmj/dream_ws/build/autoware_vehicle_msgs -- -j20 -l20
[0.224s] Invoking command in '/home/jmj/dream_ws/build/autoware_vehicle_msgs': AMENT_PREFIX_PATH=/home/jmj/dream_ws/install/autoware_planning_msgs:${AMENT_PREFIX_PATH} CMAKE_PREFIX_PATH=/home/jmj/dream_ws/install/autoware_planning_msgs:/opt/ros/humble LD_LIBRARY_PATH=/home/jmj/dream_ws/install/autoware_planning_msgs/lib:${LD_LIBRARY_PATH} PYTHONPATH=/home/jmj/dream_ws/install/autoware_planning_msgs/local/lib/python3.10/dist-packages:${PYTHONPATH} /usr/bin/cmake --install /home/jmj/dream_ws/build/autoware_vehicle_msgs
[0.228s] -- Install configuration: ""
[0.229s] -- Up-to-date: /home/jmj/dream_ws/install/autoware_vehicle_msgs/share/ament_index/resource_index/rosidl_interfaces/autoware_vehicle_msgs
[0.229s] -- Up-to-date: /home/jmj/dream_ws/install/autoware_vehicle_msgs/include/autoware_vehicle_msgs/autoware_vehicle_msgs
[0.229s] -- Up-to-date: /home/jmj/dream_ws/install/autoware_vehicle_msgs/include/autoware_vehicle_msgs/autoware_vehicle_msgs/srv
[0.229s] -- Up-to-date: /home/jmj/dream_ws/install/autoware_vehicle_msgs/include/autoware_vehicle_msgs/autoware_vehicle_msgs/srv/detail
[0.229s] -- Up-to-date: /home/jmj/dream_ws/install/autoware_vehicle_msgs/include/autoware_vehicle_msgs/autoware_vehicle_msgs/srv/detail/control_mode_command__functions.h
[0.229s] -- Up-to-date: /home/jmj/dream_ws/install/autoware_vehicle_msgs/include/autoware_vehicle_msgs/autoware_vehicle_msgs/srv/detail/control_mode_command__functions.c
[0.229s] -- Up-to-date: /home/jmj/dream_ws/install/autoware_vehicle_msgs/include/autoware_vehicle_msgs/autoware_vehicle_msgs/srv/detail/control_mode_command__struct.h
[0.229s] -- Up-to-date: /home/jmj/dream_ws/install/autoware_vehicle_msgs/include/autoware_vehicle_msgs/autoware_vehicle_msgs/srv/detail/control_mode_command__type_support.h
[0.229s] -- Up-to-date: /home/jmj/dream_ws/install/autoware_vehicle_msgs/include/autoware_vehicle_msgs/autoware_vehicle_msgs/srv/control_mode_command.h
[0.229s] -- Up-to-date: /home/jmj/dream_ws/install/autoware_vehicle_msgs/include/autoware_vehicle_msgs/autoware_vehicle_msgs/msg
[0.229s] -- Up-to-date: /home/jmj/dream_ws/install/autoware_vehicle_msgs/include/autoware_vehicle_msgs/autoware_vehicle_msgs/msg/velocity_report.h
[0.229s] -- Up-to-date: /home/jmj/dream_ws/install/autoware_vehicle_msgs/include/autoware_vehicle_msgs/autoware_vehicle_msgs/msg/engage.h
[0.229s] -- Up-to-date: /home/jmj/dream_ws/install/autoware_vehicle_msgs/include/autoware_vehicle_msgs/autoware_vehicle_msgs/msg/gear_report.h
[0.229s] -- Up-to-date: /home/jmj/dream_ws/install/autoware_vehicle_msgs/include/autoware_vehicle_msgs/autoware_vehicle_msgs/msg/steering_report.h
[0.229s] -- Up-to-date: /home/jmj/dream_ws/install/autoware_vehicle_msgs/include/autoware_vehicle_msgs/autoware_vehicle_msgs/msg/rosidl_generator_c__visibility_control.h
[0.229s] -- Up-to-date: /home/jmj/dream_ws/install/autoware_vehicle_msgs/include/autoware_vehicle_msgs/autoware_vehicle_msgs/msg/detail
[0.229s] -- Up-to-date: /home/jmj/dream_ws/install/autoware_vehicle_msgs/include/autoware_vehicle_msgs/autoware_vehicle_msgs/msg/detail/velocity_report__functions.h
[0.229s] -- Up-to-date: /home/jmj/dream_ws/install/autoware_vehicle_msgs/include/autoware_vehicle_msgs/autoware_vehicle_msgs/msg/detail/turn_indicators_command__struct.h
[0.229s] -- Up-to-date: /home/jmj/dream_ws/install/autoware_vehicle_msgs/include/autoware_vehicle_msgs/autoware_vehicle_msgs/msg/detail/turn_indicators_report__struct.h
[0.229s] -- Up-to-date: /home/jmj/dream_ws/install/autoware_vehicle_msgs/include/autoware_vehicle_msgs/autoware_vehicle_msgs/msg/detail/engage__struct.h
[0.229s] -- Up-to-date: /home/jmj/dream_ws/install/autoware_vehicle_msgs/include/autoware_vehicle_msgs/autoware_vehicle_msgs/msg/detail/gear_report__functions.c
[0.229s] -- Up-to-date: /home/jmj/dream_ws/install/autoware_vehicle_msgs/include/autoware_vehicle_msgs/autoware_vehicle_msgs/msg/detail/hazard_lights_report__type_support.h
[0.229s] -- Up-to-date: /home/jmj/dream_ws/install/autoware_vehicle_msgs/include/autoware_vehicle_msgs/autoware_vehicle_msgs/msg/detail/turn_indicators_command__functions.c
[0.229s] -- Up-to-date: /home/jmj/dream_ws/install/autoware_vehicle_msgs/include/autoware_vehicle_msgs/autoware_vehicle_msgs/msg/detail/velocity_report__struct.h
[0.229s] -- Up-to-date: /home/jmj/dream_ws/install/autoware_vehicle_msgs/include/autoware_vehicle_msgs/autoware_vehicle_msgs/msg/detail/turn_indicators_report__functions.h
[0.229s] -- Up-to-date: /home/jmj/dream_ws/install/autoware_vehicle_msgs/include/autoware_vehicle_msgs/autoware_vehicle_msgs/msg/detail/control_mode_report__struct.h
[0.229s] -- Up-to-date: /home/jmj/dream_ws/install/autoware_vehicle_msgs/include/autoware_vehicle_msgs/autoware_vehicle_msgs/msg/detail/engage__functions.h
[0.229s] -- Up-to-date: /home/jmj/dream_ws/install/autoware_vehicle_msgs/include/autoware_vehicle_msgs/autoware_vehicle_msgs/msg/detail/velocity_report__functions.c
[0.229s] -- Up-to-date: /home/jmj/dream_ws/install/autoware_vehicle_msgs/include/autoware_vehicle_msgs/autoware_vehicle_msgs/msg/detail/turn_indicators_command__functions.h
[0.229s] -- Up-to-date: /home/jmj/dream_ws/install/autoware_vehicle_msgs/include/autoware_vehicle_msgs/autoware_vehicle_msgs/msg/detail/gear_command__functions.h
[0.229s] -- Up-to-date: /home/jmj/dream_ws/install/autoware_vehicle_msgs/include/autoware_vehicle_msgs/autoware_vehicle_msgs/msg/detail/gear_command__struct.h
[0.229s] -- Up-to-date: /home/jmj/dream_ws/install/autoware_vehicle_msgs/include/autoware_vehicle_msgs/autoware_vehicle_msgs/msg/detail/turn_indicators_report__functions.c
[0.229s] -- Up-to-date: /home/jmj/dream_ws/install/autoware_vehicle_msgs/include/autoware_vehicle_msgs/autoware_vehicle_msgs/msg/detail/engage__type_support.h
[0.229s] -- Up-to-date: /home/jmj/dream_ws/install/autoware_vehicle_msgs/include/autoware_vehicle_msgs/autoware_vehicle_msgs/msg/detail/steering_report__functions.c
[0.230s] -- Up-to-date: /home/jmj/dream_ws/install/autoware_vehicle_msgs/include/autoware_vehicle_msgs/autoware_vehicle_msgs/msg/detail/turn_indicators_command__type_support.h
[0.230s] -- Up-to-date: /home/jmj/dream_ws/install/autoware_vehicle_msgs/include/autoware_vehicle_msgs/autoware_vehicle_msgs/msg/detail/steering_report__type_support.h
[0.230s] -- Up-to-date: /home/jmj/dream_ws/install/autoware_vehicle_msgs/include/autoware_vehicle_msgs/autoware_vehicle_msgs/msg/detail/steering_report__functions.h
[0.230s] -- Up-to-date: /home/jmj/dream_ws/install/autoware_vehicle_msgs/include/autoware_vehicle_msgs/autoware_vehicle_msgs/msg/detail/gear_report__functions.h
[0.230s] -- Up-to-date: /home/jmj/dream_ws/install/autoware_vehicle_msgs/include/autoware_vehicle_msgs/autoware_vehicle_msgs/msg/detail/engage__functions.c
[0.230s] -- Up-to-date: /home/jmj/dream_ws/install/autoware_vehicle_msgs/include/autoware_vehicle_msgs/autoware_vehicle_msgs/msg/detail/gear_command__type_support.h
[0.230s] -- Up-to-date: /home/jmj/dream_ws/install/autoware_vehicle_msgs/include/autoware_vehicle_msgs/autoware_vehicle_msgs/msg/detail/hazard_lights_command__functions.c
[0.230s] -- Up-to-date: /home/jmj/dream_ws/install/autoware_vehicle_msgs/include/autoware_vehicle_msgs/autoware_vehicle_msgs/msg/detail/hazard_lights_command__functions.h
[0.230s] -- Up-to-date: /home/jmj/dream_ws/install/autoware_vehicle_msgs/include/autoware_vehicle_msgs/autoware_vehicle_msgs/msg/detail/gear_report__struct.h
[0.230s] -- Up-to-date: /home/jmj/dream_ws/install/autoware_vehicle_msgs/include/autoware_vehicle_msgs/autoware_vehicle_msgs/msg/detail/gear_report__type_support.h
[0.230s] -- Up-to-date: /home/jmj/dream_ws/install/autoware_vehicle_msgs/include/autoware_vehicle_msgs/autoware_vehicle_msgs/msg/detail/hazard_lights_report__functions.h
[0.230s] -- Up-to-date: /home/jmj/dream_ws/install/autoware_vehicle_msgs/include/autoware_vehicle_msgs/autoware_vehicle_msgs/msg/detail/velocity_report__type_support.h
[0.230s] -- Up-to-date: /home/jmj/dream_ws/install/autoware_vehicle_msgs/include/autoware_vehicle_msgs/autoware_vehicle_msgs/msg/detail/hazard_lights_report__struct.h
[0.230s] -- Up-to-date: /home/jmj/dream_ws/install/autoware_vehicle_msgs/include/autoware_vehicle_msgs/autoware_vehicle_msgs/msg/detail/hazard_lights_command__type_support.h
[0.230s] -- Up-to-date: /home/jmj/dream_ws/install/autoware_vehicle_msgs/include/autoware_vehicle_msgs/autoware_vehicle_msgs/msg/detail/control_mode_report__functions.c
[0.230s] -- Up-to-date: /home/jmj/dream_ws/install/autoware_vehicle_msgs/include/autoware_vehicle_msgs/autoware_vehicle_msgs/msg/detail/control_mode_report__functions.h
[0.230s] -- Up-to-date: /home/jmj/dream_ws/install/autoware_vehicle_msgs/include/autoware_vehicle_msgs/autoware_vehicle_msgs/msg/detail/gear_command__functions.c
[0.230s] -- Up-to-date: /home/jmj/dream_ws/install/autoware_vehicle_msgs/include/autoware_vehicle_msgs/autoware_vehicle_msgs/msg/detail/hazard_lights_report__functions.c
[0.230s] -- Up-to-date: /home/jmj/dream_ws/install/autoware_vehicle_msgs/include/autoware_vehicle_msgs/autoware_vehicle_msgs/msg/detail/steering_report__struct.h
[0.230s] -- Up-to-date: /home/jmj/dream_ws/install/autoware_vehicle_msgs/include/autoware_vehicle_msgs/autoware_vehicle_msgs/msg/detail/control_mode_report__type_support.h
[0.230s] -- Up-to-date: /home/jmj/dream_ws/install/autoware_vehicle_msgs/include/autoware_vehicle_msgs/autoware_vehicle_msgs/msg/detail/hazard_lights_command__struct.h
[0.230s] -- Up-to-date: /home/jmj/dream_ws/install/autoware_vehicle_msgs/include/autoware_vehicle_msgs/autoware_vehicle_msgs/msg/detail/turn_indicators_report__type_support.h
[0.230s] -- Up-to-date: /home/jmj/dream_ws/install/autoware_vehicle_msgs/include/autoware_vehicle_msgs/autoware_vehicle_msgs/msg/turn_indicators_report.h
[0.230s] -- Up-to-date: /home/jmj/dream_ws/install/autoware_vehicle_msgs/include/autoware_vehicle_msgs/autoware_vehicle_msgs/msg/hazard_lights_report.h
[0.230s] -- Up-to-date: /home/jmj/dream_ws/install/autoware_vehicle_msgs/include/autoware_vehicle_msgs/autoware_vehicle_msgs/msg/control_mode_report.h
[0.230s] -- Up-to-date: /home/jmj/dream_ws/install/autoware_vehicle_msgs/include/autoware_vehicle_msgs/autoware_vehicle_msgs/msg/hazard_lights_command.h
[0.230s] -- Up-to-date: /home/jmj/dream_ws/install/autoware_vehicle_msgs/include/autoware_vehicle_msgs/autoware_vehicle_msgs/msg/turn_indicators_command.h
[0.230s] -- Up-to-date: /home/jmj/dream_ws/install/autoware_vehicle_msgs/include/autoware_vehicle_msgs/autoware_vehicle_msgs/msg/gear_command.h
[0.230s] -- Up-to-date: /home/jmj/dream_ws/install/autoware_vehicle_msgs/share/autoware_vehicle_msgs/environment/library_path.sh
[0.230s] -- Up-to-date: /home/jmj/dream_ws/install/autoware_vehicle_msgs/share/autoware_vehicle_msgs/environment/library_path.dsv
[0.230s] -- Up-to-date: /home/jmj/dream_ws/install/autoware_vehicle_msgs/lib/libautoware_vehicle_msgs__rosidl_generator_c.so
[0.230s] -- Up-to-date: /home/jmj/dream_ws/install/autoware_vehicle_msgs/include/autoware_vehicle_msgs/autoware_vehicle_msgs
[0.231s] -- Up-to-date: /home/jmj/dream_ws/install/autoware_vehicle_msgs/include/autoware_vehicle_msgs/autoware_vehicle_msgs/srv
[0.231s] -- Up-to-date: /home/jmj/dream_ws/install/autoware_vehicle_msgs/include/autoware_vehicle_msgs/autoware_vehicle_msgs/srv/detail
[0.231s] -- Up-to-date: /home/jmj/dream_ws/install/autoware_vehicle_msgs/include/autoware_vehicle_msgs/autoware_vehicle_msgs/srv/detail/control_mode_command__rosidl_typesupport_fastrtps_c.h
[0.231s] -- Up-to-date: /home/jmj/dream_ws/install/autoware_vehicle_msgs/include/autoware_vehicle_msgs/autoware_vehicle_msgs/msg
[0.231s] -- Up-to-date: /home/jmj/dream_ws/install/autoware_vehicle_msgs/include/autoware_vehicle_msgs/autoware_vehicle_msgs/msg/detail
[0.231s] -- Up-to-date: /home/jmj/dream_ws/install/autoware_vehicle_msgs/include/autoware_vehicle_msgs/autoware_vehicle_msgs/msg/detail/velocity_report__rosidl_typesupport_fastrtps_c.h
[0.231s] -- Up-to-date: /home/jmj/dream_ws/install/autoware_vehicle_msgs/include/autoware_vehicle_msgs/autoware_vehicle_msgs/msg/detail/hazard_lights_report__rosidl_typesupport_fastrtps_c.h
[0.231s] -- Up-to-date: /home/jmj/dream_ws/install/autoware_vehicle_msgs/include/autoware_vehicle_msgs/autoware_vehicle_msgs/msg/detail/gear_report__rosidl_typesupport_fastrtps_c.h
[0.231s] -- Up-to-date: /home/jmj/dream_ws/install/autoware_vehicle_msgs/include/autoware_vehicle_msgs/autoware_vehicle_msgs/msg/detail/steering_report__rosidl_typesupport_fastrtps_c.h
[0.231s] -- Up-to-date: /home/jmj/dream_ws/install/autoware_vehicle_msgs/include/autoware_vehicle_msgs/autoware_vehicle_msgs/msg/detail/hazard_lights_command__rosidl_typesupport_fastrtps_c.h
[0.231s] -- Up-to-date: /home/jmj/dream_ws/install/autoware_vehicle_msgs/include/autoware_vehicle_msgs/autoware_vehicle_msgs/msg/detail/gear_command__rosidl_typesupport_fastrtps_c.h
[0.231s] -- Up-to-date: /home/jmj/dream_ws/install/autoware_vehicle_msgs/include/autoware_vehicle_msgs/autoware_vehicle_msgs/msg/detail/turn_indicators_command__rosidl_typesupport_fastrtps_c.h
[0.231s] -- Up-to-date: /home/jmj/dream_ws/install/autoware_vehicle_msgs/include/autoware_vehicle_msgs/autoware_vehicle_msgs/msg/detail/turn_indicators_report__rosidl_typesupport_fastrtps_c.h
[0.231s] -- Up-to-date: /home/jmj/dream_ws/install/autoware_vehicle_msgs/include/autoware_vehicle_msgs/autoware_vehicle_msgs/msg/detail/engage__rosidl_typesupport_fastrtps_c.h
[0.231s] -- Up-to-date: /home/jmj/dream_ws/install/autoware_vehicle_msgs/include/autoware_vehicle_msgs/autoware_vehicle_msgs/msg/detail/control_mode_report__rosidl_typesupport_fastrtps_c.h
[0.231s] -- Up-to-date: /home/jmj/dream_ws/install/autoware_vehicle_msgs/include/autoware_vehicle_msgs/autoware_vehicle_msgs/msg/rosidl_typesupport_fastrtps_c__visibility_control.h
[0.231s] -- Up-to-date: /home/jmj/dream_ws/install/autoware_vehicle_msgs/lib/libautoware_vehicle_msgs__rosidl_typesupport_fastrtps_c.so
[0.231s] -- Up-to-date: /home/jmj/dream_ws/install/autoware_vehicle_msgs/include/autoware_vehicle_msgs/autoware_vehicle_msgs
[0.231s] -- Up-to-date: /home/jmj/dream_ws/install/autoware_vehicle_msgs/include/autoware_vehicle_msgs/autoware_vehicle_msgs/srv
[0.231s] -- Up-to-date: /home/jmj/dream_ws/install/autoware_vehicle_msgs/include/autoware_vehicle_msgs/autoware_vehicle_msgs/srv/detail
[0.231s] -- Up-to-date: /home/jmj/dream_ws/install/autoware_vehicle_msgs/include/autoware_vehicle_msgs/autoware_vehicle_msgs/srv/detail/control_mode_command__traits.hpp
[0.231s] -- Up-to-date: /home/jmj/dream_ws/install/autoware_vehicle_msgs/include/autoware_vehicle_msgs/autoware_vehicle_msgs/srv/detail/control_mode_command__builder.hpp
[0.231s] -- Up-to-date: /home/jmj/dream_ws/install/autoware_vehicle_msgs/include/autoware_vehicle_msgs/autoware_vehicle_msgs/srv/detail/control_mode_command__struct.hpp
[0.231s] -- Up-to-date: /home/jmj/dream_ws/install/autoware_vehicle_msgs/include/autoware_vehicle_msgs/autoware_vehicle_msgs/srv/detail/control_mode_command__type_support.hpp
[0.231s] -- Up-to-date: /home/jmj/dream_ws/install/autoware_vehicle_msgs/include/autoware_vehicle_msgs/autoware_vehicle_msgs/srv/control_mode_command.hpp
[0.231s] -- Up-to-date: /home/jmj/dream_ws/install/autoware_vehicle_msgs/include/autoware_vehicle_msgs/autoware_vehicle_msgs/msg
[0.231s] -- Up-to-date: /home/jmj/dream_ws/install/autoware_vehicle_msgs/include/autoware_vehicle_msgs/autoware_vehicle_msgs/msg/gear_report.hpp
[0.231s] -- Up-to-date: /home/jmj/dream_ws/install/autoware_vehicle_msgs/include/autoware_vehicle_msgs/autoware_vehicle_msgs/msg/hazard_lights_report.hpp
[0.231s] -- Up-to-date: /home/jmj/dream_ws/install/autoware_vehicle_msgs/include/autoware_vehicle_msgs/autoware_vehicle_msgs/msg/detail
[0.231s] -- Up-to-date: /home/jmj/dream_ws/install/autoware_vehicle_msgs/include/autoware_vehicle_msgs/autoware_vehicle_msgs/msg/detail/turn_indicators_report__builder.hpp
[0.231s] -- Up-to-date: /home/jmj/dream_ws/install/autoware_vehicle_msgs/include/autoware_vehicle_msgs/autoware_vehicle_msgs/msg/detail/gear_report__type_support.hpp
[0.231s] -- Up-to-date: /home/jmj/dream_ws/install/autoware_vehicle_msgs/include/autoware_vehicle_msgs/autoware_vehicle_msgs/msg/detail/gear_command__builder.hpp
[0.231s] -- Up-to-date: /home/jmj/dream_ws/install/autoware_vehicle_msgs/include/autoware_vehicle_msgs/autoware_vehicle_msgs/msg/detail/control_mode_report__traits.hpp
[0.231s] -- Up-to-date: /home/jmj/dream_ws/install/autoware_vehicle_msgs/include/autoware_vehicle_msgs/autoware_vehicle_msgs/msg/detail/hazard_lights_report__type_support.hpp
[0.231s] -- Up-to-date: /home/jmj/dream_ws/install/autoware_vehicle_msgs/include/autoware_vehicle_msgs/autoware_vehicle_msgs/msg/detail/turn_indicators_command__struct.hpp
[0.231s] -- Up-to-date: /home/jmj/dream_ws/install/autoware_vehicle_msgs/include/autoware_vehicle_msgs/autoware_vehicle_msgs/msg/detail/hazard_lights_report__builder.hpp
[0.231s] -- Up-to-date: /home/jmj/dream_ws/install/autoware_vehicle_msgs/include/autoware_vehicle_msgs/autoware_vehicle_msgs/msg/detail/engage__builder.hpp
[0.231s] -- Up-to-date: /home/jmj/dream_ws/install/autoware_vehicle_msgs/include/autoware_vehicle_msgs/autoware_vehicle_msgs/msg/detail/gear_command__struct.hpp
[0.232s] -- Up-to-date: /home/jmj/dream_ws/install/autoware_vehicle_msgs/include/autoware_vehicle_msgs/autoware_vehicle_msgs/msg/detail/steering_report__struct.hpp
[0.232s] -- Up-to-date: /home/jmj/dream_ws/install/autoware_vehicle_msgs/include/autoware_vehicle_msgs/autoware_vehicle_msgs/msg/detail/engage__traits.hpp
[0.232s] -- Up-to-date: /home/jmj/dream_ws/install/autoware_vehicle_msgs/include/autoware_vehicle_msgs/autoware_vehicle_msgs/msg/detail/steering_report__traits.hpp
[0.232s] -- Up-to-date: /home/jmj/dream_ws/install/autoware_vehicle_msgs/include/autoware_vehicle_msgs/autoware_vehicle_msgs/msg/detail/hazard_lights_command__struct.hpp
[0.232s] -- Up-to-date: /home/jmj/dream_ws/install/autoware_vehicle_msgs/include/autoware_vehicle_msgs/autoware_vehicle_msgs/msg/detail/control_mode_report__struct.hpp
[0.232s] -- Up-to-date: /home/jmj/dream_ws/install/autoware_vehicle_msgs/include/autoware_vehicle_msgs/autoware_vehicle_msgs/msg/detail/turn_indicators_command__builder.hpp
[0.232s] -- Up-to-date: /home/jmj/dream_ws/install/autoware_vehicle_msgs/include/autoware_vehicle_msgs/autoware_vehicle_msgs/msg/detail/velocity_report__type_support.hpp
[0.232s] -- Up-to-date: /home/jmj/dream_ws/install/autoware_vehicle_msgs/include/autoware_vehicle_msgs/autoware_vehicle_msgs/msg/detail/gear_report__builder.hpp
[0.232s] -- Up-to-date: /home/jmj/dream_ws/install/autoware_vehicle_msgs/include/autoware_vehicle_msgs/autoware_vehicle_msgs/msg/detail/turn_indicators_command__type_support.hpp
[0.232s] -- Up-to-date: /home/jmj/dream_ws/install/autoware_vehicle_msgs/include/autoware_vehicle_msgs/autoware_vehicle_msgs/msg/detail/engage__type_support.hpp
[0.232s] -- Up-to-date: /home/jmj/dream_ws/install/autoware_vehicle_msgs/include/autoware_vehicle_msgs/autoware_vehicle_msgs/msg/detail/steering_report__type_support.hpp
[0.232s] -- Up-to-date: /home/jmj/dream_ws/install/autoware_vehicle_msgs/include/autoware_vehicle_msgs/autoware_vehicle_msgs/msg/detail/turn_indicators_report__traits.hpp
[0.232s] -- Up-to-date: /home/jmj/dream_ws/install/autoware_vehicle_msgs/include/autoware_vehicle_msgs/autoware_vehicle_msgs/msg/detail/velocity_report__builder.hpp
[0.232s] -- Up-to-date: /home/jmj/dream_ws/install/autoware_vehicle_msgs/include/autoware_vehicle_msgs/autoware_vehicle_msgs/msg/detail/hazard_lights_report__struct.hpp
[0.232s] -- Up-to-date: /home/jmj/dream_ws/install/autoware_vehicle_msgs/include/autoware_vehicle_msgs/autoware_vehicle_msgs/msg/detail/turn_indicators_report__struct.hpp
[0.232s] -- Up-to-date: /home/jmj/dream_ws/install/autoware_vehicle_msgs/include/autoware_vehicle_msgs/autoware_vehicle_msgs/msg/detail/control_mode_report__type_support.hpp
[0.232s] -- Up-to-date: /home/jmj/dream_ws/install/autoware_vehicle_msgs/include/autoware_vehicle_msgs/autoware_vehicle_msgs/msg/detail/turn_indicators_command__traits.hpp
[0.232s] -- Up-to-date: /home/jmj/dream_ws/install/autoware_vehicle_msgs/include/autoware_vehicle_msgs/autoware_vehicle_msgs/msg/detail/velocity_report__traits.hpp
[0.232s] -- Up-to-date: /home/jmj/dream_ws/install/autoware_vehicle_msgs/include/autoware_vehicle_msgs/autoware_vehicle_msgs/msg/detail/turn_indicators_report__type_support.hpp
[0.232s] -- Up-to-date: /home/jmj/dream_ws/install/autoware_vehicle_msgs/include/autoware_vehicle_msgs/autoware_vehicle_msgs/msg/detail/gear_report__traits.hpp
[0.232s] -- Up-to-date: /home/jmj/dream_ws/install/autoware_vehicle_msgs/include/autoware_vehicle_msgs/autoware_vehicle_msgs/msg/detail/gear_command__type_support.hpp
[0.232s] -- Up-to-date: /home/jmj/dream_ws/install/autoware_vehicle_msgs/include/autoware_vehicle_msgs/autoware_vehicle_msgs/msg/detail/gear_report__struct.hpp
[0.232s] -- Up-to-date: /home/jmj/dream_ws/install/autoware_vehicle_msgs/include/autoware_vehicle_msgs/autoware_vehicle_msgs/msg/detail/hazard_lights_command__builder.hpp
[0.232s] -- Up-to-date: /home/jmj/dream_ws/install/autoware_vehicle_msgs/include/autoware_vehicle_msgs/autoware_vehicle_msgs/msg/detail/control_mode_report__builder.hpp
[0.232s] -- Up-to-date: /home/jmj/dream_ws/install/autoware_vehicle_msgs/include/autoware_vehicle_msgs/autoware_vehicle_msgs/msg/detail/gear_command__traits.hpp
[0.232s] -- Up-to-date: /home/jmj/dream_ws/install/autoware_vehicle_msgs/include/autoware_vehicle_msgs/autoware_vehicle_msgs/msg/detail/steering_report__builder.hpp
[0.232s] -- Up-to-date: /home/jmj/dream_ws/install/autoware_vehicle_msgs/include/autoware_vehicle_msgs/autoware_vehicle_msgs/msg/detail/hazard_lights_command__type_support.hpp
[0.232s] -- Up-to-date: /home/jmj/dream_ws/install/autoware_vehicle_msgs/include/autoware_vehicle_msgs/autoware_vehicle_msgs/msg/detail/hazard_lights_report__traits.hpp
[0.233s] -- Up-to-date: /home/jmj/dream_ws/install/autoware_vehicle_msgs/include/autoware_vehicle_msgs/autoware_vehicle_msgs/msg/detail/velocity_report__struct.hpp
[0.233s] -- Up-to-date: /home/jmj/dream_ws/install/autoware_vehicle_msgs/include/autoware_vehicle_msgs/autoware_vehicle_msgs/msg/detail/engage__struct.hpp
[0.233s] -- Up-to-date: /home/jmj/dream_ws/install/autoware_vehicle_msgs/include/autoware_vehicle_msgs/autoware_vehicle_msgs/msg/detail/hazard_lights_command__traits.hpp
[0.233s] -- Up-to-date: /home/jmj/dream_ws/install/autoware_vehicle_msgs/include/autoware_vehicle_msgs/autoware_vehicle_msgs/msg/velocity_report.hpp
[0.233s] -- Up-to-date: /home/jmj/dream_ws/install/autoware_vehicle_msgs/include/autoware_vehicle_msgs/autoware_vehicle_msgs/msg/turn_indicators_report.hpp
[0.233s] -- Up-to-date: /home/jmj/dream_ws/install/autoware_vehicle_msgs/include/autoware_vehicle_msgs/autoware_vehicle_msgs/msg/hazard_lights_command.hpp
[0.233s] -- Up-to-date: /home/jmj/dream_ws/install/autoware_vehicle_msgs/include/autoware_vehicle_msgs/autoware_vehicle_msgs/msg/gear_command.hpp
[0.233s] -- Up-to-date: /home/jmj/dream_ws/install/autoware_vehicle_msgs/include/autoware_vehicle_msgs/autoware_vehicle_msgs/msg/engage.hpp
[0.233s] -- Up-to-date: /home/jmj/dream_ws/install/autoware_vehicle_msgs/include/autoware_vehicle_msgs/autoware_vehicle_msgs/msg/control_mode_report.hpp
[0.233s] -- Up-to-date: /home/jmj/dream_ws/install/autoware_vehicle_msgs/include/autoware_vehicle_msgs/autoware_vehicle_msgs/msg/steering_report.hpp
[0.233s] -- Up-to-date: /home/jmj/dream_ws/install/autoware_vehicle_msgs/include/autoware_vehicle_msgs/autoware_vehicle_msgs/msg/rosidl_generator_cpp__visibility_control.hpp
[0.233s] -- Up-to-date: /home/jmj/dream_ws/install/autoware_vehicle_msgs/include/autoware_vehicle_msgs/autoware_vehicle_msgs/msg/turn_indicators_command.hpp
[0.233s] -- Up-to-date: /home/jmj/dream_ws/install/autoware_vehicle_msgs/include/autoware_vehicle_msgs/autoware_vehicle_msgs
[0.233s] -- Up-to-date: /home/jmj/dream_ws/install/autoware_vehicle_msgs/include/autoware_vehicle_msgs/autoware_vehicle_msgs/srv
[0.233s] -- Up-to-date: /home/jmj/dream_ws/install/autoware_vehicle_msgs/include/autoware_vehicle_msgs/autoware_vehicle_msgs/srv/detail
[0.233s] -- Up-to-date: /home/jmj/dream_ws/install/autoware_vehicle_msgs/include/autoware_vehicle_msgs/autoware_vehicle_msgs/srv/detail/dds_fastrtps
[0.233s] -- Up-to-date: /home/jmj/dream_ws/install/autoware_vehicle_msgs/include/autoware_vehicle_msgs/autoware_vehicle_msgs/srv/detail/control_mode_command__rosidl_typesupport_fastrtps_cpp.hpp
[0.233s] -- Up-to-date: /home/jmj/dream_ws/install/autoware_vehicle_msgs/include/autoware_vehicle_msgs/autoware_vehicle_msgs/msg
[0.233s] -- Up-to-date: /home/jmj/dream_ws/install/autoware_vehicle_msgs/include/autoware_vehicle_msgs/autoware_vehicle_msgs/msg/detail
[0.233s] -- Up-to-date: /home/jmj/dream_ws/install/autoware_vehicle_msgs/include/autoware_vehicle_msgs/autoware_vehicle_msgs/msg/detail/dds_fastrtps
[0.233s] -- Up-to-date: /home/jmj/dream_ws/install/autoware_vehicle_msgs/include/autoware_vehicle_msgs/autoware_vehicle_msgs/msg/detail/engage__rosidl_typesupport_fastrtps_cpp.hpp
[0.233s] -- Up-to-date: /home/jmj/dream_ws/install/autoware_vehicle_msgs/include/autoware_vehicle_msgs/autoware_vehicle_msgs/msg/detail/control_mode_report__rosidl_typesupport_fastrtps_cpp.hpp
[0.233s] -- Up-to-date: /home/jmj/dream_ws/install/autoware_vehicle_msgs/include/autoware_vehicle_msgs/autoware_vehicle_msgs/msg/detail/velocity_report__rosidl_typesupport_fastrtps_cpp.hpp
[0.233s] -- Up-to-date: /home/jmj/dream_ws/install/autoware_vehicle_msgs/include/autoware_vehicle_msgs/autoware_vehicle_msgs/msg/detail/hazard_lights_report__rosidl_typesupport_fastrtps_cpp.hpp
[0.233s] -- Up-to-date: /home/jmj/dream_ws/install/autoware_vehicle_msgs/include/autoware_vehicle_msgs/autoware_vehicle_msgs/msg/detail/steering_report__rosidl_typesupport_fastrtps_cpp.hpp
[0.233s] -- Up-to-date: /home/jmj/dream_ws/install/autoware_vehicle_msgs/include/autoware_vehicle_msgs/autoware_vehicle_msgs/msg/detail/gear_command__rosidl_typesupport_fastrtps_cpp.hpp
[0.233s] -- Up-to-date: /home/jmj/dream_ws/install/autoware_vehicle_msgs/include/autoware_vehicle_msgs/autoware_vehicle_msgs/msg/detail/turn_indicators_command__rosidl_typesupport_fastrtps_cpp.hpp
[0.233s] -- Up-to-date: /home/jmj/dream_ws/install/autoware_vehicle_msgs/include/autoware_vehicle_msgs/autoware_vehicle_msgs/msg/detail/turn_indicators_report__rosidl_typesupport_fastrtps_cpp.hpp
[0.233s] -- Up-to-date: /home/jmj/dream_ws/install/autoware_vehicle_msgs/include/autoware_vehicle_msgs/autoware_vehicle_msgs/msg/detail/gear_report__rosidl_typesupport_fastrtps_cpp.hpp
[0.233s] -- Up-to-date: /home/jmj/dream_ws/install/autoware_vehicle_msgs/include/autoware_vehicle_msgs/autoware_vehicle_msgs/msg/detail/hazard_lights_command__rosidl_typesupport_fastrtps_cpp.hpp
[0.233s] -- Up-to-date: /home/jmj/dream_ws/install/autoware_vehicle_msgs/include/autoware_vehicle_msgs/autoware_vehicle_msgs/msg/rosidl_typesupport_fastrtps_cpp__visibility_control.h
[0.233s] -- Up-to-date: /home/jmj/dream_ws/install/autoware_vehicle_msgs/lib/libautoware_vehicle_msgs__rosidl_typesupport_fastrtps_cpp.so
[0.233s] -- Up-to-date: /home/jmj/dream_ws/install/autoware_vehicle_msgs/include/autoware_vehicle_msgs/autoware_vehicle_msgs
[0.233s] -- Up-to-date: /home/jmj/dream_ws/install/autoware_vehicle_msgs/include/autoware_vehicle_msgs/autoware_vehicle_msgs/srv
[0.233s] -- Up-to-date: /home/jmj/dream_ws/install/autoware_vehicle_msgs/include/autoware_vehicle_msgs/autoware_vehicle_msgs/srv/detail
[0.233s] -- Up-to-date: /home/jmj/dream_ws/install/autoware_vehicle_msgs/include/autoware_vehicle_msgs/autoware_vehicle_msgs/srv/detail/control_mode_command__rosidl_typesupport_introspection_c.h
[0.233s] -- Up-to-date: /home/jmj/dream_ws/install/autoware_vehicle_msgs/include/autoware_vehicle_msgs/autoware_vehicle_msgs/srv/detail/control_mode_command__type_support.c
[0.233s] -- Up-to-date: /home/jmj/dream_ws/install/autoware_vehicle_msgs/include/autoware_vehicle_msgs/autoware_vehicle_msgs/msg
[0.233s] -- Up-to-date: /home/jmj/dream_ws/install/autoware_vehicle_msgs/include/autoware_vehicle_msgs/autoware_vehicle_msgs/msg/detail
[0.233s] -- Up-to-date: /home/jmj/dream_ws/install/autoware_vehicle_msgs/include/autoware_vehicle_msgs/autoware_vehicle_msgs/msg/detail/control_mode_report__rosidl_typesupport_introspection_c.h
[0.233s] -- Up-to-date: /home/jmj/dream_ws/install/autoware_vehicle_msgs/include/autoware_vehicle_msgs/autoware_vehicle_msgs/msg/detail/engage__type_support.c
[0.233s] -- Up-to-date: /home/jmj/dream_ws/install/autoware_vehicle_msgs/include/autoware_vehicle_msgs/autoware_vehicle_msgs/msg/detail/turn_indicators_report__rosidl_typesupport_introspection_c.h
[0.233s] -- Up-to-date: /home/jmj/dream_ws/install/autoware_vehicle_msgs/include/autoware_vehicle_msgs/autoware_vehicle_msgs/msg/detail/velocity_report__rosidl_typesupport_introspection_c.h
[0.233s] -- Up-to-date: /home/jmj/dream_ws/install/autoware_vehicle_msgs/include/autoware_vehicle_msgs/autoware_vehicle_msgs/msg/detail/control_mode_report__type_support.c
[0.233s] -- Up-to-date: /home/jmj/dream_ws/install/autoware_vehicle_msgs/include/autoware_vehicle_msgs/autoware_vehicle_msgs/msg/detail/gear_command__type_support.c
[0.233s] -- Up-to-date: /home/jmj/dream_ws/install/autoware_vehicle_msgs/include/autoware_vehicle_msgs/autoware_vehicle_msgs/msg/detail/hazard_lights_report__type_support.c
[0.233s] -- Up-to-date: /home/jmj/dream_ws/install/autoware_vehicle_msgs/include/autoware_vehicle_msgs/autoware_vehicle_msgs/msg/detail/turn_indicators_report__type_support.c
[0.233s] -- Up-to-date: /home/jmj/dream_ws/install/autoware_vehicle_msgs/include/autoware_vehicle_msgs/autoware_vehicle_msgs/msg/detail/turn_indicators_command__rosidl_typesupport_introspection_c.h
[0.233s] -- Up-to-date: /home/jmj/dream_ws/install/autoware_vehicle_msgs/include/autoware_vehicle_msgs/autoware_vehicle_msgs/msg/detail/turn_indicators_command__type_support.c
[0.234s] -- Up-to-date: /home/jmj/dream_ws/install/autoware_vehicle_msgs/include/autoware_vehicle_msgs/autoware_vehicle_msgs/msg/detail/velocity_report__type_support.c
[0.234s] -- Up-to-date: /home/jmj/dream_ws/install/autoware_vehicle_msgs/include/autoware_vehicle_msgs/autoware_vehicle_msgs/msg/detail/steering_report__rosidl_typesupport_introspection_c.h
[0.234s] -- Up-to-date: /home/jmj/dream_ws/install/autoware_vehicle_msgs/include/autoware_vehicle_msgs/autoware_vehicle_msgs/msg/detail/hazard_lights_command__type_support.c
[0.234s] -- Up-to-date: /home/jmj/dream_ws/install/autoware_vehicle_msgs/include/autoware_vehicle_msgs/autoware_vehicle_msgs/msg/detail/engage__rosidl_typesupport_introspection_c.h
[0.234s] -- Up-to-date: /home/jmj/dream_ws/install/autoware_vehicle_msgs/include/autoware_vehicle_msgs/autoware_vehicle_msgs/msg/detail/gear_command__rosidl_typesupport_introspection_c.h
[0.234s] -- Up-to-date: /home/jmj/dream_ws/install/autoware_vehicle_msgs/include/autoware_vehicle_msgs/autoware_vehicle_msgs/msg/detail/steering_report__type_support.c
[0.234s] -- Up-to-date: /home/jmj/dream_ws/install/autoware_vehicle_msgs/include/autoware_vehicle_msgs/autoware_vehicle_msgs/msg/detail/hazard_lights_report__rosidl_typesupport_introspection_c.h
[0.234s] -- Up-to-date: /home/jmj/dream_ws/install/autoware_vehicle_msgs/include/autoware_vehicle_msgs/autoware_vehicle_msgs/msg/detail/gear_report__type_support.c
[0.234s] -- Up-to-date: /home/jmj/dream_ws/install/autoware_vehicle_msgs/include/autoware_vehicle_msgs/autoware_vehicle_msgs/msg/detail/gear_report__rosidl_typesupport_introspection_c.h
[0.234s] -- Up-to-date: /home/jmj/dream_ws/install/autoware_vehicle_msgs/include/autoware_vehicle_msgs/autoware_vehicle_msgs/msg/detail/hazard_lights_command__rosidl_typesupport_introspection_c.h
[0.234s] -- Up-to-date: /home/jmj/dream_ws/install/autoware_vehicle_msgs/include/autoware_vehicle_msgs/autoware_vehicle_msgs/msg/rosidl_typesupport_introspection_c__visibility_control.h
[0.234s] -- Up-to-date: /home/jmj/dream_ws/install/autoware_vehicle_msgs/lib/libautoware_vehicle_msgs__rosidl_typesupport_introspection_c.so
[0.234s] -- Up-to-date: /home/jmj/dream_ws/install/autoware_vehicle_msgs/lib/libautoware_vehicle_msgs__rosidl_typesupport_c.so
[0.234s] -- Up-to-date: /home/jmj/dream_ws/install/autoware_vehicle_msgs/include/autoware_vehicle_msgs/autoware_vehicle_msgs
[0.234s] -- Up-to-date: /home/jmj/dream_ws/install/autoware_vehicle_msgs/include/autoware_vehicle_msgs/autoware_vehicle_msgs/srv
[0.234s] -- Up-to-date: /home/jmj/dream_ws/install/autoware_vehicle_msgs/include/autoware_vehicle_msgs/autoware_vehicle_msgs/srv/detail
[0.234s] -- Up-to-date: /home/jmj/dream_ws/install/autoware_vehicle_msgs/include/autoware_vehicle_msgs/autoware_vehicle_msgs/srv/detail/control_mode_command__type_support.cpp
[0.234s] -- Up-to-date: /home/jmj/dream_ws/install/autoware_vehicle_msgs/include/autoware_vehicle_msgs/autoware_vehicle_msgs/srv/detail/control_mode_command__rosidl_typesupport_introspection_cpp.hpp
[0.234s] -- Up-to-date: /home/jmj/dream_ws/install/autoware_vehicle_msgs/include/autoware_vehicle_msgs/autoware_vehicle_msgs/msg
[0.234s] -- Up-to-date: /home/jmj/dream_ws/install/autoware_vehicle_msgs/include/autoware_vehicle_msgs/autoware_vehicle_msgs/msg/detail
[0.234s] -- Up-to-date: /home/jmj/dream_ws/install/autoware_vehicle_msgs/include/autoware_vehicle_msgs/autoware_vehicle_msgs/msg/detail/steering_report__type_support.cpp
[0.234s] -- Up-to-date: /home/jmj/dream_ws/install/autoware_vehicle_msgs/include/autoware_vehicle_msgs/autoware_vehicle_msgs/msg/detail/gear_command__type_support.cpp
[0.234s] -- Up-to-date: /home/jmj/dream_ws/install/autoware_vehicle_msgs/include/autoware_vehicle_msgs/autoware_vehicle_msgs/msg/detail/control_mode_report__rosidl_typesupport_introspection_cpp.hpp
[0.234s] -- Up-to-date: /home/jmj/dream_ws/install/autoware_vehicle_msgs/include/autoware_vehicle_msgs/autoware_vehicle_msgs/msg/detail/hazard_lights_report__type_support.cpp
[0.234s] -- Up-to-date: /home/jmj/dream_ws/install/autoware_vehicle_msgs/include/autoware_vehicle_msgs/autoware_vehicle_msgs/msg/detail/hazard_lights_report__rosidl_typesupport_introspection_cpp.hpp
[0.234s] -- Up-to-date: /home/jmj/dream_ws/install/autoware_vehicle_msgs/include/autoware_vehicle_msgs/autoware_vehicle_msgs/msg/detail/turn_indicators_report__rosidl_typesupport_introspection_cpp.hpp
[0.234s] -- Up-to-date: /home/jmj/dream_ws/install/autoware_vehicle_msgs/include/autoware_vehicle_msgs/autoware_vehicle_msgs/msg/detail/hazard_lights_command__rosidl_typesupport_introspection_cpp.hpp
[0.234s] -- Up-to-date: /home/jmj/dream_ws/install/autoware_vehicle_msgs/include/autoware_vehicle_msgs/autoware_vehicle_msgs/msg/detail/velocity_report__type_support.cpp
[0.234s] -- Up-to-date: /home/jmj/dream_ws/install/autoware_vehicle_msgs/include/autoware_vehicle_msgs/autoware_vehicle_msgs/msg/detail/turn_indicators_command__type_support.cpp
[0.234s] -- Up-to-date: /home/jmj/dream_ws/install/autoware_vehicle_msgs/include/autoware_vehicle_msgs/autoware_vehicle_msgs/msg/detail/engage__type_support.cpp
[0.234s] -- Up-to-date: /home/jmj/dream_ws/install/autoware_vehicle_msgs/include/autoware_vehicle_msgs/autoware_vehicle_msgs/msg/detail/steering_report__rosidl_typesupport_introspection_cpp.hpp
[0.234s] -- Up-to-date: /home/jmj/dream_ws/install/autoware_vehicle_msgs/include/autoware_vehicle_msgs/autoware_vehicle_msgs/msg/detail/engage__rosidl_typesupport_introspection_cpp.hpp
[0.234s] -- Up-to-date: /home/jmj/dream_ws/install/autoware_vehicle_msgs/include/autoware_vehicle_msgs/autoware_vehicle_msgs/msg/detail/gear_command__rosidl_typesupport_introspection_cpp.hpp
[0.234s] -- Up-to-date: /home/jmj/dream_ws/install/autoware_vehicle_msgs/include/autoware_vehicle_msgs/autoware_vehicle_msgs/msg/detail/control_mode_report__type_support.cpp
[0.234s] -- Up-to-date: /home/jmj/dream_ws/install/autoware_vehicle_msgs/include/autoware_vehicle_msgs/autoware_vehicle_msgs/msg/detail/turn_indicators_report__type_support.cpp
[0.234s] -- Up-to-date: /home/jmj/dream_ws/install/autoware_vehicle_msgs/include/autoware_vehicle_msgs/autoware_vehicle_msgs/msg/detail/gear_report__type_support.cpp
[0.234s] -- Up-to-date: /home/jmj/dream_ws/install/autoware_vehicle_msgs/include/autoware_vehicle_msgs/autoware_vehicle_msgs/msg/detail/gear_report__rosidl_typesupport_introspection_cpp.hpp
[0.234s] -- Up-to-date: /home/jmj/dream_ws/install/autoware_vehicle_msgs/include/autoware_vehicle_msgs/autoware_vehicle_msgs/msg/detail/turn_indicators_command__rosidl_typesupport_introspection_cpp.hpp
[0.234s] -- Up-to-date: /home/jmj/dream_ws/install/autoware_vehicle_msgs/include/autoware_vehicle_msgs/autoware_vehicle_msgs/msg/detail/velocity_report__rosidl_typesupport_introspection_cpp.hpp
[0.234s] -- Up-to-date: /home/jmj/dream_ws/install/autoware_vehicle_msgs/include/autoware_vehicle_msgs/autoware_vehicle_msgs/msg/detail/hazard_lights_command__type_support.cpp
[0.234s] -- Up-to-date: /home/jmj/dream_ws/install/autoware_vehicle_msgs/lib/libautoware_vehicle_msgs__rosidl_typesupport_introspection_cpp.so
[0.234s] -- Up-to-date: /home/jmj/dream_ws/install/autoware_vehicle_msgs/lib/libautoware_vehicle_msgs__rosidl_typesupport_cpp.so
[0.234s] -- Up-to-date: /home/jmj/dream_ws/install/autoware_vehicle_msgs/share/autoware_vehicle_msgs/environment/pythonpath.sh
[0.234s] -- Up-to-date: /home/jmj/dream_ws/install/autoware_vehicle_msgs/share/autoware_vehicle_msgs/environment/pythonpath.dsv
[0.234s] -- Up-to-date: /home/jmj/dream_ws/install/autoware_vehicle_msgs/local/lib/python3.10/dist-packages/autoware_vehicle_msgs-1.8.0-py3.10.egg-info
[0.234s] -- Installing: /home/jmj/dream_ws/install/autoware_vehicle_msgs/local/lib/python3.10/dist-packages/autoware_vehicle_msgs-1.8.0-py3.10.egg-info/dependency_links.txt
[0.234s] -- Installing: /home/jmj/dream_ws/install/autoware_vehicle_msgs/local/lib/python3.10/dist-packages/autoware_vehicle_msgs-1.8.0-py3.10.egg-info/top_level.txt
[0.234s] -- Installing: /home/jmj/dream_ws/install/autoware_vehicle_msgs/local/lib/python3.10/dist-packages/autoware_vehicle_msgs-1.8.0-py3.10.egg-info/PKG-INFO
[0.234s] -- Installing: /home/jmj/dream_ws/install/autoware_vehicle_msgs/local/lib/python3.10/dist-packages/autoware_vehicle_msgs-1.8.0-py3.10.egg-info/SOURCES.txt
[0.235s] -- Up-to-date: /home/jmj/dream_ws/install/autoware_vehicle_msgs/local/lib/python3.10/dist-packages/autoware_vehicle_msgs
[0.235s] -- Up-to-date: /home/jmj/dream_ws/install/autoware_vehicle_msgs/local/lib/python3.10/dist-packages/autoware_vehicle_msgs/_autoware_vehicle_msgs_s.ep.rosidl_typesupport_c.c
[0.235s] -- Up-to-date: /home/jmj/dream_ws/install/autoware_vehicle_msgs/local/lib/python3.10/dist-packages/autoware_vehicle_msgs/__init__.py
[0.235s] -- Up-to-date: /home/jmj/dream_ws/install/autoware_vehicle_msgs/local/lib/python3.10/dist-packages/autoware_vehicle_msgs/srv
[0.235s] -- Up-to-date: /home/jmj/dream_ws/install/autoware_vehicle_msgs/local/lib/python3.10/dist-packages/autoware_vehicle_msgs/srv/__init__.py
[0.235s] -- Up-to-date: /home/jmj/dream_ws/install/autoware_vehicle_msgs/local/lib/python3.10/dist-packages/autoware_vehicle_msgs/srv/_control_mode_command_s.c
[0.235s] -- Up-to-date: /home/jmj/dream_ws/install/autoware_vehicle_msgs/local/lib/python3.10/dist-packages/autoware_vehicle_msgs/srv/_control_mode_command.py
[0.235s] -- Up-to-date: /home/jmj/dream_ws/install/autoware_vehicle_msgs/local/lib/python3.10/dist-packages/autoware_vehicle_msgs/_autoware_vehicle_msgs_s.ep.rosidl_typesupport_introspection_c.c
[0.235s] -- Up-to-date: /home/jmj/dream_ws/install/autoware_vehicle_msgs/local/lib/python3.10/dist-packages/autoware_vehicle_msgs/autoware_vehicle_msgs_s__rosidl_typesupport_c.cpython-310-x86_64-linux-gnu.so
[0.235s] -- Up-to-date: /home/jmj/dream_ws/install/autoware_vehicle_msgs/local/lib/python3.10/dist-packages/autoware_vehicle_msgs/libautoware_vehicle_msgs__rosidl_generator_py.so
[0.235s] -- Up-to-date: /home/jmj/dream_ws/install/autoware_vehicle_msgs/local/lib/python3.10/dist-packages/autoware_vehicle_msgs/autoware_vehicle_msgs_s__rosidl_typesupport_fastrtps_c.cpython-310-x86_64-linux-gnu.so
[0.235s] -- Up-to-date: /home/jmj/dream_ws/install/autoware_vehicle_msgs/local/lib/python3.10/dist-packages/autoware_vehicle_msgs/autoware_vehicle_msgs_s__rosidl_typesupport_introspection_c.cpython-310-x86_64-linux-gnu.so
[0.235s] -- Up-to-date: /home/jmj/dream_ws/install/autoware_vehicle_msgs/local/lib/python3.10/dist-packages/autoware_vehicle_msgs/msg
[0.235s] -- Up-to-date: /home/jmj/dream_ws/install/autoware_vehicle_msgs/local/lib/python3.10/dist-packages/autoware_vehicle_msgs/msg/_turn_indicators_report.py
[0.235s] -- Up-to-date: /home/jmj/dream_ws/install/autoware_vehicle_msgs/local/lib/python3.10/dist-packages/autoware_vehicle_msgs/msg/_gear_command_s.c
[0.235s] -- Up-to-date: /home/jmj/dream_ws/install/autoware_vehicle_msgs/local/lib/python3.10/dist-packages/autoware_vehicle_msgs/msg/_turn_indicators_report_s.c
[0.235s] -- Up-to-date: /home/jmj/dream_ws/install/autoware_vehicle_msgs/local/lib/python3.10/dist-packages/autoware_vehicle_msgs/msg/__init__.py
[0.235s] -- Up-to-date: /home/jmj/dream_ws/install/autoware_vehicle_msgs/local/lib/python3.10/dist-packages/autoware_vehicle_msgs/msg/_engage_s.c
[0.235s] -- Up-to-date: /home/jmj/dream_ws/install/autoware_vehicle_msgs/local/lib/python3.10/dist-packages/autoware_vehicle_msgs/msg/_turn_indicators_command_s.c
[0.235s] -- Up-to-date: /home/jmj/dream_ws/install/autoware_vehicle_msgs/local/lib/python3.10/dist-packages/autoware_vehicle_msgs/msg/_hazard_lights_report.py
[0.235s] -- Up-to-date: /home/jmj/dream_ws/install/autoware_vehicle_msgs/local/lib/python3.10/dist-packages/autoware_vehicle_msgs/msg/_steering_report.py
[0.235s] -- Up-to-date: /home/jmj/dream_ws/install/autoware_vehicle_msgs/local/lib/python3.10/dist-packages/autoware_vehicle_msgs/msg/_gear_command.py
[0.235s] -- Up-to-date: /home/jmj/dream_ws/install/autoware_vehicle_msgs/local/lib/python3.10/dist-packages/autoware_vehicle_msgs/msg/_engage.py
[0.235s] -- Up-to-date: /home/jmj/dream_ws/install/autoware_vehicle_msgs/local/lib/python3.10/dist-packages/autoware_vehicle_msgs/msg/_velocity_report.py
[0.235s] -- Up-to-date: /home/jmj/dream_ws/install/autoware_vehicle_msgs/local/lib/python3.10/dist-packages/autoware_vehicle_msgs/msg/_turn_indicators_command.py
[0.235s] -- Up-to-date: /home/jmj/dream_ws/install/autoware_vehicle_msgs/local/lib/python3.10/dist-packages/autoware_vehicle_msgs/msg/_hazard_lights_report_s.c
[0.235s] -- Up-to-date: /home/jmj/dream_ws/install/autoware_vehicle_msgs/local/lib/python3.10/dist-packages/autoware_vehicle_msgs/msg/_gear_report_s.c
[0.235s] -- Up-to-date: /home/jmj/dream_ws/install/autoware_vehicle_msgs/local/lib/python3.10/dist-packages/autoware_vehicle_msgs/msg/_control_mode_report.py
[0.235s] -- Up-to-date: /home/jmj/dream_ws/install/autoware_vehicle_msgs/local/lib/python3.10/dist-packages/autoware_vehicle_msgs/msg/_gear_report.py
[0.235s] -- Up-to-date: /home/jmj/dream_ws/install/autoware_vehicle_msgs/local/lib/python3.10/dist-packages/autoware_vehicle_msgs/msg/_hazard_lights_command_s.c
[0.235s] -- Up-to-date: /home/jmj/dream_ws/install/autoware_vehicle_msgs/local/lib/python3.10/dist-packages/autoware_vehicle_msgs/msg/_control_mode_report_s.c
[0.235s] -- Up-to-date: /home/jmj/dream_ws/install/autoware_vehicle_msgs/local/lib/python3.10/dist-packages/autoware_vehicle_msgs/msg/_steering_report_s.c
[0.235s] -- Up-to-date: /home/jmj/dream_ws/install/autoware_vehicle_msgs/local/lib/python3.10/dist-packages/autoware_vehicle_msgs/msg/_velocity_report_s.c
[0.235s] -- Up-to-date: /home/jmj/dream_ws/install/autoware_vehicle_msgs/local/lib/python3.10/dist-packages/autoware_vehicle_msgs/msg/_hazard_lights_command.py
[0.235s] -- Up-to-date: /home/jmj/dream_ws/install/autoware_vehicle_msgs/local/lib/python3.10/dist-packages/autoware_vehicle_msgs/_autoware_vehicle_msgs_s.ep.rosidl_typesupport_fastrtps_c.c
[0.254s] Listing '/home/jmj/dream_ws/install/autoware_vehicle_msgs/local/lib/python3.10/dist-packages/autoware_vehicle_msgs'...
[0.254s] Listing '/home/jmj/dream_ws/install/autoware_vehicle_msgs/local/lib/python3.10/dist-packages/autoware_vehicle_msgs/msg'...
[0.254s] Listing '/home/jmj/dream_ws/install/autoware_vehicle_msgs/local/lib/python3.10/dist-packages/autoware_vehicle_msgs/srv'...
[0.256s] -- Up-to-date: /home/jmj/dream_ws/install/autoware_vehicle_msgs/local/lib/python3.10/dist-packages/autoware_vehicle_msgs/autoware_vehicle_msgs_s__rosidl_typesupport_fastrtps_c.cpython-310-x86_64-linux-gnu.so
[0.257s] -- Up-to-date: /home/jmj/dream_ws/install/autoware_vehicle_msgs/local/lib/python3.10/dist-packages/autoware_vehicle_msgs/autoware_vehicle_msgs_s__rosidl_typesupport_introspection_c.cpython-310-x86_64-linux-gnu.so
[0.257s] -- Up-to-date: /home/jmj/dream_ws/install/autoware_vehicle_msgs/local/lib/python3.10/dist-packages/autoware_vehicle_msgs/autoware_vehicle_msgs_s__rosidl_typesupport_c.cpython-310-x86_64-linux-gnu.so
[0.257s] -- Up-to-date: /home/jmj/dream_ws/install/autoware_vehicle_msgs/lib/libautoware_vehicle_msgs__rosidl_generator_py.so
[0.257s] -- Up-to-date: /home/jmj/dream_ws/install/autoware_vehicle_msgs/share/autoware_vehicle_msgs/msg/ControlModeReport.idl
[0.257s] -- Up-to-date: /home/jmj/dream_ws/install/autoware_vehicle_msgs/share/autoware_vehicle_msgs/msg/Engage.idl
[0.257s] -- Up-to-date: /home/jmj/dream_ws/install/autoware_vehicle_msgs/share/autoware_vehicle_msgs/msg/GearCommand.idl
[0.257s] -- Up-to-date: /home/jmj/dream_ws/install/autoware_vehicle_msgs/share/autoware_vehicle_msgs/msg/GearReport.idl
[0.257s] -- Up-to-date: /home/jmj/dream_ws/install/autoware_vehicle_msgs/share/autoware_vehicle_msgs/msg/HazardLightsCommand.idl
[0.257s] -- Up-to-date: /home/jmj/dream_ws/install/autoware_vehicle_msgs/share/autoware_vehicle_msgs/msg/HazardLightsReport.idl
[0.257s] -- Up-to-date: /home/jmj/dream_ws/install/autoware_vehicle_msgs/share/autoware_vehicle_msgs/msg/SteeringReport.idl
[0.257s] -- Up-to-date: /home/jmj/dream_ws/install/autoware_vehicle_msgs/share/autoware_vehicle_msgs/msg/TurnIndicatorsCommand.idl
[0.257s] -- Up-to-date: /home/jmj/dream_ws/install/autoware_vehicle_msgs/share/autoware_vehicle_msgs/msg/TurnIndicatorsReport.idl
[0.257s] -- Up-to-date: /home/jmj/dream_ws/install/autoware_vehicle_msgs/share/autoware_vehicle_msgs/msg/VelocityReport.idl
[0.257s] -- Up-to-date: /home/jmj/dream_ws/install/autoware_vehicle_msgs/share/autoware_vehicle_msgs/srv/ControlModeCommand.idl
[0.257s] -- Up-to-date: /home/jmj/dream_ws/install/autoware_vehicle_msgs/share/autoware_vehicle_msgs/msg/ControlModeReport.msg
[0.257s] -- Up-to-date: /home/jmj/dream_ws/install/autoware_vehicle_msgs/share/autoware_vehicle_msgs/msg/Engage.msg
[0.257s] -- Up-to-date: /home/jmj/dream_ws/install/autoware_vehicle_msgs/share/autoware_vehicle_msgs/msg/GearCommand.msg
[0.257s] -- Up-to-date: /home/jmj/dream_ws/install/autoware_vehicle_msgs/share/autoware_vehicle_msgs/msg/GearReport.msg
[0.257s] -- Up-to-date: /home/jmj/dream_ws/install/autoware_vehicle_msgs/share/autoware_vehicle_msgs/msg/HazardLightsCommand.msg
[0.257s] -- Up-to-date: /home/jmj/dream_ws/install/autoware_vehicle_msgs/share/autoware_vehicle_msgs/msg/HazardLightsReport.msg
[0.257s] -- Up-to-date: /home/jmj/dream_ws/install/autoware_vehicle_msgs/share/autoware_vehicle_msgs/msg/SteeringReport.msg
[0.257s] -- Up-to-date: /home/jmj/dream_ws/install/autoware_vehicle_msgs/share/autoware_vehicle_msgs/msg/TurnIndicatorsCommand.msg
[0.258s] -- Up-to-date: /home/jmj/dream_ws/install/autoware_vehicle_msgs/share/autoware_vehicle_msgs/msg/TurnIndicatorsReport.msg
[0.258s] -- Up-to-date: /home/jmj/dream_ws/install/autoware_vehicle_msgs/share/autoware_vehicle_msgs/msg/VelocityReport.msg
[0.258s] -- Up-to-date: /home/jmj/dream_ws/install/autoware_vehicle_msgs/share/autoware_vehicle_msgs/srv/ControlModeCommand.srv
[0.258s] -- Up-to-date: /home/jmj/dream_ws/install/autoware_vehicle_msgs/share/autoware_vehicle_msgs/srv/ControlModeCommand_Request.msg
[0.258s] -- Up-to-date: /home/jmj/dream_ws/install/autoware_vehicle_msgs/share/autoware_vehicle_msgs/srv/ControlModeCommand_Response.msg
[0.258s] -- Up-to-date: /home/jmj/dream_ws/install/autoware_vehicle_msgs/share/ament_index/resource_index/package_run_dependencies/autoware_vehicle_msgs
[0.258s] -- Up-to-date: /home/jmj/dream_ws/install/autoware_vehicle_msgs/share/ament_index/resource_index/parent_prefix_path/autoware_vehicle_msgs
[0.258s] -- Up-to-date: /home/jmj/dream_ws/install/autoware_vehicle_msgs/share/autoware_vehicle_msgs/environment/ament_prefix_path.sh
[0.258s] -- Up-to-date: /home/jmj/dream_ws/install/autoware_vehicle_msgs/share/autoware_vehicle_msgs/environment/ament_prefix_path.dsv
[0.258s] -- Up-to-date: /home/jmj/dream_ws/install/autoware_vehicle_msgs/share/autoware_vehicle_msgs/environment/path.sh
[0.258s] -- Up-to-date: /home/jmj/dream_ws/install/autoware_vehicle_msgs/share/autoware_vehicle_msgs/environment/path.dsv
[0.258s] -- Up-to-date: /home/jmj/dream_ws/install/autoware_vehicle_msgs/share/autoware_vehicle_msgs/local_setup.bash
[0.258s] -- Up-to-date: /home/jmj/dream_ws/install/autoware_vehicle_msgs/share/autoware_vehicle_msgs/local_setup.sh
[0.258s] -- Up-to-date: /home/jmj/dream_ws/install/autoware_vehicle_msgs/share/autoware_vehicle_msgs/local_setup.zsh
[0.258s] -- Up-to-date: /home/jmj/dream_ws/install/autoware_vehicle_msgs/share/autoware_vehicle_msgs/local_setup.dsv
[0.258s] -- Installing: /home/jmj/dream_ws/install/autoware_vehicle_msgs/share/autoware_vehicle_msgs/package.dsv
[0.258s] -- Up-to-date: /home/jmj/dream_ws/install/autoware_vehicle_msgs/share/ament_index/resource_index/packages/autoware_vehicle_msgs
[0.258s] -- Up-to-date: /home/jmj/dream_ws/install/autoware_vehicle_msgs/share/autoware_vehicle_msgs/cmake/export_autoware_vehicle_msgs__rosidl_generator_cExport.cmake
[0.258s] -- Up-to-date: /home/jmj/dream_ws/install/autoware_vehicle_msgs/share/autoware_vehicle_msgs/cmake/export_autoware_vehicle_msgs__rosidl_generator_cExport-noconfig.cmake
[0.258s] -- Up-to-date: /home/jmj/dream_ws/install/autoware_vehicle_msgs/share/autoware_vehicle_msgs/cmake/export_autoware_vehicle_msgs__rosidl_typesupport_fastrtps_cExport.cmake
[0.258s] -- Up-to-date: /home/jmj/dream_ws/install/autoware_vehicle_msgs/share/autoware_vehicle_msgs/cmake/export_autoware_vehicle_msgs__rosidl_typesupport_fastrtps_cExport-noconfig.cmake
[0.258s] -- Up-to-date: /home/jmj/dream_ws/install/autoware_vehicle_msgs/share/autoware_vehicle_msgs/cmake/export_autoware_vehicle_msgs__rosidl_generator_cppExport.cmake
[0.258s] -- Up-to-date: /home/jmj/dream_ws/install/autoware_vehicle_msgs/share/autoware_vehicle_msgs/cmake/export_autoware_vehicle_msgs__rosidl_typesupport_fastrtps_cppExport.cmake
[0.258s] -- Up-to-date: /home/jmj/dream_ws/install/autoware_vehicle_msgs/share/autoware_vehicle_msgs/cmake/export_autoware_vehicle_msgs__rosidl_typesupport_fastrtps_cppExport-noconfig.cmake
[0.258s] -- Up-to-date: /home/jmj/dream_ws/install/autoware_vehicle_msgs/share/autoware_vehicle_msgs/cmake/autoware_vehicle_msgs__rosidl_typesupport_introspection_cExport.cmake
[0.258s] -- Up-to-date: /home/jmj/dream_ws/install/autoware_vehicle_msgs/share/autoware_vehicle_msgs/cmake/autoware_vehicle_msgs__rosidl_typesupport_introspection_cExport-noconfig.cmake
[0.258s] -- Up-to-date: /home/jmj/dream_ws/install/autoware_vehicle_msgs/share/autoware_vehicle_msgs/cmake/autoware_vehicle_msgs__rosidl_typesupport_cExport.cmake
[0.258s] -- Up-to-date: /home/jmj/dream_ws/install/autoware_vehicle_msgs/share/autoware_vehicle_msgs/cmake/autoware_vehicle_msgs__rosidl_typesupport_cExport-noconfig.cmake
[0.258s] -- Up-to-date: /home/jmj/dream_ws/install/autoware_vehicle_msgs/share/autoware_vehicle_msgs/cmake/autoware_vehicle_msgs__rosidl_typesupport_introspection_cppExport.cmake
[0.258s] -- Up-to-date: /home/jmj/dream_ws/install/autoware_vehicle_msgs/share/autoware_vehicle_msgs/cmake/autoware_vehicle_msgs__rosidl_typesupport_introspection_cppExport-noconfig.cmake
[0.258s] -- Up-to-date: /home/jmj/dream_ws/install/autoware_vehicle_msgs/share/autoware_vehicle_msgs/cmake/autoware_vehicle_msgs__rosidl_typesupport_cppExport.cmake
[0.258s] -- Up-to-date: /home/jmj/dream_ws/install/autoware_vehicle_msgs/share/autoware_vehicle_msgs/cmake/autoware_vehicle_msgs__rosidl_typesupport_cppExport-noconfig.cmake
[0.258s] -- Up-to-date: /home/jmj/dream_ws/install/autoware_vehicle_msgs/share/autoware_vehicle_msgs/cmake/export_autoware_vehicle_msgs__rosidl_generator_pyExport.cmake
[0.258s] -- Up-to-date: /home/jmj/dream_ws/install/autoware_vehicle_msgs/share/autoware_vehicle_msgs/cmake/export_autoware_vehicle_msgs__rosidl_generator_pyExport-noconfig.cmake
[0.258s] -- Up-to-date: /home/jmj/dream_ws/install/autoware_vehicle_msgs/share/autoware_vehicle_msgs/cmake/rosidl_cmake-extras.cmake
[0.258s] -- Up-to-date: /home/jmj/dream_ws/install/autoware_vehicle_msgs/share/autoware_vehicle_msgs/cmake/ament_cmake_export_dependencies-extras.cmake
[0.259s] -- Up-to-date: /home/jmj/dream_ws/install/autoware_vehicle_msgs/share/autoware_vehicle_msgs/cmake/ament_cmake_export_include_directories-extras.cmake
[0.259s] -- Up-to-date: /home/jmj/dream_ws/install/autoware_vehicle_msgs/share/autoware_vehicle_msgs/cmake/ament_cmake_export_libraries-extras.cmake
[0.259s] -- Up-to-date: /home/jmj/dream_ws/install/autoware_vehicle_msgs/share/autoware_vehicle_msgs/cmake/ament_cmake_export_targets-extras.cmake
[0.259s] -- Up-to-date: /home/jmj/dream_ws/install/autoware_vehicle_msgs/share/autoware_vehicle_msgs/cmake/rosidl_cmake_export_typesupport_targets-extras.cmake
[0.259s] -- Up-to-date: /home/jmj/dream_ws/install/autoware_vehicle_msgs/share/autoware_vehicle_msgs/cmake/rosidl_cmake_export_typesupport_libraries-extras.cmake
[0.259s] -- Up-to-date: /home/jmj/dream_ws/install/autoware_vehicle_msgs/share/autoware_vehicle_msgs/cmake/autoware_vehicle_msgsConfig.cmake
[0.259s] -- Up-to-date: /home/jmj/dream_ws/install/autoware_vehicle_msgs/share/autoware_vehicle_msgs/cmake/autoware_vehicle_msgsConfig-version.cmake
[0.259s] -- Up-to-date: /home/jmj/dream_ws/install/autoware_vehicle_msgs/share/autoware_vehicle_msgs/package.xml
[0.261s] Invoked command in '/home/jmj/dream_ws/build/autoware_vehicle_msgs' returned '0': AMENT_PREFIX_PATH=/home/jmj/dream_ws/install/autoware_planning_msgs:${AMENT_PREFIX_PATH} CMAKE_PREFIX_PATH=/home/jmj/dream_ws/install/autoware_planning_msgs:/opt/ros/humble LD_LIBRARY_PATH=/home/jmj/dream_ws/install/autoware_planning_msgs/lib:${LD_LIBRARY_PATH} PYTHONPATH=/home/jmj/dream_ws/install/autoware_planning_msgs/local/lib/python3.10/dist-packages:${PYTHONPATH} /usr/bin/cmake --install /home/jmj/dream_ws/build/autoware_vehicle_msgs
