[0.427s] Invoking command in '/home/jmj/dream_ws/dream': PYTHONPATH=/home/jmj/dream_ws/build/dream/prefix_override:/usr/lib/python3/dist-packages/colcon_core/task/python/colcon_distutils_commands:/home/jmj/dream_ws/install/dream/lib/python3.10/site-packages:${PYTHONPATH} /usr/bin/python3 -W ignore:setup.py install is deprecated -W ignore:easy_install command is deprecated setup.py egg_info --egg-base ../build/dream build --build-base /home/jmj/dream_ws/build/dream/build install --record /home/jmj/dream_ws/build/dream/install.log --single-version-externally-managed install_data
[0.576s] running egg_info
[0.576s] writing ../build/dream/dream.egg-info/PKG-INFO
[0.576s] writing dependency_links to ../build/dream/dream.egg-info/dependency_links.txt
[0.576s] writing entry points to ../build/dream/dream.egg-info/entry_points.txt
[0.576s] writing requirements to ../build/dream/dream.egg-info/requires.txt
[0.576s] writing top-level names to ../build/dream/dream.egg-info/top_level.txt
[0.578s] reading manifest file '../build/dream/dream.egg-info/SOURCES.txt'
[0.578s] writing manifest file '../build/dream/dream.egg-info/SOURCES.txt'
[0.578s] running build
[0.579s] running build_py
[0.579s] running install
[0.579s] running install_lib
[0.580s] running install_data
[0.580s] running install_egg_info
[0.581s] removing '/home/jmj/dream_ws/install/dream/lib/python3.10/site-packages/dream-0.0.0-py3.10.egg-info' (and everything under it)
[0.581s] Copying ../build/dream/dream.egg-info to /home/jmj/dream_ws/install/dream/lib/python3.10/site-packages/dream-0.0.0-py3.10.egg-info
[0.581s] running install_scripts
[0.593s] Installing bridge_node script to /home/jmj/dream_ws/install/dream/lib/dream
[0.593s] Installing mapper script to /home/jmj/dream_ws/install/dream/lib/dream
[0.593s] writing list of installed files to '/home/jmj/dream_ws/build/dream/install.log'
[0.606s] Invoked command in '/home/jmj/dream_ws/dream' returned '0': PYTHONPATH=/home/jmj/dream_ws/build/dream/prefix_override:/usr/lib/python3/dist-packages/colcon_core/task/python/colcon_distutils_commands:/home/jmj/dream_ws/install/dream/lib/python3.10/site-packages:${PYTHONPATH} /usr/bin/python3 -W ignore:setup.py install is deprecated -W ignore:easy_install command is deprecated setup.py egg_info --egg-base ../build/dream build --build-base /home/jmj/dream_ws/build/dream/build install --record /home/jmj/dream_ws/build/dream/install.log --single-version-externally-managed install_data
