[0.019s] Invoking command in '/home/jmj/dream_ws/build/autoware_control_msgs': CMAKE_PREFIX_PATH=${CMAKE_PREFIX_PATH}:/home/jmj/dream_ws/install/dream:/opt/ros/humble /usr/bin/cmake /home/jmj/dream_ws/autoware_msgs/autoware_control_msgs -DCMAKE_INSTALL_PREFIX=/home/jmj/dream_ws/install/autoware_control_msgs
[0.061s] -- The C compiler identification is GNU 11.4.0
[0.100s] -- The CXX compiler identification is GNU 11.4.0
[0.106s] -- Detecting C compiler ABI info
[0.143s] -- Detecting C compiler ABI info - done
[0.148s] -- Check for working C compiler: /usr/lib/ccache/gcc - skipped
[0.148s] -- Detecting C compile features
[0.148s] -- Detecting C compile features - done
[0.150s] -- Detecting CXX compiler ABI info
[0.190s] -- Detecting CXX compiler ABI info - done
[0.195s] -- Check for working CXX compiler: /usr/lib/ccache/g++ - skipped
[0.195s] -- Detecting CXX compile features
[0.195s] -- Detecting CXX compile features - done
[0.196s] -- Found ament_cmake_auto: 1.3.11 (/opt/ros/humble/share/ament_cmake_auto/cmake)
[0.290s] -- Found Python3: /usr/bin/python3 (found version "3.10.12") found components: Interpreter 
[0.429s] -- Found rosidl_generator_c: 3.1.6 (/opt/ros/humble/share/rosidl_generator_c/cmake)
[0.434s] -- Found rosidl_adapter: 3.1.6 (/opt/ros/humble/share/rosidl_adapter/cmake)
[0.441s] -- Found rosidl_generator_cpp: 3.1.6 (/opt/ros/humble/share/rosidl_generator_cpp/cmake)
[0.453s] -- Using all available rosidl_typesupport_c: rosidl_typesupport_fastrtps_c;rosidl_typesupport_introspection_c
[0.468s] -- Using all available rosidl_typesupport_cpp: rosidl_typesupport_fastrtps_cpp;rosidl_typesupport_introspection_cpp
[0.624s] -- Found ament_cmake_cppcheck: 0.12.12 (/opt/ros/humble/share/ament_cmake_cppcheck/cmake)
[0.625s] -- Found ament_cmake_cpplint: 0.12.12 (/opt/ros/humble/share/ament_cmake_cpplint/cmake)
[0.626s] -- Found ament_cmake_uncrustify: 0.12.12 (/opt/ros/humble/share/ament_cmake_uncrustify/cmake)
[0.627s] -- Found ament_cmake_ros: 0.10.0 (/opt/ros/humble/share/ament_cmake_ros/cmake)
[0.825s] -- Using all available rosidl_typesupport_c: rosidl_typesupport_fastrtps_c;rosidl_typesupport_introspection_c
[0.915s] -- Using all available rosidl_typesupport_cpp: rosidl_typesupport_fastrtps_cpp;rosidl_typesupport_introspection_cpp
[0.930s] -- Found PythonInterp: /usr/bin/python3 (found suitable version "3.10.12", minimum required is "3.6") 
[0.930s] -- Found python_cmake_module: 0.10.0 (/opt/ros/humble/share/python_cmake_module/cmake)
[0.947s] -- Found PythonLibs: /usr/lib/x86_64-linux-gnu/libpython3.10.so (found suitable version "3.10.12", minimum required is "3.5") 
[0.947s] -- Using PYTHON_EXECUTABLE: /usr/bin/python3
[0.947s] -- Using PYTHON_INCLUDE_DIRS: /usr/include/python3.10
[0.947s] -- Using PYTHON_LIBRARIES: /usr/lib/x86_64-linux-gnu/libpython3.10.so
[0.965s] -- Found PythonExtra: .so  
[0.996s] -- Found ament_cmake_flake8: 0.12.12 (/opt/ros/humble/share/ament_cmake_flake8/cmake)
[0.998s] -- Found ament_cmake_pep257: 0.12.12 (/opt/ros/humble/share/ament_cmake_pep257/cmake)
[1.001s] -- Found ament_lint_auto: 0.12.12 (/opt/ros/humble/share/ament_lint_auto/cmake)
[1.014s] -- Added test 'copyright' to check source files copyright and LICENSE
[1.014s] -- Added test 'lint_cmake' to check CMake code style
[1.015s] -- Added test 'xmllint' to check XML markup files
[1.018s] -- Configuring done
[1.050s] -- Generating done
[1.061s] -- Build files have been written to: /home/jmj/dream_ws/build/autoware_control_msgs
[1.071s] Invoked command in '/home/jmj/dream_ws/build/autoware_control_msgs' returned '0': CMAKE_PREFIX_PATH=${CMAKE_PREFIX_PATH}:/home/jmj/dream_ws/install/dream:/opt/ros/humble /usr/bin/cmake /home/jmj/dream_ws/autoware_msgs/autoware_control_msgs -DCMAKE_INSTALL_PREFIX=/home/jmj/dream_ws/install/autoware_control_msgs
[1.072s] Invoking command in '/home/jmj/dream_ws/build/autoware_control_msgs': CMAKE_PREFIX_PATH=${CMAKE_PREFIX_PATH}:/home/jmj/dream_ws/install/dream:/opt/ros/humble /usr/bin/cmake --build /home/jmj/dream_ws/build/autoware_control_msgs -- -j20 -l20
[1.097s] [  1%] [34m[1mGenerating C code for ROS interfaces[0m
[1.102s] [  3%] [34m[1mGenerating C++ code for ROS interfaces[0m
[1.107s] [  3%] Built target ament_cmake_python_copy_autoware_control_msgs
[1.410s] running egg_info
[1.410s] creating autoware_control_msgs.egg-info
[1.410s] writing autoware_control_msgs.egg-info/PKG-INFO
[1.411s] writing dependency_links to autoware_control_msgs.egg-info/dependency_links.txt
[1.411s] writing top-level names to autoware_control_msgs.egg-info/top_level.txt
[1.414s] writing manifest file 'autoware_control_msgs.egg-info/SOURCES.txt'
[1.414s] reading manifest file 'autoware_control_msgs.egg-info/SOURCES.txt'
[1.415s] writing manifest file 'autoware_control_msgs.egg-info/SOURCES.txt'
[1.446s] [  3%] Built target ament_cmake_python_build_autoware_control_msgs_egg
[1.843s] [  5%] [32mBuilding C object CMakeFiles/autoware_control_msgs__rosidl_generator_c.dir/rosidl_generator_c/autoware_control_msgs/msg/detail/control__functions.c.o[0m
[1.846s] [  7%] [32mBuilding C object CMakeFiles/autoware_control_msgs__rosidl_generator_c.dir/rosidl_generator_c/autoware_control_msgs/msg/detail/control_horizon__functions.c.o[0m
[1.854s] [  9%] [32mBuilding C object CMakeFiles/autoware_control_msgs__rosidl_generator_c.dir/rosidl_generator_c/autoware_control_msgs/msg/detail/longitudinal__functions.c.o[0m
[1.854s] [ 10%] [32mBuilding C object CMakeFiles/autoware_control_msgs__rosidl_generator_c.dir/rosidl_generator_c/autoware_control_msgs/msg/detail/lateral__functions.c.o[0m
[1.973s] [ 10%] Built target autoware_control_msgs__cpp
[1.994s] [ 12%] [34m[1mGenerating C++ type support dispatch for ROS interfaces[0m
[2.003s] [ 14%] [34m[1mGenerating C++ type support for eProsima Fast-RTPS[0m
[2.003s] [ 16%] [34m[1mGenerating C++ introspection for ROS interfaces[0m
[2.041s] [ 18%] [32m[1mLinking C shared library libautoware_control_msgs__rosidl_generator_c.so[0m
[2.132s] [ 18%] Built target autoware_control_msgs__rosidl_generator_c
[2.156s] [ 20%] [34m[1mGenerating C type support for eProsima Fast-RTPS[0m
[2.160s] [ 21%] [34m[1mGenerating C introspection for ROS interfaces[0m
[2.167s] [ 23%] [34m[1mGenerating C type support dispatch for ROS interfaces[0m
[3.165s] [ 25%] [32mBuilding CXX object CMakeFiles/autoware_control_msgs__rosidl_typesupport_fastrtps_cpp.dir/rosidl_typesupport_fastrtps_cpp/autoware_control_msgs/msg/detail/dds_fastrtps/control__type_support.cpp.o[0m
[3.169s] [ 27%] [32mBuilding CXX object CMakeFiles/autoware_control_msgs__rosidl_typesupport_fastrtps_cpp.dir/rosidl_typesupport_fastrtps_cpp/autoware_control_msgs/msg/detail/dds_fastrtps/control_horizon__type_support.cpp.o[0m
[3.169s] [ 29%] [32mBuilding CXX object CMakeFiles/autoware_control_msgs__rosidl_typesupport_fastrtps_cpp.dir/rosidl_typesupport_fastrtps_cpp/autoware_control_msgs/msg/detail/dds_fastrtps/lateral__type_support.cpp.o[0m
[3.188s] [ 30%] [32mBuilding CXX object CMakeFiles/autoware_control_msgs__rosidl_typesupport_fastrtps_cpp.dir/rosidl_typesupport_fastrtps_cpp/autoware_control_msgs/msg/detail/dds_fastrtps/longitudinal__type_support.cpp.o[0m
[3.350s] [ 32%] [32mBuilding CXX object CMakeFiles/autoware_control_msgs__rosidl_typesupport_cpp.dir/rosidl_typesupport_cpp/autoware_control_msgs/msg/control__type_support.cpp.o[0m
[3.370s] [ 34%] [32mBuilding CXX object CMakeFiles/autoware_control_msgs__rosidl_typesupport_cpp.dir/rosidl_typesupport_cpp/autoware_control_msgs/msg/control_horizon__type_support.cpp.o[0m
[3.370s] [ 36%] [32mBuilding CXX object CMakeFiles/autoware_control_msgs__rosidl_typesupport_c.dir/rosidl_typesupport_c/autoware_control_msgs/msg/control__type_support.cpp.o[0m
[3.370s] [ 38%] [32mBuilding CXX object CMakeFiles/autoware_control_msgs__rosidl_typesupport_cpp.dir/rosidl_typesupport_cpp/autoware_control_msgs/msg/lateral__type_support.cpp.o[0m
[3.373s] [ 40%] [32mBuilding CXX object CMakeFiles/autoware_control_msgs__rosidl_typesupport_cpp.dir/rosidl_typesupport_cpp/autoware_control_msgs/msg/longitudinal__type_support.cpp.o[0m
[3.387s] [ 45%] [32mBuilding CXX object CMakeFiles/autoware_control_msgs__rosidl_typesupport_c.dir/rosidl_typesupport_c/autoware_control_msgs/msg/lateral__type_support.cpp.o[0m
[3.388s] [ 45%] [32mBuilding CXX object CMakeFiles/autoware_control_msgs__rosidl_typesupport_c.dir/rosidl_typesupport_c/autoware_control_msgs/msg/longitudinal__type_support.cpp.o[0m
[3.394s] [ 45%] [32mBuilding CXX object CMakeFiles/autoware_control_msgs__rosidl_typesupport_c.dir/rosidl_typesupport_c/autoware_control_msgs/msg/control_horizon__type_support.cpp.o[0m
[3.523s] [ 47%] [32m[1mLinking CXX shared library libautoware_control_msgs__rosidl_typesupport_c.so[0m
[3.556s] [ 50%] [32mBuilding CXX object CMakeFiles/autoware_control_msgs__rosidl_typesupport_introspection_cpp.dir/rosidl_typesupport_introspection_cpp/autoware_control_msgs/msg/detail/control__type_support.cpp.o[0m
[3.557s] [ 50%] [32mBuilding CXX object CMakeFiles/autoware_control_msgs__rosidl_typesupport_introspection_cpp.dir/rosidl_typesupport_introspection_cpp/autoware_control_msgs/msg/detail/lateral__type_support.cpp.o[0m
[3.561s] [ 52%] [32mBuilding CXX object CMakeFiles/autoware_control_msgs__rosidl_typesupport_introspection_cpp.dir/rosidl_typesupport_introspection_cpp/autoware_control_msgs/msg/detail/longitudinal__type_support.cpp.o[0m
[3.571s] [ 54%] [32mBuilding CXX object CMakeFiles/autoware_control_msgs__rosidl_typesupport_introspection_cpp.dir/rosidl_typesupport_introspection_cpp/autoware_control_msgs/msg/detail/control_horizon__type_support.cpp.o[0m
[3.680s] [ 54%] Built target autoware_control_msgs__rosidl_typesupport_c
[4.263s] [ 58%] [32mBuilding C object CMakeFiles/autoware_control_msgs__rosidl_typesupport_introspection_c.dir/rosidl_typesupport_introspection_c/autoware_control_msgs/msg/detail/control_horizon__type_support.c.o[0m
[4.269s] [ 60%] [32mBuilding C object CMakeFiles/autoware_control_msgs__rosidl_typesupport_introspection_c.dir/rosidl_typesupport_introspection_c/autoware_control_msgs/msg/detail/lateral__type_support.c.o[0m
[4.269s] [ 60%] [32mBuilding C object CMakeFiles/autoware_control_msgs__rosidl_typesupport_introspection_c.dir/rosidl_typesupport_introspection_c/autoware_control_msgs/msg/detail/control__type_support.c.o[0m
[4.277s] [ 61%] [32mBuilding C object CMakeFiles/autoware_control_msgs__rosidl_typesupport_introspection_c.dir/rosidl_typesupport_introspection_c/autoware_control_msgs/msg/detail/longitudinal__type_support.c.o[0m
[4.286s] [ 63%] [32mBuilding CXX object CMakeFiles/autoware_control_msgs__rosidl_typesupport_fastrtps_c.dir/rosidl_typesupport_fastrtps_c/autoware_control_msgs/msg/detail/control__type_support_c.cpp.o[0m
[4.290s] [ 65%] [32mBuilding CXX object CMakeFiles/autoware_control_msgs__rosidl_typesupport_fastrtps_c.dir/rosidl_typesupport_fastrtps_c/autoware_control_msgs/msg/detail/control_horizon__type_support_c.cpp.o[0m
[4.319s] [ 67%] [32mBuilding CXX object CMakeFiles/autoware_control_msgs__rosidl_typesupport_fastrtps_c.dir/rosidl_typesupport_fastrtps_c/autoware_control_msgs/msg/detail/longitudinal__type_support_c.cpp.o[0m
[4.321s] [ 69%] [32mBuilding CXX object CMakeFiles/autoware_control_msgs__rosidl_typesupport_fastrtps_c.dir/rosidl_typesupport_fastrtps_c/autoware_control_msgs/msg/detail/lateral__type_support_c.cpp.o[0m
[4.491s] [ 70%] [32m[1mLinking C shared library libautoware_control_msgs__rosidl_typesupport_introspection_c.so[0m
[4.596s] [ 72%] [32m[1mLinking CXX shared library libautoware_control_msgs__rosidl_typesupport_cpp.so[0m
[4.600s] [ 72%] Built target autoware_control_msgs__rosidl_typesupport_introspection_c
[4.738s] [ 72%] Built target autoware_control_msgs__rosidl_typesupport_cpp
[4.960s] [ 74%] [32m[1mLinking CXX shared library libautoware_control_msgs__rosidl_typesupport_fastrtps_cpp.so[0m
[5.333s] [ 76%] [32m[1mLinking CXX shared library libautoware_control_msgs__rosidl_typesupport_introspection_cpp.so[0m
[5.399s] [ 76%] Built target autoware_control_msgs__rosidl_typesupport_fastrtps_cpp
[5.518s] [ 76%] Built target autoware_control_msgs__rosidl_typesupport_introspection_cpp
[5.741s] [ 78%] [32m[1mLinking CXX shared library libautoware_control_msgs__rosidl_typesupport_fastrtps_c.so[0m
[6.017s] [ 78%] Built target autoware_control_msgs__rosidl_typesupport_fastrtps_c
[6.060s] [ 78%] Built target autoware_control_msgs
[6.133s] [ 80%] [34m[1mGenerating Python code for ROS interfaces[0m
[8.107s] [ 80%] Built target autoware_control_msgs__py
[8.154s] [ 81%] [32mBuilding C object CMakeFiles/autoware_control_msgs__rosidl_generator_py.dir/rosidl_generator_py/autoware_control_msgs/msg/_control_horizon_s.c.o[0m
[8.155s] [ 83%] [32mBuilding C object CMakeFiles/autoware_control_msgs__rosidl_generator_py.dir/rosidl_generator_py/autoware_control_msgs/msg/_control_s.c.o[0m
[8.167s] [ 85%] [32mBuilding C object CMakeFiles/autoware_control_msgs__rosidl_generator_py.dir/rosidl_generator_py/autoware_control_msgs/msg/_lateral_s.c.o[0m
[8.169s] [ 87%] [32mBuilding C object CMakeFiles/autoware_control_msgs__rosidl_generator_py.dir/rosidl_generator_py/autoware_control_msgs/msg/_longitudinal_s.c.o[0m
[8.617s] [ 89%] [32m[1mLinking C shared library rosidl_generator_py/autoware_control_msgs/libautoware_control_msgs__rosidl_generator_py.so[0m
[8.737s] [ 89%] Built target autoware_control_msgs__rosidl_generator_py
[8.800s] [ 90%] [32mBuilding C object CMakeFiles/autoware_control_msgs__rosidl_typesupport_fastrtps_c__pyext.dir/rosidl_generator_py/autoware_control_msgs/_autoware_control_msgs_s.ep.rosidl_typesupport_fastrtps_c.c.o[0m
[8.811s] [ 92%] [32mBuilding C object CMakeFiles/autoware_control_msgs__rosidl_typesupport_introspection_c__pyext.dir/rosidl_generator_py/autoware_control_msgs/_autoware_control_msgs_s.ep.rosidl_typesupport_introspection_c.c.o[0m
[8.817s] [ 94%] [32mBuilding C object CMakeFiles/autoware_control_msgs__rosidl_typesupport_c__pyext.dir/rosidl_generator_py/autoware_control_msgs/_autoware_control_msgs_s.ep.rosidl_typesupport_c.c.o[0m
[9.238s] [ 96%] [32m[1mLinking C shared library rosidl_generator_py/autoware_control_msgs/autoware_control_msgs_s__rosidl_typesupport_fastrtps_c.cpython-310-x86_64-linux-gnu.so[0m
[9.294s] [ 98%] [32m[1mLinking C shared library rosidl_generator_py/autoware_control_msgs/autoware_control_msgs_s__rosidl_typesupport_introspection_c.cpython-310-x86_64-linux-gnu.so[0m
[9.338s] [ 98%] Built target autoware_control_msgs__rosidl_typesupport_fastrtps_c__pyext
[9.359s] [100%] [32m[1mLinking C shared library rosidl_generator_py/autoware_control_msgs/autoware_control_msgs_s__rosidl_typesupport_c.cpython-310-x86_64-linux-gnu.so[0m
[9.377s] [100%] Built target autoware_control_msgs__rosidl_typesupport_introspection_c__pyext
[9.470s] [100%] Built target autoware_control_msgs__rosidl_typesupport_c__pyext
[9.515s] Invoked command in '/home/jmj/dream_ws/build/autoware_control_msgs' returned '0': CMAKE_PREFIX_PATH=${CMAKE_PREFIX_PATH}:/home/jmj/dream_ws/install/dream:/opt/ros/humble /usr/bin/cmake --build /home/jmj/dream_ws/build/autoware_control_msgs -- -j20 -l20
[9.516s] Invoking command in '/home/jmj/dream_ws/build/autoware_control_msgs': CMAKE_PREFIX_PATH=${CMAKE_PREFIX_PATH}:/home/jmj/dream_ws/install/dream:/opt/ros/humble /usr/bin/cmake --install /home/jmj/dream_ws/build/autoware_control_msgs
[9.531s] -- Install configuration: ""
[9.535s] -- Installing: /home/jmj/dream_ws/install/autoware_control_msgs/share/ament_index/resource_index/rosidl_interfaces/autoware_control_msgs
[9.538s] -- Installing: /home/jmj/dream_ws/install/autoware_control_msgs/include/autoware_control_msgs/autoware_control_msgs
[9.538s] -- Installing: /home/jmj/dream_ws/install/autoware_control_msgs/include/autoware_control_msgs/autoware_control_msgs/msg
[9.538s] -- Installing: /home/jmj/dream_ws/install/autoware_control_msgs/include/autoware_control_msgs/autoware_control_msgs/msg/lateral.h
[9.538s] -- Installing: /home/jmj/dream_ws/install/autoware_control_msgs/include/autoware_control_msgs/autoware_control_msgs/msg/longitudinal.h
[9.538s] -- Installing: /home/jmj/dream_ws/install/autoware_control_msgs/include/autoware_control_msgs/autoware_control_msgs/msg/rosidl_generator_c__visibility_control.h
[9.538s] -- Installing: /home/jmj/dream_ws/install/autoware_control_msgs/include/autoware_control_msgs/autoware_control_msgs/msg/detail
[9.538s] -- Installing: /home/jmj/dream_ws/install/autoware_control_msgs/include/autoware_control_msgs/autoware_control_msgs/msg/detail/lateral__functions.h
[9.538s] -- Installing: /home/jmj/dream_ws/install/autoware_control_msgs/include/autoware_control_msgs/autoware_control_msgs/msg/detail/control__functions.c
[9.539s] -- Installing: /home/jmj/dream_ws/install/autoware_control_msgs/include/autoware_control_msgs/autoware_control_msgs/msg/detail/longitudinal__functions.h
[9.539s] -- Installing: /home/jmj/dream_ws/install/autoware_control_msgs/include/autoware_control_msgs/autoware_control_msgs/msg/detail/control__struct.h
[9.539s] -- Installing: /home/jmj/dream_ws/install/autoware_control_msgs/include/autoware_control_msgs/autoware_control_msgs/msg/detail/control__functions.h
[9.539s] -- Installing: /home/jmj/dream_ws/install/autoware_control_msgs/include/autoware_control_msgs/autoware_control_msgs/msg/detail/lateral__functions.c
[9.539s] -- Installing: /home/jmj/dream_ws/install/autoware_control_msgs/include/autoware_control_msgs/autoware_control_msgs/msg/detail/control_horizon__functions.h
[9.539s] -- Installing: /home/jmj/dream_ws/install/autoware_control_msgs/include/autoware_control_msgs/autoware_control_msgs/msg/detail/lateral__struct.h
[9.539s] -- Installing: /home/jmj/dream_ws/install/autoware_control_msgs/include/autoware_control_msgs/autoware_control_msgs/msg/detail/control_horizon__struct.h
[9.539s] -- Installing: /home/jmj/dream_ws/install/autoware_control_msgs/include/autoware_control_msgs/autoware_control_msgs/msg/detail/longitudinal__type_support.h
[9.539s] -- Installing: /home/jmj/dream_ws/install/autoware_control_msgs/include/autoware_control_msgs/autoware_control_msgs/msg/detail/longitudinal__functions.c
[9.541s] -- Installing: /home/jmj/dream_ws/install/autoware_control_msgs/include/autoware_control_msgs/autoware_control_msgs/msg/detail/control_horizon__functions.c
[9.542s] -- Installing: /home/jmj/dream_ws/install/autoware_control_msgs/include/autoware_control_msgs/autoware_control_msgs/msg/detail/lateral__type_support.h
[9.542s] -- Installing: /home/jmj/dream_ws/install/autoware_control_msgs/include/autoware_control_msgs/autoware_control_msgs/msg/detail/control_horizon__type_support.h
[9.542s] -- Installing: /home/jmj/dream_ws/install/autoware_control_msgs/include/autoware_control_msgs/autoware_control_msgs/msg/detail/control__type_support.h
[9.542s] -- Installing: /home/jmj/dream_ws/install/autoware_control_msgs/include/autoware_control_msgs/autoware_control_msgs/msg/detail/longitudinal__struct.h
[9.542s] -- Installing: /home/jmj/dream_ws/install/autoware_control_msgs/include/autoware_control_msgs/autoware_control_msgs/msg/control_horizon.h
[9.542s] -- Installing: /home/jmj/dream_ws/install/autoware_control_msgs/include/autoware_control_msgs/autoware_control_msgs/msg/control.h
[9.542s] -- Installing: /home/jmj/dream_ws/install/autoware_control_msgs/share/autoware_control_msgs/environment/library_path.sh
[9.542s] -- Installing: /home/jmj/dream_ws/install/autoware_control_msgs/share/autoware_control_msgs/environment/library_path.dsv
[9.542s] -- Installing: /home/jmj/dream_ws/install/autoware_control_msgs/lib/libautoware_control_msgs__rosidl_generator_c.so
[9.542s] -- Set runtime path of "/home/jmj/dream_ws/install/autoware_control_msgs/lib/libautoware_control_msgs__rosidl_generator_c.so" to ""
[9.542s] -- Up-to-date: /home/jmj/dream_ws/install/autoware_control_msgs/include/autoware_control_msgs/autoware_control_msgs
[9.542s] -- Up-to-date: /home/jmj/dream_ws/install/autoware_control_msgs/include/autoware_control_msgs/autoware_control_msgs/msg
[9.543s] -- Up-to-date: /home/jmj/dream_ws/install/autoware_control_msgs/include/autoware_control_msgs/autoware_control_msgs/msg/detail
[9.543s] -- Installing: /home/jmj/dream_ws/install/autoware_control_msgs/include/autoware_control_msgs/autoware_control_msgs/msg/detail/control_horizon__rosidl_typesupport_fastrtps_c.h
[9.543s] -- Installing: /home/jmj/dream_ws/install/autoware_control_msgs/include/autoware_control_msgs/autoware_control_msgs/msg/detail/lateral__rosidl_typesupport_fastrtps_c.h
[9.543s] -- Installing: /home/jmj/dream_ws/install/autoware_control_msgs/include/autoware_control_msgs/autoware_control_msgs/msg/detail/longitudinal__rosidl_typesupport_fastrtps_c.h
[9.543s] -- Installing: /home/jmj/dream_ws/install/autoware_control_msgs/include/autoware_control_msgs/autoware_control_msgs/msg/detail/control__rosidl_typesupport_fastrtps_c.h
[9.543s] -- Installing: /home/jmj/dream_ws/install/autoware_control_msgs/include/autoware_control_msgs/autoware_control_msgs/msg/rosidl_typesupport_fastrtps_c__visibility_control.h
[9.543s] -- Installing: /home/jmj/dream_ws/install/autoware_control_msgs/lib/libautoware_control_msgs__rosidl_typesupport_fastrtps_c.so
[9.547s] -- Set runtime path of "/home/jmj/dream_ws/install/autoware_control_msgs/lib/libautoware_control_msgs__rosidl_typesupport_fastrtps_c.so" to ""
[9.547s] -- Up-to-date: /home/jmj/dream_ws/install/autoware_control_msgs/include/autoware_control_msgs/autoware_control_msgs
[9.547s] -- Up-to-date: /home/jmj/dream_ws/install/autoware_control_msgs/include/autoware_control_msgs/autoware_control_msgs/msg
[9.547s] -- Installing: /home/jmj/dream_ws/install/autoware_control_msgs/include/autoware_control_msgs/autoware_control_msgs/msg/control.hpp
[9.548s] -- Installing: /home/jmj/dream_ws/install/autoware_control_msgs/include/autoware_control_msgs/autoware_control_msgs/msg/lateral.hpp
[9.548s] -- Up-to-date: /home/jmj/dream_ws/install/autoware_control_msgs/include/autoware_control_msgs/autoware_control_msgs/msg/detail
[9.548s] -- Installing: /home/jmj/dream_ws/install/autoware_control_msgs/include/autoware_control_msgs/autoware_control_msgs/msg/detail/control__traits.hpp
[9.548s] -- Installing: /home/jmj/dream_ws/install/autoware_control_msgs/include/autoware_control_msgs/autoware_control_msgs/msg/detail/control__type_support.hpp
[9.548s] -- Installing: /home/jmj/dream_ws/install/autoware_control_msgs/include/autoware_control_msgs/autoware_control_msgs/msg/detail/lateral__traits.hpp
[9.548s] -- Installing: /home/jmj/dream_ws/install/autoware_control_msgs/include/autoware_control_msgs/autoware_control_msgs/msg/detail/lateral__type_support.hpp
[9.548s] -- Installing: /home/jmj/dream_ws/install/autoware_control_msgs/include/autoware_control_msgs/autoware_control_msgs/msg/detail/longitudinal__struct.hpp
[9.548s] -- Installing: /home/jmj/dream_ws/install/autoware_control_msgs/include/autoware_control_msgs/autoware_control_msgs/msg/detail/control_horizon__builder.hpp
[9.548s] -- Installing: /home/jmj/dream_ws/install/autoware_control_msgs/include/autoware_control_msgs/autoware_control_msgs/msg/detail/control_horizon__type_support.hpp
[9.548s] -- Installing: /home/jmj/dream_ws/install/autoware_control_msgs/include/autoware_control_msgs/autoware_control_msgs/msg/detail/longitudinal__builder.hpp
[9.548s] -- Installing: /home/jmj/dream_ws/install/autoware_control_msgs/include/autoware_control_msgs/autoware_control_msgs/msg/detail/lateral__builder.hpp
[9.548s] -- Installing: /home/jmj/dream_ws/install/autoware_control_msgs/include/autoware_control_msgs/autoware_control_msgs/msg/detail/control__builder.hpp
[9.548s] -- Installing: /home/jmj/dream_ws/install/autoware_control_msgs/include/autoware_control_msgs/autoware_control_msgs/msg/detail/longitudinal__traits.hpp
[9.548s] -- Installing: /home/jmj/dream_ws/install/autoware_control_msgs/include/autoware_control_msgs/autoware_control_msgs/msg/detail/control_horizon__traits.hpp
[9.556s] -- Installing: /home/jmj/dream_ws/install/autoware_control_msgs/include/autoware_control_msgs/autoware_control_msgs/msg/detail/control__struct.hpp
[9.556s] -- Installing: /home/jmj/dream_ws/install/autoware_control_msgs/include/autoware_control_msgs/autoware_control_msgs/msg/detail/lateral__struct.hpp
[9.556s] -- Installing: /home/jmj/dream_ws/install/autoware_control_msgs/include/autoware_control_msgs/autoware_control_msgs/msg/detail/control_horizon__struct.hpp
[9.556s] -- Installing: /home/jmj/dream_ws/install/autoware_control_msgs/include/autoware_control_msgs/autoware_control_msgs/msg/detail/longitudinal__type_support.hpp
[9.557s] -- Installing: /home/jmj/dream_ws/install/autoware_control_msgs/include/autoware_control_msgs/autoware_control_msgs/msg/control_horizon.hpp
[9.557s] -- Installing: /home/jmj/dream_ws/install/autoware_control_msgs/include/autoware_control_msgs/autoware_control_msgs/msg/longitudinal.hpp
[9.557s] -- Installing: /home/jmj/dream_ws/install/autoware_control_msgs/include/autoware_control_msgs/autoware_control_msgs/msg/rosidl_generator_cpp__visibility_control.hpp
[9.557s] -- Up-to-date: /home/jmj/dream_ws/install/autoware_control_msgs/include/autoware_control_msgs/autoware_control_msgs
[9.557s] -- Up-to-date: /home/jmj/dream_ws/install/autoware_control_msgs/include/autoware_control_msgs/autoware_control_msgs/msg
[9.557s] -- Up-to-date: /home/jmj/dream_ws/install/autoware_control_msgs/include/autoware_control_msgs/autoware_control_msgs/msg/detail
[9.557s] -- Installing: /home/jmj/dream_ws/install/autoware_control_msgs/include/autoware_control_msgs/autoware_control_msgs/msg/detail/dds_fastrtps
[9.557s] -- Installing: /home/jmj/dream_ws/install/autoware_control_msgs/include/autoware_control_msgs/autoware_control_msgs/msg/detail/lateral__rosidl_typesupport_fastrtps_cpp.hpp
[9.557s] -- Installing: /home/jmj/dream_ws/install/autoware_control_msgs/include/autoware_control_msgs/autoware_control_msgs/msg/detail/control_horizon__rosidl_typesupport_fastrtps_cpp.hpp
[9.557s] -- Installing: /home/jmj/dream_ws/install/autoware_control_msgs/include/autoware_control_msgs/autoware_control_msgs/msg/detail/control__rosidl_typesupport_fastrtps_cpp.hpp
[9.557s] -- Installing: /home/jmj/dream_ws/install/autoware_control_msgs/include/autoware_control_msgs/autoware_control_msgs/msg/detail/longitudinal__rosidl_typesupport_fastrtps_cpp.hpp
[9.557s] -- Installing: /home/jmj/dream_ws/install/autoware_control_msgs/include/autoware_control_msgs/autoware_control_msgs/msg/rosidl_typesupport_fastrtps_cpp__visibility_control.h
[9.557s] -- Installing: /home/jmj/dream_ws/install/autoware_control_msgs/lib/libautoware_control_msgs__rosidl_typesupport_fastrtps_cpp.so
[9.557s] -- Set runtime path of "/home/jmj/dream_ws/install/autoware_control_msgs/lib/libautoware_control_msgs__rosidl_typesupport_fastrtps_cpp.so" to ""
[9.557s] -- Up-to-date: /home/jmj/dream_ws/install/autoware_control_msgs/include/autoware_control_msgs/autoware_control_msgs
[9.557s] -- Up-to-date: /home/jmj/dream_ws/install/autoware_control_msgs/include/autoware_control_msgs/autoware_control_msgs/msg
[9.557s] -- Up-to-date: /home/jmj/dream_ws/install/autoware_control_msgs/include/autoware_control_msgs/autoware_control_msgs/msg/detail
[9.557s] -- Installing: /home/jmj/dream_ws/install/autoware_control_msgs/include/autoware_control_msgs/autoware_control_msgs/msg/detail/lateral__rosidl_typesupport_introspection_c.h
[9.557s] -- Installing: /home/jmj/dream_ws/install/autoware_control_msgs/include/autoware_control_msgs/autoware_control_msgs/msg/detail/longitudinal__type_support.c
[9.557s] -- Installing: /home/jmj/dream_ws/install/autoware_control_msgs/include/autoware_control_msgs/autoware_control_msgs/msg/detail/control__rosidl_typesupport_introspection_c.h
[9.557s] -- Installing: /home/jmj/dream_ws/install/autoware_control_msgs/include/autoware_control_msgs/autoware_control_msgs/msg/detail/longitudinal__rosidl_typesupport_introspection_c.h
[9.557s] -- Installing: /home/jmj/dream_ws/install/autoware_control_msgs/include/autoware_control_msgs/autoware_control_msgs/msg/detail/control__type_support.c
[9.557s] -- Installing: /home/jmj/dream_ws/install/autoware_control_msgs/include/autoware_control_msgs/autoware_control_msgs/msg/detail/control_horizon__type_support.c
[9.558s] -- Installing: /home/jmj/dream_ws/install/autoware_control_msgs/include/autoware_control_msgs/autoware_control_msgs/msg/detail/control_horizon__rosidl_typesupport_introspection_c.h
[9.558s] -- Installing: /home/jmj/dream_ws/install/autoware_control_msgs/include/autoware_control_msgs/autoware_control_msgs/msg/detail/lateral__type_support.c
[9.558s] -- Installing: /home/jmj/dream_ws/install/autoware_control_msgs/include/autoware_control_msgs/autoware_control_msgs/msg/rosidl_typesupport_introspection_c__visibility_control.h
[9.558s] -- Installing: /home/jmj/dream_ws/install/autoware_control_msgs/lib/libautoware_control_msgs__rosidl_typesupport_introspection_c.so
[9.558s] -- Set runtime path of "/home/jmj/dream_ws/install/autoware_control_msgs/lib/libautoware_control_msgs__rosidl_typesupport_introspection_c.so" to ""
[9.558s] -- Installing: /home/jmj/dream_ws/install/autoware_control_msgs/lib/libautoware_control_msgs__rosidl_typesupport_c.so
[9.558s] -- Set runtime path of "/home/jmj/dream_ws/install/autoware_control_msgs/lib/libautoware_control_msgs__rosidl_typesupport_c.so" to ""
[9.558s] -- Up-to-date: /home/jmj/dream_ws/install/autoware_control_msgs/include/autoware_control_msgs/autoware_control_msgs
[9.558s] -- Up-to-date: /home/jmj/dream_ws/install/autoware_control_msgs/include/autoware_control_msgs/autoware_control_msgs/msg
[9.558s] -- Up-to-date: /home/jmj/dream_ws/install/autoware_control_msgs/include/autoware_control_msgs/autoware_control_msgs/msg/detail
[9.558s] -- Installing: /home/jmj/dream_ws/install/autoware_control_msgs/include/autoware_control_msgs/autoware_control_msgs/msg/detail/longitudinal__type_support.cpp
[9.558s] -- Installing: /home/jmj/dream_ws/install/autoware_control_msgs/include/autoware_control_msgs/autoware_control_msgs/msg/detail/control__rosidl_typesupport_introspection_cpp.hpp
[9.558s] -- Installing: /home/jmj/dream_ws/install/autoware_control_msgs/include/autoware_control_msgs/autoware_control_msgs/msg/detail/control_horizon__rosidl_typesupport_introspection_cpp.hpp
[9.558s] -- Installing: /home/jmj/dream_ws/install/autoware_control_msgs/include/autoware_control_msgs/autoware_control_msgs/msg/detail/control__type_support.cpp
[9.558s] -- Installing: /home/jmj/dream_ws/install/autoware_control_msgs/include/autoware_control_msgs/autoware_control_msgs/msg/detail/control_horizon__type_support.cpp
[9.558s] -- Installing: /home/jmj/dream_ws/install/autoware_control_msgs/include/autoware_control_msgs/autoware_control_msgs/msg/detail/lateral__rosidl_typesupport_introspection_cpp.hpp
[9.558s] -- Installing: /home/jmj/dream_ws/install/autoware_control_msgs/include/autoware_control_msgs/autoware_control_msgs/msg/detail/lateral__type_support.cpp
[9.558s] -- Installing: /home/jmj/dream_ws/install/autoware_control_msgs/include/autoware_control_msgs/autoware_control_msgs/msg/detail/longitudinal__rosidl_typesupport_introspection_cpp.hpp
[9.558s] -- Installing: /home/jmj/dream_ws/install/autoware_control_msgs/lib/libautoware_control_msgs__rosidl_typesupport_introspection_cpp.so
[9.558s] -- Set runtime path of "/home/jmj/dream_ws/install/autoware_control_msgs/lib/libautoware_control_msgs__rosidl_typesupport_introspection_cpp.so" to ""
[9.558s] -- Installing: /home/jmj/dream_ws/install/autoware_control_msgs/lib/libautoware_control_msgs__rosidl_typesupport_cpp.so
[9.562s] -- Set runtime path of "/home/jmj/dream_ws/install/autoware_control_msgs/lib/libautoware_control_msgs__rosidl_typesupport_cpp.so" to ""
[9.562s] -- Installing: /home/jmj/dream_ws/install/autoware_control_msgs/share/autoware_control_msgs/environment/pythonpath.sh
[9.562s] -- Installing: /home/jmj/dream_ws/install/autoware_control_msgs/share/autoware_control_msgs/environment/pythonpath.dsv
[9.563s] -- Installing: /home/jmj/dream_ws/install/autoware_control_msgs/local/lib/python3.10/dist-packages/autoware_control_msgs-1.8.0-py3.10.egg-info
[9.563s] -- Installing: /home/jmj/dream_ws/install/autoware_control_msgs/local/lib/python3.10/dist-packages/autoware_control_msgs-1.8.0-py3.10.egg-info/dependency_links.txt
[9.563s] -- Installing: /home/jmj/dream_ws/install/autoware_control_msgs/local/lib/python3.10/dist-packages/autoware_control_msgs-1.8.0-py3.10.egg-info/top_level.txt
[9.563s] -- Installing: /home/jmj/dream_ws/install/autoware_control_msgs/local/lib/python3.10/dist-packages/autoware_control_msgs-1.8.0-py3.10.egg-info/PKG-INFO
[9.563s] -- Installing: /home/jmj/dream_ws/install/autoware_control_msgs/local/lib/python3.10/dist-packages/autoware_control_msgs-1.8.0-py3.10.egg-info/SOURCES.txt
[9.563s] -- Installing: /home/jmj/dream_ws/install/autoware_control_msgs/local/lib/python3.10/dist-packages/autoware_control_msgs
[9.563s] -- Installing: /home/jmj/dream_ws/install/autoware_control_msgs/local/lib/python3.10/dist-packages/autoware_control_msgs/_autoware_control_msgs_s.ep.rosidl_typesupport_fastrtps_c.c
[9.563s] -- Installing: /home/jmj/dream_ws/install/autoware_control_msgs/local/lib/python3.10/dist-packages/autoware_control_msgs/__init__.py
[9.563s] -- Installing: /home/jmj/dream_ws/install/autoware_control_msgs/local/lib/python3.10/dist-packages/autoware_control_msgs/_autoware_control_msgs_s.ep.rosidl_typesupport_c.c
[9.563s] -- Installing: /home/jmj/dream_ws/install/autoware_control_msgs/local/lib/python3.10/dist-packages/autoware_control_msgs/autoware_control_msgs_s__rosidl_typesupport_fastrtps_c.cpython-310-x86_64-linux-gnu.so
[9.563s] -- Installing: /home/jmj/dream_ws/install/autoware_control_msgs/local/lib/python3.10/dist-packages/autoware_control_msgs/autoware_control_msgs_s__rosidl_typesupport_introspection_c.cpython-310-x86_64-linux-gnu.so
[9.563s] -- Installing: /home/jmj/dream_ws/install/autoware_control_msgs/local/lib/python3.10/dist-packages/autoware_control_msgs/libautoware_control_msgs__rosidl_generator_py.so
[9.563s] -- Installing: /home/jmj/dream_ws/install/autoware_control_msgs/local/lib/python3.10/dist-packages/autoware_control_msgs/autoware_control_msgs_s__rosidl_typesupport_c.cpython-310-x86_64-linux-gnu.so
[9.563s] -- Installing: /home/jmj/dream_ws/install/autoware_control_msgs/local/lib/python3.10/dist-packages/autoware_control_msgs/msg
[9.564s] -- Installing: /home/jmj/dream_ws/install/autoware_control_msgs/local/lib/python3.10/dist-packages/autoware_control_msgs/msg/_lateral_s.c
[9.564s] -- Installing: /home/jmj/dream_ws/install/autoware_control_msgs/local/lib/python3.10/dist-packages/autoware_control_msgs/msg/_longitudinal.py
[9.564s] -- Installing: /home/jmj/dream_ws/install/autoware_control_msgs/local/lib/python3.10/dist-packages/autoware_control_msgs/msg/__init__.py
[9.564s] -- Installing: /home/jmj/dream_ws/install/autoware_control_msgs/local/lib/python3.10/dist-packages/autoware_control_msgs/msg/_control_horizon_s.c
[9.564s] -- Installing: /home/jmj/dream_ws/install/autoware_control_msgs/local/lib/python3.10/dist-packages/autoware_control_msgs/msg/_control_s.c
[9.564s] -- Installing: /home/jmj/dream_ws/install/autoware_control_msgs/local/lib/python3.10/dist-packages/autoware_control_msgs/msg/_lateral.py
[9.565s] -- Installing: /home/jmj/dream_ws/install/autoware_control_msgs/local/lib/python3.10/dist-packages/autoware_control_msgs/msg/_control.py
[9.565s] -- Installing: /home/jmj/dream_ws/install/autoware_control_msgs/local/lib/python3.10/dist-packages/autoware_control_msgs/msg/_control_horizon.py
[9.565s] -- Installing: /home/jmj/dream_ws/install/autoware_control_msgs/local/lib/python3.10/dist-packages/autoware_control_msgs/msg/_longitudinal_s.c
[9.565s] -- Installing: /home/jmj/dream_ws/install/autoware_control_msgs/local/lib/python3.10/dist-packages/autoware_control_msgs/_autoware_control_msgs_s.ep.rosidl_typesupport_introspection_c.c
[9.615s] Listing '/home/jmj/dream_ws/install/autoware_control_msgs/local/lib/python3.10/dist-packages/autoware_control_msgs'...
[9.615s] Compiling '/home/jmj/dream_ws/install/autoware_control_msgs/local/lib/python3.10/dist-packages/autoware_control_msgs/__init__.py'...
[9.615s] Listing '/home/jmj/dream_ws/install/autoware_control_msgs/local/lib/python3.10/dist-packages/autoware_control_msgs/msg'...
[9.615s] Compiling '/home/jmj/dream_ws/install/autoware_control_msgs/local/lib/python3.10/dist-packages/autoware_control_msgs/msg/__init__.py'...
[9.615s] Compiling '/home/jmj/dream_ws/install/autoware_control_msgs/local/lib/python3.10/dist-packages/autoware_control_msgs/msg/_control.py'...
[9.615s] Compiling '/home/jmj/dream_ws/install/autoware_control_msgs/local/lib/python3.10/dist-packages/autoware_control_msgs/msg/_control_horizon.py'...
[9.615s] Compiling '/home/jmj/dream_ws/install/autoware_control_msgs/local/lib/python3.10/dist-packages/autoware_control_msgs/msg/_lateral.py'...
[9.615s] Compiling '/home/jmj/dream_ws/install/autoware_control_msgs/local/lib/python3.10/dist-packages/autoware_control_msgs/msg/_longitudinal.py'...
[9.622s] -- Installing: /home/jmj/dream_ws/install/autoware_control_msgs/local/lib/python3.10/dist-packages/autoware_control_msgs/autoware_control_msgs_s__rosidl_typesupport_fastrtps_c.cpython-310-x86_64-linux-gnu.so
[9.622s] -- Set runtime path of "/home/jmj/dream_ws/install/autoware_control_msgs/local/lib/python3.10/dist-packages/autoware_control_msgs/autoware_control_msgs_s__rosidl_typesupport_fastrtps_c.cpython-310-x86_64-linux-gnu.so" to ""
[9.623s] -- Installing: /home/jmj/dream_ws/install/autoware_control_msgs/local/lib/python3.10/dist-packages/autoware_control_msgs/autoware_control_msgs_s__rosidl_typesupport_introspection_c.cpython-310-x86_64-linux-gnu.so
[9.623s] -- Set runtime path of "/home/jmj/dream_ws/install/autoware_control_msgs/local/lib/python3.10/dist-packages/autoware_control_msgs/autoware_control_msgs_s__rosidl_typesupport_introspection_c.cpython-310-x86_64-linux-gnu.so" to ""
[9.623s] -- Installing: /home/jmj/dream_ws/install/autoware_control_msgs/local/lib/python3.10/dist-packages/autoware_control_msgs/autoware_control_msgs_s__rosidl_typesupport_c.cpython-310-x86_64-linux-gnu.so
[9.623s] -- Set runtime path of "/home/jmj/dream_ws/install/autoware_control_msgs/local/lib/python3.10/dist-packages/autoware_control_msgs/autoware_control_msgs_s__rosidl_typesupport_c.cpython-310-x86_64-linux-gnu.so" to ""
[9.624s] -- Installing: /home/jmj/dream_ws/install/autoware_control_msgs/lib/libautoware_control_msgs__rosidl_generator_py.so
[9.624s] -- Set runtime path of "/home/jmj/dream_ws/install/autoware_control_msgs/lib/libautoware_control_msgs__rosidl_generator_py.so" to ""
[9.624s] -- Installing: /home/jmj/dream_ws/install/autoware_control_msgs/share/autoware_control_msgs/msg/Control.idl
[9.624s] -- Installing: /home/jmj/dream_ws/install/autoware_control_msgs/share/autoware_control_msgs/msg/ControlHorizon.idl
[9.624s] -- Installing: /home/jmj/dream_ws/install/autoware_control_msgs/share/autoware_control_msgs/msg/Lateral.idl
[9.624s] -- Installing: /home/jmj/dream_ws/install/autoware_control_msgs/share/autoware_control_msgs/msg/Longitudinal.idl
[9.625s] -- Installing: /home/jmj/dream_ws/install/autoware_control_msgs/share/autoware_control_msgs/msg/Control.msg
[9.625s] -- Installing: /home/jmj/dream_ws/install/autoware_control_msgs/share/autoware_control_msgs/msg/ControlHorizon.msg
[9.625s] -- Installing: /home/jmj/dream_ws/install/autoware_control_msgs/share/autoware_control_msgs/msg/Lateral.msg
[9.625s] -- Installing: /home/jmj/dream_ws/install/autoware_control_msgs/share/autoware_control_msgs/msg/Longitudinal.msg
[9.625s] -- Installing: /home/jmj/dream_ws/install/autoware_control_msgs/share/ament_index/resource_index/package_run_dependencies/autoware_control_msgs
[9.625s] -- Installing: /home/jmj/dream_ws/install/autoware_control_msgs/share/ament_index/resource_index/parent_prefix_path/autoware_control_msgs
[9.625s] -- Installing: /home/jmj/dream_ws/install/autoware_control_msgs/share/autoware_control_msgs/environment/ament_prefix_path.sh
[9.626s] -- Installing: /home/jmj/dream_ws/install/autoware_control_msgs/share/autoware_control_msgs/environment/ament_prefix_path.dsv
[9.626s] -- Installing: /home/jmj/dream_ws/install/autoware_control_msgs/share/autoware_control_msgs/environment/path.sh
[9.626s] -- Installing: /home/jmj/dream_ws/install/autoware_control_msgs/share/autoware_control_msgs/environment/path.dsv
[9.626s] -- Installing: /home/jmj/dream_ws/install/autoware_control_msgs/share/autoware_control_msgs/local_setup.bash
[9.626s] -- Installing: /home/jmj/dream_ws/install/autoware_control_msgs/share/autoware_control_msgs/local_setup.sh
[9.626s] -- Installing: /home/jmj/dream_ws/install/autoware_control_msgs/share/autoware_control_msgs/local_setup.zsh
[9.626s] -- Installing: /home/jmj/dream_ws/install/autoware_control_msgs/share/autoware_control_msgs/local_setup.dsv
[9.626s] -- Installing: /home/jmj/dream_ws/install/autoware_control_msgs/share/autoware_control_msgs/package.dsv
[9.627s] -- Installing: /home/jmj/dream_ws/install/autoware_control_msgs/share/ament_index/resource_index/packages/autoware_control_msgs
[9.627s] -- Installing: /home/jmj/dream_ws/install/autoware_control_msgs/share/autoware_control_msgs/cmake/export_autoware_control_msgs__rosidl_generator_cExport.cmake
[9.627s] -- Installing: /home/jmj/dream_ws/install/autoware_control_msgs/share/autoware_control_msgs/cmake/export_autoware_control_msgs__rosidl_generator_cExport-noconfig.cmake
[9.627s] -- Installing: /home/jmj/dream_ws/install/autoware_control_msgs/share/autoware_control_msgs/cmake/export_autoware_control_msgs__rosidl_typesupport_fastrtps_cExport.cmake
[9.627s] -- Installing: /home/jmj/dream_ws/install/autoware_control_msgs/share/autoware_control_msgs/cmake/export_autoware_control_msgs__rosidl_typesupport_fastrtps_cExport-noconfig.cmake
[9.628s] -- Installing: /home/jmj/dream_ws/install/autoware_control_msgs/share/autoware_control_msgs/cmake/export_autoware_control_msgs__rosidl_generator_cppExport.cmake
[9.628s] -- Installing: /home/jmj/dream_ws/install/autoware_control_msgs/share/autoware_control_msgs/cmake/export_autoware_control_msgs__rosidl_typesupport_fastrtps_cppExport.cmake
[9.628s] -- Installing: /home/jmj/dream_ws/install/autoware_control_msgs/share/autoware_control_msgs/cmake/export_autoware_control_msgs__rosidl_typesupport_fastrtps_cppExport-noconfig.cmake
[9.628s] -- Installing: /home/jmj/dream_ws/install/autoware_control_msgs/share/autoware_control_msgs/cmake/autoware_control_msgs__rosidl_typesupport_introspection_cExport.cmake
[9.628s] -- Installing: /home/jmj/dream_ws/install/autoware_control_msgs/share/autoware_control_msgs/cmake/autoware_control_msgs__rosidl_typesupport_introspection_cExport-noconfig.cmake
[9.628s] -- Installing: /home/jmj/dream_ws/install/autoware_control_msgs/share/autoware_control_msgs/cmake/autoware_control_msgs__rosidl_typesupport_cExport.cmake
[9.628s] -- Installing: /home/jmj/dream_ws/install/autoware_control_msgs/share/autoware_control_msgs/cmake/autoware_control_msgs__rosidl_typesupport_cExport-noconfig.cmake
[9.629s] -- Installing: /home/jmj/dream_ws/install/autoware_control_msgs/share/autoware_control_msgs/cmake/autoware_control_msgs__rosidl_typesupport_introspection_cppExport.cmake
[9.629s] -- Installing: /home/jmj/dream_ws/install/autoware_control_msgs/share/autoware_control_msgs/cmake/autoware_control_msgs__rosidl_typesupport_introspection_cppExport-noconfig.cmake
[9.629s] -- Installing: /home/jmj/dream_ws/install/autoware_control_msgs/share/autoware_control_msgs/cmake/autoware_control_msgs__rosidl_typesupport_cppExport.cmake
[9.629s] -- Installing: /home/jmj/dream_ws/install/autoware_control_msgs/share/autoware_control_msgs/cmake/autoware_control_msgs__rosidl_typesupport_cppExport-noconfig.cmake
[9.632s] -- Installing: /home/jmj/dream_ws/install/autoware_control_msgs/share/autoware_control_msgs/cmake/export_autoware_control_msgs__rosidl_generator_pyExport.cmake
[9.632s] -- Installing: /home/jmj/dream_ws/install/autoware_control_msgs/share/autoware_control_msgs/cmake/export_autoware_control_msgs__rosidl_generator_pyExport-noconfig.cmake
[9.632s] -- Installing: /home/jmj/dream_ws/install/autoware_control_msgs/share/autoware_control_msgs/cmake/rosidl_cmake-extras.cmake
[9.632s] -- Installing: /home/jmj/dream_ws/install/autoware_control_msgs/share/autoware_control_msgs/cmake/ament_cmake_export_dependencies-extras.cmake
[9.632s] -- Installing: /home/jmj/dream_ws/install/autoware_control_msgs/share/autoware_control_msgs/cmake/ament_cmake_export_include_directories-extras.cmake
[9.632s] -- Installing: /home/jmj/dream_ws/install/autoware_control_msgs/share/autoware_control_msgs/cmake/ament_cmake_export_libraries-extras.cmake
[9.632s] -- Installing: /home/jmj/dream_ws/install/autoware_control_msgs/share/autoware_control_msgs/cmake/ament_cmake_export_targets-extras.cmake
[9.632s] -- Installing: /home/jmj/dream_ws/install/autoware_control_msgs/share/autoware_control_msgs/cmake/rosidl_cmake_export_typesupport_targets-extras.cmake
[9.632s] -- Installing: /home/jmj/dream_ws/install/autoware_control_msgs/share/autoware_control_msgs/cmake/rosidl_cmake_export_typesupport_libraries-extras.cmake
[9.632s] -- Installing: /home/jmj/dream_ws/install/autoware_control_msgs/share/autoware_control_msgs/cmake/autoware_control_msgsConfig.cmake
[9.632s] -- Installing: /home/jmj/dream_ws/install/autoware_control_msgs/share/autoware_control_msgs/cmake/autoware_control_msgsConfig-version.cmake
[9.632s] -- Installing: /home/jmj/dream_ws/install/autoware_control_msgs/share/autoware_control_msgs/package.xml
[9.641s] Invoked command in '/home/jmj/dream_ws/build/autoware_control_msgs' returned '0': CMAKE_PREFIX_PATH=${CMAKE_PREFIX_PATH}:/home/jmj/dream_ws/install/dream:/opt/ros/humble /usr/bin/cmake --install /home/jmj/dream_ws/build/autoware_control_msgs
