[0.021s] Invoking command in '/home/jmj/dream_ws/build/autoware_sensing_msgs': CMAKE_PREFIX_PATH=${CMAKE_PREFIX_PATH}:/home/jmj/dream_ws/install/dream:/opt/ros/humble /usr/bin/cmake --build /home/jmj/dream_ws/build/autoware_sensing_msgs -- -j20 -l20
[0.081s] [ 11%] Built target autoware_sensing_msgs__rosidl_generator_c
[0.082s] [ 11%] Built target ament_cmake_python_copy_autoware_sensing_msgs
[0.085s] [ 12%] Built target autoware_sensing_msgs__cpp
[0.137s] [ 24%] Built target autoware_sensing_msgs__rosidl_typesupport_c
[0.142s] [ 35%] Built target autoware_sensing_msgs__rosidl_typesupport_fastrtps_c
[0.151s] [ 46%] Built target autoware_sensing_msgs__rosidl_typesupport_cpp
[0.151s] [ 58%] Built target autoware_sensing_msgs__rosidl_typesupport_fastrtps_cpp
[0.151s] [ 69%] Built target autoware_sensing_msgs__rosidl_typesupport_introspection_c
[0.152s] [ 81%] Built target autoware_sensing_msgs__rosidl_typesupport_introspection_cpp
[0.181s] [ 81%] Built target autoware_sensing_msgs
[0.199s] [ 82%] Built target autoware_sensing_msgs__py
[0.218s] [ 92%] Built target autoware_sensing_msgs__rosidl_generator_py
[0.238s] [ 94%] Built target autoware_sensing_msgs__rosidl_typesupport_fastrtps_c__pyext
[0.248s] [ 97%] Built target autoware_sensing_msgs__rosidl_typesupport_c__pyext
[0.249s] [100%] Built target autoware_sensing_msgs__rosidl_typesupport_introspection_c__pyext
[0.357s] running egg_info
[0.357s] writing autoware_sensing_msgs.egg-info/PKG-INFO
[0.357s] writing dependency_links to autoware_sensing_msgs.egg-info/dependency_links.txt
[0.357s] writing top-level names to autoware_sensing_msgs.egg-info/top_level.txt
[0.358s] reading manifest file 'autoware_sensing_msgs.egg-info/SOURCES.txt'
[0.358s] writing manifest file 'autoware_sensing_msgs.egg-info/SOURCES.txt'
[0.377s] [100%] Built target ament_cmake_python_build_autoware_sensing_msgs_egg
[0.398s] Invoked command in '/home/jmj/dream_ws/build/autoware_sensing_msgs' returned '0': CMAKE_PREFIX_PATH=${CMAKE_PREFIX_PATH}:/home/jmj/dream_ws/install/dream:/opt/ros/humble /usr/bin/cmake --build /home/jmj/dream_ws/build/autoware_sensing_msgs -- -j20 -l20
[0.408s] Invoking command in '/home/jmj/dream_ws/build/autoware_sensing_msgs': CMAKE_PREFIX_PATH=${CMAKE_PREFIX_PATH}:/home/jmj/dream_ws/install/dream:/opt/ros/humble /usr/bin/cmake --install /home/jmj/dream_ws/build/autoware_sensing_msgs
[0.413s] -- Install configuration: ""
[0.413s] -- Up-to-date: /home/jmj/dream_ws/install/autoware_sensing_msgs/share/ament_index/resource_index/rosidl_interfaces/autoware_sensing_msgs
[0.413s] -- Up-to-date: /home/jmj/dream_ws/install/autoware_sensing_msgs/include/autoware_sensing_msgs/autoware_sensing_msgs
[0.413s] -- Up-to-date: /home/jmj/dream_ws/install/autoware_sensing_msgs/include/autoware_sensing_msgs/autoware_sensing_msgs/msg
[0.413s] -- Up-to-date: /home/jmj/dream_ws/install/autoware_sensing_msgs/include/autoware_sensing_msgs/autoware_sensing_msgs/msg/rosidl_generator_c__visibility_control.h
[0.413s] -- Up-to-date: /home/jmj/dream_ws/install/autoware_sensing_msgs/include/autoware_sensing_msgs/autoware_sensing_msgs/msg/detail
[0.413s] -- Up-to-date: /home/jmj/dream_ws/install/autoware_sensing_msgs/include/autoware_sensing_msgs/autoware_sensing_msgs/msg/detail/radar_object__type_support.h
[0.413s] -- Up-to-date: /home/jmj/dream_ws/install/autoware_sensing_msgs/include/autoware_sensing_msgs/autoware_sensing_msgs/msg/detail/gnss_ins_orientation_stamped__functions.h
[0.413s] -- Up-to-date: /home/jmj/dream_ws/install/autoware_sensing_msgs/include/autoware_sensing_msgs/autoware_sensing_msgs/msg/detail/radar_classification__functions.c
[0.413s] -- Up-to-date: /home/jmj/dream_ws/install/autoware_sensing_msgs/include/autoware_sensing_msgs/autoware_sensing_msgs/msg/detail/gnss_ins_orientation__type_support.h
[0.413s] -- Up-to-date: /home/jmj/dream_ws/install/autoware_sensing_msgs/include/autoware_sensing_msgs/autoware_sensing_msgs/msg/detail/radar_info__functions.h
[0.413s] -- Up-to-date: /home/jmj/dream_ws/install/autoware_sensing_msgs/include/autoware_sensing_msgs/autoware_sensing_msgs/msg/detail/gnss_ins_orientation_stamped__type_support.h
[0.414s] -- Up-to-date: /home/jmj/dream_ws/install/autoware_sensing_msgs/include/autoware_sensing_msgs/autoware_sensing_msgs/msg/detail/radar_field_info__functions.c
[0.414s] -- Up-to-date: /home/jmj/dream_ws/install/autoware_sensing_msgs/include/autoware_sensing_msgs/autoware_sensing_msgs/msg/detail/radar_classification__functions.h
[0.414s] -- Up-to-date: /home/jmj/dream_ws/install/autoware_sensing_msgs/include/autoware_sensing_msgs/autoware_sensing_msgs/msg/detail/radar_field_info__struct.h
[0.414s] -- Up-to-date: /home/jmj/dream_ws/install/autoware_sensing_msgs/include/autoware_sensing_msgs/autoware_sensing_msgs/msg/detail/gnss_ins_orientation__functions.h
[0.414s] -- Up-to-date: /home/jmj/dream_ws/install/autoware_sensing_msgs/include/autoware_sensing_msgs/autoware_sensing_msgs/msg/detail/gnss_ins_orientation_stamped__struct.h
[0.414s] -- Up-to-date: /home/jmj/dream_ws/install/autoware_sensing_msgs/include/autoware_sensing_msgs/autoware_sensing_msgs/msg/detail/radar_object__struct.h
[0.414s] -- Up-to-date: /home/jmj/dream_ws/install/autoware_sensing_msgs/include/autoware_sensing_msgs/autoware_sensing_msgs/msg/detail/radar_object__functions.h
[0.414s] -- Up-to-date: /home/jmj/dream_ws/install/autoware_sensing_msgs/include/autoware_sensing_msgs/autoware_sensing_msgs/msg/detail/radar_objects__functions.h
[0.414s] -- Up-to-date: /home/jmj/dream_ws/install/autoware_sensing_msgs/include/autoware_sensing_msgs/autoware_sensing_msgs/msg/detail/radar_classification__struct.h
[0.414s] -- Up-to-date: /home/jmj/dream_ws/install/autoware_sensing_msgs/include/autoware_sensing_msgs/autoware_sensing_msgs/msg/detail/gnss_ins_orientation__functions.c
[0.414s] -- Up-to-date: /home/jmj/dream_ws/install/autoware_sensing_msgs/include/autoware_sensing_msgs/autoware_sensing_msgs/msg/detail/radar_info__type_support.h
[0.414s] -- Up-to-date: /home/jmj/dream_ws/install/autoware_sensing_msgs/include/autoware_sensing_msgs/autoware_sensing_msgs/msg/detail/radar_object__functions.c
[0.414s] -- Up-to-date: /home/jmj/dream_ws/install/autoware_sensing_msgs/include/autoware_sensing_msgs/autoware_sensing_msgs/msg/detail/radar_info__functions.c
[0.414s] -- Up-to-date: /home/jmj/dream_ws/install/autoware_sensing_msgs/include/autoware_sensing_msgs/autoware_sensing_msgs/msg/detail/radar_classification__type_support.h
[0.414s] -- Up-to-date: /home/jmj/dream_ws/install/autoware_sensing_msgs/include/autoware_sensing_msgs/autoware_sensing_msgs/msg/detail/radar_info__struct.h
[0.414s] -- Up-to-date: /home/jmj/dream_ws/install/autoware_sensing_msgs/include/autoware_sensing_msgs/autoware_sensing_msgs/msg/detail/radar_objects__type_support.h
[0.414s] -- Up-to-date: /home/jmj/dream_ws/install/autoware_sensing_msgs/include/autoware_sensing_msgs/autoware_sensing_msgs/msg/detail/radar_objects__functions.c
[0.414s] -- Up-to-date: /home/jmj/dream_ws/install/autoware_sensing_msgs/include/autoware_sensing_msgs/autoware_sensing_msgs/msg/detail/radar_objects__struct.h
[0.414s] -- Up-to-date: /home/jmj/dream_ws/install/autoware_sensing_msgs/include/autoware_sensing_msgs/autoware_sensing_msgs/msg/detail/radar_field_info__type_support.h
[0.414s] -- Up-to-date: /home/jmj/dream_ws/install/autoware_sensing_msgs/include/autoware_sensing_msgs/autoware_sensing_msgs/msg/detail/gnss_ins_orientation__struct.h
[0.414s] -- Up-to-date: /home/jmj/dream_ws/install/autoware_sensing_msgs/include/autoware_sensing_msgs/autoware_sensing_msgs/msg/detail/gnss_ins_orientation_stamped__functions.c
[0.414s] -- Up-to-date: /home/jmj/dream_ws/install/autoware_sensing_msgs/include/autoware_sensing_msgs/autoware_sensing_msgs/msg/detail/radar_field_info__functions.h
[0.414s] -- Up-to-date: /home/jmj/dream_ws/install/autoware_sensing_msgs/include/autoware_sensing_msgs/autoware_sensing_msgs/msg/radar_field_info.h
[0.414s] -- Up-to-date: /home/jmj/dream_ws/install/autoware_sensing_msgs/include/autoware_sensing_msgs/autoware_sensing_msgs/msg/gnss_ins_orientation.h
[0.414s] -- Up-to-date: /home/jmj/dream_ws/install/autoware_sensing_msgs/include/autoware_sensing_msgs/autoware_sensing_msgs/msg/gnss_ins_orientation_stamped.h
[0.414s] -- Up-to-date: /home/jmj/dream_ws/install/autoware_sensing_msgs/include/autoware_sensing_msgs/autoware_sensing_msgs/msg/radar_objects.h
[0.414s] -- Up-to-date: /home/jmj/dream_ws/install/autoware_sensing_msgs/include/autoware_sensing_msgs/autoware_sensing_msgs/msg/radar_info.h
[0.414s] -- Up-to-date: /home/jmj/dream_ws/install/autoware_sensing_msgs/include/autoware_sensing_msgs/autoware_sensing_msgs/msg/radar_classification.h
[0.414s] -- Up-to-date: /home/jmj/dream_ws/install/autoware_sensing_msgs/include/autoware_sensing_msgs/autoware_sensing_msgs/msg/radar_object.h
[0.414s] -- Up-to-date: /home/jmj/dream_ws/install/autoware_sensing_msgs/share/autoware_sensing_msgs/environment/library_path.sh
[0.414s] -- Up-to-date: /home/jmj/dream_ws/install/autoware_sensing_msgs/share/autoware_sensing_msgs/environment/library_path.dsv
[0.414s] -- Up-to-date: /home/jmj/dream_ws/install/autoware_sensing_msgs/lib/libautoware_sensing_msgs__rosidl_generator_c.so
[0.414s] -- Up-to-date: /home/jmj/dream_ws/install/autoware_sensing_msgs/include/autoware_sensing_msgs/autoware_sensing_msgs
[0.414s] -- Up-to-date: /home/jmj/dream_ws/install/autoware_sensing_msgs/include/autoware_sensing_msgs/autoware_sensing_msgs/msg
[0.414s] -- Up-to-date: /home/jmj/dream_ws/install/autoware_sensing_msgs/include/autoware_sensing_msgs/autoware_sensing_msgs/msg/detail
[0.414s] -- Up-to-date: /home/jmj/dream_ws/install/autoware_sensing_msgs/include/autoware_sensing_msgs/autoware_sensing_msgs/msg/detail/radar_field_info__rosidl_typesupport_fastrtps_c.h
[0.414s] -- Up-to-date: /home/jmj/dream_ws/install/autoware_sensing_msgs/include/autoware_sensing_msgs/autoware_sensing_msgs/msg/detail/radar_objects__rosidl_typesupport_fastrtps_c.h
[0.414s] -- Up-to-date: /home/jmj/dream_ws/install/autoware_sensing_msgs/include/autoware_sensing_msgs/autoware_sensing_msgs/msg/detail/radar_object__rosidl_typesupport_fastrtps_c.h
[0.415s] -- Up-to-date: /home/jmj/dream_ws/install/autoware_sensing_msgs/include/autoware_sensing_msgs/autoware_sensing_msgs/msg/detail/gnss_ins_orientation__rosidl_typesupport_fastrtps_c.h
[0.415s] -- Up-to-date: /home/jmj/dream_ws/install/autoware_sensing_msgs/include/autoware_sensing_msgs/autoware_sensing_msgs/msg/detail/radar_classification__rosidl_typesupport_fastrtps_c.h
[0.415s] -- Up-to-date: /home/jmj/dream_ws/install/autoware_sensing_msgs/include/autoware_sensing_msgs/autoware_sensing_msgs/msg/detail/radar_info__rosidl_typesupport_fastrtps_c.h
[0.415s] -- Up-to-date: /home/jmj/dream_ws/install/autoware_sensing_msgs/include/autoware_sensing_msgs/autoware_sensing_msgs/msg/detail/gnss_ins_orientation_stamped__rosidl_typesupport_fastrtps_c.h
[0.415s] -- Up-to-date: /home/jmj/dream_ws/install/autoware_sensing_msgs/include/autoware_sensing_msgs/autoware_sensing_msgs/msg/rosidl_typesupport_fastrtps_c__visibility_control.h
[0.415s] -- Up-to-date: /home/jmj/dream_ws/install/autoware_sensing_msgs/lib/libautoware_sensing_msgs__rosidl_typesupport_fastrtps_c.so
[0.415s] -- Up-to-date: /home/jmj/dream_ws/install/autoware_sensing_msgs/include/autoware_sensing_msgs/autoware_sensing_msgs
[0.415s] -- Up-to-date: /home/jmj/dream_ws/install/autoware_sensing_msgs/include/autoware_sensing_msgs/autoware_sensing_msgs/msg
[0.415s] -- Up-to-date: /home/jmj/dream_ws/install/autoware_sensing_msgs/include/autoware_sensing_msgs/autoware_sensing_msgs/msg/radar_objects.hpp
[0.415s] -- Up-to-date: /home/jmj/dream_ws/install/autoware_sensing_msgs/include/autoware_sensing_msgs/autoware_sensing_msgs/msg/gnss_ins_orientation_stamped.hpp
[0.415s] -- Up-to-date: /home/jmj/dream_ws/install/autoware_sensing_msgs/include/autoware_sensing_msgs/autoware_sensing_msgs/msg/detail
[0.415s] -- Up-to-date: /home/jmj/dream_ws/install/autoware_sensing_msgs/include/autoware_sensing_msgs/autoware_sensing_msgs/msg/detail/radar_object__traits.hpp
[0.415s] -- Up-to-date: /home/jmj/dream_ws/install/autoware_sensing_msgs/include/autoware_sensing_msgs/autoware_sensing_msgs/msg/detail/radar_object__builder.hpp
[0.415s] -- Up-to-date: /home/jmj/dream_ws/install/autoware_sensing_msgs/include/autoware_sensing_msgs/autoware_sensing_msgs/msg/detail/radar_info__type_support.hpp
[0.415s] -- Up-to-date: /home/jmj/dream_ws/install/autoware_sensing_msgs/include/autoware_sensing_msgs/autoware_sensing_msgs/msg/detail/radar_object__type_support.hpp
[0.415s] -- Up-to-date: /home/jmj/dream_ws/install/autoware_sensing_msgs/include/autoware_sensing_msgs/autoware_sensing_msgs/msg/detail/radar_classification__struct.hpp
[0.415s] -- Up-to-date: /home/jmj/dream_ws/install/autoware_sensing_msgs/include/autoware_sensing_msgs/autoware_sensing_msgs/msg/detail/gnss_ins_orientation_stamped__type_support.hpp
[0.415s] -- Up-to-date: /home/jmj/dream_ws/install/autoware_sensing_msgs/include/autoware_sensing_msgs/autoware_sensing_msgs/msg/detail/radar_classification__type_support.hpp
[0.415s] -- Up-to-date: /home/jmj/dream_ws/install/autoware_sensing_msgs/include/autoware_sensing_msgs/autoware_sensing_msgs/msg/detail/radar_field_info__type_support.hpp
[0.415s] -- Up-to-date: /home/jmj/dream_ws/install/autoware_sensing_msgs/include/autoware_sensing_msgs/autoware_sensing_msgs/msg/detail/radar_info__struct.hpp
[0.415s] -- Up-to-date: /home/jmj/dream_ws/install/autoware_sensing_msgs/include/autoware_sensing_msgs/autoware_sensing_msgs/msg/detail/radar_classification__traits.hpp
[0.415s] -- Up-to-date: /home/jmj/dream_ws/install/autoware_sensing_msgs/include/autoware_sensing_msgs/autoware_sensing_msgs/msg/detail/radar_objects__builder.hpp
[0.415s] -- Up-to-date: /home/jmj/dream_ws/install/autoware_sensing_msgs/include/autoware_sensing_msgs/autoware_sensing_msgs/msg/detail/radar_field_info__traits.hpp
[0.415s] -- Up-to-date: /home/jmj/dream_ws/install/autoware_sensing_msgs/include/autoware_sensing_msgs/autoware_sensing_msgs/msg/detail/gnss_ins_orientation__traits.hpp
[0.415s] -- Up-to-date: /home/jmj/dream_ws/install/autoware_sensing_msgs/include/autoware_sensing_msgs/autoware_sensing_msgs/msg/detail/gnss_ins_orientation_stamped__struct.hpp
[0.415s] -- Up-to-date: /home/jmj/dream_ws/install/autoware_sensing_msgs/include/autoware_sensing_msgs/autoware_sensing_msgs/msg/detail/gnss_ins_orientation__type_support.hpp
[0.415s] -- Up-to-date: /home/jmj/dream_ws/install/autoware_sensing_msgs/include/autoware_sensing_msgs/autoware_sensing_msgs/msg/detail/radar_object__struct.hpp
[0.415s] -- Up-to-date: /home/jmj/dream_ws/install/autoware_sensing_msgs/include/autoware_sensing_msgs/autoware_sensing_msgs/msg/detail/radar_classification__builder.hpp
[0.415s] -- Up-to-date: /home/jmj/dream_ws/install/autoware_sensing_msgs/include/autoware_sensing_msgs/autoware_sensing_msgs/msg/detail/radar_field_info__struct.hpp
[0.415s] -- Up-to-date: /home/jmj/dream_ws/install/autoware_sensing_msgs/include/autoware_sensing_msgs/autoware_sensing_msgs/msg/detail/gnss_ins_orientation_stamped__builder.hpp
[0.415s] -- Up-to-date: /home/jmj/dream_ws/install/autoware_sensing_msgs/include/autoware_sensing_msgs/autoware_sensing_msgs/msg/detail/radar_info__builder.hpp
[0.415s] -- Up-to-date: /home/jmj/dream_ws/install/autoware_sensing_msgs/include/autoware_sensing_msgs/autoware_sensing_msgs/msg/detail/radar_field_info__builder.hpp
[0.415s] -- Up-to-date: /home/jmj/dream_ws/install/autoware_sensing_msgs/include/autoware_sensing_msgs/autoware_sensing_msgs/msg/detail/radar_objects__struct.hpp
[0.415s] -- Up-to-date: /home/jmj/dream_ws/install/autoware_sensing_msgs/include/autoware_sensing_msgs/autoware_sensing_msgs/msg/detail/radar_objects__type_support.hpp
[0.415s] -- Up-to-date: /home/jmj/dream_ws/install/autoware_sensing_msgs/include/autoware_sensing_msgs/autoware_sensing_msgs/msg/detail/radar_objects__traits.hpp
[0.415s] -- Up-to-date: /home/jmj/dream_ws/install/autoware_sensing_msgs/include/autoware_sensing_msgs/autoware_sensing_msgs/msg/detail/gnss_ins_orientation__struct.hpp
[0.416s] -- Up-to-date: /home/jmj/dream_ws/install/autoware_sensing_msgs/include/autoware_sensing_msgs/autoware_sensing_msgs/msg/detail/radar_info__traits.hpp
[0.416s] -- Up-to-date: /home/jmj/dream_ws/install/autoware_sensing_msgs/include/autoware_sensing_msgs/autoware_sensing_msgs/msg/detail/gnss_ins_orientation_stamped__traits.hpp
[0.416s] -- Up-to-date: /home/jmj/dream_ws/install/autoware_sensing_msgs/include/autoware_sensing_msgs/autoware_sensing_msgs/msg/detail/gnss_ins_orientation__builder.hpp
[0.416s] -- Up-to-date: /home/jmj/dream_ws/install/autoware_sensing_msgs/include/autoware_sensing_msgs/autoware_sensing_msgs/msg/gnss_ins_orientation.hpp
[0.416s] -- Up-to-date: /home/jmj/dream_ws/install/autoware_sensing_msgs/include/autoware_sensing_msgs/autoware_sensing_msgs/msg/radar_field_info.hpp
[0.416s] -- Up-to-date: /home/jmj/dream_ws/install/autoware_sensing_msgs/include/autoware_sensing_msgs/autoware_sensing_msgs/msg/rosidl_generator_cpp__visibility_control.hpp
[0.416s] -- Up-to-date: /home/jmj/dream_ws/install/autoware_sensing_msgs/include/autoware_sensing_msgs/autoware_sensing_msgs/msg/radar_info.hpp
[0.416s] -- Up-to-date: /home/jmj/dream_ws/install/autoware_sensing_msgs/include/autoware_sensing_msgs/autoware_sensing_msgs/msg/radar_object.hpp
[0.416s] -- Up-to-date: /home/jmj/dream_ws/install/autoware_sensing_msgs/include/autoware_sensing_msgs/autoware_sensing_msgs/msg/radar_classification.hpp
[0.416s] -- Up-to-date: /home/jmj/dream_ws/install/autoware_sensing_msgs/include/autoware_sensing_msgs/autoware_sensing_msgs
[0.416s] -- Up-to-date: /home/jmj/dream_ws/install/autoware_sensing_msgs/include/autoware_sensing_msgs/autoware_sensing_msgs/msg
[0.416s] -- Up-to-date: /home/jmj/dream_ws/install/autoware_sensing_msgs/include/autoware_sensing_msgs/autoware_sensing_msgs/msg/detail
[0.416s] -- Up-to-date: /home/jmj/dream_ws/install/autoware_sensing_msgs/include/autoware_sensing_msgs/autoware_sensing_msgs/msg/detail/dds_fastrtps
[0.416s] -- Up-to-date: /home/jmj/dream_ws/install/autoware_sensing_msgs/include/autoware_sensing_msgs/autoware_sensing_msgs/msg/detail/radar_field_info__rosidl_typesupport_fastrtps_cpp.hpp
[0.416s] -- Up-to-date: /home/jmj/dream_ws/install/autoware_sensing_msgs/include/autoware_sensing_msgs/autoware_sensing_msgs/msg/detail/gnss_ins_orientation_stamped__rosidl_typesupport_fastrtps_cpp.hpp
[0.416s] -- Up-to-date: /home/jmj/dream_ws/install/autoware_sensing_msgs/include/autoware_sensing_msgs/autoware_sensing_msgs/msg/detail/radar_info__rosidl_typesupport_fastrtps_cpp.hpp
[0.416s] -- Up-to-date: /home/jmj/dream_ws/install/autoware_sensing_msgs/include/autoware_sensing_msgs/autoware_sensing_msgs/msg/detail/gnss_ins_orientation__rosidl_typesupport_fastrtps_cpp.hpp
[0.416s] -- Up-to-date: /home/jmj/dream_ws/install/autoware_sensing_msgs/include/autoware_sensing_msgs/autoware_sensing_msgs/msg/detail/radar_object__rosidl_typesupport_fastrtps_cpp.hpp
[0.416s] -- Up-to-date: /home/jmj/dream_ws/install/autoware_sensing_msgs/include/autoware_sensing_msgs/autoware_sensing_msgs/msg/detail/radar_classification__rosidl_typesupport_fastrtps_cpp.hpp
[0.416s] -- Up-to-date: /home/jmj/dream_ws/install/autoware_sensing_msgs/include/autoware_sensing_msgs/autoware_sensing_msgs/msg/detail/radar_objects__rosidl_typesupport_fastrtps_cpp.hpp
[0.416s] -- Up-to-date: /home/jmj/dream_ws/install/autoware_sensing_msgs/include/autoware_sensing_msgs/autoware_sensing_msgs/msg/rosidl_typesupport_fastrtps_cpp__visibility_control.h
[0.416s] -- Up-to-date: /home/jmj/dream_ws/install/autoware_sensing_msgs/lib/libautoware_sensing_msgs__rosidl_typesupport_fastrtps_cpp.so
[0.416s] -- Up-to-date: /home/jmj/dream_ws/install/autoware_sensing_msgs/include/autoware_sensing_msgs/autoware_sensing_msgs
[0.416s] -- Up-to-date: /home/jmj/dream_ws/install/autoware_sensing_msgs/include/autoware_sensing_msgs/autoware_sensing_msgs/msg
[0.416s] -- Up-to-date: /home/jmj/dream_ws/install/autoware_sensing_msgs/include/autoware_sensing_msgs/autoware_sensing_msgs/msg/detail
[0.416s] -- Up-to-date: /home/jmj/dream_ws/install/autoware_sensing_msgs/include/autoware_sensing_msgs/autoware_sensing_msgs/msg/detail/radar_field_info__type_support.c
[0.416s] -- Up-to-date: /home/jmj/dream_ws/install/autoware_sensing_msgs/include/autoware_sensing_msgs/autoware_sensing_msgs/msg/detail/radar_info__rosidl_typesupport_introspection_c.h
[0.416s] -- Up-to-date: /home/jmj/dream_ws/install/autoware_sensing_msgs/include/autoware_sensing_msgs/autoware_sensing_msgs/msg/detail/radar_classification__type_support.c
[0.416s] -- Up-to-date: /home/jmj/dream_ws/install/autoware_sensing_msgs/include/autoware_sensing_msgs/autoware_sensing_msgs/msg/detail/gnss_ins_orientation_stamped__rosidl_typesupport_introspection_c.h
[0.416s] -- Up-to-date: /home/jmj/dream_ws/install/autoware_sensing_msgs/include/autoware_sensing_msgs/autoware_sensing_msgs/msg/detail/radar_field_info__rosidl_typesupport_introspection_c.h
[0.416s] -- Up-to-date: /home/jmj/dream_ws/install/autoware_sensing_msgs/include/autoware_sensing_msgs/autoware_sensing_msgs/msg/detail/radar_info__type_support.c
[0.416s] -- Up-to-date: /home/jmj/dream_ws/install/autoware_sensing_msgs/include/autoware_sensing_msgs/autoware_sensing_msgs/msg/detail/gnss_ins_orientation__rosidl_typesupport_introspection_c.h
[0.416s] -- Up-to-date: /home/jmj/dream_ws/install/autoware_sensing_msgs/include/autoware_sensing_msgs/autoware_sensing_msgs/msg/detail/gnss_ins_orientation_stamped__type_support.c
[0.416s] -- Up-to-date: /home/jmj/dream_ws/install/autoware_sensing_msgs/include/autoware_sensing_msgs/autoware_sensing_msgs/msg/detail/radar_object__rosidl_typesupport_introspection_c.h
[0.416s] -- Up-to-date: /home/jmj/dream_ws/install/autoware_sensing_msgs/include/autoware_sensing_msgs/autoware_sensing_msgs/msg/detail/gnss_ins_orientation__type_support.c
[0.416s] -- Up-to-date: /home/jmj/dream_ws/install/autoware_sensing_msgs/include/autoware_sensing_msgs/autoware_sensing_msgs/msg/detail/radar_classification__rosidl_typesupport_introspection_c.h
[0.416s] -- Up-to-date: /home/jmj/dream_ws/install/autoware_sensing_msgs/include/autoware_sensing_msgs/autoware_sensing_msgs/msg/detail/radar_objects__type_support.c
[0.416s] -- Up-to-date: /home/jmj/dream_ws/install/autoware_sensing_msgs/include/autoware_sensing_msgs/autoware_sensing_msgs/msg/detail/radar_objects__rosidl_typesupport_introspection_c.h
[0.417s] -- Up-to-date: /home/jmj/dream_ws/install/autoware_sensing_msgs/include/autoware_sensing_msgs/autoware_sensing_msgs/msg/detail/radar_object__type_support.c
[0.417s] -- Up-to-date: /home/jmj/dream_ws/install/autoware_sensing_msgs/include/autoware_sensing_msgs/autoware_sensing_msgs/msg/rosidl_typesupport_introspection_c__visibility_control.h
[0.417s] -- Up-to-date: /home/jmj/dream_ws/install/autoware_sensing_msgs/lib/libautoware_sensing_msgs__rosidl_typesupport_introspection_c.so
[0.417s] -- Up-to-date: /home/jmj/dream_ws/install/autoware_sensing_msgs/lib/libautoware_sensing_msgs__rosidl_typesupport_c.so
[0.417s] -- Up-to-date: /home/jmj/dream_ws/install/autoware_sensing_msgs/include/autoware_sensing_msgs/autoware_sensing_msgs
[0.417s] -- Up-to-date: /home/jmj/dream_ws/install/autoware_sensing_msgs/include/autoware_sensing_msgs/autoware_sensing_msgs/msg
[0.417s] -- Up-to-date: /home/jmj/dream_ws/install/autoware_sensing_msgs/include/autoware_sensing_msgs/autoware_sensing_msgs/msg/detail
[0.417s] -- Up-to-date: /home/jmj/dream_ws/install/autoware_sensing_msgs/include/autoware_sensing_msgs/autoware_sensing_msgs/msg/detail/radar_classification__type_support.cpp
[0.417s] -- Up-to-date: /home/jmj/dream_ws/install/autoware_sensing_msgs/include/autoware_sensing_msgs/autoware_sensing_msgs/msg/detail/radar_info__rosidl_typesupport_introspection_cpp.hpp
[0.417s] -- Up-to-date: /home/jmj/dream_ws/install/autoware_sensing_msgs/include/autoware_sensing_msgs/autoware_sensing_msgs/msg/detail/radar_info__type_support.cpp
[0.417s] -- Up-to-date: /home/jmj/dream_ws/install/autoware_sensing_msgs/include/autoware_sensing_msgs/autoware_sensing_msgs/msg/detail/radar_object__type_support.cpp
[0.417s] -- Up-to-date: /home/jmj/dream_ws/install/autoware_sensing_msgs/include/autoware_sensing_msgs/autoware_sensing_msgs/msg/detail/radar_object__rosidl_typesupport_introspection_cpp.hpp
[0.417s] -- Up-to-date: /home/jmj/dream_ws/install/autoware_sensing_msgs/include/autoware_sensing_msgs/autoware_sensing_msgs/msg/detail/gnss_ins_orientation__type_support.cpp
[0.417s] -- Up-to-date: /home/jmj/dream_ws/install/autoware_sensing_msgs/include/autoware_sensing_msgs/autoware_sensing_msgs/msg/detail/gnss_ins_orientation_stamped__rosidl_typesupport_introspection_cpp.hpp
[0.417s] -- Up-to-date: /home/jmj/dream_ws/install/autoware_sensing_msgs/include/autoware_sensing_msgs/autoware_sensing_msgs/msg/detail/gnss_ins_orientation_stamped__type_support.cpp
[0.417s] -- Up-to-date: /home/jmj/dream_ws/install/autoware_sensing_msgs/include/autoware_sensing_msgs/autoware_sensing_msgs/msg/detail/radar_field_info__type_support.cpp
[0.417s] -- Up-to-date: /home/jmj/dream_ws/install/autoware_sensing_msgs/include/autoware_sensing_msgs/autoware_sensing_msgs/msg/detail/radar_classification__rosidl_typesupport_introspection_cpp.hpp
[0.417s] -- Up-to-date: /home/jmj/dream_ws/install/autoware_sensing_msgs/include/autoware_sensing_msgs/autoware_sensing_msgs/msg/detail/radar_objects__type_support.cpp
[0.417s] -- Up-to-date: /home/jmj/dream_ws/install/autoware_sensing_msgs/include/autoware_sensing_msgs/autoware_sensing_msgs/msg/detail/gnss_ins_orientation__rosidl_typesupport_introspection_cpp.hpp
[0.417s] -- Up-to-date: /home/jmj/dream_ws/install/autoware_sensing_msgs/include/autoware_sensing_msgs/autoware_sensing_msgs/msg/detail/radar_field_info__rosidl_typesupport_introspection_cpp.hpp
[0.417s] -- Up-to-date: /home/jmj/dream_ws/install/autoware_sensing_msgs/include/autoware_sensing_msgs/autoware_sensing_msgs/msg/detail/radar_objects__rosidl_typesupport_introspection_cpp.hpp
[0.417s] -- Up-to-date: /home/jmj/dream_ws/install/autoware_sensing_msgs/lib/libautoware_sensing_msgs__rosidl_typesupport_introspection_cpp.so
[0.417s] -- Up-to-date: /home/jmj/dream_ws/install/autoware_sensing_msgs/lib/libautoware_sensing_msgs__rosidl_typesupport_cpp.so
[0.417s] -- Up-to-date: /home/jmj/dream_ws/install/autoware_sensing_msgs/share/autoware_sensing_msgs/environment/pythonpath.sh
[0.417s] -- Up-to-date: /home/jmj/dream_ws/install/autoware_sensing_msgs/share/autoware_sensing_msgs/environment/pythonpath.dsv
[0.417s] -- Up-to-date: /home/jmj/dream_ws/install/autoware_sensing_msgs/local/lib/python3.10/dist-packages/autoware_sensing_msgs-1.8.0-py3.10.egg-info
[0.417s] -- Installing: /home/jmj/dream_ws/install/autoware_sensing_msgs/local/lib/python3.10/dist-packages/autoware_sensing_msgs-1.8.0-py3.10.egg-info/dependency_links.txt
[0.417s] -- Installing: /home/jmj/dream_ws/install/autoware_sensing_msgs/local/lib/python3.10/dist-packages/autoware_sensing_msgs-1.8.0-py3.10.egg-info/top_level.txt
[0.417s] -- Installing: /home/jmj/dream_ws/install/autoware_sensing_msgs/local/lib/python3.10/dist-packages/autoware_sensing_msgs-1.8.0-py3.10.egg-info/PKG-INFO
[0.417s] -- Installing: /home/jmj/dream_ws/install/autoware_sensing_msgs/local/lib/python3.10/dist-packages/autoware_sensing_msgs-1.8.0-py3.10.egg-info/SOURCES.txt
[0.417s] -- Up-to-date: /home/jmj/dream_ws/install/autoware_sensing_msgs/local/lib/python3.10/dist-packages/autoware_sensing_msgs
[0.417s] -- Up-to-date: /home/jmj/dream_ws/install/autoware_sensing_msgs/local/lib/python3.10/dist-packages/autoware_sensing_msgs/__init__.py
[0.417s] -- Up-to-date: /home/jmj/dream_ws/install/autoware_sensing_msgs/local/lib/python3.10/dist-packages/autoware_sensing_msgs/autoware_sensing_msgs_s__rosidl_typesupport_introspection_c.cpython-310-x86_64-linux-gnu.so
[0.417s] -- Up-to-date: /home/jmj/dream_ws/install/autoware_sensing_msgs/local/lib/python3.10/dist-packages/autoware_sensing_msgs/_autoware_sensing_msgs_s.ep.rosidl_typesupport_fastrtps_c.c
[0.417s] -- Up-to-date: /home/jmj/dream_ws/install/autoware_sensing_msgs/local/lib/python3.10/dist-packages/autoware_sensing_msgs/_autoware_sensing_msgs_s.ep.rosidl_typesupport_introspection_c.c
[0.417s] -- Up-to-date: /home/jmj/dream_ws/install/autoware_sensing_msgs/local/lib/python3.10/dist-packages/autoware_sensing_msgs/autoware_sensing_msgs_s__rosidl_typesupport_fastrtps_c.cpython-310-x86_64-linux-gnu.so
[0.417s] -- Up-to-date: /home/jmj/dream_ws/install/autoware_sensing_msgs/local/lib/python3.10/dist-packages/autoware_sensing_msgs/autoware_sensing_msgs_s__rosidl_typesupport_c.cpython-310-x86_64-linux-gnu.so
[0.417s] -- Up-to-date: /home/jmj/dream_ws/install/autoware_sensing_msgs/local/lib/python3.10/dist-packages/autoware_sensing_msgs/libautoware_sensing_msgs__rosidl_generator_py.so
[0.417s] -- Up-to-date: /home/jmj/dream_ws/install/autoware_sensing_msgs/local/lib/python3.10/dist-packages/autoware_sensing_msgs/_autoware_sensing_msgs_s.ep.rosidl_typesupport_c.c
[0.418s] -- Up-to-date: /home/jmj/dream_ws/install/autoware_sensing_msgs/local/lib/python3.10/dist-packages/autoware_sensing_msgs/msg
[0.418s] -- Up-to-date: /home/jmj/dream_ws/install/autoware_sensing_msgs/local/lib/python3.10/dist-packages/autoware_sensing_msgs/msg/_radar_info.py
[0.418s] -- Up-to-date: /home/jmj/dream_ws/install/autoware_sensing_msgs/local/lib/python3.10/dist-packages/autoware_sensing_msgs/msg/_gnss_ins_orientation_stamped_s.c
[0.418s] -- Up-to-date: /home/jmj/dream_ws/install/autoware_sensing_msgs/local/lib/python3.10/dist-packages/autoware_sensing_msgs/msg/__init__.py
[0.418s] -- Up-to-date: /home/jmj/dream_ws/install/autoware_sensing_msgs/local/lib/python3.10/dist-packages/autoware_sensing_msgs/msg/_gnss_ins_orientation_s.c
[0.418s] -- Up-to-date: /home/jmj/dream_ws/install/autoware_sensing_msgs/local/lib/python3.10/dist-packages/autoware_sensing_msgs/msg/_radar_object_s.c
[0.418s] -- Up-to-date: /home/jmj/dream_ws/install/autoware_sensing_msgs/local/lib/python3.10/dist-packages/autoware_sensing_msgs/msg/_gnss_ins_orientation_stamped.py
[0.418s] -- Up-to-date: /home/jmj/dream_ws/install/autoware_sensing_msgs/local/lib/python3.10/dist-packages/autoware_sensing_msgs/msg/_radar_object.py
[0.418s] -- Up-to-date: /home/jmj/dream_ws/install/autoware_sensing_msgs/local/lib/python3.10/dist-packages/autoware_sensing_msgs/msg/_radar_objects.py
[0.418s] -- Up-to-date: /home/jmj/dream_ws/install/autoware_sensing_msgs/local/lib/python3.10/dist-packages/autoware_sensing_msgs/msg/_radar_objects_s.c
[0.418s] -- Up-to-date: /home/jmj/dream_ws/install/autoware_sensing_msgs/local/lib/python3.10/dist-packages/autoware_sensing_msgs/msg/_radar_classification_s.c
[0.418s] -- Up-to-date: /home/jmj/dream_ws/install/autoware_sensing_msgs/local/lib/python3.10/dist-packages/autoware_sensing_msgs/msg/_radar_field_info_s.c
[0.418s] -- Up-to-date: /home/jmj/dream_ws/install/autoware_sensing_msgs/local/lib/python3.10/dist-packages/autoware_sensing_msgs/msg/_radar_field_info.py
[0.418s] -- Up-to-date: /home/jmj/dream_ws/install/autoware_sensing_msgs/local/lib/python3.10/dist-packages/autoware_sensing_msgs/msg/_gnss_ins_orientation.py
[0.418s] -- Up-to-date: /home/jmj/dream_ws/install/autoware_sensing_msgs/local/lib/python3.10/dist-packages/autoware_sensing_msgs/msg/_radar_info_s.c
[0.418s] -- Up-to-date: /home/jmj/dream_ws/install/autoware_sensing_msgs/local/lib/python3.10/dist-packages/autoware_sensing_msgs/msg/_radar_classification.py
[0.424s] Listing '/home/jmj/dream_ws/install/autoware_sensing_msgs/local/lib/python3.10/dist-packages/autoware_sensing_msgs'...
[0.424s] Listing '/home/jmj/dream_ws/install/autoware_sensing_msgs/local/lib/python3.10/dist-packages/autoware_sensing_msgs/msg'...
[0.427s] -- Up-to-date: /home/jmj/dream_ws/install/autoware_sensing_msgs/local/lib/python3.10/dist-packages/autoware_sensing_msgs/autoware_sensing_msgs_s__rosidl_typesupport_fastrtps_c.cpython-310-x86_64-linux-gnu.so
[0.427s] -- Up-to-date: /home/jmj/dream_ws/install/autoware_sensing_msgs/local/lib/python3.10/dist-packages/autoware_sensing_msgs/autoware_sensing_msgs_s__rosidl_typesupport_introspection_c.cpython-310-x86_64-linux-gnu.so
[0.427s] -- Up-to-date: /home/jmj/dream_ws/install/autoware_sensing_msgs/local/lib/python3.10/dist-packages/autoware_sensing_msgs/autoware_sensing_msgs_s__rosidl_typesupport_c.cpython-310-x86_64-linux-gnu.so
[0.427s] -- Up-to-date: /home/jmj/dream_ws/install/autoware_sensing_msgs/lib/libautoware_sensing_msgs__rosidl_generator_py.so
[0.427s] -- Up-to-date: /home/jmj/dream_ws/install/autoware_sensing_msgs/share/autoware_sensing_msgs/msg/GnssInsOrientation.idl
[0.427s] -- Up-to-date: /home/jmj/dream_ws/install/autoware_sensing_msgs/share/autoware_sensing_msgs/msg/GnssInsOrientationStamped.idl
[0.427s] -- Up-to-date: /home/jmj/dream_ws/install/autoware_sensing_msgs/share/autoware_sensing_msgs/msg/RadarClassification.idl
[0.427s] -- Up-to-date: /home/jmj/dream_ws/install/autoware_sensing_msgs/share/autoware_sensing_msgs/msg/RadarFieldInfo.idl
[0.427s] -- Up-to-date: /home/jmj/dream_ws/install/autoware_sensing_msgs/share/autoware_sensing_msgs/msg/RadarInfo.idl
[0.427s] -- Up-to-date: /home/jmj/dream_ws/install/autoware_sensing_msgs/share/autoware_sensing_msgs/msg/RadarObject.idl
[0.427s] -- Up-to-date: /home/jmj/dream_ws/install/autoware_sensing_msgs/share/autoware_sensing_msgs/msg/RadarObjects.idl
[0.427s] -- Up-to-date: /home/jmj/dream_ws/install/autoware_sensing_msgs/share/autoware_sensing_msgs/msg/GnssInsOrientation.msg
[0.427s] -- Up-to-date: /home/jmj/dream_ws/install/autoware_sensing_msgs/share/autoware_sensing_msgs/msg/GnssInsOrientationStamped.msg
[0.427s] -- Up-to-date: /home/jmj/dream_ws/install/autoware_sensing_msgs/share/autoware_sensing_msgs/msg/RadarClassification.msg
[0.427s] -- Up-to-date: /home/jmj/dream_ws/install/autoware_sensing_msgs/share/autoware_sensing_msgs/msg/RadarFieldInfo.msg
[0.427s] -- Up-to-date: /home/jmj/dream_ws/install/autoware_sensing_msgs/share/autoware_sensing_msgs/msg/RadarInfo.msg
[0.427s] -- Up-to-date: /home/jmj/dream_ws/install/autoware_sensing_msgs/share/autoware_sensing_msgs/msg/RadarObject.msg
[0.427s] -- Up-to-date: /home/jmj/dream_ws/install/autoware_sensing_msgs/share/autoware_sensing_msgs/msg/RadarObjects.msg
[0.427s] -- Up-to-date: /home/jmj/dream_ws/install/autoware_sensing_msgs/share/ament_index/resource_index/package_run_dependencies/autoware_sensing_msgs
[0.427s] -- Up-to-date: /home/jmj/dream_ws/install/autoware_sensing_msgs/share/ament_index/resource_index/parent_prefix_path/autoware_sensing_msgs
[0.427s] -- Up-to-date: /home/jmj/dream_ws/install/autoware_sensing_msgs/share/autoware_sensing_msgs/environment/ament_prefix_path.sh
[0.427s] -- Up-to-date: /home/jmj/dream_ws/install/autoware_sensing_msgs/share/autoware_sensing_msgs/environment/ament_prefix_path.dsv
[0.427s] -- Up-to-date: /home/jmj/dream_ws/install/autoware_sensing_msgs/share/autoware_sensing_msgs/environment/path.sh
[0.427s] -- Up-to-date: /home/jmj/dream_ws/install/autoware_sensing_msgs/share/autoware_sensing_msgs/environment/path.dsv
[0.427s] -- Up-to-date: /home/jmj/dream_ws/install/autoware_sensing_msgs/share/autoware_sensing_msgs/local_setup.bash
[0.427s] -- Up-to-date: /home/jmj/dream_ws/install/autoware_sensing_msgs/share/autoware_sensing_msgs/local_setup.sh
[0.427s] -- Up-to-date: /home/jmj/dream_ws/install/autoware_sensing_msgs/share/autoware_sensing_msgs/local_setup.zsh
[0.428s] -- Up-to-date: /home/jmj/dream_ws/install/autoware_sensing_msgs/share/autoware_sensing_msgs/local_setup.dsv
[0.428s] -- Installing: /home/jmj/dream_ws/install/autoware_sensing_msgs/share/autoware_sensing_msgs/package.dsv
[0.428s] -- Up-to-date: /home/jmj/dream_ws/install/autoware_sensing_msgs/share/ament_index/resource_index/packages/autoware_sensing_msgs
[0.428s] -- Up-to-date: /home/jmj/dream_ws/install/autoware_sensing_msgs/share/autoware_sensing_msgs/cmake/export_autoware_sensing_msgs__rosidl_generator_cExport.cmake
[0.428s] -- Up-to-date: /home/jmj/dream_ws/install/autoware_sensing_msgs/share/autoware_sensing_msgs/cmake/export_autoware_sensing_msgs__rosidl_generator_cExport-noconfig.cmake
[0.428s] -- Up-to-date: /home/jmj/dream_ws/install/autoware_sensing_msgs/share/autoware_sensing_msgs/cmake/export_autoware_sensing_msgs__rosidl_typesupport_fastrtps_cExport.cmake
[0.428s] -- Up-to-date: /home/jmj/dream_ws/install/autoware_sensing_msgs/share/autoware_sensing_msgs/cmake/export_autoware_sensing_msgs__rosidl_typesupport_fastrtps_cExport-noconfig.cmake
[0.428s] -- Up-to-date: /home/jmj/dream_ws/install/autoware_sensing_msgs/share/autoware_sensing_msgs/cmake/export_autoware_sensing_msgs__rosidl_generator_cppExport.cmake
[0.428s] -- Up-to-date: /home/jmj/dream_ws/install/autoware_sensing_msgs/share/autoware_sensing_msgs/cmake/export_autoware_sensing_msgs__rosidl_typesupport_fastrtps_cppExport.cmake
[0.428s] -- Up-to-date: /home/jmj/dream_ws/install/autoware_sensing_msgs/share/autoware_sensing_msgs/cmake/export_autoware_sensing_msgs__rosidl_typesupport_fastrtps_cppExport-noconfig.cmake
[0.428s] -- Up-to-date: /home/jmj/dream_ws/install/autoware_sensing_msgs/share/autoware_sensing_msgs/cmake/autoware_sensing_msgs__rosidl_typesupport_introspection_cExport.cmake
[0.428s] -- Up-to-date: /home/jmj/dream_ws/install/autoware_sensing_msgs/share/autoware_sensing_msgs/cmake/autoware_sensing_msgs__rosidl_typesupport_introspection_cExport-noconfig.cmake
[0.428s] -- Up-to-date: /home/jmj/dream_ws/install/autoware_sensing_msgs/share/autoware_sensing_msgs/cmake/autoware_sensing_msgs__rosidl_typesupport_cExport.cmake
[0.428s] -- Up-to-date: /home/jmj/dream_ws/install/autoware_sensing_msgs/share/autoware_sensing_msgs/cmake/autoware_sensing_msgs__rosidl_typesupport_cExport-noconfig.cmake
[0.428s] -- Up-to-date: /home/jmj/dream_ws/install/autoware_sensing_msgs/share/autoware_sensing_msgs/cmake/autoware_sensing_msgs__rosidl_typesupport_introspection_cppExport.cmake
[0.428s] -- Up-to-date: /home/jmj/dream_ws/install/autoware_sensing_msgs/share/autoware_sensing_msgs/cmake/autoware_sensing_msgs__rosidl_typesupport_introspection_cppExport-noconfig.cmake
[0.428s] -- Up-to-date: /home/jmj/dream_ws/install/autoware_sensing_msgs/share/autoware_sensing_msgs/cmake/autoware_sensing_msgs__rosidl_typesupport_cppExport.cmake
[0.428s] -- Up-to-date: /home/jmj/dream_ws/install/autoware_sensing_msgs/share/autoware_sensing_msgs/cmake/autoware_sensing_msgs__rosidl_typesupport_cppExport-noconfig.cmake
[0.428s] -- Up-to-date: /home/jmj/dream_ws/install/autoware_sensing_msgs/share/autoware_sensing_msgs/cmake/export_autoware_sensing_msgs__rosidl_generator_pyExport.cmake
[0.428s] -- Up-to-date: /home/jmj/dream_ws/install/autoware_sensing_msgs/share/autoware_sensing_msgs/cmake/export_autoware_sensing_msgs__rosidl_generator_pyExport-noconfig.cmake
[0.428s] -- Up-to-date: /home/jmj/dream_ws/install/autoware_sensing_msgs/share/autoware_sensing_msgs/cmake/rosidl_cmake-extras.cmake
[0.428s] -- Up-to-date: /home/jmj/dream_ws/install/autoware_sensing_msgs/share/autoware_sensing_msgs/cmake/ament_cmake_export_dependencies-extras.cmake
[0.428s] -- Up-to-date: /home/jmj/dream_ws/install/autoware_sensing_msgs/share/autoware_sensing_msgs/cmake/ament_cmake_export_include_directories-extras.cmake
[0.428s] -- Up-to-date: /home/jmj/dream_ws/install/autoware_sensing_msgs/share/autoware_sensing_msgs/cmake/ament_cmake_export_libraries-extras.cmake
[0.428s] -- Up-to-date: /home/jmj/dream_ws/install/autoware_sensing_msgs/share/autoware_sensing_msgs/cmake/ament_cmake_export_targets-extras.cmake
[0.428s] -- Up-to-date: /home/jmj/dream_ws/install/autoware_sensing_msgs/share/autoware_sensing_msgs/cmake/rosidl_cmake_export_typesupport_targets-extras.cmake
[0.428s] -- Up-to-date: /home/jmj/dream_ws/install/autoware_sensing_msgs/share/autoware_sensing_msgs/cmake/rosidl_cmake_export_typesupport_libraries-extras.cmake
[0.428s] -- Up-to-date: /home/jmj/dream_ws/install/autoware_sensing_msgs/share/autoware_sensing_msgs/cmake/autoware_sensing_msgsConfig.cmake
[0.428s] -- Up-to-date: /home/jmj/dream_ws/install/autoware_sensing_msgs/share/autoware_sensing_msgs/cmake/autoware_sensing_msgsConfig-version.cmake
[0.429s] -- Up-to-date: /home/jmj/dream_ws/install/autoware_sensing_msgs/share/autoware_sensing_msgs/package.xml
[0.493s] Invoked command in '/home/jmj/dream_ws/build/autoware_sensing_msgs' returned '0': CMAKE_PREFIX_PATH=${CMAKE_PREFIX_PATH}:/home/jmj/dream_ws/install/dream:/opt/ros/humble /usr/bin/cmake --install /home/jmj/dream_ws/build/autoware_sensing_msgs
