[0.016s] Invoking command in '/home/jmj/dream_ws/build/autoware_common_msgs': CMAKE_PREFIX_PATH=${CMAKE_PREFIX_PATH}:/home/jmj/dream_ws/install/dream:/opt/ros/humble /usr/bin/cmake /home/jmj/dream_ws/autoware_msgs/autoware_common_msgs -DCMAKE_INSTALL_PREFIX=/home/jmj/dream_ws/install/autoware_common_msgs
[0.060s] -- The C compiler identification is GNU 11.4.0
[0.106s] -- The CXX compiler identification is GNU 11.4.0
[0.112s] -- Detecting C compiler ABI info
[0.147s] -- Detecting C compiler ABI info - done
[0.151s] -- Check for working C compiler: /usr/lib/ccache/gcc - skipped
[0.151s] -- Detecting C compile features
[0.152s] -- Detecting C compile features - done
[0.153s] -- Detecting CXX compiler ABI info
[0.197s] -- Detecting CXX compiler ABI info - done
[0.202s] -- Check for working CXX compiler: /usr/lib/ccache/g++ - skipped
[0.202s] -- Detecting CXX compile features
[0.202s] -- Detecting CXX compile features - done
[0.203s] -- Found ament_cmake_auto: 1.3.11 (/opt/ros/humble/share/ament_cmake_auto/cmake)
[0.305s] -- Found Python3: /usr/bin/python3 (found version "3.10.12") found components: Interpreter 
[0.405s] -- Using all available rosidl_typesupport_c: rosidl_typesupport_fastrtps_c;rosidl_typesupport_introspection_c
[0.411s] -- Found rosidl_adapter: 3.1.6 (/opt/ros/humble/share/rosidl_adapter/cmake)
[0.435s] -- Using all available rosidl_typesupport_cpp: rosidl_typesupport_fastrtps_cpp;rosidl_typesupport_introspection_cpp
[0.569s] -- Found ament_cmake_cppcheck: 0.12.12 (/opt/ros/humble/share/ament_cmake_cppcheck/cmake)
[0.570s] -- Found ament_cmake_cpplint: 0.12.12 (/opt/ros/humble/share/ament_cmake_cpplint/cmake)
[0.572s] -- Found ament_cmake_uncrustify: 0.12.12 (/opt/ros/humble/share/ament_cmake_uncrustify/cmake)
[0.573s] -- Found ament_cmake_ros: 0.10.0 (/opt/ros/humble/share/ament_cmake_ros/cmake)
[0.686s] -- Using all available rosidl_typesupport_c: rosidl_typesupport_fastrtps_c;rosidl_typesupport_introspection_c
[0.854s] -- Using all available rosidl_typesupport_cpp: rosidl_typesupport_fastrtps_cpp;rosidl_typesupport_introspection_cpp
[0.869s] -- Found PythonInterp: /usr/bin/python3 (found suitable version "3.10.12", minimum required is "3.6") 
[0.870s] -- Found python_cmake_module: 0.10.0 (/opt/ros/humble/share/python_cmake_module/cmake)
[0.886s] -- Found PythonLibs: /usr/lib/x86_64-linux-gnu/libpython3.10.so (found suitable version "3.10.12", minimum required is "3.5") 
[0.886s] -- Using PYTHON_EXECUTABLE: /usr/bin/python3
[0.886s] -- Using PYTHON_INCLUDE_DIRS: /usr/include/python3.10
[0.886s] -- Using PYTHON_LIBRARIES: /usr/lib/x86_64-linux-gnu/libpython3.10.so
[0.899s] -- Found PythonExtra: .so  
[0.926s] -- Found ament_cmake_flake8: 0.12.12 (/opt/ros/humble/share/ament_cmake_flake8/cmake)
[0.927s] -- Found ament_cmake_pep257: 0.12.12 (/opt/ros/humble/share/ament_cmake_pep257/cmake)
[0.931s] -- Configuring done
[0.944s] -- Generating done
[0.950s] -- Build files have been written to: /home/jmj/dream_ws/build/autoware_common_msgs
[0.954s] Invoked command in '/home/jmj/dream_ws/build/autoware_common_msgs' returned '0': CMAKE_PREFIX_PATH=${CMAKE_PREFIX_PATH}:/home/jmj/dream_ws/install/dream:/opt/ros/humble /usr/bin/cmake /home/jmj/dream_ws/autoware_msgs/autoware_common_msgs -DCMAKE_INSTALL_PREFIX=/home/jmj/dream_ws/install/autoware_common_msgs
[0.956s] Invoking command in '/home/jmj/dream_ws/build/autoware_common_msgs': CMAKE_PREFIX_PATH=${CMAKE_PREFIX_PATH}:/home/jmj/dream_ws/install/dream:/opt/ros/humble /usr/bin/cmake --build /home/jmj/dream_ws/build/autoware_common_msgs -- -j20 -l20
[0.985s] [  3%] [34m[1mGenerating C code for ROS interfaces[0m
[0.990s] [  6%] [34m[1mGenerating C++ code for ROS interfaces[0m
[0.999s] [  6%] Built target ament_cmake_python_copy_autoware_common_msgs
[1.171s] [  9%] [32mBuilding C object CMakeFiles/autoware_common_msgs__rosidl_generator_c.dir/rosidl_generator_c/autoware_common_msgs/msg/detail/response_status__functions.c.o[0m
[1.172s] [  9%] Built target autoware_common_msgs__cpp
[1.181s] [ 16%] [34m[1mGenerating C++ type support dispatch for ROS interfaces[0m
[1.181s] [ 16%] [34m[1mGenerating C++ type support for eProsima Fast-RTPS[0m
[1.181s] [ 19%] [34m[1mGenerating C++ introspection for ROS interfaces[0m
[1.226s] [ 22%] [32m[1mLinking C shared library libautoware_common_msgs__rosidl_generator_c.so[0m
[1.275s] [ 22%] Built target autoware_common_msgs__rosidl_generator_c
[1.281s] running egg_info
[1.281s] creating autoware_common_msgs.egg-info
[1.281s] writing autoware_common_msgs.egg-info/PKG-INFO
[1.281s] writing dependency_links to autoware_common_msgs.egg-info/dependency_links.txt
[1.282s] writing top-level names to autoware_common_msgs.egg-info/top_level.txt
[1.283s] writing manifest file 'autoware_common_msgs.egg-info/SOURCES.txt'
[1.290s] reading manifest file 'autoware_common_msgs.egg-info/SOURCES.txt'
[1.290s] writing manifest file 'autoware_common_msgs.egg-info/SOURCES.txt'
[1.290s] [ 25%] [34m[1mGenerating C type support dispatch for ROS interfaces[0m
[1.290s] [ 29%] [34m[1mGenerating C type support for eProsima Fast-RTPS[0m
[1.290s] [ 32%] [34m[1mGenerating C introspection for ROS interfaces[0m
[1.337s] [ 32%] Built target ament_cmake_python_build_autoware_common_msgs_egg
[1.527s] [ 35%] [32mBuilding CXX object CMakeFiles/autoware_common_msgs__rosidl_typesupport_introspection_cpp.dir/rosidl_typesupport_introspection_cpp/autoware_common_msgs/msg/detail/response_status__type_support.cpp.o[0m
[1.541s] [ 38%] [32mBuilding CXX object CMakeFiles/autoware_common_msgs__rosidl_typesupport_cpp.dir/rosidl_typesupport_cpp/autoware_common_msgs/msg/response_status__type_support.cpp.o[0m
[1.565s] [ 41%] [32mBuilding CXX object CMakeFiles/autoware_common_msgs__rosidl_typesupport_fastrtps_cpp.dir/rosidl_typesupport_fastrtps_cpp/autoware_common_msgs/msg/detail/dds_fastrtps/response_status__type_support.cpp.o[0m
[1.631s] [ 45%] [32mBuilding CXX object CMakeFiles/autoware_common_msgs__rosidl_typesupport_c.dir/rosidl_typesupport_c/autoware_common_msgs/msg/response_status__type_support.cpp.o[0m
[1.699s] [ 48%] [32m[1mLinking CXX shared library libautoware_common_msgs__rosidl_typesupport_c.so[0m
[1.744s] [ 51%] [32mBuilding C object CMakeFiles/autoware_common_msgs__rosidl_typesupport_introspection_c.dir/rosidl_typesupport_introspection_c/autoware_common_msgs/msg/detail/response_status__type_support.c.o[0m
[1.763s] [ 54%] [32mBuilding CXX object CMakeFiles/autoware_common_msgs__rosidl_typesupport_fastrtps_c.dir/rosidl_typesupport_fastrtps_c/autoware_common_msgs/msg/detail/response_status__type_support_c.cpp.o[0m
[1.813s] [ 54%] Built target autoware_common_msgs__rosidl_typesupport_c
[1.860s] [ 58%] [32m[1mLinking C shared library libautoware_common_msgs__rosidl_typesupport_introspection_c.so[0m
[1.952s] [ 58%] Built target autoware_common_msgs__rosidl_typesupport_introspection_c
[2.035s] [ 61%] [32m[1mLinking CXX shared library libautoware_common_msgs__rosidl_typesupport_introspection_cpp.so[0m
[2.170s] [ 64%] [32m[1mLinking CXX shared library libautoware_common_msgs__rosidl_typesupport_cpp.so[0m
[2.212s] [ 64%] Built target autoware_common_msgs__rosidl_typesupport_introspection_cpp
[2.255s] [ 64%] Built target autoware_common_msgs__rosidl_typesupport_cpp
[2.330s] [ 67%] [32m[1mLinking CXX shared library libautoware_common_msgs__rosidl_typesupport_fastrtps_cpp.so[0m
[2.383s] [ 70%] [32m[1mLinking CXX shared library libautoware_common_msgs__rosidl_typesupport_fastrtps_c.so[0m
[2.448s] [ 70%] Built target autoware_common_msgs__rosidl_typesupport_fastrtps_cpp
[2.617s] [ 70%] Built target autoware_common_msgs__rosidl_typesupport_fastrtps_c
[2.669s] [ 70%] Built target autoware_common_msgs
[2.716s] [ 74%] [34m[1mGenerating Python code for ROS interfaces[0m
[4.178s] [ 74%] Built target autoware_common_msgs__py
[4.246s] [ 77%] [32mBuilding C object CMakeFiles/autoware_common_msgs__rosidl_generator_py.dir/rosidl_generator_py/autoware_common_msgs/msg/_response_status_s.c.o[0m
[4.964s] [ 80%] [32m[1mLinking C shared library rosidl_generator_py/autoware_common_msgs/libautoware_common_msgs__rosidl_generator_py.so[0m
[5.058s] [ 80%] Built target autoware_common_msgs__rosidl_generator_py
[5.139s] [ 83%] [32mBuilding C object CMakeFiles/autoware_common_msgs__rosidl_typesupport_fastrtps_c__pyext.dir/rosidl_generator_py/autoware_common_msgs/_autoware_common_msgs_s.ep.rosidl_typesupport_fastrtps_c.c.o[0m
[5.142s] [ 90%] [32mBuilding C object CMakeFiles/autoware_common_msgs__rosidl_typesupport_c__pyext.dir/rosidl_generator_py/autoware_common_msgs/_autoware_common_msgs_s.ep.rosidl_typesupport_c.c.o[0m
[5.142s] [ 90%] [32mBuilding C object CMakeFiles/autoware_common_msgs__rosidl_typesupport_introspection_c__pyext.dir/rosidl_generator_py/autoware_common_msgs/_autoware_common_msgs_s.ep.rosidl_typesupport_introspection_c.c.o[0m
[5.486s] [ 93%] [32m[1mLinking C shared library rosidl_generator_py/autoware_common_msgs/autoware_common_msgs_s__rosidl_typesupport_fastrtps_c.cpython-310-x86_64-linux-gnu.so[0m
[5.603s] [ 93%] Built target autoware_common_msgs__rosidl_typesupport_fastrtps_c__pyext
[5.649s] [ 96%] [32m[1mLinking C shared library rosidl_generator_py/autoware_common_msgs/autoware_common_msgs_s__rosidl_typesupport_c.cpython-310-x86_64-linux-gnu.so[0m
[5.667s] [100%] [32m[1mLinking C shared library rosidl_generator_py/autoware_common_msgs/autoware_common_msgs_s__rosidl_typesupport_introspection_c.cpython-310-x86_64-linux-gnu.so[0m
[5.734s] [100%] Built target autoware_common_msgs__rosidl_typesupport_c__pyext
[5.772s] [100%] Built target autoware_common_msgs__rosidl_typesupport_introspection_c__pyext
[5.820s] Invoked command in '/home/jmj/dream_ws/build/autoware_common_msgs' returned '0': CMAKE_PREFIX_PATH=${CMAKE_PREFIX_PATH}:/home/jmj/dream_ws/install/dream:/opt/ros/humble /usr/bin/cmake --build /home/jmj/dream_ws/build/autoware_common_msgs -- -j20 -l20
[5.842s] Invoking command in '/home/jmj/dream_ws/build/autoware_common_msgs': CMAKE_PREFIX_PATH=${CMAKE_PREFIX_PATH}:/home/jmj/dream_ws/install/dream:/opt/ros/humble /usr/bin/cmake --install /home/jmj/dream_ws/build/autoware_common_msgs
[5.866s] -- Install configuration: ""
[5.866s] -- Installing: /home/jmj/dream_ws/install/autoware_common_msgs/share/ament_index/resource_index/rosidl_interfaces/autoware_common_msgs
[5.866s] -- Installing: /home/jmj/dream_ws/install/autoware_common_msgs/include/autoware_common_msgs/autoware_common_msgs
[5.866s] -- Installing: /home/jmj/dream_ws/install/autoware_common_msgs/include/autoware_common_msgs/autoware_common_msgs/msg
[5.866s] -- Installing: /home/jmj/dream_ws/install/autoware_common_msgs/include/autoware_common_msgs/autoware_common_msgs/msg/rosidl_generator_c__visibility_control.h
[5.866s] -- Installing: /home/jmj/dream_ws/install/autoware_common_msgs/include/autoware_common_msgs/autoware_common_msgs/msg/detail
[5.866s] -- Installing: /home/jmj/dream_ws/install/autoware_common_msgs/include/autoware_common_msgs/autoware_common_msgs/msg/detail/response_status__functions.c
[5.867s] -- Installing: /home/jmj/dream_ws/install/autoware_common_msgs/include/autoware_common_msgs/autoware_common_msgs/msg/detail/response_status__type_support.h
[5.867s] -- Installing: /home/jmj/dream_ws/install/autoware_common_msgs/include/autoware_common_msgs/autoware_common_msgs/msg/detail/response_status__functions.h
[5.867s] -- Installing: /home/jmj/dream_ws/install/autoware_common_msgs/include/autoware_common_msgs/autoware_common_msgs/msg/detail/response_status__struct.h
[5.867s] -- Installing: /home/jmj/dream_ws/install/autoware_common_msgs/include/autoware_common_msgs/autoware_common_msgs/msg/response_status.h
[5.870s] -- Installing: /home/jmj/dream_ws/install/autoware_common_msgs/share/autoware_common_msgs/environment/library_path.sh
[5.870s] -- Installing: /home/jmj/dream_ws/install/autoware_common_msgs/share/autoware_common_msgs/environment/library_path.dsv
[5.870s] -- Installing: /home/jmj/dream_ws/install/autoware_common_msgs/lib/libautoware_common_msgs__rosidl_generator_c.so
[5.870s] -- Set runtime path of "/home/jmj/dream_ws/install/autoware_common_msgs/lib/libautoware_common_msgs__rosidl_generator_c.so" to ""
[5.874s] -- Up-to-date: /home/jmj/dream_ws/install/autoware_common_msgs/include/autoware_common_msgs/autoware_common_msgs
[5.875s] -- Up-to-date: /home/jmj/dream_ws/install/autoware_common_msgs/include/autoware_common_msgs/autoware_common_msgs/msg
[5.875s] -- Up-to-date: /home/jmj/dream_ws/install/autoware_common_msgs/include/autoware_common_msgs/autoware_common_msgs/msg/detail
[5.875s] -- Installing: /home/jmj/dream_ws/install/autoware_common_msgs/include/autoware_common_msgs/autoware_common_msgs/msg/detail/response_status__rosidl_typesupport_fastrtps_c.h
[5.875s] -- Installing: /home/jmj/dream_ws/install/autoware_common_msgs/include/autoware_common_msgs/autoware_common_msgs/msg/rosidl_typesupport_fastrtps_c__visibility_control.h
[5.875s] -- Installing: /home/jmj/dream_ws/install/autoware_common_msgs/lib/libautoware_common_msgs__rosidl_typesupport_fastrtps_c.so
[5.875s] -- Set runtime path of "/home/jmj/dream_ws/install/autoware_common_msgs/lib/libautoware_common_msgs__rosidl_typesupport_fastrtps_c.so" to ""
[5.875s] -- Up-to-date: /home/jmj/dream_ws/install/autoware_common_msgs/include/autoware_common_msgs/autoware_common_msgs
[5.875s] -- Up-to-date: /home/jmj/dream_ws/install/autoware_common_msgs/include/autoware_common_msgs/autoware_common_msgs/msg
[5.875s] -- Up-to-date: /home/jmj/dream_ws/install/autoware_common_msgs/include/autoware_common_msgs/autoware_common_msgs/msg/detail
[5.875s] -- Installing: /home/jmj/dream_ws/install/autoware_common_msgs/include/autoware_common_msgs/autoware_common_msgs/msg/detail/response_status__rosidl_typesupport_introspection_c.h
[5.875s] -- Installing: /home/jmj/dream_ws/install/autoware_common_msgs/include/autoware_common_msgs/autoware_common_msgs/msg/detail/response_status__type_support.c
[5.875s] -- Installing: /home/jmj/dream_ws/install/autoware_common_msgs/include/autoware_common_msgs/autoware_common_msgs/msg/rosidl_typesupport_introspection_c__visibility_control.h
[5.875s] -- Installing: /home/jmj/dream_ws/install/autoware_common_msgs/lib/libautoware_common_msgs__rosidl_typesupport_introspection_c.so
[5.877s] -- Set runtime path of "/home/jmj/dream_ws/install/autoware_common_msgs/lib/libautoware_common_msgs__rosidl_typesupport_introspection_c.so" to ""
[5.877s] -- Installing: /home/jmj/dream_ws/install/autoware_common_msgs/lib/libautoware_common_msgs__rosidl_typesupport_c.so
[5.877s] -- Set runtime path of "/home/jmj/dream_ws/install/autoware_common_msgs/lib/libautoware_common_msgs__rosidl_typesupport_c.so" to ""
[5.877s] -- Up-to-date: /home/jmj/dream_ws/install/autoware_common_msgs/include/autoware_common_msgs/autoware_common_msgs
[5.877s] -- Up-to-date: /home/jmj/dream_ws/install/autoware_common_msgs/include/autoware_common_msgs/autoware_common_msgs/msg
[5.878s] -- Up-to-date: /home/jmj/dream_ws/install/autoware_common_msgs/include/autoware_common_msgs/autoware_common_msgs/msg/detail
[5.878s] -- Installing: /home/jmj/dream_ws/install/autoware_common_msgs/include/autoware_common_msgs/autoware_common_msgs/msg/detail/response_status__builder.hpp
[5.878s] -- Installing: /home/jmj/dream_ws/install/autoware_common_msgs/include/autoware_common_msgs/autoware_common_msgs/msg/detail/response_status__type_support.hpp
[5.878s] -- Installing: /home/jmj/dream_ws/install/autoware_common_msgs/include/autoware_common_msgs/autoware_common_msgs/msg/detail/response_status__traits.hpp
[5.878s] -- Installing: /home/jmj/dream_ws/install/autoware_common_msgs/include/autoware_common_msgs/autoware_common_msgs/msg/detail/response_status__struct.hpp
[5.879s] -- Installing: /home/jmj/dream_ws/install/autoware_common_msgs/include/autoware_common_msgs/autoware_common_msgs/msg/response_status.hpp
[5.879s] -- Installing: /home/jmj/dream_ws/install/autoware_common_msgs/include/autoware_common_msgs/autoware_common_msgs/msg/rosidl_generator_cpp__visibility_control.hpp
[5.879s] -- Up-to-date: /home/jmj/dream_ws/install/autoware_common_msgs/include/autoware_common_msgs/autoware_common_msgs
[5.879s] -- Up-to-date: /home/jmj/dream_ws/install/autoware_common_msgs/include/autoware_common_msgs/autoware_common_msgs/msg
[5.879s] -- Up-to-date: /home/jmj/dream_ws/install/autoware_common_msgs/include/autoware_common_msgs/autoware_common_msgs/msg/detail
[5.880s] -- Installing: /home/jmj/dream_ws/install/autoware_common_msgs/include/autoware_common_msgs/autoware_common_msgs/msg/detail/dds_fastrtps
[5.880s] -- Installing: /home/jmj/dream_ws/install/autoware_common_msgs/include/autoware_common_msgs/autoware_common_msgs/msg/detail/response_status__rosidl_typesupport_fastrtps_cpp.hpp
[5.880s] -- Installing: /home/jmj/dream_ws/install/autoware_common_msgs/include/autoware_common_msgs/autoware_common_msgs/msg/rosidl_typesupport_fastrtps_cpp__visibility_control.h
[5.880s] -- Installing: /home/jmj/dream_ws/install/autoware_common_msgs/lib/libautoware_common_msgs__rosidl_typesupport_fastrtps_cpp.so
[5.880s] -- Set runtime path of "/home/jmj/dream_ws/install/autoware_common_msgs/lib/libautoware_common_msgs__rosidl_typesupport_fastrtps_cpp.so" to ""
[5.886s] -- Up-to-date: /home/jmj/dream_ws/install/autoware_common_msgs/include/autoware_common_msgs/autoware_common_msgs
[5.886s] -- Up-to-date: /home/jmj/dream_ws/install/autoware_common_msgs/include/autoware_common_msgs/autoware_common_msgs/msg
[5.887s] -- Up-to-date: /home/jmj/dream_ws/install/autoware_common_msgs/include/autoware_common_msgs/autoware_common_msgs/msg/detail
[5.887s] -- Installing: /home/jmj/dream_ws/install/autoware_common_msgs/include/autoware_common_msgs/autoware_common_msgs/msg/detail/response_status__type_support.cpp
[5.887s] -- Installing: /home/jmj/dream_ws/install/autoware_common_msgs/include/autoware_common_msgs/autoware_common_msgs/msg/detail/response_status__rosidl_typesupport_introspection_cpp.hpp
[5.887s] -- Installing: /home/jmj/dream_ws/install/autoware_common_msgs/lib/libautoware_common_msgs__rosidl_typesupport_introspection_cpp.so
[5.887s] -- Set runtime path of "/home/jmj/dream_ws/install/autoware_common_msgs/lib/libautoware_common_msgs__rosidl_typesupport_introspection_cpp.so" to ""
[5.887s] -- Installing: /home/jmj/dream_ws/install/autoware_common_msgs/lib/libautoware_common_msgs__rosidl_typesupport_cpp.so
[5.887s] -- Set runtime path of "/home/jmj/dream_ws/install/autoware_common_msgs/lib/libautoware_common_msgs__rosidl_typesupport_cpp.so" to ""
[5.887s] -- Installing: /home/jmj/dream_ws/install/autoware_common_msgs/share/autoware_common_msgs/environment/pythonpath.sh
[5.887s] -- Installing: /home/jmj/dream_ws/install/autoware_common_msgs/share/autoware_common_msgs/environment/pythonpath.dsv
[5.887s] -- Installing: /home/jmj/dream_ws/install/autoware_common_msgs/local/lib/python3.10/dist-packages/autoware_common_msgs-1.8.0-py3.10.egg-info
[5.887s] -- Installing: /home/jmj/dream_ws/install/autoware_common_msgs/local/lib/python3.10/dist-packages/autoware_common_msgs-1.8.0-py3.10.egg-info/dependency_links.txt
[5.887s] -- Installing: /home/jmj/dream_ws/install/autoware_common_msgs/local/lib/python3.10/dist-packages/autoware_common_msgs-1.8.0-py3.10.egg-info/top_level.txt
[5.887s] -- Installing: /home/jmj/dream_ws/install/autoware_common_msgs/local/lib/python3.10/dist-packages/autoware_common_msgs-1.8.0-py3.10.egg-info/PKG-INFO
[5.887s] -- Installing: /home/jmj/dream_ws/install/autoware_common_msgs/local/lib/python3.10/dist-packages/autoware_common_msgs-1.8.0-py3.10.egg-info/SOURCES.txt
[5.887s] -- Installing: /home/jmj/dream_ws/install/autoware_common_msgs/local/lib/python3.10/dist-packages/autoware_common_msgs
[5.887s] -- Installing: /home/jmj/dream_ws/install/autoware_common_msgs/local/lib/python3.10/dist-packages/autoware_common_msgs/libautoware_common_msgs__rosidl_generator_py.so
[5.887s] -- Installing: /home/jmj/dream_ws/install/autoware_common_msgs/local/lib/python3.10/dist-packages/autoware_common_msgs/__init__.py
[5.887s] -- Installing: /home/jmj/dream_ws/install/autoware_common_msgs/local/lib/python3.10/dist-packages/autoware_common_msgs/autoware_common_msgs_s__rosidl_typesupport_c.cpython-310-x86_64-linux-gnu.so
[5.887s] -- Installing: /home/jmj/dream_ws/install/autoware_common_msgs/local/lib/python3.10/dist-packages/autoware_common_msgs/_autoware_common_msgs_s.ep.rosidl_typesupport_introspection_c.c
[5.887s] -- Installing: /home/jmj/dream_ws/install/autoware_common_msgs/local/lib/python3.10/dist-packages/autoware_common_msgs/autoware_common_msgs_s__rosidl_typesupport_introspection_c.cpython-310-x86_64-linux-gnu.so
[5.887s] -- Installing: /home/jmj/dream_ws/install/autoware_common_msgs/local/lib/python3.10/dist-packages/autoware_common_msgs/autoware_common_msgs_s__rosidl_typesupport_fastrtps_c.cpython-310-x86_64-linux-gnu.so
[5.887s] -- Installing: /home/jmj/dream_ws/install/autoware_common_msgs/local/lib/python3.10/dist-packages/autoware_common_msgs/_autoware_common_msgs_s.ep.rosidl_typesupport_c.c
[5.888s] -- Installing: /home/jmj/dream_ws/install/autoware_common_msgs/local/lib/python3.10/dist-packages/autoware_common_msgs/msg
[5.888s] -- Installing: /home/jmj/dream_ws/install/autoware_common_msgs/local/lib/python3.10/dist-packages/autoware_common_msgs/msg/_response_status.py
[5.888s] -- Installing: /home/jmj/dream_ws/install/autoware_common_msgs/local/lib/python3.10/dist-packages/autoware_common_msgs/msg/__init__.py
[5.888s] -- Installing: /home/jmj/dream_ws/install/autoware_common_msgs/local/lib/python3.10/dist-packages/autoware_common_msgs/msg/_response_status_s.c
[5.889s] -- Installing: /home/jmj/dream_ws/install/autoware_common_msgs/local/lib/python3.10/dist-packages/autoware_common_msgs/_autoware_common_msgs_s.ep.rosidl_typesupport_fastrtps_c.c
[6.014s] Listing '/home/jmj/dream_ws/install/autoware_common_msgs/local/lib/python3.10/dist-packages/autoware_common_msgs'...
[6.014s] Compiling '/home/jmj/dream_ws/install/autoware_common_msgs/local/lib/python3.10/dist-packages/autoware_common_msgs/__init__.py'...
[6.014s] Listing '/home/jmj/dream_ws/install/autoware_common_msgs/local/lib/python3.10/dist-packages/autoware_common_msgs/msg'...
[6.014s] Compiling '/home/jmj/dream_ws/install/autoware_common_msgs/local/lib/python3.10/dist-packages/autoware_common_msgs/msg/__init__.py'...
[6.014s] Compiling '/home/jmj/dream_ws/install/autoware_common_msgs/local/lib/python3.10/dist-packages/autoware_common_msgs/msg/_response_status.py'...
[6.040s] -- Installing: /home/jmj/dream_ws/install/autoware_common_msgs/local/lib/python3.10/dist-packages/autoware_common_msgs/autoware_common_msgs_s__rosidl_typesupport_fastrtps_c.cpython-310-x86_64-linux-gnu.so
[6.050s] -- Set runtime path of "/home/jmj/dream_ws/install/autoware_common_msgs/local/lib/python3.10/dist-packages/autoware_common_msgs/autoware_common_msgs_s__rosidl_typesupport_fastrtps_c.cpython-310-x86_64-linux-gnu.so" to ""
[6.050s] -- Installing: /home/jmj/dream_ws/install/autoware_common_msgs/local/lib/python3.10/dist-packages/autoware_common_msgs/autoware_common_msgs_s__rosidl_typesupport_introspection_c.cpython-310-x86_64-linux-gnu.so
[6.051s] -- Set runtime path of "/home/jmj/dream_ws/install/autoware_common_msgs/local/lib/python3.10/dist-packages/autoware_common_msgs/autoware_common_msgs_s__rosidl_typesupport_introspection_c.cpython-310-x86_64-linux-gnu.so" to ""
[6.051s] -- Installing: /home/jmj/dream_ws/install/autoware_common_msgs/local/lib/python3.10/dist-packages/autoware_common_msgs/autoware_common_msgs_s__rosidl_typesupport_c.cpython-310-x86_64-linux-gnu.so
[6.051s] -- Set runtime path of "/home/jmj/dream_ws/install/autoware_common_msgs/local/lib/python3.10/dist-packages/autoware_common_msgs/autoware_common_msgs_s__rosidl_typesupport_c.cpython-310-x86_64-linux-gnu.so" to ""
[6.051s] -- Installing: /home/jmj/dream_ws/install/autoware_common_msgs/lib/libautoware_common_msgs__rosidl_generator_py.so
[6.051s] -- Set runtime path of "/home/jmj/dream_ws/install/autoware_common_msgs/lib/libautoware_common_msgs__rosidl_generator_py.so" to ""
[6.051s] -- Installing: /home/jmj/dream_ws/install/autoware_common_msgs/share/autoware_common_msgs/msg/ResponseStatus.idl
[6.051s] -- Installing: /home/jmj/dream_ws/install/autoware_common_msgs/share/autoware_common_msgs/msg/ResponseStatus.msg
[6.051s] -- Installing: /home/jmj/dream_ws/install/autoware_common_msgs/share/ament_index/resource_index/package_run_dependencies/autoware_common_msgs
[6.051s] -- Installing: /home/jmj/dream_ws/install/autoware_common_msgs/share/ament_index/resource_index/parent_prefix_path/autoware_common_msgs
[6.051s] -- Installing: /home/jmj/dream_ws/install/autoware_common_msgs/share/autoware_common_msgs/environment/ament_prefix_path.sh
[6.051s] -- Installing: /home/jmj/dream_ws/install/autoware_common_msgs/share/autoware_common_msgs/environment/ament_prefix_path.dsv
[6.051s] -- Installing: /home/jmj/dream_ws/install/autoware_common_msgs/share/autoware_common_msgs/environment/path.sh
[6.052s] -- Installing: /home/jmj/dream_ws/install/autoware_common_msgs/share/autoware_common_msgs/environment/path.dsv
[6.052s] -- Installing: /home/jmj/dream_ws/install/autoware_common_msgs/share/autoware_common_msgs/local_setup.bash
[6.052s] -- Installing: /home/jmj/dream_ws/install/autoware_common_msgs/share/autoware_common_msgs/local_setup.sh
[6.053s] -- Installing: /home/jmj/dream_ws/install/autoware_common_msgs/share/autoware_common_msgs/local_setup.zsh
[6.064s] -- Installing: /home/jmj/dream_ws/install/autoware_common_msgs/share/autoware_common_msgs/local_setup.dsv
[6.064s] -- Installing: /home/jmj/dream_ws/install/autoware_common_msgs/share/autoware_common_msgs/package.dsv
[6.064s] -- Installing: /home/jmj/dream_ws/install/autoware_common_msgs/share/ament_index/resource_index/packages/autoware_common_msgs
[6.064s] -- Installing: /home/jmj/dream_ws/install/autoware_common_msgs/share/autoware_common_msgs/cmake/export_autoware_common_msgs__rosidl_generator_cExport.cmake
[6.064s] -- Installing: /home/jmj/dream_ws/install/autoware_common_msgs/share/autoware_common_msgs/cmake/export_autoware_common_msgs__rosidl_generator_cExport-noconfig.cmake
[6.064s] -- Installing: /home/jmj/dream_ws/install/autoware_common_msgs/share/autoware_common_msgs/cmake/export_autoware_common_msgs__rosidl_typesupport_fastrtps_cExport.cmake
[6.064s] -- Installing: /home/jmj/dream_ws/install/autoware_common_msgs/share/autoware_common_msgs/cmake/export_autoware_common_msgs__rosidl_typesupport_fastrtps_cExport-noconfig.cmake
[6.064s] -- Installing: /home/jmj/dream_ws/install/autoware_common_msgs/share/autoware_common_msgs/cmake/autoware_common_msgs__rosidl_typesupport_introspection_cExport.cmake
[6.064s] -- Installing: /home/jmj/dream_ws/install/autoware_common_msgs/share/autoware_common_msgs/cmake/autoware_common_msgs__rosidl_typesupport_introspection_cExport-noconfig.cmake
[6.065s] -- Installing: /home/jmj/dream_ws/install/autoware_common_msgs/share/autoware_common_msgs/cmake/autoware_common_msgs__rosidl_typesupport_cExport.cmake
[6.065s] -- Installing: /home/jmj/dream_ws/install/autoware_common_msgs/share/autoware_common_msgs/cmake/autoware_common_msgs__rosidl_typesupport_cExport-noconfig.cmake
[6.065s] -- Installing: /home/jmj/dream_ws/install/autoware_common_msgs/share/autoware_common_msgs/cmake/export_autoware_common_msgs__rosidl_generator_cppExport.cmake
[6.065s] -- Installing: /home/jmj/dream_ws/install/autoware_common_msgs/share/autoware_common_msgs/cmake/export_autoware_common_msgs__rosidl_typesupport_fastrtps_cppExport.cmake
[6.065s] -- Installing: /home/jmj/dream_ws/install/autoware_common_msgs/share/autoware_common_msgs/cmake/export_autoware_common_msgs__rosidl_typesupport_fastrtps_cppExport-noconfig.cmake
[6.065s] -- Installing: /home/jmj/dream_ws/install/autoware_common_msgs/share/autoware_common_msgs/cmake/autoware_common_msgs__rosidl_typesupport_introspection_cppExport.cmake
[6.065s] -- Installing: /home/jmj/dream_ws/install/autoware_common_msgs/share/autoware_common_msgs/cmake/autoware_common_msgs__rosidl_typesupport_introspection_cppExport-noconfig.cmake
[6.065s] -- Installing: /home/jmj/dream_ws/install/autoware_common_msgs/share/autoware_common_msgs/cmake/autoware_common_msgs__rosidl_typesupport_cppExport.cmake
[6.065s] -- Installing: /home/jmj/dream_ws/install/autoware_common_msgs/share/autoware_common_msgs/cmake/autoware_common_msgs__rosidl_typesupport_cppExport-noconfig.cmake
[6.065s] -- Installing: /home/jmj/dream_ws/install/autoware_common_msgs/share/autoware_common_msgs/cmake/export_autoware_common_msgs__rosidl_generator_pyExport.cmake
[6.065s] -- Installing: /home/jmj/dream_ws/install/autoware_common_msgs/share/autoware_common_msgs/cmake/export_autoware_common_msgs__rosidl_generator_pyExport-noconfig.cmake
[6.065s] -- Installing: /home/jmj/dream_ws/install/autoware_common_msgs/share/autoware_common_msgs/cmake/rosidl_cmake-extras.cmake
[6.065s] -- Installing: /home/jmj/dream_ws/install/autoware_common_msgs/share/autoware_common_msgs/cmake/ament_cmake_export_include_directories-extras.cmake
[6.065s] -- Installing: /home/jmj/dream_ws/install/autoware_common_msgs/share/autoware_common_msgs/cmake/ament_cmake_export_libraries-extras.cmake
[6.065s] -- Installing: /home/jmj/dream_ws/install/autoware_common_msgs/share/autoware_common_msgs/cmake/ament_cmake_export_targets-extras.cmake
[6.065s] -- Installing: /home/jmj/dream_ws/install/autoware_common_msgs/share/autoware_common_msgs/cmake/rosidl_cmake_export_typesupport_targets-extras.cmake
[6.065s] -- Installing: /home/jmj/dream_ws/install/autoware_common_msgs/share/autoware_common_msgs/cmake/ament_cmake_export_dependencies-extras.cmake
[6.065s] -- Installing: /home/jmj/dream_ws/install/autoware_common_msgs/share/autoware_common_msgs/cmake/rosidl_cmake_export_typesupport_libraries-extras.cmake
[6.065s] -- Installing: /home/jmj/dream_ws/install/autoware_common_msgs/share/autoware_common_msgs/cmake/autoware_common_msgsConfig.cmake
[6.065s] -- Installing: /home/jmj/dream_ws/install/autoware_common_msgs/share/autoware_common_msgs/cmake/autoware_common_msgsConfig-version.cmake
[6.065s] -- Installing: /home/jmj/dream_ws/install/autoware_common_msgs/share/autoware_common_msgs/package.xml
[6.078s] Invoked command in '/home/jmj/dream_ws/build/autoware_common_msgs' returned '0': CMAKE_PREFIX_PATH=${CMAKE_PREFIX_PATH}:/home/jmj/dream_ws/install/dream:/opt/ros/humble /usr/bin/cmake --install /home/jmj/dream_ws/build/autoware_common_msgs
