[0.019s] Invoking command in '/home/jmj/dream_ws/build/autoware_control_msgs': CMAKE_PREFIX_PATH=/opt/ros/humble /usr/bin/cmake --build /home/jmj/dream_ws/build/autoware_control_msgs -- -j20 -l20
[0.047s] [35m[1mConsolidate compiler generated dependencies of target autoware_control_msgs__rosidl_generator_c[0m
[0.052s] [  1%] Built target autoware_control_msgs__cpp
[0.062s] [35m[1mConsolidate compiler generated dependencies of target autoware_control_msgs__rosidl_typesupport_cpp[0m
[0.067s] [ 12%] Built target autoware_control_msgs__rosidl_generator_c
[0.070s] [ 12%] Built target ament_cmake_python_copy_autoware_control_msgs
[0.070s] [35m[1mConsolidate compiler generated dependencies of target autoware_control_msgs__rosidl_typesupport_introspection_cpp[0m
[0.070s] [35m[1mConsolidate compiler generated dependencies of target autoware_control_msgs__rosidl_typesupport_fastrtps_cpp[0m
[0.077s] [35m[1mConsolidate compiler generated dependencies of target autoware_control_msgs__rosidl_typesupport_fastrtps_c[0m
[0.080s] [ 23%] Built target autoware_control_msgs__rosidl_typesupport_cpp
[0.081s] [35m[1mConsolidate compiler generated dependencies of target autoware_control_msgs__rosidl_typesupport_introspection_c[0m
[0.083s] [35m[1mConsolidate compiler generated dependencies of target autoware_control_msgs__rosidl_typesupport_c[0m
[0.088s] [ 34%] Built target autoware_control_msgs__rosidl_typesupport_introspection_cpp
[0.106s] [ 50%] Built target autoware_control_msgs__rosidl_typesupport_c
[0.107s] [ 56%] Built target autoware_control_msgs__rosidl_typesupport_introspection_c
[0.110s] [ 67%] Built target autoware_control_msgs__rosidl_typesupport_fastrtps_c
[0.110s] [ 78%] Built target autoware_control_msgs__rosidl_typesupport_fastrtps_cpp
[0.144s] [ 78%] Built target autoware_control_msgs
[0.161s] [ 80%] Built target autoware_control_msgs__py
[0.170s] [35m[1mConsolidate compiler generated dependencies of target autoware_control_msgs__rosidl_generator_py[0m
[0.183s] [ 89%] Built target autoware_control_msgs__rosidl_generator_py
[0.193s] [35m[1mConsolidate compiler generated dependencies of target autoware_control_msgs__rosidl_typesupport_c__pyext[0m
[0.195s] [35m[1mConsolidate compiler generated dependencies of target autoware_control_msgs__rosidl_typesupport_introspection_c__pyext[0m
[0.200s] [35m[1mConsolidate compiler generated dependencies of target autoware_control_msgs__rosidl_typesupport_fastrtps_c__pyext[0m
[0.204s] [ 92%] Built target autoware_control_msgs__rosidl_typesupport_c__pyext
[0.211s] [ 96%] Built target autoware_control_msgs__rosidl_typesupport_introspection_c__pyext
[0.216s] [100%] Built target autoware_control_msgs__rosidl_typesupport_fastrtps_c__pyext
[0.335s] running egg_info
[0.337s] writing autoware_control_msgs.egg-info/PKG-INFO
[0.337s] writing dependency_links to autoware_control_msgs.egg-info/dependency_links.txt
[0.337s] writing top-level names to autoware_control_msgs.egg-info/top_level.txt
[0.339s] reading manifest file 'autoware_control_msgs.egg-info/SOURCES.txt'
[0.339s] writing manifest file 'autoware_control_msgs.egg-info/SOURCES.txt'
[0.384s] [100%] Built target ament_cmake_python_build_autoware_control_msgs_egg
[0.400s] Invoked command in '/home/jmj/dream_ws/build/autoware_control_msgs' returned '0': CMAKE_PREFIX_PATH=/opt/ros/humble /usr/bin/cmake --build /home/jmj/dream_ws/build/autoware_control_msgs -- -j20 -l20
[0.401s] Invoking command in '/home/jmj/dream_ws/build/autoware_control_msgs': CMAKE_PREFIX_PATH=/opt/ros/humble /usr/bin/cmake --install /home/jmj/dream_ws/build/autoware_control_msgs
[0.407s] -- Install configuration: ""
[0.407s] -- Up-to-date: /home/jmj/dream_ws/install/autoware_control_msgs/share/ament_index/resource_index/rosidl_interfaces/autoware_control_msgs
[0.407s] -- Up-to-date: /home/jmj/dream_ws/install/autoware_control_msgs/include/autoware_control_msgs/autoware_control_msgs
[0.407s] -- Up-to-date: /home/jmj/dream_ws/install/autoware_control_msgs/include/autoware_control_msgs/autoware_control_msgs/msg
[0.407s] -- Up-to-date: /home/jmj/dream_ws/install/autoware_control_msgs/include/autoware_control_msgs/autoware_control_msgs/msg/lateral.h
[0.407s] -- Up-to-date: /home/jmj/dream_ws/install/autoware_control_msgs/include/autoware_control_msgs/autoware_control_msgs/msg/longitudinal.h
[0.407s] -- Up-to-date: /home/jmj/dream_ws/install/autoware_control_msgs/include/autoware_control_msgs/autoware_control_msgs/msg/rosidl_generator_c__visibility_control.h
[0.407s] -- Up-to-date: /home/jmj/dream_ws/install/autoware_control_msgs/include/autoware_control_msgs/autoware_control_msgs/msg/detail
[0.407s] -- Up-to-date: /home/jmj/dream_ws/install/autoware_control_msgs/include/autoware_control_msgs/autoware_control_msgs/msg/detail/lateral__functions.h
[0.407s] -- Up-to-date: /home/jmj/dream_ws/install/autoware_control_msgs/include/autoware_control_msgs/autoware_control_msgs/msg/detail/control__functions.c
[0.407s] -- Up-to-date: /home/jmj/dream_ws/install/autoware_control_msgs/include/autoware_control_msgs/autoware_control_msgs/msg/detail/longitudinal__functions.h
[0.407s] -- Up-to-date: /home/jmj/dream_ws/install/autoware_control_msgs/include/autoware_control_msgs/autoware_control_msgs/msg/detail/control__struct.h
[0.407s] -- Up-to-date: /home/jmj/dream_ws/install/autoware_control_msgs/include/autoware_control_msgs/autoware_control_msgs/msg/detail/control__functions.h
[0.407s] -- Up-to-date: /home/jmj/dream_ws/install/autoware_control_msgs/include/autoware_control_msgs/autoware_control_msgs/msg/detail/lateral__functions.c
[0.407s] -- Up-to-date: /home/jmj/dream_ws/install/autoware_control_msgs/include/autoware_control_msgs/autoware_control_msgs/msg/detail/control_horizon__functions.h
[0.408s] -- Up-to-date: /home/jmj/dream_ws/install/autoware_control_msgs/include/autoware_control_msgs/autoware_control_msgs/msg/detail/lateral__struct.h
[0.408s] -- Up-to-date: /home/jmj/dream_ws/install/autoware_control_msgs/include/autoware_control_msgs/autoware_control_msgs/msg/detail/control_horizon__struct.h
[0.408s] -- Up-to-date: /home/jmj/dream_ws/install/autoware_control_msgs/include/autoware_control_msgs/autoware_control_msgs/msg/detail/longitudinal__type_support.h
[0.408s] -- Up-to-date: /home/jmj/dream_ws/install/autoware_control_msgs/include/autoware_control_msgs/autoware_control_msgs/msg/detail/longitudinal__functions.c
[0.408s] -- Up-to-date: /home/jmj/dream_ws/install/autoware_control_msgs/include/autoware_control_msgs/autoware_control_msgs/msg/detail/control_horizon__functions.c
[0.408s] -- Up-to-date: /home/jmj/dream_ws/install/autoware_control_msgs/include/autoware_control_msgs/autoware_control_msgs/msg/detail/lateral__type_support.h
[0.408s] -- Up-to-date: /home/jmj/dream_ws/install/autoware_control_msgs/include/autoware_control_msgs/autoware_control_msgs/msg/detail/control_horizon__type_support.h
[0.408s] -- Up-to-date: /home/jmj/dream_ws/install/autoware_control_msgs/include/autoware_control_msgs/autoware_control_msgs/msg/detail/control__type_support.h
[0.408s] -- Up-to-date: /home/jmj/dream_ws/install/autoware_control_msgs/include/autoware_control_msgs/autoware_control_msgs/msg/detail/longitudinal__struct.h
[0.408s] -- Up-to-date: /home/jmj/dream_ws/install/autoware_control_msgs/include/autoware_control_msgs/autoware_control_msgs/msg/control_horizon.h
[0.408s] -- Up-to-date: /home/jmj/dream_ws/install/autoware_control_msgs/include/autoware_control_msgs/autoware_control_msgs/msg/control.h
[0.408s] -- Up-to-date: /home/jmj/dream_ws/install/autoware_control_msgs/share/autoware_control_msgs/environment/library_path.sh
[0.408s] -- Up-to-date: /home/jmj/dream_ws/install/autoware_control_msgs/share/autoware_control_msgs/environment/library_path.dsv
[0.408s] -- Up-to-date: /home/jmj/dream_ws/install/autoware_control_msgs/lib/libautoware_control_msgs__rosidl_generator_c.so
[0.408s] -- Up-to-date: /home/jmj/dream_ws/install/autoware_control_msgs/include/autoware_control_msgs/autoware_control_msgs
[0.408s] -- Up-to-date: /home/jmj/dream_ws/install/autoware_control_msgs/include/autoware_control_msgs/autoware_control_msgs/msg
[0.408s] -- Up-to-date: /home/jmj/dream_ws/install/autoware_control_msgs/include/autoware_control_msgs/autoware_control_msgs/msg/detail
[0.408s] -- Up-to-date: /home/jmj/dream_ws/install/autoware_control_msgs/include/autoware_control_msgs/autoware_control_msgs/msg/detail/control_horizon__rosidl_typesupport_fastrtps_c.h
[0.408s] -- Up-to-date: /home/jmj/dream_ws/install/autoware_control_msgs/include/autoware_control_msgs/autoware_control_msgs/msg/detail/lateral__rosidl_typesupport_fastrtps_c.h
[0.408s] -- Up-to-date: /home/jmj/dream_ws/install/autoware_control_msgs/include/autoware_control_msgs/autoware_control_msgs/msg/detail/longitudinal__rosidl_typesupport_fastrtps_c.h
[0.408s] -- Up-to-date: /home/jmj/dream_ws/install/autoware_control_msgs/include/autoware_control_msgs/autoware_control_msgs/msg/detail/control__rosidl_typesupport_fastrtps_c.h
[0.408s] -- Up-to-date: /home/jmj/dream_ws/install/autoware_control_msgs/include/autoware_control_msgs/autoware_control_msgs/msg/rosidl_typesupport_fastrtps_c__visibility_control.h
[0.408s] -- Up-to-date: /home/jmj/dream_ws/install/autoware_control_msgs/lib/libautoware_control_msgs__rosidl_typesupport_fastrtps_c.so
[0.408s] -- Up-to-date: /home/jmj/dream_ws/install/autoware_control_msgs/include/autoware_control_msgs/autoware_control_msgs
[0.408s] -- Up-to-date: /home/jmj/dream_ws/install/autoware_control_msgs/include/autoware_control_msgs/autoware_control_msgs/msg
[0.408s] -- Up-to-date: /home/jmj/dream_ws/install/autoware_control_msgs/include/autoware_control_msgs/autoware_control_msgs/msg/control.hpp
[0.408s] -- Up-to-date: /home/jmj/dream_ws/install/autoware_control_msgs/include/autoware_control_msgs/autoware_control_msgs/msg/lateral.hpp
[0.408s] -- Up-to-date: /home/jmj/dream_ws/install/autoware_control_msgs/include/autoware_control_msgs/autoware_control_msgs/msg/detail
[0.408s] -- Up-to-date: /home/jmj/dream_ws/install/autoware_control_msgs/include/autoware_control_msgs/autoware_control_msgs/msg/detail/control__traits.hpp
[0.408s] -- Up-to-date: /home/jmj/dream_ws/install/autoware_control_msgs/include/autoware_control_msgs/autoware_control_msgs/msg/detail/control__type_support.hpp
[0.408s] -- Up-to-date: /home/jmj/dream_ws/install/autoware_control_msgs/include/autoware_control_msgs/autoware_control_msgs/msg/detail/lateral__traits.hpp
[0.408s] -- Up-to-date: /home/jmj/dream_ws/install/autoware_control_msgs/include/autoware_control_msgs/autoware_control_msgs/msg/detail/lateral__type_support.hpp
[0.408s] -- Up-to-date: /home/jmj/dream_ws/install/autoware_control_msgs/include/autoware_control_msgs/autoware_control_msgs/msg/detail/longitudinal__struct.hpp
[0.408s] -- Up-to-date: /home/jmj/dream_ws/install/autoware_control_msgs/include/autoware_control_msgs/autoware_control_msgs/msg/detail/control_horizon__builder.hpp
[0.409s] -- Up-to-date: /home/jmj/dream_ws/install/autoware_control_msgs/include/autoware_control_msgs/autoware_control_msgs/msg/detail/control_horizon__type_support.hpp
[0.409s] -- Up-to-date: /home/jmj/dream_ws/install/autoware_control_msgs/include/autoware_control_msgs/autoware_control_msgs/msg/detail/longitudinal__builder.hpp
[0.409s] -- Up-to-date: /home/jmj/dream_ws/install/autoware_control_msgs/include/autoware_control_msgs/autoware_control_msgs/msg/detail/lateral__builder.hpp
[0.409s] -- Up-to-date: /home/jmj/dream_ws/install/autoware_control_msgs/include/autoware_control_msgs/autoware_control_msgs/msg/detail/control__builder.hpp
[0.409s] -- Up-to-date: /home/jmj/dream_ws/install/autoware_control_msgs/include/autoware_control_msgs/autoware_control_msgs/msg/detail/longitudinal__traits.hpp
[0.409s] -- Up-to-date: /home/jmj/dream_ws/install/autoware_control_msgs/include/autoware_control_msgs/autoware_control_msgs/msg/detail/control_horizon__traits.hpp
[0.409s] -- Up-to-date: /home/jmj/dream_ws/install/autoware_control_msgs/include/autoware_control_msgs/autoware_control_msgs/msg/detail/control__struct.hpp
[0.409s] -- Up-to-date: /home/jmj/dream_ws/install/autoware_control_msgs/include/autoware_control_msgs/autoware_control_msgs/msg/detail/lateral__struct.hpp
[0.409s] -- Up-to-date: /home/jmj/dream_ws/install/autoware_control_msgs/include/autoware_control_msgs/autoware_control_msgs/msg/detail/control_horizon__struct.hpp
[0.409s] -- Up-to-date: /home/jmj/dream_ws/install/autoware_control_msgs/include/autoware_control_msgs/autoware_control_msgs/msg/detail/longitudinal__type_support.hpp
[0.409s] -- Up-to-date: /home/jmj/dream_ws/install/autoware_control_msgs/include/autoware_control_msgs/autoware_control_msgs/msg/control_horizon.hpp
[0.409s] -- Up-to-date: /home/jmj/dream_ws/install/autoware_control_msgs/include/autoware_control_msgs/autoware_control_msgs/msg/longitudinal.hpp
[0.409s] -- Up-to-date: /home/jmj/dream_ws/install/autoware_control_msgs/include/autoware_control_msgs/autoware_control_msgs/msg/rosidl_generator_cpp__visibility_control.hpp
[0.409s] -- Up-to-date: /home/jmj/dream_ws/install/autoware_control_msgs/include/autoware_control_msgs/autoware_control_msgs
[0.409s] -- Up-to-date: /home/jmj/dream_ws/install/autoware_control_msgs/include/autoware_control_msgs/autoware_control_msgs/msg
[0.409s] -- Up-to-date: /home/jmj/dream_ws/install/autoware_control_msgs/include/autoware_control_msgs/autoware_control_msgs/msg/detail
[0.409s] -- Up-to-date: /home/jmj/dream_ws/install/autoware_control_msgs/include/autoware_control_msgs/autoware_control_msgs/msg/detail/dds_fastrtps
[0.409s] -- Up-to-date: /home/jmj/dream_ws/install/autoware_control_msgs/include/autoware_control_msgs/autoware_control_msgs/msg/detail/lateral__rosidl_typesupport_fastrtps_cpp.hpp
[0.409s] -- Up-to-date: /home/jmj/dream_ws/install/autoware_control_msgs/include/autoware_control_msgs/autoware_control_msgs/msg/detail/control_horizon__rosidl_typesupport_fastrtps_cpp.hpp
[0.409s] -- Up-to-date: /home/jmj/dream_ws/install/autoware_control_msgs/include/autoware_control_msgs/autoware_control_msgs/msg/detail/control__rosidl_typesupport_fastrtps_cpp.hpp
[0.409s] -- Up-to-date: /home/jmj/dream_ws/install/autoware_control_msgs/include/autoware_control_msgs/autoware_control_msgs/msg/detail/longitudinal__rosidl_typesupport_fastrtps_cpp.hpp
[0.409s] -- Up-to-date: /home/jmj/dream_ws/install/autoware_control_msgs/include/autoware_control_msgs/autoware_control_msgs/msg/rosidl_typesupport_fastrtps_cpp__visibility_control.h
[0.409s] -- Up-to-date: /home/jmj/dream_ws/install/autoware_control_msgs/lib/libautoware_control_msgs__rosidl_typesupport_fastrtps_cpp.so
[0.410s] -- Up-to-date: /home/jmj/dream_ws/install/autoware_control_msgs/include/autoware_control_msgs/autoware_control_msgs
[0.410s] -- Up-to-date: /home/jmj/dream_ws/install/autoware_control_msgs/include/autoware_control_msgs/autoware_control_msgs/msg
[0.410s] -- Up-to-date: /home/jmj/dream_ws/install/autoware_control_msgs/include/autoware_control_msgs/autoware_control_msgs/msg/detail
[0.410s] -- Up-to-date: /home/jmj/dream_ws/install/autoware_control_msgs/include/autoware_control_msgs/autoware_control_msgs/msg/detail/lateral__rosidl_typesupport_introspection_c.h
[0.410s] -- Up-to-date: /home/jmj/dream_ws/install/autoware_control_msgs/include/autoware_control_msgs/autoware_control_msgs/msg/detail/longitudinal__type_support.c
[0.410s] -- Up-to-date: /home/jmj/dream_ws/install/autoware_control_msgs/include/autoware_control_msgs/autoware_control_msgs/msg/detail/control__rosidl_typesupport_introspection_c.h
[0.410s] -- Up-to-date: /home/jmj/dream_ws/install/autoware_control_msgs/include/autoware_control_msgs/autoware_control_msgs/msg/detail/longitudinal__rosidl_typesupport_introspection_c.h
[0.410s] -- Up-to-date: /home/jmj/dream_ws/install/autoware_control_msgs/include/autoware_control_msgs/autoware_control_msgs/msg/detail/control__type_support.c
[0.410s] -- Up-to-date: /home/jmj/dream_ws/install/autoware_control_msgs/include/autoware_control_msgs/autoware_control_msgs/msg/detail/control_horizon__type_support.c
[0.410s] -- Up-to-date: /home/jmj/dream_ws/install/autoware_control_msgs/include/autoware_control_msgs/autoware_control_msgs/msg/detail/control_horizon__rosidl_typesupport_introspection_c.h
[0.410s] -- Up-to-date: /home/jmj/dream_ws/install/autoware_control_msgs/include/autoware_control_msgs/autoware_control_msgs/msg/detail/lateral__type_support.c
[0.410s] -- Up-to-date: /home/jmj/dream_ws/install/autoware_control_msgs/include/autoware_control_msgs/autoware_control_msgs/msg/rosidl_typesupport_introspection_c__visibility_control.h
[0.410s] -- Up-to-date: /home/jmj/dream_ws/install/autoware_control_msgs/lib/libautoware_control_msgs__rosidl_typesupport_introspection_c.so
[0.410s] -- Up-to-date: /home/jmj/dream_ws/install/autoware_control_msgs/lib/libautoware_control_msgs__rosidl_typesupport_c.so
[0.410s] -- Up-to-date: /home/jmj/dream_ws/install/autoware_control_msgs/include/autoware_control_msgs/autoware_control_msgs
[0.410s] -- Up-to-date: /home/jmj/dream_ws/install/autoware_control_msgs/include/autoware_control_msgs/autoware_control_msgs/msg
[0.410s] -- Up-to-date: /home/jmj/dream_ws/install/autoware_control_msgs/include/autoware_control_msgs/autoware_control_msgs/msg/detail
[0.410s] -- Up-to-date: /home/jmj/dream_ws/install/autoware_control_msgs/include/autoware_control_msgs/autoware_control_msgs/msg/detail/longitudinal__type_support.cpp
[0.410s] -- Up-to-date: /home/jmj/dream_ws/install/autoware_control_msgs/include/autoware_control_msgs/autoware_control_msgs/msg/detail/control__rosidl_typesupport_introspection_cpp.hpp
[0.410s] -- Up-to-date: /home/jmj/dream_ws/install/autoware_control_msgs/include/autoware_control_msgs/autoware_control_msgs/msg/detail/control_horizon__rosidl_typesupport_introspection_cpp.hpp
[0.410s] -- Up-to-date: /home/jmj/dream_ws/install/autoware_control_msgs/include/autoware_control_msgs/autoware_control_msgs/msg/detail/control__type_support.cpp
[0.410s] -- Up-to-date: /home/jmj/dream_ws/install/autoware_control_msgs/include/autoware_control_msgs/autoware_control_msgs/msg/detail/control_horizon__type_support.cpp
[0.410s] -- Up-to-date: /home/jmj/dream_ws/install/autoware_control_msgs/include/autoware_control_msgs/autoware_control_msgs/msg/detail/lateral__rosidl_typesupport_introspection_cpp.hpp
[0.410s] -- Up-to-date: /home/jmj/dream_ws/install/autoware_control_msgs/include/autoware_control_msgs/autoware_control_msgs/msg/detail/lateral__type_support.cpp
[0.410s] -- Up-to-date: /home/jmj/dream_ws/install/autoware_control_msgs/include/autoware_control_msgs/autoware_control_msgs/msg/detail/longitudinal__rosidl_typesupport_introspection_cpp.hpp
[0.410s] -- Up-to-date: /home/jmj/dream_ws/install/autoware_control_msgs/lib/libautoware_control_msgs__rosidl_typesupport_introspection_cpp.so
[0.411s] -- Up-to-date: /home/jmj/dream_ws/install/autoware_control_msgs/lib/libautoware_control_msgs__rosidl_typesupport_cpp.so
[0.411s] -- Up-to-date: /home/jmj/dream_ws/install/autoware_control_msgs/share/autoware_control_msgs/environment/pythonpath.sh
[0.411s] -- Up-to-date: /home/jmj/dream_ws/install/autoware_control_msgs/share/autoware_control_msgs/environment/pythonpath.dsv
[0.411s] -- Up-to-date: /home/jmj/dream_ws/install/autoware_control_msgs/local/lib/python3.10/dist-packages/autoware_control_msgs-1.8.0-py3.10.egg-info
[0.411s] -- Installing: /home/jmj/dream_ws/install/autoware_control_msgs/local/lib/python3.10/dist-packages/autoware_control_msgs-1.8.0-py3.10.egg-info/dependency_links.txt
[0.411s] -- Installing: /home/jmj/dream_ws/install/autoware_control_msgs/local/lib/python3.10/dist-packages/autoware_control_msgs-1.8.0-py3.10.egg-info/top_level.txt
[0.411s] -- Installing: /home/jmj/dream_ws/install/autoware_control_msgs/local/lib/python3.10/dist-packages/autoware_control_msgs-1.8.0-py3.10.egg-info/PKG-INFO
[0.411s] -- Installing: /home/jmj/dream_ws/install/autoware_control_msgs/local/lib/python3.10/dist-packages/autoware_control_msgs-1.8.0-py3.10.egg-info/SOURCES.txt
[0.411s] -- Up-to-date: /home/jmj/dream_ws/install/autoware_control_msgs/local/lib/python3.10/dist-packages/autoware_control_msgs
[0.412s] -- Up-to-date: /home/jmj/dream_ws/install/autoware_control_msgs/local/lib/python3.10/dist-packages/autoware_control_msgs/_autoware_control_msgs_s.ep.rosidl_typesupport_fastrtps_c.c
[0.412s] -- Up-to-date: /home/jmj/dream_ws/install/autoware_control_msgs/local/lib/python3.10/dist-packages/autoware_control_msgs/__init__.py
[0.413s] -- Up-to-date: /home/jmj/dream_ws/install/autoware_control_msgs/local/lib/python3.10/dist-packages/autoware_control_msgs/_autoware_control_msgs_s.ep.rosidl_typesupport_c.c
[0.413s] -- Up-to-date: /home/jmj/dream_ws/install/autoware_control_msgs/local/lib/python3.10/dist-packages/autoware_control_msgs/autoware_control_msgs_s__rosidl_typesupport_fastrtps_c.cpython-310-x86_64-linux-gnu.so
[0.413s] -- Up-to-date: /home/jmj/dream_ws/install/autoware_control_msgs/local/lib/python3.10/dist-packages/autoware_control_msgs/autoware_control_msgs_s__rosidl_typesupport_introspection_c.cpython-310-x86_64-linux-gnu.so
[0.413s] -- Up-to-date: /home/jmj/dream_ws/install/autoware_control_msgs/local/lib/python3.10/dist-packages/autoware_control_msgs/libautoware_control_msgs__rosidl_generator_py.so
[0.413s] -- Up-to-date: /home/jmj/dream_ws/install/autoware_control_msgs/local/lib/python3.10/dist-packages/autoware_control_msgs/autoware_control_msgs_s__rosidl_typesupport_c.cpython-310-x86_64-linux-gnu.so
[0.413s] -- Up-to-date: /home/jmj/dream_ws/install/autoware_control_msgs/local/lib/python3.10/dist-packages/autoware_control_msgs/msg
[0.413s] -- Up-to-date: /home/jmj/dream_ws/install/autoware_control_msgs/local/lib/python3.10/dist-packages/autoware_control_msgs/msg/_lateral_s.c
[0.413s] -- Up-to-date: /home/jmj/dream_ws/install/autoware_control_msgs/local/lib/python3.10/dist-packages/autoware_control_msgs/msg/_longitudinal.py
[0.413s] -- Up-to-date: /home/jmj/dream_ws/install/autoware_control_msgs/local/lib/python3.10/dist-packages/autoware_control_msgs/msg/__init__.py
[0.413s] -- Up-to-date: /home/jmj/dream_ws/install/autoware_control_msgs/local/lib/python3.10/dist-packages/autoware_control_msgs/msg/_control_horizon_s.c
[0.413s] -- Up-to-date: /home/jmj/dream_ws/install/autoware_control_msgs/local/lib/python3.10/dist-packages/autoware_control_msgs/msg/_control_s.c
[0.413s] -- Up-to-date: /home/jmj/dream_ws/install/autoware_control_msgs/local/lib/python3.10/dist-packages/autoware_control_msgs/msg/_lateral.py
[0.413s] -- Up-to-date: /home/jmj/dream_ws/install/autoware_control_msgs/local/lib/python3.10/dist-packages/autoware_control_msgs/msg/_control.py
[0.413s] -- Up-to-date: /home/jmj/dream_ws/install/autoware_control_msgs/local/lib/python3.10/dist-packages/autoware_control_msgs/msg/_control_horizon.py
[0.413s] -- Up-to-date: /home/jmj/dream_ws/install/autoware_control_msgs/local/lib/python3.10/dist-packages/autoware_control_msgs/msg/_longitudinal_s.c
[0.413s] -- Up-to-date: /home/jmj/dream_ws/install/autoware_control_msgs/local/lib/python3.10/dist-packages/autoware_control_msgs/_autoware_control_msgs_s.ep.rosidl_typesupport_introspection_c.c
[0.430s] Listing '/home/jmj/dream_ws/install/autoware_control_msgs/local/lib/python3.10/dist-packages/autoware_control_msgs'...
[0.430s] Listing '/home/jmj/dream_ws/install/autoware_control_msgs/local/lib/python3.10/dist-packages/autoware_control_msgs/msg'...
[0.430s] -- Up-to-date: /home/jmj/dream_ws/install/autoware_control_msgs/local/lib/python3.10/dist-packages/autoware_control_msgs/autoware_control_msgs_s__rosidl_typesupport_fastrtps_c.cpython-310-x86_64-linux-gnu.so
[0.430s] -- Up-to-date: /home/jmj/dream_ws/install/autoware_control_msgs/local/lib/python3.10/dist-packages/autoware_control_msgs/autoware_control_msgs_s__rosidl_typesupport_introspection_c.cpython-310-x86_64-linux-gnu.so
[0.430s] -- Up-to-date: /home/jmj/dream_ws/install/autoware_control_msgs/local/lib/python3.10/dist-packages/autoware_control_msgs/autoware_control_msgs_s__rosidl_typesupport_c.cpython-310-x86_64-linux-gnu.so
[0.430s] -- Up-to-date: /home/jmj/dream_ws/install/autoware_control_msgs/lib/libautoware_control_msgs__rosidl_generator_py.so
[0.430s] -- Up-to-date: /home/jmj/dream_ws/install/autoware_control_msgs/share/autoware_control_msgs/msg/Control.idl
[0.430s] -- Up-to-date: /home/jmj/dream_ws/install/autoware_control_msgs/share/autoware_control_msgs/msg/ControlHorizon.idl
[0.430s] -- Up-to-date: /home/jmj/dream_ws/install/autoware_control_msgs/share/autoware_control_msgs/msg/Lateral.idl
[0.430s] -- Up-to-date: /home/jmj/dream_ws/install/autoware_control_msgs/share/autoware_control_msgs/msg/Longitudinal.idl
[0.430s] -- Up-to-date: /home/jmj/dream_ws/install/autoware_control_msgs/share/autoware_control_msgs/msg/Control.msg
[0.430s] -- Up-to-date: /home/jmj/dream_ws/install/autoware_control_msgs/share/autoware_control_msgs/msg/ControlHorizon.msg
[0.430s] -- Up-to-date: /home/jmj/dream_ws/install/autoware_control_msgs/share/autoware_control_msgs/msg/Lateral.msg
[0.430s] -- Up-to-date: /home/jmj/dream_ws/install/autoware_control_msgs/share/autoware_control_msgs/msg/Longitudinal.msg
[0.430s] -- Up-to-date: /home/jmj/dream_ws/install/autoware_control_msgs/share/ament_index/resource_index/package_run_dependencies/autoware_control_msgs
[0.430s] -- Up-to-date: /home/jmj/dream_ws/install/autoware_control_msgs/share/ament_index/resource_index/parent_prefix_path/autoware_control_msgs
[0.430s] -- Up-to-date: /home/jmj/dream_ws/install/autoware_control_msgs/share/autoware_control_msgs/environment/ament_prefix_path.sh
[0.430s] -- Up-to-date: /home/jmj/dream_ws/install/autoware_control_msgs/share/autoware_control_msgs/environment/ament_prefix_path.dsv
[0.430s] -- Up-to-date: /home/jmj/dream_ws/install/autoware_control_msgs/share/autoware_control_msgs/environment/path.sh
[0.430s] -- Up-to-date: /home/jmj/dream_ws/install/autoware_control_msgs/share/autoware_control_msgs/environment/path.dsv
[0.430s] -- Up-to-date: /home/jmj/dream_ws/install/autoware_control_msgs/share/autoware_control_msgs/local_setup.bash
[0.430s] -- Up-to-date: /home/jmj/dream_ws/install/autoware_control_msgs/share/autoware_control_msgs/local_setup.sh
[0.430s] -- Up-to-date: /home/jmj/dream_ws/install/autoware_control_msgs/share/autoware_control_msgs/local_setup.zsh
[0.430s] -- Up-to-date: /home/jmj/dream_ws/install/autoware_control_msgs/share/autoware_control_msgs/local_setup.dsv
[0.430s] -- Installing: /home/jmj/dream_ws/install/autoware_control_msgs/share/autoware_control_msgs/package.dsv
[0.430s] -- Up-to-date: /home/jmj/dream_ws/install/autoware_control_msgs/share/ament_index/resource_index/packages/autoware_control_msgs
[0.430s] -- Up-to-date: /home/jmj/dream_ws/install/autoware_control_msgs/share/autoware_control_msgs/cmake/export_autoware_control_msgs__rosidl_generator_cExport.cmake
[0.430s] -- Up-to-date: /home/jmj/dream_ws/install/autoware_control_msgs/share/autoware_control_msgs/cmake/export_autoware_control_msgs__rosidl_generator_cExport-noconfig.cmake
[0.430s] -- Up-to-date: /home/jmj/dream_ws/install/autoware_control_msgs/share/autoware_control_msgs/cmake/export_autoware_control_msgs__rosidl_typesupport_fastrtps_cExport.cmake
[0.430s] -- Up-to-date: /home/jmj/dream_ws/install/autoware_control_msgs/share/autoware_control_msgs/cmake/export_autoware_control_msgs__rosidl_typesupport_fastrtps_cExport-noconfig.cmake
[0.430s] -- Up-to-date: /home/jmj/dream_ws/install/autoware_control_msgs/share/autoware_control_msgs/cmake/export_autoware_control_msgs__rosidl_generator_cppExport.cmake
[0.430s] -- Up-to-date: /home/jmj/dream_ws/install/autoware_control_msgs/share/autoware_control_msgs/cmake/export_autoware_control_msgs__rosidl_typesupport_fastrtps_cppExport.cmake
[0.430s] -- Up-to-date: /home/jmj/dream_ws/install/autoware_control_msgs/share/autoware_control_msgs/cmake/export_autoware_control_msgs__rosidl_typesupport_fastrtps_cppExport-noconfig.cmake
[0.430s] -- Up-to-date: /home/jmj/dream_ws/install/autoware_control_msgs/share/autoware_control_msgs/cmake/autoware_control_msgs__rosidl_typesupport_introspection_cExport.cmake
[0.430s] -- Up-to-date: /home/jmj/dream_ws/install/autoware_control_msgs/share/autoware_control_msgs/cmake/autoware_control_msgs__rosidl_typesupport_introspection_cExport-noconfig.cmake
[0.430s] -- Up-to-date: /home/jmj/dream_ws/install/autoware_control_msgs/share/autoware_control_msgs/cmake/autoware_control_msgs__rosidl_typesupport_cExport.cmake
[0.430s] -- Up-to-date: /home/jmj/dream_ws/install/autoware_control_msgs/share/autoware_control_msgs/cmake/autoware_control_msgs__rosidl_typesupport_cExport-noconfig.cmake
[0.430s] -- Up-to-date: /home/jmj/dream_ws/install/autoware_control_msgs/share/autoware_control_msgs/cmake/autoware_control_msgs__rosidl_typesupport_introspection_cppExport.cmake
[0.431s] -- Up-to-date: /home/jmj/dream_ws/install/autoware_control_msgs/share/autoware_control_msgs/cmake/autoware_control_msgs__rosidl_typesupport_introspection_cppExport-noconfig.cmake
[0.431s] -- Up-to-date: /home/jmj/dream_ws/install/autoware_control_msgs/share/autoware_control_msgs/cmake/autoware_control_msgs__rosidl_typesupport_cppExport.cmake
[0.431s] -- Up-to-date: /home/jmj/dream_ws/install/autoware_control_msgs/share/autoware_control_msgs/cmake/autoware_control_msgs__rosidl_typesupport_cppExport-noconfig.cmake
[0.431s] -- Up-to-date: /home/jmj/dream_ws/install/autoware_control_msgs/share/autoware_control_msgs/cmake/export_autoware_control_msgs__rosidl_generator_pyExport.cmake
[0.431s] -- Up-to-date: /home/jmj/dream_ws/install/autoware_control_msgs/share/autoware_control_msgs/cmake/export_autoware_control_msgs__rosidl_generator_pyExport-noconfig.cmake
[0.431s] -- Up-to-date: /home/jmj/dream_ws/install/autoware_control_msgs/share/autoware_control_msgs/cmake/rosidl_cmake-extras.cmake
[0.431s] -- Up-to-date: /home/jmj/dream_ws/install/autoware_control_msgs/share/autoware_control_msgs/cmake/ament_cmake_export_dependencies-extras.cmake
[0.431s] -- Up-to-date: /home/jmj/dream_ws/install/autoware_control_msgs/share/autoware_control_msgs/cmake/ament_cmake_export_include_directories-extras.cmake
[0.431s] -- Up-to-date: /home/jmj/dream_ws/install/autoware_control_msgs/share/autoware_control_msgs/cmake/ament_cmake_export_libraries-extras.cmake
[0.431s] -- Up-to-date: /home/jmj/dream_ws/install/autoware_control_msgs/share/autoware_control_msgs/cmake/ament_cmake_export_targets-extras.cmake
[0.431s] -- Up-to-date: /home/jmj/dream_ws/install/autoware_control_msgs/share/autoware_control_msgs/cmake/rosidl_cmake_export_typesupport_targets-extras.cmake
[0.431s] -- Up-to-date: /home/jmj/dream_ws/install/autoware_control_msgs/share/autoware_control_msgs/cmake/rosidl_cmake_export_typesupport_libraries-extras.cmake
[0.431s] -- Up-to-date: /home/jmj/dream_ws/install/autoware_control_msgs/share/autoware_control_msgs/cmake/autoware_control_msgsConfig.cmake
[0.431s] -- Up-to-date: /home/jmj/dream_ws/install/autoware_control_msgs/share/autoware_control_msgs/cmake/autoware_control_msgsConfig-version.cmake
[0.431s] -- Up-to-date: /home/jmj/dream_ws/install/autoware_control_msgs/share/autoware_control_msgs/package.xml
[0.478s] Invoked command in '/home/jmj/dream_ws/build/autoware_control_msgs' returned '0': CMAKE_PREFIX_PATH=/opt/ros/humble /usr/bin/cmake --install /home/jmj/dream_ws/build/autoware_control_msgs
