[0.015s] Invoking command in '/home/jmj/dream_ws/build/autoware_map_msgs': CMAKE_PREFIX_PATH=${CMAKE_PREFIX_PATH}:/home/jmj/dream_ws/install/dream:/opt/ros/humble /usr/bin/cmake /home/jmj/dream_ws/autoware_msgs/autoware_map_msgs -DCMAKE_INSTALL_PREFIX=/home/jmj/dream_ws/install/autoware_map_msgs
[0.057s] -- The C compiler identification is GNU 11.4.0
[0.098s] -- The CXX compiler identification is GNU 11.4.0
[0.103s] -- Detecting C compiler ABI info
[0.135s] -- Detecting C compiler ABI info - done
[0.139s] -- Check for working C compiler: /usr/lib/ccache/gcc - skipped
[0.139s] -- Detecting C compile features
[0.140s] -- Detecting C compile features - done
[0.142s] -- Detecting CXX compiler ABI info
[0.183s] -- Detecting CXX compiler ABI info - done
[0.190s] -- Check for working CXX compiler: /usr/lib/ccache/g++ - skipped
[0.190s] -- Detecting CXX compile features
[0.191s] -- Detecting CXX compile features - done
[0.193s] -- Found ament_cmake_auto: 1.3.11 (/opt/ros/humble/share/ament_cmake_auto/cmake)
[0.294s] -- Found Python3: /usr/bin/python3 (found version "3.10.12") found components: Interpreter 
[0.406s] -- Found rosidl_generator_c: 3.1.6 (/opt/ros/humble/share/rosidl_generator_c/cmake)
[0.409s] -- Found rosidl_adapter: 3.1.6 (/opt/ros/humble/share/rosidl_adapter/cmake)
[0.413s] -- Found rosidl_generator_cpp: 3.1.6 (/opt/ros/humble/share/rosidl_generator_cpp/cmake)
[0.419s] -- Using all available rosidl_typesupport_c: rosidl_typesupport_fastrtps_c;rosidl_typesupport_introspection_c
[0.428s] -- Using all available rosidl_typesupport_cpp: rosidl_typesupport_fastrtps_cpp;rosidl_typesupport_introspection_cpp
[0.678s] -- Found ament_cmake_cppcheck: 0.12.12 (/opt/ros/humble/share/ament_cmake_cppcheck/cmake)
[0.680s] -- Found ament_cmake_cpplint: 0.12.12 (/opt/ros/humble/share/ament_cmake_cpplint/cmake)
[0.681s] -- Found ament_cmake_uncrustify: 0.12.12 (/opt/ros/humble/share/ament_cmake_uncrustify/cmake)
[0.682s] -- Found ament_cmake_ros: 0.10.0 (/opt/ros/humble/share/ament_cmake_ros/cmake)
[0.987s] -- Using all available rosidl_typesupport_c: rosidl_typesupport_fastrtps_c;rosidl_typesupport_introspection_c
[1.163s] -- Using all available rosidl_typesupport_cpp: rosidl_typesupport_fastrtps_cpp;rosidl_typesupport_introspection_cpp
[1.179s] -- Found PythonInterp: /usr/bin/python3 (found suitable version "3.10.12", minimum required is "3.6") 
[1.180s] -- Found python_cmake_module: 0.10.0 (/opt/ros/humble/share/python_cmake_module/cmake)
[1.201s] -- Found PythonLibs: /usr/lib/x86_64-linux-gnu/libpython3.10.so (found suitable version "3.10.12", minimum required is "3.5") 
[1.201s] -- Using PYTHON_EXECUTABLE: /usr/bin/python3
[1.201s] -- Using PYTHON_INCLUDE_DIRS: /usr/include/python3.10
[1.201s] -- Using PYTHON_LIBRARIES: /usr/lib/x86_64-linux-gnu/libpython3.10.so
[1.220s] -- Found PythonExtra: .so  
[1.328s] -- Found ament_cmake_flake8: 0.12.12 (/opt/ros/humble/share/ament_cmake_flake8/cmake)
[1.334s] -- Found ament_cmake_pep257: 0.12.12 (/opt/ros/humble/share/ament_cmake_pep257/cmake)
[1.343s] -- Found ament_lint_auto: 0.12.12 (/opt/ros/humble/share/ament_lint_auto/cmake)
[1.374s] -- Added test 'copyright' to check source files copyright and LICENSE
[1.374s] -- Added test 'lint_cmake' to check CMake code style
[1.376s] -- Added test 'xmllint' to check XML markup files
[1.384s] -- Configuring done
[1.506s] -- Generating done
[1.533s] -- Build files have been written to: /home/jmj/dream_ws/build/autoware_map_msgs
[1.547s] Invoked command in '/home/jmj/dream_ws/build/autoware_map_msgs' returned '0': CMAKE_PREFIX_PATH=${CMAKE_PREFIX_PATH}:/home/jmj/dream_ws/install/dream:/opt/ros/humble /usr/bin/cmake /home/jmj/dream_ws/autoware_msgs/autoware_map_msgs -DCMAKE_INSTALL_PREFIX=/home/jmj/dream_ws/install/autoware_map_msgs
[1.553s] Invoking command in '/home/jmj/dream_ws/build/autoware_map_msgs': CMAKE_PREFIX_PATH=${CMAKE_PREFIX_PATH}:/home/jmj/dream_ws/install/dream:/opt/ros/humble /usr/bin/cmake --build /home/jmj/dream_ws/build/autoware_map_msgs -- -j20 -l20
[1.636s] [  1%] [34m[1mGenerating C code for ROS interfaces[0m
[1.655s] [  1%] [34m[1mGenerating C++ code for ROS interfaces[0m
[1.676s] [  1%] Built target ament_cmake_python_copy_autoware_map_msgs
[2.068s] running egg_info
[2.069s] creating autoware_map_msgs.egg-info
[2.069s] writing autoware_map_msgs.egg-info/PKG-INFO
[2.078s] writing dependency_links to autoware_map_msgs.egg-info/dependency_links.txt
[2.078s] writing top-level names to autoware_map_msgs.egg-info/top_level.txt
[2.078s] writing manifest file 'autoware_map_msgs.egg-info/SOURCES.txt'
[2.080s] reading manifest file 'autoware_map_msgs.egg-info/SOURCES.txt'
[2.081s] writing manifest file 'autoware_map_msgs.egg-info/SOURCES.txt'
[2.175s] [  1%] Built target ament_cmake_python_build_autoware_map_msgs_egg
[5.317s] [  1%] Built target autoware_map_msgs__cpp
[5.361s] [  2%] [34m[1mGenerating C++ type support for eProsima Fast-RTPS[0m
[5.361s] [  2%] [34m[1mGenerating C++ introspection for ROS interfaces[0m
[5.378s] [  3%] [34m[1mGenerating C++ type support dispatch for ROS interfaces[0m
[6.079s] [  4%] [32mBuilding C object CMakeFiles/autoware_map_msgs__rosidl_generator_c.dir/rosidl_generator_c/autoware_map_msgs/msg/detail/area_info__functions.c.o[0m
[6.079s] [  5%] [32mBuilding C object CMakeFiles/autoware_map_msgs__rosidl_generator_c.dir/rosidl_generator_c/autoware_map_msgs/msg/detail/lanelet_map_meta_data__functions.c.o[0m
[6.085s] [  5%] [32mBuilding C object CMakeFiles/autoware_map_msgs__rosidl_generator_c.dir/rosidl_generator_c/autoware_map_msgs/msg/detail/lanelet_map_bin__functions.c.o[0m
[6.085s] [  7%] [32mBuilding C object CMakeFiles/autoware_map_msgs__rosidl_generator_c.dir/rosidl_generator_c/autoware_map_msgs/msg/detail/point_cloud_map_cell_with_id__functions.c.o[0m
[6.101s] [  7%] [32mBuilding C object CMakeFiles/autoware_map_msgs__rosidl_generator_c.dir/rosidl_generator_c/autoware_map_msgs/msg/detail/lanelet_map_cell_meta_data__functions.c.o[0m
[6.101s] [  7%] [32mBuilding C object CMakeFiles/autoware_map_msgs__rosidl_generator_c.dir/rosidl_generator_c/autoware_map_msgs/msg/detail/point_cloud_map_cell_meta_data__functions.c.o[0m
[6.104s] [  8%] [32mBuilding C object CMakeFiles/autoware_map_msgs__rosidl_generator_c.dir/rosidl_generator_c/autoware_map_msgs/srv/detail/get_differential_point_cloud_map__functions.c.o[0m
[6.117s] [  9%] [32mBuilding C object CMakeFiles/autoware_map_msgs__rosidl_generator_c.dir/rosidl_generator_c/autoware_map_msgs/msg/detail/point_cloud_map_meta_data__functions.c.o[0m
[6.117s] [ 11%] [32mBuilding C object CMakeFiles/autoware_map_msgs__rosidl_generator_c.dir/rosidl_generator_c/autoware_map_msgs/srv/detail/get_partial_point_cloud_map__functions.c.o[0m
[6.117s] [ 11%] [32mBuilding C object CMakeFiles/autoware_map_msgs__rosidl_generator_c.dir/rosidl_generator_c/autoware_map_msgs/msg/detail/map_projector_info__functions.c.o[0m
[6.117s] [ 12%] [32mBuilding C object CMakeFiles/autoware_map_msgs__rosidl_generator_c.dir/rosidl_generator_c/autoware_map_msgs/msg/detail/point_cloud_map_cell_meta_data_with_id__functions.c.o[0m
[6.117s] [ 12%] [32mBuilding C object CMakeFiles/autoware_map_msgs__rosidl_generator_c.dir/rosidl_generator_c/autoware_map_msgs/srv/detail/get_selected_point_cloud_map__functions.c.o[0m
[6.123s] [ 13%] [32mBuilding C object CMakeFiles/autoware_map_msgs__rosidl_generator_c.dir/rosidl_generator_c/autoware_map_msgs/srv/detail/get_selected_lanelet2_map__functions.c.o[0m
[6.371s] [ 14%] [32m[1mLinking C shared library libautoware_map_msgs__rosidl_generator_c.so[0m
[6.437s] [ 14%] Built target autoware_map_msgs__rosidl_generator_c
[6.451s] [ 15%] [34m[1mGenerating C type support for eProsima Fast-RTPS[0m
[6.455s] [ 16%] [34m[1mGenerating C type support dispatch for ROS interfaces[0m
[6.462s] [ 17%] [34m[1mGenerating C introspection for ROS interfaces[0m
[6.912s] [ 19%] [32mBuilding CXX object CMakeFiles/autoware_map_msgs__rosidl_typesupport_cpp.dir/rosidl_typesupport_cpp/autoware_map_msgs/msg/area_info__type_support.cpp.o[0m
[6.912s] [ 19%] [32mBuilding CXX object CMakeFiles/autoware_map_msgs__rosidl_typesupport_cpp.dir/rosidl_typesupport_cpp/autoware_map_msgs/msg/lanelet_map_bin__type_support.cpp.o[0m
[6.913s] [ 20%] [32mBuilding CXX object CMakeFiles/autoware_map_msgs__rosidl_typesupport_cpp.dir/rosidl_typesupport_cpp/autoware_map_msgs/msg/lanelet_map_cell_meta_data__type_support.cpp.o[0m
[6.916s] [ 20%] [32mBuilding CXX object CMakeFiles/autoware_map_msgs__rosidl_typesupport_cpp.dir/rosidl_typesupport_cpp/autoware_map_msgs/msg/lanelet_map_meta_data__type_support.cpp.o[0m
[6.921s] [ 21%] [32mBuilding CXX object CMakeFiles/autoware_map_msgs__rosidl_typesupport_cpp.dir/rosidl_typesupport_cpp/autoware_map_msgs/msg/point_cloud_map_cell_meta_data_with_id__type_support.cpp.o[0m
[6.921s] [ 21%] [32mBuilding CXX object CMakeFiles/autoware_map_msgs__rosidl_typesupport_cpp.dir/rosidl_typesupport_cpp/autoware_map_msgs/msg/map_projector_info__type_support.cpp.o[0m
[6.922s] [ 22%] [32mBuilding CXX object CMakeFiles/autoware_map_msgs__rosidl_typesupport_cpp.dir/rosidl_typesupport_cpp/autoware_map_msgs/msg/point_cloud_map_cell_with_id__type_support.cpp.o[0m
[6.922s] [ 23%] [32mBuilding CXX object CMakeFiles/autoware_map_msgs__rosidl_typesupport_cpp.dir/rosidl_typesupport_cpp/autoware_map_msgs/msg/point_cloud_map_cell_meta_data__type_support.cpp.o[0m
[6.946s] [ 24%] [32mBuilding CXX object CMakeFiles/autoware_map_msgs__rosidl_typesupport_cpp.dir/rosidl_typesupport_cpp/autoware_map_msgs/srv/get_selected_point_cloud_map__type_support.cpp.o[0m
[6.947s] [ 25%] [32mBuilding CXX object CMakeFiles/autoware_map_msgs__rosidl_typesupport_cpp.dir/rosidl_typesupport_cpp/autoware_map_msgs/msg/point_cloud_map_meta_data__type_support.cpp.o[0m
[6.947s] [ 26%] [32mBuilding CXX object CMakeFiles/autoware_map_msgs__rosidl_typesupport_cpp.dir/rosidl_typesupport_cpp/autoware_map_msgs/srv/get_partial_point_cloud_map__type_support.cpp.o[0m
[6.947s] [ 26%] [32mBuilding CXX object CMakeFiles/autoware_map_msgs__rosidl_typesupport_cpp.dir/rosidl_typesupport_cpp/autoware_map_msgs/srv/get_selected_lanelet2_map__type_support.cpp.o[0m
[6.950s] [ 27%] [32mBuilding CXX object CMakeFiles/autoware_map_msgs__rosidl_typesupport_cpp.dir/rosidl_typesupport_cpp/autoware_map_msgs/srv/get_differential_point_cloud_map__type_support.cpp.o[0m
[7.335s] [ 28%] [32mBuilding CXX object CMakeFiles/autoware_map_msgs__rosidl_typesupport_introspection_cpp.dir/rosidl_typesupport_introspection_cpp/autoware_map_msgs/msg/detail/area_info__type_support.cpp.o[0m
[7.341s] [ 29%] [32mBuilding CXX object CMakeFiles/autoware_map_msgs__rosidl_typesupport_introspection_cpp.dir/rosidl_typesupport_introspection_cpp/autoware_map_msgs/msg/detail/lanelet_map_bin__type_support.cpp.o[0m
[7.350s] [ 30%] [32mBuilding CXX object CMakeFiles/autoware_map_msgs__rosidl_typesupport_introspection_cpp.dir/rosidl_typesupport_introspection_cpp/autoware_map_msgs/msg/detail/lanelet_map_meta_data__type_support.cpp.o[0m
[7.355s] [ 30%] [32mBuilding CXX object CMakeFiles/autoware_map_msgs__rosidl_typesupport_introspection_cpp.dir/rosidl_typesupport_introspection_cpp/autoware_map_msgs/msg/detail/map_projector_info__type_support.cpp.o[0m
[7.356s] [ 31%] [32mBuilding CXX object CMakeFiles/autoware_map_msgs__rosidl_typesupport_introspection_cpp.dir/rosidl_typesupport_introspection_cpp/autoware_map_msgs/msg/detail/lanelet_map_cell_meta_data__type_support.cpp.o[0m
[7.366s] [ 32%] [32mBuilding CXX object CMakeFiles/autoware_map_msgs__rosidl_typesupport_introspection_cpp.dir/rosidl_typesupport_introspection_cpp/autoware_map_msgs/msg/detail/point_cloud_map_cell_with_id__type_support.cpp.o[0m
[7.408s] [ 33%] [32mBuilding CXX object CMakeFiles/autoware_map_msgs__rosidl_typesupport_introspection_cpp.dir/rosidl_typesupport_introspection_cpp/autoware_map_msgs/msg/detail/point_cloud_map_cell_meta_data__type_support.cpp.o[0m
[7.417s] [ 34%] [32mBuilding CXX object CMakeFiles/autoware_map_msgs__rosidl_typesupport_introspection_cpp.dir/rosidl_typesupport_introspection_cpp/autoware_map_msgs/msg/detail/point_cloud_map_cell_meta_data_with_id__type_support.cpp.o[0m
[7.422s] [ 35%] [32mBuilding CXX object CMakeFiles/autoware_map_msgs__rosidl_typesupport_introspection_cpp.dir/rosidl_typesupport_introspection_cpp/autoware_map_msgs/msg/detail/point_cloud_map_meta_data__type_support.cpp.o[0m
[7.430s] [ 35%] [32mBuilding CXX object CMakeFiles/autoware_map_msgs__rosidl_typesupport_introspection_cpp.dir/rosidl_typesupport_introspection_cpp/autoware_map_msgs/srv/detail/get_partial_point_cloud_map__type_support.cpp.o[0m
[7.455s] [ 36%] [32mBuilding CXX object CMakeFiles/autoware_map_msgs__rosidl_typesupport_introspection_cpp.dir/rosidl_typesupport_introspection_cpp/autoware_map_msgs/srv/detail/get_differential_point_cloud_map__type_support.cpp.o[0m
[7.483s] [ 37%] [32mBuilding CXX object CMakeFiles/autoware_map_msgs__rosidl_typesupport_introspection_cpp.dir/rosidl_typesupport_introspection_cpp/autoware_map_msgs/srv/detail/get_selected_point_cloud_map__type_support.cpp.o[0m
[7.525s] [ 38%] [32mBuilding CXX object CMakeFiles/autoware_map_msgs__rosidl_typesupport_introspection_cpp.dir/rosidl_typesupport_introspection_cpp/autoware_map_msgs/srv/detail/get_selected_lanelet2_map__type_support.cpp.o[0m
[7.641s] [ 39%] [32m[1mLinking CXX shared library libautoware_map_msgs__rosidl_typesupport_cpp.so[0m
[7.744s] [ 39%] Built target autoware_map_msgs__rosidl_typesupport_cpp
[7.744s] [ 39%] [32mBuilding CXX object CMakeFiles/autoware_map_msgs__rosidl_typesupport_c.dir/rosidl_typesupport_c/autoware_map_msgs/msg/area_info__type_support.cpp.o[0m
[7.744s] [ 40%] [32mBuilding CXX object CMakeFiles/autoware_map_msgs__rosidl_typesupport_c.dir/rosidl_typesupport_c/autoware_map_msgs/msg/lanelet_map_meta_data__type_support.cpp.o[0m
[7.748s] [ 41%] [32mBuilding CXX object CMakeFiles/autoware_map_msgs__rosidl_typesupport_c.dir/rosidl_typesupport_c/autoware_map_msgs/msg/lanelet_map_bin__type_support.cpp.o[0m
[7.748s] [ 42%] [32mBuilding CXX object CMakeFiles/autoware_map_msgs__rosidl_typesupport_fastrtps_cpp.dir/rosidl_typesupport_fastrtps_cpp/autoware_map_msgs/msg/detail/dds_fastrtps/area_info__type_support.cpp.o[0m
[7.751s] [ 43%] [32mBuilding CXX object CMakeFiles/autoware_map_msgs__rosidl_typesupport_c.dir/rosidl_typesupport_c/autoware_map_msgs/msg/lanelet_map_cell_meta_data__type_support.cpp.o[0m
[7.841s] [ 44%] [32mBuilding CXX object CMakeFiles/autoware_map_msgs__rosidl_typesupport_c.dir/rosidl_typesupport_c/autoware_map_msgs/msg/map_projector_info__type_support.cpp.o[0m
[7.861s] [ 45%] [32mBuilding CXX object CMakeFiles/autoware_map_msgs__rosidl_typesupport_c.dir/rosidl_typesupport_c/autoware_map_msgs/msg/point_cloud_map_cell_meta_data__type_support.cpp.o[0m
[7.866s] [ 45%] [32mBuilding CXX object CMakeFiles/autoware_map_msgs__rosidl_typesupport_c.dir/rosidl_typesupport_c/autoware_map_msgs/msg/point_cloud_map_cell_with_id__type_support.cpp.o[0m
[7.887s] [ 46%] [32mBuilding CXX object CMakeFiles/autoware_map_msgs__rosidl_typesupport_fastrtps_cpp.dir/rosidl_typesupport_fastrtps_cpp/autoware_map_msgs/msg/detail/dds_fastrtps/lanelet_map_bin__type_support.cpp.o[0m
[7.964s] [ 47%] [32mBuilding CXX object CMakeFiles/autoware_map_msgs__rosidl_typesupport_c.dir/rosidl_typesupport_c/autoware_map_msgs/msg/point_cloud_map_cell_meta_data_with_id__type_support.cpp.o[0m
[7.988s] [ 48%] [32mBuilding CXX object CMakeFiles/autoware_map_msgs__rosidl_typesupport_c.dir/rosidl_typesupport_c/autoware_map_msgs/msg/point_cloud_map_meta_data__type_support.cpp.o[0m
[8.011s] [ 49%] [32mBuilding CXX object CMakeFiles/autoware_map_msgs__rosidl_typesupport_c.dir/rosidl_typesupport_c/autoware_map_msgs/srv/get_partial_point_cloud_map__type_support.cpp.o[0m
[8.080s] [ 49%] [32mBuilding CXX object CMakeFiles/autoware_map_msgs__rosidl_typesupport_c.dir/rosidl_typesupport_c/autoware_map_msgs/srv/get_differential_point_cloud_map__type_support.cpp.o[0m
[8.113s] [ 50%] [32mBuilding CXX object CMakeFiles/autoware_map_msgs__rosidl_typesupport_c.dir/rosidl_typesupport_c/autoware_map_msgs/srv/get_selected_point_cloud_map__type_support.cpp.o[0m
[8.134s] [ 51%] [32mBuilding CXX object CMakeFiles/autoware_map_msgs__rosidl_typesupport_fastrtps_cpp.dir/rosidl_typesupport_fastrtps_cpp/autoware_map_msgs/msg/detail/dds_fastrtps/lanelet_map_meta_data__type_support.cpp.o[0m
[8.136s] [ 52%] [32mBuilding CXX object CMakeFiles/autoware_map_msgs__rosidl_typesupport_c.dir/rosidl_typesupport_c/autoware_map_msgs/srv/get_selected_lanelet2_map__type_support.cpp.o[0m
[8.176s] [ 52%] [32mBuilding CXX object CMakeFiles/autoware_map_msgs__rosidl_typesupport_fastrtps_cpp.dir/rosidl_typesupport_fastrtps_cpp/autoware_map_msgs/msg/detail/dds_fastrtps/lanelet_map_cell_meta_data__type_support.cpp.o[0m
[8.234s] [ 53%] [32mBuilding CXX object CMakeFiles/autoware_map_msgs__rosidl_typesupport_fastrtps_cpp.dir/rosidl_typesupport_fastrtps_cpp/autoware_map_msgs/msg/detail/dds_fastrtps/map_projector_info__type_support.cpp.o[0m
[8.263s] [ 54%] [32mBuilding CXX object CMakeFiles/autoware_map_msgs__rosidl_typesupport_fastrtps_cpp.dir/rosidl_typesupport_fastrtps_cpp/autoware_map_msgs/msg/detail/dds_fastrtps/point_cloud_map_cell_with_id__type_support.cpp.o[0m
[8.302s] [ 55%] [32m[1mLinking CXX shared library libautoware_map_msgs__rosidl_typesupport_c.so[0m
[8.319s] [ 56%] [32mBuilding CXX object CMakeFiles/autoware_map_msgs__rosidl_typesupport_fastrtps_cpp.dir/rosidl_typesupport_fastrtps_cpp/autoware_map_msgs/msg/detail/dds_fastrtps/point_cloud_map_cell_meta_data__type_support.cpp.o[0m
[8.368s] [ 57%] [32mBuilding CXX object CMakeFiles/autoware_map_msgs__rosidl_typesupport_fastrtps_cpp.dir/rosidl_typesupport_fastrtps_cpp/autoware_map_msgs/msg/detail/dds_fastrtps/point_cloud_map_cell_meta_data_with_id__type_support.cpp.o[0m
[8.397s] [ 57%] [32mBuilding CXX object CMakeFiles/autoware_map_msgs__rosidl_typesupport_fastrtps_cpp.dir/rosidl_typesupport_fastrtps_cpp/autoware_map_msgs/msg/detail/dds_fastrtps/point_cloud_map_meta_data__type_support.cpp.o[0m
[8.433s] [ 57%] Built target autoware_map_msgs__rosidl_typesupport_c
[8.447s] [ 58%] [32mBuilding CXX object CMakeFiles/autoware_map_msgs__rosidl_typesupport_fastrtps_cpp.dir/rosidl_typesupport_fastrtps_cpp/autoware_map_msgs/srv/detail/dds_fastrtps/get_partial_point_cloud_map__type_support.cpp.o[0m
[8.471s] [ 59%] [32mBuilding CXX object CMakeFiles/autoware_map_msgs__rosidl_typesupport_fastrtps_cpp.dir/rosidl_typesupport_fastrtps_cpp/autoware_map_msgs/srv/detail/dds_fastrtps/get_selected_point_cloud_map__type_support.cpp.o[0m
[8.476s] [ 60%] [32mBuilding CXX object CMakeFiles/autoware_map_msgs__rosidl_typesupport_fastrtps_cpp.dir/rosidl_typesupport_fastrtps_cpp/autoware_map_msgs/srv/detail/dds_fastrtps/get_differential_point_cloud_map__type_support.cpp.o[0m
[8.532s] [ 61%] [32mBuilding CXX object CMakeFiles/autoware_map_msgs__rosidl_typesupport_fastrtps_c.dir/rosidl_typesupport_fastrtps_c/autoware_map_msgs/msg/detail/area_info__type_support_c.cpp.o[0m
[8.609s] [ 61%] [32mBuilding CXX object CMakeFiles/autoware_map_msgs__rosidl_typesupport_fastrtps_c.dir/rosidl_typesupport_fastrtps_c/autoware_map_msgs/msg/detail/lanelet_map_bin__type_support_c.cpp.o[0m
[8.642s] [ 62%] [32mBuilding C object CMakeFiles/autoware_map_msgs__rosidl_typesupport_introspection_c.dir/rosidl_typesupport_introspection_c/autoware_map_msgs/msg/detail/area_info__type_support.c.o[0m
[8.720s] [ 63%] [32mBuilding C object CMakeFiles/autoware_map_msgs__rosidl_typesupport_introspection_c.dir/rosidl_typesupport_introspection_c/autoware_map_msgs/msg/detail/lanelet_map_bin__type_support.c.o[0m
[8.749s] [ 63%] [32mBuilding C object CMakeFiles/autoware_map_msgs__rosidl_typesupport_introspection_c.dir/rosidl_typesupport_introspection_c/autoware_map_msgs/msg/detail/lanelet_map_meta_data__type_support.c.o[0m
[8.758s] [ 64%] [32mBuilding CXX object CMakeFiles/autoware_map_msgs__rosidl_typesupport_fastrtps_c.dir/rosidl_typesupport_fastrtps_c/autoware_map_msgs/msg/detail/lanelet_map_meta_data__type_support_c.cpp.o[0m
[8.781s] [ 65%] [32mBuilding CXX object CMakeFiles/autoware_map_msgs__rosidl_typesupport_fastrtps_cpp.dir/rosidl_typesupport_fastrtps_cpp/autoware_map_msgs/srv/detail/dds_fastrtps/get_selected_lanelet2_map__type_support.cpp.o[0m
[8.846s] [ 66%] [32mBuilding C object CMakeFiles/autoware_map_msgs__rosidl_typesupport_introspection_c.dir/rosidl_typesupport_introspection_c/autoware_map_msgs/msg/detail/lanelet_map_cell_meta_data__type_support.c.o[0m
[8.942s] [ 67%] [32mBuilding CXX object CMakeFiles/autoware_map_msgs__rosidl_typesupport_fastrtps_c.dir/rosidl_typesupport_fastrtps_c/autoware_map_msgs/msg/detail/lanelet_map_cell_meta_data__type_support_c.cpp.o[0m
[8.946s] [ 68%] [32mBuilding C object CMakeFiles/autoware_map_msgs__rosidl_typesupport_introspection_c.dir/rosidl_typesupport_introspection_c/autoware_map_msgs/msg/detail/map_projector_info__type_support.c.o[0m
[8.962s] [ 69%] [32mBuilding CXX object CMakeFiles/autoware_map_msgs__rosidl_typesupport_fastrtps_c.dir/rosidl_typesupport_fastrtps_c/autoware_map_msgs/msg/detail/map_projector_info__type_support_c.cpp.o[0m
[8.981s] [ 70%] [32mBuilding C object CMakeFiles/autoware_map_msgs__rosidl_typesupport_introspection_c.dir/rosidl_typesupport_introspection_c/autoware_map_msgs/msg/detail/point_cloud_map_cell_with_id__type_support.c.o[0m
[8.990s] [ 71%] [32m[1mLinking CXX shared library libautoware_map_msgs__rosidl_typesupport_introspection_cpp.so[0m
[9.091s] [ 72%] [32mBuilding CXX object CMakeFiles/autoware_map_msgs__rosidl_typesupport_fastrtps_c.dir/rosidl_typesupport_fastrtps_c/autoware_map_msgs/msg/detail/point_cloud_map_cell_with_id__type_support_c.cpp.o[0m
[9.117s] [ 73%] [32mBuilding C object CMakeFiles/autoware_map_msgs__rosidl_typesupport_introspection_c.dir/rosidl_typesupport_introspection_c/autoware_map_msgs/msg/detail/point_cloud_map_cell_meta_data__type_support.c.o[0m
[9.168s] [ 73%] [32mBuilding C object CMakeFiles/autoware_map_msgs__rosidl_typesupport_introspection_c.dir/rosidl_typesupport_introspection_c/autoware_map_msgs/msg/detail/point_cloud_map_cell_meta_data_with_id__type_support.c.o[0m
[9.230s] [ 74%] [32mBuilding C object CMakeFiles/autoware_map_msgs__rosidl_typesupport_introspection_c.dir/rosidl_typesupport_introspection_c/autoware_map_msgs/msg/detail/point_cloud_map_meta_data__type_support.c.o[0m
[9.286s] [ 75%] [32mBuilding CXX object CMakeFiles/autoware_map_msgs__rosidl_typesupport_fastrtps_c.dir/rosidl_typesupport_fastrtps_c/autoware_map_msgs/msg/detail/point_cloud_map_cell_meta_data__type_support_c.cpp.o[0m
[9.286s] [ 75%] [32mBuilding C object CMakeFiles/autoware_map_msgs__rosidl_typesupport_introspection_c.dir/rosidl_typesupport_introspection_c/autoware_map_msgs/srv/detail/get_partial_point_cloud_map__type_support.c.o[0m
[9.287s] [ 76%] [32mBuilding CXX object CMakeFiles/autoware_map_msgs__rosidl_typesupport_fastrtps_c.dir/rosidl_typesupport_fastrtps_c/autoware_map_msgs/msg/detail/point_cloud_map_cell_meta_data_with_id__type_support_c.cpp.o[0m
[9.294s] [ 76%] Built target autoware_map_msgs__rosidl_typesupport_introspection_cpp
[9.319s] [ 77%] [32mBuilding CXX object CMakeFiles/autoware_map_msgs__rosidl_typesupport_fastrtps_c.dir/rosidl_typesupport_fastrtps_c/autoware_map_msgs/msg/detail/point_cloud_map_meta_data__type_support_c.cpp.o[0m
[9.340s] [ 78%] [32mBuilding C object CMakeFiles/autoware_map_msgs__rosidl_typesupport_introspection_c.dir/rosidl_typesupport_introspection_c/autoware_map_msgs/srv/detail/get_differential_point_cloud_map__type_support.c.o[0m
[9.350s] [ 79%] [32mBuilding CXX object CMakeFiles/autoware_map_msgs__rosidl_typesupport_fastrtps_c.dir/rosidl_typesupport_fastrtps_c/autoware_map_msgs/srv/detail/get_partial_point_cloud_map__type_support_c.cpp.o[0m
[9.410s] [ 80%] [32mBuilding CXX object CMakeFiles/autoware_map_msgs__rosidl_typesupport_fastrtps_c.dir/rosidl_typesupport_fastrtps_c/autoware_map_msgs/srv/detail/get_differential_point_cloud_map__type_support_c.cpp.o[0m
[9.432s] [ 81%] [32mBuilding C object CMakeFiles/autoware_map_msgs__rosidl_typesupport_introspection_c.dir/rosidl_typesupport_introspection_c/autoware_map_msgs/srv/detail/get_selected_point_cloud_map__type_support.c.o[0m
[9.511s] [ 81%] [32mBuilding CXX object CMakeFiles/autoware_map_msgs__rosidl_typesupport_fastrtps_c.dir/rosidl_typesupport_fastrtps_c/autoware_map_msgs/srv/detail/get_selected_point_cloud_map__type_support_c.cpp.o[0m
[9.517s] [ 81%] [32mBuilding C object CMakeFiles/autoware_map_msgs__rosidl_typesupport_introspection_c.dir/rosidl_typesupport_introspection_c/autoware_map_msgs/srv/detail/get_selected_lanelet2_map__type_support.c.o[0m
[9.613s] [ 82%] [32mBuilding CXX object CMakeFiles/autoware_map_msgs__rosidl_typesupport_fastrtps_c.dir/rosidl_typesupport_fastrtps_c/autoware_map_msgs/srv/detail/get_selected_lanelet2_map__type_support_c.cpp.o[0m
[9.676s] [ 83%] [32m[1mLinking C shared library libautoware_map_msgs__rosidl_typesupport_introspection_c.so[0m
[9.746s] [ 83%] Built target autoware_map_msgs__rosidl_typesupport_introspection_c
[10.211s] [ 83%] [32m[1mLinking CXX shared library libautoware_map_msgs__rosidl_typesupport_fastrtps_cpp.so[0m
[10.335s] [ 84%] [32m[1mLinking CXX shared library libautoware_map_msgs__rosidl_typesupport_fastrtps_c.so[0m
[10.372s] [ 84%] Built target autoware_map_msgs__rosidl_typesupport_fastrtps_cpp
[10.515s] [ 84%] Built target autoware_map_msgs__rosidl_typesupport_fastrtps_c
[10.551s] [ 84%] Built target autoware_map_msgs
[10.583s] [ 85%] [34m[1mGenerating Python code for ROS interfaces[0m
[12.019s] [ 85%] Built target autoware_map_msgs__py
[12.033s] [ 87%] [32mBuilding C object CMakeFiles/autoware_map_msgs__rosidl_generator_py.dir/rosidl_generator_py/autoware_map_msgs/msg/_lanelet_map_meta_data_s.c.o[0m
[12.033s] [ 87%] [32mBuilding C object CMakeFiles/autoware_map_msgs__rosidl_generator_py.dir/rosidl_generator_py/autoware_map_msgs/msg/_map_projector_info_s.c.o[0m
[12.033s] [ 87%] [32mBuilding C object CMakeFiles/autoware_map_msgs__rosidl_generator_py.dir/rosidl_generator_py/autoware_map_msgs/msg/_point_cloud_map_cell_meta_data_s.c.o[0m
[12.033s] [ 88%] [32mBuilding C object CMakeFiles/autoware_map_msgs__rosidl_generator_py.dir/rosidl_generator_py/autoware_map_msgs/msg/_point_cloud_map_cell_meta_data_with_id_s.c.o[0m
[12.033s] [ 88%] [32mBuilding C object CMakeFiles/autoware_map_msgs__rosidl_generator_py.dir/rosidl_generator_py/autoware_map_msgs/msg/_lanelet_map_bin_s.c.o[0m
[12.034s] [ 89%] [32mBuilding C object CMakeFiles/autoware_map_msgs__rosidl_generator_py.dir/rosidl_generator_py/autoware_map_msgs/msg/_area_info_s.c.o[0m
[12.034s] [ 89%] [32mBuilding C object CMakeFiles/autoware_map_msgs__rosidl_generator_py.dir/rosidl_generator_py/autoware_map_msgs/srv/_get_selected_point_cloud_map_s.c.o[0m
[12.035s] [ 90%] [32mBuilding C object CMakeFiles/autoware_map_msgs__rosidl_generator_py.dir/rosidl_generator_py/autoware_map_msgs/msg/_lanelet_map_cell_meta_data_s.c.o[0m
[12.035s] [ 91%] [32mBuilding C object CMakeFiles/autoware_map_msgs__rosidl_generator_py.dir/rosidl_generator_py/autoware_map_msgs/srv/_get_partial_point_cloud_map_s.c.o[0m
[12.035s] [ 92%] [32mBuilding C object CMakeFiles/autoware_map_msgs__rosidl_generator_py.dir/rosidl_generator_py/autoware_map_msgs/srv/_get_differential_point_cloud_map_s.c.o[0m
[12.035s] [ 93%] [32mBuilding C object CMakeFiles/autoware_map_msgs__rosidl_generator_py.dir/rosidl_generator_py/autoware_map_msgs/srv/_get_selected_lanelet2_map_s.c.o[0m
[12.035s] [ 94%] [32mBuilding C object CMakeFiles/autoware_map_msgs__rosidl_generator_py.dir/rosidl_generator_py/autoware_map_msgs/msg/_point_cloud_map_cell_with_id_s.c.o[0m
[12.036s] [ 95%] [32mBuilding C object CMakeFiles/autoware_map_msgs__rosidl_generator_py.dir/rosidl_generator_py/autoware_map_msgs/msg/_point_cloud_map_meta_data_s.c.o[0m
[12.196s] [ 96%] [32m[1mLinking C shared library rosidl_generator_py/autoware_map_msgs/libautoware_map_msgs__rosidl_generator_py.so[0m
[12.229s] [ 96%] Built target autoware_map_msgs__rosidl_generator_py
[12.240s] [ 97%] [32mBuilding C object CMakeFiles/autoware_map_msgs__rosidl_typesupport_c__pyext.dir/rosidl_generator_py/autoware_map_msgs/_autoware_map_msgs_s.ep.rosidl_typesupport_c.c.o[0m
[12.246s] [ 98%] [32mBuilding C object CMakeFiles/autoware_map_msgs__rosidl_typesupport_introspection_c__pyext.dir/rosidl_generator_py/autoware_map_msgs/_autoware_map_msgs_s.ep.rosidl_typesupport_introspection_c.c.o[0m
[12.246s] [ 99%] [32mBuilding C object CMakeFiles/autoware_map_msgs__rosidl_typesupport_fastrtps_c__pyext.dir/rosidl_generator_py/autoware_map_msgs/_autoware_map_msgs_s.ep.rosidl_typesupport_fastrtps_c.c.o[0m
[12.367s] [ 99%] [32m[1mLinking C shared library rosidl_generator_py/autoware_map_msgs/autoware_map_msgs_s__rosidl_typesupport_c.cpython-310-x86_64-linux-gnu.so[0m
[12.383s] [ 99%] [32m[1mLinking C shared library rosidl_generator_py/autoware_map_msgs/autoware_map_msgs_s__rosidl_typesupport_fastrtps_c.cpython-310-x86_64-linux-gnu.so[0m
[12.393s] [100%] [32m[1mLinking C shared library rosidl_generator_py/autoware_map_msgs/autoware_map_msgs_s__rosidl_typesupport_introspection_c.cpython-310-x86_64-linux-gnu.so[0m
[12.399s] [100%] Built target autoware_map_msgs__rosidl_typesupport_c__pyext
[12.416s] [100%] Built target autoware_map_msgs__rosidl_typesupport_fastrtps_c__pyext
[12.429s] [100%] Built target autoware_map_msgs__rosidl_typesupport_introspection_c__pyext
[12.439s] Invoked command in '/home/jmj/dream_ws/build/autoware_map_msgs' returned '0': CMAKE_PREFIX_PATH=${CMAKE_PREFIX_PATH}:/home/jmj/dream_ws/install/dream:/opt/ros/humble /usr/bin/cmake --build /home/jmj/dream_ws/build/autoware_map_msgs -- -j20 -l20
[12.440s] Invoking command in '/home/jmj/dream_ws/build/autoware_map_msgs': CMAKE_PREFIX_PATH=${CMAKE_PREFIX_PATH}:/home/jmj/dream_ws/install/dream:/opt/ros/humble /usr/bin/cmake --install /home/jmj/dream_ws/build/autoware_map_msgs
[12.445s] -- Install configuration: ""
[12.445s] -- Installing: /home/jmj/dream_ws/install/autoware_map_msgs/share/ament_index/resource_index/rosidl_interfaces/autoware_map_msgs
[12.445s] -- Installing: /home/jmj/dream_ws/install/autoware_map_msgs/include/autoware_map_msgs/autoware_map_msgs
[12.445s] -- Installing: /home/jmj/dream_ws/install/autoware_map_msgs/include/autoware_map_msgs/autoware_map_msgs/srv
[12.445s] -- Installing: /home/jmj/dream_ws/install/autoware_map_msgs/include/autoware_map_msgs/autoware_map_msgs/srv/get_selected_point_cloud_map.h
[12.445s] -- Installing: /home/jmj/dream_ws/install/autoware_map_msgs/include/autoware_map_msgs/autoware_map_msgs/srv/get_selected_lanelet2_map.h
[12.445s] -- Installing: /home/jmj/dream_ws/install/autoware_map_msgs/include/autoware_map_msgs/autoware_map_msgs/srv/detail
[12.445s] -- Installing: /home/jmj/dream_ws/install/autoware_map_msgs/include/autoware_map_msgs/autoware_map_msgs/srv/detail/get_selected_point_cloud_map__functions.h
[12.445s] -- Installing: /home/jmj/dream_ws/install/autoware_map_msgs/include/autoware_map_msgs/autoware_map_msgs/srv/detail/get_selected_point_cloud_map__struct.h
[12.445s] -- Installing: /home/jmj/dream_ws/install/autoware_map_msgs/include/autoware_map_msgs/autoware_map_msgs/srv/detail/get_partial_point_cloud_map__functions.c
[12.445s] -- Installing: /home/jmj/dream_ws/install/autoware_map_msgs/include/autoware_map_msgs/autoware_map_msgs/srv/detail/get_selected_point_cloud_map__functions.c
[12.445s] -- Installing: /home/jmj/dream_ws/install/autoware_map_msgs/include/autoware_map_msgs/autoware_map_msgs/srv/detail/get_differential_point_cloud_map__functions.h
[12.445s] -- Installing: /home/jmj/dream_ws/install/autoware_map_msgs/include/autoware_map_msgs/autoware_map_msgs/srv/detail/get_selected_lanelet2_map__functions.h
[12.445s] -- Installing: /home/jmj/dream_ws/install/autoware_map_msgs/include/autoware_map_msgs/autoware_map_msgs/srv/detail/get_differential_point_cloud_map__struct.h
[12.445s] -- Installing: /home/jmj/dream_ws/install/autoware_map_msgs/include/autoware_map_msgs/autoware_map_msgs/srv/detail/get_selected_lanelet2_map__type_support.h
[12.446s] -- Installing: /home/jmj/dream_ws/install/autoware_map_msgs/include/autoware_map_msgs/autoware_map_msgs/srv/detail/get_differential_point_cloud_map__functions.c
[12.446s] -- Installing: /home/jmj/dream_ws/install/autoware_map_msgs/include/autoware_map_msgs/autoware_map_msgs/srv/detail/get_partial_point_cloud_map__functions.h
[12.446s] -- Installing: /home/jmj/dream_ws/install/autoware_map_msgs/include/autoware_map_msgs/autoware_map_msgs/srv/detail/get_selected_lanelet2_map__struct.h
[12.446s] -- Installing: /home/jmj/dream_ws/install/autoware_map_msgs/include/autoware_map_msgs/autoware_map_msgs/srv/detail/get_selected_lanelet2_map__functions.c
[12.446s] -- Installing: /home/jmj/dream_ws/install/autoware_map_msgs/include/autoware_map_msgs/autoware_map_msgs/srv/detail/get_differential_point_cloud_map__type_support.h
[12.446s] -- Installing: /home/jmj/dream_ws/install/autoware_map_msgs/include/autoware_map_msgs/autoware_map_msgs/srv/detail/get_partial_point_cloud_map__struct.h
[12.446s] -- Installing: /home/jmj/dream_ws/install/autoware_map_msgs/include/autoware_map_msgs/autoware_map_msgs/srv/detail/get_partial_point_cloud_map__type_support.h
[12.446s] -- Installing: /home/jmj/dream_ws/install/autoware_map_msgs/include/autoware_map_msgs/autoware_map_msgs/srv/detail/get_selected_point_cloud_map__type_support.h
[12.446s] -- Installing: /home/jmj/dream_ws/install/autoware_map_msgs/include/autoware_map_msgs/autoware_map_msgs/srv/get_differential_point_cloud_map.h
[12.446s] -- Installing: /home/jmj/dream_ws/install/autoware_map_msgs/include/autoware_map_msgs/autoware_map_msgs/srv/get_partial_point_cloud_map.h
[12.446s] -- Installing: /home/jmj/dream_ws/install/autoware_map_msgs/include/autoware_map_msgs/autoware_map_msgs/msg
[12.446s] -- Installing: /home/jmj/dream_ws/install/autoware_map_msgs/include/autoware_map_msgs/autoware_map_msgs/msg/area_info.h
[12.446s] -- Installing: /home/jmj/dream_ws/install/autoware_map_msgs/include/autoware_map_msgs/autoware_map_msgs/msg/rosidl_generator_c__visibility_control.h
[12.446s] -- Installing: /home/jmj/dream_ws/install/autoware_map_msgs/include/autoware_map_msgs/autoware_map_msgs/msg/point_cloud_map_cell_with_id.h
[12.446s] -- Installing: /home/jmj/dream_ws/install/autoware_map_msgs/include/autoware_map_msgs/autoware_map_msgs/msg/detail
[12.446s] -- Installing: /home/jmj/dream_ws/install/autoware_map_msgs/include/autoware_map_msgs/autoware_map_msgs/msg/detail/lanelet_map_meta_data__functions.c
[12.446s] -- Installing: /home/jmj/dream_ws/install/autoware_map_msgs/include/autoware_map_msgs/autoware_map_msgs/msg/detail/map_projector_info__functions.h
[12.446s] -- Installing: /home/jmj/dream_ws/install/autoware_map_msgs/include/autoware_map_msgs/autoware_map_msgs/msg/detail/point_cloud_map_meta_data__functions.h
[12.446s] -- Installing: /home/jmj/dream_ws/install/autoware_map_msgs/include/autoware_map_msgs/autoware_map_msgs/msg/detail/area_info__struct.h
[12.446s] -- Installing: /home/jmj/dream_ws/install/autoware_map_msgs/include/autoware_map_msgs/autoware_map_msgs/msg/detail/lanelet_map_cell_meta_data__functions.c
[12.447s] -- Installing: /home/jmj/dream_ws/install/autoware_map_msgs/include/autoware_map_msgs/autoware_map_msgs/msg/detail/lanelet_map_meta_data__struct.h
[12.447s] -- Installing: /home/jmj/dream_ws/install/autoware_map_msgs/include/autoware_map_msgs/autoware_map_msgs/msg/detail/point_cloud_map_meta_data__type_support.h
[12.447s] -- Installing: /home/jmj/dream_ws/install/autoware_map_msgs/include/autoware_map_msgs/autoware_map_msgs/msg/detail/map_projector_info__type_support.h
[12.447s] -- Installing: /home/jmj/dream_ws/install/autoware_map_msgs/include/autoware_map_msgs/autoware_map_msgs/msg/detail/point_cloud_map_cell_with_id__functions.c
[12.447s] -- Installing: /home/jmj/dream_ws/install/autoware_map_msgs/include/autoware_map_msgs/autoware_map_msgs/msg/detail/point_cloud_map_meta_data__functions.c
[12.447s] -- Installing: /home/jmj/dream_ws/install/autoware_map_msgs/include/autoware_map_msgs/autoware_map_msgs/msg/detail/point_cloud_map_cell_meta_data_with_id__functions.h
[12.447s] -- Installing: /home/jmj/dream_ws/install/autoware_map_msgs/include/autoware_map_msgs/autoware_map_msgs/msg/detail/point_cloud_map_cell_meta_data__struct.h
[12.447s] -- Installing: /home/jmj/dream_ws/install/autoware_map_msgs/include/autoware_map_msgs/autoware_map_msgs/msg/detail/lanelet_map_meta_data__functions.h
[12.447s] -- Installing: /home/jmj/dream_ws/install/autoware_map_msgs/include/autoware_map_msgs/autoware_map_msgs/msg/detail/point_cloud_map_cell_meta_data__functions.h
[12.447s] -- Installing: /home/jmj/dream_ws/install/autoware_map_msgs/include/autoware_map_msgs/autoware_map_msgs/msg/detail/lanelet_map_bin__functions.h
[12.447s] -- Installing: /home/jmj/dream_ws/install/autoware_map_msgs/include/autoware_map_msgs/autoware_map_msgs/msg/detail/point_cloud_map_cell_meta_data__type_support.h
[12.447s] -- Installing: /home/jmj/dream_ws/install/autoware_map_msgs/include/autoware_map_msgs/autoware_map_msgs/msg/detail/point_cloud_map_cell_meta_data_with_id__functions.c
[12.447s] -- Installing: /home/jmj/dream_ws/install/autoware_map_msgs/include/autoware_map_msgs/autoware_map_msgs/msg/detail/point_cloud_map_cell_meta_data_with_id__type_support.h
[12.447s] -- Installing: /home/jmj/dream_ws/install/autoware_map_msgs/include/autoware_map_msgs/autoware_map_msgs/msg/detail/lanelet_map_cell_meta_data__functions.h
[12.447s] -- Installing: /home/jmj/dream_ws/install/autoware_map_msgs/include/autoware_map_msgs/autoware_map_msgs/msg/detail/lanelet_map_bin__type_support.h
[12.447s] -- Installing: /home/jmj/dream_ws/install/autoware_map_msgs/include/autoware_map_msgs/autoware_map_msgs/msg/detail/point_cloud_map_meta_data__struct.h
[12.447s] -- Installing: /home/jmj/dream_ws/install/autoware_map_msgs/include/autoware_map_msgs/autoware_map_msgs/msg/detail/point_cloud_map_cell_with_id__functions.h
[12.447s] -- Installing: /home/jmj/dream_ws/install/autoware_map_msgs/include/autoware_map_msgs/autoware_map_msgs/msg/detail/area_info__functions.c
[12.447s] -- Installing: /home/jmj/dream_ws/install/autoware_map_msgs/include/autoware_map_msgs/autoware_map_msgs/msg/detail/point_cloud_map_cell_meta_data_with_id__struct.h
[12.447s] -- Installing: /home/jmj/dream_ws/install/autoware_map_msgs/include/autoware_map_msgs/autoware_map_msgs/msg/detail/lanelet_map_bin__functions.c
[12.447s] -- Installing: /home/jmj/dream_ws/install/autoware_map_msgs/include/autoware_map_msgs/autoware_map_msgs/msg/detail/lanelet_map_cell_meta_data__type_support.h
[12.448s] -- Installing: /home/jmj/dream_ws/install/autoware_map_msgs/include/autoware_map_msgs/autoware_map_msgs/msg/detail/point_cloud_map_cell_with_id__type_support.h
[12.448s] -- Installing: /home/jmj/dream_ws/install/autoware_map_msgs/include/autoware_map_msgs/autoware_map_msgs/msg/detail/map_projector_info__struct.h
[12.448s] -- Installing: /home/jmj/dream_ws/install/autoware_map_msgs/include/autoware_map_msgs/autoware_map_msgs/msg/detail/lanelet_map_meta_data__type_support.h
[12.448s] -- Installing: /home/jmj/dream_ws/install/autoware_map_msgs/include/autoware_map_msgs/autoware_map_msgs/msg/detail/map_projector_info__functions.c
[12.448s] -- Installing: /home/jmj/dream_ws/install/autoware_map_msgs/include/autoware_map_msgs/autoware_map_msgs/msg/detail/area_info__functions.h
[12.448s] -- Installing: /home/jmj/dream_ws/install/autoware_map_msgs/include/autoware_map_msgs/autoware_map_msgs/msg/detail/point_cloud_map_cell_meta_data__functions.c
[12.448s] -- Installing: /home/jmj/dream_ws/install/autoware_map_msgs/include/autoware_map_msgs/autoware_map_msgs/msg/detail/lanelet_map_bin__struct.h
[12.448s] -- Installing: /home/jmj/dream_ws/install/autoware_map_msgs/include/autoware_map_msgs/autoware_map_msgs/msg/detail/lanelet_map_cell_meta_data__struct.h
[12.448s] -- Installing: /home/jmj/dream_ws/install/autoware_map_msgs/include/autoware_map_msgs/autoware_map_msgs/msg/detail/area_info__type_support.h
[12.448s] -- Installing: /home/jmj/dream_ws/install/autoware_map_msgs/include/autoware_map_msgs/autoware_map_msgs/msg/detail/point_cloud_map_cell_with_id__struct.h
[12.448s] -- Installing: /home/jmj/dream_ws/install/autoware_map_msgs/include/autoware_map_msgs/autoware_map_msgs/msg/lanelet_map_cell_meta_data.h
[12.448s] -- Installing: /home/jmj/dream_ws/install/autoware_map_msgs/include/autoware_map_msgs/autoware_map_msgs/msg/lanelet_map_bin.h
[12.448s] -- Installing: /home/jmj/dream_ws/install/autoware_map_msgs/include/autoware_map_msgs/autoware_map_msgs/msg/point_cloud_map_cell_meta_data.h
[12.448s] -- Installing: /home/jmj/dream_ws/install/autoware_map_msgs/include/autoware_map_msgs/autoware_map_msgs/msg/point_cloud_map_cell_meta_data_with_id.h
[12.448s] -- Installing: /home/jmj/dream_ws/install/autoware_map_msgs/include/autoware_map_msgs/autoware_map_msgs/msg/lanelet_map_meta_data.h
[12.448s] -- Installing: /home/jmj/dream_ws/install/autoware_map_msgs/include/autoware_map_msgs/autoware_map_msgs/msg/map_projector_info.h
[12.448s] -- Installing: /home/jmj/dream_ws/install/autoware_map_msgs/include/autoware_map_msgs/autoware_map_msgs/msg/point_cloud_map_meta_data.h
[12.448s] -- Installing: /home/jmj/dream_ws/install/autoware_map_msgs/share/autoware_map_msgs/environment/library_path.sh
[12.448s] -- Installing: /home/jmj/dream_ws/install/autoware_map_msgs/share/autoware_map_msgs/environment/library_path.dsv
[12.448s] -- Installing: /home/jmj/dream_ws/install/autoware_map_msgs/lib/libautoware_map_msgs__rosidl_generator_c.so
[12.448s] -- Set runtime path of "/home/jmj/dream_ws/install/autoware_map_msgs/lib/libautoware_map_msgs__rosidl_generator_c.so" to ""
[12.448s] -- Up-to-date: /home/jmj/dream_ws/install/autoware_map_msgs/include/autoware_map_msgs/autoware_map_msgs
[12.449s] -- Up-to-date: /home/jmj/dream_ws/install/autoware_map_msgs/include/autoware_map_msgs/autoware_map_msgs/srv
[12.449s] -- Up-to-date: /home/jmj/dream_ws/install/autoware_map_msgs/include/autoware_map_msgs/autoware_map_msgs/srv/detail
[12.449s] -- Installing: /home/jmj/dream_ws/install/autoware_map_msgs/include/autoware_map_msgs/autoware_map_msgs/srv/detail/get_partial_point_cloud_map__rosidl_typesupport_fastrtps_c.h
[12.449s] -- Installing: /home/jmj/dream_ws/install/autoware_map_msgs/include/autoware_map_msgs/autoware_map_msgs/srv/detail/get_selected_point_cloud_map__rosidl_typesupport_fastrtps_c.h
[12.449s] -- Installing: /home/jmj/dream_ws/install/autoware_map_msgs/include/autoware_map_msgs/autoware_map_msgs/srv/detail/get_selected_lanelet2_map__rosidl_typesupport_fastrtps_c.h
[12.449s] -- Installing: /home/jmj/dream_ws/install/autoware_map_msgs/include/autoware_map_msgs/autoware_map_msgs/srv/detail/get_differential_point_cloud_map__rosidl_typesupport_fastrtps_c.h
[12.449s] -- Up-to-date: /home/jmj/dream_ws/install/autoware_map_msgs/include/autoware_map_msgs/autoware_map_msgs/msg
[12.449s] -- Up-to-date: /home/jmj/dream_ws/install/autoware_map_msgs/include/autoware_map_msgs/autoware_map_msgs/msg/detail
[12.449s] -- Installing: /home/jmj/dream_ws/install/autoware_map_msgs/include/autoware_map_msgs/autoware_map_msgs/msg/detail/map_projector_info__rosidl_typesupport_fastrtps_c.h
[12.449s] -- Installing: /home/jmj/dream_ws/install/autoware_map_msgs/include/autoware_map_msgs/autoware_map_msgs/msg/detail/lanelet_map_bin__rosidl_typesupport_fastrtps_c.h
[12.449s] -- Installing: /home/jmj/dream_ws/install/autoware_map_msgs/include/autoware_map_msgs/autoware_map_msgs/msg/detail/lanelet_map_meta_data__rosidl_typesupport_fastrtps_c.h
[12.449s] -- Installing: /home/jmj/dream_ws/install/autoware_map_msgs/include/autoware_map_msgs/autoware_map_msgs/msg/detail/point_cloud_map_cell_meta_data_with_id__rosidl_typesupport_fastrtps_c.h
[12.449s] -- Installing: /home/jmj/dream_ws/install/autoware_map_msgs/include/autoware_map_msgs/autoware_map_msgs/msg/detail/point_cloud_map_meta_data__rosidl_typesupport_fastrtps_c.h
[12.449s] -- Installing: /home/jmj/dream_ws/install/autoware_map_msgs/include/autoware_map_msgs/autoware_map_msgs/msg/detail/lanelet_map_cell_meta_data__rosidl_typesupport_fastrtps_c.h
[12.449s] -- Installing: /home/jmj/dream_ws/install/autoware_map_msgs/include/autoware_map_msgs/autoware_map_msgs/msg/detail/area_info__rosidl_typesupport_fastrtps_c.h
[12.449s] -- Installing: /home/jmj/dream_ws/install/autoware_map_msgs/include/autoware_map_msgs/autoware_map_msgs/msg/detail/point_cloud_map_cell_meta_data__rosidl_typesupport_fastrtps_c.h
[12.449s] -- Installing: /home/jmj/dream_ws/install/autoware_map_msgs/include/autoware_map_msgs/autoware_map_msgs/msg/detail/point_cloud_map_cell_with_id__rosidl_typesupport_fastrtps_c.h
[12.449s] -- Installing: /home/jmj/dream_ws/install/autoware_map_msgs/include/autoware_map_msgs/autoware_map_msgs/msg/rosidl_typesupport_fastrtps_c__visibility_control.h
[12.449s] -- Installing: /home/jmj/dream_ws/install/autoware_map_msgs/lib/libautoware_map_msgs__rosidl_typesupport_fastrtps_c.so
[12.449s] -- Set runtime path of "/home/jmj/dream_ws/install/autoware_map_msgs/lib/libautoware_map_msgs__rosidl_typesupport_fastrtps_c.so" to ""
[12.449s] -- Up-to-date: /home/jmj/dream_ws/install/autoware_map_msgs/include/autoware_map_msgs/autoware_map_msgs
[12.449s] -- Up-to-date: /home/jmj/dream_ws/install/autoware_map_msgs/include/autoware_map_msgs/autoware_map_msgs/srv
[12.449s] -- Up-to-date: /home/jmj/dream_ws/install/autoware_map_msgs/include/autoware_map_msgs/autoware_map_msgs/srv/detail
[12.450s] -- Installing: /home/jmj/dream_ws/install/autoware_map_msgs/include/autoware_map_msgs/autoware_map_msgs/srv/detail/get_differential_point_cloud_map__type_support.hpp
[12.450s] -- Installing: /home/jmj/dream_ws/install/autoware_map_msgs/include/autoware_map_msgs/autoware_map_msgs/srv/detail/get_selected_lanelet2_map__type_support.hpp
[12.450s] -- Installing: /home/jmj/dream_ws/install/autoware_map_msgs/include/autoware_map_msgs/autoware_map_msgs/srv/detail/get_partial_point_cloud_map__type_support.hpp
[12.450s] -- Installing: /home/jmj/dream_ws/install/autoware_map_msgs/include/autoware_map_msgs/autoware_map_msgs/srv/detail/get_selected_lanelet2_map__builder.hpp
[12.450s] -- Installing: /home/jmj/dream_ws/install/autoware_map_msgs/include/autoware_map_msgs/autoware_map_msgs/srv/detail/get_selected_lanelet2_map__struct.hpp
[12.450s] -- Installing: /home/jmj/dream_ws/install/autoware_map_msgs/include/autoware_map_msgs/autoware_map_msgs/srv/detail/get_partial_point_cloud_map__struct.hpp
[12.450s] -- Installing: /home/jmj/dream_ws/install/autoware_map_msgs/include/autoware_map_msgs/autoware_map_msgs/srv/detail/get_selected_point_cloud_map__type_support.hpp
[12.450s] -- Installing: /home/jmj/dream_ws/install/autoware_map_msgs/include/autoware_map_msgs/autoware_map_msgs/srv/detail/get_selected_point_cloud_map__builder.hpp
[12.450s] -- Installing: /home/jmj/dream_ws/install/autoware_map_msgs/include/autoware_map_msgs/autoware_map_msgs/srv/detail/get_differential_point_cloud_map__struct.hpp
[12.450s] -- Installing: /home/jmj/dream_ws/install/autoware_map_msgs/include/autoware_map_msgs/autoware_map_msgs/srv/detail/get_selected_point_cloud_map__struct.hpp
[12.450s] -- Installing: /home/jmj/dream_ws/install/autoware_map_msgs/include/autoware_map_msgs/autoware_map_msgs/srv/detail/get_differential_point_cloud_map__traits.hpp
[12.450s] -- Installing: /home/jmj/dream_ws/install/autoware_map_msgs/include/autoware_map_msgs/autoware_map_msgs/srv/detail/get_selected_lanelet2_map__traits.hpp
[12.450s] -- Installing: /home/jmj/dream_ws/install/autoware_map_msgs/include/autoware_map_msgs/autoware_map_msgs/srv/detail/get_partial_point_cloud_map__builder.hpp
[12.450s] -- Installing: /home/jmj/dream_ws/install/autoware_map_msgs/include/autoware_map_msgs/autoware_map_msgs/srv/detail/get_partial_point_cloud_map__traits.hpp
[12.450s] -- Installing: /home/jmj/dream_ws/install/autoware_map_msgs/include/autoware_map_msgs/autoware_map_msgs/srv/detail/get_selected_point_cloud_map__traits.hpp
[12.450s] -- Installing: /home/jmj/dream_ws/install/autoware_map_msgs/include/autoware_map_msgs/autoware_map_msgs/srv/detail/get_differential_point_cloud_map__builder.hpp
[12.450s] -- Installing: /home/jmj/dream_ws/install/autoware_map_msgs/include/autoware_map_msgs/autoware_map_msgs/srv/get_selected_lanelet2_map.hpp
[12.450s] -- Installing: /home/jmj/dream_ws/install/autoware_map_msgs/include/autoware_map_msgs/autoware_map_msgs/srv/get_selected_point_cloud_map.hpp
[12.450s] -- Installing: /home/jmj/dream_ws/install/autoware_map_msgs/include/autoware_map_msgs/autoware_map_msgs/srv/get_differential_point_cloud_map.hpp
[12.450s] -- Installing: /home/jmj/dream_ws/install/autoware_map_msgs/include/autoware_map_msgs/autoware_map_msgs/srv/get_partial_point_cloud_map.hpp
[12.450s] -- Up-to-date: /home/jmj/dream_ws/install/autoware_map_msgs/include/autoware_map_msgs/autoware_map_msgs/msg
[12.451s] -- Installing: /home/jmj/dream_ws/install/autoware_map_msgs/include/autoware_map_msgs/autoware_map_msgs/msg/point_cloud_map_meta_data.hpp
[12.451s] -- Installing: /home/jmj/dream_ws/install/autoware_map_msgs/include/autoware_map_msgs/autoware_map_msgs/msg/point_cloud_map_cell_with_id.hpp
[12.451s] -- Installing: /home/jmj/dream_ws/install/autoware_map_msgs/include/autoware_map_msgs/autoware_map_msgs/msg/point_cloud_map_cell_meta_data_with_id.hpp
[12.451s] -- Installing: /home/jmj/dream_ws/install/autoware_map_msgs/include/autoware_map_msgs/autoware_map_msgs/msg/lanelet_map_meta_data.hpp
[12.451s] -- Up-to-date: /home/jmj/dream_ws/install/autoware_map_msgs/include/autoware_map_msgs/autoware_map_msgs/msg/detail
[12.451s] -- Installing: /home/jmj/dream_ws/install/autoware_map_msgs/include/autoware_map_msgs/autoware_map_msgs/msg/detail/lanelet_map_bin__builder.hpp
[12.451s] -- Installing: /home/jmj/dream_ws/install/autoware_map_msgs/include/autoware_map_msgs/autoware_map_msgs/msg/detail/area_info__struct.hpp
[12.451s] -- Installing: /home/jmj/dream_ws/install/autoware_map_msgs/include/autoware_map_msgs/autoware_map_msgs/msg/detail/lanelet_map_meta_data__traits.hpp
[12.451s] -- Installing: /home/jmj/dream_ws/install/autoware_map_msgs/include/autoware_map_msgs/autoware_map_msgs/msg/detail/lanelet_map_meta_data__builder.hpp
[12.451s] -- Installing: /home/jmj/dream_ws/install/autoware_map_msgs/include/autoware_map_msgs/autoware_map_msgs/msg/detail/map_projector_info__builder.hpp
[12.451s] -- Installing: /home/jmj/dream_ws/install/autoware_map_msgs/include/autoware_map_msgs/autoware_map_msgs/msg/detail/point_cloud_map_cell_meta_data_with_id__traits.hpp
[12.451s] -- Installing: /home/jmj/dream_ws/install/autoware_map_msgs/include/autoware_map_msgs/autoware_map_msgs/msg/detail/point_cloud_map_cell_with_id__traits.hpp
[12.451s] -- Installing: /home/jmj/dream_ws/install/autoware_map_msgs/include/autoware_map_msgs/autoware_map_msgs/msg/detail/point_cloud_map_meta_data__struct.hpp
[12.451s] -- Installing: /home/jmj/dream_ws/install/autoware_map_msgs/include/autoware_map_msgs/autoware_map_msgs/msg/detail/lanelet_map_meta_data__type_support.hpp
[12.451s] -- Installing: /home/jmj/dream_ws/install/autoware_map_msgs/include/autoware_map_msgs/autoware_map_msgs/msg/detail/point_cloud_map_cell_with_id__struct.hpp
[12.451s] -- Installing: /home/jmj/dream_ws/install/autoware_map_msgs/include/autoware_map_msgs/autoware_map_msgs/msg/detail/point_cloud_map_cell_meta_data__builder.hpp
[12.451s] -- Installing: /home/jmj/dream_ws/install/autoware_map_msgs/include/autoware_map_msgs/autoware_map_msgs/msg/detail/lanelet_map_cell_meta_data__traits.hpp
[12.451s] -- Installing: /home/jmj/dream_ws/install/autoware_map_msgs/include/autoware_map_msgs/autoware_map_msgs/msg/detail/lanelet_map_cell_meta_data__struct.hpp
[12.451s] -- Installing: /home/jmj/dream_ws/install/autoware_map_msgs/include/autoware_map_msgs/autoware_map_msgs/msg/detail/lanelet_map_bin__type_support.hpp
[12.451s] -- Installing: /home/jmj/dream_ws/install/autoware_map_msgs/include/autoware_map_msgs/autoware_map_msgs/msg/detail/map_projector_info__struct.hpp
[12.451s] -- Installing: /home/jmj/dream_ws/install/autoware_map_msgs/include/autoware_map_msgs/autoware_map_msgs/msg/detail/point_cloud_map_meta_data__traits.hpp
[12.451s] -- Installing: /home/jmj/dream_ws/install/autoware_map_msgs/include/autoware_map_msgs/autoware_map_msgs/msg/detail/point_cloud_map_cell_meta_data__traits.hpp
[12.452s] -- Installing: /home/jmj/dream_ws/install/autoware_map_msgs/include/autoware_map_msgs/autoware_map_msgs/msg/detail/map_projector_info__type_support.hpp
[12.452s] -- Installing: /home/jmj/dream_ws/install/autoware_map_msgs/include/autoware_map_msgs/autoware_map_msgs/msg/detail/area_info__builder.hpp
[12.452s] -- Installing: /home/jmj/dream_ws/install/autoware_map_msgs/include/autoware_map_msgs/autoware_map_msgs/msg/detail/lanelet_map_cell_meta_data__type_support.hpp
[12.452s] -- Installing: /home/jmj/dream_ws/install/autoware_map_msgs/include/autoware_map_msgs/autoware_map_msgs/msg/detail/lanelet_map_bin__struct.hpp
[12.452s] -- Installing: /home/jmj/dream_ws/install/autoware_map_msgs/include/autoware_map_msgs/autoware_map_msgs/msg/detail/point_cloud_map_cell_meta_data_with_id__struct.hpp
[12.452s] -- Installing: /home/jmj/dream_ws/install/autoware_map_msgs/include/autoware_map_msgs/autoware_map_msgs/msg/detail/point_cloud_map_meta_data__type_support.hpp
[12.452s] -- Installing: /home/jmj/dream_ws/install/autoware_map_msgs/include/autoware_map_msgs/autoware_map_msgs/msg/detail/lanelet_map_bin__traits.hpp
[12.452s] -- Installing: /home/jmj/dream_ws/install/autoware_map_msgs/include/autoware_map_msgs/autoware_map_msgs/msg/detail/area_info__type_support.hpp
[12.452s] -- Installing: /home/jmj/dream_ws/install/autoware_map_msgs/include/autoware_map_msgs/autoware_map_msgs/msg/detail/point_cloud_map_cell_with_id__type_support.hpp
[12.452s] -- Installing: /home/jmj/dream_ws/install/autoware_map_msgs/include/autoware_map_msgs/autoware_map_msgs/msg/detail/point_cloud_map_cell_meta_data__struct.hpp
[12.452s] -- Installing: /home/jmj/dream_ws/install/autoware_map_msgs/include/autoware_map_msgs/autoware_map_msgs/msg/detail/lanelet_map_cell_meta_data__builder.hpp
[12.452s] -- Installing: /home/jmj/dream_ws/install/autoware_map_msgs/include/autoware_map_msgs/autoware_map_msgs/msg/detail/lanelet_map_meta_data__struct.hpp
[12.452s] -- Installing: /home/jmj/dream_ws/install/autoware_map_msgs/include/autoware_map_msgs/autoware_map_msgs/msg/detail/area_info__traits.hpp
[12.452s] -- Installing: /home/jmj/dream_ws/install/autoware_map_msgs/include/autoware_map_msgs/autoware_map_msgs/msg/detail/point_cloud_map_cell_meta_data_with_id__type_support.hpp
[12.452s] -- Installing: /home/jmj/dream_ws/install/autoware_map_msgs/include/autoware_map_msgs/autoware_map_msgs/msg/detail/point_cloud_map_cell_meta_data__type_support.hpp
[12.452s] -- Installing: /home/jmj/dream_ws/install/autoware_map_msgs/include/autoware_map_msgs/autoware_map_msgs/msg/detail/point_cloud_map_cell_with_id__builder.hpp
[12.452s] -- Installing: /home/jmj/dream_ws/install/autoware_map_msgs/include/autoware_map_msgs/autoware_map_msgs/msg/detail/point_cloud_map_meta_data__builder.hpp
[12.452s] -- Installing: /home/jmj/dream_ws/install/autoware_map_msgs/include/autoware_map_msgs/autoware_map_msgs/msg/detail/point_cloud_map_cell_meta_data_with_id__builder.hpp
[12.452s] -- Installing: /home/jmj/dream_ws/install/autoware_map_msgs/include/autoware_map_msgs/autoware_map_msgs/msg/detail/map_projector_info__traits.hpp
[12.452s] -- Installing: /home/jmj/dream_ws/install/autoware_map_msgs/include/autoware_map_msgs/autoware_map_msgs/msg/point_cloud_map_cell_meta_data.hpp
[12.453s] -- Installing: /home/jmj/dream_ws/install/autoware_map_msgs/include/autoware_map_msgs/autoware_map_msgs/msg/map_projector_info.hpp
[12.453s] -- Installing: /home/jmj/dream_ws/install/autoware_map_msgs/include/autoware_map_msgs/autoware_map_msgs/msg/lanelet_map_cell_meta_data.hpp
[12.453s] -- Installing: /home/jmj/dream_ws/install/autoware_map_msgs/include/autoware_map_msgs/autoware_map_msgs/msg/area_info.hpp
[12.453s] -- Installing: /home/jmj/dream_ws/install/autoware_map_msgs/include/autoware_map_msgs/autoware_map_msgs/msg/rosidl_generator_cpp__visibility_control.hpp
[12.453s] -- Installing: /home/jmj/dream_ws/install/autoware_map_msgs/include/autoware_map_msgs/autoware_map_msgs/msg/lanelet_map_bin.hpp
[12.453s] -- Up-to-date: /home/jmj/dream_ws/install/autoware_map_msgs/include/autoware_map_msgs/autoware_map_msgs
[12.453s] -- Up-to-date: /home/jmj/dream_ws/install/autoware_map_msgs/include/autoware_map_msgs/autoware_map_msgs/srv
[12.453s] -- Up-to-date: /home/jmj/dream_ws/install/autoware_map_msgs/include/autoware_map_msgs/autoware_map_msgs/srv/detail
[12.453s] -- Installing: /home/jmj/dream_ws/install/autoware_map_msgs/include/autoware_map_msgs/autoware_map_msgs/srv/detail/dds_fastrtps
[12.453s] -- Installing: /home/jmj/dream_ws/install/autoware_map_msgs/include/autoware_map_msgs/autoware_map_msgs/srv/detail/get_selected_point_cloud_map__rosidl_typesupport_fastrtps_cpp.hpp
[12.453s] -- Installing: /home/jmj/dream_ws/install/autoware_map_msgs/include/autoware_map_msgs/autoware_map_msgs/srv/detail/get_differential_point_cloud_map__rosidl_typesupport_fastrtps_cpp.hpp
[12.453s] -- Installing: /home/jmj/dream_ws/install/autoware_map_msgs/include/autoware_map_msgs/autoware_map_msgs/srv/detail/get_partial_point_cloud_map__rosidl_typesupport_fastrtps_cpp.hpp
[12.453s] -- Installing: /home/jmj/dream_ws/install/autoware_map_msgs/include/autoware_map_msgs/autoware_map_msgs/srv/detail/get_selected_lanelet2_map__rosidl_typesupport_fastrtps_cpp.hpp
[12.453s] -- Up-to-date: /home/jmj/dream_ws/install/autoware_map_msgs/include/autoware_map_msgs/autoware_map_msgs/msg
[12.453s] -- Up-to-date: /home/jmj/dream_ws/install/autoware_map_msgs/include/autoware_map_msgs/autoware_map_msgs/msg/detail
[12.453s] -- Installing: /home/jmj/dream_ws/install/autoware_map_msgs/include/autoware_map_msgs/autoware_map_msgs/msg/detail/dds_fastrtps
[12.453s] -- Installing: /home/jmj/dream_ws/install/autoware_map_msgs/include/autoware_map_msgs/autoware_map_msgs/msg/detail/point_cloud_map_meta_data__rosidl_typesupport_fastrtps_cpp.hpp
[12.453s] -- Installing: /home/jmj/dream_ws/install/autoware_map_msgs/include/autoware_map_msgs/autoware_map_msgs/msg/detail/point_cloud_map_cell_with_id__rosidl_typesupport_fastrtps_cpp.hpp
[12.453s] -- Installing: /home/jmj/dream_ws/install/autoware_map_msgs/include/autoware_map_msgs/autoware_map_msgs/msg/detail/point_cloud_map_cell_meta_data_with_id__rosidl_typesupport_fastrtps_cpp.hpp
[12.453s] -- Installing: /home/jmj/dream_ws/install/autoware_map_msgs/include/autoware_map_msgs/autoware_map_msgs/msg/detail/map_projector_info__rosidl_typesupport_fastrtps_cpp.hpp
[12.453s] -- Installing: /home/jmj/dream_ws/install/autoware_map_msgs/include/autoware_map_msgs/autoware_map_msgs/msg/detail/lanelet_map_cell_meta_data__rosidl_typesupport_fastrtps_cpp.hpp
[12.453s] -- Installing: /home/jmj/dream_ws/install/autoware_map_msgs/include/autoware_map_msgs/autoware_map_msgs/msg/detail/point_cloud_map_cell_meta_data__rosidl_typesupport_fastrtps_cpp.hpp
[12.453s] -- Installing: /home/jmj/dream_ws/install/autoware_map_msgs/include/autoware_map_msgs/autoware_map_msgs/msg/detail/lanelet_map_meta_data__rosidl_typesupport_fastrtps_cpp.hpp
[12.453s] -- Installing: /home/jmj/dream_ws/install/autoware_map_msgs/include/autoware_map_msgs/autoware_map_msgs/msg/detail/area_info__rosidl_typesupport_fastrtps_cpp.hpp
[12.453s] -- Installing: /home/jmj/dream_ws/install/autoware_map_msgs/include/autoware_map_msgs/autoware_map_msgs/msg/detail/lanelet_map_bin__rosidl_typesupport_fastrtps_cpp.hpp
[12.453s] -- Installing: /home/jmj/dream_ws/install/autoware_map_msgs/include/autoware_map_msgs/autoware_map_msgs/msg/rosidl_typesupport_fastrtps_cpp__visibility_control.h
[12.453s] -- Installing: /home/jmj/dream_ws/install/autoware_map_msgs/lib/libautoware_map_msgs__rosidl_typesupport_fastrtps_cpp.so
[12.453s] -- Set runtime path of "/home/jmj/dream_ws/install/autoware_map_msgs/lib/libautoware_map_msgs__rosidl_typesupport_fastrtps_cpp.so" to ""
[12.453s] -- Up-to-date: /home/jmj/dream_ws/install/autoware_map_msgs/include/autoware_map_msgs/autoware_map_msgs
[12.453s] -- Up-to-date: /home/jmj/dream_ws/install/autoware_map_msgs/include/autoware_map_msgs/autoware_map_msgs/srv
[12.453s] -- Up-to-date: /home/jmj/dream_ws/install/autoware_map_msgs/include/autoware_map_msgs/autoware_map_msgs/srv/detail
[12.453s] -- Installing: /home/jmj/dream_ws/install/autoware_map_msgs/include/autoware_map_msgs/autoware_map_msgs/srv/detail/get_differential_point_cloud_map__rosidl_typesupport_introspection_c.h
[12.453s] -- Installing: /home/jmj/dream_ws/install/autoware_map_msgs/include/autoware_map_msgs/autoware_map_msgs/srv/detail/get_partial_point_cloud_map__rosidl_typesupport_introspection_c.h
[12.453s] -- Installing: /home/jmj/dream_ws/install/autoware_map_msgs/include/autoware_map_msgs/autoware_map_msgs/srv/detail/get_selected_point_cloud_map__type_support.c
[12.453s] -- Installing: /home/jmj/dream_ws/install/autoware_map_msgs/include/autoware_map_msgs/autoware_map_msgs/srv/detail/get_differential_point_cloud_map__type_support.c
[12.453s] -- Installing: /home/jmj/dream_ws/install/autoware_map_msgs/include/autoware_map_msgs/autoware_map_msgs/srv/detail/get_selected_lanelet2_map__rosidl_typesupport_introspection_c.h
[12.453s] -- Installing: /home/jmj/dream_ws/install/autoware_map_msgs/include/autoware_map_msgs/autoware_map_msgs/srv/detail/get_selected_lanelet2_map__type_support.c
[12.453s] -- Installing: /home/jmj/dream_ws/install/autoware_map_msgs/include/autoware_map_msgs/autoware_map_msgs/srv/detail/get_partial_point_cloud_map__type_support.c
[12.454s] -- Installing: /home/jmj/dream_ws/install/autoware_map_msgs/include/autoware_map_msgs/autoware_map_msgs/srv/detail/get_selected_point_cloud_map__rosidl_typesupport_introspection_c.h
[12.454s] -- Up-to-date: /home/jmj/dream_ws/install/autoware_map_msgs/include/autoware_map_msgs/autoware_map_msgs/msg
[12.454s] -- Up-to-date: /home/jmj/dream_ws/install/autoware_map_msgs/include/autoware_map_msgs/autoware_map_msgs/msg/detail
[12.454s] -- Installing: /home/jmj/dream_ws/install/autoware_map_msgs/include/autoware_map_msgs/autoware_map_msgs/msg/detail/point_cloud_map_cell_with_id__type_support.c
[12.454s] -- Installing: /home/jmj/dream_ws/install/autoware_map_msgs/include/autoware_map_msgs/autoware_map_msgs/msg/detail/point_cloud_map_meta_data__type_support.c
[12.454s] -- Installing: /home/jmj/dream_ws/install/autoware_map_msgs/include/autoware_map_msgs/autoware_map_msgs/msg/detail/lanelet_map_meta_data__type_support.c
[12.454s] -- Installing: /home/jmj/dream_ws/install/autoware_map_msgs/include/autoware_map_msgs/autoware_map_msgs/msg/detail/point_cloud_map_cell_with_id__rosidl_typesupport_introspection_c.h
[12.454s] -- Installing: /home/jmj/dream_ws/install/autoware_map_msgs/include/autoware_map_msgs/autoware_map_msgs/msg/detail/lanelet_map_bin__rosidl_typesupport_introspection_c.h
[12.454s] -- Installing: /home/jmj/dream_ws/install/autoware_map_msgs/include/autoware_map_msgs/autoware_map_msgs/msg/detail/point_cloud_map_cell_meta_data__type_support.c
[12.454s] -- Installing: /home/jmj/dream_ws/install/autoware_map_msgs/include/autoware_map_msgs/autoware_map_msgs/msg/detail/lanelet_map_bin__type_support.c
[12.454s] -- Installing: /home/jmj/dream_ws/install/autoware_map_msgs/include/autoware_map_msgs/autoware_map_msgs/msg/detail/area_info__type_support.c
[12.454s] -- Installing: /home/jmj/dream_ws/install/autoware_map_msgs/include/autoware_map_msgs/autoware_map_msgs/msg/detail/point_cloud_map_cell_meta_data__rosidl_typesupport_introspection_c.h
[12.454s] -- Installing: /home/jmj/dream_ws/install/autoware_map_msgs/include/autoware_map_msgs/autoware_map_msgs/msg/detail/point_cloud_map_cell_meta_data_with_id__rosidl_typesupport_introspection_c.h
[12.454s] -- Installing: /home/jmj/dream_ws/install/autoware_map_msgs/include/autoware_map_msgs/autoware_map_msgs/msg/detail/point_cloud_map_cell_meta_data_with_id__type_support.c
[12.454s] -- Installing: /home/jmj/dream_ws/install/autoware_map_msgs/include/autoware_map_msgs/autoware_map_msgs/msg/detail/map_projector_info__rosidl_typesupport_introspection_c.h
[12.454s] -- Installing: /home/jmj/dream_ws/install/autoware_map_msgs/include/autoware_map_msgs/autoware_map_msgs/msg/detail/lanelet_map_cell_meta_data__rosidl_typesupport_introspection_c.h
[12.454s] -- Installing: /home/jmj/dream_ws/install/autoware_map_msgs/include/autoware_map_msgs/autoware_map_msgs/msg/detail/point_cloud_map_meta_data__rosidl_typesupport_introspection_c.h
[12.454s] -- Installing: /home/jmj/dream_ws/install/autoware_map_msgs/include/autoware_map_msgs/autoware_map_msgs/msg/detail/area_info__rosidl_typesupport_introspection_c.h
[12.454s] -- Installing: /home/jmj/dream_ws/install/autoware_map_msgs/include/autoware_map_msgs/autoware_map_msgs/msg/detail/map_projector_info__type_support.c
[12.454s] -- Installing: /home/jmj/dream_ws/install/autoware_map_msgs/include/autoware_map_msgs/autoware_map_msgs/msg/detail/lanelet_map_meta_data__rosidl_typesupport_introspection_c.h
[12.454s] -- Installing: /home/jmj/dream_ws/install/autoware_map_msgs/include/autoware_map_msgs/autoware_map_msgs/msg/detail/lanelet_map_cell_meta_data__type_support.c
[12.454s] -- Installing: /home/jmj/dream_ws/install/autoware_map_msgs/include/autoware_map_msgs/autoware_map_msgs/msg/rosidl_typesupport_introspection_c__visibility_control.h
[12.454s] -- Installing: /home/jmj/dream_ws/install/autoware_map_msgs/lib/libautoware_map_msgs__rosidl_typesupport_introspection_c.so
[12.454s] -- Set runtime path of "/home/jmj/dream_ws/install/autoware_map_msgs/lib/libautoware_map_msgs__rosidl_typesupport_introspection_c.so" to ""
[12.454s] -- Installing: /home/jmj/dream_ws/install/autoware_map_msgs/lib/libautoware_map_msgs__rosidl_typesupport_c.so
[12.454s] -- Set runtime path of "/home/jmj/dream_ws/install/autoware_map_msgs/lib/libautoware_map_msgs__rosidl_typesupport_c.so" to ""
[12.454s] -- Up-to-date: /home/jmj/dream_ws/install/autoware_map_msgs/include/autoware_map_msgs/autoware_map_msgs
[12.454s] -- Up-to-date: /home/jmj/dream_ws/install/autoware_map_msgs/include/autoware_map_msgs/autoware_map_msgs/srv
[12.454s] -- Up-to-date: /home/jmj/dream_ws/install/autoware_map_msgs/include/autoware_map_msgs/autoware_map_msgs/srv/detail
[12.454s] -- Installing: /home/jmj/dream_ws/install/autoware_map_msgs/include/autoware_map_msgs/autoware_map_msgs/srv/detail/get_differential_point_cloud_map__rosidl_typesupport_introspection_cpp.hpp
[12.454s] -- Installing: /home/jmj/dream_ws/install/autoware_map_msgs/include/autoware_map_msgs/autoware_map_msgs/srv/detail/get_partial_point_cloud_map__rosidl_typesupport_introspection_cpp.hpp
[12.454s] -- Installing: /home/jmj/dream_ws/install/autoware_map_msgs/include/autoware_map_msgs/autoware_map_msgs/srv/detail/get_differential_point_cloud_map__type_support.cpp
[12.454s] -- Installing: /home/jmj/dream_ws/install/autoware_map_msgs/include/autoware_map_msgs/autoware_map_msgs/srv/detail/get_partial_point_cloud_map__type_support.cpp
[12.454s] -- Installing: /home/jmj/dream_ws/install/autoware_map_msgs/include/autoware_map_msgs/autoware_map_msgs/srv/detail/get_selected_point_cloud_map__rosidl_typesupport_introspection_cpp.hpp
[12.454s] -- Installing: /home/jmj/dream_ws/install/autoware_map_msgs/include/autoware_map_msgs/autoware_map_msgs/srv/detail/get_selected_lanelet2_map__rosidl_typesupport_introspection_cpp.hpp
[12.454s] -- Installing: /home/jmj/dream_ws/install/autoware_map_msgs/include/autoware_map_msgs/autoware_map_msgs/srv/detail/get_selected_lanelet2_map__type_support.cpp
[12.454s] -- Installing: /home/jmj/dream_ws/install/autoware_map_msgs/include/autoware_map_msgs/autoware_map_msgs/srv/detail/get_selected_point_cloud_map__type_support.cpp
[12.454s] -- Up-to-date: /home/jmj/dream_ws/install/autoware_map_msgs/include/autoware_map_msgs/autoware_map_msgs/msg
[12.454s] -- Up-to-date: /home/jmj/dream_ws/install/autoware_map_msgs/include/autoware_map_msgs/autoware_map_msgs/msg/detail
[12.455s] -- Installing: /home/jmj/dream_ws/install/autoware_map_msgs/include/autoware_map_msgs/autoware_map_msgs/msg/detail/lanelet_map_meta_data__type_support.cpp
[12.455s] -- Installing: /home/jmj/dream_ws/install/autoware_map_msgs/include/autoware_map_msgs/autoware_map_msgs/msg/detail/point_cloud_map_meta_data__type_support.cpp
[12.455s] -- Installing: /home/jmj/dream_ws/install/autoware_map_msgs/include/autoware_map_msgs/autoware_map_msgs/msg/detail/map_projector_info__rosidl_typesupport_introspection_cpp.hpp
[12.455s] -- Installing: /home/jmj/dream_ws/install/autoware_map_msgs/include/autoware_map_msgs/autoware_map_msgs/msg/detail/lanelet_map_bin__type_support.cpp
[12.455s] -- Installing: /home/jmj/dream_ws/install/autoware_map_msgs/include/autoware_map_msgs/autoware_map_msgs/msg/detail/lanelet_map_cell_meta_data__rosidl_typesupport_introspection_cpp.hpp
[12.455s] -- Installing: /home/jmj/dream_ws/install/autoware_map_msgs/include/autoware_map_msgs/autoware_map_msgs/msg/detail/point_cloud_map_meta_data__rosidl_typesupport_introspection_cpp.hpp
[12.455s] -- Installing: /home/jmj/dream_ws/install/autoware_map_msgs/include/autoware_map_msgs/autoware_map_msgs/msg/detail/point_cloud_map_cell_with_id__rosidl_typesupport_introspection_cpp.hpp
[12.455s] -- Installing: /home/jmj/dream_ws/install/autoware_map_msgs/include/autoware_map_msgs/autoware_map_msgs/msg/detail/point_cloud_map_cell_meta_data_with_id__rosidl_typesupport_introspection_cpp.hpp
[12.455s] -- Installing: /home/jmj/dream_ws/install/autoware_map_msgs/include/autoware_map_msgs/autoware_map_msgs/msg/detail/point_cloud_map_cell_meta_data__type_support.cpp
[12.455s] -- Installing: /home/jmj/dream_ws/install/autoware_map_msgs/include/autoware_map_msgs/autoware_map_msgs/msg/detail/point_cloud_map_cell_meta_data__rosidl_typesupport_introspection_cpp.hpp
[12.455s] -- Installing: /home/jmj/dream_ws/install/autoware_map_msgs/include/autoware_map_msgs/autoware_map_msgs/msg/detail/point_cloud_map_cell_with_id__type_support.cpp
[12.455s] -- Installing: /home/jmj/dream_ws/install/autoware_map_msgs/include/autoware_map_msgs/autoware_map_msgs/msg/detail/lanelet_map_bin__rosidl_typesupport_introspection_cpp.hpp
[12.455s] -- Installing: /home/jmj/dream_ws/install/autoware_map_msgs/include/autoware_map_msgs/autoware_map_msgs/msg/detail/lanelet_map_cell_meta_data__type_support.cpp
[12.455s] -- Installing: /home/jmj/dream_ws/install/autoware_map_msgs/include/autoware_map_msgs/autoware_map_msgs/msg/detail/map_projector_info__type_support.cpp
[12.455s] -- Installing: /home/jmj/dream_ws/install/autoware_map_msgs/include/autoware_map_msgs/autoware_map_msgs/msg/detail/area_info__type_support.cpp
[12.455s] -- Installing: /home/jmj/dream_ws/install/autoware_map_msgs/include/autoware_map_msgs/autoware_map_msgs/msg/detail/lanelet_map_meta_data__rosidl_typesupport_introspection_cpp.hpp
[12.455s] -- Installing: /home/jmj/dream_ws/install/autoware_map_msgs/include/autoware_map_msgs/autoware_map_msgs/msg/detail/point_cloud_map_cell_meta_data_with_id__type_support.cpp
[12.455s] -- Installing: /home/jmj/dream_ws/install/autoware_map_msgs/include/autoware_map_msgs/autoware_map_msgs/msg/detail/area_info__rosidl_typesupport_introspection_cpp.hpp
[12.455s] -- Installing: /home/jmj/dream_ws/install/autoware_map_msgs/lib/libautoware_map_msgs__rosidl_typesupport_introspection_cpp.so
[12.455s] -- Set runtime path of "/home/jmj/dream_ws/install/autoware_map_msgs/lib/libautoware_map_msgs__rosidl_typesupport_introspection_cpp.so" to ""
[12.456s] -- Installing: /home/jmj/dream_ws/install/autoware_map_msgs/lib/libautoware_map_msgs__rosidl_typesupport_cpp.so
[12.456s] -- Set runtime path of "/home/jmj/dream_ws/install/autoware_map_msgs/lib/libautoware_map_msgs__rosidl_typesupport_cpp.so" to ""
[12.456s] -- Installing: /home/jmj/dream_ws/install/autoware_map_msgs/share/autoware_map_msgs/environment/pythonpath.sh
[12.456s] -- Installing: /home/jmj/dream_ws/install/autoware_map_msgs/share/autoware_map_msgs/environment/pythonpath.dsv
[12.456s] -- Installing: /home/jmj/dream_ws/install/autoware_map_msgs/local/lib/python3.10/dist-packages/autoware_map_msgs-1.8.0-py3.10.egg-info
[12.456s] -- Installing: /home/jmj/dream_ws/install/autoware_map_msgs/local/lib/python3.10/dist-packages/autoware_map_msgs-1.8.0-py3.10.egg-info/dependency_links.txt
[12.456s] -- Installing: /home/jmj/dream_ws/install/autoware_map_msgs/local/lib/python3.10/dist-packages/autoware_map_msgs-1.8.0-py3.10.egg-info/top_level.txt
[12.456s] -- Installing: /home/jmj/dream_ws/install/autoware_map_msgs/local/lib/python3.10/dist-packages/autoware_map_msgs-1.8.0-py3.10.egg-info/PKG-INFO
[12.456s] -- Installing: /home/jmj/dream_ws/install/autoware_map_msgs/local/lib/python3.10/dist-packages/autoware_map_msgs-1.8.0-py3.10.egg-info/SOURCES.txt
[12.456s] -- Installing: /home/jmj/dream_ws/install/autoware_map_msgs/local/lib/python3.10/dist-packages/autoware_map_msgs
[12.456s] -- Installing: /home/jmj/dream_ws/install/autoware_map_msgs/local/lib/python3.10/dist-packages/autoware_map_msgs/_autoware_map_msgs_s.ep.rosidl_typesupport_introspection_c.c
[12.456s] -- Installing: /home/jmj/dream_ws/install/autoware_map_msgs/local/lib/python3.10/dist-packages/autoware_map_msgs/libautoware_map_msgs__rosidl_generator_py.so
[12.456s] -- Installing: /home/jmj/dream_ws/install/autoware_map_msgs/local/lib/python3.10/dist-packages/autoware_map_msgs/__init__.py
[12.456s] -- Installing: /home/jmj/dream_ws/install/autoware_map_msgs/local/lib/python3.10/dist-packages/autoware_map_msgs/autoware_map_msgs_s__rosidl_typesupport_fastrtps_c.cpython-310-x86_64-linux-gnu.so
[12.456s] -- Installing: /home/jmj/dream_ws/install/autoware_map_msgs/local/lib/python3.10/dist-packages/autoware_map_msgs/autoware_map_msgs_s__rosidl_typesupport_introspection_c.cpython-310-x86_64-linux-gnu.so
[12.456s] -- Installing: /home/jmj/dream_ws/install/autoware_map_msgs/local/lib/python3.10/dist-packages/autoware_map_msgs/srv
[12.456s] -- Installing: /home/jmj/dream_ws/install/autoware_map_msgs/local/lib/python3.10/dist-packages/autoware_map_msgs/srv/_get_selected_point_cloud_map_s.c
[12.456s] -- Installing: /home/jmj/dream_ws/install/autoware_map_msgs/local/lib/python3.10/dist-packages/autoware_map_msgs/srv/__init__.py
[12.456s] -- Installing: /home/jmj/dream_ws/install/autoware_map_msgs/local/lib/python3.10/dist-packages/autoware_map_msgs/srv/_get_selected_lanelet2_map.py
[12.457s] -- Installing: /home/jmj/dream_ws/install/autoware_map_msgs/local/lib/python3.10/dist-packages/autoware_map_msgs/srv/_get_selected_point_cloud_map.py
[12.457s] -- Installing: /home/jmj/dream_ws/install/autoware_map_msgs/local/lib/python3.10/dist-packages/autoware_map_msgs/srv/_get_partial_point_cloud_map.py
[12.457s] -- Installing: /home/jmj/dream_ws/install/autoware_map_msgs/local/lib/python3.10/dist-packages/autoware_map_msgs/srv/_get_differential_point_cloud_map_s.c
[12.457s] -- Installing: /home/jmj/dream_ws/install/autoware_map_msgs/local/lib/python3.10/dist-packages/autoware_map_msgs/srv/_get_partial_point_cloud_map_s.c
[12.457s] -- Installing: /home/jmj/dream_ws/install/autoware_map_msgs/local/lib/python3.10/dist-packages/autoware_map_msgs/srv/_get_differential_point_cloud_map.py
[12.457s] -- Installing: /home/jmj/dream_ws/install/autoware_map_msgs/local/lib/python3.10/dist-packages/autoware_map_msgs/srv/_get_selected_lanelet2_map_s.c
[12.457s] -- Installing: /home/jmj/dream_ws/install/autoware_map_msgs/local/lib/python3.10/dist-packages/autoware_map_msgs/autoware_map_msgs_s__rosidl_typesupport_c.cpython-310-x86_64-linux-gnu.so
[12.457s] -- Installing: /home/jmj/dream_ws/install/autoware_map_msgs/local/lib/python3.10/dist-packages/autoware_map_msgs/_autoware_map_msgs_s.ep.rosidl_typesupport_fastrtps_c.c
[12.457s] -- Installing: /home/jmj/dream_ws/install/autoware_map_msgs/local/lib/python3.10/dist-packages/autoware_map_msgs/_autoware_map_msgs_s.ep.rosidl_typesupport_c.c
[12.457s] -- Installing: /home/jmj/dream_ws/install/autoware_map_msgs/local/lib/python3.10/dist-packages/autoware_map_msgs/msg
[12.457s] -- Installing: /home/jmj/dream_ws/install/autoware_map_msgs/local/lib/python3.10/dist-packages/autoware_map_msgs/msg/_lanelet_map_meta_data.py
[12.457s] -- Installing: /home/jmj/dream_ws/install/autoware_map_msgs/local/lib/python3.10/dist-packages/autoware_map_msgs/msg/_point_cloud_map_cell_with_id_s.c
[12.457s] -- Installing: /home/jmj/dream_ws/install/autoware_map_msgs/local/lib/python3.10/dist-packages/autoware_map_msgs/msg/_point_cloud_map_cell_meta_data.py
[12.457s] -- Installing: /home/jmj/dream_ws/install/autoware_map_msgs/local/lib/python3.10/dist-packages/autoware_map_msgs/msg/__init__.py
[12.457s] -- Installing: /home/jmj/dream_ws/install/autoware_map_msgs/local/lib/python3.10/dist-packages/autoware_map_msgs/msg/_point_cloud_map_meta_data_s.c
[12.457s] -- Installing: /home/jmj/dream_ws/install/autoware_map_msgs/local/lib/python3.10/dist-packages/autoware_map_msgs/msg/_point_cloud_map_cell_meta_data_with_id.py
[12.457s] -- Installing: /home/jmj/dream_ws/install/autoware_map_msgs/local/lib/python3.10/dist-packages/autoware_map_msgs/msg/_lanelet_map_bin_s.c
[12.457s] -- Installing: /home/jmj/dream_ws/install/autoware_map_msgs/local/lib/python3.10/dist-packages/autoware_map_msgs/msg/_lanelet_map_cell_meta_data_s.c
[12.457s] -- Installing: /home/jmj/dream_ws/install/autoware_map_msgs/local/lib/python3.10/dist-packages/autoware_map_msgs/msg/_map_projector_info.py
[12.457s] -- Installing: /home/jmj/dream_ws/install/autoware_map_msgs/local/lib/python3.10/dist-packages/autoware_map_msgs/msg/_point_cloud_map_meta_data.py
[12.457s] -- Installing: /home/jmj/dream_ws/install/autoware_map_msgs/local/lib/python3.10/dist-packages/autoware_map_msgs/msg/_area_info.py
[12.457s] -- Installing: /home/jmj/dream_ws/install/autoware_map_msgs/local/lib/python3.10/dist-packages/autoware_map_msgs/msg/_lanelet_map_bin.py
[12.457s] -- Installing: /home/jmj/dream_ws/install/autoware_map_msgs/local/lib/python3.10/dist-packages/autoware_map_msgs/msg/_point_cloud_map_cell_meta_data_with_id_s.c
[12.457s] -- Installing: /home/jmj/dream_ws/install/autoware_map_msgs/local/lib/python3.10/dist-packages/autoware_map_msgs/msg/_point_cloud_map_cell_meta_data_s.c
[12.458s] -- Installing: /home/jmj/dream_ws/install/autoware_map_msgs/local/lib/python3.10/dist-packages/autoware_map_msgs/msg/_point_cloud_map_cell_with_id.py
[12.458s] -- Installing: /home/jmj/dream_ws/install/autoware_map_msgs/local/lib/python3.10/dist-packages/autoware_map_msgs/msg/_map_projector_info_s.c
[12.458s] -- Installing: /home/jmj/dream_ws/install/autoware_map_msgs/local/lib/python3.10/dist-packages/autoware_map_msgs/msg/_lanelet_map_cell_meta_data.py
[12.458s] -- Installing: /home/jmj/dream_ws/install/autoware_map_msgs/local/lib/python3.10/dist-packages/autoware_map_msgs/msg/_lanelet_map_meta_data_s.c
[12.458s] -- Installing: /home/jmj/dream_ws/install/autoware_map_msgs/local/lib/python3.10/dist-packages/autoware_map_msgs/msg/_area_info_s.c
[12.489s] Listing '/home/jmj/dream_ws/install/autoware_map_msgs/local/lib/python3.10/dist-packages/autoware_map_msgs'...
[12.489s] Compiling '/home/jmj/dream_ws/install/autoware_map_msgs/local/lib/python3.10/dist-packages/autoware_map_msgs/__init__.py'...
[12.489s] Listing '/home/jmj/dream_ws/install/autoware_map_msgs/local/lib/python3.10/dist-packages/autoware_map_msgs/msg'...
[12.489s] Compiling '/home/jmj/dream_ws/install/autoware_map_msgs/local/lib/python3.10/dist-packages/autoware_map_msgs/msg/__init__.py'...
[12.489s] Compiling '/home/jmj/dream_ws/install/autoware_map_msgs/local/lib/python3.10/dist-packages/autoware_map_msgs/msg/_area_info.py'...
[12.489s] Compiling '/home/jmj/dream_ws/install/autoware_map_msgs/local/lib/python3.10/dist-packages/autoware_map_msgs/msg/_lanelet_map_bin.py'...
[12.489s] Compiling '/home/jmj/dream_ws/install/autoware_map_msgs/local/lib/python3.10/dist-packages/autoware_map_msgs/msg/_lanelet_map_cell_meta_data.py'...
[12.489s] Compiling '/home/jmj/dream_ws/install/autoware_map_msgs/local/lib/python3.10/dist-packages/autoware_map_msgs/msg/_lanelet_map_meta_data.py'...
[12.489s] Compiling '/home/jmj/dream_ws/install/autoware_map_msgs/local/lib/python3.10/dist-packages/autoware_map_msgs/msg/_map_projector_info.py'...
[12.489s] Compiling '/home/jmj/dream_ws/install/autoware_map_msgs/local/lib/python3.10/dist-packages/autoware_map_msgs/msg/_point_cloud_map_cell_meta_data.py'...
[12.489s] Compiling '/home/jmj/dream_ws/install/autoware_map_msgs/local/lib/python3.10/dist-packages/autoware_map_msgs/msg/_point_cloud_map_cell_meta_data_with_id.py'...
[12.489s] Compiling '/home/jmj/dream_ws/install/autoware_map_msgs/local/lib/python3.10/dist-packages/autoware_map_msgs/msg/_point_cloud_map_cell_with_id.py'...
[12.489s] Compiling '/home/jmj/dream_ws/install/autoware_map_msgs/local/lib/python3.10/dist-packages/autoware_map_msgs/msg/_point_cloud_map_meta_data.py'...
[12.489s] Listing '/home/jmj/dream_ws/install/autoware_map_msgs/local/lib/python3.10/dist-packages/autoware_map_msgs/srv'...
[12.490s] Compiling '/home/jmj/dream_ws/install/autoware_map_msgs/local/lib/python3.10/dist-packages/autoware_map_msgs/srv/__init__.py'...
[12.490s] Compiling '/home/jmj/dream_ws/install/autoware_map_msgs/local/lib/python3.10/dist-packages/autoware_map_msgs/srv/_get_differential_point_cloud_map.py'...
[12.490s] Compiling '/home/jmj/dream_ws/install/autoware_map_msgs/local/lib/python3.10/dist-packages/autoware_map_msgs/srv/_get_partial_point_cloud_map.py'...
[12.490s] Compiling '/home/jmj/dream_ws/install/autoware_map_msgs/local/lib/python3.10/dist-packages/autoware_map_msgs/srv/_get_selected_lanelet2_map.py'...
[12.490s] Compiling '/home/jmj/dream_ws/install/autoware_map_msgs/local/lib/python3.10/dist-packages/autoware_map_msgs/srv/_get_selected_point_cloud_map.py'...
[12.492s] -- Installing: /home/jmj/dream_ws/install/autoware_map_msgs/local/lib/python3.10/dist-packages/autoware_map_msgs/autoware_map_msgs_s__rosidl_typesupport_fastrtps_c.cpython-310-x86_64-linux-gnu.so
[12.492s] -- Set runtime path of "/home/jmj/dream_ws/install/autoware_map_msgs/local/lib/python3.10/dist-packages/autoware_map_msgs/autoware_map_msgs_s__rosidl_typesupport_fastrtps_c.cpython-310-x86_64-linux-gnu.so" to ""
[12.492s] -- Installing: /home/jmj/dream_ws/install/autoware_map_msgs/local/lib/python3.10/dist-packages/autoware_map_msgs/autoware_map_msgs_s__rosidl_typesupport_introspection_c.cpython-310-x86_64-linux-gnu.so
[12.492s] -- Set runtime path of "/home/jmj/dream_ws/install/autoware_map_msgs/local/lib/python3.10/dist-packages/autoware_map_msgs/autoware_map_msgs_s__rosidl_typesupport_introspection_c.cpython-310-x86_64-linux-gnu.so" to ""
[12.493s] -- Installing: /home/jmj/dream_ws/install/autoware_map_msgs/local/lib/python3.10/dist-packages/autoware_map_msgs/autoware_map_msgs_s__rosidl_typesupport_c.cpython-310-x86_64-linux-gnu.so
[12.493s] -- Set runtime path of "/home/jmj/dream_ws/install/autoware_map_msgs/local/lib/python3.10/dist-packages/autoware_map_msgs/autoware_map_msgs_s__rosidl_typesupport_c.cpython-310-x86_64-linux-gnu.so" to ""
[12.493s] -- Installing: /home/jmj/dream_ws/install/autoware_map_msgs/lib/libautoware_map_msgs__rosidl_generator_py.so
[12.493s] -- Set runtime path of "/home/jmj/dream_ws/install/autoware_map_msgs/lib/libautoware_map_msgs__rosidl_generator_py.so" to ""
[12.493s] -- Installing: /home/jmj/dream_ws/install/autoware_map_msgs/share/autoware_map_msgs/msg/AreaInfo.idl
[12.493s] -- Installing: /home/jmj/dream_ws/install/autoware_map_msgs/share/autoware_map_msgs/msg/LaneletMapBin.idl
[12.493s] -- Installing: /home/jmj/dream_ws/install/autoware_map_msgs/share/autoware_map_msgs/msg/LaneletMapMetaData.idl
[12.493s] -- Installing: /home/jmj/dream_ws/install/autoware_map_msgs/share/autoware_map_msgs/msg/LaneletMapCellMetaData.idl
[12.493s] -- Installing: /home/jmj/dream_ws/install/autoware_map_msgs/share/autoware_map_msgs/msg/MapProjectorInfo.idl
[12.493s] -- Installing: /home/jmj/dream_ws/install/autoware_map_msgs/share/autoware_map_msgs/msg/PointCloudMapCellWithID.idl
[12.493s] -- Installing: /home/jmj/dream_ws/install/autoware_map_msgs/share/autoware_map_msgs/msg/PointCloudMapCellMetaData.idl
[12.493s] -- Installing: /home/jmj/dream_ws/install/autoware_map_msgs/share/autoware_map_msgs/msg/PointCloudMapCellMetaDataWithID.idl
[12.493s] -- Installing: /home/jmj/dream_ws/install/autoware_map_msgs/share/autoware_map_msgs/msg/PointCloudMapMetaData.idl
[12.493s] -- Installing: /home/jmj/dream_ws/install/autoware_map_msgs/share/autoware_map_msgs/srv/GetPartialPointCloudMap.idl
[12.494s] -- Installing: /home/jmj/dream_ws/install/autoware_map_msgs/share/autoware_map_msgs/srv/GetDifferentialPointCloudMap.idl
[12.494s] -- Installing: /home/jmj/dream_ws/install/autoware_map_msgs/share/autoware_map_msgs/srv/GetSelectedPointCloudMap.idl
[12.494s] -- Installing: /home/jmj/dream_ws/install/autoware_map_msgs/share/autoware_map_msgs/srv/GetSelectedLanelet2Map.idl
[12.494s] -- Installing: /home/jmj/dream_ws/install/autoware_map_msgs/share/autoware_map_msgs/msg/AreaInfo.msg
[12.494s] -- Installing: /home/jmj/dream_ws/install/autoware_map_msgs/share/autoware_map_msgs/msg/LaneletMapBin.msg
[12.494s] -- Installing: /home/jmj/dream_ws/install/autoware_map_msgs/share/autoware_map_msgs/msg/LaneletMapMetaData.msg
[12.494s] -- Installing: /home/jmj/dream_ws/install/autoware_map_msgs/share/autoware_map_msgs/msg/LaneletMapCellMetaData.msg
[12.494s] -- Installing: /home/jmj/dream_ws/install/autoware_map_msgs/share/autoware_map_msgs/msg/MapProjectorInfo.msg
[12.494s] -- Installing: /home/jmj/dream_ws/install/autoware_map_msgs/share/autoware_map_msgs/msg/PointCloudMapCellWithID.msg
[12.494s] -- Installing: /home/jmj/dream_ws/install/autoware_map_msgs/share/autoware_map_msgs/msg/PointCloudMapCellMetaData.msg
[12.494s] -- Installing: /home/jmj/dream_ws/install/autoware_map_msgs/share/autoware_map_msgs/msg/PointCloudMapCellMetaDataWithID.msg
[12.494s] -- Installing: /home/jmj/dream_ws/install/autoware_map_msgs/share/autoware_map_msgs/msg/PointCloudMapMetaData.msg
[12.494s] -- Installing: /home/jmj/dream_ws/install/autoware_map_msgs/share/autoware_map_msgs/srv/GetPartialPointCloudMap.srv
[12.494s] -- Installing: /home/jmj/dream_ws/install/autoware_map_msgs/share/autoware_map_msgs/srv/GetPartialPointCloudMap_Request.msg
[12.494s] -- Installing: /home/jmj/dream_ws/install/autoware_map_msgs/share/autoware_map_msgs/srv/GetPartialPointCloudMap_Response.msg
[12.494s] -- Installing: /home/jmj/dream_ws/install/autoware_map_msgs/share/autoware_map_msgs/srv/GetDifferentialPointCloudMap.srv
[12.494s] -- Installing: /home/jmj/dream_ws/install/autoware_map_msgs/share/autoware_map_msgs/srv/GetDifferentialPointCloudMap_Request.msg
[12.495s] -- Installing: /home/jmj/dream_ws/install/autoware_map_msgs/share/autoware_map_msgs/srv/GetDifferentialPointCloudMap_Response.msg
[12.495s] -- Installing: /home/jmj/dream_ws/install/autoware_map_msgs/share/autoware_map_msgs/srv/GetSelectedPointCloudMap.srv
[12.495s] -- Installing: /home/jmj/dream_ws/install/autoware_map_msgs/share/autoware_map_msgs/srv/GetSelectedPointCloudMap_Request.msg
[12.495s] -- Installing: /home/jmj/dream_ws/install/autoware_map_msgs/share/autoware_map_msgs/srv/GetSelectedPointCloudMap_Response.msg
[12.495s] -- Installing: /home/jmj/dream_ws/install/autoware_map_msgs/share/autoware_map_msgs/srv/GetSelectedLanelet2Map.srv
[12.495s] -- Installing: /home/jmj/dream_ws/install/autoware_map_msgs/share/autoware_map_msgs/srv/GetSelectedLanelet2Map_Request.msg
[12.495s] -- Installing: /home/jmj/dream_ws/install/autoware_map_msgs/share/autoware_map_msgs/srv/GetSelectedLanelet2Map_Response.msg
[12.495s] -- Installing: /home/jmj/dream_ws/install/autoware_map_msgs/share/ament_index/resource_index/package_run_dependencies/autoware_map_msgs
[12.495s] -- Installing: /home/jmj/dream_ws/install/autoware_map_msgs/share/ament_index/resource_index/parent_prefix_path/autoware_map_msgs
[12.495s] -- Installing: /home/jmj/dream_ws/install/autoware_map_msgs/share/autoware_map_msgs/environment/ament_prefix_path.sh
[12.495s] -- Installing: /home/jmj/dream_ws/install/autoware_map_msgs/share/autoware_map_msgs/environment/ament_prefix_path.dsv
[12.495s] -- Installing: /home/jmj/dream_ws/install/autoware_map_msgs/share/autoware_map_msgs/environment/path.sh
[12.495s] -- Installing: /home/jmj/dream_ws/install/autoware_map_msgs/share/autoware_map_msgs/environment/path.dsv
[12.495s] -- Installing: /home/jmj/dream_ws/install/autoware_map_msgs/share/autoware_map_msgs/local_setup.bash
[12.495s] -- Installing: /home/jmj/dream_ws/install/autoware_map_msgs/share/autoware_map_msgs/local_setup.sh
[12.495s] -- Installing: /home/jmj/dream_ws/install/autoware_map_msgs/share/autoware_map_msgs/local_setup.zsh
[12.495s] -- Installing: /home/jmj/dream_ws/install/autoware_map_msgs/share/autoware_map_msgs/local_setup.dsv
[12.496s] -- Installing: /home/jmj/dream_ws/install/autoware_map_msgs/share/autoware_map_msgs/package.dsv
[12.496s] -- Installing: /home/jmj/dream_ws/install/autoware_map_msgs/share/ament_index/resource_index/packages/autoware_map_msgs
[12.496s] -- Installing: /home/jmj/dream_ws/install/autoware_map_msgs/share/autoware_map_msgs/cmake/export_autoware_map_msgs__rosidl_generator_cExport.cmake
[12.496s] -- Installing: /home/jmj/dream_ws/install/autoware_map_msgs/share/autoware_map_msgs/cmake/export_autoware_map_msgs__rosidl_generator_cExport-noconfig.cmake
[12.496s] -- Installing: /home/jmj/dream_ws/install/autoware_map_msgs/share/autoware_map_msgs/cmake/export_autoware_map_msgs__rosidl_typesupport_fastrtps_cExport.cmake
[12.496s] -- Installing: /home/jmj/dream_ws/install/autoware_map_msgs/share/autoware_map_msgs/cmake/export_autoware_map_msgs__rosidl_typesupport_fastrtps_cExport-noconfig.cmake
[12.496s] -- Installing: /home/jmj/dream_ws/install/autoware_map_msgs/share/autoware_map_msgs/cmake/export_autoware_map_msgs__rosidl_generator_cppExport.cmake
[12.496s] -- Installing: /home/jmj/dream_ws/install/autoware_map_msgs/share/autoware_map_msgs/cmake/export_autoware_map_msgs__rosidl_typesupport_fastrtps_cppExport.cmake
[12.496s] -- Installing: /home/jmj/dream_ws/install/autoware_map_msgs/share/autoware_map_msgs/cmake/export_autoware_map_msgs__rosidl_typesupport_fastrtps_cppExport-noconfig.cmake
[12.496s] -- Installing: /home/jmj/dream_ws/install/autoware_map_msgs/share/autoware_map_msgs/cmake/autoware_map_msgs__rosidl_typesupport_introspection_cExport.cmake
[12.496s] -- Installing: /home/jmj/dream_ws/install/autoware_map_msgs/share/autoware_map_msgs/cmake/autoware_map_msgs__rosidl_typesupport_introspection_cExport-noconfig.cmake
[12.496s] -- Installing: /home/jmj/dream_ws/install/autoware_map_msgs/share/autoware_map_msgs/cmake/autoware_map_msgs__rosidl_typesupport_cExport.cmake
[12.496s] -- Installing: /home/jmj/dream_ws/install/autoware_map_msgs/share/autoware_map_msgs/cmake/autoware_map_msgs__rosidl_typesupport_cExport-noconfig.cmake
[12.496s] -- Installing: /home/jmj/dream_ws/install/autoware_map_msgs/share/autoware_map_msgs/cmake/autoware_map_msgs__rosidl_typesupport_introspection_cppExport.cmake
[12.496s] -- Installing: /home/jmj/dream_ws/install/autoware_map_msgs/share/autoware_map_msgs/cmake/autoware_map_msgs__rosidl_typesupport_introspection_cppExport-noconfig.cmake
[12.497s] -- Installing: /home/jmj/dream_ws/install/autoware_map_msgs/share/autoware_map_msgs/cmake/autoware_map_msgs__rosidl_typesupport_cppExport.cmake
[12.497s] -- Installing: /home/jmj/dream_ws/install/autoware_map_msgs/share/autoware_map_msgs/cmake/autoware_map_msgs__rosidl_typesupport_cppExport-noconfig.cmake
[12.497s] -- Installing: /home/jmj/dream_ws/install/autoware_map_msgs/share/autoware_map_msgs/cmake/export_autoware_map_msgs__rosidl_generator_pyExport.cmake
[12.497s] -- Installing: /home/jmj/dream_ws/install/autoware_map_msgs/share/autoware_map_msgs/cmake/export_autoware_map_msgs__rosidl_generator_pyExport-noconfig.cmake
[12.497s] -- Installing: /home/jmj/dream_ws/install/autoware_map_msgs/share/autoware_map_msgs/cmake/rosidl_cmake-extras.cmake
[12.497s] -- Installing: /home/jmj/dream_ws/install/autoware_map_msgs/share/autoware_map_msgs/cmake/ament_cmake_export_dependencies-extras.cmake
[12.497s] -- Installing: /home/jmj/dream_ws/install/autoware_map_msgs/share/autoware_map_msgs/cmake/ament_cmake_export_include_directories-extras.cmake
[12.497s] -- Installing: /home/jmj/dream_ws/install/autoware_map_msgs/share/autoware_map_msgs/cmake/ament_cmake_export_libraries-extras.cmake
[12.497s] -- Installing: /home/jmj/dream_ws/install/autoware_map_msgs/share/autoware_map_msgs/cmake/ament_cmake_export_targets-extras.cmake
[12.497s] -- Installing: /home/jmj/dream_ws/install/autoware_map_msgs/share/autoware_map_msgs/cmake/rosidl_cmake_export_typesupport_targets-extras.cmake
[12.497s] -- Installing: /home/jmj/dream_ws/install/autoware_map_msgs/share/autoware_map_msgs/cmake/rosidl_cmake_export_typesupport_libraries-extras.cmake
[12.497s] -- Installing: /home/jmj/dream_ws/install/autoware_map_msgs/share/autoware_map_msgs/cmake/autoware_map_msgsConfig.cmake
[12.497s] -- Installing: /home/jmj/dream_ws/install/autoware_map_msgs/share/autoware_map_msgs/cmake/autoware_map_msgsConfig-version.cmake
[12.497s] -- Installing: /home/jmj/dream_ws/install/autoware_map_msgs/share/autoware_map_msgs/package.xml
[12.499s] Invoked command in '/home/jmj/dream_ws/build/autoware_map_msgs' returned '0': CMAKE_PREFIX_PATH=${CMAKE_PREFIX_PATH}:/home/jmj/dream_ws/install/dream:/opt/ros/humble /usr/bin/cmake --install /home/jmj/dream_ws/build/autoware_map_msgs
